L 07/17/2020 - 00:16:42: [afk_manager4.smx] Player count for AFK Move minimum has been reached, feature is now enabled: sm_afk_move_min_players = 4 Current Players = 4
L 07/17/2020 - 00:31:54: [afk_manager4.smx] Player count for AFK Move minimum is below requirements, feature is now disabled: sm_afk_move_min_players = 4 Current Players = 1
L 07/17/2020 - 00:32:08: [afk_manager4.smx] Player count for AFK Move minimum has been reached, feature is now enabled: sm_afk_move_min_players = 4 Current Players = 4
L 07/17/2020 - 00:43:40: [afk_manager4.smx] Player count for AFK Kick minimum has been reached, feature is now enabled: sm_afk_kick_min_players = 6 Current Players = 6
L 07/17/2020 - 00:48:44: [afk_manager4.smx] Player count for AFK Kick minimum is below requirements, feature is now disabled: sm_afk_kick_min_players = 6 Current Players = 5
L 07/17/2020 - 00:48:47: [afk_manager4.smx] Player count for AFK Move minimum is below requirements, feature is now disabled: sm_afk_move_min_players = 4 Current Players = 3
L 07/17/2020 - 04:08:50: [afk_manager4.smx] Player count for AFK Move minimum has been reached, feature is now enabled: sm_afk_move_min_players = 4 Current Players = 4
L 07/17/2020 - 04:09:41: [afk_manager4.smx] Player count for AFK Kick minimum has been reached, feature is now enabled: sm_afk_kick_min_players = 6 Current Players = 6
L 07/17/2020 - 04:27:28: [afk_manager4.smx] Player count for AFK Move minimum is below requirements, feature is now disabled: sm_afk_move_min_players = 4 Current Players = 1
L 07/17/2020 - 04:27:28: [afk_manager4.smx] Player count for AFK Kick minimum is below requirements, feature is now disabled: sm_afk_kick_min_players = 6 Current Players = 1
L 07/17/2020 - 04:27:30: [afk_manager4.smx] Player count for AFK Move minimum has been reached, feature is now enabled: sm_afk_move_min_players = 4 Current Players = 4
L 07/17/2020 - 04:27:48: [afk_manager4.smx] Player count for AFK Kick minimum has been reached, feature is now enabled: sm_afk_kick_min_players = 6 Current Players = 6
L 07/17/2020 - 04:28:52: [afk_manager4.smx] ILJC Twizera<185><STEAM_1:0:221460753><> was moved to spectate for being AFK too long.
L 07/17/2020 - 04:36:21: [afk_manager4.smx] ILJC Twizera<185><STEAM_1:0:221460753><> was moved to spectate for being AFK too long.
L 07/17/2020 - 04:43:27: [afk_manager4.smx] ILJC Twizera<185><STEAM_1:0:221460753><> was moved to spectate for being AFK too long.
L 07/17/2020 - 04:44:48: [afk_manager4.smx] Player count for AFK Kick minimum is below requirements, feature is now disabled: sm_afk_kick_min_players = 6 Current Players = 5
L 07/17/2020 - 04:44:51: [afk_manager4.smx] Player count for AFK Move minimum is below requirements, feature is now disabled: sm_afk_move_min_players = 4 Current Players = 3
L 07/17/2020 - 05:30:06: [afk_manager4.smx] Player count for AFK Move minimum has been reached, feature is now enabled: sm_afk_move_min_players = 4 Current Players = 4
L 07/17/2020 - 05:30:44: [afk_manager4.smx] Player count for AFK Move minimum is below requirements, feature is now disabled: sm_afk_move_min_players = 4 Current Players = 1
L 07/17/2020 - 05:30:52: [afk_manager4.smx] Player count for AFK Move minimum has been reached, feature is now enabled: sm_afk_move_min_players = 4 Current Players = 4
L 07/17/2020 - 05:37:54: [afk_manager4.smx] ILJC Twizera<199><STEAM_1:0:221460753><> was moved to spectate for being AFK too long.
L 07/17/2020 - 05:47:19: [afk_manager4.smx] Player count for AFK Move minimum is below requirements, feature is now disabled: sm_afk_move_min_players = 4 Current Players = 1
L 07/17/2020 - 07:00:38: [afk_manager4.smx] Player count for AFK Move minimum has been reached, feature is now enabled: sm_afk_move_min_players = 4 Current Players = 4
L 07/17/2020 - 07:16:23: [afk_manager4.smx] Player count for AFK Move minimum is below requirements, feature is now disabled: sm_afk_move_min_players = 4 Current Players = 1
L 07/17/2020 - 07:16:27: [afk_manager4.smx] Player count for AFK Move minimum has been reached, feature is now enabled: sm_afk_move_min_players = 4 Current Players = 4
L 07/17/2020 - 07:21:28: [afk_manager4.smx] Player count for AFK Kick minimum has been reached, feature is now enabled: sm_afk_kick_min_players = 6 Current Players = 6
L 07/17/2020 - 07:33:32: [afk_manager4.smx] Player count for AFK Kick minimum is below requirements, feature is now disabled: sm_afk_kick_min_players = 6 Current Players = 5
L 07/17/2020 - 07:34:24: [afk_manager4.smx] Player count for AFK Move minimum is below requirements, feature is now disabled: sm_afk_move_min_players = 4 Current Players = 3
L 07/17/2020 - 11:49:47: [afk_manager4.smx] Player count for AFK Move minimum has been reached, feature is now enabled: sm_afk_move_min_players = 4 Current Players = 4
L 07/17/2020 - 11:50:05: [afk_manager4.smx] Player count for AFK Kick minimum has been reached, feature is now enabled: sm_afk_kick_min_players = 6 Current Players = 6
L 07/17/2020 - 12:06:02: [afk_manager4.smx] Player count for AFK Move minimum is below requirements, feature is now disabled: sm_afk_move_min_players = 4 Current Players = 1
L 07/17/2020 - 12:06:02: [afk_manager4.smx] Player count for AFK Kick minimum is below requirements, feature is now disabled: sm_afk_kick_min_players = 6 Current Players = 1
L 07/17/2020 - 12:06:12: [afk_manager4.smx] Player count for AFK Move minimum has been reached, feature is now enabled: sm_afk_move_min_players = 4 Current Players = 4
L 07/17/2020 - 12:06:32: [afk_manager4.smx] Player count for AFK Kick minimum has been reached, feature is now enabled: sm_afk_kick_min_players = 6 Current Players = 6
L 07/17/2020 - 12:10:11: [afk_manager4.smx] Player count for AFK Kick minimum is below requirements, feature is now disabled: sm_afk_kick_min_players = 6 Current Players = 5
L 07/17/2020 - 12:16:24: [afk_manager4.smx] Player count for AFK Kick minimum has been reached, feature is now enabled: sm_afk_kick_min_players = 6 Current Players = 6
L 07/17/2020 - 12:21:37: [afk_manager4.smx] Player count for AFK Kick minimum is below requirements, feature is now disabled: sm_afk_kick_min_players = 6 Current Players = 5
L 07/17/2020 - 12:22:43: [afk_manager4.smx] Player count for AFK Move minimum is below requirements, feature is now disabled: sm_afk_move_min_players = 4 Current Players = 3
L 07/17/2020 - 12:24:27: [afk_manager4.smx] Player count for AFK Move minimum has been reached, feature is now enabled: sm_afk_move_min_players = 4 Current Players = 4
L 07/17/2020 - 12:26:23: [afk_manager4.smx] insidious<229><STEAM_1:0:546720017><> was moved to spectate for being AFK too long.
L 07/17/2020 - 12:29:06: [afk_manager4.smx] Player count for AFK Kick minimum has been reached, feature is now enabled: sm_afk_kick_min_players = 6 Current Players = 6
L 07/17/2020 - 12:30:38: [afk_manager4.smx] saugustyn<244><STEAM_1:1:204828603><> was moved to spectate for being AFK too long.
L 07/17/2020 - 12:42:22: [afk_manager4.smx] Player count for AFK Move minimum is below requirements, feature is now disabled: sm_afk_move_min_players = 4 Current Players = 1
L 07/17/2020 - 12:42:22: [afk_manager4.smx] Player count for AFK Kick minimum is below requirements, feature is now disabled: sm_afk_kick_min_players = 6 Current Players = 1
L 07/17/2020 - 12:42:34: [afk_manager4.smx] Player count for AFK Move minimum has been reached, feature is now enabled: sm_afk_move_min_players = 4 Current Players = 4
L 07/17/2020 - 12:42:52: [afk_manager4.smx] Player count for AFK Kick minimum has been reached, feature is now enabled: sm_afk_kick_min_players = 6 Current Players = 6
L 07/17/2020 - 12:44:05: [afk_manager4.smx] SNAK3BIT3<247><STEAM_1:0:117783959><> was moved to spectate for being AFK too long.
L 07/17/2020 - 12:45:09: [afk_manager4.smx] SNAK3BIT3<247><STEAM_1:0:117783959><> was kicked for being AFK too long.
L 07/17/2020 - 12:57:16: [afk_manager4.smx] Makko_is_Wakko<256><STEAM_1:0:234782066><> was moved to spectate for being AFK too long.
L 07/17/2020 - 13:03:59: [afk_manager4.smx] Player count for AFK Move minimum is below requirements, feature is now disabled: sm_afk_move_min_players = 4 Current Players = 1
L 07/17/2020 - 13:03:59: [afk_manager4.smx] Player count for AFK Kick minimum is below requirements, feature is now disabled: sm_afk_kick_min_players = 6 Current Players = 1
L 07/17/2020 - 13:04:07: [afk_manager4.smx] Player count for AFK Move minimum has been reached, feature is now enabled: sm_afk_move_min_players = 4 Current Players = 4
L 07/17/2020 - 13:04:34: [afk_manager4.smx] Player count for AFK Kick minimum has been reached, feature is now enabled: sm_afk_kick_min_players = 6 Current Players = 6
L 07/17/2020 - 13:08:44: [afk_manager4.smx] Player count for AFK Kick minimum is below requirements, feature is now disabled: sm_afk_kick_min_players = 6 Current Players = 5
L 07/17/2020 - 13:08:51: [afk_manager4.smx] Player count for AFK Kick minimum has been reached, feature is now enabled: sm_afk_kick_min_players = 6 Current Players = 6
L 07/17/2020 - 13:23:09: [afk_manager4.smx] Player count for AFK Move minimum is below requirements, feature is now disabled: sm_afk_move_min_players = 4 Current Players = 1
L 07/17/2020 - 13:23:09: [afk_manager4.smx] Player count for AFK Kick minimum is below requirements, feature is now disabled: sm_afk_kick_min_players = 6 Current Players = 1
L 07/17/2020 - 13:23:13: [afk_manager4.smx] Player count for AFK Move minimum has been reached, feature is now enabled: sm_afk_move_min_players = 4 Current Players = 4
L 07/17/2020 - 13:23:19: [afk_manager4.smx] Player count for AFK Kick minimum has been reached, feature is now enabled: sm_afk_kick_min_players = 6 Current Players = 6
L 07/17/2020 - 13:30:11: [afk_manager4.smx] p1k3<257><STEAM_1:0:538031993><> was moved to spectate for being AFK too long.
L 07/17/2020 - 13:30:52: [afk_manager4.smx] Deadpool-Utinni.co<277><STEAM_1:1:463035729><> was moved to spectate for being AFK too long.
L 07/17/2020 - 13:31:28: [afk_manager4.smx] p1k3<257><STEAM_1:0:538031993><> was moved to spectate for being AFK too long.
L 07/17/2020 - 13:34:13: [afk_manager4.smx] p1k3<257><STEAM_1:0:538031993><> was kicked for being AFK too long.
L 07/17/2020 - 13:42:23: [afk_manager4.smx] Player count for AFK Kick minimum is below requirements, feature is now disabled: sm_afk_kick_min_players = 6 Current Players = 5
L 07/17/2020 - 13:42:38: [afk_manager4.smx] Player count for AFK Move minimum is below requirements, feature is now disabled: sm_afk_move_min_players = 4 Current Players = 1
L 07/17/2020 - 13:42:44: [afk_manager4.smx] Player count for AFK Move minimum has been reached, feature is now enabled: sm_afk_move_min_players = 4 Current Players = 4
L 07/17/2020 - 13:43:01: [afk_manager4.smx] Player count for AFK Kick minimum has been reached, feature is now enabled: sm_afk_kick_min_players = 6 Current Players = 6
L 07/17/2020 - 14:00:50: [afk_manager4.smx] Player count for AFK Move minimum is below requirements, feature is now disabled: sm_afk_move_min_players = 4 Current Players = 1
L 07/17/2020 - 14:00:50: [afk_manager4.smx] Player count for AFK Kick minimum is below requirements, feature is now disabled: sm_afk_kick_min_players = 6 Current Players = 1
L 07/17/2020 - 14:00:55: [afk_manager4.smx] Player count for AFK Move minimum has been reached, feature is now enabled: sm_afk_move_min_players = 4 Current Players = 4
L 07/17/2020 - 14:00:58: [afk_manager4.smx] Player count for AFK Kick minimum has been reached, feature is now enabled: sm_afk_kick_min_players = 6 Current Players = 6
L 07/17/2020 - 14:02:07: [afk_manager4.smx] insidious<229><STEAM_1:0:546720017><> was moved to spectate for being AFK too long.
L 07/17/2020 - 14:03:15: [afk_manager4.smx] insidious<229><STEAM_1:0:546720017><> was kicked for being AFK too long.
L 07/17/2020 - 14:14:02: [afk_manager4.smx] VorteX<296><STEAM_1:1:46685430><> was moved to spectate for being AFK too long.
L 07/17/2020 - 14:15:06: [afk_manager4.smx] VorteX<296><STEAM_1:1:46685430><> was kicked for being AFK too long.
L 07/17/2020 - 14:19:58: [afk_manager4.smx] Player count for AFK Move minimum is below requirements, feature is now disabled: sm_afk_move_min_players = 4 Current Players = 1
L 07/17/2020 - 14:19:58: [afk_manager4.smx] Player count for AFK Kick minimum is below requirements, feature is now disabled: sm_afk_kick_min_players = 6 Current Players = 1
L 07/17/2020 - 14:20:03: [afk_manager4.smx] Player count for AFK Move minimum has been reached, feature is now enabled: sm_afk_move_min_players = 4 Current Players = 4
L 07/17/2020 - 14:20:06: [afk_manager4.smx] Player count for AFK Kick minimum has been reached, feature is now enabled: sm_afk_kick_min_players = 6 Current Players = 6
L 07/17/2020 - 14:21:48: [afk_manager4.smx] SisLovesMe<294><STEAM_1:1:60435430><> was moved to spectate for being AFK too long.
L 07/17/2020 - 14:23:40: [afk_manager4.smx] SisLovesMe<294><STEAM_1:1:60435430><> was kicked for being AFK too long.
L 07/17/2020 - 14:38:08: [afk_manager4.smx] Player count for AFK Move minimum is below requirements, feature is now disabled: sm_afk_move_min_players = 4 Current Players = 1
L 07/17/2020 - 14:38:08: [afk_manager4.smx] Player count for AFK Kick minimum is below requirements, feature is now disabled: sm_afk_kick_min_players = 6 Current Players = 1
L 07/17/2020 - 14:38:14: [afk_manager4.smx] Player count for AFK Move minimum has been reached, feature is now enabled: sm_afk_move_min_players = 4 Current Players = 4
L 07/17/2020 - 14:38:21: [afk_manager4.smx] Player count for AFK Kick minimum has been reached, feature is now enabled: sm_afk_kick_min_players = 6 Current Players = 6
L 07/17/2020 - 14:46:32: [afk_manager4.smx] Player count for AFK Kick minimum is below requirements, feature is now disabled: sm_afk_kick_min_players = 6 Current Players = 5
L 07/17/2020 - 14:47:02: [afk_manager4.smx] Player count for AFK Move minimum is below requirements, feature is now disabled: sm_afk_move_min_players = 4 Current Players = 3
L 07/17/2020 - 15:20:52: [afk_manager4.smx] Player count for AFK Move minimum has been reached, feature is now enabled: sm_afk_move_min_players = 4 Current Players = 4
L 07/17/2020 - 15:23:18: [afk_manager4.smx] Player count for AFK Kick minimum has been reached, feature is now enabled: sm_afk_kick_min_players = 6 Current Players = 6
L 07/17/2020 - 15:24:33: [afk_manager4.smx] DₒᵥFᵣₒgZZy<319><STEAM_1:1:464441283><> was moved to spectate for being AFK too long.
L 07/17/2020 - 15:28:14: [afk_manager4.smx] Player count for AFK Move minimum is below requirements, feature is now disabled: sm_afk_move_min_players = 4 Current Players = 1
L 07/17/2020 - 15:28:14: [afk_manager4.smx] Player count for AFK Kick minimum is below requirements, feature is now disabled: sm_afk_kick_min_players = 6 Current Players = 1
L 07/17/2020 - 15:28:17: [afk_manager4.smx] Player count for AFK Move minimum has been reached, feature is now enabled: sm_afk_move_min_players = 4 Current Players = 4
L 07/17/2020 - 15:28:18: [afk_manager4.smx] Player count for AFK Kick minimum has been reached, feature is now enabled: sm_afk_kick_min_players = 6 Current Players = 6
L 07/17/2020 - 15:29:51: [afk_manager4.smx] ItsNate<318><STEAM_1:1:441435323><> was moved to spectate for being AFK too long.
L 07/17/2020 - 15:38:03: [afk_manager4.smx] Kony<316><STEAM_1:0:457347266><> was kicked for being AFK too long.
L 07/17/2020 - 15:47:00: [afk_manager4.smx] Player count for AFK Move minimum is below requirements, feature is now disabled: sm_afk_move_min_players = 4 Current Players = 1
L 07/17/2020 - 15:47:00: [afk_manager4.smx] Player count for AFK Kick minimum is below requirements, feature is now disabled: sm_afk_kick_min_players = 6 Current Players = 1
L 07/17/2020 - 15:47:01: [afk_manager4.smx] Player count for AFK Move minimum has been reached, feature is now enabled: sm_afk_move_min_players = 4 Current Players = 4
L 07/17/2020 - 15:47:04: [afk_manager4.smx] Player count for AFK Kick minimum has been reached, feature is now enabled: sm_afk_kick_min_players = 6 Current Players = 6
L 07/17/2020 - 16:06:33: [afk_manager4.smx] Player count for AFK Kick minimum is below requirements, feature is now disabled: sm_afk_kick_min_players = 6 Current Players = 5
L 07/17/2020 - 16:07:08: [afk_manager4.smx] Player count for AFK Move minimum is below requirements, feature is now disabled: sm_afk_move_min_players = 4 Current Players = 1
L 07/17/2020 - 16:10:03: [afk_manager4.smx] Player count for AFK Move minimum has been reached, feature is now enabled: sm_afk_move_min_players = 4 Current Players = 4
L 07/17/2020 - 16:13:22: [afk_manager4.smx] Player count for AFK Kick minimum has been reached, feature is now enabled: sm_afk_kick_min_players = 6 Current Players = 6
L 07/17/2020 - 16:29:04: [afk_manager4.smx] Player count for AFK Move minimum is below requirements, feature is now disabled: sm_afk_move_min_players = 4 Current Players = 1
L 07/17/2020 - 16:29:05: [afk_manager4.smx] Player count for AFK Kick minimum is below requirements, feature is now disabled: sm_afk_kick_min_players = 6 Current Players = 1
L 07/17/2020 - 16:29:08: [afk_manager4.smx] Player count for AFK Move minimum has been reached, feature is now enabled: sm_afk_move_min_players = 4 Current Players = 4
L 07/17/2020 - 16:29:14: [afk_manager4.smx] Player count for AFK Kick minimum has been reached, feature is now enabled: sm_afk_kick_min_players = 6 Current Players = 6
L 07/17/2020 - 16:49:42: [afk_manager4.smx] Player count for AFK Move minimum is below requirements, feature is now disabled: sm_afk_move_min_players = 4 Current Players = 1
L 07/17/2020 - 16:49:42: [afk_manager4.smx] Player count for AFK Kick minimum is below requirements, feature is now disabled: sm_afk_kick_min_players = 6 Current Players = 1
L 07/17/2020 - 16:49:45: [afk_manager4.smx] Player count for AFK Move minimum has been reached, feature is now enabled: sm_afk_move_min_players = 4 Current Players = 4
L 07/17/2020 - 16:49:46: [afk_manager4.smx] Player count for AFK Kick minimum has been reached, feature is now enabled: sm_afk_kick_min_players = 6 Current Players = 6
L 07/17/2020 - 17:08:28: [afk_manager4.smx] Player count for AFK Kick minimum is below requirements, feature is now disabled: sm_afk_kick_min_players = 6 Current Players = 5
L 07/17/2020 - 17:09:19: [afk_manager4.smx] Player count for AFK Move minimum is below requirements, feature is now disabled: sm_afk_move_min_players = 4 Current Players = 1
L 07/17/2020 - 17:13:01: [afk_manager4.smx] Player count for AFK Move minimum has been reached, feature is now enabled: sm_afk_move_min_players = 4 Current Players = 4
L 07/17/2020 - 17:14:46: [afk_manager4.smx] ben<363><STEAM_1:0:193296600><> was moved to spectate for being AFK too long.
L 07/17/2020 - 17:14:55: [afk_manager4.smx] Player count for AFK Kick minimum has been reached, feature is now enabled: sm_afk_kick_min_players = 6 Current Players = 6
L 07/17/2020 - 17:18:49: [afk_manager4.smx] MrMidnight<376><STEAM_1:1:35829247><> was moved to spectate for being AFK too long.
L 07/17/2020 - 17:19:57: [afk_manager4.smx] MrMidnight<376><STEAM_1:1:35829247><> was kicked for being AFK too long.
L 07/17/2020 - 17:26:07: [afk_manager4.smx] Player count for AFK Move minimum is below requirements, feature is now disabled: sm_afk_move_min_players = 4 Current Players = 1
L 07/17/2020 - 17:26:07: [afk_manager4.smx] Player count for AFK Kick minimum is below requirements, feature is now disabled: sm_afk_kick_min_players = 6 Current Players = 1
L 07/17/2020 - 17:26:10: [afk_manager4.smx] Player count for AFK Move minimum has been reached, feature is now enabled: sm_afk_move_min_players = 4 Current Players = 4
L 07/17/2020 - 17:26:11: [afk_manager4.smx] Player count for AFK Kick minimum has been reached, feature is now enabled: sm_afk_kick_min_players = 6 Current Players = 6
L 07/17/2020 - 17:27:27: [afk_manager4.smx] dræm<384><STEAM_1:1:523641412><> was moved to spectate for being AFK too long.
L 07/17/2020 - 17:28:35: [afk_manager4.smx] dræm<384><STEAM_1:1:523641412><> was kicked for being AFK too long.
L 07/17/2020 - 17:43:45: [afk_manager4.smx] Player count for AFK Move minimum is below requirements, feature is now disabled: sm_afk_move_min_players = 4 Current Players = 1
L 07/17/2020 - 17:43:45: [afk_manager4.smx] Player count for AFK Kick minimum is below requirements, feature is now disabled: sm_afk_kick_min_players = 6 Current Players = 1
L 07/17/2020 - 17:43:51: [afk_manager4.smx] Player count for AFK Move minimum has been reached, feature is now enabled: sm_afk_move_min_players = 4 Current Players = 4
L 07/17/2020 - 17:43:52: [afk_manager4.smx] Player count for AFK Kick minimum has been reached, feature is now enabled: sm_afk_kick_min_players = 6 Current Players = 6
L 07/17/2020 - 18:04:52: [afk_manager4.smx] Player count for AFK Move minimum is below requirements, feature is now disabled: sm_afk_move_min_players = 4 Current Players = 1
L 07/17/2020 - 18:04:52: [afk_manager4.smx] Player count for AFK Kick minimum is below requirements, feature is now disabled: sm_afk_kick_min_players = 6 Current Players = 1
L 07/17/2020 - 18:04:55: [afk_manager4.smx] Player count for AFK Move minimum has been reached, feature is now enabled: sm_afk_move_min_players = 4 Current Players = 4
L 07/17/2020 - 18:04:57: [afk_manager4.smx] Player count for AFK Kick minimum has been reached, feature is now enabled: sm_afk_kick_min_players = 6 Current Players = 6
L 07/17/2020 - 18:08:36: [afk_manager4.smx] blue<404><STEAM_1:0:155392032><> was moved to spectate for being AFK too long.
L 07/17/2020 - 18:09:44: [afk_manager4.smx] blue<404><STEAM_1:0:155392032><> was kicked for being AFK too long.
L 07/17/2020 - 18:16:23: [afk_manager4.smx] ILJC Twizera<408><STEAM_1:0:221460753><> was moved to spectate for being AFK too long.
L 07/17/2020 - 18:24:14: [afk_manager4.smx] Player count for AFK Move minimum is below requirements, feature is now disabled: sm_afk_move_min_players = 4 Current Players = 0
L 07/17/2020 - 18:24:14: [afk_manager4.smx] Player count for AFK Kick minimum is below requirements, feature is now disabled: sm_afk_kick_min_players = 6 Current Players = 0
L 07/17/2020 - 18:24:23: [afk_manager4.smx] Player count for AFK Move minimum has been reached, feature is now enabled: sm_afk_move_min_players = 4 Current Players = 4
L 07/17/2020 - 18:24:29: [afk_manager4.smx] Player count for AFK Kick minimum has been reached, feature is now enabled: sm_afk_kick_min_players = 6 Current Players = 6
L 07/17/2020 - 18:54:19: [afk_manager4.smx] PhysiX ^^<427><STEAM_1:1:181725576><> was kicked for being AFK too long.
L 07/17/2020 - 18:57:56: [afk_manager4.smx] lordofwaR™<438><STEAM_1:1:181367858><> was moved to spectate for being AFK too long.
L 07/17/2020 - 18:59:04: [afk_manager4.smx] lordofwaR™<438><STEAM_1:1:181367858><> was kicked for being AFK too long.
L 07/17/2020 - 19:01:05: [afk_manager4.smx] Player count for AFK Move minimum is below requirements, feature is now disabled: sm_afk_move_min_players = 4 Current Players = 1
L 07/17/2020 - 19:01:05: [afk_manager4.smx] Player count for AFK Kick minimum is below requirements, feature is now disabled: sm_afk_kick_min_players = 6 Current Players = 1
L 07/17/2020 - 19:01:13: [afk_manager4.smx] Player count for AFK Move minimum has been reached, feature is now enabled: sm_afk_move_min_players = 4 Current Players = 4
L 07/17/2020 - 19:01:19: [afk_manager4.smx] Player count for AFK Kick minimum has been reached, feature is now enabled: sm_afk_kick_min_players = 6 Current Players = 6
L 07/17/2020 - 19:19:46: [afk_manager4.smx] Player count for AFK Move minimum is below requirements, feature is now disabled: sm_afk_move_min_players = 4 Current Players = 1
L 07/17/2020 - 19:19:46: [afk_manager4.smx] Player count for AFK Kick minimum is below requirements, feature is now disabled: sm_afk_kick_min_players = 6 Current Players = 1
L 07/17/2020 - 19:19:51: [afk_manager4.smx] Player count for AFK Move minimum has been reached, feature is now enabled: sm_afk_move_min_players = 4 Current Players = 4
L 07/17/2020 - 19:19:56: [afk_manager4.smx] Player count for AFK Kick minimum has been reached, feature is now enabled: sm_afk_kick_min_players = 6 Current Players = 6
L 07/17/2020 - 19:41:03: [afk_manager4.smx] Player count for AFK Kick minimum is below requirements, feature is now disabled: sm_afk_kick_min_players = 6 Current Players = 5
L 07/17/2020 - 19:43:41: [afk_manager4.smx] Player count for AFK Kick minimum has been reached, feature is now enabled: sm_afk_kick_min_players = 6 Current Players = 6
L 07/17/2020 - 19:56:31: [afk_manager4.smx] Player count for AFK Kick minimum is below requirements, feature is now disabled: sm_afk_kick_min_players = 6 Current Players = 5
L 07/17/2020 - 19:56:56: [afk_manager4.smx] Player count for AFK Move minimum is below requirements, feature is now disabled: sm_afk_move_min_players = 4 Current Players = 1
L 07/17/2020 - 19:57:02: [afk_manager4.smx] Player count for AFK Move minimum has been reached, feature is now enabled: sm_afk_move_min_players = 4 Current Players = 4
L 07/17/2020 - 20:01:56: [afk_manager4.smx] Player count for AFK Kick minimum has been reached, feature is now enabled: sm_afk_kick_min_players = 6 Current Players = 6
L 07/17/2020 - 20:14:50: [afk_manager4.smx] Player count for AFK Move minimum is below requirements, feature is now disabled: sm_afk_move_min_players = 4 Current Players = 1
L 07/17/2020 - 20:14:50: [afk_manager4.smx] Player count for AFK Kick minimum is below requirements, feature is now disabled: sm_afk_kick_min_players = 6 Current Players = 1
L 07/17/2020 - 20:14:58: [afk_manager4.smx] Player count for AFK Move minimum has been reached, feature is now enabled: sm_afk_move_min_players = 4 Current Players = 4
L 07/17/2020 - 20:15:08: [afk_manager4.smx] Player count for AFK Kick minimum has been reached, feature is now enabled: sm_afk_kick_min_players = 6 Current Players = 6
L 07/17/2020 - 20:30:47: [afk_manager4.smx] Player count for AFK Kick minimum is below requirements, feature is now disabled: sm_afk_kick_min_players = 6 Current Players = 5
L 07/17/2020 - 20:31:10: [afk_manager4.smx] Player count for AFK Move minimum is below requirements, feature is now disabled: sm_afk_move_min_players = 4 Current Players = 3
L 07/17/2020 - 20:42:20: [afk_manager4.smx] Player count for AFK Move minimum has been reached, feature is now enabled: sm_afk_move_min_players = 4 Current Players = 4
L 07/17/2020 - 20:43:12: [afk_manager4.smx] Player count for AFK Kick minimum has been reached, feature is now enabled: sm_afk_kick_min_players = 6 Current Players = 6
L 07/17/2020 - 20:47:23: [afk_manager4.smx] Player count for AFK Kick minimum is below requirements, feature is now disabled: sm_afk_kick_min_players = 6 Current Players = 5
L 07/17/2020 - 20:48:01: [afk_manager4.smx] Player count for AFK Move minimum is below requirements, feature is now disabled: sm_afk_move_min_players = 4 Current Players = 3
L 07/17/2020 - 20:52:16: [afk_manager4.smx] Player count for AFK Move minimum has been reached, feature is now enabled: sm_afk_move_min_players = 4 Current Players = 4
L 07/17/2020 - 20:59:26: [afk_manager4.smx] Player count for AFK Kick minimum has been reached, feature is now enabled: sm_afk_kick_min_players = 6 Current Players = 6
L 07/17/2020 - 21:03:49: [afk_manager4.smx] 𝘚 𝘩 𝘢 𝘳 𝘬 𝘺<521><STEAM_1:0:444287830><> was moved to spectate for being AFK too long.
L 07/17/2020 - 21:04:53: [afk_manager4.smx] 𝘚 𝘩 𝘢 𝘳 𝘬 𝘺<521><STEAM_1:0:444287830><> was kicked for being AFK too long.
L 07/17/2020 - 21:05:37: [afk_manager4.smx] R3at_mvs<516><STEAM_1:0:181522717><> was moved to spectate for being AFK too long.
L 07/17/2020 - 21:09:08: [afk_manager4.smx] Player count for AFK Move minimum is below requirements, feature is now disabled: sm_afk_move_min_players = 4 Current Players = 1
L 07/17/2020 - 21:09:08: [afk_manager4.smx] Player count for AFK Kick minimum is below requirements, feature is now disabled: sm_afk_kick_min_players = 6 Current Players = 1
L 07/17/2020 - 21:09:10: [afk_manager4.smx] Player count for AFK Move minimum has been reached, feature is now enabled: sm_afk_move_min_players = 4 Current Players = 4
L 07/17/2020 - 21:09:11: [afk_manager4.smx] Player count for AFK Kick minimum has been reached, feature is now enabled: sm_afk_kick_min_players = 6 Current Players = 6
L 07/17/2020 - 21:16:06: [afk_manager4.smx] R3at_mvs<516><STEAM_1:0:181522717><> was moved to spectate for being AFK too long.
L 07/17/2020 - 21:18:26: [afk_manager4.smx] R3at_mvs<516><STEAM_1:0:181522717><> was moved to spectate for being AFK too long.
L 07/17/2020 - 21:28:19: [afk_manager4.smx] Player count for AFK Move minimum is below requirements, feature is now disabled: sm_afk_move_min_players = 4 Current Players = 1
L 07/17/2020 - 21:28:19: [afk_manager4.smx] Player count for AFK Kick minimum is below requirements, feature is now disabled: sm_afk_kick_min_players = 6 Current Players = 1
L 07/17/2020 - 21:28:21: [afk_manager4.smx] Player count for AFK Move minimum has been reached, feature is now enabled: sm_afk_move_min_players = 4 Current Players = 4
L 07/17/2020 - 21:28:23: [afk_manager4.smx] Player count for AFK Kick minimum has been reached, feature is now enabled: sm_afk_kick_min_players = 6 Current Players = 6
L 07/17/2020 - 21:48:38: [afk_manager4.smx] Player count for AFK Move minimum is below requirements, feature is now disabled: sm_afk_move_min_players = 4 Current Players = 1
L 07/17/2020 - 21:48:38: [afk_manager4.smx] Player count for AFK Kick minimum is below requirements, feature is now disabled: sm_afk_kick_min_players = 6 Current Players = 1
L 07/17/2020 - 21:48:39: [afk_manager4.smx] Player count for AFK Move minimum has been reached, feature is now enabled: sm_afk_move_min_players = 4 Current Players = 4
L 07/17/2020 - 21:49:05: [afk_manager4.smx] Player count for AFK Kick minimum has been reached, feature is now enabled: sm_afk_kick_min_players = 6 Current Players = 6
L 07/17/2020 - 22:06:45: [afk_manager4.smx] Player count for AFK Move minimum is below requirements, feature is now disabled: sm_afk_move_min_players = 4 Current Players = 1
L 07/17/2020 - 22:06:45: [afk_manager4.smx] Player count for AFK Kick minimum is below requirements, feature is now disabled: sm_afk_kick_min_players = 6 Current Players = 1
L 07/17/2020 - 22:06:48: [afk_manager4.smx] Player count for AFK Move minimum has been reached, feature is now enabled: sm_afk_move_min_players = 4 Current Players = 4
L 07/17/2020 - 22:06:54: [afk_manager4.smx] Player count for AFK Kick minimum has been reached, feature is now enabled: sm_afk_kick_min_players = 6 Current Players = 6
L 07/17/2020 - 22:25:03: [afk_manager4.smx] Player count for AFK Kick minimum is below requirements, feature is now disabled: sm_afk_kick_min_players = 6 Current Players = 5
L 07/17/2020 - 22:25:30: [afk_manager4.smx] Player count for AFK Move minimum is below requirements, feature is now disabled: sm_afk_move_min_players = 4 Current Players = 1
L 07/17/2020 - 22:26:17: [afk_manager4.smx] Player count for AFK Move minimum has been reached, feature is now enabled: sm_afk_move_min_players = 4 Current Players = 4
L 07/17/2020 - 22:28:18: [afk_manager4.smx] Player count for AFK Kick minimum has been reached, feature is now enabled: sm_afk_kick_min_players = 6 Current Players = 6
L 07/17/2020 - 22:32:23: [afk_manager4.smx] Player count for AFK Kick minimum is below requirements, feature is now disabled: sm_afk_kick_min_players = 6 Current Players = 5
L 07/17/2020 - 22:33:13: [afk_manager4.smx] Player count for AFK Kick minimum has been reached, feature is now enabled: sm_afk_kick_min_players = 6 Current Players = 6
L 07/17/2020 - 22:43:14: [afk_manager4.smx] Player count for AFK Move minimum is below requirements, feature is now disabled: sm_afk_move_min_players = 4 Current Players = 1
L 07/17/2020 - 22:43:14: [afk_manager4.smx] Player count for AFK Kick minimum is below requirements, feature is now disabled: sm_afk_kick_min_players = 6 Current Players = 1
L 07/17/2020 - 22:43:19: [afk_manager4.smx] Player count for AFK Move minimum has been reached, feature is now enabled: sm_afk_move_min_players = 4 Current Players = 4
L 07/17/2020 - 22:43:22: [afk_manager4.smx] Player count for AFK Kick minimum has been reached, feature is now enabled: sm_afk_kick_min_players = 6 Current Players = 6
L 07/17/2020 - 22:59:45: [afk_manager4.smx] Rivalz<574><STEAM_1:1:457007901><> was moved to spectate for being AFK too long.
L 07/17/2020 - 23:01:52: [afk_manager4.smx] Player count for AFK Move minimum is below requirements, feature is now disabled: sm_afk_move_min_players = 4 Current Players = 1
L 07/17/2020 - 23:01:52: [afk_manager4.smx] Player count for AFK Kick minimum is below requirements, feature is now disabled: sm_afk_kick_min_players = 6 Current Players = 1
L 07/17/2020 - 23:01:59: [afk_manager4.smx] Player count for AFK Move minimum has been reached, feature is now enabled: sm_afk_move_min_players = 4 Current Players = 4
L 07/17/2020 - 23:02:03: [afk_manager4.smx] Player count for AFK Kick minimum has been reached, feature is now enabled: sm_afk_kick_min_players = 6 Current Players = 6
L 07/17/2020 - 23:13:22: [afk_manager4.smx] Player count for AFK Kick minimum is below requirements, feature is now disabled: sm_afk_kick_min_players = 6 Current Players = 5
L 07/17/2020 - 23:15:30: [afk_manager4.smx] Player count for AFK Kick minimum has been reached, feature is now enabled: sm_afk_kick_min_players = 6 Current Players = 6
L 07/17/2020 - 23:21:35: [afk_manager4.smx] Player count for AFK Move minimum is below requirements, feature is now disabled: sm_afk_move_min_players = 4 Current Players = 1
L 07/17/2020 - 23:21:35: [afk_manager4.smx] Player count for AFK Kick minimum is below requirements, feature is now disabled: sm_afk_kick_min_players = 6 Current Players = 1
L 07/17/2020 - 23:21:39: [afk_manager4.smx] Player count for AFK Move minimum has been reached, feature is now enabled: sm_afk_move_min_players = 4 Current Players = 4
L 07/17/2020 - 23:21:42: [afk_manager4.smx] Player count for AFK Kick minimum has been reached, feature is now enabled: sm_afk_kick_min_players = 6 Current Players = 6
L 07/17/2020 - 23:41:34: [afk_manager4.smx] Player count for AFK Move minimum is below requirements, feature is now disabled: sm_afk_move_min_players = 4 Current Players = 1
L 07/17/2020 - 23:41:34: [afk_manager4.smx] Player count for AFK Kick minimum is below requirements, feature is now disabled: sm_afk_kick_min_players = 6 Current Players = 1
L 07/17/2020 - 23:41:40: [afk_manager4.smx] Player count for AFK Move minimum has been reached, feature is now enabled: sm_afk_move_min_players = 4 Current Players = 4
L 07/17/2020 - 23:41:41: [afk_manager4.smx] Player count for AFK Kick minimum has been reached, feature is now enabled: sm_afk_kick_min_players = 6 Current Players = 6
