L 05/18/2020 - 00:11:07: [afk_manager4.smx] Player count for AFK Move minimum is below requirements, feature is now disabled: sm_afk_move_min_players = 4 Current Players = 1
L 05/18/2020 - 00:11:07: [afk_manager4.smx] Player count for AFK Kick minimum is below requirements, feature is now disabled: sm_afk_kick_min_players = 6 Current Players = 1
L 05/18/2020 - 00:11:11: [afk_manager4.smx] Player count for AFK Move minimum has been reached, feature is now enabled: sm_afk_move_min_players = 4 Current Players = 4
L 05/18/2020 - 00:11:13: [afk_manager4.smx] Player count for AFK Kick minimum has been reached, feature is now enabled: sm_afk_kick_min_players = 6 Current Players = 6
L 05/18/2020 - 00:32:47: [afk_manager4.smx] Player count for AFK Move minimum is below requirements, feature is now disabled: sm_afk_move_min_players = 4 Current Players = 1
L 05/18/2020 - 00:32:47: [afk_manager4.smx] Player count for AFK Kick minimum is below requirements, feature is now disabled: sm_afk_kick_min_players = 6 Current Players = 1
L 05/18/2020 - 00:32:52: [afk_manager4.smx] Player count for AFK Move minimum has been reached, feature is now enabled: sm_afk_move_min_players = 4 Current Players = 4
L 05/18/2020 - 00:32:58: [afk_manager4.smx] Player count for AFK Kick minimum has been reached, feature is now enabled: sm_afk_kick_min_players = 6 Current Players = 6
L 05/18/2020 - 00:35:30: [afk_manager4.smx] Player count for AFK Kick minimum is below requirements, feature is now disabled: sm_afk_kick_min_players = 6 Current Players = 5
L 05/18/2020 - 00:40:02: [afk_manager4.smx] Player count for AFK Move minimum is below requirements, feature is now disabled: sm_afk_move_min_players = 4 Current Players = 3
L 05/18/2020 - 12:54:00: [afk_manager4.smx] Player count for AFK Move minimum has been reached, feature is now enabled: sm_afk_move_min_players = 4 Current Players = 4
L 05/18/2020 - 13:00:18: [afk_manager4.smx] Player count for AFK Move minimum is below requirements, feature is now disabled: sm_afk_move_min_players = 4 Current Players = 1
L 05/18/2020 - 13:01:28: [afk_manager4.smx] Player count for AFK Move minimum has been reached, feature is now enabled: sm_afk_move_min_players = 4 Current Players = 4
L 05/18/2020 - 13:02:19: [afk_manager4.smx] Player count for AFK Move minimum is below requirements, feature is now disabled: sm_afk_move_min_players = 4 Current Players = 1
L 05/18/2020 - 13:02:21: [afk_manager4.smx] Player count for AFK Move minimum has been reached, feature is now enabled: sm_afk_move_min_players = 4 Current Players = 4
L 05/18/2020 - 13:07:33: [afk_manager4.smx] Player count for AFK Kick minimum has been reached, feature is now enabled: sm_afk_kick_min_players = 6 Current Players = 6
L 05/18/2020 - 13:23:15: [afk_manager4.smx] Player count for AFK Move minimum is below requirements, feature is now disabled: sm_afk_move_min_players = 4 Current Players = 1
L 05/18/2020 - 13:23:15: [afk_manager4.smx] Player count for AFK Kick minimum is below requirements, feature is now disabled: sm_afk_kick_min_players = 6 Current Players = 1
L 05/18/2020 - 13:23:22: [afk_manager4.smx] Player count for AFK Move minimum has been reached, feature is now enabled: sm_afk_move_min_players = 4 Current Players = 4
L 05/18/2020 - 13:23:26: [afk_manager4.smx] Player count for AFK Kick minimum has been reached, feature is now enabled: sm_afk_kick_min_players = 6 Current Players = 6
L 05/18/2020 - 13:40:32: [afk_manager4.smx] Player count for AFK Move minimum is below requirements, feature is now disabled: sm_afk_move_min_players = 4 Current Players = 0
L 05/18/2020 - 13:40:32: [afk_manager4.smx] Player count for AFK Kick minimum is below requirements, feature is now disabled: sm_afk_kick_min_players = 6 Current Players = 0
L 05/18/2020 - 13:40:42: [afk_manager4.smx] Player count for AFK Move minimum has been reached, feature is now enabled: sm_afk_move_min_players = 4 Current Players = 4
L 05/18/2020 - 13:40:45: [afk_manager4.smx] Player count for AFK Kick minimum has been reached, feature is now enabled: sm_afk_kick_min_players = 6 Current Players = 6
L 05/18/2020 - 13:46:12: [afk_manager4.smx] IQ.| Mur -mur<5272><STEAM_1:1:198040644><> was moved to spectate for being AFK too long.
L 05/18/2020 - 13:48:04: [afk_manager4.smx] IQ.| Mur -mur<5272><STEAM_1:1:198040644><> was kicked for being AFK too long.
L 05/18/2020 - 13:48:04: [afk_manager4.smx] Player count for AFK Kick minimum is below requirements, feature is now disabled: sm_afk_kick_min_players = 6 Current Players = 5
L 05/18/2020 - 13:48:40: [afk_manager4.smx] Player count for AFK Move minimum is below requirements, feature is now disabled: sm_afk_move_min_players = 4 Current Players = 3
L 05/18/2020 - 13:53:09: [afk_manager4.smx] Player count for AFK Move minimum has been reached, feature is now enabled: sm_afk_move_min_players = 4 Current Players = 4
L 05/18/2020 - 13:54:46: [afk_manager4.smx] Player count for AFK Move minimum is below requirements, feature is now disabled: sm_afk_move_min_players = 4 Current Players = 3
L 05/18/2020 - 14:27:38: [afk_manager4.smx] Player count for AFK Move minimum has been reached, feature is now enabled: sm_afk_move_min_players = 4 Current Players = 4
L 05/18/2020 - 14:37:09: [afk_manager4.smx] Player count for AFK Kick minimum has been reached, feature is now enabled: sm_afk_kick_min_players = 6 Current Players = 6
L 05/18/2020 - 14:40:16: [afk_manager4.smx] eh lmao peeza haaaah wooooh<5299><STEAM_1:0:86805879><> was moved to spectate for being AFK too long.
L 05/18/2020 - 14:44:27: [afk_manager4.smx] Player count for AFK Move minimum is below requirements, feature is now disabled: sm_afk_move_min_players = 4 Current Players = 1
L 05/18/2020 - 14:44:27: [afk_manager4.smx] Player count for AFK Kick minimum is below requirements, feature is now disabled: sm_afk_kick_min_players = 6 Current Players = 1
L 05/18/2020 - 14:44:30: [afk_manager4.smx] Player count for AFK Move minimum has been reached, feature is now enabled: sm_afk_move_min_players = 4 Current Players = 4
L 05/18/2020 - 14:44:32: [afk_manager4.smx] Player count for AFK Kick minimum has been reached, feature is now enabled: sm_afk_kick_min_players = 6 Current Players = 6
L 05/18/2020 - 15:03:41: [afk_manager4.smx] Player count for AFK Move minimum is below requirements, feature is now disabled: sm_afk_move_min_players = 4 Current Players = 0
L 05/18/2020 - 15:03:41: [afk_manager4.smx] Player count for AFK Kick minimum is below requirements, feature is now disabled: sm_afk_kick_min_players = 6 Current Players = 0
L 05/18/2020 - 15:03:53: [afk_manager4.smx] Player count for AFK Move minimum has been reached, feature is now enabled: sm_afk_move_min_players = 4 Current Players = 4
L 05/18/2020 - 15:03:56: [afk_manager4.smx] Player count for AFK Kick minimum has been reached, feature is now enabled: sm_afk_kick_min_players = 6 Current Players = 6
L 05/18/2020 - 15:06:07: [afk_manager4.smx] ZandR<5301><STEAM_1:0:86399888><> was moved to spectate for being AFK too long.
L 05/18/2020 - 15:12:38: [afk_manager4.smx] ZandR<5333><STEAM_1:0:86399888><> was moved to spectate for being AFK too long.
L 05/18/2020 - 15:19:16: [afk_manager4.smx] 𝘴𝘷𝘨.<5340><STEAM_1:1:498657483><> was moved to spectate for being AFK too long.
L 05/18/2020 - 15:23:10: [afk_manager4.smx] Player count for AFK Move minimum is below requirements, feature is now disabled: sm_afk_move_min_players = 4 Current Players = 1
L 05/18/2020 - 15:23:10: [afk_manager4.smx] Player count for AFK Kick minimum is below requirements, feature is now disabled: sm_afk_kick_min_players = 6 Current Players = 1
L 05/18/2020 - 15:23:22: [afk_manager4.smx] Player count for AFK Move minimum has been reached, feature is now enabled: sm_afk_move_min_players = 4 Current Players = 4
L 05/18/2020 - 15:25:02: [afk_manager4.smx] Player count for AFK Kick minimum has been reached, feature is now enabled: sm_afk_kick_min_players = 6 Current Players = 6
L 05/18/2020 - 15:34:56: [afk_manager4.smx] Player count for AFK Move minimum is below requirements, feature is now disabled: sm_afk_move_min_players = 4 Current Players = 1
L 05/18/2020 - 15:34:56: [afk_manager4.smx] Player count for AFK Kick minimum is below requirements, feature is now disabled: sm_afk_kick_min_players = 6 Current Players = 1
L 05/18/2020 - 15:35:03: [afk_manager4.smx] Player count for AFK Move minimum has been reached, feature is now enabled: sm_afk_move_min_players = 4 Current Players = 4
L 05/18/2020 - 15:35:38: [afk_manager4.smx] Player count for AFK Kick minimum has been reached, feature is now enabled: sm_afk_kick_min_players = 6 Current Players = 6
L 05/18/2020 - 15:52:23: [afk_manager4.smx] Player count for AFK Move minimum is below requirements, feature is now disabled: sm_afk_move_min_players = 4 Current Players = 1
L 05/18/2020 - 15:52:23: [afk_manager4.smx] Player count for AFK Kick minimum is below requirements, feature is now disabled: sm_afk_kick_min_players = 6 Current Players = 1
L 05/18/2020 - 15:52:25: [afk_manager4.smx] Player count for AFK Move minimum has been reached, feature is now enabled: sm_afk_move_min_players = 4 Current Players = 4
L 05/18/2020 - 15:52:36: [afk_manager4.smx] Player count for AFK Kick minimum has been reached, feature is now enabled: sm_afk_kick_min_players = 6 Current Players = 6
L 05/18/2020 - 15:53:43: [afk_manager4.smx] Bushido<5292><STEAM_1:1:41900227><> was moved to spectate for being AFK too long.
L 05/18/2020 - 15:54:55: [afk_manager4.smx] Bushido<5292><STEAM_1:1:41900227><> was kicked for being AFK too long.
L 05/18/2020 - 16:10:20: [afk_manager4.smx] Player count for AFK Kick minimum is below requirements, feature is now disabled: sm_afk_kick_min_players = 6 Current Players = 5
L 05/18/2020 - 16:10:51: [afk_manager4.smx] Player count for AFK Move minimum is below requirements, feature is now disabled: sm_afk_move_min_players = 4 Current Players = 1
L 05/18/2020 - 16:11:11: [afk_manager4.smx] Player count for AFK Move minimum has been reached, feature is now enabled: sm_afk_move_min_players = 4 Current Players = 4
L 05/18/2020 - 16:13:21: [afk_manager4.smx] Player count for AFK Kick minimum has been reached, feature is now enabled: sm_afk_kick_min_players = 6 Current Players = 6
L 05/18/2020 - 16:37:04: [afk_manager4.smx] twitch.tv/Depresseeeeedddd<5374><STEAM_1:1:124855086><> was kicked for being AFK too long.
L 05/18/2020 - 16:48:23: [afk_manager4.smx] Player count for AFK Move minimum is below requirements, feature is now disabled: sm_afk_move_min_players = 4 Current Players = 1
L 05/18/2020 - 16:48:23: [afk_manager4.smx] Player count for AFK Kick minimum is below requirements, feature is now disabled: sm_afk_kick_min_players = 6 Current Players = 1
L 05/18/2020 - 16:48:26: [afk_manager4.smx] Player count for AFK Move minimum has been reached, feature is now enabled: sm_afk_move_min_players = 4 Current Players = 4
L 05/18/2020 - 16:48:32: [afk_manager4.smx] Player count for AFK Kick minimum has been reached, feature is now enabled: sm_afk_kick_min_players = 6 Current Players = 6
L 05/18/2020 - 17:06:34: [afk_manager4.smx] Swagdoodle.C♥<5426><STEAM_1:0:236667518><> was kicked for being AFK too long.
L 05/18/2020 - 17:08:20: [afk_manager4.smx] Player count for AFK Move minimum is below requirements, feature is now disabled: sm_afk_move_min_players = 4 Current Players = 1
L 05/18/2020 - 17:08:20: [afk_manager4.smx] Player count for AFK Kick minimum is below requirements, feature is now disabled: sm_afk_kick_min_players = 6 Current Players = 1
L 05/18/2020 - 17:08:26: [afk_manager4.smx] Player count for AFK Move minimum has been reached, feature is now enabled: sm_afk_move_min_players = 4 Current Players = 4
L 05/18/2020 - 17:08:30: [afk_manager4.smx] Player count for AFK Kick minimum has been reached, feature is now enabled: sm_afk_kick_min_players = 6 Current Players = 6
L 05/18/2020 - 17:17:52: [afk_manager4.smx] Shadow<5432><STEAM_1:0:205768894><> was kicked for being AFK too long.
L 05/18/2020 - 17:45:02: [afk_manager4.smx] Player count for AFK Move minimum is below requirements, feature is now disabled: sm_afk_move_min_players = 4 Current Players = 1
L 05/18/2020 - 17:45:02: [afk_manager4.smx] Player count for AFK Kick minimum is below requirements, feature is now disabled: sm_afk_kick_min_players = 6 Current Players = 1
L 05/18/2020 - 17:45:08: [afk_manager4.smx] Player count for AFK Move minimum has been reached, feature is now enabled: sm_afk_move_min_players = 4 Current Players = 4
L 05/18/2020 - 17:45:16: [afk_manager4.smx] Player count for AFK Kick minimum has been reached, feature is now enabled: sm_afk_kick_min_players = 6 Current Players = 6
L 05/18/2020 - 17:58:43: [afk_manager4.smx] Slayer_Rick<5427><STEAM_1:0:142642814><> was moved to spectate for being AFK too long.
L 05/18/2020 - 18:03:49: [afk_manager4.smx] Player count for AFK Kick minimum is below requirements, feature is now disabled: sm_afk_kick_min_players = 6 Current Players = 5
L 05/18/2020 - 18:04:30: [afk_manager4.smx] Player count for AFK Move minimum is below requirements, feature is now disabled: sm_afk_move_min_players = 4 Current Players = 1
L 05/18/2020 - 18:06:26: [afk_manager4.smx] Player count for AFK Move minimum has been reached, feature is now enabled: sm_afk_move_min_players = 4 Current Players = 4
L 05/18/2020 - 18:06:46: [afk_manager4.smx] Player count for AFK Kick minimum has been reached, feature is now enabled: sm_afk_kick_min_players = 6 Current Players = 6
L 05/18/2020 - 18:21:21: [afk_manager4.smx] Player count for AFK Move minimum is below requirements, feature is now disabled: sm_afk_move_min_players = 4 Current Players = 1
L 05/18/2020 - 18:21:21: [afk_manager4.smx] Player count for AFK Kick minimum is below requirements, feature is now disabled: sm_afk_kick_min_players = 6 Current Players = 1
L 05/18/2020 - 18:21:24: [afk_manager4.smx] Player count for AFK Move minimum has been reached, feature is now enabled: sm_afk_move_min_players = 4 Current Players = 4
L 05/18/2020 - 18:21:26: [afk_manager4.smx] Player count for AFK Kick minimum has been reached, feature is now enabled: sm_afk_kick_min_players = 6 Current Players = 6
L 05/18/2020 - 18:40:28: [afk_manager4.smx] Player count for AFK Move minimum is below requirements, feature is now disabled: sm_afk_move_min_players = 4 Current Players = 1
L 05/18/2020 - 18:40:28: [afk_manager4.smx] Player count for AFK Kick minimum is below requirements, feature is now disabled: sm_afk_kick_min_players = 6 Current Players = 1
L 05/18/2020 - 18:40:39: [afk_manager4.smx] Player count for AFK Move minimum has been reached, feature is now enabled: sm_afk_move_min_players = 4 Current Players = 4
L 05/18/2020 - 18:40:41: [afk_manager4.smx] Player count for AFK Kick minimum has been reached, feature is now enabled: sm_afk_kick_min_players = 6 Current Players = 6
L 05/18/2020 - 18:47:11: [afk_manager4.smx] TANK<5477><STEAM_1:0:182491026><> was moved to spectate for being AFK too long.
L 05/18/2020 - 18:49:03: [afk_manager4.smx] TANK<5477><STEAM_1:0:182491026><> was kicked for being AFK too long.
L 05/18/2020 - 18:50:27: [afk_manager4.smx] TANK<5480><STEAM_1:0:182491026><> was moved to spectate for being AFK too long.
L 05/18/2020 - 19:01:04: [afk_manager4.smx] Player count for AFK Move minimum is below requirements, feature is now disabled: sm_afk_move_min_players = 4 Current Players = 1
L 05/18/2020 - 19:01:04: [afk_manager4.smx] Player count for AFK Kick minimum is below requirements, feature is now disabled: sm_afk_kick_min_players = 6 Current Players = 1
L 05/18/2020 - 19:01:07: [afk_manager4.smx] Player count for AFK Move minimum has been reached, feature is now enabled: sm_afk_move_min_players = 4 Current Players = 4
L 05/18/2020 - 19:01:09: [afk_manager4.smx] Player count for AFK Kick minimum has been reached, feature is now enabled: sm_afk_kick_min_players = 6 Current Players = 6
L 05/18/2020 - 19:03:52: [afk_manager4.smx] N8<5471><STEAM_1:1:423778816><> was moved to spectate for being AFK too long.
L 05/18/2020 - 19:05:44: [afk_manager4.smx] N8<5471><STEAM_1:1:423778816><> was kicked for being AFK too long.
L 05/18/2020 - 19:14:44: [afk_manager4.smx] Wicked<5497><STEAM_1:0:35451968><> was moved to spectate for being AFK too long.
L 05/18/2020 - 19:22:06: [afk_manager4.smx] Player count for AFK Kick minimum is below requirements, feature is now disabled: sm_afk_kick_min_players = 6 Current Players = 5
L 05/18/2020 - 19:22:25: [afk_manager4.smx] Player count for AFK Move minimum is below requirements, feature is now disabled: sm_afk_move_min_players = 4 Current Players = 1
L 05/18/2020 - 19:22:37: [afk_manager4.smx] Player count for AFK Move minimum has been reached, feature is now enabled: sm_afk_move_min_players = 4 Current Players = 4
L 05/18/2020 - 19:22:39: [afk_manager4.smx] Player count for AFK Kick minimum has been reached, feature is now enabled: sm_afk_kick_min_players = 6 Current Players = 6
L 05/18/2020 - 19:26:32: [afk_manager4.smx] N8<5495><STEAM_1:1:423778816><> was moved to spectate for being AFK too long.
L 05/18/2020 - 19:31:57: [afk_manager4.smx] yunii<5510><STEAM_1:0:156653547><> was kicked for being AFK too long.
L 05/18/2020 - 19:33:47: [afk_manager4.smx] N8<5495><STEAM_1:1:423778816><> was kicked for being AFK too long.
L 05/18/2020 - 19:40:53: [afk_manager4.smx] Player count for AFK Move minimum is below requirements, feature is now disabled: sm_afk_move_min_players = 4 Current Players = 1
L 05/18/2020 - 19:40:53: [afk_manager4.smx] Player count for AFK Kick minimum is below requirements, feature is now disabled: sm_afk_kick_min_players = 6 Current Players = 1
L 05/18/2020 - 19:40:55: [afk_manager4.smx] Player count for AFK Move minimum has been reached, feature is now enabled: sm_afk_move_min_players = 4 Current Players = 4
L 05/18/2020 - 19:40:58: [afk_manager4.smx] Player count for AFK Kick minimum has been reached, feature is now enabled: sm_afk_kick_min_players = 6 Current Players = 6
L 05/18/2020 - 19:42:03: [afk_manager4.smx] shallow.<5503><STEAM_1:1:188181940><> was moved to spectate for being AFK too long.
L 05/18/2020 - 20:00:34: [afk_manager4.smx] Player count for AFK Move minimum is below requirements, feature is now disabled: sm_afk_move_min_players = 4 Current Players = 1
L 05/18/2020 - 20:00:34: [afk_manager4.smx] Player count for AFK Kick minimum is below requirements, feature is now disabled: sm_afk_kick_min_players = 6 Current Players = 1
L 05/18/2020 - 20:00:39: [afk_manager4.smx] Player count for AFK Move minimum has been reached, feature is now enabled: sm_afk_move_min_players = 4 Current Players = 4
L 05/18/2020 - 20:00:44: [afk_manager4.smx] Player count for AFK Kick minimum has been reached, feature is now enabled: sm_afk_kick_min_players = 6 Current Players = 6
L 05/18/2020 - 20:04:00: [afk_manager4.smx] Dork.<5507><STEAM_1:0:166079152><> was kicked for being AFK too long.
L 05/18/2020 - 20:19:39: [afk_manager4.smx] Player count for AFK Move minimum is below requirements, feature is now disabled: sm_afk_move_min_players = 4 Current Players = 1
L 05/18/2020 - 20:19:39: [afk_manager4.smx] Player count for AFK Kick minimum is below requirements, feature is now disabled: sm_afk_kick_min_players = 6 Current Players = 1
L 05/18/2020 - 20:19:47: [afk_manager4.smx] Player count for AFK Move minimum has been reached, feature is now enabled: sm_afk_move_min_players = 4 Current Players = 4
L 05/18/2020 - 20:20:00: [afk_manager4.smx] Player count for AFK Kick minimum has been reached, feature is now enabled: sm_afk_kick_min_players = 6 Current Players = 6
L 05/18/2020 - 20:39:43: [afk_manager4.smx] Player count for AFK Move minimum is below requirements, feature is now disabled: sm_afk_move_min_players = 4 Current Players = 1
L 05/18/2020 - 20:39:43: [afk_manager4.smx] Player count for AFK Kick minimum is below requirements, feature is now disabled: sm_afk_kick_min_players = 6 Current Players = 1
L 05/18/2020 - 20:39:49: [afk_manager4.smx] Player count for AFK Move minimum has been reached, feature is now enabled: sm_afk_move_min_players = 4 Current Players = 4
L 05/18/2020 - 20:40:10: [afk_manager4.smx] Player count for AFK Kick minimum has been reached, feature is now enabled: sm_afk_kick_min_players = 6 Current Players = 6
L 05/18/2020 - 20:49:40: [afk_manager4.smx] Babelas_Ben_<5525><STEAM_1:0:93502759><> was moved to spectate for being AFK too long.
L 05/18/2020 - 20:52:54: [afk_manager4.smx] Player count for AFK Kick minimum is below requirements, feature is now disabled: sm_afk_kick_min_players = 6 Current Players = 5
L 05/18/2020 - 20:56:46: [afk_manager4.smx] Player count for AFK Kick minimum has been reached, feature is now enabled: sm_afk_kick_min_players = 6 Current Players = 6
L 05/18/2020 - 21:07:33: [afk_manager4.smx] Player count for AFK Kick minimum is below requirements, feature is now disabled: sm_afk_kick_min_players = 6 Current Players = 5
L 05/18/2020 - 21:08:03: [afk_manager4.smx] Player count for AFK Move minimum is below requirements, feature is now disabled: sm_afk_move_min_players = 4 Current Players = 1
L 05/18/2020 - 21:08:16: [afk_manager4.smx] Player count for AFK Move minimum has been reached, feature is now enabled: sm_afk_move_min_players = 4 Current Players = 4
L 05/18/2020 - 21:08:30: [afk_manager4.smx] Player count for AFK Kick minimum has been reached, feature is now enabled: sm_afk_kick_min_players = 6 Current Players = 6
L 05/18/2020 - 21:28:33: [afk_manager4.smx] Teckman<5582><STEAM_1:0:62392098><> was moved to spectate for being AFK too long.
L 05/18/2020 - 21:30:25: [afk_manager4.smx] Teckman<5582><STEAM_1:0:62392098><> was kicked for being AFK too long.
L 05/18/2020 - 21:45:26: [afk_manager4.smx] Player count for AFK Move minimum is below requirements, feature is now disabled: sm_afk_move_min_players = 4 Current Players = 1
L 05/18/2020 - 21:45:26: [afk_manager4.smx] Player count for AFK Kick minimum is below requirements, feature is now disabled: sm_afk_kick_min_players = 6 Current Players = 1
L 05/18/2020 - 21:45:34: [afk_manager4.smx] Player count for AFK Move minimum has been reached, feature is now enabled: sm_afk_move_min_players = 4 Current Players = 4
L 05/18/2020 - 21:45:36: [afk_manager4.smx] Player count for AFK Kick minimum has been reached, feature is now enabled: sm_afk_kick_min_players = 6 Current Players = 6
L 05/18/2020 - 22:04:40: [afk_manager4.smx] Player count for AFK Kick minimum is below requirements, feature is now disabled: sm_afk_kick_min_players = 6 Current Players = 5
L 05/18/2020 - 22:05:01: [afk_manager4.smx] Player count for AFK Move minimum is below requirements, feature is now disabled: sm_afk_move_min_players = 4 Current Players = 1
L 05/18/2020 - 22:05:12: [afk_manager4.smx] Player count for AFK Move minimum has been reached, feature is now enabled: sm_afk_move_min_players = 4 Current Players = 4
L 05/18/2020 - 22:05:45: [afk_manager4.smx] Player count for AFK Kick minimum has been reached, feature is now enabled: sm_afk_kick_min_players = 6 Current Players = 6
L 05/18/2020 - 22:17:15: [afk_manager4.smx] Chazzzed<5613><STEAM_1:0:166391621><> was moved to spectate for being AFK too long.
L 05/18/2020 - 22:19:07: [afk_manager4.smx] Chazzzed<5613><STEAM_1:0:166391621><> was kicked for being AFK too long.
L 05/18/2020 - 22:23:38: [afk_manager4.smx] Player count for AFK Move minimum is below requirements, feature is now disabled: sm_afk_move_min_players = 4 Current Players = 1
L 05/18/2020 - 22:23:38: [afk_manager4.smx] Player count for AFK Kick minimum is below requirements, feature is now disabled: sm_afk_kick_min_players = 6 Current Players = 1
L 05/18/2020 - 22:23:41: [afk_manager4.smx] Player count for AFK Move minimum has been reached, feature is now enabled: sm_afk_move_min_players = 4 Current Players = 4
L 05/18/2020 - 22:25:03: [afk_manager4.smx] Player count for AFK Kick minimum has been reached, feature is now enabled: sm_afk_kick_min_players = 6 Current Players = 6
L 05/18/2020 - 22:42:08: [afk_manager4.smx] Player count for AFK Move minimum is below requirements, feature is now disabled: sm_afk_move_min_players = 4 Current Players = 1
L 05/18/2020 - 22:42:08: [afk_manager4.smx] Player count for AFK Kick minimum is below requirements, feature is now disabled: sm_afk_kick_min_players = 6 Current Players = 1
L 05/18/2020 - 22:42:13: [afk_manager4.smx] Player count for AFK Move minimum has been reached, feature is now enabled: sm_afk_move_min_players = 4 Current Players = 4
L 05/18/2020 - 22:42:30: [afk_manager4.smx] Player count for AFK Kick minimum has been reached, feature is now enabled: sm_afk_kick_min_players = 6 Current Players = 6
L 05/18/2020 - 22:43:44: [afk_manager4.smx] FatMan™<5619><STEAM_1:1:91610386><> was moved to spectate for being AFK too long.
L 05/18/2020 - 22:44:52: [afk_manager4.smx] FatMan™<5619><STEAM_1:1:91610386><> was kicked for being AFK too long.
L 05/18/2020 - 22:50:52: [afk_manager4.smx] Mezi<5623><STEAM_1:0:212951557><> was moved to spectate for being AFK too long.
L 05/18/2020 - 22:54:17: [afk_manager4.smx] Player count for AFK Kick minimum is below requirements, feature is now disabled: sm_afk_kick_min_players = 6 Current Players = 5
L 05/18/2020 - 22:55:33: [afk_manager4.smx] Player count for AFK Move minimum is below requirements, feature is now disabled: sm_afk_move_min_players = 4 Current Players = 3
L 05/18/2020 - 23:44:04: [afk_manager4.smx] Player count for AFK Move minimum has been reached, feature is now enabled: sm_afk_move_min_players = 4 Current Players = 4
L 05/18/2020 - 23:45:25: [afk_manager4.smx] Player count for AFK Move minimum is below requirements, feature is now disabled: sm_afk_move_min_players = 4 Current Players = 1
L 05/18/2020 - 23:46:37: [afk_manager4.smx] Player count for AFK Move minimum has been reached, feature is now enabled: sm_afk_move_min_players = 4 Current Players = 4
L 05/18/2020 - 23:47:42: [afk_manager4.smx] Phazey Selling Knives and Gloves<5634><STEAM_1:1:194916050><> was moved to spectate for being AFK too long.
L 05/19/2020 - 00:02:17: [afk_manager4.smx] Player count for AFK Move minimum is below requirements, feature is now disabled: sm_afk_move_min_players = 4 Current Players = 3
