L 10/24/2020 - 00:02:23: [afk_manager4.smx] Player count for AFK Move minimum is below requirements, feature is now disabled: sm_afk_move_min_players = 4 Current Players = 1
L 10/24/2020 - 00:02:23: [afk_manager4.smx] Player count for AFK Kick minimum is below requirements, feature is now disabled: sm_afk_kick_min_players = 6 Current Players = 1
L 10/24/2020 - 00:02:29: [afk_manager4.smx] Player count for AFK Move minimum has been reached, feature is now enabled: sm_afk_move_min_players = 4 Current Players = 4
L 10/24/2020 - 00:02:33: [afk_manager4.smx] Player count for AFK Kick minimum has been reached, feature is now enabled: sm_afk_kick_min_players = 6 Current Players = 6
L 10/24/2020 - 00:21:28: [afk_manager4.smx] Player count for AFK Move minimum is below requirements, feature is now disabled: sm_afk_move_min_players = 4 Current Players = 1
L 10/24/2020 - 00:21:28: [afk_manager4.smx] Player count for AFK Kick minimum is below requirements, feature is now disabled: sm_afk_kick_min_players = 6 Current Players = 1
L 10/24/2020 - 00:21:30: [afk_manager4.smx] Player count for AFK Move minimum has been reached, feature is now enabled: sm_afk_move_min_players = 4 Current Players = 4
L 10/24/2020 - 00:21:35: [afk_manager4.smx] Player count for AFK Kick minimum has been reached, feature is now enabled: sm_afk_kick_min_players = 6 Current Players = 6
L 10/24/2020 - 00:38:31: [afk_manager4.smx] Player count for AFK Move minimum is below requirements, feature is now disabled: sm_afk_move_min_players = 4 Current Players = 1
L 10/24/2020 - 00:38:31: [afk_manager4.smx] Player count for AFK Kick minimum is below requirements, feature is now disabled: sm_afk_kick_min_players = 6 Current Players = 1
L 10/24/2020 - 00:38:35: [afk_manager4.smx] Player count for AFK Move minimum has been reached, feature is now enabled: sm_afk_move_min_players = 4 Current Players = 4
L 10/24/2020 - 00:42:03: [afk_manager4.smx] C1oudy<291><STEAM_1:1:547822053><> was moved to spectate for being AFK too long.
L 10/24/2020 - 00:42:23: [afk_manager4.smx] Player count for AFK Kick minimum has been reached, feature is now enabled: sm_afk_kick_min_players = 6 Current Players = 6
L 10/24/2020 - 00:55:23: [afk_manager4.smx] Player count for AFK Move minimum is below requirements, feature is now disabled: sm_afk_move_min_players = 4 Current Players = 1
L 10/24/2020 - 00:55:23: [afk_manager4.smx] Player count for AFK Kick minimum is below requirements, feature is now disabled: sm_afk_kick_min_players = 6 Current Players = 1
L 10/24/2020 - 00:55:31: [afk_manager4.smx] Player count for AFK Move minimum has been reached, feature is now enabled: sm_afk_move_min_players = 4 Current Players = 4
L 10/24/2020 - 00:55:42: [afk_manager4.smx] Player count for AFK Kick minimum has been reached, feature is now enabled: sm_afk_kick_min_players = 6 Current Players = 6
L 10/24/2020 - 01:14:39: [afk_manager4.smx] Player count for AFK Move minimum is below requirements, feature is now disabled: sm_afk_move_min_players = 4 Current Players = 1
L 10/24/2020 - 01:14:39: [afk_manager4.smx] Player count for AFK Kick minimum is below requirements, feature is now disabled: sm_afk_kick_min_players = 6 Current Players = 1
L 10/24/2020 - 01:14:43: [afk_manager4.smx] Player count for AFK Move minimum has been reached, feature is now enabled: sm_afk_move_min_players = 4 Current Players = 4
L 10/24/2020 - 01:14:50: [afk_manager4.smx] Player count for AFK Kick minimum has been reached, feature is now enabled: sm_afk_kick_min_players = 6 Current Players = 6
L 10/24/2020 - 01:30:30: [afk_manager4.smx] Player count for AFK Kick minimum is below requirements, feature is now disabled: sm_afk_kick_min_players = 6 Current Players = 5
L 10/24/2020 - 01:30:31: [afk_manager4.smx] Player count for AFK Move minimum is below requirements, feature is now disabled: sm_afk_move_min_players = 4 Current Players = 3
L 10/24/2020 - 01:33:12: [afk_manager4.smx] Player count for AFK Move minimum has been reached, feature is now enabled: sm_afk_move_min_players = 4 Current Players = 4
L 10/24/2020 - 01:33:54: [afk_manager4.smx] Player count for AFK Move minimum is below requirements, feature is now disabled: sm_afk_move_min_players = 4 Current Players = 1
L 10/24/2020 - 01:34:21: [afk_manager4.smx] Player count for AFK Move minimum has been reached, feature is now enabled: sm_afk_move_min_players = 4 Current Players = 4
L 10/24/2020 - 01:48:01: [afk_manager4.smx] Player count for AFK Kick minimum has been reached, feature is now enabled: sm_afk_kick_min_players = 6 Current Players = 6
L 10/24/2020 - 01:52:54: [afk_manager4.smx] Player count for AFK Move minimum is below requirements, feature is now disabled: sm_afk_move_min_players = 4 Current Players = 1
L 10/24/2020 - 01:52:54: [afk_manager4.smx] Player count for AFK Kick minimum is below requirements, feature is now disabled: sm_afk_kick_min_players = 6 Current Players = 1
L 10/24/2020 - 01:53:00: [afk_manager4.smx] Player count for AFK Move minimum has been reached, feature is now enabled: sm_afk_move_min_players = 4 Current Players = 4
L 10/24/2020 - 01:53:04: [afk_manager4.smx] Player count for AFK Kick minimum has been reached, feature is now enabled: sm_afk_kick_min_players = 6 Current Players = 6
L 10/24/2020 - 01:54:56: [afk_manager4.smx] gareth kliff<319><STEAM_1:1:79056074><> was moved to spectate for being AFK too long.
L 10/24/2020 - 02:00:09: [afk_manager4.smx] Player count for AFK Kick minimum is below requirements, feature is now disabled: sm_afk_kick_min_players = 6 Current Players = 5
L 10/24/2020 - 02:03:16: [afk_manager4.smx] Player count for AFK Kick minimum has been reached, feature is now enabled: sm_afk_kick_min_players = 6 Current Players = 6
L 10/24/2020 - 02:04:09: [afk_manager4.smx] Rayman<326><STEAM_1:0:493711890><> was moved to spectate for being AFK too long.
L 10/24/2020 - 02:06:41: [afk_manager4.smx] Rayman<326><STEAM_1:0:493711890><> was kicked for being AFK too long.
L 10/24/2020 - 02:10:03: [afk_manager4.smx] Player count for AFK Move minimum is below requirements, feature is now disabled: sm_afk_move_min_players = 4 Current Players = 0
L 10/24/2020 - 02:10:03: [afk_manager4.smx] Player count for AFK Kick minimum is below requirements, feature is now disabled: sm_afk_kick_min_players = 6 Current Players = 0
L 10/24/2020 - 02:10:19: [afk_manager4.smx] Player count for AFK Move minimum has been reached, feature is now enabled: sm_afk_move_min_players = 4 Current Players = 4
L 10/24/2020 - 02:27:19: [afk_manager4.smx] Player count for AFK Move minimum is below requirements, feature is now disabled: sm_afk_move_min_players = 4 Current Players = 1
L 10/24/2020 - 02:27:34: [afk_manager4.smx] Player count for AFK Move minimum has been reached, feature is now enabled: sm_afk_move_min_players = 4 Current Players = 4
L 10/24/2020 - 02:39:39: [afk_manager4.smx] Player count for AFK Move minimum is below requirements, feature is now disabled: sm_afk_move_min_players = 4 Current Players = 3
L 10/24/2020 - 08:49:45: [afk_manager4.smx] Player count for AFK Move minimum has been reached, feature is now enabled: sm_afk_move_min_players = 4 Current Players = 4
L 10/24/2020 - 08:52:17: [afk_manager4.smx] Player count for AFK Kick minimum has been reached, feature is now enabled: sm_afk_kick_min_players = 6 Current Players = 6
L 10/24/2020 - 08:53:32: [afk_manager4.smx] Phandas (20fps)<343><STEAM_1:1:555867352><> was moved to spectate for being AFK too long.
L 10/24/2020 - 08:54:47: [afk_manager4.smx] Player count for AFK Kick minimum is below requirements, feature is now disabled: sm_afk_kick_min_players = 6 Current Players = 5
L 10/24/2020 - 08:57:09: [afk_manager4.smx] Player count for AFK Kick minimum has been reached, feature is now enabled: sm_afk_kick_min_players = 6 Current Players = 6
L 10/24/2020 - 09:00:12: [afk_manager4.smx] Player count for AFK Move minimum is below requirements, feature is now disabled: sm_afk_move_min_players = 4 Current Players = 1
L 10/24/2020 - 09:00:12: [afk_manager4.smx] Player count for AFK Kick minimum is below requirements, feature is now disabled: sm_afk_kick_min_players = 6 Current Players = 1
L 10/24/2020 - 09:00:14: [afk_manager4.smx] Player count for AFK Move minimum has been reached, feature is now enabled: sm_afk_move_min_players = 4 Current Players = 4
L 10/24/2020 - 09:00:31: [afk_manager4.smx] Player count for AFK Kick minimum has been reached, feature is now enabled: sm_afk_kick_min_players = 6 Current Players = 6
L 10/24/2020 - 09:04:46: [afk_manager4.smx] ridgback77<342><STEAM_1:1:33977405><> was moved to spectate for being AFK too long.
L 10/24/2020 - 09:08:11: [afk_manager4.smx] ridgback77<342><STEAM_1:1:33977405><> was kicked for being AFK too long.
L 10/24/2020 - 09:23:43: [afk_manager4.smx] Jan Hendrik<360><STEAM_1:0:103657152><> was moved to spectate for being AFK too long.
L 10/24/2020 - 09:24:55: [afk_manager4.smx] Jan Hendrik<360><STEAM_1:0:103657152><> was kicked for being AFK too long.
L 10/24/2020 - 09:27:12: [afk_manager4.smx] Jan Hendrik<363><STEAM_1:0:103657152><> was moved to spectate for being AFK too long.
L 10/24/2020 - 09:28:38: [afk_manager4.smx] Jan Hendrik<363><STEAM_1:0:103657152><> was kicked for being AFK too long.
L 10/24/2020 - 09:40:21: [afk_manager4.smx] Player count for AFK Kick minimum is below requirements, feature is now disabled: sm_afk_kick_min_players = 6 Current Players = 5
L 10/24/2020 - 09:40:59: [afk_manager4.smx] Player count for AFK Move minimum is below requirements, feature is now disabled: sm_afk_move_min_players = 4 Current Players = 1
L 10/24/2020 - 09:41:03: [afk_manager4.smx] Player count for AFK Move minimum has been reached, feature is now enabled: sm_afk_move_min_players = 4 Current Players = 4
L 10/24/2020 - 09:43:01: [afk_manager4.smx] Player count for AFK Kick minimum has been reached, feature is now enabled: sm_afk_kick_min_players = 6 Current Players = 6
L 10/24/2020 - 09:44:09: [afk_manager4.smx] MiniFalcon<367><STEAM_1:0:128669000><> was moved to spectate for being AFK too long.
L 10/24/2020 - 09:44:42: [afk_manager4.smx] PandaSlice_Za<370><STEAM_1:0:502209973><> was moved to spectate for being AFK too long.
L 10/24/2020 - 09:57:55: [afk_manager4.smx] Kazzii<376><STEAM_1:0:72022006><> was kicked for being AFK too long.
L 10/24/2020 - 09:59:53: [afk_manager4.smx] Player count for AFK Move minimum is below requirements, feature is now disabled: sm_afk_move_min_players = 4 Current Players = 1
L 10/24/2020 - 09:59:53: [afk_manager4.smx] Player count for AFK Kick minimum is below requirements, feature is now disabled: sm_afk_kick_min_players = 6 Current Players = 1
L 10/24/2020 - 10:00:01: [afk_manager4.smx] Player count for AFK Move minimum has been reached, feature is now enabled: sm_afk_move_min_players = 4 Current Players = 4
L 10/24/2020 - 10:02:28: [afk_manager4.smx] Player count for AFK Kick minimum has been reached, feature is now enabled: sm_afk_kick_min_players = 6 Current Players = 6
L 10/24/2020 - 10:04:01: [afk_manager4.smx] Player count for AFK Kick minimum is below requirements, feature is now disabled: sm_afk_kick_min_players = 6 Current Players = 5
L 10/24/2020 - 10:04:25: [afk_manager4.smx] Player count for AFK Move minimum is below requirements, feature is now disabled: sm_afk_move_min_players = 4 Current Players = 3
L 10/24/2020 - 10:06:30: [afk_manager4.smx] Player count for AFK Move minimum has been reached, feature is now enabled: sm_afk_move_min_players = 4 Current Players = 4
L 10/24/2020 - 10:08:57: [afk_manager4.smx] Player count for AFK Kick minimum has been reached, feature is now enabled: sm_afk_kick_min_players = 6 Current Players = 6
L 10/24/2020 - 10:16:40: [afk_manager4.smx] Player count for AFK Kick minimum is below requirements, feature is now disabled: sm_afk_kick_min_players = 6 Current Players = 5
L 10/24/2020 - 10:17:27: [afk_manager4.smx] Player count for AFK Move minimum is below requirements, feature is now disabled: sm_afk_move_min_players = 4 Current Players = 1
L 10/24/2020 - 10:17:41: [afk_manager4.smx] Player count for AFK Move minimum has been reached, feature is now enabled: sm_afk_move_min_players = 4 Current Players = 4
L 10/24/2020 - 10:17:57: [afk_manager4.smx] Player count for AFK Kick minimum has been reached, feature is now enabled: sm_afk_kick_min_players = 6 Current Players = 6
L 10/24/2020 - 10:19:46: [afk_manager4.smx] Serodos<387><STEAM_1:0:57278031><> was kicked for being AFK too long.
L 10/24/2020 - 10:24:55: [afk_manager4.smx] R3VENGE<407><STEAM_1:0:185767166><> was moved to spectate for being AFK too long.
L 10/24/2020 - 10:26:03: [afk_manager4.smx] R3VENGE<407><STEAM_1:0:185767166><> was kicked for being AFK too long.
L 10/24/2020 - 10:39:13: [afk_manager4.smx] Player count for AFK Move minimum is below requirements, feature is now disabled: sm_afk_move_min_players = 4 Current Players = 1
L 10/24/2020 - 10:39:13: [afk_manager4.smx] Player count for AFK Kick minimum is below requirements, feature is now disabled: sm_afk_kick_min_players = 6 Current Players = 1
L 10/24/2020 - 10:39:19: [afk_manager4.smx] Player count for AFK Move minimum has been reached, feature is now enabled: sm_afk_move_min_players = 4 Current Players = 4
L 10/24/2020 - 10:39:20: [afk_manager4.smx] Player count for AFK Kick minimum has been reached, feature is now enabled: sm_afk_kick_min_players = 6 Current Players = 6
L 10/24/2020 - 10:40:43: [afk_manager4.smx] Lvbster<375><STEAM_1:0:560772518><> was moved to spectate for being AFK too long.
L 10/24/2020 - 10:41:55: [afk_manager4.smx] Lvbster<375><STEAM_1:0:560772518><> was kicked for being AFK too long.
L 10/24/2020 - 10:44:53: [afk_manager4.smx] EMPIRE lft<406><STEAM_1:0:153311036><> was moved to spectate for being AFK too long.
L 10/24/2020 - 10:54:36: [afk_manager4.smx] Player count for AFK Move minimum is below requirements, feature is now disabled: sm_afk_move_min_players = 4 Current Players = 1
L 10/24/2020 - 10:54:36: [afk_manager4.smx] Player count for AFK Kick minimum is below requirements, feature is now disabled: sm_afk_kick_min_players = 6 Current Players = 1
L 10/24/2020 - 10:54:39: [afk_manager4.smx] Player count for AFK Move minimum has been reached, feature is now enabled: sm_afk_move_min_players = 4 Current Players = 4
L 10/24/2020 - 10:55:27: [afk_manager4.smx] Player count for AFK Kick minimum has been reached, feature is now enabled: sm_afk_kick_min_players = 6 Current Players = 6
L 10/24/2020 - 11:03:58: [afk_manager4.smx] Player count for AFK Kick minimum is below requirements, feature is now disabled: sm_afk_kick_min_players = 6 Current Players = 5
L 10/24/2020 - 11:06:35: [afk_manager4.smx] Player count for AFK Move minimum is below requirements, feature is now disabled: sm_afk_move_min_players = 4 Current Players = 3
L 10/24/2020 - 11:40:06: [afk_manager4.smx] Player count for AFK Move minimum has been reached, feature is now enabled: sm_afk_move_min_players = 4 Current Players = 4
L 10/24/2020 - 11:41:40: [afk_manager4.smx] Player count for AFK Kick minimum has been reached, feature is now enabled: sm_afk_kick_min_players = 6 Current Players = 6
L 10/24/2020 - 11:55:03: [afk_manager4.smx] Player count for AFK Move minimum is below requirements, feature is now disabled: sm_afk_move_min_players = 4 Current Players = 1
L 10/24/2020 - 11:55:03: [afk_manager4.smx] Player count for AFK Kick minimum is below requirements, feature is now disabled: sm_afk_kick_min_players = 6 Current Players = 1
L 10/24/2020 - 11:55:11: [afk_manager4.smx] Player count for AFK Move minimum has been reached, feature is now enabled: sm_afk_move_min_players = 4 Current Players = 4
L 10/24/2020 - 11:55:14: [afk_manager4.smx] Player count for AFK Kick minimum has been reached, feature is now enabled: sm_afk_kick_min_players = 6 Current Players = 6
L 10/24/2020 - 12:05:53: [afk_manager4.smx] Oskai<433><STEAM_1:1:505593832><> was moved to spectate for being AFK too long.
L 10/24/2020 - 12:07:01: [afk_manager4.smx] Oskai<433><STEAM_1:1:505593832><> was kicked for being AFK too long.
L 10/24/2020 - 12:13:32: [afk_manager4.smx] Player count for AFK Move minimum is below requirements, feature is now disabled: sm_afk_move_min_players = 4 Current Players = 1
L 10/24/2020 - 12:13:32: [afk_manager4.smx] Player count for AFK Kick minimum is below requirements, feature is now disabled: sm_afk_kick_min_players = 6 Current Players = 1
L 10/24/2020 - 12:13:40: [afk_manager4.smx] Player count for AFK Move minimum has been reached, feature is now enabled: sm_afk_move_min_players = 4 Current Players = 4
L 10/24/2020 - 12:13:42: [afk_manager4.smx] Player count for AFK Kick minimum has been reached, feature is now enabled: sm_afk_kick_min_players = 6 Current Players = 6
L 10/24/2020 - 12:14:44: [afk_manager4.smx] Frasier<428><STEAM_1:1:519760009><> was moved to spectate for being AFK too long.
L 10/24/2020 - 12:16:58: [afk_manager4.smx] V/\L/\RM0RG|-|UL3$<439><STEAM_1:0:42173803><> was moved to spectate for being AFK too long.
L 10/24/2020 - 12:30:33: [afk_manager4.smx] Player count for AFK Kick minimum is below requirements, feature is now disabled: sm_afk_kick_min_players = 6 Current Players = 5
L 10/24/2020 - 12:31:24: [afk_manager4.smx] Player count for AFK Move minimum is below requirements, feature is now disabled: sm_afk_move_min_players = 4 Current Players = 1
L 10/24/2020 - 13:33:26: [afk_manager4.smx] Player count for AFK Move minimum has been reached, feature is now enabled: sm_afk_move_min_players = 4 Current Players = 4
L 10/24/2020 - 13:34:52: [afk_manager4.smx] Player count for AFK Kick minimum has been reached, feature is now enabled: sm_afk_kick_min_players = 6 Current Players = 6
L 10/24/2020 - 13:42:44: [afk_manager4.smx] ZingerBong<5><STEAM_1:1:552828808><> was moved to spectate for being AFK too long.
L 10/24/2020 - 13:47:09: [afk_manager4.smx] SUPER<15><STEAM_1:0:553122461><> was moved to spectate for being AFK too long.
L 10/24/2020 - 13:48:06: [afk_manager4.smx] Player count for AFK Move minimum is below requirements, feature is now disabled: sm_afk_move_min_players = 4 Current Players = 1
L 10/24/2020 - 13:48:06: [afk_manager4.smx] Player count for AFK Kick minimum is below requirements, feature is now disabled: sm_afk_kick_min_players = 6 Current Players = 1
L 10/24/2020 - 13:48:08: [afk_manager4.smx] Player count for AFK Move minimum has been reached, feature is now enabled: sm_afk_move_min_players = 4 Current Players = 4
L 10/24/2020 - 13:48:11: [afk_manager4.smx] Player count for AFK Kick minimum has been reached, feature is now enabled: sm_afk_kick_min_players = 6 Current Players = 6
L 10/24/2020 - 15:11:18: [afk_manager4.smx] Player count for AFK Move minimum has been reached, feature is now enabled: sm_afk_move_min_players = 4 Current Players = 4
L 10/24/2020 - 15:12:26: [afk_manager4.smx] BigFoot<13><STEAM_1:0:75774679><> was moved to spectate for being AFK too long.
L 10/24/2020 - 15:14:17: [afk_manager4.smx] Player count for AFK Move minimum is below requirements, feature is now disabled: sm_afk_move_min_players = 4 Current Players = 3
L 10/24/2020 - 17:03:59: [afk_manager4.smx] Player count for AFK Move minimum has been reached, feature is now enabled: sm_afk_move_min_players = 4 Current Players = 4
L 10/24/2020 - 17:05:49: [afk_manager4.smx] Player count for AFK Kick minimum has been reached, feature is now enabled: sm_afk_kick_min_players = 6 Current Players = 6
L 10/24/2020 - 17:21:44: [afk_manager4.smx] ianslayer07<23><STEAM_1:0:545819152><> was moved to spectate for being AFK too long.
L 10/24/2020 - 17:23:11: [afk_manager4.smx] Player count for AFK Move minimum is below requirements, feature is now disabled: sm_afk_move_min_players = 4 Current Players = 1
L 10/24/2020 - 17:23:11: [afk_manager4.smx] Player count for AFK Kick minimum is below requirements, feature is now disabled: sm_afk_kick_min_players = 6 Current Players = 1
L 10/24/2020 - 17:23:12: [afk_manager4.smx] Player count for AFK Move minimum has been reached, feature is now enabled: sm_afk_move_min_players = 4 Current Players = 4
L 10/24/2020 - 17:23:18: [afk_manager4.smx] Player count for AFK Kick minimum has been reached, feature is now enabled: sm_afk_kick_min_players = 6 Current Players = 6
L 10/24/2020 - 17:30:23: [afk_manager4.smx] ianslayer07<23><STEAM_1:0:545819152><> was moved to spectate for being AFK too long.
L 10/24/2020 - 17:48:24: [afk_manager4.smx] Player count for AFK Kick minimum is below requirements, feature is now disabled: sm_afk_kick_min_players = 6 Current Players = 5
L 10/24/2020 - 17:48:43: [afk_manager4.smx] Player count for AFK Move minimum is below requirements, feature is now disabled: sm_afk_move_min_players = 4 Current Players = 3
L 10/24/2020 - 18:41:01: [afk_manager4.smx] Player count for AFK Move minimum has been reached, feature is now enabled: sm_afk_move_min_players = 4 Current Players = 4
L 10/24/2020 - 18:42:57: [afk_manager4.smx] Player count for AFK Kick minimum has been reached, feature is now enabled: sm_afk_kick_min_players = 6 Current Players = 6
L 10/24/2020 - 18:50:08: [afk_manager4.smx] Player count for AFK Kick minimum is below requirements, feature is now disabled: sm_afk_kick_min_players = 6 Current Players = 5
L 10/24/2020 - 18:53:01: [afk_manager4.smx] Player count for AFK Kick minimum has been reached, feature is now enabled: sm_afk_kick_min_players = 6 Current Players = 6
L 10/24/2020 - 18:58:05: [afk_manager4.smx] Player count for AFK Move minimum is below requirements, feature is now disabled: sm_afk_move_min_players = 4 Current Players = 1
L 10/24/2020 - 18:58:05: [afk_manager4.smx] Player count for AFK Kick minimum is below requirements, feature is now disabled: sm_afk_kick_min_players = 6 Current Players = 1
L 10/24/2020 - 18:58:06: [afk_manager4.smx] Player count for AFK Move minimum has been reached, feature is now enabled: sm_afk_move_min_players = 4 Current Players = 4
L 10/24/2020 - 18:58:10: [afk_manager4.smx] Player count for AFK Kick minimum has been reached, feature is now enabled: sm_afk_kick_min_players = 6 Current Players = 6
L 10/24/2020 - 19:12:44: [afk_manager4.smx] ✪Craze<56><STEAM_1:0:184414094><> was moved to spectate for being AFK too long.
L 10/24/2020 - 19:18:15: [afk_manager4.smx] Player count for AFK Move minimum is below requirements, feature is now disabled: sm_afk_move_min_players = 4 Current Players = 1
L 10/24/2020 - 19:18:15: [afk_manager4.smx] Player count for AFK Kick minimum is below requirements, feature is now disabled: sm_afk_kick_min_players = 6 Current Players = 1
L 10/24/2020 - 19:18:17: [afk_manager4.smx] Player count for AFK Move minimum has been reached, feature is now enabled: sm_afk_move_min_players = 4 Current Players = 4
L 10/24/2020 - 19:18:35: [afk_manager4.smx] Player count for AFK Kick minimum has been reached, feature is now enabled: sm_afk_kick_min_players = 6 Current Players = 6
L 10/24/2020 - 19:39:24: [afk_manager4.smx] Player count for AFK Move minimum is below requirements, feature is now disabled: sm_afk_move_min_players = 4 Current Players = 1
L 10/24/2020 - 19:39:24: [afk_manager4.smx] Player count for AFK Kick minimum is below requirements, feature is now disabled: sm_afk_kick_min_players = 6 Current Players = 1
L 10/24/2020 - 19:39:26: [afk_manager4.smx] Player count for AFK Move minimum has been reached, feature is now enabled: sm_afk_move_min_players = 4 Current Players = 4
L 10/24/2020 - 19:39:34: [afk_manager4.smx] Player count for AFK Kick minimum has been reached, feature is now enabled: sm_afk_kick_min_players = 6 Current Players = 6
L 10/24/2020 - 19:56:19: [afk_manager4.smx] Player count for AFK Move minimum is below requirements, feature is now disabled: sm_afk_move_min_players = 4 Current Players = 1
L 10/24/2020 - 19:56:19: [afk_manager4.smx] Player count for AFK Kick minimum is below requirements, feature is now disabled: sm_afk_kick_min_players = 6 Current Players = 1
L 10/24/2020 - 19:56:23: [afk_manager4.smx] Player count for AFK Move minimum has been reached, feature is now enabled: sm_afk_move_min_players = 4 Current Players = 4
L 10/24/2020 - 19:56:25: [afk_manager4.smx] Player count for AFK Kick minimum has been reached, feature is now enabled: sm_afk_kick_min_players = 6 Current Players = 6
L 10/24/2020 - 20:02:06: [afk_manager4.smx] ✪ RIDGBAK ✞<77><STEAM_1:0:177802797><> was moved to spectate for being AFK too long.
L 10/24/2020 - 20:14:45: [afk_manager4.smx] Player count for AFK Kick minimum is below requirements, feature is now disabled: sm_afk_kick_min_players = 6 Current Players = 5
L 10/24/2020 - 20:14:59: [afk_manager4.smx] Player count for AFK Move minimum is below requirements, feature is now disabled: sm_afk_move_min_players = 4 Current Players = 3
L 10/24/2020 - 20:43:19: [afk_manager4.smx] Player count for AFK Move minimum has been reached, feature is now enabled: sm_afk_move_min_players = 4 Current Players = 4
L 10/24/2020 - 20:49:03: [afk_manager4.smx] Player count for AFK Kick minimum has been reached, feature is now enabled: sm_afk_kick_min_players = 6 Current Players = 6
L 10/24/2020 - 20:51:36: [afk_manager4.smx] Player count for AFK Move minimum is below requirements, feature is now disabled: sm_afk_move_min_players = 4 Current Players = 1
L 10/24/2020 - 20:51:36: [afk_manager4.smx] Player count for AFK Kick minimum is below requirements, feature is now disabled: sm_afk_kick_min_players = 6 Current Players = 1
L 10/24/2020 - 20:51:38: [afk_manager4.smx] Player count for AFK Move minimum has been reached, feature is now enabled: sm_afk_move_min_players = 4 Current Players = 4
L 10/24/2020 - 20:52:01: [afk_manager4.smx] Player count for AFK Kick minimum has been reached, feature is now enabled: sm_afk_kick_min_players = 6 Current Players = 6
L 10/24/2020 - 21:10:56: [afk_manager4.smx] Player count for AFK Move minimum is below requirements, feature is now disabled: sm_afk_move_min_players = 4 Current Players = 1
L 10/24/2020 - 21:10:56: [afk_manager4.smx] Player count for AFK Kick minimum is below requirements, feature is now disabled: sm_afk_kick_min_players = 6 Current Players = 1
L 10/24/2020 - 21:11:03: [afk_manager4.smx] Player count for AFK Move minimum has been reached, feature is now enabled: sm_afk_move_min_players = 4 Current Players = 4
L 10/24/2020 - 21:11:06: [afk_manager4.smx] Player count for AFK Kick minimum has been reached, feature is now enabled: sm_afk_kick_min_players = 6 Current Players = 6
L 10/24/2020 - 21:28:59: [afk_manager4.smx] YOUR MOM<85><STEAM_1:0:235352088><> was moved to spectate for being AFK too long.
L 10/24/2020 - 21:34:04: [afk_manager4.smx] Player count for AFK Move minimum is below requirements, feature is now disabled: sm_afk_move_min_players = 4 Current Players = 1
L 10/24/2020 - 21:34:04: [afk_manager4.smx] Player count for AFK Kick minimum is below requirements, feature is now disabled: sm_afk_kick_min_players = 6 Current Players = 1
L 10/24/2020 - 21:34:08: [afk_manager4.smx] Player count for AFK Move minimum has been reached, feature is now enabled: sm_afk_move_min_players = 4 Current Players = 4
L 10/24/2020 - 21:42:00: [afk_manager4.smx] Player count for AFK Kick minimum has been reached, feature is now enabled: sm_afk_kick_min_players = 6 Current Players = 6
L 10/24/2020 - 21:50:02: [afk_manager4.smx] Player count for AFK Move minimum is below requirements, feature is now disabled: sm_afk_move_min_players = 4 Current Players = 1
L 10/24/2020 - 21:50:02: [afk_manager4.smx] Player count for AFK Kick minimum is below requirements, feature is now disabled: sm_afk_kick_min_players = 6 Current Players = 1
L 10/24/2020 - 21:50:06: [afk_manager4.smx] Player count for AFK Move minimum has been reached, feature is now enabled: sm_afk_move_min_players = 4 Current Players = 4
L 10/24/2020 - 21:50:08: [afk_manager4.smx] Player count for AFK Kick minimum has been reached, feature is now enabled: sm_afk_kick_min_players = 6 Current Players = 6
L 10/24/2020 - 21:51:28: [afk_manager4.smx] Aedan_E1<86><STEAM_1:1:511121478><> was moved to spectate for being AFK too long.
L 10/24/2020 - 21:52:36: [afk_manager4.smx] Aedan_E1<86><STEAM_1:1:511121478><> was kicked for being AFK too long.
L 10/24/2020 - 21:53:14: [afk_manager4.smx] YOUR MOM<101><STEAM_1:0:235352088><> was moved to spectate for being AFK too long.
L 10/24/2020 - 21:57:00: [afk_manager4.smx] YOUR MOM<101><STEAM_1:0:235352088><> was kicked for being AFK too long.
L 10/24/2020 - 22:09:30: [afk_manager4.smx] Player count for AFK Move minimum is below requirements, feature is now disabled: sm_afk_move_min_players = 4 Current Players = 1
L 10/24/2020 - 22:09:30: [afk_manager4.smx] Player count for AFK Kick minimum is below requirements, feature is now disabled: sm_afk_kick_min_players = 6 Current Players = 1
L 10/24/2020 - 22:09:37: [afk_manager4.smx] Player count for AFK Move minimum has been reached, feature is now enabled: sm_afk_move_min_players = 4 Current Players = 4
L 10/24/2020 - 22:09:50: [afk_manager4.smx] Player count for AFK Kick minimum has been reached, feature is now enabled: sm_afk_kick_min_players = 6 Current Players = 6
L 10/24/2020 - 22:14:37: [afk_manager4.smx] tseppi<112><STEAM_1:0:36545690><> was moved to spectate for being AFK too long.
L 10/24/2020 - 22:15:45: [afk_manager4.smx] tseppi<112><STEAM_1:0:36545690><> was kicked for being AFK too long.
L 10/24/2020 - 22:43:51: [afk_manager4.smx] Player count for AFK Kick minimum is below requirements, feature is now disabled: sm_afk_kick_min_players = 6 Current Players = 5
L 10/24/2020 - 22:44:33: [afk_manager4.smx] Player count for AFK Move minimum is below requirements, feature is now disabled: sm_afk_move_min_players = 4 Current Players = 1
