L 10/05/2020 - 00:13:39: [afk_manager4.smx] Player count for AFK Move minimum is below requirements, feature is now disabled: sm_afk_move_min_players = 4 Current Players = 1
L 10/05/2020 - 00:13:57: [afk_manager4.smx] Player count for AFK Move minimum has been reached, feature is now enabled: sm_afk_move_min_players = 4 Current Players = 4
L 10/05/2020 - 00:27:02: [afk_manager4.smx] Player count for AFK Kick minimum has been reached, feature is now enabled: sm_afk_kick_min_players = 6 Current Players = 6
L 10/05/2020 - 00:30:19: [afk_manager4.smx] Player count for AFK Move minimum is below requirements, feature is now disabled: sm_afk_move_min_players = 4 Current Players = 1
L 10/05/2020 - 00:30:19: [afk_manager4.smx] Player count for AFK Kick minimum is below requirements, feature is now disabled: sm_afk_kick_min_players = 6 Current Players = 1
L 10/05/2020 - 00:30:21: [afk_manager4.smx] Player count for AFK Move minimum has been reached, feature is now enabled: sm_afk_move_min_players = 4 Current Players = 4
L 10/05/2020 - 00:30:26: [afk_manager4.smx] Player count for AFK Kick minimum has been reached, feature is now enabled: sm_afk_kick_min_players = 6 Current Players = 6
L 10/05/2020 - 00:47:19: [afk_manager4.smx] Player count for AFK Kick minimum is below requirements, feature is now disabled: sm_afk_kick_min_players = 6 Current Players = 5
L 10/05/2020 - 00:48:02: [afk_manager4.smx] Player count for AFK Move minimum is below requirements, feature is now disabled: sm_afk_move_min_players = 4 Current Players = 1
L 10/05/2020 - 00:57:37: [afk_manager4.smx] Player count for AFK Move minimum has been reached, feature is now enabled: sm_afk_move_min_players = 4 Current Players = 4
L 10/05/2020 - 01:03:53: [afk_manager4.smx] Player count for AFK Move minimum is below requirements, feature is now disabled: sm_afk_move_min_players = 4 Current Players = 3
L 10/05/2020 - 08:34:52: [afk_manager4.smx] Player count for AFK Move minimum has been reached, feature is now enabled: sm_afk_move_min_players = 4 Current Players = 4
L 10/05/2020 - 08:42:08: [afk_manager4.smx] Player count for AFK Move minimum is below requirements, feature is now disabled: sm_afk_move_min_players = 4 Current Players = 1
L 10/05/2020 - 08:46:04: [afk_manager4.smx] Player count for AFK Move minimum has been reached, feature is now enabled: sm_afk_move_min_players = 4 Current Players = 4
L 10/05/2020 - 08:51:57: [afk_manager4.smx] ☯MAZZIE☯<1405><STEAM_1:1:517754012><> was moved to spectate for being AFK too long.
L 10/05/2020 - 08:54:25: [afk_manager4.smx] Player count for AFK Kick minimum has been reached, feature is now enabled: sm_afk_kick_min_players = 6 Current Players = 6
L 10/05/2020 - 09:00:15: [afk_manager4.smx] Player count for AFK Move minimum is below requirements, feature is now disabled: sm_afk_move_min_players = 4 Current Players = 1
L 10/05/2020 - 09:00:15: [afk_manager4.smx] Player count for AFK Kick minimum is below requirements, feature is now disabled: sm_afk_kick_min_players = 6 Current Players = 1
L 10/05/2020 - 09:00:26: [afk_manager4.smx] Player count for AFK Move minimum has been reached, feature is now enabled: sm_afk_move_min_players = 4 Current Players = 4
L 10/05/2020 - 09:00:42: [afk_manager4.smx] Player count for AFK Kick minimum has been reached, feature is now enabled: sm_afk_kick_min_players = 6 Current Players = 6
L 10/05/2020 - 09:07:15: [afk_manager4.smx] SA_Rick135<1408><STEAM_1:1:123576958><> was moved to spectate for being AFK too long.
L 10/05/2020 - 09:09:11: [afk_manager4.smx] SA_Rick135<1408><STEAM_1:1:123576958><> was kicked for being AFK too long.
L 10/05/2020 - 09:17:20: [afk_manager4.smx] Player count for AFK Move minimum is below requirements, feature is now disabled: sm_afk_move_min_players = 4 Current Players = 1
L 10/05/2020 - 09:17:20: [afk_manager4.smx] Player count for AFK Kick minimum is below requirements, feature is now disabled: sm_afk_kick_min_players = 6 Current Players = 1
L 10/05/2020 - 09:17:30: [afk_manager4.smx] Player count for AFK Move minimum has been reached, feature is now enabled: sm_afk_move_min_players = 4 Current Players = 4
L 10/05/2020 - 09:17:36: [afk_manager4.smx] Player count for AFK Kick minimum has been reached, feature is now enabled: sm_afk_kick_min_players = 6 Current Players = 6
L 10/05/2020 - 09:20:01: [afk_manager4.smx] SA_Rick135<1416><STEAM_1:1:123576958><> was moved to spectate for being AFK too long.
L 10/05/2020 - 09:36:01: [afk_manager4.smx] Player count for AFK Kick minimum is below requirements, feature is now disabled: sm_afk_kick_min_players = 6 Current Players = 5
L 10/05/2020 - 09:36:33: [afk_manager4.smx] Player count for AFK Move minimum is below requirements, feature is now disabled: sm_afk_move_min_players = 4 Current Players = 1
L 10/05/2020 - 09:37:20: [afk_manager4.smx] Player count for AFK Move minimum has been reached, feature is now enabled: sm_afk_move_min_players = 4 Current Players = 4
L 10/05/2020 - 09:52:09: [afk_manager4.smx] Player count for AFK Move minimum is below requirements, feature is now disabled: sm_afk_move_min_players = 4 Current Players = 3
L 10/05/2020 - 12:05:10: [afk_manager4.smx] Player count for AFK Move minimum has been reached, feature is now enabled: sm_afk_move_min_players = 4 Current Players = 4
L 10/05/2020 - 12:08:31: [afk_manager4.smx] Player count for AFK Kick minimum has been reached, feature is now enabled: sm_afk_kick_min_players = 6 Current Players = 6
L 10/05/2020 - 12:22:08: [afk_manager4.smx] Player count for AFK Move minimum is below requirements, feature is now disabled: sm_afk_move_min_players = 4 Current Players = 1
L 10/05/2020 - 12:22:08: [afk_manager4.smx] Player count for AFK Kick minimum is below requirements, feature is now disabled: sm_afk_kick_min_players = 6 Current Players = 1
L 10/05/2020 - 12:22:15: [afk_manager4.smx] Player count for AFK Move minimum has been reached, feature is now enabled: sm_afk_move_min_players = 4 Current Players = 4
L 10/05/2020 - 12:22:18: [afk_manager4.smx] Player count for AFK Kick minimum has been reached, feature is now enabled: sm_afk_kick_min_players = 6 Current Players = 6
L 10/05/2020 - 12:40:02: [afk_manager4.smx] Player count for AFK Move minimum is below requirements, feature is now disabled: sm_afk_move_min_players = 4 Current Players = 1
L 10/05/2020 - 12:40:02: [afk_manager4.smx] Player count for AFK Kick minimum is below requirements, feature is now disabled: sm_afk_kick_min_players = 6 Current Players = 1
L 10/05/2020 - 12:40:11: [afk_manager4.smx] Player count for AFK Move minimum has been reached, feature is now enabled: sm_afk_move_min_players = 4 Current Players = 4
L 10/05/2020 - 12:40:18: [afk_manager4.smx] Player count for AFK Kick minimum has been reached, feature is now enabled: sm_afk_kick_min_players = 6 Current Players = 6
L 10/05/2020 - 12:59:10: [afk_manager4.smx] Player count for AFK Kick minimum is below requirements, feature is now disabled: sm_afk_kick_min_players = 6 Current Players = 5
L 10/05/2020 - 12:59:32: [afk_manager4.smx] Player count for AFK Move minimum is below requirements, feature is now disabled: sm_afk_move_min_players = 4 Current Players = 1
L 10/05/2020 - 12:59:40: [afk_manager4.smx] Player count for AFK Move minimum has been reached, feature is now enabled: sm_afk_move_min_players = 4 Current Players = 4
L 10/05/2020 - 13:08:12: [afk_manager4.smx] Player count for AFK Kick minimum has been reached, feature is now enabled: sm_afk_kick_min_players = 6 Current Players = 6
L 10/05/2020 - 13:18:51: [afk_manager4.smx] Player count for AFK Move minimum is below requirements, feature is now disabled: sm_afk_move_min_players = 4 Current Players = 0
L 10/05/2020 - 13:18:51: [afk_manager4.smx] Player count for AFK Kick minimum is below requirements, feature is now disabled: sm_afk_kick_min_players = 6 Current Players = 0
L 10/05/2020 - 13:19:00: [afk_manager4.smx] Player count for AFK Move minimum has been reached, feature is now enabled: sm_afk_move_min_players = 4 Current Players = 4
L 10/05/2020 - 13:19:02: [afk_manager4.smx] Player count for AFK Kick minimum has been reached, feature is now enabled: sm_afk_kick_min_players = 6 Current Players = 6
L 10/05/2020 - 13:21:57: [afk_manager4.smx] Player count for AFK Kick minimum is below requirements, feature is now disabled: sm_afk_kick_min_players = 6 Current Players = 5
L 10/05/2020 - 13:23:24: [afk_manager4.smx] Player count for AFK Kick minimum has been reached, feature is now enabled: sm_afk_kick_min_players = 6 Current Players = 6
L 10/05/2020 - 13:25:30: [afk_manager4.smx] Player count for AFK Kick minimum is below requirements, feature is now disabled: sm_afk_kick_min_players = 6 Current Players = 5
L 10/05/2020 - 13:28:45: [afk_manager4.smx] Player count for AFK Move minimum is below requirements, feature is now disabled: sm_afk_move_min_players = 4 Current Players = 3
L 10/05/2020 - 13:41:34: [afk_manager4.smx] Player count for AFK Move minimum has been reached, feature is now enabled: sm_afk_move_min_players = 4 Current Players = 4
L 10/05/2020 - 13:54:05: [afk_manager4.smx] Player count for AFK Move minimum is below requirements, feature is now disabled: sm_afk_move_min_players = 4 Current Players = 3
L 10/05/2020 - 14:23:33: [afk_manager4.smx] Player count for AFK Move minimum has been reached, feature is now enabled: sm_afk_move_min_players = 4 Current Players = 4
L 10/05/2020 - 14:25:39: [afk_manager4.smx] Player count for AFK Kick minimum has been reached, feature is now enabled: sm_afk_kick_min_players = 6 Current Players = 6
L 10/05/2020 - 14:36:56: [afk_manager4.smx] Player count for AFK Move minimum is below requirements, feature is now disabled: sm_afk_move_min_players = 4 Current Players = 0
L 10/05/2020 - 14:36:56: [afk_manager4.smx] Player count for AFK Kick minimum is below requirements, feature is now disabled: sm_afk_kick_min_players = 6 Current Players = 0
L 10/05/2020 - 14:37:02: [afk_manager4.smx] Player count for AFK Move minimum has been reached, feature is now enabled: sm_afk_move_min_players = 4 Current Players = 4
L 10/05/2020 - 14:37:08: [afk_manager4.smx] Player count for AFK Kick minimum has been reached, feature is now enabled: sm_afk_kick_min_players = 6 Current Players = 6
L 10/05/2020 - 14:54:43: [afk_manager4.smx] Player count for AFK Move minimum is below requirements, feature is now disabled: sm_afk_move_min_players = 4 Current Players = 1
L 10/05/2020 - 14:54:43: [afk_manager4.smx] Player count for AFK Kick minimum is below requirements, feature is now disabled: sm_afk_kick_min_players = 6 Current Players = 1
L 10/05/2020 - 14:54:50: [afk_manager4.smx] Player count for AFK Move minimum has been reached, feature is now enabled: sm_afk_move_min_players = 4 Current Players = 4
L 10/05/2020 - 14:55:01: [afk_manager4.smx] Player count for AFK Kick minimum has been reached, feature is now enabled: sm_afk_kick_min_players = 6 Current Players = 6
L 10/05/2020 - 15:10:45: [afk_manager4.smx] Player count for AFK Kick minimum is below requirements, feature is now disabled: sm_afk_kick_min_players = 6 Current Players = 5
L 10/05/2020 - 15:11:15: [afk_manager4.smx] Player count for AFK Move minimum is below requirements, feature is now disabled: sm_afk_move_min_players = 4 Current Players = 1
L 10/05/2020 - 15:11:23: [afk_manager4.smx] Player count for AFK Move minimum has been reached, feature is now enabled: sm_afk_move_min_players = 4 Current Players = 4
L 10/05/2020 - 15:15:44: [afk_manager4.smx] Player count for AFK Kick minimum has been reached, feature is now enabled: sm_afk_kick_min_players = 6 Current Players = 6
L 10/05/2020 - 15:16:48: [afk_manager4.smx] Squidward cs.money<1687><STEAM_1:1:436321411><> was moved to spectate for being AFK too long.
L 10/05/2020 - 15:17:18: [afk_manager4.smx] Stitch<1688><STEAM_1:1:207275681><> was moved to spectate for being AFK too long.
L 10/05/2020 - 15:17:56: [afk_manager4.smx] Squidward cs.money<1687><STEAM_1:1:436321411><> was kicked for being AFK too long.
L 10/05/2020 - 15:17:57: [afk_manager4.smx] Black Jack Black<1685><STEAM_1:0:513795539><> was moved to spectate for being AFK too long.
L 10/05/2020 - 15:24:15: [afk_manager4.smx] ☁𝙉𝙖𝙏𝙚<1689><STEAM_1:0:3103071><> was kicked for being AFK too long.
L 10/05/2020 - 15:28:44: [afk_manager4.smx] Player count for AFK Move minimum is below requirements, feature is now disabled: sm_afk_move_min_players = 4 Current Players = 1
L 10/05/2020 - 15:28:44: [afk_manager4.smx] Player count for AFK Kick minimum is below requirements, feature is now disabled: sm_afk_kick_min_players = 6 Current Players = 1
L 10/05/2020 - 15:28:46: [afk_manager4.smx] Player count for AFK Move minimum has been reached, feature is now enabled: sm_afk_move_min_players = 4 Current Players = 4
L 10/05/2020 - 15:28:53: [afk_manager4.smx] Player count for AFK Kick minimum has been reached, feature is now enabled: sm_afk_kick_min_players = 6 Current Players = 6
L 10/05/2020 - 15:48:37: [afk_manager4.smx] Player count for AFK Kick minimum is below requirements, feature is now disabled: sm_afk_kick_min_players = 6 Current Players = 5
L 10/05/2020 - 15:48:51: [afk_manager4.smx] Player count for AFK Move minimum is below requirements, feature is now disabled: sm_afk_move_min_players = 4 Current Players = 3
L 10/05/2020 - 17:09:39: [afk_manager4.smx] Player count for AFK Move minimum has been reached, feature is now enabled: sm_afk_move_min_players = 4 Current Players = 4
L 10/05/2020 - 17:11:10: [afk_manager4.smx] Player count for AFK Kick minimum has been reached, feature is now enabled: sm_afk_kick_min_players = 6 Current Players = 6
L 10/05/2020 - 17:11:52: [afk_manager4.smx] ✪︎ Aloid<1704><STEAM_1:1:126820759><> was moved to spectate for being AFK too long.
L 10/05/2020 - 17:15:51: [afk_manager4.smx] Player count for AFK Move minimum is below requirements, feature is now disabled: sm_afk_move_min_players = 4 Current Players = 1
L 10/05/2020 - 17:15:51: [afk_manager4.smx] Player count for AFK Kick minimum is below requirements, feature is now disabled: sm_afk_kick_min_players = 6 Current Players = 1
L 10/05/2020 - 17:15:58: [afk_manager4.smx] Player count for AFK Move minimum has been reached, feature is now enabled: sm_afk_move_min_players = 4 Current Players = 4
L 10/05/2020 - 17:16:06: [afk_manager4.smx] Player count for AFK Kick minimum has been reached, feature is now enabled: sm_afk_kick_min_players = 6 Current Players = 6
L 10/05/2020 - 17:17:19: [afk_manager4.smx] ุ<1710><STEAM_1:0:158184015><> was moved to spectate for being AFK too long.
L 10/05/2020 - 17:21:38: [afk_manager4.smx] GrootPeel<1711><STEAM_1:0:519827894><> was kicked for being AFK too long.
L 10/05/2020 - 17:24:58: [afk_manager4.smx] trans7er<1716><STEAM_1:0:180671736><> was moved to spectate for being AFK too long.
L 10/05/2020 - 17:26:06: [afk_manager4.smx] trans7er<1716><STEAM_1:0:180671736><> was kicked for being AFK too long.
L 10/05/2020 - 17:33:16: [afk_manager4.smx] Player count for AFK Move minimum is below requirements, feature is now disabled: sm_afk_move_min_players = 4 Current Players = 1
L 10/05/2020 - 17:33:16: [afk_manager4.smx] Player count for AFK Kick minimum is below requirements, feature is now disabled: sm_afk_kick_min_players = 6 Current Players = 1
L 10/05/2020 - 17:33:19: [afk_manager4.smx] Player count for AFK Move minimum has been reached, feature is now enabled: sm_afk_move_min_players = 4 Current Players = 4
L 10/05/2020 - 17:33:26: [afk_manager4.smx] Player count for AFK Kick minimum has been reached, feature is now enabled: sm_afk_kick_min_players = 6 Current Players = 6
L 10/05/2020 - 17:35:02: [afk_manager4.smx] trans7er<1718><STEAM_1:0:180671736><> was moved to spectate for being AFK too long.
L 10/05/2020 - 17:50:28: [afk_manager4.smx] Player count for AFK Move minimum is below requirements, feature is now disabled: sm_afk_move_min_players = 4 Current Players = 1
L 10/05/2020 - 17:50:28: [afk_manager4.smx] Player count for AFK Kick minimum is below requirements, feature is now disabled: sm_afk_kick_min_players = 6 Current Players = 1
L 10/05/2020 - 17:50:31: [afk_manager4.smx] Player count for AFK Move minimum has been reached, feature is now enabled: sm_afk_move_min_players = 4 Current Players = 4
L 10/05/2020 - 17:50:35: [afk_manager4.smx] Player count for AFK Kick minimum has been reached, feature is now enabled: sm_afk_kick_min_players = 6 Current Players = 6
L 10/05/2020 - 17:59:21: [afk_manager4.smx] ✪︎ Aloid<1704><STEAM_1:1:126820759><> was kicked for being AFK too long.
L 10/05/2020 - 18:07:53: [afk_manager4.smx] Player count for AFK Move minimum is below requirements, feature is now disabled: sm_afk_move_min_players = 4 Current Players = 1
L 10/05/2020 - 18:07:53: [afk_manager4.smx] Player count for AFK Kick minimum is below requirements, feature is now disabled: sm_afk_kick_min_players = 6 Current Players = 1
L 10/05/2020 - 18:07:55: [afk_manager4.smx] Player count for AFK Move minimum has been reached, feature is now enabled: sm_afk_move_min_players = 4 Current Players = 4
L 10/05/2020 - 18:08:00: [afk_manager4.smx] Player count for AFK Kick minimum has been reached, feature is now enabled: sm_afk_kick_min_players = 6 Current Players = 6
L 10/05/2020 - 18:16:33: [afk_manager4.smx] N1CE TRY<1700><STEAM_1:1:512849381><> was moved to spectate for being AFK too long.
L 10/05/2020 - 18:26:39: [afk_manager4.smx] Player count for AFK Move minimum is below requirements, feature is now disabled: sm_afk_move_min_players = 4 Current Players = 1
L 10/05/2020 - 18:26:39: [afk_manager4.smx] Player count for AFK Kick minimum is below requirements, feature is now disabled: sm_afk_kick_min_players = 6 Current Players = 1
L 10/05/2020 - 18:26:43: [afk_manager4.smx] Player count for AFK Move minimum has been reached, feature is now enabled: sm_afk_move_min_players = 4 Current Players = 4
L 10/05/2020 - 18:26:44: [afk_manager4.smx] Player count for AFK Kick minimum has been reached, feature is now enabled: sm_afk_kick_min_players = 6 Current Players = 6
L 10/05/2020 - 18:42:09: [afk_manager4.smx] GrootPeel<1719><STEAM_1:0:519827894><> was moved to spectate for being AFK too long.
L 10/05/2020 - 18:42:25: [afk_manager4.smx] Player count for AFK Kick minimum is below requirements, feature is now disabled: sm_afk_kick_min_players = 6 Current Players = 5
L 10/05/2020 - 18:42:57: [afk_manager4.smx] Player count for AFK Move minimum is below requirements, feature is now disabled: sm_afk_move_min_players = 4 Current Players = 1
L 10/05/2020 - 19:17:52: [afk_manager4.smx] Player count for AFK Move minimum has been reached, feature is now enabled: sm_afk_move_min_players = 4 Current Players = 4
L 10/05/2020 - 19:22:01: [afk_manager4.smx] Player count for AFK Kick minimum has been reached, feature is now enabled: sm_afk_kick_min_players = 6 Current Players = 6
L 10/05/2020 - 19:22:05: [afk_manager4.smx] trans7er<1744><STEAM_1:0:180671736><> was moved to spectate for being AFK too long.
L 10/05/2020 - 19:33:21: [afk_manager4.smx] Player count for AFK Kick minimum is below requirements, feature is now disabled: sm_afk_kick_min_players = 6 Current Players = 5
L 10/05/2020 - 19:33:33: [afk_manager4.smx] Player count for AFK Move minimum is below requirements, feature is now disabled: sm_afk_move_min_players = 4 Current Players = 3
L 10/05/2020 - 19:34:05: [afk_manager4.smx] Player count for AFK Move minimum has been reached, feature is now enabled: sm_afk_move_min_players = 4 Current Players = 4
L 10/05/2020 - 19:34:29: [afk_manager4.smx] Player count for AFK Kick minimum has been reached, feature is now enabled: sm_afk_kick_min_players = 6 Current Players = 6
L 10/05/2020 - 19:37:47: [afk_manager4.smx] N1CE TRY<1761><STEAM_1:1:512849381><> was moved to spectate for being AFK too long.
L 10/05/2020 - 19:44:51: [afk_manager4.smx] CrovAx<1755><STEAM_1:0:423341713><> was moved to spectate for being AFK too long.
L 10/05/2020 - 19:53:16: [afk_manager4.smx] Player count for AFK Move minimum is below requirements, feature is now disabled: sm_afk_move_min_players = 4 Current Players = 1
L 10/05/2020 - 19:53:16: [afk_manager4.smx] Player count for AFK Kick minimum is below requirements, feature is now disabled: sm_afk_kick_min_players = 6 Current Players = 1
L 10/05/2020 - 19:53:24: [afk_manager4.smx] Player count for AFK Move minimum has been reached, feature is now enabled: sm_afk_move_min_players = 4 Current Players = 4
L 10/05/2020 - 19:53:39: [afk_manager4.smx] Player count for AFK Kick minimum has been reached, feature is now enabled: sm_afk_kick_min_players = 6 Current Players = 6
L 10/05/2020 - 20:12:09: [afk_manager4.smx] Player count for AFK Move minimum is below requirements, feature is now disabled: sm_afk_move_min_players = 4 Current Players = 1
L 10/05/2020 - 20:12:09: [afk_manager4.smx] Player count for AFK Kick minimum is below requirements, feature is now disabled: sm_afk_kick_min_players = 6 Current Players = 1
L 10/05/2020 - 20:12:13: [afk_manager4.smx] Player count for AFK Move minimum has been reached, feature is now enabled: sm_afk_move_min_players = 4 Current Players = 4
L 10/05/2020 - 20:12:27: [afk_manager4.smx] Player count for AFK Kick minimum has been reached, feature is now enabled: sm_afk_kick_min_players = 6 Current Players = 6
L 10/05/2020 - 20:26:02: [afk_manager4.smx] josheii<1779><STEAM_1:0:491354658><> was kicked for being AFK too long.
L 10/05/2020 - 20:47:53: [afk_manager4.smx] Player count for AFK Move minimum is below requirements, feature is now disabled: sm_afk_move_min_players = 4 Current Players = 1
L 10/05/2020 - 20:47:53: [afk_manager4.smx] Player count for AFK Kick minimum is below requirements, feature is now disabled: sm_afk_kick_min_players = 6 Current Players = 1
L 10/05/2020 - 20:47:55: [afk_manager4.smx] Player count for AFK Move minimum has been reached, feature is now enabled: sm_afk_move_min_players = 4 Current Players = 4
L 10/05/2020 - 20:47:56: [afk_manager4.smx] Player count for AFK Kick minimum has been reached, feature is now enabled: sm_afk_kick_min_players = 6 Current Players = 6
L 10/05/2020 - 20:49:24: [afk_manager4.smx] unknowN_<1768><STEAM_1:0:42966642><> was moved to spectate for being AFK too long.
L 10/05/2020 - 20:58:56: [afk_manager4.smx] Player count for AFK Kick minimum is below requirements, feature is now disabled: sm_afk_kick_min_players = 6 Current Players = 5
L 10/05/2020 - 21:00:11: [afk_manager4.smx] Player count for AFK Kick minimum has been reached, feature is now enabled: sm_afk_kick_min_players = 6 Current Players = 6
L 10/05/2020 - 21:02:48: [afk_manager4.smx] N1CE TRY<1761><STEAM_1:1:512849381><> was moved to spectate for being AFK too long.
L 10/05/2020 - 21:19:17: [afk_manager4.smx] Player count for AFK Move minimum is below requirements, feature is now disabled: sm_afk_move_min_players = 4 Current Players = 1
L 10/05/2020 - 21:19:17: [afk_manager4.smx] Player count for AFK Kick minimum is below requirements, feature is now disabled: sm_afk_kick_min_players = 6 Current Players = 1
L 10/05/2020 - 21:19:23: [afk_manager4.smx] Player count for AFK Move minimum has been reached, feature is now enabled: sm_afk_move_min_players = 4 Current Players = 4
L 10/05/2020 - 21:19:52: [afk_manager4.smx] Player count for AFK Kick minimum has been reached, feature is now enabled: sm_afk_kick_min_players = 6 Current Players = 6
L 10/05/2020 - 21:34:45: [afk_manager4.smx] Player count for AFK Kick minimum is below requirements, feature is now disabled: sm_afk_kick_min_players = 6 Current Players = 5
L 10/05/2020 - 21:34:52: [afk_manager4.smx] Player count for AFK Move minimum is below requirements, feature is now disabled: sm_afk_move_min_players = 4 Current Players = 3
L 10/05/2020 - 22:43:59: [afk_manager4.smx] Player count for AFK Move minimum has been reached, feature is now enabled: sm_afk_move_min_players = 4 Current Players = 4
L 10/05/2020 - 22:52:46: [afk_manager4.smx] Player count for AFK Move minimum is below requirements, feature is now disabled: sm_afk_move_min_players = 4 Current Players = 1
L 10/05/2020 - 22:52:49: [afk_manager4.smx] Player count for AFK Move minimum has been reached, feature is now enabled: sm_afk_move_min_players = 4 Current Players = 4
L 10/05/2020 - 22:56:21: [afk_manager4.smx] Player count for AFK Kick minimum has been reached, feature is now enabled: sm_afk_kick_min_players = 6 Current Players = 6
L 10/05/2020 - 23:09:43: [afk_manager4.smx] Player count for AFK Move minimum is below requirements, feature is now disabled: sm_afk_move_min_players = 4 Current Players = 1
L 10/05/2020 - 23:09:43: [afk_manager4.smx] Player count for AFK Kick minimum is below requirements, feature is now disabled: sm_afk_kick_min_players = 6 Current Players = 1
L 10/05/2020 - 23:09:45: [afk_manager4.smx] Player count for AFK Move minimum has been reached, feature is now enabled: sm_afk_move_min_players = 4 Current Players = 4
L 10/05/2020 - 23:09:49: [afk_manager4.smx] Player count for AFK Kick minimum has been reached, feature is now enabled: sm_afk_kick_min_players = 6 Current Players = 6
L 10/05/2020 - 23:14:10: [afk_manager4.smx] SmolMan<1799><STEAM_1:1:553720138><> was moved to spectate for being AFK too long.
L 10/05/2020 - 23:14:37: [afk_manager4.smx] Danger Dave<1810><STEAM_1:0:223337364><> was moved to spectate for being AFK too long.
L 10/05/2020 - 23:26:23: [afk_manager4.smx] You Mad Sus<1800><STEAM_1:0:559233685><> was moved to spectate for being AFK too long.
L 10/05/2020 - 23:30:12: [afk_manager4.smx] Player count for AFK Move minimum is below requirements, feature is now disabled: sm_afk_move_min_players = 4 Current Players = 1
L 10/05/2020 - 23:30:12: [afk_manager4.smx] Player count for AFK Kick minimum is below requirements, feature is now disabled: sm_afk_kick_min_players = 6 Current Players = 1
L 10/05/2020 - 23:30:16: [afk_manager4.smx] Player count for AFK Move minimum has been reached, feature is now enabled: sm_afk_move_min_players = 4 Current Players = 4
L 10/05/2020 - 23:30:17: [afk_manager4.smx] Player count for AFK Kick minimum has been reached, feature is now enabled: sm_afk_kick_min_players = 6 Current Players = 6
L 10/05/2020 - 23:47:57: [afk_manager4.smx] Player count for AFK Move minimum is below requirements, feature is now disabled: sm_afk_move_min_players = 4 Current Players = 0
L 10/05/2020 - 23:47:57: [afk_manager4.smx] Player count for AFK Kick minimum is below requirements, feature is now disabled: sm_afk_kick_min_players = 6 Current Players = 0
L 10/05/2020 - 23:48:04: [afk_manager4.smx] Player count for AFK Move minimum has been reached, feature is now enabled: sm_afk_move_min_players = 4 Current Players = 4
L 10/05/2020 - 23:48:35: [afk_manager4.smx] Player count for AFK Kick minimum has been reached, feature is now enabled: sm_afk_kick_min_players = 6 Current Players = 6
L 10/05/2020 - 23:58:20: [afk_manager4.smx] Stormtdt<1818><STEAM_1:1:166110833><> was kicked for being AFK too long.
