L 07/22/2020 - 00:06:01: [afk_manager4.smx] Player count for AFK Move minimum is below requirements, feature is now disabled: sm_afk_move_min_players = 4 Current Players = 1
L 07/22/2020 - 00:06:01: [afk_manager4.smx] Player count for AFK Kick minimum is below requirements, feature is now disabled: sm_afk_kick_min_players = 6 Current Players = 1
L 07/22/2020 - 00:06:08: [afk_manager4.smx] Player count for AFK Move minimum has been reached, feature is now enabled: sm_afk_move_min_players = 4 Current Players = 4
L 07/22/2020 - 00:06:30: [afk_manager4.smx] Player count for AFK Kick minimum has been reached, feature is now enabled: sm_afk_kick_min_players = 6 Current Players = 6
L 07/22/2020 - 00:17:31: [afk_manager4.smx] X_Mr J_X<38><STEAM_1:0:175660890><> was moved to spectate for being AFK too long.
L 07/22/2020 - 00:20:03: [afk_manager4.smx] ΔL!¢Σ™<41><STEAM_1:1:195042069><> was moved to spectate for being AFK too long.
L 07/22/2020 - 00:24:23: [afk_manager4.smx] Player count for AFK Move minimum is below requirements, feature is now disabled: sm_afk_move_min_players = 4 Current Players = 1
L 07/22/2020 - 00:24:23: [afk_manager4.smx] Player count for AFK Kick minimum is below requirements, feature is now disabled: sm_afk_kick_min_players = 6 Current Players = 1
L 07/22/2020 - 00:24:45: [afk_manager4.smx] Player count for AFK Move minimum has been reached, feature is now enabled: sm_afk_move_min_players = 4 Current Players = 4
L 07/22/2020 - 00:25:16: [afk_manager4.smx] Player count for AFK Kick minimum has been reached, feature is now enabled: sm_afk_kick_min_players = 6 Current Players = 6
L 07/22/2020 - 00:39:52: [afk_manager4.smx] Player count for AFK Kick minimum is below requirements, feature is now disabled: sm_afk_kick_min_players = 6 Current Players = 5
L 07/22/2020 - 00:40:27: [afk_manager4.smx] Player count for AFK Move minimum is below requirements, feature is now disabled: sm_afk_move_min_players = 4 Current Players = 1
L 07/22/2020 - 00:40:51: [afk_manager4.smx] Player count for AFK Move minimum has been reached, feature is now enabled: sm_afk_move_min_players = 4 Current Players = 4
L 07/22/2020 - 00:42:10: [afk_manager4.smx] dr3adz<45><STEAM_1:1:74669983><> was moved to spectate for being AFK too long.
L 07/22/2020 - 00:56:53: [afk_manager4.smx] Player count for AFK Move minimum is below requirements, feature is now disabled: sm_afk_move_min_players = 4 Current Players = 1
L 07/22/2020 - 00:57:07: [afk_manager4.smx] Player count for AFK Move minimum has been reached, feature is now enabled: sm_afk_move_min_players = 4 Current Players = 4
L 07/22/2020 - 00:58:03: [afk_manager4.smx] Player count for AFK Kick minimum has been reached, feature is now enabled: sm_afk_kick_min_players = 6 Current Players = 6
L 07/22/2020 - 01:13:55: [afk_manager4.smx] Player count for AFK Move minimum is below requirements, feature is now disabled: sm_afk_move_min_players = 4 Current Players = 1
L 07/22/2020 - 01:13:55: [afk_manager4.smx] Player count for AFK Kick minimum is below requirements, feature is now disabled: sm_afk_kick_min_players = 6 Current Players = 1
L 07/22/2020 - 01:14:15: [afk_manager4.smx] Player count for AFK Move minimum has been reached, feature is now enabled: sm_afk_move_min_players = 4 Current Players = 4
L 07/22/2020 - 01:30:30: [afk_manager4.smx] Player count for AFK Move minimum is below requirements, feature is now disabled: sm_afk_move_min_players = 4 Current Players = 3
L 07/22/2020 - 03:20:51: [afk_manager4.smx] Player count for AFK Move minimum has been reached, feature is now enabled: sm_afk_move_min_players = 4 Current Players = 4
L 07/22/2020 - 03:21:37: [afk_manager4.smx] Player count for AFK Move minimum is below requirements, feature is now disabled: sm_afk_move_min_players = 4 Current Players = 1
L 07/22/2020 - 03:21:49: [afk_manager4.smx] Player count for AFK Move minimum has been reached, feature is now enabled: sm_afk_move_min_players = 4 Current Players = 4
L 07/22/2020 - 03:23:15: [afk_manager4.smx] Player count for AFK Kick minimum has been reached, feature is now enabled: sm_afk_kick_min_players = 6 Current Players = 6
L 07/22/2020 - 03:42:41: [afk_manager4.smx] Player count for AFK Move minimum is below requirements, feature is now disabled: sm_afk_move_min_players = 4 Current Players = 1
L 07/22/2020 - 03:42:41: [afk_manager4.smx] Player count for AFK Kick minimum is below requirements, feature is now disabled: sm_afk_kick_min_players = 6 Current Players = 1
L 07/22/2020 - 03:42:47: [afk_manager4.smx] Player count for AFK Move minimum has been reached, feature is now enabled: sm_afk_move_min_players = 4 Current Players = 4
L 07/22/2020 - 03:42:48: [afk_manager4.smx] Player count for AFK Kick minimum has been reached, feature is now enabled: sm_afk_kick_min_players = 6 Current Players = 6
L 07/22/2020 - 04:02:08: [afk_manager4.smx] Player count for AFK Move minimum is below requirements, feature is now disabled: sm_afk_move_min_players = 4 Current Players = 1
L 07/22/2020 - 04:02:08: [afk_manager4.smx] Player count for AFK Kick minimum is below requirements, feature is now disabled: sm_afk_kick_min_players = 6 Current Players = 1
L 07/22/2020 - 04:02:11: [afk_manager4.smx] Player count for AFK Move minimum has been reached, feature is now enabled: sm_afk_move_min_players = 4 Current Players = 4
L 07/22/2020 - 04:02:12: [afk_manager4.smx] Player count for AFK Kick minimum has been reached, feature is now enabled: sm_afk_kick_min_players = 6 Current Players = 6
L 07/22/2020 - 04:23:02: [afk_manager4.smx] Player count for AFK Move minimum is below requirements, feature is now disabled: sm_afk_move_min_players = 4 Current Players = 1
L 07/22/2020 - 04:23:02: [afk_manager4.smx] Player count for AFK Kick minimum is below requirements, feature is now disabled: sm_afk_kick_min_players = 6 Current Players = 1
L 07/22/2020 - 04:23:04: [afk_manager4.smx] Player count for AFK Move minimum has been reached, feature is now enabled: sm_afk_move_min_players = 4 Current Players = 4
L 07/22/2020 - 04:23:06: [afk_manager4.smx] Player count for AFK Kick minimum has been reached, feature is now enabled: sm_afk_kick_min_players = 6 Current Players = 6
L 07/22/2020 - 04:41:32: [afk_manager4.smx] Player count for AFK Kick minimum is below requirements, feature is now disabled: sm_afk_kick_min_players = 6 Current Players = 5
L 07/22/2020 - 04:41:40: [afk_manager4.smx] Player count for AFK Move minimum is below requirements, feature is now disabled: sm_afk_move_min_players = 4 Current Players = 3
L 07/22/2020 - 08:07:29: [afk_manager4.smx] Player count for AFK Move minimum has been reached, feature is now enabled: sm_afk_move_min_players = 4 Current Players = 4
L 07/22/2020 - 08:11:54: [afk_manager4.smx] Player count for AFK Kick minimum has been reached, feature is now enabled: sm_afk_kick_min_players = 6 Current Players = 6
L 07/22/2020 - 08:14:55: [afk_manager4.smx] Player count for AFK Move minimum is below requirements, feature is now disabled: sm_afk_move_min_players = 4 Current Players = 1
L 07/22/2020 - 08:14:55: [afk_manager4.smx] Player count for AFK Kick minimum is below requirements, feature is now disabled: sm_afk_kick_min_players = 6 Current Players = 1
L 07/22/2020 - 08:14:58: [afk_manager4.smx] Player count for AFK Move minimum has been reached, feature is now enabled: sm_afk_move_min_players = 4 Current Players = 4
L 07/22/2020 - 08:15:01: [afk_manager4.smx] Player count for AFK Kick minimum has been reached, feature is now enabled: sm_afk_kick_min_players = 6 Current Players = 6
L 07/22/2020 - 08:27:15: [afk_manager4.smx] RyzEm<235><STEAM_1:0:221460753><> was moved to spectate for being AFK too long.
L 07/22/2020 - 08:48:45: [afk_manager4.smx] S1lent<241><STEAM_1:0:512899455><> was moved to spectate for being AFK too long.
L 07/22/2020 - 08:52:45: [afk_manager4.smx] Player count for AFK Move minimum is below requirements, feature is now disabled: sm_afk_move_min_players = 4 Current Players = 1
L 07/22/2020 - 08:52:45: [afk_manager4.smx] Player count for AFK Kick minimum is below requirements, feature is now disabled: sm_afk_kick_min_players = 6 Current Players = 1
L 07/22/2020 - 08:52:55: [afk_manager4.smx] Player count for AFK Move minimum has been reached, feature is now enabled: sm_afk_move_min_players = 4 Current Players = 4
L 07/22/2020 - 09:00:42: [afk_manager4.smx] Player count for AFK Kick minimum has been reached, feature is now enabled: sm_afk_kick_min_players = 6 Current Players = 6
L 07/22/2020 - 09:11:20: [afk_manager4.smx] Player count for AFK Move minimum is below requirements, feature is now disabled: sm_afk_move_min_players = 4 Current Players = 1
L 07/22/2020 - 09:11:20: [afk_manager4.smx] Player count for AFK Kick minimum is below requirements, feature is now disabled: sm_afk_kick_min_players = 6 Current Players = 1
L 07/22/2020 - 09:11:28: [afk_manager4.smx] Player count for AFK Move minimum has been reached, feature is now enabled: sm_afk_move_min_players = 4 Current Players = 4
L 07/22/2020 - 09:11:33: [afk_manager4.smx] Player count for AFK Kick minimum has been reached, feature is now enabled: sm_afk_kick_min_players = 6 Current Players = 6
L 07/22/2020 - 09:28:10: [afk_manager4.smx] Player count for AFK Move minimum is below requirements, feature is now disabled: sm_afk_move_min_players = 4 Current Players = 1
L 07/22/2020 - 09:28:10: [afk_manager4.smx] Player count for AFK Kick minimum is below requirements, feature is now disabled: sm_afk_kick_min_players = 6 Current Players = 1
L 07/22/2020 - 09:28:12: [afk_manager4.smx] Player count for AFK Move minimum has been reached, feature is now enabled: sm_afk_move_min_players = 4 Current Players = 4
L 07/22/2020 - 09:28:15: [afk_manager4.smx] Player count for AFK Kick minimum has been reached, feature is now enabled: sm_afk_kick_min_players = 6 Current Players = 6
L 07/22/2020 - 09:29:21: [afk_manager4.smx] •°CyKo°•<249><STEAM_1:1:240921315><> was moved to spectate for being AFK too long.
L 07/22/2020 - 09:31:13: [afk_manager4.smx] •°CyKo°•<249><STEAM_1:1:240921315><> was kicked for being AFK too long.
L 07/22/2020 - 09:47:13: [afk_manager4.smx] Player count for AFK Move minimum is below requirements, feature is now disabled: sm_afk_move_min_players = 4 Current Players = 1
L 07/22/2020 - 09:47:13: [afk_manager4.smx] Player count for AFK Kick minimum is below requirements, feature is now disabled: sm_afk_kick_min_players = 6 Current Players = 1
L 07/22/2020 - 09:47:19: [afk_manager4.smx] Player count for AFK Move minimum has been reached, feature is now enabled: sm_afk_move_min_players = 4 Current Players = 4
L 07/22/2020 - 09:47:24: [afk_manager4.smx] Player count for AFK Kick minimum has been reached, feature is now enabled: sm_afk_kick_min_players = 6 Current Players = 6
L 07/22/2020 - 09:57:25: [afk_manager4.smx] SNAK3BIT3<269><STEAM_1:0:117783959><> was moved to spectate for being AFK too long.
L 07/22/2020 - 10:26:28: [afk_manager4.smx] Player count for AFK Move minimum is below requirements, feature is now disabled: sm_afk_move_min_players = 4 Current Players = 1
L 07/22/2020 - 10:26:28: [afk_manager4.smx] Player count for AFK Kick minimum is below requirements, feature is now disabled: sm_afk_kick_min_players = 6 Current Players = 1
L 07/22/2020 - 10:26:39: [afk_manager4.smx] Player count for AFK Move minimum has been reached, feature is now enabled: sm_afk_move_min_players = 4 Current Players = 4
L 07/22/2020 - 10:26:41: [afk_manager4.smx] Player count for AFK Kick minimum has been reached, feature is now enabled: sm_afk_kick_min_players = 6 Current Players = 6
L 07/22/2020 - 10:43:39: [afk_manager4.smx] Player count for AFK Kick minimum is below requirements, feature is now disabled: sm_afk_kick_min_players = 6 Current Players = 5
L 07/22/2020 - 10:44:15: [afk_manager4.smx] Player count for AFK Move minimum is below requirements, feature is now disabled: sm_afk_move_min_players = 4 Current Players = 1
L 07/22/2020 - 10:44:21: [afk_manager4.smx] Player count for AFK Move minimum has been reached, feature is now enabled: sm_afk_move_min_players = 4 Current Players = 4
L 07/22/2020 - 10:51:09: [afk_manager4.smx] Player count for AFK Kick minimum has been reached, feature is now enabled: sm_afk_kick_min_players = 6 Current Players = 6
L 07/22/2020 - 10:59:42: [afk_manager4.smx] 𝘚 𝘩 𝘢 𝘳 𝘬 𝘺<291><STEAM_1:0:444287830><> was moved to spectate for being AFK too long.
L 07/22/2020 - 11:00:34: [afk_manager4.smx] Player count for AFK Move minimum is below requirements, feature is now disabled: sm_afk_move_min_players = 4 Current Players = 1
L 07/22/2020 - 11:00:34: [afk_manager4.smx] Player count for AFK Kick minimum is below requirements, feature is now disabled: sm_afk_kick_min_players = 6 Current Players = 1
L 07/22/2020 - 11:00:42: [afk_manager4.smx] Player count for AFK Move minimum has been reached, feature is now enabled: sm_afk_move_min_players = 4 Current Players = 4
L 07/22/2020 - 11:01:19: [afk_manager4.smx] Player count for AFK Kick minimum has been reached, feature is now enabled: sm_afk_kick_min_players = 6 Current Players = 6
L 07/22/2020 - 11:12:37: [afk_manager4.smx] What you doing step ladder???<300><STEAM_1:0:542193322><> was moved to spectate for being AFK too long.
L 07/22/2020 - 11:20:49: [afk_manager4.smx] Player count for AFK Move minimum is below requirements, feature is now disabled: sm_afk_move_min_players = 4 Current Players = 1
L 07/22/2020 - 11:20:49: [afk_manager4.smx] Player count for AFK Kick minimum is below requirements, feature is now disabled: sm_afk_kick_min_players = 6 Current Players = 1
L 07/22/2020 - 11:20:58: [afk_manager4.smx] Player count for AFK Move minimum has been reached, feature is now enabled: sm_afk_move_min_players = 4 Current Players = 4
L 07/22/2020 - 11:20:59: [afk_manager4.smx] Player count for AFK Kick minimum has been reached, feature is now enabled: sm_afk_kick_min_players = 6 Current Players = 6
L 07/22/2020 - 11:27:59: [afk_manager4.smx] BulleT<289><STEAM_1:0:167042378><> was moved to spectate for being AFK too long.
L 07/22/2020 - 11:38:52: [afk_manager4.smx] Player count for AFK Move minimum is below requirements, feature is now disabled: sm_afk_move_min_players = 4 Current Players = 1
L 07/22/2020 - 11:38:52: [afk_manager4.smx] Player count for AFK Kick minimum is below requirements, feature is now disabled: sm_afk_kick_min_players = 6 Current Players = 1
L 07/22/2020 - 11:39:01: [afk_manager4.smx] Player count for AFK Move minimum has been reached, feature is now enabled: sm_afk_move_min_players = 4 Current Players = 4
L 07/22/2020 - 11:39:03: [afk_manager4.smx] Player count for AFK Kick minimum has been reached, feature is now enabled: sm_afk_kick_min_players = 6 Current Players = 6
L 07/22/2020 - 11:55:51: [afk_manager4.smx] Player count for AFK Move minimum is below requirements, feature is now disabled: sm_afk_move_min_players = 4 Current Players = 1
L 07/22/2020 - 11:55:51: [afk_manager4.smx] Player count for AFK Kick minimum is below requirements, feature is now disabled: sm_afk_kick_min_players = 6 Current Players = 1
L 07/22/2020 - 11:55:57: [afk_manager4.smx] Player count for AFK Move minimum has been reached, feature is now enabled: sm_afk_move_min_players = 4 Current Players = 4
L 07/22/2020 - 11:55:59: [afk_manager4.smx] Player count for AFK Kick minimum has been reached, feature is now enabled: sm_afk_kick_min_players = 6 Current Players = 6
L 07/22/2020 - 11:57:15: [afk_manager4.smx] ok boomer<308><STEAM_1:1:39887960><> was moved to spectate for being AFK too long.
L 07/22/2020 - 11:58:23: [afk_manager4.smx] ok boomer<308><STEAM_1:1:39887960><> was kicked for being AFK too long.
L 07/22/2020 - 12:06:31: [afk_manager4.smx] Gus<329><STEAM_1:0:66846482><> was moved to spectate for being AFK too long.
L 07/22/2020 - 12:16:41: [afk_manager4.smx] Player count for AFK Kick minimum is below requirements, feature is now disabled: sm_afk_kick_min_players = 6 Current Players = 5
L 07/22/2020 - 12:19:53: [afk_manager4.smx] Player count for AFK Move minimum is below requirements, feature is now disabled: sm_afk_move_min_players = 4 Current Players = 3
L 07/22/2020 - 12:42:18: [afk_manager4.smx] Player count for AFK Move minimum has been reached, feature is now enabled: sm_afk_move_min_players = 4 Current Players = 4
L 07/22/2020 - 12:53:45: [afk_manager4.smx] Player count for AFK Kick minimum has been reached, feature is now enabled: sm_afk_kick_min_players = 6 Current Players = 6
L 07/22/2020 - 12:58:53: [afk_manager4.smx] Player count for AFK Move minimum is below requirements, feature is now disabled: sm_afk_move_min_players = 4 Current Players = 1
L 07/22/2020 - 12:58:53: [afk_manager4.smx] Player count for AFK Kick minimum is below requirements, feature is now disabled: sm_afk_kick_min_players = 6 Current Players = 1
L 07/22/2020 - 12:59:01: [afk_manager4.smx] Player count for AFK Move minimum has been reached, feature is now enabled: sm_afk_move_min_players = 4 Current Players = 4
L 07/22/2020 - 12:59:03: [afk_manager4.smx] Player count for AFK Kick minimum has been reached, feature is now enabled: sm_afk_kick_min_players = 6 Current Players = 6
L 07/22/2020 - 13:01:18: [afk_manager4.smx] SovietBappo<368><STEAM_1:0:512835066><> was moved to spectate for being AFK too long.
L 07/22/2020 - 13:03:05: [afk_manager4.smx] SovietBappo<368><STEAM_1:0:512835066><> was kicked for being AFK too long.
L 07/22/2020 - 13:19:44: [afk_manager4.smx] Player count for AFK Move minimum is below requirements, feature is now disabled: sm_afk_move_min_players = 4 Current Players = 1
L 07/22/2020 - 13:19:44: [afk_manager4.smx] Player count for AFK Kick minimum is below requirements, feature is now disabled: sm_afk_kick_min_players = 6 Current Players = 1
L 07/22/2020 - 13:19:51: [afk_manager4.smx] Player count for AFK Move minimum has been reached, feature is now enabled: sm_afk_move_min_players = 4 Current Players = 4
L 07/22/2020 - 13:19:53: [afk_manager4.smx] Player count for AFK Kick minimum has been reached, feature is now enabled: sm_afk_kick_min_players = 6 Current Players = 6
L 07/22/2020 - 13:39:34: [afk_manager4.smx] Player count for AFK Move minimum is below requirements, feature is now disabled: sm_afk_move_min_players = 4 Current Players = 1
L 07/22/2020 - 13:39:34: [afk_manager4.smx] Player count for AFK Kick minimum is below requirements, feature is now disabled: sm_afk_kick_min_players = 6 Current Players = 1
L 07/22/2020 - 13:39:38: [afk_manager4.smx] Player count for AFK Move minimum has been reached, feature is now enabled: sm_afk_move_min_players = 4 Current Players = 4
L 07/22/2020 - 13:39:40: [afk_manager4.smx] Player count for AFK Kick minimum has been reached, feature is now enabled: sm_afk_kick_min_players = 6 Current Players = 6
L 07/22/2020 - 13:41:37: [afk_manager4.smx] ILJC Twizyy<384><STEAM_1:0:221460753><> was moved to spectate for being AFK too long.
L 07/22/2020 - 13:42:31: [afk_manager4.smx] !!₱Ɇ₦₦Ɏ!!<363><STEAM_1:0:501373649><> was moved to spectate for being AFK too long.
L 07/22/2020 - 13:42:48: [afk_manager4.smx] ILJC Twizyy<384><STEAM_1:0:221460753><> was kicked for being AFK too long.
L 07/22/2020 - 13:58:24: [afk_manager4.smx] Player count for AFK Move minimum is below requirements, feature is now disabled: sm_afk_move_min_players = 4 Current Players = 1
L 07/22/2020 - 13:58:24: [afk_manager4.smx] Player count for AFK Kick minimum is below requirements, feature is now disabled: sm_afk_kick_min_players = 6 Current Players = 1
L 07/22/2020 - 13:58:33: [afk_manager4.smx] Player count for AFK Move minimum has been reached, feature is now enabled: sm_afk_move_min_players = 4 Current Players = 4
L 07/22/2020 - 13:58:38: [afk_manager4.smx] Player count for AFK Kick minimum has been reached, feature is now enabled: sm_afk_kick_min_players = 6 Current Players = 6
L 07/22/2020 - 13:59:33: [afk_manager4.smx] w0ken ☁<391><STEAM_1:0:525621564><> was moved to spectate for being AFK too long.
L 07/22/2020 - 14:16:20: [afk_manager4.smx] Player count for AFK Move minimum is below requirements, feature is now disabled: sm_afk_move_min_players = 4 Current Players = 1
L 07/22/2020 - 14:16:20: [afk_manager4.smx] Player count for AFK Kick minimum is below requirements, feature is now disabled: sm_afk_kick_min_players = 6 Current Players = 1
L 07/22/2020 - 14:16:25: [afk_manager4.smx] Player count for AFK Move minimum has been reached, feature is now enabled: sm_afk_move_min_players = 4 Current Players = 4
L 07/22/2020 - 14:16:30: [afk_manager4.smx] Player count for AFK Kick minimum has been reached, feature is now enabled: sm_afk_kick_min_players = 6 Current Players = 6
L 07/22/2020 - 14:18:52: [afk_manager4.smx] Raptor<370><STEAM_1:1:555646333><> was moved to spectate for being AFK too long.
L 07/22/2020 - 14:33:41: [afk_manager4.smx] Player count for AFK Move minimum is below requirements, feature is now disabled: sm_afk_move_min_players = 4 Current Players = 1
L 07/22/2020 - 14:33:41: [afk_manager4.smx] Player count for AFK Kick minimum is below requirements, feature is now disabled: sm_afk_kick_min_players = 6 Current Players = 1
L 07/22/2020 - 14:33:46: [afk_manager4.smx] Player count for AFK Move minimum has been reached, feature is now enabled: sm_afk_move_min_players = 4 Current Players = 4
L 07/22/2020 - 14:34:17: [afk_manager4.smx] Player count for AFK Kick minimum has been reached, feature is now enabled: sm_afk_kick_min_players = 6 Current Players = 6
L 07/22/2020 - 14:52:09: [afk_manager4.smx] Player count for AFK Move minimum is below requirements, feature is now disabled: sm_afk_move_min_players = 4 Current Players = 1
L 07/22/2020 - 14:52:09: [afk_manager4.smx] Player count for AFK Kick minimum is below requirements, feature is now disabled: sm_afk_kick_min_players = 6 Current Players = 1
L 07/22/2020 - 14:52:18: [afk_manager4.smx] Player count for AFK Move minimum has been reached, feature is now enabled: sm_afk_move_min_players = 4 Current Players = 4
L 07/22/2020 - 14:53:21: [afk_manager4.smx] Player count for AFK Kick minimum has been reached, feature is now enabled: sm_afk_kick_min_players = 6 Current Players = 6
L 07/22/2020 - 15:11:46: [afk_manager4.smx] Player count for AFK Move minimum is below requirements, feature is now disabled: sm_afk_move_min_players = 4 Current Players = 1
L 07/22/2020 - 15:11:46: [afk_manager4.smx] Player count for AFK Kick minimum is below requirements, feature is now disabled: sm_afk_kick_min_players = 6 Current Players = 1
L 07/22/2020 - 15:11:48: [afk_manager4.smx] Player count for AFK Move minimum has been reached, feature is now enabled: sm_afk_move_min_players = 4 Current Players = 4
L 07/22/2020 - 15:11:56: [afk_manager4.smx] Player count for AFK Kick minimum has been reached, feature is now enabled: sm_afk_kick_min_players = 6 Current Players = 6
L 07/22/2020 - 15:31:33: [afk_manager4.smx] Player count for AFK Move minimum is below requirements, feature is now disabled: sm_afk_move_min_players = 4 Current Players = 1
L 07/22/2020 - 15:31:33: [afk_manager4.smx] Player count for AFK Kick minimum is below requirements, feature is now disabled: sm_afk_kick_min_players = 6 Current Players = 1
L 07/22/2020 - 15:31:40: [afk_manager4.smx] Player count for AFK Move minimum has been reached, feature is now enabled: sm_afk_move_min_players = 4 Current Players = 4
L 07/22/2020 - 15:31:42: [afk_manager4.smx] Player count for AFK Kick minimum has been reached, feature is now enabled: sm_afk_kick_min_players = 6 Current Players = 6
L 07/22/2020 - 15:49:19: [afk_manager4.smx] Player count for AFK Move minimum is below requirements, feature is now disabled: sm_afk_move_min_players = 4 Current Players = 1
L 07/22/2020 - 15:49:19: [afk_manager4.smx] Player count for AFK Kick minimum is below requirements, feature is now disabled: sm_afk_kick_min_players = 6 Current Players = 1
L 07/22/2020 - 15:49:24: [afk_manager4.smx] Player count for AFK Move minimum has been reached, feature is now enabled: sm_afk_move_min_players = 4 Current Players = 4
L 07/22/2020 - 15:49:27: [afk_manager4.smx] Player count for AFK Kick minimum has been reached, feature is now enabled: sm_afk_kick_min_players = 6 Current Players = 6
L 07/22/2020 - 15:53:59: [afk_manager4.smx] DaJaCKaL<434><STEAM_1:1:50459939><> was moved to spectate for being AFK too long.
L 07/22/2020 - 15:57:31: [afk_manager4.smx] Reflexx<455><STEAM_1:1:206911918><> was kicked for being AFK too long.
L 07/22/2020 - 16:10:12: [afk_manager4.smx] Player count for AFK Move minimum is below requirements, feature is now disabled: sm_afk_move_min_players = 4 Current Players = 1
L 07/22/2020 - 16:10:12: [afk_manager4.smx] Player count for AFK Kick minimum is below requirements, feature is now disabled: sm_afk_kick_min_players = 6 Current Players = 1
L 07/22/2020 - 16:10:15: [afk_manager4.smx] Player count for AFK Move minimum has been reached, feature is now enabled: sm_afk_move_min_players = 4 Current Players = 4
L 07/22/2020 - 16:10:24: [afk_manager4.smx] Player count for AFK Kick minimum has been reached, feature is now enabled: sm_afk_kick_min_players = 6 Current Players = 6
L 07/22/2020 - 16:25:47: [afk_manager4.smx] Illegal Sloth<443><STEAM_1:1:102295070><> was moved to spectate for being AFK too long.
L 07/22/2020 - 16:28:15: [afk_manager4.smx] Player count for AFK Kick minimum is below requirements, feature is now disabled: sm_afk_kick_min_players = 6 Current Players = 5
L 07/22/2020 - 16:28:44: [afk_manager4.smx] Player count for AFK Move minimum is below requirements, feature is now disabled: sm_afk_move_min_players = 4 Current Players = 1
L 07/22/2020 - 16:29:16: [afk_manager4.smx] Player count for AFK Move minimum has been reached, feature is now enabled: sm_afk_move_min_players = 4 Current Players = 4
L 07/22/2020 - 16:30:23: [afk_manager4.smx] Player count for AFK Kick minimum has been reached, feature is now enabled: sm_afk_kick_min_players = 6 Current Players = 6
L 07/22/2020 - 16:30:55: [afk_manager4.smx] Deadoe<474><STEAM_1:1:190861735><> was moved to spectate for being AFK too long.
L 07/22/2020 - 16:32:51: [afk_manager4.smx] Deadoe<474><STEAM_1:1:190861735><> was kicked for being AFK too long.
L 07/22/2020 - 16:36:07: [afk_manager4.smx] ok boomer<479><STEAM_1:1:39887960><> was kicked for being AFK too long.
L 07/22/2020 - 16:48:13: [afk_manager4.smx] Player count for AFK Move minimum is below requirements, feature is now disabled: sm_afk_move_min_players = 4 Current Players = 1
L 07/22/2020 - 16:48:13: [afk_manager4.smx] Player count for AFK Kick minimum is below requirements, feature is now disabled: sm_afk_kick_min_players = 6 Current Players = 1
L 07/22/2020 - 16:48:20: [afk_manager4.smx] Player count for AFK Move minimum has been reached, feature is now enabled: sm_afk_move_min_players = 4 Current Players = 4
L 07/22/2020 - 16:48:44: [afk_manager4.smx] Player count for AFK Kick minimum has been reached, feature is now enabled: sm_afk_kick_min_players = 6 Current Players = 6
L 07/22/2020 - 17:01:00: [afk_manager4.smx] ✪ própléx<494><STEAM_1:1:454711259><> was moved to spectate for being AFK too long.
L 07/22/2020 - 17:02:08: [afk_manager4.smx] ✪ própléx<494><STEAM_1:1:454711259><> was kicked for being AFK too long.
L 07/22/2020 - 17:06:06: [afk_manager4.smx] Player count for AFK Move minimum is below requirements, feature is now disabled: sm_afk_move_min_players = 4 Current Players = 1
L 07/22/2020 - 17:06:06: [afk_manager4.smx] Player count for AFK Kick minimum is below requirements, feature is now disabled: sm_afk_kick_min_players = 6 Current Players = 1
L 07/22/2020 - 17:06:23: [afk_manager4.smx] Player count for AFK Move minimum has been reached, feature is now enabled: sm_afk_move_min_players = 4 Current Players = 4
L 07/22/2020 - 17:06:42: [afk_manager4.smx] Player count for AFK Kick minimum has been reached, feature is now enabled: sm_afk_kick_min_players = 6 Current Players = 6
L 07/22/2020 - 17:07:32: [afk_manager4.smx] Archie PlayZ βļų†яξĢξђ<480><STEAM_1:0:215334535><> was moved to spectate for being AFK too long.
L 07/22/2020 - 17:08:44: [afk_manager4.smx] Archie PlayZ βļų†яξĢξђ<480><STEAM_1:0:215334535><> was kicked for being AFK too long.
L 07/22/2020 - 17:14:15: [afk_manager4.smx] ✪Dooieslag✪<503><STEAM_1:0:526806338><> was moved to spectate for being AFK too long.
L 07/22/2020 - 17:15:26: [afk_manager4.smx] Yemineye™<505><STEAM_1:1:448318346><> was moved to spectate for being AFK too long.
L 07/22/2020 - 17:16:07: [afk_manager4.smx] ✪Dooieslag✪<503><STEAM_1:0:526806338><> was kicked for being AFK too long.
L 07/22/2020 - 17:16:31: [afk_manager4.smx] SAMURAI<504><STEAM_1:0:440575487><> was moved to spectate for being AFK too long.
L 07/22/2020 - 17:16:38: [afk_manager4.smx] Yemineye™<505><STEAM_1:1:448318346><> was kicked for being AFK too long.
L 07/22/2020 - 17:23:42: [afk_manager4.smx] Player count for AFK Move minimum is below requirements, feature is now disabled: sm_afk_move_min_players = 4 Current Players = 1
L 07/22/2020 - 17:23:42: [afk_manager4.smx] Player count for AFK Kick minimum is below requirements, feature is now disabled: sm_afk_kick_min_players = 6 Current Players = 1
L 07/22/2020 - 17:23:56: [afk_manager4.smx] Player count for AFK Move minimum has been reached, feature is now enabled: sm_afk_move_min_players = 4 Current Players = 4
L 07/22/2020 - 17:23:59: [afk_manager4.smx] Player count for AFK Kick minimum has been reached, feature is now enabled: sm_afk_kick_min_players = 6 Current Players = 6
L 07/22/2020 - 18:00:13: [afk_manager4.smx] Player count for AFK Move minimum is below requirements, feature is now disabled: sm_afk_move_min_players = 4 Current Players = 1
L 07/22/2020 - 18:00:13: [afk_manager4.smx] Player count for AFK Kick minimum is below requirements, feature is now disabled: sm_afk_kick_min_players = 6 Current Players = 1
L 07/22/2020 - 18:00:23: [afk_manager4.smx] Player count for AFK Move minimum has been reached, feature is now enabled: sm_afk_move_min_players = 4 Current Players = 4
L 07/22/2020 - 18:00:34: [afk_manager4.smx] Player count for AFK Kick minimum has been reached, feature is now enabled: sm_afk_kick_min_players = 6 Current Players = 6
L 07/22/2020 - 18:04:03: [afk_manager4.smx] HoesMad (road to green trust)<530><STEAM_1:0:452301122><> was moved to spectate for being AFK too long.
L 07/22/2020 - 18:06:19: [afk_manager4.smx] Player count for AFK Move minimum is below requirements, feature is now disabled: sm_afk_move_min_players = 4 Current Players = 1
L 07/22/2020 - 18:06:19: [afk_manager4.smx] Player count for AFK Kick minimum is below requirements, feature is now disabled: sm_afk_kick_min_players = 6 Current Players = 1
L 07/22/2020 - 18:06:30: [afk_manager4.smx] Player count for AFK Move minimum has been reached, feature is now enabled: sm_afk_move_min_players = 4 Current Players = 4
L 07/22/2020 - 18:06:32: [afk_manager4.smx] Player count for AFK Kick minimum has been reached, feature is now enabled: sm_afk_kick_min_players = 6 Current Players = 6
L 07/22/2020 - 18:08:12: [afk_manager4.smx] N1cky<534><STEAM_1:0:118124423><> was moved to spectate for being AFK too long.
L 07/22/2020 - 18:08:12: [afk_manager4.smx] Fortune™<533><STEAM_1:0:42473818><> was moved to spectate for being AFK too long.
L 07/22/2020 - 18:10:04: [afk_manager4.smx] Fortune™<533><STEAM_1:0:42473818><> was kicked for being AFK too long.
L 07/22/2020 - 18:14:37: [afk_manager4.smx] N1cky<534><STEAM_1:0:118124423><> was kicked for being AFK too long.
L 07/22/2020 - 18:25:13: [afk_manager4.smx] Player count for AFK Move minimum is below requirements, feature is now disabled: sm_afk_move_min_players = 4 Current Players = 1
L 07/22/2020 - 18:25:13: [afk_manager4.smx] Player count for AFK Kick minimum is below requirements, feature is now disabled: sm_afk_kick_min_players = 6 Current Players = 1
L 07/22/2020 - 18:25:19: [afk_manager4.smx] Player count for AFK Move minimum has been reached, feature is now enabled: sm_afk_move_min_players = 4 Current Players = 4
L 07/22/2020 - 18:25:34: [afk_manager4.smx] Player count for AFK Kick minimum has been reached, feature is now enabled: sm_afk_kick_min_players = 6 Current Players = 6
L 07/22/2020 - 18:27:44: [afk_manager4.smx] BS_Gaming™<516><STEAM_1:1:523990145><> was kicked for being AFK too long.
L 07/22/2020 - 18:39:57: [afk_manager4.smx] Yemineye™<508><STEAM_1:1:448318346><> was moved to spectate for being AFK too long.
L 07/22/2020 - 18:42:39: [afk_manager4.smx] Player count for AFK Move minimum is below requirements, feature is now disabled: sm_afk_move_min_players = 4 Current Players = 1
L 07/22/2020 - 18:42:39: [afk_manager4.smx] Player count for AFK Kick minimum is below requirements, feature is now disabled: sm_afk_kick_min_players = 6 Current Players = 1
L 07/22/2020 - 18:42:46: [afk_manager4.smx] Player count for AFK Move minimum has been reached, feature is now enabled: sm_afk_move_min_players = 4 Current Players = 4
L 07/22/2020 - 18:43:00: [afk_manager4.smx] Player count for AFK Kick minimum has been reached, feature is now enabled: sm_afk_kick_min_players = 6 Current Players = 6
L 07/22/2020 - 18:51:44: [afk_manager4.smx] FIREWOLF<546><STEAM_1:1:459651966><> was moved to spectate for being AFK too long.
L 07/22/2020 - 19:00:30: [afk_manager4.smx] Player count for AFK Move minimum is below requirements, feature is now disabled: sm_afk_move_min_players = 4 Current Players = 1
L 07/22/2020 - 19:00:30: [afk_manager4.smx] Player count for AFK Kick minimum is below requirements, feature is now disabled: sm_afk_kick_min_players = 6 Current Players = 1
L 07/22/2020 - 19:01:03: [afk_manager4.smx] Player count for AFK Move minimum has been reached, feature is now enabled: sm_afk_move_min_players = 4 Current Players = 4
L 07/22/2020 - 19:02:36: [afk_manager4.smx] Player count for AFK Kick minimum has been reached, feature is now enabled: sm_afk_kick_min_players = 6 Current Players = 6
L 07/22/2020 - 19:21:11: [afk_manager4.smx] Player count for AFK Move minimum is below requirements, feature is now disabled: sm_afk_move_min_players = 4 Current Players = 1
L 07/22/2020 - 19:21:11: [afk_manager4.smx] Player count for AFK Kick minimum is below requirements, feature is now disabled: sm_afk_kick_min_players = 6 Current Players = 1
L 07/22/2020 - 19:21:14: [afk_manager4.smx] Player count for AFK Move minimum has been reached, feature is now enabled: sm_afk_move_min_players = 4 Current Players = 4
L 07/22/2020 - 19:21:36: [afk_manager4.smx] Player count for AFK Kick minimum has been reached, feature is now enabled: sm_afk_kick_min_players = 6 Current Players = 6
L 07/22/2020 - 19:36:13: [afk_manager4.smx] SovietBappo<568><STEAM_1:0:512835066><> was kicked for being AFK too long.
L 07/22/2020 - 19:38:07: [afk_manager4.smx] Player count for AFK Move minimum is below requirements, feature is now disabled: sm_afk_move_min_players = 4 Current Players = 1
L 07/22/2020 - 19:38:07: [afk_manager4.smx] Player count for AFK Kick minimum is below requirements, feature is now disabled: sm_afk_kick_min_players = 6 Current Players = 1
L 07/22/2020 - 19:38:10: [afk_manager4.smx] Player count for AFK Move minimum has been reached, feature is now enabled: sm_afk_move_min_players = 4 Current Players = 4
L 07/22/2020 - 19:38:18: [afk_manager4.smx] Player count for AFK Kick minimum has been reached, feature is now enabled: sm_afk_kick_min_players = 6 Current Players = 6
L 07/22/2020 - 19:43:47: [afk_manager4.smx] Pose1don ( new everything )<562><STEAM_1:0:436270586><> was moved to spectate for being AFK too long.
L 07/22/2020 - 19:48:07: [afk_manager4.smx] Yemineye™<508><STEAM_1:1:448318346><> was moved to spectate for being AFK too long.
L 07/22/2020 - 19:57:03: [afk_manager4.smx] Player count for AFK Move minimum is below requirements, feature is now disabled: sm_afk_move_min_players = 4 Current Players = 1
L 07/22/2020 - 19:57:03: [afk_manager4.smx] Player count for AFK Kick minimum is below requirements, feature is now disabled: sm_afk_kick_min_players = 6 Current Players = 1
L 07/22/2020 - 19:57:18: [afk_manager4.smx] Player count for AFK Move minimum has been reached, feature is now enabled: sm_afk_move_min_players = 4 Current Players = 4
L 07/22/2020 - 19:58:44: [afk_manager4.smx] Player count for AFK Kick minimum has been reached, feature is now enabled: sm_afk_kick_min_players = 6 Current Players = 6
L 07/22/2020 - 19:59:22: [afk_manager4.smx] Ramkat312<578><STEAM_1:0:459779169><> was kicked for being AFK too long.
L 07/22/2020 - 20:12:36: [afk_manager4.smx] Player count for AFK Move minimum is below requirements, feature is now disabled: sm_afk_move_min_players = 4 Current Players = 1
L 07/22/2020 - 20:12:36: [afk_manager4.smx] Player count for AFK Kick minimum is below requirements, feature is now disabled: sm_afk_kick_min_players = 6 Current Players = 1
L 07/22/2020 - 20:12:41: [afk_manager4.smx] Player count for AFK Move minimum has been reached, feature is now enabled: sm_afk_move_min_players = 4 Current Players = 4
L 07/22/2020 - 20:12:44: [afk_manager4.smx] Player count for AFK Kick minimum has been reached, feature is now enabled: sm_afk_kick_min_players = 6 Current Players = 6
L 07/22/2020 - 20:31:00: [afk_manager4.smx] Player count for AFK Move minimum is below requirements, feature is now disabled: sm_afk_move_min_players = 4 Current Players = 1
L 07/22/2020 - 20:31:00: [afk_manager4.smx] Player count for AFK Kick minimum is below requirements, feature is now disabled: sm_afk_kick_min_players = 6 Current Players = 1
L 07/22/2020 - 20:31:04: [afk_manager4.smx] Player count for AFK Move minimum has been reached, feature is now enabled: sm_afk_move_min_players = 4 Current Players = 4
L 07/22/2020 - 20:31:36: [afk_manager4.smx] Player count for AFK Kick minimum has been reached, feature is now enabled: sm_afk_kick_min_players = 6 Current Players = 6
L 07/22/2020 - 20:32:29: [afk_manager4.smx] Sunny<595><STEAM_1:0:39191885><> was moved to spectate for being AFK too long.
L 07/22/2020 - 20:33:51: [afk_manager4.smx] Player count for AFK Kick minimum is below requirements, feature is now disabled: sm_afk_kick_min_players = 6 Current Players = 5
L 07/22/2020 - 20:40:17: [afk_manager4.smx] Player count for AFK Kick minimum has been reached, feature is now enabled: sm_afk_kick_min_players = 6 Current Players = 6
L 07/22/2020 - 20:48:28: [afk_manager4.smx] Player count for AFK Move minimum is below requirements, feature is now disabled: sm_afk_move_min_players = 4 Current Players = 1
L 07/22/2020 - 20:48:28: [afk_manager4.smx] Player count for AFK Kick minimum is below requirements, feature is now disabled: sm_afk_kick_min_players = 6 Current Players = 1
L 07/22/2020 - 20:48:39: [afk_manager4.smx] Player count for AFK Move minimum has been reached, feature is now enabled: sm_afk_move_min_players = 4 Current Players = 4
L 07/22/2020 - 20:48:43: [afk_manager4.smx] Player count for AFK Kick minimum has been reached, feature is now enabled: sm_afk_kick_min_players = 6 Current Players = 6
L 07/22/2020 - 20:57:22: [afk_manager4.smx] uwu<617><STEAM_1:0:543780833><> was moved to spectate for being AFK too long.
L 07/22/2020 - 21:07:48: [afk_manager4.smx] Player count for AFK Move minimum is below requirements, feature is now disabled: sm_afk_move_min_players = 4 Current Players = 1
L 07/22/2020 - 21:07:48: [afk_manager4.smx] Player count for AFK Kick minimum is below requirements, feature is now disabled: sm_afk_kick_min_players = 6 Current Players = 1
L 07/22/2020 - 21:07:55: [afk_manager4.smx] Player count for AFK Move minimum has been reached, feature is now enabled: sm_afk_move_min_players = 4 Current Players = 4
L 07/22/2020 - 21:07:56: [afk_manager4.smx] Player count for AFK Kick minimum has been reached, feature is now enabled: sm_afk_kick_min_players = 6 Current Players = 6
L 07/22/2020 - 21:09:07: [afk_manager4.smx] Ramkat312<624><STEAM_1:0:459779169><> was moved to spectate for being AFK too long.
L 07/22/2020 - 21:23:09: [afk_manager4.smx] Sarcasticus<632><STEAM_1:1:67537275><> was moved to spectate for being AFK too long.
L 07/22/2020 - 21:27:26: [afk_manager4.smx] Player count for AFK Move minimum is below requirements, feature is now disabled: sm_afk_move_min_players = 4 Current Players = 1
L 07/22/2020 - 21:27:26: [afk_manager4.smx] Player count for AFK Kick minimum is below requirements, feature is now disabled: sm_afk_kick_min_players = 6 Current Players = 1
L 07/22/2020 - 21:27:31: [afk_manager4.smx] Player count for AFK Move minimum has been reached, feature is now enabled: sm_afk_move_min_players = 4 Current Players = 4
L 07/22/2020 - 21:27:39: [afk_manager4.smx] Player count for AFK Kick minimum has been reached, feature is now enabled: sm_afk_kick_min_players = 6 Current Players = 6
L 07/22/2020 - 21:38:00: [afk_manager4.smx] J&B*<638><STEAM_1:0:51308919><> was kicked for being AFK too long.
L 07/22/2020 - 21:49:22: [afk_manager4.smx] Player count for AFK Move minimum is below requirements, feature is now disabled: sm_afk_move_min_players = 4 Current Players = 1
L 07/22/2020 - 21:49:22: [afk_manager4.smx] Player count for AFK Kick minimum is below requirements, feature is now disabled: sm_afk_kick_min_players = 6 Current Players = 1
L 07/22/2020 - 21:49:25: [afk_manager4.smx] Player count for AFK Move minimum has been reached, feature is now enabled: sm_afk_move_min_players = 4 Current Players = 4
L 07/22/2020 - 21:49:33: [afk_manager4.smx] Player count for AFK Kick minimum has been reached, feature is now enabled: sm_afk_kick_min_players = 6 Current Players = 6
L 07/22/2020 - 22:03:24: [afk_manager4.smx] Sync をおか<636><STEAM_1:0:79899295><> was kicked for being AFK too long.
L 07/22/2020 - 22:08:43: [afk_manager4.smx] Player count for AFK Kick minimum is below requirements, feature is now disabled: sm_afk_kick_min_players = 6 Current Players = 5
L 07/22/2020 - 22:08:50: [afk_manager4.smx] Player count for AFK Move minimum is below requirements, feature is now disabled: sm_afk_move_min_players = 4 Current Players = 3
L 07/22/2020 - 22:47:55: [afk_manager4.smx] Player count for AFK Move minimum has been reached, feature is now enabled: sm_afk_move_min_players = 4 Current Players = 4
L 07/22/2020 - 22:59:06: [afk_manager4.smx] Player count for AFK Move minimum is below requirements, feature is now disabled: sm_afk_move_min_players = 4 Current Players = 3
