L 10/14/2020 - 13:12:14: SourceMod error session started
L 10/14/2020 - 13:12:14: Info (map "de_cache") (file "C:\TCAFiles\Users\jean\1\csgo\addons\sourcemod\logs\errors_20201014.log")
L 10/14/2020 - 13:12:14: [store.smx] Error happened. Error: Duplicate entry '0' for key 'PRIMARY'
L 10/14/2020 - 13:16:17: [store.smx] Error happened. Error: Duplicate entry '0' for key 'PRIMARY'
L 10/14/2020 - 13:33:34: Error log file session closed.
L 10/14/2020 - 13:45:50: SourceMod error session started
L 10/14/2020 - 13:45:50: Info (map "de_cache") (file "C:\TCAFiles\Users\jean\1\csgo\addons\sourcemod\logs\errors_20201014.log")
L 10/14/2020 - 13:45:50: [store.smx] Error happened. Error: Duplicate entry '0' for key 'PRIMARY'
L 10/14/2020 - 14:16:48: Error log file session closed.
L 10/14/2020 - 14:17:02: SourceMod error session started
L 10/14/2020 - 14:17:02: Info (map "de_cache") (file "C:\TCAFiles\Users\jean\1\csgo\addons\sourcemod\logs\errors_20201014.log")
L 10/14/2020 - 14:17:02: [store.smx] Error happened. Error: Duplicate entry '0' for key 'PRIMARY'
L 10/14/2020 - 14:18:38: [store.smx] Error happened. Error: Duplicate entry '0' for key 'PRIMARY'
L 10/14/2020 - 14:21:24: [store.smx] Error happened. Error: Duplicate entry '0' for key 'PRIMARY'
L 10/14/2020 - 14:23:40: Error log file session closed.
L 10/14/2020 - 16:48:59: SourceMod error session started
L 10/14/2020 - 16:48:59: Info (map "de_cache") (file "C:\TCAFiles\Users\jean\1\csgo\addons\sourcemod\logs\errors_20201014.log")
L 10/14/2020 - 16:48:59: [store.smx] Error happened. Error: Duplicate entry '0' for key 'PRIMARY'
L 10/14/2020 - 16:56:40: [store.smx] Error happened. Error: Duplicate entry '0' for key 'PRIMARY'
L 10/14/2020 - 17:00:23: [store.smx] Error happened. Error: Duplicate entry '0' for key 'PRIMARY'
L 10/14/2020 - 17:00:38: Error log file session closed.
L 10/14/2020 - 17:11:00: SourceMod error session started
L 10/14/2020 - 17:11:00: Info (map "de_vertigo") (file "C:\TCAFiles\Users\jean\1\csgo\addons\sourcemod\logs\errors_20201014.log")
L 10/14/2020 - 17:11:00: [store.smx] Error happened. Error: Duplicate entry '0' for key 'PRIMARY'
L 10/14/2020 - 17:14:00: [store.smx] Error happened. Error: Duplicate entry '0' for key 'PRIMARY'
L 10/14/2020 - 17:19:11: [store.smx] Error happened. Error: Duplicate entry '0' for key 'PRIMARY'
L 10/14/2020 - 17:19:28: [SM] Exception reported: Client index 0 is invalid
L 10/14/2020 - 17:19:28: [SM] Blaming: kento_rankme.smx
L 10/14/2020 - 17:19:28: [SM] Call stack trace:
L 10/14/2020 - 17:19:28: [SM]   [0] IsClientInGame
L 10/14/2020 - 17:19:28: [SM]   [1] Line 615, d:\csgoserver\csgo\addons\sourcemod\scripting\kento_rankme.sp::Event_RoundMVP
L 10/14/2020 - 17:19:28: [SM]   [3] CS_TerminateRound
L 10/14/2020 - 17:19:28: [SM]   [4] Line 896, ././scripting/retakes.sp::CheckRoundDone
L 10/14/2020 - 17:19:28: [SM]   [5] Line 311, ././scripting/retakes.sp::OnClientDisconnect
L 10/14/2020 - 17:19:29: Error log file session closed.
L 10/14/2020 - 17:19:36: SourceMod error session started
L 10/14/2020 - 17:19:36: Info (map "de_overpass") (file "C:\TCAFiles\Users\jean\1\csgo\addons\sourcemod\logs\errors_20201014.log")
L 10/14/2020 - 17:19:36: [store.smx] Error happened. Error: Duplicate entry '0' for key 'PRIMARY'
L 10/14/2020 - 17:19:42: [store.smx] Error happened. Error: Duplicate entry '0' for key 'PRIMARY'
L 10/14/2020 - 17:25:43: [store.smx] Error happened. Error: Duplicate entry '0' for key 'PRIMARY'
L 10/14/2020 - 17:27:07: [store.smx] Error happened. Error: Duplicate entry '0' for key 'PRIMARY'
L 10/14/2020 - 17:35:31: [store.smx] Error happened. Error: Duplicate entry '0' for key 'PRIMARY'
L 10/14/2020 - 17:37:32: Error log file session closed.
L 10/14/2020 - 17:37:43: SourceMod error session started
L 10/14/2020 - 17:37:43: Info (map "de_dust2") (file "C:\TCAFiles\Users\jean\1\csgo\addons\sourcemod\logs\errors_20201014.log")
L 10/14/2020 - 17:37:43: [store.smx] Error happened. Error: Duplicate entry '0' for key 'PRIMARY'
L 10/14/2020 - 17:37:55: [store.smx] Error happened. Error: Duplicate entry '0' for key 'PRIMARY'
L 10/14/2020 - 17:54:22: [store.smx] Error happened. Error: Duplicate entry '0' for key 'PRIMARY'
L 10/14/2020 - 17:56:21: Error log file session closed.
L 10/14/2020 - 18:06:00: SourceMod error session started
L 10/14/2020 - 18:06:00: Info (map "de_mirage") (file "C:\TCAFiles\Users\jean\1\csgo\addons\sourcemod\logs\errors_20201014.log")
L 10/14/2020 - 18:06:00: [store.smx] Error happened. Error: Duplicate entry '0' for key 'PRIMARY'
L 10/14/2020 - 18:06:13: [store.smx] Error happened. Error: Duplicate entry '0' for key 'PRIMARY'
L 10/14/2020 - 18:07:28: [store.smx] Error happened. Error: Duplicate entry '0' for key 'PRIMARY'
L 10/14/2020 - 18:13:17: Error log file session closed.
L 10/14/2020 - 18:13:26: SourceMod error session started
L 10/14/2020 - 18:13:26: Info (map "de_train") (file "C:\TCAFiles\Users\jean\1\csgo\addons\sourcemod\logs\errors_20201014.log")
L 10/14/2020 - 18:13:26: [store.smx] Error happened. Error: Duplicate entry '0' for key 'PRIMARY'
L 10/14/2020 - 18:13:28: [store.smx] Error happened. Error: Duplicate entry '0' for key 'PRIMARY'
L 10/14/2020 - 18:33:01: [store.smx] Error happened. Error: Duplicate entry '0' for key 'PRIMARY'
L 10/14/2020 - 18:37:02: [store.smx] Error happened. Error: Duplicate entry '0' for key 'PRIMARY'
L 10/14/2020 - 18:38:02: [store.smx] Error happened. Error: Duplicate entry '0' for key 'PRIMARY'
L 10/14/2020 - 18:50:34: Error log file session closed.
L 10/14/2020 - 18:57:15: SourceMod error session started
L 10/14/2020 - 18:57:15: Info (map "de_inferno") (file "C:\TCAFiles\Users\jean\1\csgo\addons\sourcemod\logs\errors_20201014.log")
L 10/14/2020 - 18:57:15: [store.smx] Error happened. Error: Duplicate entry '0' for key 'PRIMARY'
L 10/14/2020 - 19:02:47: [store.smx] Error happened. Error: Duplicate entry '0' for key 'PRIMARY'
L 10/14/2020 - 19:03:48: [store.smx] Error happened. Error: Duplicate entry '0' for key 'PRIMARY'
L 10/14/2020 - 19:08:27: Error log file session closed.
L 10/14/2020 - 19:08:51: SourceMod error session started
L 10/14/2020 - 19:08:51: Info (map "de_cache") (file "C:\TCAFiles\Users\jean\1\csgo\addons\sourcemod\logs\errors_20201014.log")
L 10/14/2020 - 19:08:51: [store.smx] Error happened. Error: Duplicate entry '0' for key 'PRIMARY'
L 10/14/2020 - 19:12:42: Error log file session closed.
L 10/14/2020 - 19:13:03: SourceMod error session started
L 10/14/2020 - 19:13:03: Info (map "de_nuke") (file "C:\TCAFiles\Users\jean\1\csgo\addons\sourcemod\logs\errors_20201014.log")
L 10/14/2020 - 19:13:03: [store.smx] Error happened. Error: Duplicate entry '0' for key 'PRIMARY'
L 10/14/2020 - 19:13:39: [store.smx] Error happened. Error: Duplicate entry '0' for key 'PRIMARY'
L 10/14/2020 - 19:15:27: [store.smx] Error happened. Error: Duplicate entry '0' for key 'PRIMARY'
L 10/14/2020 - 19:20:14: [store.smx] Error happened. Error: Duplicate entry '0' for key 'PRIMARY'
L 10/14/2020 - 19:22:34: [store.smx] Error happened. Error: Duplicate entry '0' for key 'PRIMARY'
L 10/14/2020 - 19:27:13: [store.smx] Error happened. Error: Duplicate entry '0' for key 'PRIMARY'
L 10/14/2020 - 19:31:20: Error log file session closed.
L 10/14/2020 - 19:31:30: SourceMod error session started
L 10/14/2020 - 19:31:30: Info (map "de_overpass") (file "C:\TCAFiles\Users\jean\1\csgo\addons\sourcemod\logs\errors_20201014.log")
L 10/14/2020 - 19:31:30: [store.smx] Error happened. Error: Duplicate entry '0' for key 'PRIMARY'
L 10/14/2020 - 19:34:20: [store.smx] Error happened. Error: Duplicate entry '0' for key 'PRIMARY'
L 10/14/2020 - 19:39:16: [store.smx] Error happened. Error: Duplicate entry '0' for key 'PRIMARY'
L 10/14/2020 - 19:47:55: Error log file session closed.
L 10/14/2020 - 19:48:09: SourceMod error session started
L 10/14/2020 - 19:48:09: Info (map "de_dust2") (file "C:\TCAFiles\Users\jean\1\csgo\addons\sourcemod\logs\errors_20201014.log")
L 10/14/2020 - 19:48:09: [store.smx] Error happened. Error: Duplicate entry '0' for key 'PRIMARY'
L 10/14/2020 - 19:48:16: [store.smx] Error happened. Error: Duplicate entry '0' for key 'PRIMARY'
L 10/14/2020 - 20:01:59: [store.smx] Error happened. Error: Duplicate entry '0' for key 'PRIMARY'
L 10/14/2020 - 20:03:25: Error log file session closed.
L 10/14/2020 - 20:03:34: SourceMod error session started
L 10/14/2020 - 20:03:34: Info (map "de_mirage") (file "C:\TCAFiles\Users\jean\1\csgo\addons\sourcemod\logs\errors_20201014.log")
L 10/14/2020 - 20:03:34: [store.smx] Error happened. Error: Duplicate entry '0' for key 'PRIMARY'
L 10/14/2020 - 20:03:41: [store.smx] Error happened. Error: Duplicate entry '0' for key 'PRIMARY'
L 10/14/2020 - 20:10:30: [store.smx] Error happened. Error: Duplicate entry '0' for key 'PRIMARY'
L 10/14/2020 - 20:13:51: [store.smx] Error happened. Error: Duplicate entry '0' for key 'PRIMARY'
L 10/14/2020 - 20:17:55: [store.smx] Error happened. Error: Duplicate entry '0' for key 'PRIMARY'
L 10/14/2020 - 20:21:05: [store.smx] Error happened. Error: Duplicate entry '0' for key 'PRIMARY'
L 10/14/2020 - 20:43:15: Error log file session closed.
L 10/14/2020 - 20:53:28: SourceMod error session started
L 10/14/2020 - 20:53:28: Info (map "de_mirage") (file "C:\TCAFiles\Users\jean\1\csgo\addons\sourcemod\logs\errors_20201014.log")
L 10/14/2020 - 20:53:28: [store.smx] Error happened. Error: Duplicate entry '0' for key 'PRIMARY'
L 10/14/2020 - 20:53:42: [store.smx] Error happened. Error: Duplicate entry '0' for key 'PRIMARY'
L 10/14/2020 - 20:54:19: [store.smx] Error happened. Error: Duplicate entry '0' for key 'PRIMARY'
L 10/14/2020 - 20:56:10: [store.smx] Error happened. Error: Duplicate entry '0' for key 'PRIMARY'
L 10/14/2020 - 20:56:18: [store.smx] Error happened. Error: Duplicate entry '0' for key 'PRIMARY'
L 10/14/2020 - 21:00:08: [store.smx] Error happened. Error: Duplicate entry '0' for key 'PRIMARY'
L 10/14/2020 - 21:19:28: [store.smx] Error happened. Error: Duplicate entry '0' for key 'PRIMARY'
L 10/14/2020 - 21:20:17: [store.smx] Error happened. Error: Duplicate entry '0' for key 'PRIMARY'
L 10/14/2020 - 21:21:56: [store.smx] Error happened. Error: Duplicate entry '0' for key 'PRIMARY'
L 10/14/2020 - 21:24:36: [store.smx] Error happened. Error: Duplicate entry '0' for key 'PRIMARY'
L 10/14/2020 - 21:30:13: Error log file session closed.
L 10/14/2020 - 21:30:22: SourceMod error session started
L 10/14/2020 - 21:30:22: Info (map "de_vertigo") (file "C:\TCAFiles\Users\jean\1\csgo\addons\sourcemod\logs\errors_20201014.log")
L 10/14/2020 - 21:30:22: [store.smx] Error happened. Error: Duplicate entry '0' for key 'PRIMARY'
L 10/14/2020 - 21:30:24: [store.smx] Error happened. Error: Duplicate entry '0' for key 'PRIMARY'
L 10/14/2020 - 21:30:31: [store.smx] Error happened. Error: Duplicate entry '0' for key 'PRIMARY'
L 10/14/2020 - 21:30:31: [store.smx] Error happened. Error: Duplicate entry '0' for key 'PRIMARY'
L 10/14/2020 - 21:33:53: [store.smx] Error happened. Error: Duplicate entry '0' for key 'PRIMARY'
L 10/14/2020 - 21:41:57: [store.smx] Error happened. Error: Duplicate entry '0' for key 'PRIMARY'
L 10/14/2020 - 21:45:47: Error log file session closed.
L 10/14/2020 - 21:49:17: SourceMod error session started
L 10/14/2020 - 21:49:17: Info (map "de_cache") (file "C:\TCAFiles\Users\jean\1\csgo\addons\sourcemod\logs\errors_20201014.log")
L 10/14/2020 - 21:49:17: [store.smx] Error happened. Error: Duplicate entry '0' for key 'PRIMARY'
L 10/14/2020 - 21:53:21: [store.smx] Error happened. Error: Duplicate entry '0' for key 'PRIMARY'
L 10/14/2020 - 22:02:30: Error log file session closed.
L 10/14/2020 - 22:02:40: SourceMod error session started
L 10/14/2020 - 22:02:40: Info (map "de_inferno") (file "C:\TCAFiles\Users\jean\1\csgo\addons\sourcemod\logs\errors_20201014.log")
L 10/14/2020 - 22:02:40: [store.smx] Error happened. Error: Duplicate entry '0' for key 'PRIMARY'
L 10/14/2020 - 22:02:47: [store.smx] Error happened. Error: Duplicate entry '0' for key 'PRIMARY'
L 10/14/2020 - 22:23:08: Error log file session closed.
