L 10/16/2020 - 13:31:44: SourceMod error session started
L 10/16/2020 - 13:31:44: Info (map "de_dust2") (file "C:\TCAFiles\Users\jean\1\csgo\addons\sourcemod\logs\errors_20201016.log")
L 10/16/2020 - 13:31:44: [SM] Unable to load plugin "csgo_dices_shop.smx": Could not find required plugin "shop"
L 10/16/2020 - 13:31:44: [SM] Unable to load plugin "server_redirect.smx": Required extension "dhooks" file("dhooks.ext") not running
L 10/16/2020 - 13:31:44: [store.smx] Gifts! isn't installed or failed to load. Gifts support will be disabled. Please install Gifts. (http://forums.alliedmods.net/showthread.php?t=175185)
L 10/16/2020 - 13:31:44: [store.smx] Simple Chat Processor isn't installed or failed to load. SCP support will be disabled. (http://forums.alliedmods.net/showthread.php?t=198501)
L 10/16/2020 - 13:54:43: Error log file session closed.
L 10/16/2020 - 14:42:20: SourceMod error session started
L 10/16/2020 - 14:42:20: Info (map "de_dust2") (file "C:\TCAFiles\Users\jean\1\csgo\addons\sourcemod\logs\errors_20201016.log")
L 10/16/2020 - 14:42:20: [store.smx] Error happened. Error: Duplicate entry '0' for key 'PRIMARY'
L 10/16/2020 - 15:28:04: Error log file session closed.
L 10/16/2020 - 15:28:33: SourceMod error session started
L 10/16/2020 - 15:28:33: Info (map "de_dust2") (file "C:\TCAFiles\Users\jean\1\csgo\addons\sourcemod\logs\errors_20201016.log")
L 10/16/2020 - 15:28:33: [store.smx] Error happened. Error: Duplicate entry '0' for key 'PRIMARY'
L 10/16/2020 - 15:56:46: Error log file session closed.
L 10/16/2020 - 15:56:59: SourceMod error session started
L 10/16/2020 - 15:56:59: Info (map "de_dust2") (file "C:\TCAFiles\Users\jean\1\csgo\addons\sourcemod\logs\errors_20201016.log")
L 10/16/2020 - 15:56:59: [store.smx] Error happened. Error: Duplicate entry '0' for key 'PRIMARY'
L 10/16/2020 - 15:57:30: [store.smx] Error happened. Error: Duplicate entry '0' for key 'PRIMARY'
L 10/16/2020 - 16:09:37: [store.smx] Error happened. Error: Duplicate entry '0' for key 'PRIMARY'
L 10/16/2020 - 16:14:42: Error log file session closed.
L 10/16/2020 - 16:14:52: SourceMod error session started
L 10/16/2020 - 16:14:52: Info (map "de_overpass") (file "C:\TCAFiles\Users\jean\1\csgo\addons\sourcemod\logs\errors_20201016.log")
L 10/16/2020 - 16:14:52: [store.smx] Error happened. Error: Duplicate entry '0' for key 'PRIMARY'
L 10/16/2020 - 16:22:27: [store.smx] Error happened. Error: Duplicate entry '0' for key 'PRIMARY'
L 10/16/2020 - 16:23:05: [store.smx] Error happened. Error: Duplicate entry '0' for key 'PRIMARY'
L 10/16/2020 - 16:27:01: [store.smx] Error happened. Error: Duplicate entry '0' for key 'PRIMARY'
L 10/16/2020 - 16:31:03: Error log file session closed.
L 10/16/2020 - 16:31:14: SourceMod error session started
L 10/16/2020 - 16:31:14: Info (map "de_inferno") (file "C:\TCAFiles\Users\jean\1\csgo\addons\sourcemod\logs\errors_20201016.log")
L 10/16/2020 - 16:31:14: [store.smx] Error happened. Error: Duplicate entry '0' for key 'PRIMARY'
L 10/16/2020 - 16:31:14: [store.smx] Error happened. Error: Duplicate entry '0' for key 'PRIMARY'
L 10/16/2020 - 16:38:09: [store.smx] Error happened. Error: Duplicate entry '0' for key 'PRIMARY'
L 10/16/2020 - 16:45:14: [store.smx] Error happened. Error: Duplicate entry '0' for key 'PRIMARY'
L 10/16/2020 - 16:50:42: Error log file session closed.
L 10/16/2020 - 16:50:51: SourceMod error session started
L 10/16/2020 - 16:50:51: Info (map "de_mirage") (file "C:\TCAFiles\Users\jean\1\csgo\addons\sourcemod\logs\errors_20201016.log")
L 10/16/2020 - 16:50:51: [store.smx] Error happened. Error: Duplicate entry '0' for key 'PRIMARY'
L 10/16/2020 - 16:54:21: [store.smx] Error happened. Error: Duplicate entry '0' for key 'PRIMARY'
L 10/16/2020 - 17:00:04: [store.smx] Error happened. Error: Duplicate entry '0' for key 'PRIMARY'
L 10/16/2020 - 17:02:29: [store.smx] Error happened. Error: Duplicate entry '0' for key 'PRIMARY'
L 10/16/2020 - 17:06:05: [store.smx] Error happened. Error: Duplicate entry '0' for key 'PRIMARY'
L 10/16/2020 - 17:06:43: [store.smx] Error happened. Error: Duplicate entry '0' for key 'PRIMARY'
L 10/16/2020 - 17:08:51: Error log file session closed.
L 10/16/2020 - 17:09:03: SourceMod error session started
L 10/16/2020 - 17:09:03: Info (map "de_train") (file "C:\TCAFiles\Users\jean\1\csgo\addons\sourcemod\logs\errors_20201016.log")
L 10/16/2020 - 17:09:03: [store.smx] Error happened. Error: Duplicate entry '0' for key 'PRIMARY'
L 10/16/2020 - 17:09:13: [store.smx] Error happened. Error: Duplicate entry '0' for key 'PRIMARY'
L 10/16/2020 - 17:16:08: Error log file session closed.
L 10/16/2020 - 17:16:13: SourceMod error session started
L 10/16/2020 - 17:16:13: Info (map "de_train") (file "C:\TCAFiles\Users\jean\1\csgo\addons\sourcemod\logs\errors_20201016.log")
L 10/16/2020 - 17:16:13: [store.smx] Error happened. Error: Duplicate entry '0' for key 'PRIMARY'
L 10/16/2020 - 17:31:49: Error log file session closed.
L 10/16/2020 - 17:32:05: SourceMod error session started
L 10/16/2020 - 17:32:05: Info (map "de_train") (file "C:\TCAFiles\Users\jean\1\csgo\addons\sourcemod\logs\errors_20201016.log")
L 10/16/2020 - 17:32:05: [store.smx] Error happened. Error: Duplicate entry '0' for key 'PRIMARY'
L 10/16/2020 - 17:32:35: [store.smx] Error happened. Error: Duplicate entry '0' for key 'PRIMARY'
L 10/16/2020 - 17:32:38: [store.smx] Error happened. Error: Duplicate entry '0' for key 'PRIMARY'
L 10/16/2020 - 17:39:19: [store.smx] Error happened. Error: Duplicate entry '0' for key 'PRIMARY'
L 10/16/2020 - 17:40:29: [store.smx] Error happened. Error: Duplicate entry '0' for key 'PRIMARY'
L 10/16/2020 - 17:41:17: [store.smx] Error happened. Error: Duplicate entry '0' for key 'PRIMARY'
L 10/16/2020 - 17:49:39: [store.smx] Error happened. Error: Duplicate entry '0' for key 'PRIMARY'
L 10/16/2020 - 17:51:34: Error log file session closed.
L 10/16/2020 - 17:51:43: SourceMod error session started
L 10/16/2020 - 17:51:43: Info (map "de_vertigo") (file "C:\TCAFiles\Users\jean\1\csgo\addons\sourcemod\logs\errors_20201016.log")
L 10/16/2020 - 17:51:43: [store.smx] Error happened. Error: Duplicate entry '0' for key 'PRIMARY'
L 10/16/2020 - 17:51:45: [store.smx] Error happened. Error: Duplicate entry '0' for key 'PRIMARY'
L 10/16/2020 - 17:51:46: [store.smx] Error happened. Error: Duplicate entry '0' for key 'PRIMARY'
L 10/16/2020 - 17:54:33: [store.smx] Error happened. Error: Duplicate entry '0' for key 'PRIMARY'
L 10/16/2020 - 18:06:28: [store.smx] Error happened. Error: Duplicate entry '0' for key 'PRIMARY'
L 10/16/2020 - 18:09:18: Error log file session closed.
L 10/16/2020 - 18:09:27: SourceMod error session started
L 10/16/2020 - 18:09:27: Info (map "de_overpass") (file "C:\TCAFiles\Users\jean\1\csgo\addons\sourcemod\logs\errors_20201016.log")
L 10/16/2020 - 18:09:27: [store.smx] Error happened. Error: Duplicate entry '0' for key 'PRIMARY'
L 10/16/2020 - 18:09:30: [store.smx] Error happened. Error: Duplicate entry '0' for key 'PRIMARY'
L 10/16/2020 - 18:21:58: [store.smx] Error happened. Error: Duplicate entry '0' for key 'PRIMARY'
L 10/16/2020 - 18:27:27: Error log file session closed.
L 10/16/2020 - 18:27:36: SourceMod error session started
L 10/16/2020 - 18:27:36: Info (map "de_inferno") (file "C:\TCAFiles\Users\jean\1\csgo\addons\sourcemod\logs\errors_20201016.log")
L 10/16/2020 - 18:27:36: [store.smx] Error happened. Error: Duplicate entry '0' for key 'PRIMARY'
L 10/16/2020 - 18:27:37: [store.smx] Error happened. Error: Duplicate entry '0' for key 'PRIMARY'
L 10/16/2020 - 18:46:22: Error log file session closed.
L 10/16/2020 - 18:46:30: SourceMod error session started
L 10/16/2020 - 18:46:30: Info (map "de_mirage") (file "C:\TCAFiles\Users\jean\1\csgo\addons\sourcemod\logs\errors_20201016.log")
L 10/16/2020 - 18:46:30: [store.smx] Error happened. Error: Duplicate entry '0' for key 'PRIMARY'
L 10/16/2020 - 18:46:31: [store.smx] Error happened. Error: Duplicate entry '0' for key 'PRIMARY'
L 10/16/2020 - 18:47:06: [store.smx] Error happened. Error: Duplicate entry '0' for key 'PRIMARY'
L 10/16/2020 - 18:48:52: [store.smx] Error happened. Error: Duplicate entry '0' for key 'PRIMARY'
L 10/16/2020 - 19:06:46: Error log file session closed.
L 10/16/2020 - 19:07:09: SourceMod error session started
L 10/16/2020 - 19:07:09: Info (map "de_cache") (file "C:\TCAFiles\Users\jean\1\csgo\addons\sourcemod\logs\errors_20201016.log")
L 10/16/2020 - 19:07:09: [store.smx] Error happened. Error: Duplicate entry '0' for key 'PRIMARY'
L 10/16/2020 - 19:24:23: Error log file session closed.
L 10/16/2020 - 19:41:55: SourceMod error session started
L 10/16/2020 - 19:41:55: Info (map "de_train") (file "C:\TCAFiles\Users\jean\1\csgo\addons\sourcemod\logs\errors_20201016.log")
L 10/16/2020 - 19:41:55: [store.smx] Error happened. Error: Duplicate entry '0' for key 'PRIMARY'
L 10/16/2020 - 20:00:07: Error log file session closed.
L 10/16/2020 - 20:02:08: SourceMod error session started
L 10/16/2020 - 20:02:08: Info (map "de_nuke") (file "C:\TCAFiles\Users\jean\1\csgo\addons\sourcemod\logs\errors_20201016.log")
L 10/16/2020 - 20:02:08: [store.smx] Error happened. Error: Duplicate entry '0' for key 'PRIMARY'
L 10/16/2020 - 20:15:48: [store.smx] Error happened. Error: Duplicate entry '0' for key 'PRIMARY'
L 10/16/2020 - 20:17:58: Error log file session closed.
L 10/16/2020 - 20:18:09: SourceMod error session started
L 10/16/2020 - 20:18:09: Info (map "de_overpass") (file "C:\TCAFiles\Users\jean\1\csgo\addons\sourcemod\logs\errors_20201016.log")
L 10/16/2020 - 20:18:09: [store.smx] Error happened. Error: Duplicate entry '0' for key 'PRIMARY'
L 10/16/2020 - 20:18:12: [store.smx] Error happened. Error: Duplicate entry '0' for key 'PRIMARY'
L 10/16/2020 - 20:25:24: [store.smx] Error happened. Error: Duplicate entry '0' for key 'PRIMARY'
L 10/16/2020 - 20:36:16: [store.smx] Error happened. Error: Duplicate entry '0' for key 'PRIMARY'
L 10/16/2020 - 20:36:41: [store.smx] Error happened. Error: Duplicate entry '0' for key 'PRIMARY'
L 10/16/2020 - 20:36:53: Error log file session closed.
L 10/16/2020 - 20:37:05: SourceMod error session started
L 10/16/2020 - 20:37:05: Info (map "de_inferno") (file "C:\TCAFiles\Users\jean\1\csgo\addons\sourcemod\logs\errors_20201016.log")
L 10/16/2020 - 20:37:05: [store.smx] Error happened. Error: Duplicate entry '0' for key 'PRIMARY'
L 10/16/2020 - 20:37:07: [store.smx] Error happened. Error: Duplicate entry '0' for key 'PRIMARY'
L 10/16/2020 - 20:37:15: [store.smx] Error happened. Error: Duplicate entry '0' for key 'PRIMARY'
L 10/16/2020 - 20:38:03: [store.smx] Error happened. Error: Duplicate entry '0' for key 'PRIMARY'
L 10/16/2020 - 20:38:36: [store.smx] Error happened. Error: Duplicate entry '0' for key 'PRIMARY'
L 10/16/2020 - 20:42:22: [store.smx] Error happened. Error: Duplicate entry '0' for key 'PRIMARY'
L 10/16/2020 - 20:50:46: [store.smx] Error happened. Error: Duplicate entry '0' for key 'PRIMARY'
L 10/16/2020 - 20:58:36: [store.smx] Error happened. Error: Duplicate entry '0' for key 'PRIMARY'
L 10/16/2020 - 21:17:22: Error log file session closed.
L 10/16/2020 - 21:17:37: SourceMod error session started
L 10/16/2020 - 21:17:37: Info (map "de_mirage") (file "C:\TCAFiles\Users\jean\1\csgo\addons\sourcemod\logs\errors_20201016.log")
L 10/16/2020 - 21:17:37: [store.smx] Error happened. Error: Duplicate entry '0' for key 'PRIMARY'
L 10/16/2020 - 21:17:42: [store.smx] Error happened. Error: Duplicate entry '0' for key 'PRIMARY'
L 10/16/2020 - 21:17:43: [store.smx] Error happened. Error: Duplicate entry '0' for key 'PRIMARY'
L 10/16/2020 - 21:19:06: [store.smx] Error happened. Error: Duplicate entry '0' for key 'PRIMARY'
L 10/16/2020 - 21:35:53: Error log file session closed.
L 10/16/2020 - 21:36:15: SourceMod error session started
L 10/16/2020 - 21:36:15: Info (map "de_cache") (file "C:\TCAFiles\Users\jean\1\csgo\addons\sourcemod\logs\errors_20201016.log")
L 10/16/2020 - 21:36:15: [store.smx] Error happened. Error: Duplicate entry '0' for key 'PRIMARY'
L 10/16/2020 - 21:38:49: [store.smx] Error happened. Error: Duplicate entry '0' for key 'PRIMARY'
L 10/16/2020 - 21:48:42: [store.smx] Error happened. Error: Duplicate entry '0' for key 'PRIMARY'
L 10/16/2020 - 21:53:06: Error log file session closed.
L 10/16/2020 - 21:53:24: SourceMod error session started
L 10/16/2020 - 21:53:24: Info (map "de_dust2") (file "C:\TCAFiles\Users\jean\1\csgo\addons\sourcemod\logs\errors_20201016.log")
L 10/16/2020 - 21:53:24: [store.smx] Error happened. Error: Duplicate entry '0' for key 'PRIMARY'
L 10/16/2020 - 21:56:19: [store.smx] Error happened. Error: Duplicate entry '0' for key 'PRIMARY'
L 10/16/2020 - 22:13:50: Error log file session closed.
L 10/16/2020 - 22:14:10: SourceMod error session started
L 10/16/2020 - 22:14:10: Info (map "de_train") (file "C:\TCAFiles\Users\jean\1\csgo\addons\sourcemod\logs\errors_20201016.log")
L 10/16/2020 - 22:14:10: [store.smx] Error happened. Error: Duplicate entry '0' for key 'PRIMARY'
L 10/16/2020 - 22:15:35: [store.smx] Error happened. Error: Duplicate entry '0' for key 'PRIMARY'
L 10/16/2020 - 22:33:08: Error log file session closed.
L 10/16/2020 - 22:33:21: SourceMod error session started
L 10/16/2020 - 22:33:21: Info (map "de_vertigo") (file "C:\TCAFiles\Users\jean\1\csgo\addons\sourcemod\logs\errors_20201016.log")
L 10/16/2020 - 22:33:21: [store.smx] Error happened. Error: Duplicate entry '0' for key 'PRIMARY'
L 10/16/2020 - 22:34:09: [store.smx] Error happened. Error: Duplicate entry '0' for key 'PRIMARY'
L 10/16/2020 - 22:35:09: [store.smx] Error happened. Error: Duplicate entry '0' for key 'PRIMARY'
L 10/16/2020 - 22:44:03: [store.smx] Error happened. Error: Duplicate entry '0' for key 'PRIMARY'
L 10/16/2020 - 22:47:48: [store.smx] Error happened. Error: Duplicate entry '0' for key 'PRIMARY'
L 10/16/2020 - 22:48:12: Error log file session closed.
L 10/16/2020 - 22:48:30: SourceMod error session started
L 10/16/2020 - 22:48:30: Info (map "de_nuke") (file "C:\TCAFiles\Users\jean\1\csgo\addons\sourcemod\logs\errors_20201016.log")
L 10/16/2020 - 22:48:30: [store.smx] Error happened. Error: Duplicate entry '0' for key 'PRIMARY'
L 10/16/2020 - 22:48:44: [store.smx] Error happened. Error: Duplicate entry '0' for key 'PRIMARY'
L 10/16/2020 - 22:50:24: [store.smx] Error happened. Error: Duplicate entry '0' for key 'PRIMARY'
L 10/16/2020 - 22:57:08: [store.smx] Error happened. Error: Duplicate entry '0' for key 'PRIMARY'
L 10/16/2020 - 23:06:11: Error log file session closed.
L 10/16/2020 - 23:06:24: SourceMod error session started
L 10/16/2020 - 23:06:24: Info (map "de_inferno") (file "C:\TCAFiles\Users\jean\1\csgo\addons\sourcemod\logs\errors_20201016.log")
L 10/16/2020 - 23:06:24: [store.smx] Error happened. Error: Duplicate entry '0' for key 'PRIMARY'
L 10/16/2020 - 23:06:28: [store.smx] Error happened. Error: Duplicate entry '0' for key 'PRIMARY'
L 10/16/2020 - 23:22:45: [store.smx] Error happened. Error: Duplicate entry '0' for key 'PRIMARY'
L 10/16/2020 - 23:24:59: Error log file session closed.
L 10/16/2020 - 23:25:08: SourceMod error session started
L 10/16/2020 - 23:25:08: Info (map "de_mirage") (file "C:\TCAFiles\Users\jean\1\csgo\addons\sourcemod\logs\errors_20201016.log")
L 10/16/2020 - 23:25:08: [store.smx] Error happened. Error: Duplicate entry '0' for key 'PRIMARY'
L 10/16/2020 - 23:25:13: [store.smx] Error happened. Error: Duplicate entry '0' for key 'PRIMARY'
L 10/16/2020 - 23:25:20: [store.smx] Error happened. Error: Duplicate entry '0' for key 'PRIMARY'
L 10/16/2020 - 23:35:28: [store.smx] Error happened. Error: Duplicate entry '0' for key 'PRIMARY'
L 10/16/2020 - 23:47:43: Error log file session closed.
