L 09/22/2020 - 09:12:17: SourceMod error session started
L 09/22/2020 - 09:12:17: Info (map "de_inferno") (file "C:\TCAFiles\Users\jean\1\csgo\addons\sourcemod\logs\errors_20200922.log")
L 09/22/2020 - 09:12:17: [kento_rankme.smx] [RankMe] Query Fail: Column count doesn't match value count at row 1
L 09/22/2020 - 09:12:17: [store.smx] Error happened. Error: Duplicate entry '0' for key 'PRIMARY'
L 09/22/2020 - 09:25:33: Error log file session closed.
L 09/22/2020 - 11:38:20: SourceMod error session started
L 09/22/2020 - 11:38:20: Info (map "de_inferno") (file "C:\TCAFiles\Users\jean\1\csgo\addons\sourcemod\logs\errors_20200922.log")
L 09/22/2020 - 11:38:20: [store.smx] Error happened. Error: Duplicate entry '0' for key 'PRIMARY'
L 09/22/2020 - 11:40:59: [kento_rankme.smx] [RankMe] Query Fail: Column count doesn't match value count at row 1
L 09/22/2020 - 11:40:59: [store.smx] Error happened. Error: Duplicate entry '0' for key 'PRIMARY'
L 09/22/2020 - 11:41:45: Error log file session closed.
L 09/22/2020 - 11:41:57: SourceMod error session started
L 09/22/2020 - 11:41:57: Info (map "de_overpass") (file "C:\TCAFiles\Users\jean\1\csgo\addons\sourcemod\logs\errors_20200922.log")
L 09/22/2020 - 11:41:57: [store.smx] Error happened. Error: Duplicate entry '0' for key 'PRIMARY'
L 09/22/2020 - 11:42:01: [kento_rankme.smx] [RankMe] Query Fail: Column count doesn't match value count at row 1
L 09/22/2020 - 11:42:01: [store.smx] Error happened. Error: Duplicate entry '0' for key 'PRIMARY'
L 09/22/2020 - 11:43:13: [kento_rankme.smx] [RankMe] Query Fail: Column count doesn't match value count at row 1
L 09/22/2020 - 11:43:13: [store.smx] Error happened. Error: Duplicate entry '0' for key 'PRIMARY'
L 09/22/2020 - 11:46:29: [kento_rankme.smx] [RankMe] Query Fail: Column count doesn't match value count at row 1
L 09/22/2020 - 11:46:29: [store.smx] Error happened. Error: Duplicate entry '0' for key 'PRIMARY'
L 09/22/2020 - 11:48:15: [kento_rankme.smx] [RankMe] Query Fail: Column count doesn't match value count at row 1
L 09/22/2020 - 11:48:16: [store.smx] Error happened. Error: Duplicate entry '0' for key 'PRIMARY'
L 09/22/2020 - 11:50:39: [kento_rankme.smx] [RankMe] Query Fail: Column count doesn't match value count at row 1
L 09/22/2020 - 11:56:46: Error log file session closed.
L 09/22/2020 - 11:57:02: SourceMod error session started
L 09/22/2020 - 11:57:02: Info (map "de_dust2") (file "C:\TCAFiles\Users\jean\1\csgo\addons\sourcemod\logs\errors_20200922.log")
L 09/22/2020 - 11:57:02: [kento_rankme.smx] [RankMe] Query Fail: Column count doesn't match value count at row 1
L 09/22/2020 - 11:57:03: [store.smx] Error happened. Error: Duplicate entry '0' for key 'PRIMARY'
L 09/22/2020 - 11:57:05: [kento_rankme.smx] [RankMe] Query Fail: Column count doesn't match value count at row 1
L 09/22/2020 - 11:57:06: [store.smx] Error happened. Error: Duplicate entry '0' for key 'PRIMARY'
L 09/22/2020 - 11:57:10: [store.smx] Error happened. Error: Duplicate entry '0' for key 'PRIMARY'
L 09/22/2020 - 12:01:56: [kento_rankme.smx] [RankMe] Query Fail: Column count doesn't match value count at row 1
L 09/22/2020 - 12:01:56: [store.smx] Error happened. Error: Duplicate entry '0' for key 'PRIMARY'
L 09/22/2020 - 12:10:16: [store.smx] Error happened. Error: Duplicate entry '0' for key 'PRIMARY'
L 09/22/2020 - 12:12:06: [kento_rankme.smx] [RankMe] Query Fail: Column count doesn't match value count at row 1
L 09/22/2020 - 12:12:06: [store.smx] Error happened. Error: Duplicate entry '0' for key 'PRIMARY'
L 09/22/2020 - 12:15:32: Error log file session closed.
L 09/22/2020 - 12:15:43: SourceMod error session started
L 09/22/2020 - 12:15:43: Info (map "de_mirage") (file "C:\TCAFiles\Users\jean\1\csgo\addons\sourcemod\logs\errors_20200922.log")
L 09/22/2020 - 12:15:43: [kento_rankme.smx] [RankMe] Query Fail: Column count doesn't match value count at row 1
L 09/22/2020 - 12:15:44: [store.smx] Error happened. Error: Duplicate entry '0' for key 'PRIMARY'
L 09/22/2020 - 12:15:46: [kento_rankme.smx] [RankMe] Query Fail: Column count doesn't match value count at row 1
L 09/22/2020 - 12:15:46: [store.smx] Error happened. Error: Duplicate entry '0' for key 'PRIMARY'
L 09/22/2020 - 12:15:47: [kento_rankme.smx] [RankMe] Query Fail: Column count doesn't match value count at row 1
L 09/22/2020 - 12:15:47: [store.smx] Error happened. Error: Duplicate entry '0' for key 'PRIMARY'
L 09/22/2020 - 12:30:01: [kento_rankme.smx] [RankMe] Query Fail: Column count doesn't match value count at row 1
L 09/22/2020 - 12:30:01: [store.smx] Error happened. Error: Duplicate entry '0' for key 'PRIMARY'
L 09/22/2020 - 12:32:35: Error log file session closed.
L 09/22/2020 - 12:32:45: SourceMod error session started
L 09/22/2020 - 12:32:45: Info (map "de_train") (file "C:\TCAFiles\Users\jean\1\csgo\addons\sourcemod\logs\errors_20200922.log")
L 09/22/2020 - 12:32:45: [kento_rankme.smx] [RankMe] Query Fail: Column count doesn't match value count at row 1
L 09/22/2020 - 12:32:46: [store.smx] Error happened. Error: Duplicate entry '0' for key 'PRIMARY'
L 09/22/2020 - 12:32:50: [kento_rankme.smx] [RankMe] Query Fail: Column count doesn't match value count at row 1
L 09/22/2020 - 12:32:50: [store.smx] Error happened. Error: Duplicate entry '0' for key 'PRIMARY'
L 09/22/2020 - 12:42:43: [kento_rankme.smx] [RankMe] Query Fail: Column count doesn't match value count at row 1
L 09/22/2020 - 12:42:49: [kento_rankme.smx] [RankMe] Query Fail: Column count doesn't match value count at row 1
L 09/22/2020 - 12:42:50: [store.smx] Error happened. Error: Duplicate entry '0' for key 'PRIMARY'
L 09/22/2020 - 12:44:58: [kento_rankme.smx] [RankMe] Query Fail: Column count doesn't match value count at row 1
L 09/22/2020 - 12:45:22: [kento_rankme.smx] [RankMe] Query Fail: Column count doesn't match value count at row 1
L 09/22/2020 - 12:48:40: [kento_rankme.smx] [RankMe] Query Fail: Column count doesn't match value count at row 1
L 09/22/2020 - 12:48:52: [kento_rankme.smx] [RankMe] Query Fail: Column count doesn't match value count at row 1
L 09/22/2020 - 12:49:05: Error log file session closed.
L 09/22/2020 - 12:49:21: SourceMod error session started
L 09/22/2020 - 12:49:21: Info (map "de_cache") (file "C:\TCAFiles\Users\jean\1\csgo\addons\sourcemod\logs\errors_20200922.log")
L 09/22/2020 - 12:49:21: [kento_rankme.smx] [RankMe] Query Fail: Column count doesn't match value count at row 1
L 09/22/2020 - 12:49:21: [store.smx] Error happened. Error: Duplicate entry '0' for key 'PRIMARY'
L 09/22/2020 - 12:49:22: [kento_rankme.smx] [RankMe] Query Fail: Column count doesn't match value count at row 1
L 09/22/2020 - 12:49:23: [kento_rankme.smx] [RankMe] Query Fail: Column count doesn't match value count at row 1
L 09/22/2020 - 12:49:23: [store.smx] Error happened. Error: Duplicate entry '0' for key 'PRIMARY'
L 09/22/2020 - 12:49:26: [kento_rankme.smx] [RankMe] Query Fail: Column count doesn't match value count at row 1
L 09/22/2020 - 12:49:29: [kento_rankme.smx] [RankMe] Query Fail: Column count doesn't match value count at row 1
L 09/22/2020 - 12:49:54: [kento_rankme.smx] [RankMe] Query Fail: Column count doesn't match value count at row 1
L 09/22/2020 - 12:49:57: [kento_rankme.smx] [RankMe] Query Fail: Column count doesn't match value count at row 1
L 09/22/2020 - 12:49:57: [store.smx] Error happened. Error: Duplicate entry '0' for key 'PRIMARY'
L 09/22/2020 - 13:07:10: Error log file session closed.
L 09/22/2020 - 13:07:18: SourceMod error session started
L 09/22/2020 - 13:07:18: Info (map "de_vertigo") (file "C:\TCAFiles\Users\jean\1\csgo\addons\sourcemod\logs\errors_20200922.log")
L 09/22/2020 - 13:07:18: [kento_rankme.smx] [RankMe] Query Fail: Column count doesn't match value count at row 1
L 09/22/2020 - 13:07:18: [store.smx] Error happened. Error: Duplicate entry '0' for key 'PRIMARY'
L 09/22/2020 - 13:07:20: [kento_rankme.smx] [RankMe] Query Fail: Column count doesn't match value count at row 1
L 09/22/2020 - 13:07:21: [kento_rankme.smx] [RankMe] Query Fail: Column count doesn't match value count at row 1
L 09/22/2020 - 13:07:21: [store.smx] Error happened. Error: Duplicate entry '0' for key 'PRIMARY'
L 09/22/2020 - 13:07:22: [kento_rankme.smx] [RankMe] Query Fail: Column count doesn't match value count at row 1
L 09/22/2020 - 13:07:22: [kento_rankme.smx] [RankMe] Query Fail: Column count doesn't match value count at row 1
L 09/22/2020 - 13:07:23: [kento_rankme.smx] [RankMe] Query Fail: Column count doesn't match value count at row 1
L 09/22/2020 - 13:07:23: [store.smx] Error happened. Error: Duplicate entry '0' for key 'PRIMARY'
L 09/22/2020 - 13:07:48: [kento_rankme.smx] [RankMe] Query Fail: Column count doesn't match value count at row 1
L 09/22/2020 - 13:17:21: [store.smx] Error happened. Error: Duplicate entry '0' for key 'PRIMARY'
L 09/22/2020 - 13:22:06: [kento_rankme.smx] [RankMe] Query Fail: Column count doesn't match value count at row 1
L 09/22/2020 - 13:24:39: Error log file session closed.
L 09/22/2020 - 13:24:51: SourceMod error session started
L 09/22/2020 - 13:24:51: Info (map "de_inferno") (file "C:\TCAFiles\Users\jean\1\csgo\addons\sourcemod\logs\errors_20200922.log")
L 09/22/2020 - 13:24:51: [kento_rankme.smx] [RankMe] Query Fail: Column count doesn't match value count at row 1
L 09/22/2020 - 13:24:51: [kento_rankme.smx] [RankMe] Query Fail: Column count doesn't match value count at row 1
L 09/22/2020 - 13:24:52: [store.smx] Error happened. Error: Duplicate entry '0' for key 'PRIMARY'
L 09/22/2020 - 13:24:52: [kento_rankme.smx] [RankMe] Query Fail: Column count doesn't match value count at row 1
L 09/22/2020 - 13:24:52: [store.smx] Error happened. Error: Duplicate entry '0' for key 'PRIMARY'
L 09/22/2020 - 13:24:53: [kento_rankme.smx] [RankMe] Query Fail: Column count doesn't match value count at row 1
L 09/22/2020 - 13:24:55: [kento_rankme.smx] [RankMe] Query Fail: Column count doesn't match value count at row 1
L 09/22/2020 - 13:25:24: [store.smx] Error happened. Error: Duplicate entry '0' for key 'PRIMARY'
L 09/22/2020 - 13:44:32: Error log file session closed.
L 09/22/2020 - 13:44:43: SourceMod error session started
L 09/22/2020 - 13:44:43: Info (map "de_overpass") (file "C:\TCAFiles\Users\jean\1\csgo\addons\sourcemod\logs\errors_20200922.log")
L 09/22/2020 - 13:44:43: [kento_rankme.smx] [RankMe] Query Fail: Column count doesn't match value count at row 1
L 09/22/2020 - 13:44:44: [kento_rankme.smx] [RankMe] Query Fail: Column count doesn't match value count at row 1
L 09/22/2020 - 13:44:45: [store.smx] Error happened. Error: Duplicate entry '0' for key 'PRIMARY'
L 09/22/2020 - 13:44:46: [kento_rankme.smx] [RankMe] Query Fail: Column count doesn't match value count at row 1
L 09/22/2020 - 13:44:46: [store.smx] Error happened. Error: Duplicate entry '0' for key 'PRIMARY'
L 09/22/2020 - 13:44:47: [kento_rankme.smx] [RankMe] Query Fail: Column count doesn't match value count at row 1
L 09/22/2020 - 13:45:15: [store.smx] Error happened. Error: Duplicate entry '0' for key 'PRIMARY'
L 09/22/2020 - 13:49:31: [kento_rankme.smx] [RankMe] Query Fail: Column count doesn't match value count at row 1
L 09/22/2020 - 13:49:31: [store.smx] Error happened. Error: Duplicate entry '0' for key 'PRIMARY'
L 09/22/2020 - 13:53:23: [kento_rankme.smx] [RankMe] Query Fail: Column count doesn't match value count at row 1
L 09/22/2020 - 13:53:23: [store.smx] Error happened. Error: Duplicate entry '0' for key 'PRIMARY'
L 09/22/2020 - 14:02:48: Error log file session closed.
L 09/22/2020 - 14:02:59: SourceMod error session started
L 09/22/2020 - 14:02:59: Info (map "de_dust2") (file "C:\TCAFiles\Users\jean\1\csgo\addons\sourcemod\logs\errors_20200922.log")
L 09/22/2020 - 14:02:59: [kento_rankme.smx] [RankMe] Query Fail: Column count doesn't match value count at row 1
L 09/22/2020 - 14:03:00: [store.smx] Error happened. Error: Duplicate entry '0' for key 'PRIMARY'
L 09/22/2020 - 14:03:04: [kento_rankme.smx] [RankMe] Query Fail: Column count doesn't match value count at row 1
L 09/22/2020 - 14:03:04: [kento_rankme.smx] [RankMe] Query Fail: Column count doesn't match value count at row 1
L 09/22/2020 - 14:03:05: [store.smx] Error happened. Error: Duplicate entry '0' for key 'PRIMARY'
L 09/22/2020 - 14:03:07: [kento_rankme.smx] [RankMe] Query Fail: Column count doesn't match value count at row 1
L 09/22/2020 - 14:04:34: [store.smx] Error happened. Error: Duplicate entry '0' for key 'PRIMARY'
L 09/22/2020 - 14:12:07: [store.smx] Error happened. Error: Duplicate entry '0' for key 'PRIMARY'
L 09/22/2020 - 14:14:16: [kento_rankme.smx] [RankMe] Query Fail: Column count doesn't match value count at row 1
L 09/22/2020 - 14:14:17: [store.smx] Error happened. Error: Duplicate entry '0' for key 'PRIMARY'
L 09/22/2020 - 14:15:04: [kento_rankme.smx] [RankMe] Query Fail: Column count doesn't match value count at row 1
L 09/22/2020 - 14:15:05: [store.smx] Error happened. Error: Duplicate entry '0' for key 'PRIMARY'
L 09/22/2020 - 14:18:52: Error log file session closed.
L 09/22/2020 - 14:19:03: SourceMod error session started
L 09/22/2020 - 14:19:03: Info (map "de_mirage") (file "C:\TCAFiles\Users\jean\1\csgo\addons\sourcemod\logs\errors_20200922.log")
L 09/22/2020 - 14:19:03: [kento_rankme.smx] [RankMe] Query Fail: Column count doesn't match value count at row 1
L 09/22/2020 - 14:19:04: [kento_rankme.smx] [RankMe] Query Fail: Column count doesn't match value count at row 1
L 09/22/2020 - 14:19:04: [store.smx] Error happened. Error: Duplicate entry '0' for key 'PRIMARY'
L 09/22/2020 - 14:19:05: [store.smx] Error happened. Error: Duplicate entry '0' for key 'PRIMARY'
L 09/22/2020 - 14:19:07: [store.smx] Error happened. Error: Duplicate entry '0' for key 'PRIMARY'
L 09/22/2020 - 14:19:36: [kento_rankme.smx] [RankMe] Query Fail: Column count doesn't match value count at row 1
L 09/22/2020 - 14:19:37: [store.smx] Error happened. Error: Duplicate entry '0' for key 'PRIMARY'
L 09/22/2020 - 14:24:50: [kento_rankme.smx] [RankMe] Query Fail: Column count doesn't match value count at row 1
L 09/22/2020 - 14:24:50: [store.smx] Error happened. Error: Duplicate entry '0' for key 'PRIMARY'
L 09/22/2020 - 14:26:49: [kento_rankme.smx] [RankMe] Query Fail: Column count doesn't match value count at row 1
L 09/22/2020 - 14:26:50: [store.smx] Error happened. Error: Duplicate entry '0' for key 'PRIMARY'
L 09/22/2020 - 14:39:00: Error log file session closed.
L 09/22/2020 - 14:39:17: SourceMod error session started
L 09/22/2020 - 14:39:17: Info (map "de_nuke") (file "C:\TCAFiles\Users\jean\1\csgo\addons\sourcemod\logs\errors_20200922.log")
L 09/22/2020 - 14:39:17: [kento_rankme.smx] [RankMe] Query Fail: Column count doesn't match value count at row 1
L 09/22/2020 - 14:39:18: [store.smx] Error happened. Error: Duplicate entry '0' for key 'PRIMARY'
L 09/22/2020 - 14:39:18: [kento_rankme.smx] [RankMe] Query Fail: Column count doesn't match value count at row 1
L 09/22/2020 - 14:39:18: [store.smx] Error happened. Error: Duplicate entry '0' for key 'PRIMARY'
L 09/22/2020 - 14:39:19: [kento_rankme.smx] [RankMe] Query Fail: Column count doesn't match value count at row 1
L 09/22/2020 - 14:39:19: [store.smx] Error happened. Error: Duplicate entry '0' for key 'PRIMARY'
L 09/22/2020 - 14:41:49: [kento_rankme.smx] [RankMe] Query Fail: Column count doesn't match value count at row 1
L 09/22/2020 - 14:41:49: [store.smx] Error happened. Error: Duplicate entry '0' for key 'PRIMARY'
L 09/22/2020 - 14:41:54: [kento_rankme.smx] [RankMe] Query Fail: Column count doesn't match value count at row 1
L 09/22/2020 - 14:50:22: [kento_rankme.smx] [RankMe] Query Fail: Column count doesn't match value count at row 1
L 09/22/2020 - 14:56:37: Error log file session closed.
L 09/22/2020 - 14:56:53: SourceMod error session started
L 09/22/2020 - 14:56:53: Info (map "de_cache") (file "C:\TCAFiles\Users\jean\1\csgo\addons\sourcemod\logs\errors_20200922.log")
L 09/22/2020 - 14:56:53: [kento_rankme.smx] [RankMe] Query Fail: Column count doesn't match value count at row 1
L 09/22/2020 - 14:56:54: [kento_rankme.smx] [RankMe] Query Fail: Column count doesn't match value count at row 1
L 09/22/2020 - 14:56:54: [store.smx] Error happened. Error: Duplicate entry '0' for key 'PRIMARY'
L 09/22/2020 - 14:57:41: [store.smx] Error happened. Error: Duplicate entry '0' for key 'PRIMARY'
L 09/22/2020 - 14:58:44: [kento_rankme.smx] [RankMe] Query Fail: Column count doesn't match value count at row 1
L 09/22/2020 - 15:13:59: Error log file session closed.
L 09/22/2020 - 15:14:09: SourceMod error session started
L 09/22/2020 - 15:14:09: Info (map "de_vertigo") (file "C:\TCAFiles\Users\jean\1\csgo\addons\sourcemod\logs\errors_20200922.log")
L 09/22/2020 - 15:14:09: [kento_rankme.smx] [RankMe] Query Fail: Column count doesn't match value count at row 1
L 09/22/2020 - 15:14:10: [store.smx] Error happened. Error: Duplicate entry '0' for key 'PRIMARY'
L 09/22/2020 - 15:17:48: [kento_rankme.smx] [RankMe] Query Fail: Column count doesn't match value count at row 1
L 09/22/2020 - 15:18:38: [store.smx] Error happened. Error: Duplicate entry '0' for key 'PRIMARY'
L 09/22/2020 - 15:24:56: [kento_rankme.smx] [RankMe] Query Fail: Column count doesn't match value count at row 1
L 09/22/2020 - 15:24:57: [store.smx] Error happened. Error: Duplicate entry '0' for key 'PRIMARY'
L 09/22/2020 - 15:31:02: Error log file session closed.
L 09/22/2020 - 15:31:15: SourceMod error session started
L 09/22/2020 - 15:31:15: Info (map "de_inferno") (file "C:\TCAFiles\Users\jean\1\csgo\addons\sourcemod\logs\errors_20200922.log")
L 09/22/2020 - 15:31:15: [kento_rankme.smx] [RankMe] Query Fail: Column count doesn't match value count at row 1
L 09/22/2020 - 15:31:15: [store.smx] Error happened. Error: Duplicate entry '0' for key 'PRIMARY'
L 09/22/2020 - 15:31:20: [kento_rankme.smx] [RankMe] Query Fail: Column count doesn't match value count at row 1
L 09/22/2020 - 15:31:20: [store.smx] Error happened. Error: Duplicate entry '0' for key 'PRIMARY'
L 09/22/2020 - 15:35:42: [kento_rankme.smx] [RankMe] Query Fail: Column count doesn't match value count at row 1
L 09/22/2020 - 15:42:39: [kento_rankme.smx] [RankMe] Query Fail: Column count doesn't match value count at row 1
L 09/22/2020 - 15:44:09: [store.smx] Error happened. Error: Duplicate entry '0' for key 'PRIMARY'
L 09/22/2020 - 15:47:59: [kento_rankme.smx] [RankMe] Query Fail: Column count doesn't match value count at row 1
L 09/22/2020 - 15:47:59: [store.smx] Error happened. Error: Duplicate entry '0' for key 'PRIMARY'
L 09/22/2020 - 15:50:04: [kento_rankme.smx] [RankMe] Query Fail: Column count doesn't match value count at row 1
L 09/22/2020 - 15:50:04: [store.smx] Error happened. Error: Duplicate entry '0' for key 'PRIMARY'
L 09/22/2020 - 15:50:21: Error log file session closed.
L 09/22/2020 - 15:50:30: SourceMod error session started
L 09/22/2020 - 15:50:30: Info (map "de_overpass") (file "C:\TCAFiles\Users\jean\1\csgo\addons\sourcemod\logs\errors_20200922.log")
L 09/22/2020 - 15:50:30: [kento_rankme.smx] [RankMe] Query Fail: Column count doesn't match value count at row 1
L 09/22/2020 - 15:50:30: [store.smx] Error happened. Error: Duplicate entry '0' for key 'PRIMARY'
L 09/22/2020 - 15:50:33: [store.smx] Error happened. Error: Duplicate entry '0' for key 'PRIMARY'
L 09/22/2020 - 15:50:37: [kento_rankme.smx] [RankMe] Query Fail: Column count doesn't match value count at row 1
L 09/22/2020 - 15:50:39: [kento_rankme.smx] [RankMe] Query Fail: Column count doesn't match value count at row 1
L 09/22/2020 - 15:50:39: [store.smx] Error happened. Error: Duplicate entry '0' for key 'PRIMARY'
L 09/22/2020 - 15:53:11: [store.smx] Error happened. Error: Duplicate entry '0' for key 'PRIMARY'
L 09/22/2020 - 16:01:58: [store.smx] Error happened. Error: Duplicate entry '0' for key 'PRIMARY'
L 09/22/2020 - 16:02:32: [kento_rankme.smx] [RankMe] Query Fail: Column count doesn't match value count at row 1
L 09/22/2020 - 16:06:29: [store.smx] Error happened. Error: Duplicate entry '0' for key 'PRIMARY'
L 09/22/2020 - 16:07:59: Error log file session closed.
L 09/22/2020 - 16:08:34: SourceMod error session started
L 09/22/2020 - 16:08:34: Info (map "de_dust2") (file "C:\TCAFiles\Users\jean\1\csgo\addons\sourcemod\logs\errors_20200922.log")
L 09/22/2020 - 16:08:34: [store.smx] Error happened. Error: Duplicate entry '0' for key 'PRIMARY'
L 09/22/2020 - 16:09:26: [kento_rankme.smx] [RankMe] Query Fail: Column count doesn't match value count at row 1
L 09/22/2020 - 16:12:17: [kento_rankme.smx] [RankMe] Query Fail: Column count doesn't match value count at row 1
L 09/22/2020 - 16:12:17: [store.smx] Error happened. Error: Duplicate entry '0' for key 'PRIMARY'
L 09/22/2020 - 16:20:19: [kento_rankme.smx] [RankMe] Query Fail: Column count doesn't match value count at row 1
L 09/22/2020 - 16:20:19: [store.smx] Error happened. Error: Duplicate entry '0' for key 'PRIMARY'
L 09/22/2020 - 16:26:29: Error log file session closed.
L 09/22/2020 - 16:26:42: SourceMod error session started
L 09/22/2020 - 16:26:42: Info (map "de_mirage") (file "C:\TCAFiles\Users\jean\1\csgo\addons\sourcemod\logs\errors_20200922.log")
L 09/22/2020 - 16:26:42: [kento_rankme.smx] [RankMe] Query Fail: Column count doesn't match value count at row 1
L 09/22/2020 - 16:26:43: [store.smx] Error happened. Error: Duplicate entry '0' for key 'PRIMARY'
L 09/22/2020 - 16:27:18: [store.smx] Error happened. Error: Duplicate entry '0' for key 'PRIMARY'
L 09/22/2020 - 16:27:48: [kento_rankme.smx] [RankMe] Query Fail: Column count doesn't match value count at row 1
L 09/22/2020 - 16:36:46: [kento_rankme.smx] [RankMe] Query Fail: Column count doesn't match value count at row 1
L 09/22/2020 - 16:36:47: [store.smx] Error happened. Error: Duplicate entry '0' for key 'PRIMARY'
L 09/22/2020 - 16:42:05: [kento_rankme.smx] [RankMe] Query Fail: Column count doesn't match value count at row 1
L 09/22/2020 - 16:46:26: Error log file session closed.
L 09/22/2020 - 16:46:37: SourceMod error session started
L 09/22/2020 - 16:46:37: Info (map "de_train") (file "C:\TCAFiles\Users\jean\1\csgo\addons\sourcemod\logs\errors_20200922.log")
L 09/22/2020 - 16:46:37: [kento_rankme.smx] [RankMe] Query Fail: Column count doesn't match value count at row 1
L 09/22/2020 - 16:46:37: [store.smx] Error happened. Error: Duplicate entry '0' for key 'PRIMARY'
L 09/22/2020 - 16:46:45: [kento_rankme.smx] [RankMe] Query Fail: Column count doesn't match value count at row 1
L 09/22/2020 - 16:50:48: [kento_rankme.smx] [RankMe] Query Fail: Column count doesn't match value count at row 1
L 09/22/2020 - 16:50:48: [store.smx] Error happened. Error: Duplicate entry '0' for key 'PRIMARY'
L 09/22/2020 - 16:55:57: [store.smx] Error happened. Error: Duplicate entry '0' for key 'PRIMARY'
L 09/22/2020 - 17:05:03: Error log file session closed.
L 09/22/2020 - 17:05:19: SourceMod error session started
L 09/22/2020 - 17:05:19: Info (map "de_cache") (file "C:\TCAFiles\Users\jean\1\csgo\addons\sourcemod\logs\errors_20200922.log")
L 09/22/2020 - 17:05:19: [kento_rankme.smx] [RankMe] Query Fail: Column count doesn't match value count at row 1
L 09/22/2020 - 17:05:19: [store.smx] Error happened. Error: Duplicate entry '0' for key 'PRIMARY'
L 09/22/2020 - 17:05:28: [kento_rankme.smx] [RankMe] Query Fail: Column count doesn't match value count at row 1
L 09/22/2020 - 17:06:56: [kento_rankme.smx] [RankMe] Query Fail: Column count doesn't match value count at row 1
L 09/22/2020 - 17:06:57: [store.smx] Error happened. Error: Duplicate entry '0' for key 'PRIMARY'
L 09/22/2020 - 17:11:52: [store.smx] Error happened. Error: Duplicate entry '0' for key 'PRIMARY'
L 09/22/2020 - 17:14:25: [kento_rankme.smx] [RankMe] Query Fail: Column count doesn't match value count at row 1
L 09/22/2020 - 17:14:26: [store.smx] Error happened. Error: Duplicate entry '0' for key 'PRIMARY'
L 09/22/2020 - 17:17:56: [kento_rankme.smx] [RankMe] Query Fail: Column count doesn't match value count at row 1
L 09/22/2020 - 17:25:12: Error log file session closed.
L 09/22/2020 - 17:25:29: SourceMod error session started
L 09/22/2020 - 17:25:29: Info (map "de_nuke") (file "C:\TCAFiles\Users\jean\1\csgo\addons\sourcemod\logs\errors_20200922.log")
L 09/22/2020 - 17:25:29: [kento_rankme.smx] [RankMe] Query Fail: Column count doesn't match value count at row 1
L 09/22/2020 - 17:25:29: [store.smx] Error happened. Error: Duplicate entry '0' for key 'PRIMARY'
L 09/22/2020 - 17:25:45: [kento_rankme.smx] [RankMe] Query Fail: Column count doesn't match value count at row 1
L 09/22/2020 - 17:25:45: [store.smx] Error happened. Error: Duplicate entry '0' for key 'PRIMARY'
L 09/22/2020 - 17:28:46: [store.smx] Error happened. Error: Duplicate entry '0' for key 'PRIMARY'
L 09/22/2020 - 17:29:11: [store.smx] Error happened. Error: Duplicate entry '0' for key 'PRIMARY'
L 09/22/2020 - 17:44:41: Error log file session closed.
L 09/22/2020 - 17:44:56: SourceMod error session started
L 09/22/2020 - 17:44:56: Info (map "de_inferno") (file "C:\TCAFiles\Users\jean\1\csgo\addons\sourcemod\logs\errors_20200922.log")
L 09/22/2020 - 17:44:56: [store.smx] Error happened. Error: Duplicate entry '0' for key 'PRIMARY'
L 09/22/2020 - 17:46:29: [store.smx] Error happened. Error: Duplicate entry '0' for key 'PRIMARY'
L 09/22/2020 - 17:58:47: [kento_rankme.smx] [RankMe] Query Fail: Column count doesn't match value count at row 1
L 09/22/2020 - 17:58:47: [store.smx] Error happened. Error: Duplicate entry '0' for key 'PRIMARY'
L 09/22/2020 - 18:03:16: [kento_rankme.smx] [RankMe] Query Fail: Column count doesn't match value count at row 1
L 09/22/2020 - 18:03:17: [store.smx] Error happened. Error: Duplicate entry '0' for key 'PRIMARY'
L 09/22/2020 - 18:04:54: Error log file session closed.
L 09/22/2020 - 18:05:05: SourceMod error session started
L 09/22/2020 - 18:05:05: Info (map "de_vertigo") (file "C:\TCAFiles\Users\jean\1\csgo\addons\sourcemod\logs\errors_20200922.log")
L 09/22/2020 - 18:05:05: [kento_rankme.smx] [RankMe] Query Fail: Column count doesn't match value count at row 1
L 09/22/2020 - 18:05:05: [store.smx] Error happened. Error: Duplicate entry '0' for key 'PRIMARY'
L 09/22/2020 - 18:05:11: [kento_rankme.smx] [RankMe] Query Fail: Column count doesn't match value count at row 1
L 09/22/2020 - 18:05:11: [store.smx] Error happened. Error: Duplicate entry '0' for key 'PRIMARY'
L 09/22/2020 - 18:21:59: Error log file session closed.
L 09/22/2020 - 18:22:17: SourceMod error session started
L 09/22/2020 - 18:22:17: Info (map "de_overpass") (file "C:\TCAFiles\Users\jean\1\csgo\addons\sourcemod\logs\errors_20200922.log")
L 09/22/2020 - 18:22:17: [kento_rankme.smx] [RankMe] Query Fail: Column count doesn't match value count at row 1
L 09/22/2020 - 18:22:18: [store.smx] Error happened. Error: Duplicate entry '0' for key 'PRIMARY'
L 09/22/2020 - 18:36:30: [kento_rankme.smx] [RankMe] Query Fail: Column count doesn't match value count at row 1
L 09/22/2020 - 18:36:30: [store.smx] Error happened. Error: Duplicate entry '0' for key 'PRIMARY'
L 09/22/2020 - 18:39:11: [kento_rankme.smx] [RankMe] Query Fail: Column count doesn't match value count at row 1
L 09/22/2020 - 18:39:11: [store.smx] Error happened. Error: Duplicate entry '0' for key 'PRIMARY'
L 09/22/2020 - 18:39:17: Error log file session closed.
L 09/22/2020 - 18:39:26: SourceMod error session started
L 09/22/2020 - 18:39:26: Info (map "de_mirage") (file "C:\TCAFiles\Users\jean\1\csgo\addons\sourcemod\logs\errors_20200922.log")
L 09/22/2020 - 18:39:26: [kento_rankme.smx] [RankMe] Query Fail: Column count doesn't match value count at row 1
L 09/22/2020 - 18:39:26: [store.smx] Error happened. Error: Duplicate entry '0' for key 'PRIMARY'
L 09/22/2020 - 18:39:28: [kento_rankme.smx] [RankMe] Query Fail: Column count doesn't match value count at row 1
L 09/22/2020 - 18:39:29: [store.smx] Error happened. Error: Duplicate entry '0' for key 'PRIMARY'
L 09/22/2020 - 18:58:46: Error log file session closed.
L 09/22/2020 - 18:58:58: SourceMod error session started
L 09/22/2020 - 18:58:58: Info (map "de_dust2") (file "C:\TCAFiles\Users\jean\1\csgo\addons\sourcemod\logs\errors_20200922.log")
L 09/22/2020 - 18:58:58: [kento_rankme.smx] [RankMe] Query Fail: Column count doesn't match value count at row 1
L 09/22/2020 - 18:58:58: [store.smx] Error happened. Error: Duplicate entry '0' for key 'PRIMARY'
L 09/22/2020 - 18:58:59: [kento_rankme.smx] [RankMe] Query Fail: Column count doesn't match value count at row 1
L 09/22/2020 - 18:58:59: [store.smx] Error happened. Error: Duplicate entry '0' for key 'PRIMARY'
L 09/22/2020 - 19:09:52: [kento_rankme.smx] [RankMe] Query Fail: Column count doesn't match value count at row 1
L 09/22/2020 - 19:09:52: [store.smx] Error happened. Error: Duplicate entry '0' for key 'PRIMARY'
L 09/22/2020 - 19:11:02: [kento_rankme.smx] [RankMe] Query Fail: Column count doesn't match value count at row 1
L 09/22/2020 - 19:11:02: [store.smx] Error happened. Error: Duplicate entry '0' for key 'PRIMARY'
L 09/22/2020 - 19:15:50: Error log file session closed.
L 09/22/2020 - 19:16:02: SourceMod error session started
L 09/22/2020 - 19:16:02: Info (map "de_train") (file "C:\TCAFiles\Users\jean\1\csgo\addons\sourcemod\logs\errors_20200922.log")
L 09/22/2020 - 19:16:02: [kento_rankme.smx] [RankMe] Query Fail: Column count doesn't match value count at row 1
L 09/22/2020 - 19:16:02: [store.smx] Error happened. Error: Duplicate entry '0' for key 'PRIMARY'
L 09/22/2020 - 19:18:15: [kento_rankme.smx] [RankMe] Query Fail: Column count doesn't match value count at row 1
L 09/22/2020 - 19:18:15: [store.smx] Error happened. Error: Duplicate entry '0' for key 'PRIMARY'
L 09/22/2020 - 19:26:26: [kento_rankme.smx] [RankMe] Query Fail: Column count doesn't match value count at row 1
L 09/22/2020 - 19:36:02: [kento_rankme.smx] [RankMe] Query Fail: Column count doesn't match value count at row 1
L 09/22/2020 - 19:36:10: [kento_rankme.smx] [RankMe] Query Fail: Column count doesn't match value count at row 1
L 09/22/2020 - 19:36:10: [store.smx] Error happened. Error: Duplicate entry '0' for key 'PRIMARY'
L 09/22/2020 - 19:45:26: [store.smx] Error happened. Error: Duplicate entry '0' for key 'PRIMARY'
L 09/22/2020 - 19:52:45: [kento_rankme.smx] [RankMe] Query Fail: Column count doesn't match value count at row 1
L 09/22/2020 - 19:53:33: Error log file session closed.
L 09/22/2020 - 19:53:47: SourceMod error session started
L 09/22/2020 - 19:53:47: Info (map "de_nuke") (file "C:\TCAFiles\Users\jean\1\csgo\addons\sourcemod\logs\errors_20200922.log")
L 09/22/2020 - 19:53:47: [kento_rankme.smx] [RankMe] Query Fail: Column count doesn't match value count at row 1
L 09/22/2020 - 19:53:47: [store.smx] Error happened. Error: Duplicate entry '0' for key 'PRIMARY'
L 09/22/2020 - 19:53:50: [kento_rankme.smx] [RankMe] Query Fail: Column count doesn't match value count at row 1
L 09/22/2020 - 19:53:53: [kento_rankme.smx] [RankMe] Query Fail: Column count doesn't match value count at row 1
L 09/22/2020 - 19:53:53: [store.smx] Error happened. Error: Duplicate entry '0' for key 'PRIMARY'
L 09/22/2020 - 19:53:54: [kento_rankme.smx] [RankMe] Query Fail: Column count doesn't match value count at row 1
L 09/22/2020 - 19:53:58: [kento_rankme.smx] [RankMe] Query Fail: Column count doesn't match value count at row 1
L 09/22/2020 - 19:53:59: [store.smx] Error happened. Error: Duplicate entry '0' for key 'PRIMARY'
L 09/22/2020 - 19:55:12: [kento_rankme.smx] [RankMe] Query Fail: Column count doesn't match value count at row 1
L 09/22/2020 - 20:10:53: Error log file session closed.
L 09/22/2020 - 20:11:02: SourceMod error session started
L 09/22/2020 - 20:11:02: Info (map "de_inferno") (file "C:\TCAFiles\Users\jean\1\csgo\addons\sourcemod\logs\errors_20200922.log")
L 09/22/2020 - 20:11:02: [kento_rankme.smx] [RankMe] Query Fail: Column count doesn't match value count at row 1
L 09/22/2020 - 20:11:04: [kento_rankme.smx] [RankMe] Query Fail: Column count doesn't match value count at row 1
L 09/22/2020 - 20:11:05: [store.smx] Error happened. Error: Duplicate entry '0' for key 'PRIMARY'
L 09/22/2020 - 20:11:11: [kento_rankme.smx] [RankMe] Query Fail: Column count doesn't match value count at row 1
L 09/22/2020 - 20:13:47: [kento_rankme.smx] [RankMe] Query Fail: Column count doesn't match value count at row 1
L 09/22/2020 - 20:13:47: [store.smx] Error happened. Error: Duplicate entry '0' for key 'PRIMARY'
L 09/22/2020 - 20:16:07: [store.smx] Error happened. Error: Duplicate entry '0' for key 'PRIMARY'
L 09/22/2020 - 20:29:16: Error log file session closed.
L 09/22/2020 - 20:29:30: SourceMod error session started
L 09/22/2020 - 20:29:30: Info (map "de_vertigo") (file "C:\TCAFiles\Users\jean\1\csgo\addons\sourcemod\logs\errors_20200922.log")
L 09/22/2020 - 20:29:30: [store.smx] Error happened. Error: Duplicate entry '0' for key 'PRIMARY'
L 09/22/2020 - 20:29:31: [kento_rankme.smx] [RankMe] Query Fail: Column count doesn't match value count at row 1
L 09/22/2020 - 20:32:29: [kento_rankme.smx] [RankMe] Query Fail: Column count doesn't match value count at row 1
L 09/22/2020 - 20:46:37: Error log file session closed.
L 09/22/2020 - 20:47:01: SourceMod error session started
L 09/22/2020 - 20:47:01: Info (map "de_cache") (file "C:\TCAFiles\Users\jean\1\csgo\addons\sourcemod\logs\errors_20200922.log")
L 09/22/2020 - 20:47:01: [kento_rankme.smx] [RankMe] Query Fail: Column count doesn't match value count at row 1
L 09/22/2020 - 20:47:33: [kento_rankme.smx] [RankMe] Query Fail: Column count doesn't match value count at row 1
L 09/22/2020 - 20:47:39: [kento_rankme.smx] [RankMe] Query Fail: Column count doesn't match value count at row 1
L 09/22/2020 - 20:47:40: [store.smx] Error happened. Error: Duplicate entry '0' for key 'PRIMARY'
L 09/22/2020 - 20:56:42: [kento_rankme.smx] [RankMe] Query Fail: Column count doesn't match value count at row 1
L 09/22/2020 - 20:58:38: [store.smx] Error happened. Error: Duplicate entry '0' for key 'PRIMARY'
L 09/22/2020 - 21:04:31: Error log file session closed.
L 09/22/2020 - 21:04:47: SourceMod error session started
L 09/22/2020 - 21:04:47: Info (map "de_overpass") (file "C:\TCAFiles\Users\jean\1\csgo\addons\sourcemod\logs\errors_20200922.log")
L 09/22/2020 - 21:04:47: [kento_rankme.smx] [RankMe] Query Fail: Column count doesn't match value count at row 1
L 09/22/2020 - 21:11:49: [kento_rankme.smx] [RankMe] Query Fail: Column count doesn't match value count at row 1
L 09/22/2020 - 21:11:50: [store.smx] Error happened. Error: Duplicate entry '0' for key 'PRIMARY'
L 09/22/2020 - 21:15:29: Error log file session closed.
L 09/22/2020 - 21:15:33: SourceMod error session started
L 09/22/2020 - 21:15:33: Info (map "de_overpass") (file "C:\TCAFiles\Users\jean\1\csgo\addons\sourcemod\logs\errors_20200922.log")
L 09/22/2020 - 21:15:33: [kento_rankme.smx] [RankMe] Query Fail: Column count doesn't match value count at row 1
L 09/22/2020 - 21:17:43: Error log file session closed.
L 09/22/2020 - 21:55:39: SourceMod error session started
L 09/22/2020 - 21:55:39: Info (map "de_overpass") (file "C:\TCAFiles\Users\jean\1\csgo\addons\sourcemod\logs\errors_20200922.log")
L 09/22/2020 - 21:55:39: [kento_rankme.smx] [RankMe] Query Fail: Column count doesn't match value count at row 1
L 09/22/2020 - 22:04:51: Error log file session closed.
L 09/22/2020 - 22:05:29: SourceMod error session started
L 09/22/2020 - 22:05:29: Info (map "de_mirage") (file "C:\TCAFiles\Users\jean\1\csgo\addons\sourcemod\logs\errors_20200922.log")
L 09/22/2020 - 22:05:29: [kento_rankme.smx] [RankMe] Query Fail: Column count doesn't match value count at row 1
L 09/22/2020 - 22:28:05: Error log file session closed.
L 09/22/2020 - 22:28:44: SourceMod error session started
L 09/22/2020 - 22:28:44: Info (map "de_dust2") (file "C:\TCAFiles\Users\jean\1\csgo\addons\sourcemod\logs\errors_20200922.log")
L 09/22/2020 - 22:28:44: [kento_rankme.smx] [RankMe] Query Fail: Column count doesn't match value count at row 1
L 09/22/2020 - 22:45:16: SourceMod error session started
L 09/22/2020 - 22:45:16: Info (map "de_dust2") (file "C:\TCAFiles\Users\jean\1\csgo\addons\sourcemod\logs\errors_20200922.log")
L 09/22/2020 - 22:45:16: [SM] Unable to load plugin "csgo_dices_shop.smx": Could not find required plugin "shop"
L 09/22/2020 - 22:45:16: [SM] Unable to load plugin "server_redirect.smx": Required extension "dhooks" file("dhooks.ext") not running
L 09/22/2020 - 22:45:16: [store.smx] Gifts! isn't installed or failed to load. Gifts support will be disabled. Please install Gifts. (http://forums.alliedmods.net/showthread.php?t=175185)
L 09/22/2020 - 22:45:16: [store.smx] Simple Chat Processor isn't installed or failed to load. SCP support will be disabled. (http://forums.alliedmods.net/showthread.php?t=198501)
L 09/22/2020 - 23:08:24: SourceMod error session started
L 09/22/2020 - 23:08:24: Info (map "de_dust2") (file "C:\TCAFiles\Users\jean\1\csgo\addons\sourcemod\logs\errors_20200922.log")
L 09/22/2020 - 23:08:24: [SM] Unable to load plugin "csgo_dices_shop.smx": Could not find required plugin "shop"
L 09/22/2020 - 23:08:24: [SM] Unable to load plugin "server_redirect.smx": Required extension "dhooks" file("dhooks.ext") not running
L 09/22/2020 - 23:08:24: [store.smx] Gifts! isn't installed or failed to load. Gifts support will be disabled. Please install Gifts. (http://forums.alliedmods.net/showthread.php?t=175185)
L 09/22/2020 - 23:08:24: [store.smx] Simple Chat Processor isn't installed or failed to load. SCP support will be disabled. (http://forums.alliedmods.net/showthread.php?t=198501)
L 09/22/2020 - 23:24:45: Error log file session closed.
