L 09/16/2020 - 00:08:28: SourceMod error session started
L 09/16/2020 - 00:08:28: Info (map "de_mirage") (file "C:\TCAFiles\Users\jean\1\csgo\addons\sourcemod\logs\errors_20200916.log")
L 09/16/2020 - 00:08:28: [kento_rankme.smx] [RankMe] Query Fail: Column count doesn't match value count at row 1
L 09/16/2020 - 00:08:28: [store.smx] Error happened. Error: Duplicate entry '0' for key 'PRIMARY'
L 09/16/2020 - 00:08:29: [store.smx] Error happened. Error: Duplicate entry '0' for key 'PRIMARY'
L 09/16/2020 - 00:08:33: [kento_rankme.smx] [RankMe] Query Fail: Column count doesn't match value count at row 1
L 09/16/2020 - 00:08:51: [kento_rankme.smx] [RankMe] Query Fail: Column count doesn't match value count at row 1
L 09/16/2020 - 00:26:56: Error log file session closed.
L 09/16/2020 - 00:56:26: SourceMod error session started
L 09/16/2020 - 00:56:26: Info (map "de_train") (file "C:\TCAFiles\Users\jean\1\csgo\addons\sourcemod\logs\errors_20200916.log")
L 09/16/2020 - 00:56:26: [kento_rankme.smx] [RankMe] Query Fail: Column count doesn't match value count at row 1
L 09/16/2020 - 00:56:26: [store.smx] Error happened. Error: Duplicate entry '0' for key 'PRIMARY'
L 09/16/2020 - 01:13:41: Error log file session closed.
L 09/16/2020 - 10:33:38: SourceMod error session started
L 09/16/2020 - 10:33:38: Info (map "de_train") (file "C:\TCAFiles\Users\jean\1\csgo\addons\sourcemod\logs\errors_20200916.log")
L 09/16/2020 - 10:33:38: [kento_rankme.smx] [RankMe] Query Fail: Column count doesn't match value count at row 1
L 09/16/2020 - 10:33:38: [store.smx] Error happened. Error: Duplicate entry '0' for key 'PRIMARY'
L 09/16/2020 - 10:50:51: Error log file session closed.
L 09/16/2020 - 11:20:04: SourceMod error session started
L 09/16/2020 - 11:20:04: Info (map "de_vertigo") (file "C:\TCAFiles\Users\jean\1\csgo\addons\sourcemod\logs\errors_20200916.log")
L 09/16/2020 - 11:20:04: [kento_rankme.smx] [RankMe] Query Fail: Column count doesn't match value count at row 1
L 09/16/2020 - 11:20:04: [store.smx] Error happened. Error: Duplicate entry '0' for key 'PRIMARY'
L 09/16/2020 - 11:24:10: [kento_rankme.smx] [RankMe] Query Fail: Column count doesn't match value count at row 1
L 09/16/2020 - 11:24:10: [store.smx] Error happened. Error: Duplicate entry '0' for key 'PRIMARY'
L 09/16/2020 - 11:43:52: Error log file session closed.
L 09/16/2020 - 11:44:01: SourceMod error session started
L 09/16/2020 - 11:44:01: Info (map "de_inferno") (file "C:\TCAFiles\Users\jean\1\csgo\addons\sourcemod\logs\errors_20200916.log")
L 09/16/2020 - 11:44:01: [kento_rankme.smx] [RankMe] Query Fail: Column count doesn't match value count at row 1
L 09/16/2020 - 11:44:01: [store.smx] Error happened. Error: Duplicate entry '0' for key 'PRIMARY'
L 09/16/2020 - 11:46:00: [store.smx] Error happened. Error: Duplicate entry '0' for key 'PRIMARY'
L 09/16/2020 - 12:06:41: [kento_rankme.smx] [RankMe] Query Fail: Column count doesn't match value count at row 1
L 09/16/2020 - 12:06:41: [store.smx] Error happened. Error: Duplicate entry '0' for key 'PRIMARY'
L 09/16/2020 - 12:16:42: [store.smx] Error happened. Error: Duplicate entry '0' for key 'PRIMARY'
L 09/16/2020 - 12:17:28: Error log file session closed.
L 09/16/2020 - 12:18:36: SourceMod error session started
L 09/16/2020 - 12:18:36: Info (map "de_mirage") (file "C:\TCAFiles\Users\jean\1\csgo\addons\sourcemod\logs\errors_20200916.log")
L 09/16/2020 - 12:18:36: [store.smx] Error happened. Error: Duplicate entry '0' for key 'PRIMARY'
L 09/16/2020 - 13:25:37: Error log file session closed.
L 09/16/2020 - 14:14:36: SourceMod error session started
L 09/16/2020 - 14:14:36: Info (map "de_mirage") (file "C:\TCAFiles\Users\jean\1\csgo\addons\sourcemod\logs\errors_20200916.log")
L 09/16/2020 - 14:14:36: [kento_rankme.smx] [RankMe] Query Fail: Column count doesn't match value count at row 1
L 09/16/2020 - 14:20:28: Error log file session closed.
L 09/16/2020 - 14:42:56: SourceMod error session started
L 09/16/2020 - 14:42:56: Info (map "de_mirage") (file "C:\TCAFiles\Users\jean\1\csgo\addons\sourcemod\logs\errors_20200916.log")
L 09/16/2020 - 14:42:56: [kento_rankme.smx] [RankMe] Query Fail: Column count doesn't match value count at row 1
L 09/16/2020 - 14:44:42: [kento_rankme.smx] [RankMe] Query Fail: Column count doesn't match value count at row 1
L 09/16/2020 - 14:52:22: [kento_rankme.smx] [RankMe] Query Fail: Column count doesn't match value count at row 1
L 09/16/2020 - 14:54:55: [store.smx] Error happened. Error: Duplicate entry '0' for key 'PRIMARY'
L 09/16/2020 - 14:55:03: [store.smx] Error happened. Error: Duplicate entry '0' for key 'PRIMARY'
L 09/16/2020 - 15:01:57: Error log file session closed.
L 09/16/2020 - 15:02:23: SourceMod error session started
L 09/16/2020 - 15:02:23: Info (map "de_cache") (file "C:\TCAFiles\Users\jean\1\csgo\addons\sourcemod\logs\errors_20200916.log")
L 09/16/2020 - 15:02:23: [kento_rankme.smx] [RankMe] Query Fail: Column count doesn't match value count at row 1
L 09/16/2020 - 15:02:23: [kento_rankme.smx] [RankMe] Query Fail: Column count doesn't match value count at row 1
L 09/16/2020 - 15:02:26: [store.smx] Error happened. Error: Duplicate entry '0' for key 'PRIMARY'
L 09/16/2020 - 15:03:09: [store.smx] Error happened. Error: Duplicate entry '0' for key 'PRIMARY'
L 09/16/2020 - 15:08:42: [store.smx] Error happened. Error: Duplicate entry '0' for key 'PRIMARY'
L 09/16/2020 - 15:20:43: Error log file session closed.
L 09/16/2020 - 15:20:55: SourceMod error session started
L 09/16/2020 - 15:20:55: Info (map "de_inferno") (file "C:\TCAFiles\Users\jean\1\csgo\addons\sourcemod\logs\errors_20200916.log")
L 09/16/2020 - 15:20:55: [store.smx] Error happened. Error: Duplicate entry '0' for key 'PRIMARY'
L 09/16/2020 - 15:21:00: [store.smx] Error happened. Error: Duplicate entry '0' for key 'PRIMARY'
L 09/16/2020 - 15:21:17: [store.smx] Error happened. Error: Duplicate entry '0' for key 'PRIMARY'
L 09/16/2020 - 15:31:13: [kento_rankme.smx] [RankMe] Query Fail: Column count doesn't match value count at row 1
L 09/16/2020 - 15:31:13: [store.smx] Error happened. Error: Duplicate entry '0' for key 'PRIMARY'
L 09/16/2020 - 15:51:15: [kento_rankme.smx] [RankMe] Query Fail: Column count doesn't match value count at row 1
L 09/16/2020 - 15:59:17: Error log file session closed.
L 09/16/2020 - 15:59:30: SourceMod error session started
L 09/16/2020 - 15:59:30: Info (map "de_train") (file "C:\TCAFiles\Users\jean\1\csgo\addons\sourcemod\logs\errors_20200916.log")
L 09/16/2020 - 15:59:30: [store.smx] Error happened. Error: Duplicate entry '0' for key 'PRIMARY'
L 09/16/2020 - 15:59:38: [kento_rankme.smx] [RankMe] Query Fail: Column count doesn't match value count at row 1
L 09/16/2020 - 16:03:30: [kento_rankme.smx] [RankMe] Query Fail: Column count doesn't match value count at row 1
L 09/16/2020 - 16:03:30: [store.smx] Error happened. Error: Duplicate entry '0' for key 'PRIMARY'
L 09/16/2020 - 16:13:43: [kento_rankme.smx] [RankMe] Query Fail: Column count doesn't match value count at row 1
L 09/16/2020 - 16:20:02: Error log file session closed.
L 09/16/2020 - 16:20:18: SourceMod error session started
L 09/16/2020 - 16:20:18: Info (map "de_overpass") (file "C:\TCAFiles\Users\jean\1\csgo\addons\sourcemod\logs\errors_20200916.log")
L 09/16/2020 - 16:20:18: [kento_rankme.smx] [RankMe] Query Fail: Column count doesn't match value count at row 1
L 09/16/2020 - 16:29:00: [store.smx] Error happened. Error: Duplicate entry '0' for key 'PRIMARY'
L 09/16/2020 - 16:37:30: Error log file session closed.
L 09/16/2020 - 16:37:39: SourceMod error session started
L 09/16/2020 - 16:37:39: Info (map "de_vertigo") (file "C:\TCAFiles\Users\jean\1\csgo\addons\sourcemod\logs\errors_20200916.log")
L 09/16/2020 - 16:37:39: [store.smx] Error happened. Error: Duplicate entry '0' for key 'PRIMARY'
L 09/16/2020 - 16:37:52: [store.smx] Error happened. Error: Duplicate entry '0' for key 'PRIMARY'
L 09/16/2020 - 16:46:58: [kento_rankme.smx] [RankMe] Query Fail: Column count doesn't match value count at row 1
L 09/16/2020 - 16:46:58: [store.smx] Error happened. Error: Duplicate entry '0' for key 'PRIMARY'
L 09/16/2020 - 16:50:20: [kento_rankme.smx] [RankMe] Query Fail: Column count doesn't match value count at row 1
L 09/16/2020 - 16:50:21: [store.smx] Error happened. Error: Duplicate entry '0' for key 'PRIMARY'
L 09/16/2020 - 16:54:54: Error log file session closed.
L 09/16/2020 - 16:55:05: SourceMod error session started
L 09/16/2020 - 16:55:05: Info (map "de_dust2") (file "C:\TCAFiles\Users\jean\1\csgo\addons\sourcemod\logs\errors_20200916.log")
L 09/16/2020 - 16:55:05: [store.smx] Error happened. Error: Duplicate entry '0' for key 'PRIMARY'
L 09/16/2020 - 16:55:07: [kento_rankme.smx] [RankMe] Query Fail: Column count doesn't match value count at row 1
L 09/16/2020 - 16:55:08: [store.smx] Error happened. Error: Duplicate entry '0' for key 'PRIMARY'
L 09/16/2020 - 17:01:16: [kento_rankme.smx] [RankMe] Query Fail: Column count doesn't match value count at row 1
L 09/16/2020 - 17:01:16: [store.smx] Error happened. Error: Duplicate entry '0' for key 'PRIMARY'
L 09/16/2020 - 17:08:58: [kento_rankme.smx] [RankMe] Query Fail: Column count doesn't match value count at row 1
L 09/16/2020 - 17:13:19: Error log file session closed.
L 09/16/2020 - 17:13:28: SourceMod error session started
L 09/16/2020 - 17:13:28: Info (map "de_mirage") (file "C:\TCAFiles\Users\jean\1\csgo\addons\sourcemod\logs\errors_20200916.log")
L 09/16/2020 - 17:13:28: [kento_rankme.smx] [RankMe] Query Fail: Column count doesn't match value count at row 1
L 09/16/2020 - 17:13:29: [store.smx] Error happened. Error: Duplicate entry '0' for key 'PRIMARY'
L 09/16/2020 - 17:17:30: [kento_rankme.smx] [RankMe] Query Fail: Column count doesn't match value count at row 1
L 09/16/2020 - 17:17:30: [store.smx] Error happened. Error: Duplicate entry '0' for key 'PRIMARY'
L 09/16/2020 - 17:31:47: Error log file session closed.
L 09/16/2020 - 17:31:59: SourceMod error session started
L 09/16/2020 - 17:31:59: Info (map "de_nuke") (file "C:\TCAFiles\Users\jean\1\csgo\addons\sourcemod\logs\errors_20200916.log")
L 09/16/2020 - 17:31:59: [kento_rankme.smx] [RankMe] Query Fail: Column count doesn't match value count at row 1
L 09/16/2020 - 17:32:00: [store.smx] Error happened. Error: Duplicate entry '0' for key 'PRIMARY'
L 09/16/2020 - 17:32:07: [kento_rankme.smx] [RankMe] Query Fail: Column count doesn't match value count at row 1
L 09/16/2020 - 17:32:08: [store.smx] Error happened. Error: Duplicate entry '0' for key 'PRIMARY'
L 09/16/2020 - 17:32:57: [store.smx] Error happened. Error: Duplicate entry '0' for key 'PRIMARY'
L 09/16/2020 - 17:34:06: [store.smx] Error happened. Error: Duplicate entry '0' for key 'PRIMARY'
L 09/16/2020 - 17:46:46: [store.smx] Error happened. Error: Duplicate entry '0' for key 'PRIMARY'
L 09/16/2020 - 17:49:17: Error log file session closed.
L 09/16/2020 - 17:49:27: SourceMod error session started
L 09/16/2020 - 17:49:27: Info (map "de_inferno") (file "C:\TCAFiles\Users\jean\1\csgo\addons\sourcemod\logs\errors_20200916.log")
L 09/16/2020 - 17:49:27: [store.smx] Error happened. Error: Duplicate entry '0' for key 'PRIMARY'
L 09/16/2020 - 17:49:28: [kento_rankme.smx] [RankMe] Query Fail: Column count doesn't match value count at row 1
L 09/16/2020 - 17:49:28: [store.smx] Error happened. Error: Duplicate entry '0' for key 'PRIMARY'
L 09/16/2020 - 17:49:32: [store.smx] Error happened. Error: Duplicate entry '0' for key 'PRIMARY'
L 09/16/2020 - 17:50:16: [store.smx] Error happened. Error: Duplicate entry '0' for key 'PRIMARY'
L 09/16/2020 - 17:51:48: [kento_rankme.smx] [RankMe] Query Fail: Column count doesn't match value count at row 1
L 09/16/2020 - 18:09:53: Error log file session closed.
L 09/16/2020 - 18:10:08: SourceMod error session started
L 09/16/2020 - 18:10:08: Info (map "de_cache") (file "C:\TCAFiles\Users\jean\1\csgo\addons\sourcemod\logs\errors_20200916.log")
L 09/16/2020 - 18:10:08: [kento_rankme.smx] [RankMe] Query Fail: Column count doesn't match value count at row 1
L 09/16/2020 - 18:10:09: [store.smx] Error happened. Error: Duplicate entry '0' for key 'PRIMARY'
L 09/16/2020 - 18:28:07: Error log file session closed.
L 09/16/2020 - 18:28:17: SourceMod error session started
L 09/16/2020 - 18:28:17: Info (map "de_overpass") (file "C:\TCAFiles\Users\jean\1\csgo\addons\sourcemod\logs\errors_20200916.log")
L 09/16/2020 - 18:28:17: [kento_rankme.smx] [RankMe] Query Fail: Column count doesn't match value count at row 1
L 09/16/2020 - 18:28:17: [store.smx] Error happened. Error: Duplicate entry '0' for key 'PRIMARY'
L 09/16/2020 - 18:30:48: [kento_rankme.smx] [RankMe] Query Fail: Column count doesn't match value count at row 1
L 09/16/2020 - 18:40:39: [kento_rankme.smx] [RankMe] Query Fail: Column count doesn't match value count at row 1
L 09/16/2020 - 18:40:39: [store.smx] Error happened. Error: Duplicate entry '0' for key 'PRIMARY'
L 09/16/2020 - 18:47:07: Error log file session closed.
L 09/16/2020 - 18:47:15: SourceMod error session started
L 09/16/2020 - 18:47:15: Info (map "de_vertigo") (file "C:\TCAFiles\Users\jean\1\csgo\addons\sourcemod\logs\errors_20200916.log")
L 09/16/2020 - 18:47:15: [kento_rankme.smx] [RankMe] Query Fail: Column count doesn't match value count at row 1
L 09/16/2020 - 18:47:15: [store.smx] Error happened. Error: Duplicate entry '0' for key 'PRIMARY'
L 09/16/2020 - 18:47:28: [kento_rankme.smx] [RankMe] Query Fail: Column count doesn't match value count at row 1
L 09/16/2020 - 18:47:28: [store.smx] Error happened. Error: Duplicate entry '0' for key 'PRIMARY'
L 09/16/2020 - 18:53:36: [store.smx] Error happened. Error: Duplicate entry '0' for key 'PRIMARY'
L 09/16/2020 - 18:57:38: [kento_rankme.smx] [RankMe] Query Fail: Column count doesn't match value count at row 1
L 09/16/2020 - 19:03:00: [kento_rankme.smx] [RankMe] Query Fail: Column count doesn't match value count at row 1
L 09/16/2020 - 19:03:00: [store.smx] Error happened. Error: Duplicate entry '0' for key 'PRIMARY'
L 09/16/2020 - 19:03:19: Error log file session closed.
L 09/16/2020 - 19:03:39: SourceMod error session started
L 09/16/2020 - 19:03:39: Info (map "de_train") (file "C:\TCAFiles\Users\jean\1\csgo\addons\sourcemod\logs\errors_20200916.log")
L 09/16/2020 - 19:03:39: [store.smx] Error happened. Error: Duplicate entry '0' for key 'PRIMARY'
L 09/16/2020 - 19:03:51: [kento_rankme.smx] [RankMe] Query Fail: Column count doesn't match value count at row 1
L 09/16/2020 - 19:03:51: [store.smx] Error happened. Error: Duplicate entry '0' for key 'PRIMARY'
L 09/16/2020 - 19:03:57: [kento_rankme.smx] [RankMe] Query Fail: Column count doesn't match value count at row 1
L 09/16/2020 - 19:18:59: [kento_rankme.smx] [RankMe] Query Fail: Column count doesn't match value count at row 1
L 09/16/2020 - 19:18:59: [store.smx] Error happened. Error: Duplicate entry '0' for key 'PRIMARY'
L 09/16/2020 - 19:20:21: [kento_rankme.smx] [RankMe] Query Fail: Column count doesn't match value count at row 1
L 09/16/2020 - 19:20:21: [store.smx] Error happened. Error: Duplicate entry '0' for key 'PRIMARY'
L 09/16/2020 - 19:23:54: Error log file session closed.
L 09/16/2020 - 19:24:06: SourceMod error session started
L 09/16/2020 - 19:24:06: Info (map "de_mirage") (file "C:\TCAFiles\Users\jean\1\csgo\addons\sourcemod\logs\errors_20200916.log")
L 09/16/2020 - 19:24:06: [kento_rankme.smx] [RankMe] Query Fail: Column count doesn't match value count at row 1
L 09/16/2020 - 19:24:06: [store.smx] Error happened. Error: Duplicate entry '0' for key 'PRIMARY'
L 09/16/2020 - 19:24:29: [kento_rankme.smx] [RankMe] Query Fail: Column count doesn't match value count at row 1
L 09/16/2020 - 19:37:41: [kento_rankme.smx] [RankMe] Query Fail: Column count doesn't match value count at row 1
L 09/16/2020 - 19:37:42: [store.smx] Error happened. Error: Duplicate entry '0' for key 'PRIMARY'
L 09/16/2020 - 19:42:26: Error log file session closed.
L 09/16/2020 - 19:42:36: SourceMod error session started
L 09/16/2020 - 19:42:36: Info (map "de_mirage") (file "C:\TCAFiles\Users\jean\1\csgo\addons\sourcemod\logs\errors_20200916.log")
L 09/16/2020 - 19:42:36: [kento_rankme.smx] [RankMe] Query Fail: Column count doesn't match value count at row 1
L 09/16/2020 - 19:42:36: [store.smx] Error happened. Error: Duplicate entry '0' for key 'PRIMARY'
L 09/16/2020 - 19:55:51: [kento_rankme.smx] [RankMe] Query Fail: Column count doesn't match value count at row 1
L 09/16/2020 - 19:55:51: [store.smx] Error happened. Error: Duplicate entry '0' for key 'PRIMARY'
L 09/16/2020 - 20:01:43: Error log file session closed.
L 09/16/2020 - 20:01:57: SourceMod error session started
L 09/16/2020 - 20:01:57: Info (map "de_dust2") (file "C:\TCAFiles\Users\jean\1\csgo\addons\sourcemod\logs\errors_20200916.log")
L 09/16/2020 - 20:01:57: [kento_rankme.smx] [RankMe] Query Fail: Column count doesn't match value count at row 1
L 09/16/2020 - 20:01:58: [store.smx] Error happened. Error: Duplicate entry '0' for key 'PRIMARY'
L 09/16/2020 - 20:20:41: Error log file session closed.
L 09/16/2020 - 20:23:20: SourceMod error session started
L 09/16/2020 - 20:23:20: Info (map "de_cache") (file "C:\TCAFiles\Users\jean\1\csgo\addons\sourcemod\logs\errors_20200916.log")
L 09/16/2020 - 20:23:20: [kento_rankme.smx] [RankMe] Query Fail: Column count doesn't match value count at row 1
L 09/16/2020 - 20:23:20: [store.smx] Error happened. Error: Duplicate entry '0' for key 'PRIMARY'
L 09/16/2020 - 20:39:20: Error log file session closed.
L 09/16/2020 - 20:39:33: SourceMod error session started
L 09/16/2020 - 20:39:33: Info (map "de_nuke") (file "C:\TCAFiles\Users\jean\1\csgo\addons\sourcemod\logs\errors_20200916.log")
L 09/16/2020 - 20:39:33: [kento_rankme.smx] [RankMe] Query Fail: Column count doesn't match value count at row 1
L 09/16/2020 - 20:39:33: [store.smx] Error happened. Error: Duplicate entry '0' for key 'PRIMARY'
L 09/16/2020 - 20:40:22: [kento_rankme.smx] [RankMe] Query Fail: Column count doesn't match value count at row 1
L 09/16/2020 - 20:58:23: Error log file session closed.
L 09/16/2020 - 21:02:48: SourceMod error session started
L 09/16/2020 - 21:02:48: Info (map "de_vertigo") (file "C:\TCAFiles\Users\jean\1\csgo\addons\sourcemod\logs\errors_20200916.log")
L 09/16/2020 - 21:02:48: [kento_rankme.smx] [RankMe] Query Fail: Column count doesn't match value count at row 1
L 09/16/2020 - 21:02:48: [store.smx] Error happened. Error: Duplicate entry '0' for key 'PRIMARY'
L 09/16/2020 - 21:05:54: [store.smx] Error happened. Error: Duplicate entry '0' for key 'PRIMARY'
L 09/16/2020 - 21:09:49: [kento_rankme.smx] [RankMe] Query Fail: Column count doesn't match value count at row 1
L 09/16/2020 - 21:17:17: [kento_rankme.smx] [RankMe] Query Fail: Column count doesn't match value count at row 1
L 09/16/2020 - 21:17:17: [store.smx] Error happened. Error: Duplicate entry '0' for key 'PRIMARY'
L 09/16/2020 - 21:18:10: Error log file session closed.
L 09/16/2020 - 21:18:21: SourceMod error session started
L 09/16/2020 - 21:18:21: Info (map "de_overpass") (file "C:\TCAFiles\Users\jean\1\csgo\addons\sourcemod\logs\errors_20200916.log")
L 09/16/2020 - 21:18:21: [kento_rankme.smx] [RankMe] Query Fail: Column count doesn't match value count at row 1
L 09/16/2020 - 21:18:21: [store.smx] Error happened. Error: Duplicate entry '0' for key 'PRIMARY'
L 09/16/2020 - 21:18:28: [kento_rankme.smx] [RankMe] Query Fail: Column count doesn't match value count at row 1
L 09/16/2020 - 21:18:30: [kento_rankme.smx] [RankMe] Query Fail: Column count doesn't match value count at row 1
L 09/16/2020 - 21:18:30: [store.smx] Error happened. Error: Duplicate entry '0' for key 'PRIMARY'
L 09/16/2020 - 21:37:04: Error log file session closed.
L 09/16/2020 - 21:37:23: SourceMod error session started
L 09/16/2020 - 21:37:23: Info (map "de_inferno") (file "C:\TCAFiles\Users\jean\1\csgo\addons\sourcemod\logs\errors_20200916.log")
L 09/16/2020 - 21:37:23: [kento_rankme.smx] [RankMe] Query Fail: Column count doesn't match value count at row 1
L 09/16/2020 - 21:37:23: [store.smx] Error happened. Error: Duplicate entry '0' for key 'PRIMARY'
L 09/16/2020 - 21:44:43: [kento_rankme.smx] [RankMe] Query Fail: Column count doesn't match value count at row 1
L 09/16/2020 - 21:44:43: [store.smx] Error happened. Error: Duplicate entry '0' for key 'PRIMARY'
L 09/16/2020 - 21:46:19: [kento_rankme.smx] [RankMe] Query Fail: Column count doesn't match value count at row 1
L 09/16/2020 - 21:53:10: [kento_rankme.smx] [RankMe] Query Fail: Column count doesn't match value count at row 1
L 09/16/2020 - 21:55:00: [kento_rankme.smx] [RankMe] Query Fail: Column count doesn't match value count at row 1
L 09/16/2020 - 21:55:00: [store.smx] Error happened. Error: Duplicate entry '0' for key 'PRIMARY'
L 09/16/2020 - 21:55:03: [kento_rankme.smx] [RankMe] Query Fail: Column count doesn't match value count at row 1
L 09/16/2020 - 21:55:13: Error log file session closed.
L 09/16/2020 - 21:55:24: SourceMod error session started
L 09/16/2020 - 21:55:24: Info (map "de_mirage") (file "C:\TCAFiles\Users\jean\1\csgo\addons\sourcemod\logs\errors_20200916.log")
L 09/16/2020 - 21:55:24: [kento_rankme.smx] [RankMe] Query Fail: Column count doesn't match value count at row 1
L 09/16/2020 - 21:55:24: [store.smx] Error happened. Error: Duplicate entry '0' for key 'PRIMARY'
L 09/16/2020 - 21:55:26: [kento_rankme.smx] [RankMe] Query Fail: Column count doesn't match value count at row 1
L 09/16/2020 - 21:55:50: [kento_rankme.smx] [RankMe] Query Fail: Column count doesn't match value count at row 1
L 09/16/2020 - 21:55:50: [store.smx] Error happened. Error: Duplicate entry '0' for key 'PRIMARY'
L 09/16/2020 - 21:55:50: [kento_rankme.smx] [RankMe] Query Fail: Column count doesn't match value count at row 1
L 09/16/2020 - 21:58:52: [kento_rankme.smx] [RankMe] Query Fail: Column count doesn't match value count at row 1
L 09/16/2020 - 21:58:52: [store.smx] Error happened. Error: Duplicate entry '0' for key 'PRIMARY'
L 09/16/2020 - 22:06:23: [kento_rankme.smx] [RankMe] Query Fail: Column count doesn't match value count at row 1
L 09/16/2020 - 22:06:23: [store.smx] Error happened. Error: Duplicate entry '0' for key 'PRIMARY'
L 09/16/2020 - 22:26:49: Error log file session closed.
L 09/16/2020 - 22:26:54: SourceMod error session started
L 09/16/2020 - 22:26:54: Info (map "de_mirage") (file "C:\TCAFiles\Users\jean\1\csgo\addons\sourcemod\logs\errors_20200916.log")
L 09/16/2020 - 22:26:54: [kento_rankme.smx] [RankMe] Query Fail: Column count doesn't match value count at row 1
L 09/16/2020 - 23:08:09: Error log file session closed.
L 09/16/2020 - 23:10:26: SourceMod error session started
L 09/16/2020 - 23:10:26: Info (map "de_mirage") (file "C:\TCAFiles\Users\jean\1\csgo\addons\sourcemod\logs\errors_20200916.log")
L 09/16/2020 - 23:10:26: [store.smx] Error happened. Error: Duplicate entry '0' for key 'PRIMARY'
L 09/16/2020 - 23:10:46: Error log file session closed.
L 09/16/2020 - 23:10:50: SourceMod error session started
L 09/16/2020 - 23:10:50: Info (map "de_mirage") (file "C:\TCAFiles\Users\jean\1\csgo\addons\sourcemod\logs\errors_20200916.log")
L 09/16/2020 - 23:10:50: [store.smx] Error happened. Error: Duplicate entry '0' for key 'PRIMARY'
L 09/16/2020 - 23:12:05: [store.smx] Error happened. Error: Duplicate entry '0' for key 'PRIMARY'
L 09/16/2020 - 23:14:02: [kento_rankme.smx] [RankMe] Query Fail: Column count doesn't match value count at row 1
L 09/16/2020 - 23:14:03: [store.smx] Error happened. Error: Duplicate entry '0' for key 'PRIMARY'
L 09/16/2020 - 23:29:00: Error log file session closed.
L 09/16/2020 - 23:29:12: SourceMod error session started
L 09/16/2020 - 23:29:12: Info (map "de_train") (file "C:\TCAFiles\Users\jean\1\csgo\addons\sourcemod\logs\errors_20200916.log")
L 09/16/2020 - 23:29:12: [kento_rankme.smx] [RankMe] Query Fail: Column count doesn't match value count at row 1
L 09/16/2020 - 23:29:12: [store.smx] Error happened. Error: Duplicate entry '0' for key 'PRIMARY'
L 09/16/2020 - 23:29:20: [store.smx] Error happened. Error: Duplicate entry '0' for key 'PRIMARY'
L 09/16/2020 - 23:47:39: Error log file session closed.
L 09/16/2020 - 23:47:54: SourceMod error session started
L 09/16/2020 - 23:47:54: Info (map "de_overpass") (file "C:\TCAFiles\Users\jean\1\csgo\addons\sourcemod\logs\errors_20200916.log")
L 09/16/2020 - 23:47:54: [kento_rankme.smx] [RankMe] Query Fail: Column count doesn't match value count at row 1
L 09/16/2020 - 23:47:54: [store.smx] Error happened. Error: Duplicate entry '0' for key 'PRIMARY'
L 09/16/2020 - 23:47:54: [store.smx] Error happened. Error: Duplicate entry '0' for key 'PRIMARY'
L 09/16/2020 - 23:52:29: [kento_rankme.smx] [RankMe] Query Fail: Column count doesn't match value count at row 1
L 09/17/2020 - 00:02:48: Error log file session closed.
