L 10/07/2020 - 09:18:17: SourceMod error session started
L 10/07/2020 - 09:18:17: Info (map "de_train") (file "C:\TCAFiles\Users\jean\1\csgo\addons\sourcemod\logs\errors_20201007.log")
L 10/07/2020 - 09:18:17: [store.smx] Error happened. Error: Duplicate entry '0' for key 'PRIMARY'
L 10/07/2020 - 13:11:43: Error log file session closed.
L 10/07/2020 - 13:17:56: SourceMod error session started
L 10/07/2020 - 13:17:56: Info (map "de_train") (file "C:\TCAFiles\Users\jean\1\csgo\addons\sourcemod\logs\errors_20201007.log")
L 10/07/2020 - 13:17:56: [store.smx] Error happened. Error: Duplicate entry '0' for key 'PRIMARY'
L 10/07/2020 - 13:29:15: [store.smx] Error happened. Error: Duplicate entry '0' for key 'PRIMARY'
L 10/07/2020 - 13:30:55: [store.smx] Error happened. Error: Duplicate entry '0' for key 'PRIMARY'
L 10/07/2020 - 13:35:04: Error log file session closed.
L 10/07/2020 - 13:35:20: SourceMod error session started
L 10/07/2020 - 13:35:20: Info (map "de_mirage") (file "C:\TCAFiles\Users\jean\1\csgo\addons\sourcemod\logs\errors_20201007.log")
L 10/07/2020 - 13:35:20: [store.smx] Error happened. Error: Duplicate entry '0' for key 'PRIMARY'
L 10/07/2020 - 13:36:10: [store.smx] Error happened. Error: Duplicate entry '0' for key 'PRIMARY'
L 10/07/2020 - 13:48:02: [store.smx] Error happened. Error: Duplicate entry '0' for key 'PRIMARY'
L 10/07/2020 - 13:55:31: Error log file session closed.
L 10/07/2020 - 13:55:47: SourceMod error session started
L 10/07/2020 - 13:55:47: Info (map "de_overpass") (file "C:\TCAFiles\Users\jean\1\csgo\addons\sourcemod\logs\errors_20201007.log")
L 10/07/2020 - 13:55:47: [store.smx] Error happened. Error: Duplicate entry '0' for key 'PRIMARY'
L 10/07/2020 - 13:56:35: [store.smx] Error happened. Error: Duplicate entry '0' for key 'PRIMARY'
L 10/07/2020 - 14:05:14: [store.smx] Error happened. Error: Duplicate entry '0' for key 'PRIMARY'
L 10/07/2020 - 14:10:36: [store.smx] Error happened. Error: Duplicate entry '0' for key 'PRIMARY'
L 10/07/2020 - 14:15:45: Error log file session closed.
L 10/07/2020 - 14:16:21: SourceMod error session started
L 10/07/2020 - 14:16:21: Info (map "de_cache") (file "C:\TCAFiles\Users\jean\1\csgo\addons\sourcemod\logs\errors_20201007.log")
L 10/07/2020 - 14:16:21: [store.smx] Error happened. Error: Duplicate entry '0' for key 'PRIMARY'
L 10/07/2020 - 14:35:06: Error log file session closed.
L 10/07/2020 - 14:43:57: SourceMod error session started
L 10/07/2020 - 14:43:57: Info (map "de_dust2") (file "C:\TCAFiles\Users\jean\1\csgo\addons\sourcemod\logs\errors_20201007.log")
L 10/07/2020 - 14:43:57: [store.smx] Error happened. Error: Duplicate entry '0' for key 'PRIMARY'
L 10/07/2020 - 14:49:50: [store.smx] Error happened. Error: Duplicate entry '0' for key 'PRIMARY'
L 10/07/2020 - 14:52:54: Error log file session closed.
L 10/07/2020 - 14:53:05: SourceMod error session started
L 10/07/2020 - 14:53:05: Info (map "de_inferno") (file "C:\TCAFiles\Users\jean\1\csgo\addons\sourcemod\logs\errors_20201007.log")
L 10/07/2020 - 14:53:05: [store.smx] Error happened. Error: Duplicate entry '0' for key 'PRIMARY'
L 10/07/2020 - 15:06:32: [store.smx] Error happened. Error: Duplicate entry '0' for key 'PRIMARY'
L 10/07/2020 - 15:12:09: Error log file session closed.
L 10/07/2020 - 15:13:20: SourceMod error session started
L 10/07/2020 - 15:13:20: Info (map "de_vertigo") (file "C:\TCAFiles\Users\jean\1\csgo\addons\sourcemod\logs\errors_20201007.log")
L 10/07/2020 - 15:13:20: [store.smx] Error happened. Error: Duplicate entry '0' for key 'PRIMARY'
L 10/07/2020 - 16:34:22: Error log file session closed.
L 10/07/2020 - 16:34:48: SourceMod error session started
L 10/07/2020 - 16:34:48: Info (map "de_vertigo") (file "C:\TCAFiles\Users\jean\1\csgo\addons\sourcemod\logs\errors_20201007.log")
L 10/07/2020 - 16:34:48: [store.smx] Error happened. Error: Duplicate entry '0' for key 'PRIMARY'
L 10/07/2020 - 17:00:28: Error log file session closed.
L 10/07/2020 - 17:01:24: SourceMod error session started
L 10/07/2020 - 17:01:24: Info (map "de_vertigo") (file "C:\TCAFiles\Users\jean\1\csgo\addons\sourcemod\logs\errors_20201007.log")
L 10/07/2020 - 17:01:24: [store.smx] Error happened. Error: Duplicate entry '0' for key 'PRIMARY'
L 10/07/2020 - 17:01:24: [store.smx] Error happened. Error: Duplicate entry '0' for key 'PRIMARY'
L 10/07/2020 - 17:01:58: Error log file session closed.
L 10/07/2020 - 17:02:15: SourceMod error session started
L 10/07/2020 - 17:02:15: Info (map "de_overpass") (file "C:\TCAFiles\Users\jean\1\csgo\addons\sourcemod\logs\errors_20201007.log")
L 10/07/2020 - 17:02:15: [store.smx] Error happened. Error: Duplicate entry '0' for key 'PRIMARY'
L 10/07/2020 - 17:02:20: [store.smx] Error happened. Error: Duplicate entry '0' for key 'PRIMARY'
L 10/07/2020 - 17:15:16: Error log file session closed.
L 10/07/2020 - 17:15:46: SourceMod error session started
L 10/07/2020 - 17:15:46: Info (map "de_cache") (file "C:\TCAFiles\Users\jean\1\csgo\addons\sourcemod\logs\errors_20201007.log")
L 10/07/2020 - 17:15:46: [store.smx] Error happened. Error: Duplicate entry '0' for key 'PRIMARY'
L 10/07/2020 - 17:15:46: [store.smx] Error happened. Error: Duplicate entry '0' for key 'PRIMARY'
L 10/07/2020 - 17:20:11: [store.smx] Error happened. Error: Duplicate entry '0' for key 'PRIMARY'
L 10/07/2020 - 17:25:35: [store.smx] Error happened. Error: Duplicate entry '0' for key 'PRIMARY'
L 10/07/2020 - 17:32:43: Error log file session closed.
L 10/07/2020 - 18:02:15: SourceMod error session started
L 10/07/2020 - 18:02:15: Info (map "de_nuke") (file "C:\TCAFiles\Users\jean\1\csgo\addons\sourcemod\logs\errors_20201007.log")
L 10/07/2020 - 18:02:15: [store.smx] Error happened. Error: Duplicate entry '0' for key 'PRIMARY'
L 10/07/2020 - 18:06:44: [store.smx] Error happened. Error: Duplicate entry '0' for key 'PRIMARY'
L 10/07/2020 - 18:11:45: [store.smx] Error happened. Error: Duplicate entry '0' for key 'PRIMARY'
L 10/07/2020 - 18:14:48: Error log file session closed.
L 10/07/2020 - 18:14:58: SourceMod error session started
L 10/07/2020 - 18:14:58: Info (map "de_inferno") (file "C:\TCAFiles\Users\jean\1\csgo\addons\sourcemod\logs\errors_20201007.log")
L 10/07/2020 - 18:14:58: [store.smx] Error happened. Error: Duplicate entry '0' for key 'PRIMARY'
L 10/07/2020 - 18:21:51: [store.smx] Error happened. Error: Duplicate entry '0' for key 'PRIMARY'
L 10/07/2020 - 18:22:41: [store.smx] Error happened. Error: Duplicate entry '0' for key 'PRIMARY'
L 10/07/2020 - 18:24:24: [store.smx] Error happened. Error: Duplicate entry '0' for key 'PRIMARY'
L 10/07/2020 - 18:27:44: [store.smx] Error happened. Error: Duplicate entry '0' for key 'PRIMARY'
L 10/07/2020 - 18:28:59: [store.smx] Error happened. Error: Duplicate entry '0' for key 'PRIMARY'
L 10/07/2020 - 18:34:49: Error log file session closed.
L 10/07/2020 - 18:35:01: SourceMod error session started
L 10/07/2020 - 18:35:01: Info (map "de_dust2") (file "C:\TCAFiles\Users\jean\1\csgo\addons\sourcemod\logs\errors_20201007.log")
L 10/07/2020 - 18:35:01: [store.smx] Error happened. Error: Duplicate entry '0' for key 'PRIMARY'
L 10/07/2020 - 18:35:09: [store.smx] Error happened. Error: Duplicate entry '0' for key 'PRIMARY'
L 10/07/2020 - 18:35:56: [store.smx] Error happened. Error: Duplicate entry '0' for key 'PRIMARY'
L 10/07/2020 - 18:38:12: [store.smx] Error happened. Error: Duplicate entry '0' for key 'PRIMARY'
L 10/07/2020 - 18:45:02: [store.smx] Error happened. Error: Duplicate entry '0' for key 'PRIMARY'
L 10/07/2020 - 18:53:50: Error log file session closed.
L 10/07/2020 - 18:54:01: SourceMod error session started
L 10/07/2020 - 18:54:01: Info (map "de_vertigo") (file "C:\TCAFiles\Users\jean\1\csgo\addons\sourcemod\logs\errors_20201007.log")
L 10/07/2020 - 18:54:01: [store.smx] Error happened. Error: Duplicate entry '0' for key 'PRIMARY'
L 10/07/2020 - 18:55:12: [store.smx] Error happened. Error: Duplicate entry '0' for key 'PRIMARY'
L 10/07/2020 - 18:58:34: [store.smx] Error happened. Error: Duplicate entry '0' for key 'PRIMARY'
L 10/07/2020 - 19:11:24: [store.smx] Error happened. Error: Duplicate entry '0' for key 'PRIMARY'
L 10/07/2020 - 19:11:34: Error log file session closed.
L 10/07/2020 - 19:11:44: SourceMod error session started
L 10/07/2020 - 19:11:44: Info (map "de_overpass") (file "C:\TCAFiles\Users\jean\1\csgo\addons\sourcemod\logs\errors_20201007.log")
L 10/07/2020 - 19:11:44: [store.smx] Error happened. Error: Duplicate entry '0' for key 'PRIMARY'
L 10/07/2020 - 19:11:46: [store.smx] Error happened. Error: Duplicate entry '0' for key 'PRIMARY'
L 10/07/2020 - 19:11:51: [store.smx] Error happened. Error: Duplicate entry '0' for key 'PRIMARY'
L 10/07/2020 - 19:22:34: [store.smx] Error happened. Error: Duplicate entry '0' for key 'PRIMARY'
L 10/07/2020 - 19:27:26: Error log file session closed.
L 10/07/2020 - 19:27:47: SourceMod error session started
L 10/07/2020 - 19:27:47: Info (map "de_cache") (file "C:\TCAFiles\Users\jean\1\csgo\addons\sourcemod\logs\errors_20201007.log")
L 10/07/2020 - 19:27:47: [store.smx] Error happened. Error: Duplicate entry '0' for key 'PRIMARY'
L 10/07/2020 - 19:29:37: [store.smx] Error happened. Error: Duplicate entry '0' for key 'PRIMARY'
L 10/07/2020 - 19:31:57: [store.smx] Error happened. Error: Duplicate entry '0' for key 'PRIMARY'
L 10/07/2020 - 19:34:45: [store.smx] Error happened. Error: Duplicate entry '0' for key 'PRIMARY'
L 10/07/2020 - 19:39:00: [store.smx] Error happened. Error: Duplicate entry '0' for key 'PRIMARY'
L 10/07/2020 - 19:45:24: Error log file session closed.
L 10/07/2020 - 19:45:38: SourceMod error session started
L 10/07/2020 - 19:45:38: Info (map "de_mirage") (file "C:\TCAFiles\Users\jean\1\csgo\addons\sourcemod\logs\errors_20201007.log")
L 10/07/2020 - 19:45:38: [store.smx] Error happened. Error: Duplicate entry '0' for key 'PRIMARY'
L 10/07/2020 - 19:45:38: [store.smx] Error happened. Error: Duplicate entry '0' for key 'PRIMARY'
L 10/07/2020 - 20:04:29: [store.smx] Error happened. Error: Duplicate entry '0' for key 'PRIMARY'
L 10/07/2020 - 20:05:34: Error log file session closed.
L 10/07/2020 - 20:05:51: SourceMod error session started
L 10/07/2020 - 20:05:51: Info (map "de_nuke") (file "C:\TCAFiles\Users\jean\1\csgo\addons\sourcemod\logs\errors_20201007.log")
L 10/07/2020 - 20:05:51: [store.smx] Error happened. Error: Duplicate entry '0' for key 'PRIMARY'
L 10/07/2020 - 20:05:58: [store.smx] Error happened. Error: Duplicate entry '0' for key 'PRIMARY'
L 10/07/2020 - 20:08:48: [store.smx] Error happened. Error: Duplicate entry '0' for key 'PRIMARY'
L 10/07/2020 - 20:25:32: Error log file session closed.
L 10/07/2020 - 20:25:43: SourceMod error session started
L 10/07/2020 - 20:25:43: Info (map "de_inferno") (file "C:\TCAFiles\Users\jean\1\csgo\addons\sourcemod\logs\errors_20201007.log")
L 10/07/2020 - 20:25:43: [store.smx] Error happened. Error: Duplicate entry '0' for key 'PRIMARY'
L 10/07/2020 - 20:25:47: [store.smx] Error happened. Error: Duplicate entry '0' for key 'PRIMARY'
L 10/07/2020 - 20:32:46: [store.smx] Error happened. Error: Duplicate entry '0' for key 'PRIMARY'
L 10/07/2020 - 20:45:05: [store.smx] Error happened. Error: Duplicate entry '0' for key 'PRIMARY'
L 10/07/2020 - 20:45:26: Error log file session closed.
L 10/07/2020 - 20:45:37: SourceMod error session started
L 10/07/2020 - 20:45:37: Info (map "de_dust2") (file "C:\TCAFiles\Users\jean\1\csgo\addons\sourcemod\logs\errors_20201007.log")
L 10/07/2020 - 20:45:37: [store.smx] Error happened. Error: Duplicate entry '0' for key 'PRIMARY'
L 10/07/2020 - 20:45:37: [store.smx] Error happened. Error: Duplicate entry '0' for key 'PRIMARY'
L 10/07/2020 - 20:45:43: [store.smx] Error happened. Error: Duplicate entry '0' for key 'PRIMARY'
L 10/07/2020 - 20:45:45: [store.smx] Error happened. Error: Duplicate entry '0' for key 'PRIMARY'
L 10/07/2020 - 21:02:33: Error log file session closed.
L 10/07/2020 - 21:02:41: SourceMod error session started
L 10/07/2020 - 21:02:41: Info (map "de_vertigo") (file "C:\TCAFiles\Users\jean\1\csgo\addons\sourcemod\logs\errors_20201007.log")
L 10/07/2020 - 21:02:41: [store.smx] Error happened. Error: Duplicate entry '0' for key 'PRIMARY'
L 10/07/2020 - 21:02:42: [store.smx] Error happened. Error: Duplicate entry '0' for key 'PRIMARY'
L 10/07/2020 - 21:02:44: [store.smx] Error happened. Error: Duplicate entry '0' for key 'PRIMARY'
L 10/07/2020 - 21:02:49: [store.smx] Error happened. Error: Duplicate entry '0' for key 'PRIMARY'
L 10/07/2020 - 21:15:24: [store.smx] Error happened. Error: Duplicate entry '0' for key 'PRIMARY'
L 10/07/2020 - 21:17:47: Error log file session closed.
L 10/07/2020 - 21:17:55: SourceMod error session started
L 10/07/2020 - 21:17:55: Info (map "de_train") (file "C:\TCAFiles\Users\jean\1\csgo\addons\sourcemod\logs\errors_20201007.log")
L 10/07/2020 - 21:17:55: [store.smx] Error happened. Error: Duplicate entry '0' for key 'PRIMARY'
L 10/07/2020 - 21:17:55: [store.smx] Error happened. Error: Duplicate entry '0' for key 'PRIMARY'
L 10/07/2020 - 21:17:59: [store.smx] Error happened. Error: Duplicate entry '0' for key 'PRIMARY'
L 10/07/2020 - 21:18:05: [store.smx] Error happened. Error: Duplicate entry '0' for key 'PRIMARY'
L 10/07/2020 - 21:18:14: [store.smx] Error happened. Error: Duplicate entry '0' for key 'PRIMARY'
L 10/07/2020 - 21:20:49: [store.smx] Error happened. Error: Duplicate entry '0' for key 'PRIMARY'
L 10/07/2020 - 21:36:04: Error log file session closed.
L 10/07/2020 - 21:36:13: SourceMod error session started
L 10/07/2020 - 21:36:13: Info (map "de_overpass") (file "C:\TCAFiles\Users\jean\1\csgo\addons\sourcemod\logs\errors_20201007.log")
L 10/07/2020 - 21:36:13: [store.smx] Error happened. Error: Duplicate entry '0' for key 'PRIMARY'
L 10/07/2020 - 21:36:16: [store.smx] Error happened. Error: Duplicate entry '0' for key 'PRIMARY'
L 10/07/2020 - 21:36:19: [store.smx] Error happened. Error: Duplicate entry '0' for key 'PRIMARY'
L 10/07/2020 - 21:36:28: [store.smx] Error happened. Error: Duplicate entry '0' for key 'PRIMARY'
L 10/07/2020 - 21:57:50: Error log file session closed.
L 10/07/2020 - 21:57:58: SourceMod error session started
L 10/07/2020 - 21:57:58: Info (map "de_overpass") (file "C:\TCAFiles\Users\jean\1\csgo\addons\sourcemod\logs\errors_20201007.log")
L 10/07/2020 - 21:57:58: [store.smx] Error happened. Error: Duplicate entry '0' for key 'PRIMARY'
L 10/07/2020 - 22:10:56: Error log file session closed.
L 10/07/2020 - 22:11:14: SourceMod error session started
L 10/07/2020 - 22:11:14: Info (map "de_overpass") (file "C:\TCAFiles\Users\jean\1\csgo\addons\sourcemod\logs\errors_20201007.log")
L 10/07/2020 - 22:11:14: [store.smx] Error happened. Error: Duplicate entry '0' for key 'PRIMARY'
L 10/08/2020 - 08:52:02: Error log file session closed.
