L 08/27/2020 - 07:22:36: SourceMod error session started
L 08/27/2020 - 07:22:36: Info (map "de_dust2") (file "C:\TCAFiles\Users\jeanv\438\csgo\addons\sourcemod\logs\errors_20200827.log")
L 08/27/2020 - 07:22:36: [kento_rankme.smx] [RankMe] Query Fail: Column count doesn't match value count at row 1
L 08/27/2020 - 07:32:48: Error log file session closed.
L 08/27/2020 - 08:20:15: SourceMod error session started
L 08/27/2020 - 08:20:15: Info (map "de_vertigo") (file "C:\TCAFiles\Users\jeanv\438\csgo\addons\sourcemod\logs\errors_20200827.log")
L 08/27/2020 - 08:20:15: [kento_rankme.smx] [RankMe] Query Fail: Column count doesn't match value count at row 1
L 08/27/2020 - 08:21:50: [kento_rankme.smx] [RankMe] Query Fail: Column count doesn't match value count at row 1
L 08/27/2020 - 08:38:18: Error log file session closed.
L 08/27/2020 - 08:38:27: SourceMod error session started
L 08/27/2020 - 08:38:27: Info (map "de_inferno") (file "C:\TCAFiles\Users\jeanv\438\csgo\addons\sourcemod\logs\errors_20200827.log")
L 08/27/2020 - 08:38:27: [kento_rankme.smx] [RankMe] Query Fail: Column count doesn't match value count at row 1
L 08/27/2020 - 08:57:12: [kento_rankme.smx] [RankMe] Query Fail: Column count doesn't match value count at row 1
L 08/27/2020 - 08:57:40: Error log file session closed.
L 08/27/2020 - 08:57:50: SourceMod error session started
L 08/27/2020 - 08:57:50: Info (map "de_mirage") (file "C:\TCAFiles\Users\jeanv\438\csgo\addons\sourcemod\logs\errors_20200827.log")
L 08/27/2020 - 08:57:50: [kento_rankme.smx] [RankMe] Query Fail: Column count doesn't match value count at row 1
L 08/27/2020 - 09:08:10: [kento_rankme.smx] [RankMe] Query Fail: Column count doesn't match value count at row 1
L 08/27/2020 - 09:15:47: Error log file session closed.
L 08/27/2020 - 09:16:02: SourceMod error session started
L 08/27/2020 - 09:16:02: Info (map "de_dust2") (file "C:\TCAFiles\Users\jeanv\438\csgo\addons\sourcemod\logs\errors_20200827.log")
L 08/27/2020 - 09:16:02: [kento_rankme.smx] [RankMe] Query Fail: Column count doesn't match value count at row 1
L 08/27/2020 - 09:28:27: [kento_rankme.smx] [RankMe] Query Fail: Column count doesn't match value count at row 1
L 08/27/2020 - 09:35:51: Error log file session closed.
L 08/27/2020 - 11:03:40: SourceMod error session started
L 08/27/2020 - 11:03:40: Info (map "de_inferno") (file "C:\TCAFiles\Users\jeanv\438\csgo\addons\sourcemod\logs\errors_20200827.log")
L 08/27/2020 - 11:03:40: [kento_rankme.smx] [RankMe] Query Fail: Column count doesn't match value count at row 1
L 08/27/2020 - 11:06:50: Error log file session closed.
L 08/27/2020 - 11:07:04: SourceMod error session started
L 08/27/2020 - 11:07:04: Info (map "de_mirage") (file "C:\TCAFiles\Users\jeanv\438\csgo\addons\sourcemod\logs\errors_20200827.log")
L 08/27/2020 - 11:07:04: [kento_rankme.smx] [RankMe] Query Fail: Column count doesn't match value count at row 1
L 08/27/2020 - 11:28:27: Error log file session closed.
L 08/27/2020 - 11:28:39: SourceMod error session started
L 08/27/2020 - 11:28:39: Info (map "de_vertigo") (file "C:\TCAFiles\Users\jeanv\438\csgo\addons\sourcemod\logs\errors_20200827.log")
L 08/27/2020 - 11:28:39: [kento_rankme.smx] [RankMe] Query Fail: Column count doesn't match value count at row 1
L 08/27/2020 - 11:45:44: Error log file session closed.
L 08/27/2020 - 11:48:46: SourceMod error session started
L 08/27/2020 - 11:48:46: Info (map "de_nuke") (file "C:\TCAFiles\Users\jeanv\438\csgo\addons\sourcemod\logs\errors_20200827.log")
L 08/27/2020 - 11:48:46: [kento_rankme.smx] [RankMe] Query Fail: Column count doesn't match value count at row 1
L 08/27/2020 - 12:02:59: Error log file session closed.
L 08/27/2020 - 12:03:47: SourceMod error session started
L 08/27/2020 - 12:03:47: Info (map "de_overpass") (file "C:\TCAFiles\Users\jeanv\438\csgo\addons\sourcemod\logs\errors_20200827.log")
L 08/27/2020 - 12:03:47: [kento_rankme.smx] [RankMe] Query Fail: Column count doesn't match value count at row 1
L 08/27/2020 - 12:19:32: [kento_rankme.smx] [RankMe] Query Fail: Column count doesn't match value count at row 1
L 08/27/2020 - 12:22:53: Error log file session closed.
L 08/27/2020 - 12:23:19: SourceMod error session started
L 08/27/2020 - 12:23:19: Info (map "de_dust2") (file "C:\TCAFiles\Users\jeanv\438\csgo\addons\sourcemod\logs\errors_20200827.log")
L 08/27/2020 - 12:23:19: [kento_rankme.smx] [RankMe] Query Fail: Column count doesn't match value count at row 1
L 08/27/2020 - 12:24:01: [kento_rankme.smx] [RankMe] Query Fail: Column count doesn't match value count at row 1
L 08/27/2020 - 12:33:44: [kento_rankme.smx] [RankMe] Query Fail: Column count doesn't match value count at row 1
L 08/27/2020 - 12:39:38: [kento_rankme.smx] [RankMe] Query Fail: Column count doesn't match value count at row 1
L 08/27/2020 - 12:42:49: Error log file session closed.
L 08/27/2020 - 12:42:59: SourceMod error session started
L 08/27/2020 - 12:42:59: Info (map "de_train") (file "C:\TCAFiles\Users\jeanv\438\csgo\addons\sourcemod\logs\errors_20200827.log")
L 08/27/2020 - 12:42:59: [kento_rankme.smx] [RankMe] Query Fail: Column count doesn't match value count at row 1
L 08/27/2020 - 12:43:09: [kento_rankme.smx] [RankMe] Query Fail: Column count doesn't match value count at row 1
L 08/27/2020 - 12:44:59: [kento_rankme.smx] [RankMe] Query Fail: Column count doesn't match value count at row 1
L 08/27/2020 - 12:56:59: [kento_rankme.smx] [RankMe] Query Fail: Column count doesn't match value count at row 1
L 08/27/2020 - 13:01:06: Error log file session closed.
L 08/27/2020 - 13:01:19: SourceMod error session started
L 08/27/2020 - 13:01:19: Info (map "de_inferno") (file "C:\TCAFiles\Users\jeanv\438\csgo\addons\sourcemod\logs\errors_20200827.log")
L 08/27/2020 - 13:01:19: [kento_rankme.smx] [RankMe] Query Fail: Column count doesn't match value count at row 1
L 08/27/2020 - 13:20:38: [kento_rankme.smx] [RankMe] Query Fail: Column count doesn't match value count at row 1
L 08/27/2020 - 13:23:33: [kento_rankme.smx] [RankMe] Query Fail: Column count doesn't match value count at row 1
L 08/27/2020 - 13:39:53: Error log file session closed.
L 08/27/2020 - 13:40:04: SourceMod error session started
L 08/27/2020 - 13:40:04: Info (map "de_mirage") (file "C:\TCAFiles\Users\jeanv\438\csgo\addons\sourcemod\logs\errors_20200827.log")
L 08/27/2020 - 13:40:04: [kento_rankme.smx] [RankMe] Query Fail: Column count doesn't match value count at row 1
L 08/27/2020 - 13:40:10: [kento_rankme.smx] [RankMe] Query Fail: Column count doesn't match value count at row 1
L 08/27/2020 - 13:59:05: Error log file session closed.
L 08/27/2020 - 13:59:16: SourceMod error session started
L 08/27/2020 - 13:59:16: Info (map "de_vertigo") (file "C:\TCAFiles\Users\jeanv\438\csgo\addons\sourcemod\logs\errors_20200827.log")
L 08/27/2020 - 13:59:16: [kento_rankme.smx] [RankMe] Query Fail: Column count doesn't match value count at row 1
L 08/27/2020 - 13:59:21: [kento_rankme.smx] [RankMe] Query Fail: Column count doesn't match value count at row 1
L 08/27/2020 - 14:15:54: Error log file session closed.
L 08/27/2020 - 16:27:19: SourceMod error session started
L 08/27/2020 - 16:27:19: Info (map "de_dust2") (file "C:\TCAFiles\Users\jeanv\438\csgo\addons\sourcemod\logs\errors_20200827.log")
L 08/27/2020 - 16:27:19: [kento_rankme.smx] [RankMe] Query Fail: Column count doesn't match value count at row 1
L 08/27/2020 - 16:44:05: Error log file session closed.
L 08/27/2020 - 16:44:19: SourceMod error session started
L 08/27/2020 - 16:44:19: Info (map "de_vertigo") (file "C:\TCAFiles\Users\jeanv\438\csgo\addons\sourcemod\logs\errors_20200827.log")
L 08/27/2020 - 16:44:19: [kento_rankme.smx] [RankMe] Query Fail: Column count doesn't match value count at row 1
L 08/27/2020 - 17:00:30: Error log file session closed.
L 08/27/2020 - 17:29:11: SourceMod error session started
L 08/27/2020 - 17:29:11: Info (map "de_mirage") (file "C:\TCAFiles\Users\jeanv\438\csgo\addons\sourcemod\logs\errors_20200827.log")
L 08/27/2020 - 17:29:11: [kento_rankme.smx] [RankMe] Query Fail: Column count doesn't match value count at row 1
L 08/27/2020 - 17:37:49: Error log file session closed.
L 08/27/2020 - 17:45:31: SourceMod error session started
L 08/27/2020 - 17:45:31: Info (map "de_cache") (file "C:\TCAFiles\Users\jeanv\438\csgo\addons\sourcemod\logs\errors_20200827.log")
L 08/27/2020 - 17:45:31: [kento_rankme.smx] [RankMe] Query Fail: Column count doesn't match value count at row 1
L 08/27/2020 - 17:57:10: Error log file session closed.
L 08/27/2020 - 17:58:30: SourceMod error session started
L 08/27/2020 - 17:58:30: Info (map "de_overpass") (file "C:\TCAFiles\Users\jeanv\438\csgo\addons\sourcemod\logs\errors_20200827.log")
L 08/27/2020 - 17:58:30: [kento_rankme.smx] [RankMe] Query Fail: Column count doesn't match value count at row 1
L 08/27/2020 - 18:05:01: [kento_rankme.smx] [RankMe] Query Fail: Column count doesn't match value count at row 1
L 08/27/2020 - 18:14:09: Error log file session closed.
L 08/27/2020 - 18:21:58: SourceMod error session started
L 08/27/2020 - 18:21:58: Info (map "de_nuke") (file "C:\TCAFiles\Users\jeanv\438\csgo\addons\sourcemod\logs\errors_20200827.log")
L 08/27/2020 - 18:21:58: [kento_rankme.smx] [RankMe] Query Fail: Column count doesn't match value count at row 1
L 08/27/2020 - 18:34:10: Error log file session closed.
L 08/27/2020 - 18:34:27: SourceMod error session started
L 08/27/2020 - 18:34:27: Info (map "de_dust2") (file "C:\TCAFiles\Users\jeanv\438\csgo\addons\sourcemod\logs\errors_20200827.log")
L 08/27/2020 - 18:34:27: [kento_rankme.smx] [RankMe] Query Fail: Column count doesn't match value count at row 1
L 08/27/2020 - 18:52:38: Error log file session closed.
L 08/27/2020 - 18:52:50: SourceMod error session started
L 08/27/2020 - 18:52:50: Info (map "de_vertigo") (file "C:\TCAFiles\Users\jeanv\438\csgo\addons\sourcemod\logs\errors_20200827.log")
L 08/27/2020 - 18:52:50: [kento_rankme.smx] [RankMe] Query Fail: Column count doesn't match value count at row 1
L 08/27/2020 - 19:05:12: [kento_rankme.smx] [RankMe] Query Fail: Column count doesn't match value count at row 1
L 08/27/2020 - 19:07:55: Error log file session closed.
L 08/27/2020 - 19:08:04: SourceMod error session started
L 08/27/2020 - 19:08:04: Info (map "de_inferno") (file "C:\TCAFiles\Users\jeanv\438\csgo\addons\sourcemod\logs\errors_20200827.log")
L 08/27/2020 - 19:08:04: [kento_rankme.smx] [RankMe] Query Fail: Column count doesn't match value count at row 1
L 08/27/2020 - 19:28:10: Error log file session closed.
L 08/27/2020 - 19:28:19: SourceMod error session started
L 08/27/2020 - 19:28:19: Info (map "de_mirage") (file "C:\TCAFiles\Users\jeanv\438\csgo\addons\sourcemod\logs\errors_20200827.log")
L 08/27/2020 - 19:28:19: [kento_rankme.smx] [RankMe] Query Fail: Column count doesn't match value count at row 1
L 08/27/2020 - 19:46:11: [kento_rankme.smx] [RankMe] Query Fail: Column count doesn't match value count at row 1
L 08/27/2020 - 19:47:38: Error log file session closed.
L 08/27/2020 - 19:47:47: SourceMod error session started
L 08/27/2020 - 19:47:47: Info (map "de_train") (file "C:\TCAFiles\Users\jeanv\438\csgo\addons\sourcemod\logs\errors_20200827.log")
L 08/27/2020 - 19:47:47: [kento_rankme.smx] [RankMe] Query Fail: Column count doesn't match value count at row 1
L 08/27/2020 - 19:52:42: [kento_rankme.smx] [RankMe] Query Fail: Column count doesn't match value count at row 1
L 08/27/2020 - 19:59:05: [kento_rankme.smx] [RankMe] Query Fail: Column count doesn't match value count at row 1
L 08/27/2020 - 20:07:49: Error log file session closed.
L 08/27/2020 - 20:08:06: SourceMod error session started
L 08/27/2020 - 20:08:06: Info (map "de_overpass") (file "C:\TCAFiles\Users\jeanv\438\csgo\addons\sourcemod\logs\errors_20200827.log")
L 08/27/2020 - 20:08:06: [kento_rankme.smx] [RankMe] Query Fail: Column count doesn't match value count at row 1
L 08/27/2020 - 20:25:04: Error log file session closed.
L 08/27/2020 - 20:25:24: SourceMod error session started
L 08/27/2020 - 20:25:24: Info (map "de_cache") (file "C:\TCAFiles\Users\jeanv\438\csgo\addons\sourcemod\logs\errors_20200827.log")
L 08/27/2020 - 20:25:24: [kento_rankme.smx] [RankMe] Query Fail: Column count doesn't match value count at row 1
L 08/27/2020 - 20:44:44: Error log file session closed.
L 08/27/2020 - 20:45:06: SourceMod error session started
L 08/27/2020 - 20:45:06: Info (map "de_dust2") (file "C:\TCAFiles\Users\jeanv\438\csgo\addons\sourcemod\logs\errors_20200827.log")
L 08/27/2020 - 20:45:06: [kento_rankme.smx] [RankMe] Query Fail: Column count doesn't match value count at row 1
L 08/27/2020 - 20:47:03: [kento_rankme.smx] [RankMe] Query Fail: Column count doesn't match value count at row 1
L 08/27/2020 - 20:48:33: [kento_rankme.smx] [RankMe] Query Fail: Column count doesn't match value count at row 1
L 08/27/2020 - 21:04:21: Error log file session closed.
L 08/27/2020 - 21:04:33: SourceMod error session started
L 08/27/2020 - 21:04:33: Info (map "de_vertigo") (file "C:\TCAFiles\Users\jeanv\438\csgo\addons\sourcemod\logs\errors_20200827.log")
L 08/27/2020 - 21:04:33: [kento_rankme.smx] [RankMe] Query Fail: Column count doesn't match value count at row 1
L 08/27/2020 - 21:04:47: [kento_rankme.smx] [RankMe] Query Fail: Column count doesn't match value count at row 1
L 08/27/2020 - 21:21:52: Error log file session closed.
L 08/27/2020 - 21:22:07: SourceMod error session started
L 08/27/2020 - 21:22:07: Info (map "de_inferno") (file "C:\TCAFiles\Users\jeanv\438\csgo\addons\sourcemod\logs\errors_20200827.log")
L 08/27/2020 - 21:22:07: [kento_rankme.smx] [RankMe] Query Fail: Column count doesn't match value count at row 1
L 08/27/2020 - 21:43:43: Error log file session closed.
