L 09/12/2020 - 00:31:39: SourceMod error session started
L 09/12/2020 - 00:31:39: Info (map "de_vertigo") (file "C:\TCAFiles\Users\jean\1\csgo\addons\sourcemod\logs\errors_20200912.log")
L 09/12/2020 - 00:31:39: [store.smx] Error happened. Error: Duplicate entry '0' for key 'PRIMARY'
L 09/12/2020 - 00:38:04: Error log file session closed.
L 09/12/2020 - 00:39:02: SourceMod error session started
L 09/12/2020 - 00:39:02: Info (map "de_vertigo") (file "C:\TCAFiles\Users\jean\1\csgo\addons\sourcemod\logs\errors_20200912.log")
L 09/12/2020 - 00:39:02: [kento_rankme.smx] [RankMe] Query Fail: Column count doesn't match value count at row 1
L 09/12/2020 - 07:06:44: Error log file session closed.
L 09/12/2020 - 07:15:48: SourceMod error session started
L 09/12/2020 - 07:15:48: Info (map "de_vertigo") (file "C:\TCAFiles\Users\jean\1\csgo\addons\sourcemod\logs\errors_20200912.log")
L 09/12/2020 - 07:15:48: [kento_rankme.smx] [RankMe] Query Fail: Column count doesn't match value count at row 1
L 09/12/2020 - 07:22:11: [kento_rankme.smx] [RankMe] Query Fail: Column count doesn't match value count at row 1
L 09/12/2020 - 07:22:11: [store.smx] Error happened. Error: Duplicate entry '0' for key 'PRIMARY'
L 09/12/2020 - 07:25:17: Error log file session closed.
L 09/12/2020 - 07:25:37: SourceMod error session started
L 09/12/2020 - 07:25:37: Info (map "de_train") (file "C:\TCAFiles\Users\jean\1\csgo\addons\sourcemod\logs\errors_20200912.log")
L 09/12/2020 - 07:25:37: [kento_rankme.smx] [RankMe] Query Fail: Column count doesn't match value count at row 1
L 09/12/2020 - 07:25:37: [store.smx] Error happened. Error: Duplicate entry '0' for key 'PRIMARY'
L 09/12/2020 - 07:43:04: [kento_rankme.smx] [RankMe] Query Fail: Column count doesn't match value count at row 1
L 09/12/2020 - 07:43:04: [store.smx] Error happened. Error: Duplicate entry '0' for key 'PRIMARY'
L 09/12/2020 - 07:45:53: Error log file session closed.
L 09/12/2020 - 07:46:12: SourceMod error session started
L 09/12/2020 - 07:46:12: Info (map "de_cache") (file "C:\TCAFiles\Users\jean\1\csgo\addons\sourcemod\logs\errors_20200912.log")
L 09/12/2020 - 07:46:12: [kento_rankme.smx] [RankMe] Query Fail: Column count doesn't match value count at row 1
L 09/12/2020 - 07:46:13: [store.smx] Error happened. Error: Duplicate entry '0' for key 'PRIMARY'
L 09/12/2020 - 07:46:13: [kento_rankme.smx] [RankMe] Query Fail: Column count doesn't match value count at row 1
L 09/12/2020 - 07:46:14: [store.smx] Error happened. Error: Duplicate entry '0' for key 'PRIMARY'
L 09/12/2020 - 07:48:44: [store.smx] Error happened. Error: Duplicate entry '0' for key 'PRIMARY'
L 09/12/2020 - 08:06:43: Error log file session closed.
L 09/12/2020 - 08:06:44: SourceMod error session started
L 09/12/2020 - 08:06:44: Info (map "de_dust2") (file "C:\TCAFiles\Users\jean\1\csgo\addons\sourcemod\logs\errors_20200912.log")
L 09/12/2020 - 08:06:44: [SM] Exception reported: Plugin handle ce1d0a3f is invalid (error 1)
L 09/12/2020 - 08:06:44: [SM] Blaming: kento_rankme.smx
L 09/12/2020 - 08:06:44: [SM] Call stack trace:
L 09/12/2020 - 08:06:44: [SM]   [0] Call_StartFunction
L 09/12/2020 - 08:06:44: [SM]   [1] Line 171, D:\csgoserver\csgo\addons\sourcemod\scripting\include\kento_rankme/natives.inc::CallRankCallback
L 09/12/2020 - 08:06:44: [SM]   [2] Line 148, D:\csgoserver\csgo\addons\sourcemod\scripting\include\kento_rankme/natives.inc::SQL_GetRankCallback
L 09/12/2020 - 08:06:44: [store.smx] Error happened. Error: Duplicate entry '0' for key 'PRIMARY'
L 09/12/2020 - 08:07:26: [store.smx] Error happened. Error: Duplicate entry '0' for key 'PRIMARY'
L 09/12/2020 - 09:32:57: Error log file session closed.
L 09/12/2020 - 09:34:34: SourceMod error session started
L 09/12/2020 - 09:34:34: Info (map "de_dust2") (file "C:\TCAFiles\Users\jean\1\csgo\addons\sourcemod\logs\errors_20200912.log")
L 09/12/2020 - 09:34:34: [kento_rankme.smx] [RankMe] Query Fail: Column count doesn't match value count at row 1
L 09/12/2020 - 09:38:14: [kento_rankme.smx] [RankMe] Query Fail: Column count doesn't match value count at row 1
L 09/12/2020 - 09:40:38: [store.smx] Error happened. Error: Duplicate entry '0' for key 'PRIMARY'
L 09/12/2020 - 09:52:07: Error log file session closed.
L 09/12/2020 - 09:52:17: SourceMod error session started
L 09/12/2020 - 09:52:17: Info (map "de_inferno") (file "C:\TCAFiles\Users\jean\1\csgo\addons\sourcemod\logs\errors_20200912.log")
L 09/12/2020 - 09:52:17: [kento_rankme.smx] [RankMe] Query Fail: Column count doesn't match value count at row 1
L 09/12/2020 - 09:52:25: [kento_rankme.smx] [RankMe] Query Fail: Column count doesn't match value count at row 1
L 09/12/2020 - 10:17:05: [kento_rankme.smx] [RankMe] Query Fail: Column count doesn't match value count at row 1
L 09/12/2020 - 10:18:01: [store.smx] Error happened. Error: Duplicate entry '0' for key 'PRIMARY'
L 09/12/2020 - 10:27:37: Error log file session closed.
L 09/12/2020 - 11:27:35: SourceMod error session started
L 09/12/2020 - 11:27:35: Info (map "de_mirage") (file "C:\TCAFiles\Users\jean\1\csgo\addons\sourcemod\logs\errors_20200912.log")
L 09/12/2020 - 11:27:35: [kento_rankme.smx] [RankMe] Query Fail: Column count doesn't match value count at row 1
L 09/12/2020 - 11:29:49: Error log file session closed.
L 09/12/2020 - 11:30:02: SourceMod error session started
L 09/12/2020 - 11:30:02: Info (map "de_train") (file "C:\TCAFiles\Users\jean\1\csgo\addons\sourcemod\logs\errors_20200912.log")
L 09/12/2020 - 11:30:02: [kento_rankme.smx] [RankMe] Query Fail: Column count doesn't match value count at row 1
L 09/12/2020 - 11:48:03: Error log file session closed.
L 09/12/2020 - 11:48:19: SourceMod error session started
L 09/12/2020 - 11:48:19: Info (map "de_dust2") (file "C:\TCAFiles\Users\jean\1\csgo\addons\sourcemod\logs\errors_20200912.log")
L 09/12/2020 - 11:48:19: [kento_rankme.smx] [RankMe] Query Fail: Column count doesn't match value count at row 1
L 09/12/2020 - 12:09:43: Error log file session closed.
L 09/12/2020 - 12:10:01: SourceMod error session started
L 09/12/2020 - 12:10:01: Info (map "de_nuke") (file "C:\TCAFiles\Users\jean\1\csgo\addons\sourcemod\logs\errors_20200912.log")
L 09/12/2020 - 12:10:01: [kento_rankme.smx] [RankMe] Query Fail: Column count doesn't match value count at row 1
L 09/12/2020 - 12:22:57: [kento_rankme.smx] [RankMe] Query Fail: Column count doesn't match value count at row 1
L 09/12/2020 - 12:33:16: Error log file session closed.
L 09/12/2020 - 12:33:23: SourceMod error session started
L 09/12/2020 - 12:33:23: Info (map "de_nuke") (file "C:\TCAFiles\Users\jean\1\csgo\addons\sourcemod\logs\errors_20200912.log")
L 09/12/2020 - 12:33:23: [kento_rankme.smx] [RankMe] Query Fail: Column count doesn't match value count at row 1
L 09/12/2020 - 13:46:29: Error log file session closed.
L 09/12/2020 - 14:08:34: SourceMod error session started
L 09/12/2020 - 14:08:34: Info (map "de_nuke") (file "C:\TCAFiles\Users\jean\1\csgo\addons\sourcemod\logs\errors_20200912.log")
L 09/12/2020 - 14:08:34: [kento_rankme.smx] [RankMe] Query Fail: Column count doesn't match value count at row 1
L 09/12/2020 - 14:09:13: [kento_rankme.smx] [RankMe] Query Fail: Column count doesn't match value count at row 1
L 09/12/2020 - 14:10:29: [kento_rankme.smx] [RankMe] Query Fail: Column count doesn't match value count at row 1
L 09/12/2020 - 14:17:36: [store.smx] Error happened. Error: Duplicate entry '0' for key 'PRIMARY'
L 09/12/2020 - 14:27:02: Error log file session closed.
L 09/12/2020 - 14:44:07: SourceMod error session started
L 09/12/2020 - 14:44:07: Info (map "de_mirage") (file "C:\TCAFiles\Users\jean\1\csgo\addons\sourcemod\logs\errors_20200912.log")
L 09/12/2020 - 14:44:07: [kento_rankme.smx] [RankMe] Query Fail: Column count doesn't match value count at row 1
L 09/12/2020 - 14:44:07: [store.smx] Error happened. Error: Duplicate entry '0' for key 'PRIMARY'
L 09/12/2020 - 14:44:13: [kento_rankme.smx] [RankMe] Query Fail: Column count doesn't match value count at row 1
L 09/12/2020 - 14:44:14: [store.smx] Error happened. Error: Duplicate entry '0' for key 'PRIMARY'
L 09/12/2020 - 14:45:01: Error log file session closed.
L 09/12/2020 - 14:45:58: SourceMod error session started
L 09/12/2020 - 14:45:58: Info (map "de_vertigo") (file "C:\TCAFiles\Users\jean\1\csgo\addons\sourcemod\logs\errors_20200912.log")
L 09/12/2020 - 14:45:58: [kento_rankme.smx] [RankMe] Query Fail: Column count doesn't match value count at row 1
L 09/12/2020 - 14:45:58: [store.smx] Error happened. Error: Duplicate entry '0' for key 'PRIMARY'
L 09/12/2020 - 14:46:01: [kento_rankme.smx] [RankMe] Query Fail: Column count doesn't match value count at row 1
L 09/12/2020 - 14:46:02: [store.smx] Error happened. Error: Duplicate entry '0' for key 'PRIMARY'
L 09/12/2020 - 15:02:58: Error log file session closed.
L 09/12/2020 - 15:06:59: SourceMod error session started
L 09/12/2020 - 15:06:59: Info (map "de_dust2") (file "C:\TCAFiles\Users\jean\1\csgo\addons\sourcemod\logs\errors_20200912.log")
L 09/12/2020 - 15:06:59: [kento_rankme.smx] [RankMe] Query Fail: Column count doesn't match value count at row 1
L 09/12/2020 - 15:07:42: [kento_rankme.smx] [RankMe] Query Fail: Column count doesn't match value count at row 1
L 09/12/2020 - 15:10:48: [kento_rankme.smx] [RankMe] Query Fail: Column count doesn't match value count at row 1
L 09/12/2020 - 15:11:13: [store.smx] Error happened. Error: Duplicate entry '0' for key 'PRIMARY'
L 09/12/2020 - 15:21:41: Error log file session closed.
L 09/12/2020 - 15:21:55: SourceMod error session started
L 09/12/2020 - 15:21:55: Info (map "de_overpass") (file "C:\TCAFiles\Users\jean\1\csgo\addons\sourcemod\logs\errors_20200912.log")
L 09/12/2020 - 15:21:55: [kento_rankme.smx] [RankMe] Query Fail: Column count doesn't match value count at row 1
L 09/12/2020 - 15:21:57: [store.smx] Error happened. Error: Duplicate entry '0' for key 'PRIMARY'
L 09/12/2020 - 15:22:00: [kento_rankme.smx] [RankMe] Query Fail: Column count doesn't match value count at row 1
L 09/12/2020 - 15:22:20: [kento_rankme.smx] [RankMe] Query Fail: Column count doesn't match value count at row 1
L 09/12/2020 - 15:35:13: [kento_rankme.smx] [RankMe] Query Fail: Column count doesn't match value count at row 1
L 09/12/2020 - 15:35:13: [store.smx] Error happened. Error: Duplicate entry '0' for key 'PRIMARY'
L 09/12/2020 - 15:39:30: Error log file session closed.
L 09/12/2020 - 15:39:45: SourceMod error session started
L 09/12/2020 - 15:39:45: Info (map "de_inferno") (file "C:\TCAFiles\Users\jean\1\csgo\addons\sourcemod\logs\errors_20200912.log")
L 09/12/2020 - 15:39:45: [kento_rankme.smx] [RankMe] Query Fail: Column count doesn't match value count at row 1
L 09/12/2020 - 15:39:46: [kento_rankme.smx] [RankMe] Query Fail: Column count doesn't match value count at row 1
L 09/12/2020 - 15:39:46: [store.smx] Error happened. Error: Duplicate entry '0' for key 'PRIMARY'
L 09/12/2020 - 15:39:49: [kento_rankme.smx] [RankMe] Query Fail: Column count doesn't match value count at row 1
L 09/12/2020 - 15:41:09: [kento_rankme.smx] [RankMe] Query Fail: Column count doesn't match value count at row 1
L 09/12/2020 - 15:45:07: [kento_rankme.smx] [RankMe] Query Fail: Column count doesn't match value count at row 1
L 09/12/2020 - 15:45:07: [store.smx] Error happened. Error: Duplicate entry '0' for key 'PRIMARY'
L 09/12/2020 - 15:48:04: [store.smx] Error happened. Error: Duplicate entry '0' for key 'PRIMARY'
L 09/12/2020 - 15:56:50: Error log file session closed.
L 09/12/2020 - 16:07:11: SourceMod error session started
L 09/12/2020 - 16:07:11: Info (map "de_cache") (file "C:\TCAFiles\Users\jean\1\csgo\addons\sourcemod\logs\errors_20200912.log")
L 09/12/2020 - 16:07:11: [store.smx] Error happened. Error: Duplicate entry '0' for key 'PRIMARY'
L 09/12/2020 - 16:08:01: [store.smx] Error happened. Error: Duplicate entry '0' for key 'PRIMARY'
L 09/12/2020 - 16:13:40: [kento_rankme.smx] [RankMe] Query Fail: Column count doesn't match value count at row 1
L 09/12/2020 - 16:14:54: Error log file session closed.
L 09/12/2020 - 16:30:19: SourceMod error session started
L 09/12/2020 - 16:30:19: Info (map "de_nuke") (file "C:\TCAFiles\Users\jean\1\csgo\addons\sourcemod\logs\errors_20200912.log")
L 09/12/2020 - 16:30:19: [kento_rankme.smx] [RankMe] Query Fail: Column count doesn't match value count at row 1
L 09/12/2020 - 16:30:19: [store.smx] Error happened. Error: Duplicate entry '0' for key 'PRIMARY'
L 09/12/2020 - 16:33:30: Error log file session closed.
L 09/12/2020 - 16:34:15: SourceMod error session started
L 09/12/2020 - 16:34:15: Info (map "de_mirage") (file "C:\TCAFiles\Users\jean\1\csgo\addons\sourcemod\logs\errors_20200912.log")
L 09/12/2020 - 16:34:15: [kento_rankme.smx] [RankMe] Query Fail: Column count doesn't match value count at row 1
L 09/12/2020 - 16:34:16: [store.smx] Error happened. Error: Duplicate entry '0' for key 'PRIMARY'
L 09/12/2020 - 16:51:19: [kento_rankme.smx] [RankMe] Query Fail: Column count doesn't match value count at row 1
L 09/12/2020 - 16:53:54: Error log file session closed.
L 09/12/2020 - 16:54:12: SourceMod error session started
L 09/12/2020 - 16:54:12: Info (map "de_train") (file "C:\TCAFiles\Users\jean\1\csgo\addons\sourcemod\logs\errors_20200912.log")
L 09/12/2020 - 16:54:12: [kento_rankme.smx] [RankMe] Query Fail: Column count doesn't match value count at row 1
L 09/12/2020 - 16:54:44: [kento_rankme.smx] [RankMe] Query Fail: Column count doesn't match value count at row 1
L 09/12/2020 - 16:54:44: [store.smx] Error happened. Error: Duplicate entry '0' for key 'PRIMARY'
L 09/12/2020 - 17:03:42: [kento_rankme.smx] [RankMe] Query Fail: Column count doesn't match value count at row 1
L 09/12/2020 - 17:05:46: [store.smx] Error happened. Error: Duplicate entry '0' for key 'PRIMARY'
L 09/12/2020 - 17:13:17: Error log file session closed.
L 09/12/2020 - 17:13:42: SourceMod error session started
L 09/12/2020 - 17:13:42: Info (map "de_dust2") (file "C:\TCAFiles\Users\jean\1\csgo\addons\sourcemod\logs\errors_20200912.log")
L 09/12/2020 - 17:13:42: [kento_rankme.smx] [RankMe] Query Fail: Column count doesn't match value count at row 1
L 09/12/2020 - 17:13:54: [kento_rankme.smx] [RankMe] Query Fail: Column count doesn't match value count at row 1
L 09/12/2020 - 17:19:59: [store.smx] Error happened. Error: Duplicate entry '0' for key 'PRIMARY'
L 09/12/2020 - 17:22:36: [kento_rankme.smx] [RankMe] Query Fail: Column count doesn't match value count at row 1
L 09/12/2020 - 17:29:41: Error log file session closed.
L 09/12/2020 - 17:29:53: SourceMod error session started
L 09/12/2020 - 17:29:53: Info (map "de_overpass") (file "C:\TCAFiles\Users\jean\1\csgo\addons\sourcemod\logs\errors_20200912.log")
L 09/12/2020 - 17:29:53: [store.smx] Error happened. Error: Duplicate entry '0' for key 'PRIMARY'
L 09/12/2020 - 17:29:58: [kento_rankme.smx] [RankMe] Query Fail: Column count doesn't match value count at row 1
L 09/12/2020 - 17:30:19: [kento_rankme.smx] [RankMe] Query Fail: Column count doesn't match value count at row 1
L 09/12/2020 - 17:32:07: [kento_rankme.smx] [RankMe] Query Fail: Column count doesn't match value count at row 1
L 09/12/2020 - 17:32:07: [store.smx] Error happened. Error: Duplicate entry '0' for key 'PRIMARY'
L 09/12/2020 - 17:48:42: Error log file session closed.
L 09/12/2020 - 17:49:05: SourceMod error session started
L 09/12/2020 - 17:49:05: Info (map "de_inferno") (file "C:\TCAFiles\Users\jean\1\csgo\addons\sourcemod\logs\errors_20200912.log")
L 09/12/2020 - 17:49:05: [kento_rankme.smx] [RankMe] Query Fail: Column count doesn't match value count at row 1
L 09/12/2020 - 17:50:58: Error log file session closed.
L 09/12/2020 - 18:26:00: SourceMod error session started
L 09/12/2020 - 18:26:00: Info (map "de_inferno") (file "C:\TCAFiles\Users\jean\1\csgo\addons\sourcemod\logs\errors_20200912.log")
L 09/12/2020 - 18:26:00: [kento_rankme.smx] [RankMe] Query Fail: Column count doesn't match value count at row 1
L 09/12/2020 - 18:26:01: [store.smx] Error happened. Error: Duplicate entry '0' for key 'PRIMARY'
L 09/12/2020 - 18:47:41: Error log file session closed.
L 09/12/2020 - 18:48:41: SourceMod error session started
L 09/12/2020 - 18:48:41: Info (map "de_mirage") (file "C:\TCAFiles\Users\jean\1\csgo\addons\sourcemod\logs\errors_20200912.log")
L 09/12/2020 - 18:48:41: [kento_rankme.smx] [RankMe] Query Fail: Column count doesn't match value count at row 1
L 09/12/2020 - 18:59:47: [store.smx] Error happened. Error: Duplicate entry '0' for key 'PRIMARY'
L 09/12/2020 - 19:00:18: [kento_rankme.smx] [RankMe] Query Fail: Column count doesn't match value count at row 1
L 09/12/2020 - 19:10:37: [store.smx] Error happened. Error: Duplicate entry '0' for key 'PRIMARY'
L 09/12/2020 - 19:25:44: Error log file session closed.
L 09/12/2020 - 19:26:39: SourceMod error session started
L 09/12/2020 - 19:26:39: Info (map "de_cache") (file "C:\TCAFiles\Users\jean\1\csgo\addons\sourcemod\logs\errors_20200912.log")
L 09/12/2020 - 19:26:39: [store.smx] Error happened. Error: Duplicate entry '0' for key 'PRIMARY'
L 09/12/2020 - 19:39:34: [kento_rankme.smx] [RankMe] Query Fail: Column count doesn't match value count at row 1
L 09/12/2020 - 19:39:34: [store.smx] Error happened. Error: Duplicate entry '0' for key 'PRIMARY'
L 09/12/2020 - 19:41:12: Error log file session closed.
L 09/12/2020 - 19:42:04: SourceMod error session started
L 09/12/2020 - 19:42:04: Info (map "de_train") (file "C:\TCAFiles\Users\jean\1\csgo\addons\sourcemod\logs\errors_20200912.log")
L 09/12/2020 - 19:42:04: [store.smx] Error happened. Error: Duplicate entry '0' for key 'PRIMARY'
L 09/12/2020 - 20:00:26: Error log file session closed.
L 09/12/2020 - 20:05:08: SourceMod error session started
L 09/12/2020 - 20:05:08: Info (map "de_vertigo") (file "C:\TCAFiles\Users\jean\1\csgo\addons\sourcemod\logs\errors_20200912.log")
L 09/12/2020 - 20:05:08: [kento_rankme.smx] [RankMe] Query Fail: Column count doesn't match value count at row 1
L 09/12/2020 - 20:05:08: [store.smx] Error happened. Error: Duplicate entry '0' for key 'PRIMARY'
L 09/12/2020 - 20:17:21: Error log file session closed.
L 09/12/2020 - 20:21:14: SourceMod error session started
L 09/12/2020 - 20:21:14: Info (map "de_dust2") (file "C:\TCAFiles\Users\jean\1\csgo\addons\sourcemod\logs\errors_20200912.log")
L 09/12/2020 - 20:21:14: [store.smx] Error happened. Error: Duplicate entry '0' for key 'PRIMARY'
L 09/12/2020 - 20:24:07: [kento_rankme.smx] [RankMe] Query Fail: Column count doesn't match value count at row 1
L 09/12/2020 - 20:37:12: Error log file session closed.
L 09/12/2020 - 20:37:46: SourceMod error session started
L 09/12/2020 - 20:37:46: Info (map "de_overpass") (file "C:\TCAFiles\Users\jean\1\csgo\addons\sourcemod\logs\errors_20200912.log")
L 09/12/2020 - 20:37:46: [kento_rankme.smx] [RankMe] Query Fail: Column count doesn't match value count at row 1
L 09/12/2020 - 20:45:26: [store.smx] Error happened. Error: Duplicate entry '0' for key 'PRIMARY'
L 09/12/2020 - 20:54:23: Error log file session closed.
L 09/12/2020 - 21:30:47: SourceMod error session started
L 09/12/2020 - 21:30:47: Info (map "de_inferno") (file "C:\TCAFiles\Users\jean\1\csgo\addons\sourcemod\logs\errors_20200912.log")
L 09/12/2020 - 21:30:47: [kento_rankme.smx] [RankMe] Query Fail: Column count doesn't match value count at row 1
L 09/12/2020 - 21:30:48: [store.smx] Error happened. Error: Duplicate entry '0' for key 'PRIMARY'
L 09/12/2020 - 21:39:52: Error log file session closed.
L 09/12/2020 - 21:45:27: SourceMod error session started
L 09/12/2020 - 21:45:27: Info (map "de_inferno") (file "C:\TCAFiles\Users\jean\1\csgo\addons\sourcemod\logs\errors_20200912.log")
L 09/12/2020 - 21:45:27: [kento_rankme.smx] [RankMe] Query Fail: Column count doesn't match value count at row 1
L 09/12/2020 - 21:48:57: [kento_rankme.smx] [RankMe] Query Fail: Column count doesn't match value count at row 1
L 09/12/2020 - 21:56:57: [kento_rankme.smx] [RankMe] Query Fail: Column count doesn't match value count at row 1
L 09/12/2020 - 21:56:57: [store.smx] Error happened. Error: Duplicate entry '0' for key 'PRIMARY'
L 09/12/2020 - 22:00:18: Error log file session closed.
L 09/12/2020 - 22:00:26: SourceMod error session started
L 09/12/2020 - 22:00:26: Info (map "de_mirage") (file "C:\TCAFiles\Users\jean\1\csgo\addons\sourcemod\logs\errors_20200912.log")
L 09/12/2020 - 22:00:26: [kento_rankme.smx] [RankMe] Query Fail: Column count doesn't match value count at row 1
L 09/12/2020 - 22:00:28: [kento_rankme.smx] [RankMe] Query Fail: Column count doesn't match value count at row 1
L 09/12/2020 - 22:00:28: [store.smx] Error happened. Error: Duplicate entry '0' for key 'PRIMARY'
L 09/12/2020 - 22:00:34: [kento_rankme.smx] [RankMe] Query Fail: Column count doesn't match value count at row 1
L 09/12/2020 - 22:17:55: Error log file session closed.
L 09/12/2020 - 22:59:47: SourceMod error session started
L 09/12/2020 - 22:59:47: Info (map "de_overpass") (file "C:\TCAFiles\Users\jean\1\csgo\addons\sourcemod\logs\errors_20200912.log")
L 09/12/2020 - 22:59:47: [kento_rankme.smx] [RankMe] Query Fail: Column count doesn't match value count at row 1
L 09/13/2020 - 00:08:14: Error log file session closed.
