L 09/20/2020 - 00:05:13: SourceMod error session started
L 09/20/2020 - 00:05:13: Info (map "de_train") (file "C:\TCAFiles\Users\jean\1\csgo\addons\sourcemod\logs\errors_20200920.log")
L 09/20/2020 - 00:05:13: [store.smx] Error happened. Error: Duplicate entry '0' for key 'PRIMARY'
L 09/20/2020 - 02:06:40: SourceMod error session started
L 09/20/2020 - 02:06:40: Info (map "de_dust2") (file "C:\TCAFiles\Users\jean\1\csgo\addons\sourcemod\logs\errors_20200920.log")
L 09/20/2020 - 02:06:40: [SM] Unable to load plugin "csgo_dices_shop.smx": Could not find required plugin "shop"
L 09/20/2020 - 02:06:42: [SM] Unable to load plugin "server_redirect.smx": Required extension "dhooks" file("dhooks.ext") not running
L 09/20/2020 - 02:06:42: [store.smx] Gifts! isn't installed or failed to load. Gifts support will be disabled. Please install Gifts. (http://forums.alliedmods.net/showthread.php?t=175185)
L 09/20/2020 - 02:06:42: [store.smx] Simple Chat Processor isn't installed or failed to load. SCP support will be disabled. (http://forums.alliedmods.net/showthread.php?t=198501)
L 09/20/2020 - 03:48:19: SourceMod error session started
L 09/20/2020 - 03:48:19: Info (map "de_dust2") (file "C:\TCAFiles\Users\jean\1\csgo\addons\sourcemod\logs\errors_20200920.log")
L 09/20/2020 - 03:48:19: [SM] Unable to load plugin "csgo_dices_shop.smx": Could not find required plugin "shop"
L 09/20/2020 - 03:48:19: [SM] Unable to load plugin "server_redirect.smx": Required extension "dhooks" file("dhooks.ext") not running
L 09/20/2020 - 03:48:19: [store.smx] Gifts! isn't installed or failed to load. Gifts support will be disabled. Please install Gifts. (http://forums.alliedmods.net/showthread.php?t=175185)
L 09/20/2020 - 03:48:19: [store.smx] Simple Chat Processor isn't installed or failed to load. SCP support will be disabled. (http://forums.alliedmods.net/showthread.php?t=198501)
L 09/20/2020 - 09:13:35: [store.smx] Database connection is lost or not yet initialized.
L 09/20/2020 - 09:13:35: [store.smx] Database connection is lost or not yet initialized.
L 09/20/2020 - 09:13:39: Error log file session closed.
L 09/20/2020 - 11:14:28: SourceMod error session started
L 09/20/2020 - 11:14:28: Info (map "de_dust2") (file "C:\TCAFiles\Users\jean\1\csgo\addons\sourcemod\logs\errors_20200920.log")
L 09/20/2020 - 11:14:28: [store.smx] Error happened. Error: Duplicate entry '0' for key 'PRIMARY'
L 09/20/2020 - 11:28:21: Error log file session closed.
L 09/20/2020 - 11:28:39: SourceMod error session started
L 09/20/2020 - 11:28:39: Info (map "de_mirage") (file "C:\TCAFiles\Users\jean\1\csgo\addons\sourcemod\logs\errors_20200920.log")
L 09/20/2020 - 11:28:39: [store.smx] Error happened. Error: Duplicate entry '0' for key 'PRIMARY'
L 09/20/2020 - 11:28:41: [store.smx] Error happened. Error: Duplicate entry '0' for key 'PRIMARY'
L 09/20/2020 - 11:32:33: [kento_rankme.smx] [RankMe] Query Fail: Column count doesn't match value count at row 1
L 09/20/2020 - 11:46:10: Error log file session closed.
L 09/20/2020 - 11:46:21: SourceMod error session started
L 09/20/2020 - 11:46:21: Info (map "de_overpass") (file "C:\TCAFiles\Users\jean\1\csgo\addons\sourcemod\logs\errors_20200920.log")
L 09/20/2020 - 11:46:21: [store.smx] Error happened. Error: Duplicate entry '0' for key 'PRIMARY'
L 09/20/2020 - 11:46:30: [kento_rankme.smx] [RankMe] Query Fail: Column count doesn't match value count at row 1
L 09/20/2020 - 11:46:30: [store.smx] Error happened. Error: Duplicate entry '0' for key 'PRIMARY'
L 09/20/2020 - 11:51:21: [kento_rankme.smx] [RankMe] Query Fail: Column count doesn't match value count at row 1
L 09/20/2020 - 12:01:31: [store.smx] Error happened. Error: Duplicate entry '0' for key 'PRIMARY'
L 09/20/2020 - 12:01:51: Error log file session closed.
L 09/20/2020 - 12:02:07: SourceMod error session started
L 09/20/2020 - 12:02:07: Info (map "de_cache") (file "C:\TCAFiles\Users\jean\1\csgo\addons\sourcemod\logs\errors_20200920.log")
L 09/20/2020 - 12:02:07: [kento_rankme.smx] [RankMe] Query Fail: Column count doesn't match value count at row 1
L 09/20/2020 - 12:02:17: [store.smx] Error happened. Error: Duplicate entry '0' for key 'PRIMARY'
L 09/20/2020 - 12:03:51: [kento_rankme.smx] [RankMe] Query Fail: Column count doesn't match value count at row 1
L 09/20/2020 - 12:03:52: [kento_rankme.smx] [RankMe] Query Fail: Column count doesn't match value count at row 1
L 09/20/2020 - 12:03:53: [kento_rankme.smx] [RankMe] Query Fail: Column count doesn't match value count at row 1
L 09/20/2020 - 12:03:54: [kento_rankme.smx] [RankMe] Query Fail: Column count doesn't match value count at row 1
L 09/20/2020 - 12:03:54: [kento_rankme.smx] [RankMe] Query Fail: Column count doesn't match value count at row 1
L 09/20/2020 - 12:03:54: [kento_rankme.smx] [RankMe] Query Fail: Column count doesn't match value count at row 1
L 09/20/2020 - 12:03:54: [kento_rankme.smx] [RankMe] Query Fail: Column count doesn't match value count at row 1
L 09/20/2020 - 12:03:54: [kento_rankme.smx] [RankMe] Query Fail: Column count doesn't match value count at row 1
L 09/20/2020 - 12:03:54: [kento_rankme.smx] [RankMe] Query Fail: Column count doesn't match value count at row 1
L 09/20/2020 - 12:03:54: [kento_rankme.smx] [RankMe] Query Fail: Column count doesn't match value count at row 1
L 09/20/2020 - 12:03:54: [kento_rankme.smx] [RankMe] Query Fail: Column count doesn't match value count at row 1
L 09/20/2020 - 12:03:54: [kento_rankme.smx] [RankMe] Query Fail: Column count doesn't match value count at row 1
L 09/20/2020 - 12:03:55: [kento_rankme.smx] [RankMe] Query Fail: Column count doesn't match value count at row 1
L 09/20/2020 - 12:03:55: [kento_rankme.smx] [RankMe] Query Fail: Column count doesn't match value count at row 1
L 09/20/2020 - 12:03:55: [kento_rankme.smx] [RankMe] Query Fail: Column count doesn't match value count at row 1
L 09/20/2020 - 12:03:55: [kento_rankme.smx] [RankMe] Query Fail: Column count doesn't match value count at row 1
L 09/20/2020 - 12:03:55: [kento_rankme.smx] [RankMe] Query Fail: Column count doesn't match value count at row 1
L 09/20/2020 - 12:03:55: [kento_rankme.smx] [RankMe] Query Fail: Column count doesn't match value count at row 1
L 09/20/2020 - 12:03:55: [kento_rankme.smx] [RankMe] Query Fail: Column count doesn't match value count at row 1
L 09/20/2020 - 12:03:55: [kento_rankme.smx] [RankMe] Query Fail: Column count doesn't match value count at row 1
L 09/20/2020 - 12:03:55: [kento_rankme.smx] [RankMe] Query Fail: Column count doesn't match value count at row 1
L 09/20/2020 - 12:03:55: [kento_rankme.smx] [RankMe] Query Fail: Column count doesn't match value count at row 1
L 09/20/2020 - 12:03:55: [kento_rankme.smx] [RankMe] Query Fail: Column count doesn't match value count at row 1
L 09/20/2020 - 12:03:55: [kento_rankme.smx] [RankMe] Query Fail: Column count doesn't match value count at row 1
L 09/20/2020 - 12:03:55: [kento_rankme.smx] [RankMe] Query Fail: Column count doesn't match value count at row 1
L 09/20/2020 - 12:03:55: [kento_rankme.smx] [RankMe] Query Fail: Column count doesn't match value count at row 1
L 09/20/2020 - 12:03:55: [kento_rankme.smx] [RankMe] Query Fail: Column count doesn't match value count at row 1
L 09/20/2020 - 12:03:55: [kento_rankme.smx] [RankMe] Query Fail: Column count doesn't match value count at row 1
L 09/20/2020 - 12:03:56: [kento_rankme.smx] [RankMe] Query Fail: Column count doesn't match value count at row 1
L 09/20/2020 - 12:03:56: [kento_rankme.smx] [RankMe] Query Fail: Column count doesn't match value count at row 1
L 09/20/2020 - 12:03:56: [kento_rankme.smx] [RankMe] Query Fail: Column count doesn't match value count at row 1
L 09/20/2020 - 12:03:56: [kento_rankme.smx] [RankMe] Query Fail: Column count doesn't match value count at row 1
L 09/20/2020 - 12:03:56: [kento_rankme.smx] [RankMe] Query Fail: Column count doesn't match value count at row 1
L 09/20/2020 - 12:03:56: [kento_rankme.smx] [RankMe] Query Fail: Column count doesn't match value count at row 1
L 09/20/2020 - 12:03:56: [kento_rankme.smx] [RankMe] Query Fail: Column count doesn't match value count at row 1
L 09/20/2020 - 12:03:56: [kento_rankme.smx] [RankMe] Query Fail: Column count doesn't match value count at row 1
L 09/20/2020 - 12:03:56: [kento_rankme.smx] [RankMe] Query Fail: Column count doesn't match value count at row 1
L 09/20/2020 - 12:03:56: [kento_rankme.smx] [RankMe] Query Fail: Column count doesn't match value count at row 1
L 09/20/2020 - 12:03:56: [kento_rankme.smx] [RankMe] Query Fail: Column count doesn't match value count at row 1
L 09/20/2020 - 12:03:56: [kento_rankme.smx] [RankMe] Query Fail: Column count doesn't match value count at row 1
L 09/20/2020 - 12:03:56: [kento_rankme.smx] [RankMe] Query Fail: Column count doesn't match value count at row 1
L 09/20/2020 - 12:03:56: [kento_rankme.smx] [RankMe] Query Fail: Column count doesn't match value count at row 1
L 09/20/2020 - 12:03:56: [kento_rankme.smx] [RankMe] Query Fail: Column count doesn't match value count at row 1
L 09/20/2020 - 12:03:56: [kento_rankme.smx] [RankMe] Query Fail: Column count doesn't match value count at row 1
L 09/20/2020 - 12:03:57: [kento_rankme.smx] [RankMe] Query Fail: Column count doesn't match value count at row 1
L 09/20/2020 - 12:03:57: [kento_rankme.smx] [RankMe] Query Fail: Column count doesn't match value count at row 1
L 09/20/2020 - 12:03:57: [kento_rankme.smx] [RankMe] Query Fail: Column count doesn't match value count at row 1
L 09/20/2020 - 12:03:57: [kento_rankme.smx] [RankMe] Query Fail: Column count doesn't match value count at row 1
L 09/20/2020 - 12:03:57: [kento_rankme.smx] [RankMe] Query Fail: Column count doesn't match value count at row 1
L 09/20/2020 - 12:03:57: [kento_rankme.smx] [RankMe] Query Fail: Column count doesn't match value count at row 1
L 09/20/2020 - 12:03:57: [kento_rankme.smx] [RankMe] Query Fail: Column count doesn't match value count at row 1
L 09/20/2020 - 12:03:57: [kento_rankme.smx] [RankMe] Query Fail: Column count doesn't match value count at row 1
L 09/20/2020 - 12:03:57: [kento_rankme.smx] [RankMe] Query Fail: Column count doesn't match value count at row 1
L 09/20/2020 - 12:03:57: [kento_rankme.smx] [RankMe] Query Fail: Column count doesn't match value count at row 1
L 09/20/2020 - 12:03:57: [kento_rankme.smx] [RankMe] Query Fail: Column count doesn't match value count at row 1
L 09/20/2020 - 12:03:57: [kento_rankme.smx] [RankMe] Query Fail: Column count doesn't match value count at row 1
L 09/20/2020 - 12:03:57: [kento_rankme.smx] [RankMe] Query Fail: Column count doesn't match value count at row 1
L 09/20/2020 - 12:03:57: [kento_rankme.smx] [RankMe] Query Fail: Column count doesn't match value count at row 1
L 09/20/2020 - 12:03:57: [kento_rankme.smx] [RankMe] Query Fail: Column count doesn't match value count at row 1
L 09/20/2020 - 12:03:58: [kento_rankme.smx] [RankMe] Query Fail: Column count doesn't match value count at row 1
L 09/20/2020 - 12:03:58: [kento_rankme.smx] [RankMe] Query Fail: Column count doesn't match value count at row 1
L 09/20/2020 - 12:03:58: [kento_rankme.smx] [RankMe] Query Fail: Column count doesn't match value count at row 1
L 09/20/2020 - 12:03:58: [kento_rankme.smx] [RankMe] Query Fail: Column count doesn't match value count at row 1
L 09/20/2020 - 12:03:58: [kento_rankme.smx] [RankMe] Query Fail: Column count doesn't match value count at row 1
L 09/20/2020 - 12:03:58: [kento_rankme.smx] [RankMe] Query Fail: Column count doesn't match value count at row 1
L 09/20/2020 - 12:03:58: [kento_rankme.smx] [RankMe] Query Fail: Column count doesn't match value count at row 1
L 09/20/2020 - 12:03:58: [kento_rankme.smx] [RankMe] Query Fail: Column count doesn't match value count at row 1
L 09/20/2020 - 12:03:58: [kento_rankme.smx] [RankMe] Query Fail: Column count doesn't match value count at row 1
L 09/20/2020 - 12:03:58: [kento_rankme.smx] [RankMe] Query Fail: Column count doesn't match value count at row 1
L 09/20/2020 - 12:03:58: [kento_rankme.smx] [RankMe] Query Fail: Column count doesn't match value count at row 1
L 09/20/2020 - 12:03:58: [kento_rankme.smx] [RankMe] Query Fail: Column count doesn't match value count at row 1
L 09/20/2020 - 12:03:58: [kento_rankme.smx] [RankMe] Query Fail: Column count doesn't match value count at row 1
L 09/20/2020 - 12:03:58: [kento_rankme.smx] [RankMe] Query Fail: Column count doesn't match value count at row 1
L 09/20/2020 - 12:03:58: [kento_rankme.smx] [RankMe] Query Fail: Column count doesn't match value count at row 1
L 09/20/2020 - 12:03:58: [kento_rankme.smx] [RankMe] Query Fail: Column count doesn't match value count at row 1
L 09/20/2020 - 12:03:59: [kento_rankme.smx] [RankMe] Query Fail: Column count doesn't match value count at row 1
L 09/20/2020 - 12:03:59: [kento_rankme.smx] [RankMe] Query Fail: Column count doesn't match value count at row 1
L 09/20/2020 - 12:03:59: [kento_rankme.smx] [RankMe] Query Fail: Column count doesn't match value count at row 1
L 09/20/2020 - 12:03:59: [kento_rankme.smx] [RankMe] Query Fail: Column count doesn't match value count at row 1
L 09/20/2020 - 12:03:59: [kento_rankme.smx] [RankMe] Query Fail: Column count doesn't match value count at row 1
L 09/20/2020 - 12:03:59: [kento_rankme.smx] [RankMe] Query Fail: Column count doesn't match value count at row 1
L 09/20/2020 - 12:03:59: [kento_rankme.smx] [RankMe] Query Fail: Column count doesn't match value count at row 1
L 09/20/2020 - 12:03:59: [kento_rankme.smx] [RankMe] Query Fail: Column count doesn't match value count at row 1
L 09/20/2020 - 12:03:59: [kento_rankme.smx] [RankMe] Query Fail: Column count doesn't match value count at row 1
L 09/20/2020 - 12:03:59: [kento_rankme.smx] [RankMe] Query Fail: Column count doesn't match value count at row 1
L 09/20/2020 - 12:03:59: [kento_rankme.smx] [RankMe] Query Fail: Column count doesn't match value count at row 1
L 09/20/2020 - 12:03:59: [kento_rankme.smx] [RankMe] Query Fail: Column count doesn't match value count at row 1
L 09/20/2020 - 12:03:59: [kento_rankme.smx] [RankMe] Query Fail: Column count doesn't match value count at row 1
L 09/20/2020 - 12:03:59: [kento_rankme.smx] [RankMe] Query Fail: Column count doesn't match value count at row 1
L 09/20/2020 - 12:03:59: [kento_rankme.smx] [RankMe] Query Fail: Column count doesn't match value count at row 1
L 09/20/2020 - 12:03:59: [kento_rankme.smx] [RankMe] Query Fail: Column count doesn't match value count at row 1
L 09/20/2020 - 12:04:00: [kento_rankme.smx] [RankMe] Query Fail: Column count doesn't match value count at row 1
L 09/20/2020 - 12:04:00: [kento_rankme.smx] [RankMe] Query Fail: Column count doesn't match value count at row 1
L 09/20/2020 - 12:04:00: [kento_rankme.smx] [RankMe] Query Fail: Column count doesn't match value count at row 1
L 09/20/2020 - 12:04:00: [kento_rankme.smx] [RankMe] Query Fail: Column count doesn't match value count at row 1
L 09/20/2020 - 12:04:00: [kento_rankme.smx] [RankMe] Query Fail: Column count doesn't match value count at row 1
L 09/20/2020 - 12:04:00: [kento_rankme.smx] [RankMe] Query Fail: Column count doesn't match value count at row 1
L 09/20/2020 - 12:04:00: [kento_rankme.smx] [RankMe] Query Fail: Column count doesn't match value count at row 1
L 09/20/2020 - 12:04:14: [kento_rankme.smx] [RankMe] Query Fail: Column count doesn't match value count at row 1
L 09/20/2020 - 12:17:46: Error log file session closed.
L 09/20/2020 - 12:17:57: SourceMod error session started
L 09/20/2020 - 12:17:57: Info (map "de_inferno") (file "C:\TCAFiles\Users\jean\1\csgo\addons\sourcemod\logs\errors_20200920.log")
L 09/20/2020 - 12:17:57: [kento_rankme.smx] [RankMe] Query Fail: Column count doesn't match value count at row 1
L 09/20/2020 - 12:20:06: [kento_rankme.smx] [RankMe] Query Fail: Column count doesn't match value count at row 1
L 09/20/2020 - 12:20:06: [store.smx] Error happened. Error: Duplicate entry '0' for key 'PRIMARY'
L 09/20/2020 - 12:27:14: [kento_rankme.smx] [RankMe] Query Fail: Column count doesn't match value count at row 1
L 09/20/2020 - 12:27:14: [store.smx] Error happened. Error: Duplicate entry '0' for key 'PRIMARY'
L 09/20/2020 - 12:36:14: Error log file session closed.
L 09/20/2020 - 12:36:30: SourceMod error session started
L 09/20/2020 - 12:36:30: Info (map "de_nuke") (file "C:\TCAFiles\Users\jean\1\csgo\addons\sourcemod\logs\errors_20200920.log")
L 09/20/2020 - 12:36:30: [kento_rankme.smx] [RankMe] Query Fail: Column count doesn't match value count at row 1
L 09/20/2020 - 12:36:32: [kento_rankme.smx] [RankMe] Query Fail: Column count doesn't match value count at row 1
L 09/20/2020 - 12:36:32: [store.smx] Error happened. Error: Duplicate entry '0' for key 'PRIMARY'
L 09/20/2020 - 12:40:35: [store.smx] Error happened. Error: Duplicate entry '0' for key 'PRIMARY'
L 09/20/2020 - 12:44:08: [kento_rankme.smx] [RankMe] Query Fail: Column count doesn't match value count at row 1
L 09/20/2020 - 12:45:15: [store.smx] Error happened. Error: Duplicate entry '0' for key 'PRIMARY'
L 09/20/2020 - 12:57:20: [kento_rankme.smx] [RankMe] Query Fail: Column count doesn't match value count at row 1
L 09/20/2020 - 12:57:20: [store.smx] Error happened. Error: Duplicate entry '0' for key 'PRIMARY'
L 09/20/2020 - 13:28:55: Error log file session closed.
L 09/20/2020 - 16:37:40: SourceMod error session started
L 09/20/2020 - 16:37:40: Info (map "de_nuke") (file "C:\TCAFiles\Users\jean\1\csgo\addons\sourcemod\logs\errors_20200920.log")
L 09/20/2020 - 16:37:40: [kento_rankme.smx] [RankMe] Query Fail: Column count doesn't match value count at row 1
L 09/20/2020 - 16:37:41: [store.smx] Error happened. Error: Duplicate entry '0' for key 'PRIMARY'
L 09/20/2020 - 16:38:56: [kento_rankme.smx] [RankMe] Query Fail: Column count doesn't match value count at row 1
L 09/20/2020 - 16:40:14: [kento_rankme.smx] [RankMe] Query Fail: Column count doesn't match value count at row 1
L 09/20/2020 - 16:56:43: Error log file session closed.
L 09/20/2020 - 16:57:03: SourceMod error session started
L 09/20/2020 - 16:57:03: Info (map "de_mirage") (file "C:\TCAFiles\Users\jean\1\csgo\addons\sourcemod\logs\errors_20200920.log")
L 09/20/2020 - 16:57:03: [kento_rankme.smx] [RankMe] Query Fail: Column count doesn't match value count at row 1
L 09/20/2020 - 16:57:04: [store.smx] Error happened. Error: Duplicate entry '0' for key 'PRIMARY'
L 09/20/2020 - 17:03:49: [store.smx] Error happened. Error: Duplicate entry '0' for key 'PRIMARY'
L 09/20/2020 - 17:16:18: Error log file session closed.
L 09/20/2020 - 17:16:34: SourceMod error session started
L 09/20/2020 - 17:16:34: Info (map "de_inferno") (file "C:\TCAFiles\Users\jean\1\csgo\addons\sourcemod\logs\errors_20200920.log")
L 09/20/2020 - 17:16:34: [kento_rankme.smx] [RankMe] Query Fail: Column count doesn't match value count at row 1
L 09/20/2020 - 17:16:34: [store.smx] Error happened. Error: Duplicate entry '0' for key 'PRIMARY'
L 09/20/2020 - 17:16:39: [kento_rankme.smx] [RankMe] Query Fail: Column count doesn't match value count at row 1
L 09/20/2020 - 17:16:39: [store.smx] Error happened. Error: Duplicate entry '0' for key 'PRIMARY'
L 09/20/2020 - 17:18:51: [store.smx] Error happened. Error: Duplicate entry '0' for key 'PRIMARY'
L 09/20/2020 - 17:32:46: Error log file session closed.
L 09/20/2020 - 17:33:03: SourceMod error session started
L 09/20/2020 - 17:33:03: Info (map "de_cache") (file "C:\TCAFiles\Users\jean\1\csgo\addons\sourcemod\logs\errors_20200920.log")
L 09/20/2020 - 17:33:03: [kento_rankme.smx] [RankMe] Query Fail: Column count doesn't match value count at row 1
L 09/20/2020 - 17:33:03: [store.smx] Error happened. Error: Duplicate entry '0' for key 'PRIMARY'
L 09/20/2020 - 17:36:01: Error log file session closed.
L 09/20/2020 - 17:36:10: SourceMod error session started
L 09/20/2020 - 17:36:10: Info (map "de_cache") (file "C:\TCAFiles\Users\jean\1\csgo\addons\sourcemod\logs\errors_20200920.log")
L 09/20/2020 - 17:36:10: [kento_rankme.smx] [RankMe] Query Fail: Column count doesn't match value count at row 1
L 09/20/2020 - 17:36:10: [store.smx] Error happened. Error: Duplicate entry '0' for key 'PRIMARY'
L 09/20/2020 - 17:36:57: [kento_rankme.smx] [RankMe] Query Fail: Column count doesn't match value count at row 1
L 09/20/2020 - 17:36:58: [store.smx] Error happened. Error: Duplicate entry '0' for key 'PRIMARY'
L 09/20/2020 - 17:43:56: [kento_rankme.smx] [RankMe] Query Fail: Column count doesn't match value count at row 1
L 09/20/2020 - 17:50:58: Error log file session closed.
L 09/20/2020 - 17:51:10: SourceMod error session started
L 09/20/2020 - 17:51:10: Info (map "de_dust2") (file "C:\TCAFiles\Users\jean\1\csgo\addons\sourcemod\logs\errors_20200920.log")
L 09/20/2020 - 17:51:10: [kento_rankme.smx] [RankMe] Query Fail: Column count doesn't match value count at row 1
L 09/20/2020 - 17:51:11: [store.smx] Error happened. Error: Duplicate entry '0' for key 'PRIMARY'
L 09/20/2020 - 17:51:17: [kento_rankme.smx] [RankMe] Query Fail: Column count doesn't match value count at row 1
L 09/20/2020 - 17:51:17: [store.smx] Error happened. Error: Duplicate entry '0' for key 'PRIMARY'
L 09/20/2020 - 17:55:59: [store.smx] Error happened. Error: Duplicate entry '0' for key 'PRIMARY'
L 09/20/2020 - 18:09:48: Error log file session closed.
L 09/20/2020 - 18:10:01: SourceMod error session started
L 09/20/2020 - 18:10:01: Info (map "de_train") (file "C:\TCAFiles\Users\jean\1\csgo\addons\sourcemod\logs\errors_20200920.log")
L 09/20/2020 - 18:10:01: [kento_rankme.smx] [RankMe] Query Fail: Column count doesn't match value count at row 1
L 09/20/2020 - 18:10:01: [store.smx] Error happened. Error: Duplicate entry '0' for key 'PRIMARY'
L 09/20/2020 - 18:10:08: [kento_rankme.smx] [RankMe] Query Fail: Column count doesn't match value count at row 1
L 09/20/2020 - 18:10:08: [store.smx] Error happened. Error: Duplicate entry '0' for key 'PRIMARY'
L 09/20/2020 - 18:10:14: [store.smx] Error happened. Error: Duplicate entry '0' for key 'PRIMARY'
L 09/20/2020 - 18:26:05: [kento_rankme.smx] [RankMe] Query Fail: Column count doesn't match value count at row 1
L 09/20/2020 - 18:29:36: Error log file session closed.
L 09/20/2020 - 18:29:46: SourceMod error session started
L 09/20/2020 - 18:29:46: Info (map "de_overpass") (file "C:\TCAFiles\Users\jean\1\csgo\addons\sourcemod\logs\errors_20200920.log")
L 09/20/2020 - 18:29:46: [kento_rankme.smx] [RankMe] Query Fail: Column count doesn't match value count at row 1
L 09/20/2020 - 18:29:46: [store.smx] Error happened. Error: Duplicate entry '0' for key 'PRIMARY'
L 09/20/2020 - 18:29:52: [kento_rankme.smx] [RankMe] Query Fail: Column count doesn't match value count at row 1
L 09/20/2020 - 18:29:52: [store.smx] Error happened. Error: Duplicate entry '0' for key 'PRIMARY'
L 09/20/2020 - 18:29:55: [store.smx] Error happened. Error: Duplicate entry '0' for key 'PRIMARY'
L 09/20/2020 - 18:43:51: [store.smx] Error happened. Error: Duplicate entry '0' for key 'PRIMARY'
L 09/20/2020 - 18:48:35: Error log file session closed.
L 09/20/2020 - 18:48:44: SourceMod error session started
L 09/20/2020 - 18:48:44: Info (map "de_mirage") (file "C:\TCAFiles\Users\jean\1\csgo\addons\sourcemod\logs\errors_20200920.log")
L 09/20/2020 - 18:48:44: [kento_rankme.smx] [RankMe] Query Fail: Column count doesn't match value count at row 1
L 09/20/2020 - 18:48:45: [store.smx] Error happened. Error: Duplicate entry '0' for key 'PRIMARY'
L 09/20/2020 - 18:48:48: [kento_rankme.smx] [RankMe] Query Fail: Column count doesn't match value count at row 1
L 09/20/2020 - 18:48:48: [store.smx] Error happened. Error: Duplicate entry '0' for key 'PRIMARY'
L 09/20/2020 - 18:51:22: [kento_rankme.smx] [RankMe] Query Fail: Column count doesn't match value count at row 1
L 09/20/2020 - 19:02:35: [kento_rankme.smx] [RankMe] Query Fail: Column count doesn't match value count at row 1
L 09/20/2020 - 19:06:05: [store.smx] Error happened. Error: Duplicate entry '0' for key 'PRIMARY'
L 09/20/2020 - 19:09:48: Error log file session closed.
L 09/20/2020 - 19:09:58: SourceMod error session started
L 09/20/2020 - 19:09:58: Info (map "de_inferno") (file "C:\TCAFiles\Users\jean\1\csgo\addons\sourcemod\logs\errors_20200920.log")
L 09/20/2020 - 19:09:58: [kento_rankme.smx] [RankMe] Query Fail: Column count doesn't match value count at row 1
L 09/20/2020 - 19:09:58: [store.smx] Error happened. Error: Duplicate entry '0' for key 'PRIMARY'
L 09/20/2020 - 19:09:59: [kento_rankme.smx] [RankMe] Query Fail: Column count doesn't match value count at row 1
L 09/20/2020 - 19:10:03: [kento_rankme.smx] [RankMe] Query Fail: Column count doesn't match value count at row 1
L 09/20/2020 - 19:10:03: [store.smx] Error happened. Error: Duplicate entry '0' for key 'PRIMARY'
L 09/20/2020 - 19:10:26: [store.smx] Error happened. Error: Duplicate entry '0' for key 'PRIMARY'
L 09/20/2020 - 19:30:59: Error log file session closed.
L 09/20/2020 - 19:31:43: SourceMod error session started
L 09/20/2020 - 19:31:43: Info (map "de_vertigo") (file "C:\TCAFiles\Users\jean\1\csgo\addons\sourcemod\logs\errors_20200920.log")
L 09/20/2020 - 19:31:43: [store.smx] Error happened. Error: Duplicate entry '0' for key 'PRIMARY'
L 09/20/2020 - 19:34:05: [kento_rankme.smx] [RankMe] Query Fail: Column count doesn't match value count at row 1
L 09/20/2020 - 19:34:05: [store.smx] Error happened. Error: Duplicate entry '0' for key 'PRIMARY'
L 09/20/2020 - 19:37:09: [store.smx] Error happened. Error: Duplicate entry '0' for key 'PRIMARY'
L 09/20/2020 - 19:40:26: [kento_rankme.smx] [RankMe] Query Fail: Column count doesn't match value count at row 1
L 09/20/2020 - 19:40:26: [store.smx] Error happened. Error: Duplicate entry '0' for key 'PRIMARY'
L 09/20/2020 - 19:47:37: [store.smx] Error happened. Error: Duplicate entry '0' for key 'PRIMARY'
L 09/20/2020 - 19:48:10: Error log file session closed.
L 09/20/2020 - 19:48:26: SourceMod error session started
L 09/20/2020 - 19:48:26: Info (map "de_cache") (file "C:\TCAFiles\Users\jean\1\csgo\addons\sourcemod\logs\errors_20200920.log")
L 09/20/2020 - 19:48:26: [kento_rankme.smx] [RankMe] Query Fail: Column count doesn't match value count at row 1
L 09/20/2020 - 19:48:26: [store.smx] Error happened. Error: Duplicate entry '0' for key 'PRIMARY'
L 09/20/2020 - 19:48:31: [store.smx] Error happened. Error: Duplicate entry '0' for key 'PRIMARY'
L 09/20/2020 - 19:48:31: [kento_rankme.smx] [RankMe] Query Fail: Column count doesn't match value count at row 1
L 09/20/2020 - 19:48:32: [store.smx] Error happened. Error: Duplicate entry '0' for key 'PRIMARY'
L 09/20/2020 - 19:49:01: [store.smx] Error happened. Error: Duplicate entry '0' for key 'PRIMARY'
L 09/20/2020 - 19:49:21: [kento_rankme.smx] [RankMe] Query Fail: Column count doesn't match value count at row 1
L 09/20/2020 - 20:00:08: [kento_rankme.smx] [RankMe] Query Fail: Column count doesn't match value count at row 1
L 09/20/2020 - 20:01:53: [kento_rankme.smx] [RankMe] Query Fail: Column count doesn't match value count at row 1
L 09/20/2020 - 20:05:54: [kento_rankme.smx] [RankMe] Query Fail: Column count doesn't match value count at row 1
L 09/20/2020 - 20:05:54: [store.smx] Error happened. Error: Duplicate entry '0' for key 'PRIMARY'
L 09/20/2020 - 20:06:04: [kento_rankme.smx] [RankMe] Query Fail: Column count doesn't match value count at row 1
L 09/20/2020 - 20:06:44: [kento_rankme.smx] [RankMe] Query Fail: Column count doesn't match value count at row 1
L 09/20/2020 - 20:06:45: [store.smx] Error happened. Error: Duplicate entry '0' for key 'PRIMARY'
L 09/20/2020 - 20:07:07: Error log file session closed.
L 09/20/2020 - 20:07:23: SourceMod error session started
L 09/20/2020 - 20:07:23: Info (map "de_dust2") (file "C:\TCAFiles\Users\jean\1\csgo\addons\sourcemod\logs\errors_20200920.log")
L 09/20/2020 - 20:07:23: [kento_rankme.smx] [RankMe] Query Fail: Column count doesn't match value count at row 1
L 09/20/2020 - 20:07:24: [store.smx] Error happened. Error: Duplicate entry '0' for key 'PRIMARY'
L 09/20/2020 - 20:07:24: [kento_rankme.smx] [RankMe] Query Fail: Column count doesn't match value count at row 1
L 09/20/2020 - 20:07:27: [kento_rankme.smx] [RankMe] Query Fail: Column count doesn't match value count at row 1
L 09/20/2020 - 20:07:28: [store.smx] Error happened. Error: Duplicate entry '0' for key 'PRIMARY'
L 09/20/2020 - 20:07:29: [kento_rankme.smx] [RankMe] Query Fail: Column count doesn't match value count at row 1
L 09/20/2020 - 20:07:49: [kento_rankme.smx] [RankMe] Query Fail: Column count doesn't match value count at row 1
L 09/20/2020 - 20:07:54: [store.smx] Error happened. Error: Duplicate entry '0' for key 'PRIMARY'
L 09/20/2020 - 20:14:03: [kento_rankme.smx] [RankMe] Query Fail: Column count doesn't match value count at row 1
L 09/20/2020 - 20:14:04: [store.smx] Error happened. Error: Duplicate entry '0' for key 'PRIMARY'
L 09/20/2020 - 20:22:31: [kento_rankme.smx] [RankMe] Query Fail: Column count doesn't match value count at row 1
L 09/20/2020 - 20:27:22: Error log file session closed.
L 09/20/2020 - 20:27:38: SourceMod error session started
L 09/20/2020 - 20:27:38: Info (map "de_nuke") (file "C:\TCAFiles\Users\jean\1\csgo\addons\sourcemod\logs\errors_20200920.log")
L 09/20/2020 - 20:27:38: [kento_rankme.smx] [RankMe] Query Fail: Column count doesn't match value count at row 1
L 09/20/2020 - 20:27:38: [store.smx] Error happened. Error: Duplicate entry '0' for key 'PRIMARY'
L 09/20/2020 - 20:27:41: [kento_rankme.smx] [RankMe] Query Fail: Column count doesn't match value count at row 1
L 09/20/2020 - 20:27:41: [store.smx] Error happened. Error: Duplicate entry '0' for key 'PRIMARY'
L 09/20/2020 - 20:28:07: [kento_rankme.smx] [RankMe] Query Fail: Column count doesn't match value count at row 1
L 09/20/2020 - 20:28:15: [store.smx] Error happened. Error: Duplicate entry '0' for key 'PRIMARY'
L 09/20/2020 - 20:29:15: [kento_rankme.smx] [RankMe] Query Fail: Column count doesn't match value count at row 1
L 09/20/2020 - 20:29:16: [store.smx] Error happened. Error: Duplicate entry '0' for key 'PRIMARY'
L 09/20/2020 - 20:33:23: [kento_rankme.smx] [RankMe] Query Fail: Column count doesn't match value count at row 1
L 09/20/2020 - 20:33:23: [store.smx] Error happened. Error: Duplicate entry '0' for key 'PRIMARY'
L 09/20/2020 - 20:38:17: [kento_rankme.smx] [RankMe] Query Fail: Column count doesn't match value count at row 1
L 09/20/2020 - 20:38:17: [store.smx] Error happened. Error: Duplicate entry '0' for key 'PRIMARY'
L 09/20/2020 - 20:42:35: [kento_rankme.smx] [RankMe] Query Fail: Column count doesn't match value count at row 1
L 09/20/2020 - 20:42:35: [store.smx] Error happened. Error: Duplicate entry '0' for key 'PRIMARY'
L 09/20/2020 - 20:45:59: Error log file session closed.
L 09/20/2020 - 20:53:52: SourceMod error session started
L 09/20/2020 - 20:53:52: Info (map "de_overpass") (file "C:\TCAFiles\Users\jean\1\csgo\addons\sourcemod\logs\errors_20200920.log")
L 09/20/2020 - 20:53:52: [kento_rankme.smx] [RankMe] Query Fail: Column count doesn't match value count at row 1
L 09/20/2020 - 20:53:52: [store.smx] Error happened. Error: Duplicate entry '0' for key 'PRIMARY'
L 09/20/2020 - 21:02:43: Error log file session closed.
L 09/20/2020 - 21:02:53: SourceMod error session started
L 09/20/2020 - 21:02:53: Info (map "de_mirage") (file "C:\TCAFiles\Users\jean\1\csgo\addons\sourcemod\logs\errors_20200920.log")
L 09/20/2020 - 21:02:53: [kento_rankme.smx] [RankMe] Query Fail: Column count doesn't match value count at row 1
L 09/20/2020 - 21:02:53: [store.smx] Error happened. Error: Duplicate entry '0' for key 'PRIMARY'
L 09/20/2020 - 21:06:46: [kento_rankme.smx] [RankMe] Query Fail: Column count doesn't match value count at row 1
L 09/20/2020 - 21:06:47: [store.smx] Error happened. Error: Duplicate entry '0' for key 'PRIMARY'
L 09/20/2020 - 21:51:17: Error log file session closed.
L 09/20/2020 - 21:51:21: SourceMod error session started
L 09/20/2020 - 21:51:21: Info (map "de_mirage") (file "C:\TCAFiles\Users\jean\1\csgo\addons\sourcemod\logs\errors_20200920.log")
L 09/20/2020 - 21:51:21: [kento_rankme.smx] [RankMe] Query Fail: Column count doesn't match value count at row 1
L 09/20/2020 - 21:51:21: [store.smx] Error happened. Error: Duplicate entry '0' for key 'PRIMARY'
L 09/20/2020 - 21:52:13: [kento_rankme.smx] [RankMe] Query Fail: Column count doesn't match value count at row 1
L 09/20/2020 - 21:52:13: [store.smx] Error happened. Error: Duplicate entry '0' for key 'PRIMARY'
L 09/20/2020 - 22:54:48: Error log file session closed.
L 09/20/2020 - 22:55:01: SourceMod error session started
L 09/20/2020 - 22:55:01: Info (map "de_mirage") (file "C:\TCAFiles\Users\jean\1\csgo\addons\sourcemod\logs\errors_20200920.log")
L 09/20/2020 - 22:55:01: [kento_rankme.smx] [RankMe] Query Fail: Column count doesn't match value count at row 1
L 09/20/2020 - 22:55:02: [store.smx] Error happened. Error: Duplicate entry '0' for key 'PRIMARY'
L 09/20/2020 - 23:04:19: [kento_rankme.smx] [RankMe] Query Fail: Column count doesn't match value count at row 1
L 09/20/2020 - 23:04:20: [store.smx] Error happened. Error: Duplicate entry '0' for key 'PRIMARY'
L 09/20/2020 - 23:12:08: Error log file session closed.
L 09/20/2020 - 23:12:23: SourceMod error session started
L 09/20/2020 - 23:12:23: Info (map "de_cache") (file "C:\TCAFiles\Users\jean\1\csgo\addons\sourcemod\logs\errors_20200920.log")
L 09/20/2020 - 23:12:23: [kento_rankme.smx] [RankMe] Query Fail: Column count doesn't match value count at row 1
L 09/20/2020 - 23:12:24: [store.smx] Error happened. Error: Duplicate entry '0' for key 'PRIMARY'
L 09/20/2020 - 23:12:31: [kento_rankme.smx] [RankMe] Query Fail: Column count doesn't match value count at row 1
L 09/20/2020 - 23:12:31: [store.smx] Error happened. Error: Duplicate entry '0' for key 'PRIMARY'
L 09/20/2020 - 23:25:08: [kento_rankme.smx] [RankMe] Query Fail: Column count doesn't match value count at row 1
L 09/20/2020 - 23:27:42: Error log file session closed.
L 09/20/2020 - 23:27:51: SourceMod error session started
L 09/20/2020 - 23:27:51: Info (map "de_inferno") (file "C:\TCAFiles\Users\jean\1\csgo\addons\sourcemod\logs\errors_20200920.log")
L 09/20/2020 - 23:27:51: [kento_rankme.smx] [RankMe] Query Fail: Column count doesn't match value count at row 1
L 09/20/2020 - 23:27:52: [store.smx] Error happened. Error: Duplicate entry '0' for key 'PRIMARY'
L 09/20/2020 - 23:27:55: [kento_rankme.smx] [RankMe] Query Fail: Column count doesn't match value count at row 1
L 09/20/2020 - 23:27:55: [store.smx] Error happened. Error: Duplicate entry '0' for key 'PRIMARY'
L 09/20/2020 - 23:32:40: [store.smx] Error happened. Error: Duplicate entry '0' for key 'PRIMARY'
L 09/20/2020 - 23:45:23: Error log file session closed.
L 09/20/2020 - 23:45:36: SourceMod error session started
L 09/20/2020 - 23:45:36: Info (map "de_dust2") (file "C:\TCAFiles\Users\jean\1\csgo\addons\sourcemod\logs\errors_20200920.log")
L 09/20/2020 - 23:45:36: [kento_rankme.smx] [RankMe] Query Fail: Column count doesn't match value count at row 1
L 09/20/2020 - 23:45:36: [store.smx] Error happened. Error: Duplicate entry '0' for key 'PRIMARY'
L 09/20/2020 - 23:45:43: [kento_rankme.smx] [RankMe] Query Fail: Column count doesn't match value count at row 1
L 09/20/2020 - 23:45:43: [store.smx] Error happened. Error: Duplicate entry '0' for key 'PRIMARY'
L 09/20/2020 - 23:51:42: [kento_rankme.smx] [RankMe] Query Fail: Column count doesn't match value count at row 1
L 09/20/2020 - 23:51:42: [store.smx] Error happened. Error: Duplicate entry '0' for key 'PRIMARY'
L 09/21/2020 - 00:01:34: Error log file session closed.
