L 10/11/2020 - 00:03:52: SourceMod error session started
L 10/11/2020 - 00:03:52: Info (map "de_inferno") (file "C:\TCAFiles\Users\jean\1\csgo\addons\sourcemod\logs\errors_20201011.log")
L 10/11/2020 - 00:03:52: [store.smx] Error happened. Error: Duplicate entry '0' for key 'PRIMARY'
L 10/11/2020 - 00:04:01: [store.smx] Error happened. Error: Duplicate entry '0' for key 'PRIMARY'
L 10/11/2020 - 00:21:38: Error log file session closed.
L 10/11/2020 - 00:56:28: SourceMod error session started
L 10/11/2020 - 00:56:28: Info (map "de_train") (file "C:\TCAFiles\Users\jean\1\csgo\addons\sourcemod\logs\errors_20201011.log")
L 10/11/2020 - 00:56:28: [store.smx] Error happened. Error: Duplicate entry '0' for key 'PRIMARY'
L 10/11/2020 - 00:58:34: [store.smx] Error happened. Error: Duplicate entry '0' for key 'PRIMARY'
L 10/11/2020 - 01:07:28: Error log file session closed.
L 10/11/2020 - 01:07:38: SourceMod error session started
L 10/11/2020 - 01:07:38: Info (map "de_overpass") (file "C:\TCAFiles\Users\jean\1\csgo\addons\sourcemod\logs\errors_20201011.log")
L 10/11/2020 - 01:07:38: [store.smx] Error happened. Error: Duplicate entry '0' for key 'PRIMARY'
L 10/11/2020 - 01:07:44: [store.smx] Error happened. Error: Duplicate entry '0' for key 'PRIMARY'
L 10/11/2020 - 01:21:37: [store.smx] Error happened. Error: Duplicate entry '0' for key 'PRIMARY'
L 10/11/2020 - 01:24:46: Error log file session closed.
L 10/11/2020 - 01:25:03: SourceMod error session started
L 10/11/2020 - 01:25:03: Info (map "de_cache") (file "C:\TCAFiles\Users\jean\1\csgo\addons\sourcemod\logs\errors_20201011.log")
L 10/11/2020 - 01:25:03: [store.smx] Error happened. Error: Duplicate entry '0' for key 'PRIMARY'
L 10/11/2020 - 01:25:06: [store.smx] Error happened. Error: Duplicate entry '0' for key 'PRIMARY'
L 10/11/2020 - 01:34:12: [store.smx] Error happened. Error: Duplicate entry '0' for key 'PRIMARY'
L 10/11/2020 - 01:41:55: Error log file session closed.
L 10/11/2020 - 01:42:09: SourceMod error session started
L 10/11/2020 - 01:42:09: Info (map "de_dust2") (file "C:\TCAFiles\Users\jean\1\csgo\addons\sourcemod\logs\errors_20201011.log")
L 10/11/2020 - 01:42:09: [store.smx] Error happened. Error: Duplicate entry '0' for key 'PRIMARY'
L 10/11/2020 - 01:42:14: [store.smx] Error happened. Error: Duplicate entry '0' for key 'PRIMARY'
L 10/11/2020 - 01:49:55: [store.smx] Error happened. Error: Duplicate entry '0' for key 'PRIMARY'
L 10/11/2020 - 01:58:56: Error log file session closed.
L 10/11/2020 - 01:59:06: SourceMod error session started
L 10/11/2020 - 01:59:06: Info (map "de_inferno") (file "C:\TCAFiles\Users\jean\1\csgo\addons\sourcemod\logs\errors_20201011.log")
L 10/11/2020 - 01:59:06: [store.smx] Error happened. Error: Duplicate entry '0' for key 'PRIMARY'
L 10/11/2020 - 02:17:02: Error log file session closed.
L 10/11/2020 - 02:17:15: SourceMod error session started
L 10/11/2020 - 02:17:15: Info (map "de_mirage") (file "C:\TCAFiles\Users\jean\1\csgo\addons\sourcemod\logs\errors_20201011.log")
L 10/11/2020 - 02:17:15: [store.smx] Error happened. Error: Duplicate entry '0' for key 'PRIMARY'
L 10/11/2020 - 02:20:48: [store.smx] Error happened. Error: Duplicate entry '0' for key 'PRIMARY'
L 10/11/2020 - 02:26:05: [store.smx] Error happened. Error: Duplicate entry '0' for key 'PRIMARY'
L 10/11/2020 - 02:34:20: Error log file session closed.
L 10/11/2020 - 07:16:29: SourceMod error session started
L 10/11/2020 - 07:16:29: Info (map "de_dust2") (file "C:\TCAFiles\Users\jean\1\csgo\addons\sourcemod\logs\errors_20201011.log")
L 10/11/2020 - 07:16:29: [SM] Unable to load plugin "csgo_dices_shop.smx": Could not find required plugin "shop"
L 10/11/2020 - 07:16:30: [SM] Unable to load plugin "server_redirect.smx": Required extension "dhooks" file("dhooks.ext") not running
L 10/11/2020 - 07:16:30: [store.smx] Gifts! isn't installed or failed to load. Gifts support will be disabled. Please install Gifts. (http://forums.alliedmods.net/showthread.php?t=175185)
L 10/11/2020 - 07:16:30: [store.smx] Simple Chat Processor isn't installed or failed to load. SCP support will be disabled. (http://forums.alliedmods.net/showthread.php?t=198501)
L 10/11/2020 - 09:24:00: [store.smx] Database connection is lost or not yet initialized.
L 10/11/2020 - 09:24:00: [store.smx] Database connection is lost or not yet initialized.
L 10/11/2020 - 09:24:04: Error log file session closed.
L 10/11/2020 - 09:25:11: SourceMod error session started
L 10/11/2020 - 09:25:11: Info (map "de_dust2") (file "C:\TCAFiles\Users\jean\1\csgo\addons\sourcemod\logs\errors_20201011.log")
L 10/11/2020 - 09:25:11: [store.smx] Error happened. Error: Duplicate entry '0' for key 'PRIMARY'
L 10/11/2020 - 09:38:57: Error log file session closed.
L 10/11/2020 - 09:39:07: SourceMod error session started
L 10/11/2020 - 09:39:07: Info (map "de_inferno") (file "C:\TCAFiles\Users\jean\1\csgo\addons\sourcemod\logs\errors_20201011.log")
L 10/11/2020 - 09:39:07: [store.smx] Error happened. Error: Duplicate entry '0' for key 'PRIMARY'
L 10/11/2020 - 09:47:49: [store.smx] Error happened. Error: Duplicate entry '0' for key 'PRIMARY'
L 10/11/2020 - 09:59:08: [store.smx] Error happened. Error: Duplicate entry '0' for key 'PRIMARY'
L 10/11/2020 - 10:06:01: [store.smx] Error happened. Error: Duplicate entry '0' for key 'PRIMARY'
L 10/11/2020 - 10:06:42: [store.smx] Error happened. Error: Duplicate entry '0' for key 'PRIMARY'
L 10/11/2020 - 10:10:57: [store.smx] Error happened. Error: Duplicate entry '0' for key 'PRIMARY'
L 10/11/2020 - 10:11:49: Error log file session closed.
L 10/11/2020 - 12:20:58: SourceMod error session started
L 10/11/2020 - 12:20:58: Info (map "de_mirage") (file "C:\TCAFiles\Users\jean\1\csgo\addons\sourcemod\logs\errors_20201011.log")
L 10/11/2020 - 12:20:58: [store.smx] Error happened. Error: Duplicate entry '0' for key 'PRIMARY'
L 10/11/2020 - 12:21:27: [store.smx] Error happened. Error: Duplicate entry '0' for key 'PRIMARY'
L 10/11/2020 - 12:34:27: [store.smx] Error happened. Error: Duplicate entry '0' for key 'PRIMARY'
L 10/11/2020 - 12:37:52: [store.smx] Error happened. Error: Duplicate entry '0' for key 'PRIMARY'
L 10/11/2020 - 12:54:57: Error log file session closed.
L 10/11/2020 - 12:55:12: SourceMod error session started
L 10/11/2020 - 12:55:12: Info (map "de_cache") (file "C:\TCAFiles\Users\jean\1\csgo\addons\sourcemod\logs\errors_20201011.log")
L 10/11/2020 - 12:55:12: [store.smx] Error happened. Error: Duplicate entry '0' for key 'PRIMARY'
L 10/11/2020 - 12:55:15: [store.smx] Error happened. Error: Duplicate entry '0' for key 'PRIMARY'
L 10/11/2020 - 12:57:58: [store.smx] Error happened. Error: Duplicate entry '0' for key 'PRIMARY'
L 10/11/2020 - 13:09:55: [store.smx] Error happened. Error: Duplicate entry '0' for key 'PRIMARY'
L 10/11/2020 - 13:14:07: [store.smx] Error happened. Error: Duplicate entry '0' for key 'PRIMARY'
L 10/11/2020 - 13:15:25: [store.smx] Error happened. Error: Duplicate entry '0' for key 'PRIMARY'
L 10/11/2020 - 13:18:48: Error log file session closed.
L 10/11/2020 - 13:18:58: SourceMod error session started
L 10/11/2020 - 13:18:58: Info (map "de_train") (file "C:\TCAFiles\Users\jean\1\csgo\addons\sourcemod\logs\errors_20201011.log")
L 10/11/2020 - 13:18:58: [store.smx] Error happened. Error: Duplicate entry '0' for key 'PRIMARY'
L 10/11/2020 - 13:19:03: [store.smx] Error happened. Error: Duplicate entry '0' for key 'PRIMARY'
L 10/11/2020 - 13:38:59: Error log file session closed.
L 10/11/2020 - 13:39:14: SourceMod error session started
L 10/11/2020 - 13:39:14: Info (map "de_nuke") (file "C:\TCAFiles\Users\jean\1\csgo\addons\sourcemod\logs\errors_20201011.log")
L 10/11/2020 - 13:39:14: [store.smx] Error happened. Error: Duplicate entry '0' for key 'PRIMARY'
L 10/11/2020 - 13:40:11: [store.smx] Error happened. Error: Duplicate entry '0' for key 'PRIMARY'
L 10/11/2020 - 13:54:58: [store.smx] Error happened. Error: Duplicate entry '0' for key 'PRIMARY'
L 10/11/2020 - 13:55:02: Error log file session closed.
L 10/11/2020 - 13:55:14: SourceMod error session started
L 10/11/2020 - 13:55:14: Info (map "de_dust2") (file "C:\TCAFiles\Users\jean\1\csgo\addons\sourcemod\logs\errors_20201011.log")
L 10/11/2020 - 13:55:14: [store.smx] Error happened. Error: Duplicate entry '0' for key 'PRIMARY'
L 10/11/2020 - 13:55:26: [store.smx] Error happened. Error: Duplicate entry '0' for key 'PRIMARY'
L 10/11/2020 - 14:00:48: [store.smx] Error happened. Error: Duplicate entry '0' for key 'PRIMARY'
L 10/11/2020 - 14:06:13: [store.smx] Error happened. Error: Duplicate entry '0' for key 'PRIMARY'
L 10/11/2020 - 14:14:23: Error log file session closed.
L 10/11/2020 - 14:15:17: SourceMod error session started
L 10/11/2020 - 14:15:17: Info (map "de_inferno") (file "C:\TCAFiles\Users\jean\1\csgo\addons\sourcemod\logs\errors_20201011.log")
L 10/11/2020 - 14:15:17: [store.smx] Error happened. Error: Duplicate entry '0' for key 'PRIMARY'
L 10/11/2020 - 14:41:50: Error log file session closed.
L 10/11/2020 - 15:07:29: SourceMod error session started
L 10/11/2020 - 15:07:29: Info (map "de_inferno") (file "C:\TCAFiles\Users\jean\1\csgo\addons\sourcemod\logs\errors_20201011.log")
L 10/11/2020 - 15:07:29: [store.smx] Error happened. Error: Duplicate entry '0' for key 'PRIMARY'
L 10/11/2020 - 15:22:33: Error log file session closed.
L 10/11/2020 - 15:23:49: SourceMod error session started
L 10/11/2020 - 15:23:49: Info (map "de_mirage") (file "C:\TCAFiles\Users\jean\1\csgo\addons\sourcemod\logs\errors_20201011.log")
L 10/11/2020 - 15:23:49: [store.smx] Error happened. Error: Duplicate entry '0' for key 'PRIMARY'
L 10/11/2020 - 15:36:40: [store.smx] Error happened. Error: Duplicate entry '0' for key 'PRIMARY'
L 10/11/2020 - 15:42:24: [store.smx] Error happened. Error: Duplicate entry '0' for key 'PRIMARY'
L 10/11/2020 - 15:43:29: Error log file session closed.
L 10/11/2020 - 15:43:38: SourceMod error session started
L 10/11/2020 - 15:43:38: Info (map "de_vertigo") (file "C:\TCAFiles\Users\jean\1\csgo\addons\sourcemod\logs\errors_20201011.log")
L 10/11/2020 - 15:43:38: [store.smx] Error happened. Error: Duplicate entry '0' for key 'PRIMARY'
L 10/11/2020 - 15:43:40: [store.smx] Error happened. Error: Duplicate entry '0' for key 'PRIMARY'
L 10/11/2020 - 15:54:33: [store.smx] Error happened. Error: Duplicate entry '0' for key 'PRIMARY'
L 10/11/2020 - 16:00:16: Error log file session closed.
L 10/11/2020 - 16:00:37: SourceMod error session started
L 10/11/2020 - 16:00:37: Info (map "de_dust2") (file "C:\TCAFiles\Users\jean\1\csgo\addons\sourcemod\logs\errors_20201011.log")
L 10/11/2020 - 16:00:37: [store.smx] Error happened. Error: Duplicate entry '0' for key 'PRIMARY'
L 10/11/2020 - 16:02:09: [store.smx] Error happened. Error: Duplicate entry '0' for key 'PRIMARY'
L 10/11/2020 - 16:06:21: [store.smx] Error happened. Error: Duplicate entry '0' for key 'PRIMARY'
L 10/11/2020 - 16:07:03: [store.smx] Error happened. Error: Duplicate entry '0' for key 'PRIMARY'
L 10/11/2020 - 16:19:18: Error log file session closed.
L 10/11/2020 - 16:32:33: SourceMod error session started
L 10/11/2020 - 16:32:33: Info (map "de_overpass") (file "C:\TCAFiles\Users\jean\1\csgo\addons\sourcemod\logs\errors_20201011.log")
L 10/11/2020 - 16:32:33: [store.smx] Error happened. Error: Duplicate entry '0' for key 'PRIMARY'
L 10/11/2020 - 16:33:10: [store.smx] Error happened. Error: Duplicate entry '0' for key 'PRIMARY'
L 10/11/2020 - 16:35:26: [store.smx] Error happened. Error: Duplicate entry '0' for key 'PRIMARY'
L 10/11/2020 - 16:35:36: Error log file session closed.
L 10/11/2020 - 16:35:44: SourceMod error session started
L 10/11/2020 - 16:35:44: Info (map "de_train") (file "C:\TCAFiles\Users\jean\1\csgo\addons\sourcemod\logs\errors_20201011.log")
L 10/11/2020 - 16:35:44: [store.smx] Error happened. Error: Duplicate entry '0' for key 'PRIMARY'
L 10/11/2020 - 16:35:48: [store.smx] Error happened. Error: Duplicate entry '0' for key 'PRIMARY'
L 10/11/2020 - 16:35:49: [store.smx] Error happened. Error: Duplicate entry '0' for key 'PRIMARY'
L 10/11/2020 - 16:47:49: [store.smx] Error happened. Error: Duplicate entry '0' for key 'PRIMARY'
L 10/11/2020 - 16:48:02: [store.smx] Error happened. Error: Duplicate entry '0' for key 'PRIMARY'
L 10/11/2020 - 16:54:47: [store.smx] Error happened. Error: Duplicate entry '0' for key 'PRIMARY'
L 10/11/2020 - 16:54:58: Error log file session closed.
L 10/11/2020 - 16:55:11: SourceMod error session started
L 10/11/2020 - 16:55:11: Info (map "de_cache") (file "C:\TCAFiles\Users\jean\1\csgo\addons\sourcemod\logs\errors_20201011.log")
L 10/11/2020 - 16:55:11: [store.smx] Error happened. Error: Duplicate entry '0' for key 'PRIMARY'
L 10/11/2020 - 16:55:16: [store.smx] Error happened. Error: Duplicate entry '0' for key 'PRIMARY'
L 10/11/2020 - 16:55:20: [store.smx] Error happened. Error: Duplicate entry '0' for key 'PRIMARY'
L 10/11/2020 - 16:55:28: [store.smx] Error happened. Error: Duplicate entry '0' for key 'PRIMARY'
L 10/11/2020 - 17:01:51: [store.smx] Error happened. Error: Duplicate entry '0' for key 'PRIMARY'
L 10/11/2020 - 17:09:28: [store.smx] Error happened. Error: Duplicate entry '0' for key 'PRIMARY'
L 10/11/2020 - 17:09:42: [store.smx] Error happened. Error: Duplicate entry '0' for key 'PRIMARY'
L 10/11/2020 - 17:12:56: Error log file session closed.
L 10/11/2020 - 17:13:07: SourceMod error session started
L 10/11/2020 - 17:13:07: Info (map "de_nuke") (file "C:\TCAFiles\Users\jean\1\csgo\addons\sourcemod\logs\errors_20201011.log")
L 10/11/2020 - 17:13:07: [store.smx] Error happened. Error: Duplicate entry '0' for key 'PRIMARY'
L 10/11/2020 - 17:13:09: [store.smx] Error happened. Error: Duplicate entry '0' for key 'PRIMARY'
L 10/11/2020 - 17:13:10: [store.smx] Error happened. Error: Duplicate entry '0' for key 'PRIMARY'
L 10/11/2020 - 17:13:12: [store.smx] Error happened. Error: Duplicate entry '0' for key 'PRIMARY'
L 10/11/2020 - 17:30:33: [store.smx] Error happened. Error: Duplicate entry '0' for key 'PRIMARY'
L 10/11/2020 - 17:33:02: Error log file session closed.
L 10/11/2020 - 17:33:11: SourceMod error session started
L 10/11/2020 - 17:33:11: Info (map "de_mirage") (file "C:\TCAFiles\Users\jean\1\csgo\addons\sourcemod\logs\errors_20201011.log")
L 10/11/2020 - 17:33:11: [store.smx] Error happened. Error: Duplicate entry '0' for key 'PRIMARY'
L 10/11/2020 - 17:33:15: [store.smx] Error happened. Error: Duplicate entry '0' for key 'PRIMARY'
L 10/11/2020 - 17:33:18: [store.smx] Error happened. Error: Duplicate entry '0' for key 'PRIMARY'
L 10/11/2020 - 17:43:05: [store.smx] Error happened. Error: Duplicate entry '0' for key 'PRIMARY'
L 10/11/2020 - 17:53:38: Error log file session closed.
L 10/11/2020 - 17:53:48: SourceMod error session started
L 10/11/2020 - 17:53:48: Info (map "de_inferno") (file "C:\TCAFiles\Users\jean\1\csgo\addons\sourcemod\logs\errors_20201011.log")
L 10/11/2020 - 17:53:48: [store.smx] Error happened. Error: Duplicate entry '0' for key 'PRIMARY'
L 10/11/2020 - 17:53:49: [store.smx] Error happened. Error: Duplicate entry '0' for key 'PRIMARY'
L 10/11/2020 - 17:53:51: [store.smx] Error happened. Error: Duplicate entry '0' for key 'PRIMARY'
L 10/11/2020 - 18:06:11: [store.smx] Error happened. Error: Duplicate entry '0' for key 'PRIMARY'
L 10/11/2020 - 18:13:28: Error log file session closed.
L 10/11/2020 - 18:13:43: SourceMod error session started
L 10/11/2020 - 18:13:43: Info (map "de_dust2") (file "C:\TCAFiles\Users\jean\1\csgo\addons\sourcemod\logs\errors_20201011.log")
L 10/11/2020 - 18:13:43: [store.smx] Error happened. Error: Duplicate entry '0' for key 'PRIMARY'
L 10/11/2020 - 18:15:36: [store.smx] Error happened. Error: Duplicate entry '0' for key 'PRIMARY'
L 10/11/2020 - 18:25:12: [store.smx] Error happened. Error: Duplicate entry '0' for key 'PRIMARY'
L 10/11/2020 - 18:28:18: [store.smx] Error happened. Error: Duplicate entry '0' for key 'PRIMARY'
L 10/11/2020 - 18:32:07: Error log file session closed.
L 10/11/2020 - 18:32:18: SourceMod error session started
L 10/11/2020 - 18:32:18: Info (map "de_overpass") (file "C:\TCAFiles\Users\jean\1\csgo\addons\sourcemod\logs\errors_20201011.log")
L 10/11/2020 - 18:32:18: [store.smx] Error happened. Error: Duplicate entry '0' for key 'PRIMARY'
L 10/11/2020 - 18:32:25: [store.smx] Error happened. Error: Duplicate entry '0' for key 'PRIMARY'
L 10/11/2020 - 18:48:00: Error log file session closed.
L 10/11/2020 - 18:59:25: SourceMod error session started
L 10/11/2020 - 18:59:25: Info (map "de_train") (file "C:\TCAFiles\Users\jean\1\csgo\addons\sourcemod\logs\errors_20201011.log")
L 10/11/2020 - 18:59:25: [store.smx] Error happened. Error: Duplicate entry '0' for key 'PRIMARY'
L 10/11/2020 - 19:01:55: [store.smx] Error happened. Error: Duplicate entry '0' for key 'PRIMARY'
L 10/11/2020 - 19:04:18: [store.smx] Error happened. Error: Duplicate entry '0' for key 'PRIMARY'
L 10/11/2020 - 19:06:38: [store.smx] Error happened. Error: Duplicate entry '0' for key 'PRIMARY'
L 10/11/2020 - 19:07:48: [store.smx] Error happened. Error: Duplicate entry '0' for key 'PRIMARY'
L 10/11/2020 - 19:19:50: [store.smx] Error happened. Error: Duplicate entry '0' for key 'PRIMARY'
L 10/11/2020 - 19:20:42: Error log file session closed.
L 10/11/2020 - 19:20:51: SourceMod error session started
L 10/11/2020 - 19:20:51: Info (map "de_mirage") (file "C:\TCAFiles\Users\jean\1\csgo\addons\sourcemod\logs\errors_20201011.log")
L 10/11/2020 - 19:20:51: [store.smx] Error happened. Error: Duplicate entry '0' for key 'PRIMARY'
L 10/11/2020 - 19:20:56: [store.smx] Error happened. Error: Duplicate entry '0' for key 'PRIMARY'
L 10/11/2020 - 19:20:57: [store.smx] Error happened. Error: Duplicate entry '0' for key 'PRIMARY'
L 10/11/2020 - 19:21:00: [store.smx] Error happened. Error: Duplicate entry '0' for key 'PRIMARY'
L 10/11/2020 - 19:22:39: [store.smx] Error happened. Error: Duplicate entry '0' for key 'PRIMARY'
L 10/11/2020 - 19:37:00: [store.smx] Error happened. Error: Duplicate entry '0' for key 'PRIMARY'
L 10/11/2020 - 19:39:47: [store.smx] Error happened. Error: Duplicate entry '0' for key 'PRIMARY'
L 10/11/2020 - 19:39:52: Error log file session closed.
L 10/11/2020 - 19:40:06: SourceMod error session started
L 10/11/2020 - 19:40:06: Info (map "de_cache") (file "C:\TCAFiles\Users\jean\1\csgo\addons\sourcemod\logs\errors_20201011.log")
L 10/11/2020 - 19:40:06: [store.smx] Error happened. Error: Duplicate entry '0' for key 'PRIMARY'
L 10/11/2020 - 19:40:10: [store.smx] Error happened. Error: Duplicate entry '0' for key 'PRIMARY'
L 10/11/2020 - 19:40:11: [store.smx] Error happened. Error: Duplicate entry '0' for key 'PRIMARY'
L 10/11/2020 - 19:40:21: [store.smx] Error happened. Error: Duplicate entry '0' for key 'PRIMARY'
L 10/11/2020 - 19:56:39: Error log file session closed.
L 10/11/2020 - 19:56:48: SourceMod error session started
L 10/11/2020 - 19:56:48: Info (map "de_inferno") (file "C:\TCAFiles\Users\jean\1\csgo\addons\sourcemod\logs\errors_20201011.log")
L 10/11/2020 - 19:56:48: [store.smx] Error happened. Error: Duplicate entry '0' for key 'PRIMARY'
L 10/11/2020 - 19:56:52: [store.smx] Error happened. Error: Duplicate entry '0' for key 'PRIMARY'
L 10/11/2020 - 19:58:07: [store.smx] Error happened. Error: Duplicate entry '0' for key 'PRIMARY'
L 10/11/2020 - 19:59:01: [store.smx] Error happened. Error: Duplicate entry '0' for key 'PRIMARY'
L 10/11/2020 - 20:05:12: [store.smx] Error happened. Error: Duplicate entry '0' for key 'PRIMARY'
L 10/11/2020 - 20:15:51: Error log file session closed.
L 10/11/2020 - 20:16:02: SourceMod error session started
L 10/11/2020 - 20:16:02: Info (map "de_dust2") (file "C:\TCAFiles\Users\jean\1\csgo\addons\sourcemod\logs\errors_20201011.log")
L 10/11/2020 - 20:16:02: [store.smx] Error happened. Error: Duplicate entry '0' for key 'PRIMARY'
L 10/11/2020 - 20:26:05: [store.smx] Error happened. Error: Duplicate entry '0' for key 'PRIMARY'
L 10/11/2020 - 20:32:14: Error log file session closed.
L 10/11/2020 - 20:32:24: SourceMod error session started
L 10/11/2020 - 20:32:24: Info (map "de_vertigo") (file "C:\TCAFiles\Users\jean\1\csgo\addons\sourcemod\logs\errors_20201011.log")
L 10/11/2020 - 20:32:24: [store.smx] Error happened. Error: Duplicate entry '0' for key 'PRIMARY'
L 10/11/2020 - 20:44:34: [store.smx] Error happened. Error: Duplicate entry '0' for key 'PRIMARY'
L 10/11/2020 - 20:46:25: [store.smx] Error happened. Error: Duplicate entry '0' for key 'PRIMARY'
L 10/11/2020 - 20:48:16: Error log file session closed.
L 10/11/2020 - 20:48:28: SourceMod error session started
L 10/11/2020 - 20:48:28: Info (map "de_overpass") (file "C:\TCAFiles\Users\jean\1\csgo\addons\sourcemod\logs\errors_20201011.log")
L 10/11/2020 - 20:48:28: [store.smx] Error happened. Error: Duplicate entry '0' for key 'PRIMARY'
L 10/11/2020 - 20:48:38: [store.smx] Error happened. Error: Duplicate entry '0' for key 'PRIMARY'
L 10/11/2020 - 20:56:43: [store.smx] Error happened. Error: Duplicate entry '0' for key 'PRIMARY'
L 10/11/2020 - 21:05:37: Error log file session closed.
L 10/11/2020 - 21:05:58: SourceMod error session started
L 10/11/2020 - 21:05:58: Info (map "de_train") (file "C:\TCAFiles\Users\jean\1\csgo\addons\sourcemod\logs\errors_20201011.log")
L 10/11/2020 - 21:05:58: [store.smx] Error happened. Error: Duplicate entry '0' for key 'PRIMARY'
L 10/11/2020 - 21:06:02: [store.smx] Error happened. Error: Duplicate entry '0' for key 'PRIMARY'
L 10/11/2020 - 21:08:43: [store.smx] Error happened. Error: Duplicate entry '0' for key 'PRIMARY'
L 10/11/2020 - 21:12:47: [store.smx] Error happened. Error: Duplicate entry '0' for key 'PRIMARY'
L 10/11/2020 - 21:27:11: Error log file session closed.
L 10/11/2020 - 21:27:19: SourceMod error session started
L 10/11/2020 - 21:27:19: Info (map "de_mirage") (file "C:\TCAFiles\Users\jean\1\csgo\addons\sourcemod\logs\errors_20201011.log")
L 10/11/2020 - 21:27:19: [store.smx] Error happened. Error: Duplicate entry '0' for key 'PRIMARY'
L 10/11/2020 - 21:27:27: [store.smx] Error happened. Error: Duplicate entry '0' for key 'PRIMARY'
L 10/11/2020 - 21:27:56: [store.smx] Error happened. Error: Duplicate entry '0' for key 'PRIMARY'
L 10/11/2020 - 21:29:03: [store.smx] Error happened. Error: Duplicate entry '0' for key 'PRIMARY'
L 10/11/2020 - 21:47:51: Error log file session closed.
L 10/11/2020 - 21:48:06: SourceMod error session started
L 10/11/2020 - 21:48:06: Info (map "de_cache") (file "C:\TCAFiles\Users\jean\1\csgo\addons\sourcemod\logs\errors_20201011.log")
L 10/11/2020 - 21:48:06: [store.smx] Error happened. Error: Duplicate entry '0' for key 'PRIMARY'
L 10/11/2020 - 21:48:23: [store.smx] Error happened. Error: Duplicate entry '0' for key 'PRIMARY'
L 10/11/2020 - 21:48:41: [store.smx] Error happened. Error: Duplicate entry '0' for key 'PRIMARY'
L 10/11/2020 - 21:48:47: [store.smx] Error happened. Error: Duplicate entry '0' for key 'PRIMARY'
L 10/11/2020 - 22:05:09: Error log file session closed.
L 10/11/2020 - 22:25:58: SourceMod error session started
L 10/11/2020 - 22:25:58: Info (map "de_dust2") (file "C:\TCAFiles\Users\jean\1\csgo\addons\sourcemod\logs\errors_20201011.log")
L 10/11/2020 - 22:25:58: [store.smx] Error happened. Error: Duplicate entry '0' for key 'PRIMARY'
L 10/11/2020 - 22:37:27: Error log file session closed.
L 10/11/2020 - 23:05:59: SourceMod error session started
L 10/11/2020 - 23:05:59: Info (map "de_nuke") (file "C:\TCAFiles\Users\jean\1\csgo\addons\sourcemod\logs\errors_20201011.log")
L 10/11/2020 - 23:05:59: [store.smx] Error happened. Error: Duplicate entry '0' for key 'PRIMARY'
L 10/12/2020 - 01:11:07: Error log file session closed.
