L 10/23/2020 - 07:49:44: SourceMod error session started
L 10/23/2020 - 07:49:44: Info (map "de_mirage") (file "C:\TCAFiles\Users\jean\1\csgo\addons\sourcemod\logs\errors_20201023.log")
L 10/23/2020 - 07:49:44: [store.smx] Error happened. Error: Duplicate entry '0' for key 'PRIMARY'
L 10/23/2020 - 09:15:08: Error log file session closed.
L 10/23/2020 - 09:15:54: SourceMod error session started
L 10/23/2020 - 09:15:54: Info (map "de_mirage") (file "C:\TCAFiles\Users\jean\1\csgo\addons\sourcemod\logs\errors_20201023.log")
L 10/23/2020 - 09:15:54: [store.smx] Error happened. Error: Duplicate entry '0' for key 'PRIMARY'
L 10/23/2020 - 09:22:06: Error log file session closed.
L 10/23/2020 - 09:32:32: SourceMod error session started
L 10/23/2020 - 09:32:32: Info (map "de_mirage") (file "C:\TCAFiles\Users\jean\1\csgo\addons\sourcemod\logs\errors_20201023.log")
L 10/23/2020 - 09:32:32: [store.smx] Error happened. Error: Duplicate entry '0' for key 'PRIMARY'
L 10/23/2020 - 09:44:45: [store.smx] Error happened. Error: Duplicate entry '0' for key 'PRIMARY'
L 10/23/2020 - 09:46:17: [store.smx] Error happened. Error: Duplicate entry '0' for key 'PRIMARY'
L 10/23/2020 - 09:51:16: Error log file session closed.
L 10/23/2020 - 09:51:26: SourceMod error session started
L 10/23/2020 - 09:51:26: Info (map "de_train") (file "C:\TCAFiles\Users\jean\1\csgo\addons\sourcemod\logs\errors_20201023.log")
L 10/23/2020 - 09:51:26: [store.smx] Error happened. Error: Duplicate entry '0' for key 'PRIMARY'
L 10/23/2020 - 09:51:42: [store.smx] Error happened. Error: Duplicate entry '0' for key 'PRIMARY'
L 10/23/2020 - 09:56:31: [store.smx] Error happened. Error: Duplicate entry '0' for key 'PRIMARY'
L 10/23/2020 - 10:10:15: Error log file session closed.
L 10/23/2020 - 10:10:27: SourceMod error session started
L 10/23/2020 - 10:10:27: Info (map "de_vertigo") (file "C:\TCAFiles\Users\jean\1\csgo\addons\sourcemod\logs\errors_20201023.log")
L 10/23/2020 - 10:10:27: [store.smx] Error happened. Error: Duplicate entry '0' for key 'PRIMARY'
L 10/23/2020 - 10:10:56: [store.smx] Error happened. Error: Duplicate entry '0' for key 'PRIMARY'
L 10/23/2020 - 10:16:41: [store.smx] Error happened. Error: Duplicate entry '0' for key 'PRIMARY'
L 10/23/2020 - 10:20:56: [store.smx] Error happened. Error: Duplicate entry '0' for key 'PRIMARY'
L 10/23/2020 - 10:23:36: [store.smx] Error happened. Error: Duplicate entry '0' for key 'PRIMARY'
L 10/23/2020 - 10:26:26: Error log file session closed.
L 10/23/2020 - 10:26:38: SourceMod error session started
L 10/23/2020 - 10:26:38: Info (map "de_dust2") (file "C:\TCAFiles\Users\jean\1\csgo\addons\sourcemod\logs\errors_20201023.log")
L 10/23/2020 - 10:26:38: [store.smx] Error happened. Error: Duplicate entry '0' for key 'PRIMARY'
L 10/23/2020 - 10:26:42: [store.smx] Error happened. Error: Duplicate entry '0' for key 'PRIMARY'
L 10/23/2020 - 10:33:20: [store.smx] Error happened. Error: Duplicate entry '0' for key 'PRIMARY'
L 10/23/2020 - 10:33:54: [store.smx] Error happened. Error: Duplicate entry '0' for key 'PRIMARY'
L 10/23/2020 - 10:43:03: Error log file session closed.
L 10/23/2020 - 10:43:33: SourceMod error session started
L 10/23/2020 - 10:43:33: Info (map "de_dust2") (file "C:\TCAFiles\Users\jean\1\csgo\addons\sourcemod\logs\errors_20201023.log")
L 10/23/2020 - 10:43:33: [SM] Unable to load plugin "csgo_dices_shop.smx": Could not find required plugin "shop"
L 10/23/2020 - 10:43:34: [SM] Unable to load plugin "server_redirect.smx": Required extension "dhooks" file("dhooks.ext") not running
L 10/23/2020 - 10:43:34: [store.smx] Gifts! isn't installed or failed to load. Gifts support will be disabled. Please install Gifts. (http://forums.alliedmods.net/showthread.php?t=175185)
L 10/23/2020 - 10:43:34: [store.smx] Simple Chat Processor isn't installed or failed to load. SCP support will be disabled. (http://forums.alliedmods.net/showthread.php?t=198501)
L 10/23/2020 - 10:44:05: [store.smx] Database connection is lost or not yet initialized.
L 10/23/2020 - 10:44:05: [store.smx] Database connection is lost or not yet initialized.
L 10/23/2020 - 10:44:09: Error log file session closed.
L 10/23/2020 - 11:21:45: SourceMod error session started
L 10/23/2020 - 11:21:45: Info (map "de_inferno") (file "C:\TCAFiles\Users\jean\1\csgo\addons\sourcemod\logs\errors_20201023.log")
L 10/23/2020 - 11:21:45: [store.smx] Error happened. Error: Duplicate entry '0' for key 'PRIMARY'
L 10/23/2020 - 11:24:35: [store.smx] Error happened. Error: Duplicate entry '0' for key 'PRIMARY'
L 10/23/2020 - 11:32:20: [store.smx] Error happened. Error: Duplicate entry '0' for key 'PRIMARY'
L 10/23/2020 - 11:39:52: [store.smx] Error happened. Error: Duplicate entry '0' for key 'PRIMARY'
L 10/23/2020 - 11:42:09: [store.smx] Error happened. Error: Duplicate entry '0' for key 'PRIMARY'
L 10/23/2020 - 11:42:24: Error log file session closed.
L 10/23/2020 - 11:42:32: SourceMod error session started
L 10/23/2020 - 11:42:32: Info (map "de_overpass") (file "C:\TCAFiles\Users\jean\1\csgo\addons\sourcemod\logs\errors_20201023.log")
L 10/23/2020 - 11:42:32: [store.smx] Error happened. Error: Duplicate entry '0' for key 'PRIMARY'
L 10/23/2020 - 11:42:34: [store.smx] Error happened. Error: Duplicate entry '0' for key 'PRIMARY'
L 10/23/2020 - 11:43:04: [store.smx] Error happened. Error: Duplicate entry '0' for key 'PRIMARY'
L 10/23/2020 - 11:43:23: [store.smx] Error happened. Error: Duplicate entry '0' for key 'PRIMARY'
L 10/23/2020 - 11:52:03: [store.smx] Error happened. Error: Duplicate entry '0' for key 'PRIMARY'
L 10/23/2020 - 12:00:50: Error log file session closed.
L 10/23/2020 - 12:29:26: SourceMod error session started
L 10/23/2020 - 12:29:26: Info (map "de_mirage") (file "C:\TCAFiles\Users\jean\1\csgo\addons\sourcemod\logs\errors_20201023.log")
L 10/23/2020 - 12:29:26: [store.smx] Error happened. Error: Duplicate entry '0' for key 'PRIMARY'
L 10/23/2020 - 13:47:47: Error log file session closed.
L 10/23/2020 - 13:51:55: SourceMod error session started
L 10/23/2020 - 13:51:55: Info (map "de_mirage") (file "C:\TCAFiles\Users\jean\1\csgo\addons\sourcemod\logs\errors_20201023.log")
L 10/23/2020 - 13:51:55: [store.smx] Error happened. Error: Duplicate entry '0' for key 'PRIMARY'
L 10/23/2020 - 14:06:04: Error log file session closed.
L 10/23/2020 - 14:06:17: SourceMod error session started
L 10/23/2020 - 14:06:17: Info (map "de_dust2") (file "C:\TCAFiles\Users\jean\1\csgo\addons\sourcemod\logs\errors_20201023.log")
L 10/23/2020 - 14:06:17: [store.smx] Error happened. Error: Duplicate entry '0' for key 'PRIMARY'
L 10/23/2020 - 14:23:10: Error log file session closed.
L 10/23/2020 - 14:29:15: SourceMod error session started
L 10/23/2020 - 14:29:15: Info (map "de_train") (file "C:\TCAFiles\Users\jean\1\csgo\addons\sourcemod\logs\errors_20201023.log")
L 10/23/2020 - 14:29:15: [store.smx] Error happened. Error: Duplicate entry '0' for key 'PRIMARY'
L 10/23/2020 - 14:31:41: [store.smx] Error happened. Error: Duplicate entry '0' for key 'PRIMARY'
L 10/23/2020 - 14:34:18: [store.smx] Error happened. Error: Duplicate entry '0' for key 'PRIMARY'
L 10/23/2020 - 14:36:44: [store.smx] Error happened. Error: Duplicate entry '0' for key 'PRIMARY'
L 10/23/2020 - 14:42:27: [store.smx] Error happened. Error: Duplicate entry '0' for key 'PRIMARY'
L 10/23/2020 - 14:43:24: Error log file session closed.
L 10/23/2020 - 14:43:35: SourceMod error session started
L 10/23/2020 - 14:43:35: Info (map "de_inferno") (file "C:\TCAFiles\Users\jean\1\csgo\addons\sourcemod\logs\errors_20201023.log")
L 10/23/2020 - 14:43:35: [store.smx] Error happened. Error: Duplicate entry '0' for key 'PRIMARY'
L 10/23/2020 - 14:43:40: [store.smx] Error happened. Error: Duplicate entry '0' for key 'PRIMARY'
L 10/23/2020 - 14:52:46: [store.smx] Error happened. Error: Duplicate entry '0' for key 'PRIMARY'
L 10/23/2020 - 14:56:28: [store.smx] Error happened. Error: Duplicate entry '0' for key 'PRIMARY'
L 10/23/2020 - 15:34:36: Error log file session closed.
L 10/23/2020 - 15:37:20: SourceMod error session started
L 10/23/2020 - 15:37:20: Info (map "de_inferno") (file "C:\TCAFiles\Users\jean\1\csgo\addons\sourcemod\logs\errors_20201023.log")
L 10/23/2020 - 15:37:20: [store.smx] Error happened. Error: Duplicate entry '0' for key 'PRIMARY'
L 10/23/2020 - 15:48:51: [store.smx] Error happened. Error: Duplicate entry '0' for key 'PRIMARY'
L 10/23/2020 - 15:50:32: [store.smx] Error happened. Error: Duplicate entry '0' for key 'PRIMARY'
L 10/23/2020 - 16:07:47: Error log file session closed.
L 10/23/2020 - 16:08:01: SourceMod error session started
L 10/23/2020 - 16:08:01: Info (map "de_overpass") (file "C:\TCAFiles\Users\jean\1\csgo\addons\sourcemod\logs\errors_20201023.log")
L 10/23/2020 - 16:08:01: [store.smx] Error happened. Error: Duplicate entry '0' for key 'PRIMARY'
L 10/23/2020 - 16:14:50: [store.smx] Error happened. Error: Duplicate entry '0' for key 'PRIMARY'
L 10/23/2020 - 16:24:42: Error log file session closed.
L 10/23/2020 - 16:24:56: SourceMod error session started
L 10/23/2020 - 16:24:56: Info (map "de_vertigo") (file "C:\TCAFiles\Users\jean\1\csgo\addons\sourcemod\logs\errors_20201023.log")
L 10/23/2020 - 16:24:56: [store.smx] Error happened. Error: Duplicate entry '0' for key 'PRIMARY'
L 10/23/2020 - 16:30:07: [store.smx] Error happened. Error: Duplicate entry '0' for key 'PRIMARY'
L 10/23/2020 - 16:35:22: [store.smx] Error happened. Error: Duplicate entry '0' for key 'PRIMARY'
L 10/23/2020 - 16:39:33: [store.smx] Error happened. Error: Duplicate entry '0' for key 'PRIMARY'
L 10/23/2020 - 16:42:50: Error log file session closed.
L 10/23/2020 - 16:46:54: SourceMod error session started
L 10/23/2020 - 16:46:54: Info (map "de_mirage") (file "C:\TCAFiles\Users\jean\1\csgo\addons\sourcemod\logs\errors_20201023.log")
L 10/23/2020 - 16:46:54: [store.smx] Error happened. Error: Duplicate entry '0' for key 'PRIMARY'
L 10/23/2020 - 16:55:10: [store.smx] Error happened. Error: Duplicate entry '0' for key 'PRIMARY'
L 10/23/2020 - 16:59:19: [store.smx] Error happened. Error: Duplicate entry '0' for key 'PRIMARY'
L 10/23/2020 - 17:01:10: Error log file session closed.
L 10/23/2020 - 17:01:32: SourceMod error session started
L 10/23/2020 - 17:01:32: Info (map "de_dust2") (file "C:\TCAFiles\Users\jean\1\csgo\addons\sourcemod\logs\errors_20201023.log")
L 10/23/2020 - 17:01:32: [store.smx] Error happened. Error: Duplicate entry '0' for key 'PRIMARY'
L 10/23/2020 - 17:01:36: [store.smx] Error happened. Error: Duplicate entry '0' for key 'PRIMARY'
L 10/23/2020 - 17:03:22: [store.smx] Error happened. Error: Duplicate entry '0' for key 'PRIMARY'
L 10/23/2020 - 17:19:39: Error log file session closed.
L 10/23/2020 - 17:19:58: SourceMod error session started
L 10/23/2020 - 17:19:58: Info (map "de_train") (file "C:\TCAFiles\Users\jean\1\csgo\addons\sourcemod\logs\errors_20201023.log")
L 10/23/2020 - 17:19:58: [store.smx] Error happened. Error: Duplicate entry '0' for key 'PRIMARY'
L 10/23/2020 - 17:31:01: [store.smx] Error happened. Error: Duplicate entry '0' for key 'PRIMARY'
L 10/23/2020 - 17:38:02: Error log file session closed.
L 10/23/2020 - 17:38:23: SourceMod error session started
L 10/23/2020 - 17:38:23: Info (map "de_cache") (file "C:\TCAFiles\Users\jean\1\csgo\addons\sourcemod\logs\errors_20201023.log")
L 10/23/2020 - 17:38:23: [store.smx] Error happened. Error: Duplicate entry '0' for key 'PRIMARY'
L 10/23/2020 - 17:43:17: [store.smx] Error happened. Error: Duplicate entry '0' for key 'PRIMARY'
L 10/23/2020 - 17:53:04: [store.smx] Error happened. Error: Duplicate entry '0' for key 'PRIMARY'
L 10/23/2020 - 17:56:29: [store.smx] Error happened. Error: Duplicate entry '0' for key 'PRIMARY'
L 10/23/2020 - 17:57:30: Error log file session closed.
L 10/23/2020 - 17:57:40: SourceMod error session started
L 10/23/2020 - 17:57:40: Info (map "de_inferno") (file "C:\TCAFiles\Users\jean\1\csgo\addons\sourcemod\logs\errors_20201023.log")
L 10/23/2020 - 17:57:40: [store.smx] Error happened. Error: Duplicate entry '0' for key 'PRIMARY'
L 10/23/2020 - 17:57:49: [store.smx] Error happened. Error: Duplicate entry '0' for key 'PRIMARY'
L 10/23/2020 - 18:01:57: [store.smx] Error happened. Error: Duplicate entry '0' for key 'PRIMARY'
L 10/23/2020 - 18:03:23: [store.smx] Error happened. Error: Duplicate entry '0' for key 'PRIMARY'
L 10/23/2020 - 18:06:04: [store.smx] Error happened. Error: Duplicate entry '0' for key 'PRIMARY'
L 10/23/2020 - 18:13:07: [store.smx] Error happened. Error: Duplicate entry '0' for key 'PRIMARY'
L 10/23/2020 - 18:17:26: [SM] Exception reported: Client index 0 is invalid
L 10/23/2020 - 18:17:26: [SM] Blaming: kento_rankme.smx
L 10/23/2020 - 18:17:26: [SM] Call stack trace:
L 10/23/2020 - 18:17:26: [SM]   [0] IsClientInGame
L 10/23/2020 - 18:17:26: [SM]   [1] Line 615, d:\csgoserver\csgo\addons\sourcemod\scripting\kento_rankme.sp::Event_RoundMVP
L 10/23/2020 - 18:17:26: [SM]   [3] CS_TerminateRound
L 10/23/2020 - 18:17:26: [SM]   [4] Line 896, ././scripting/retakes.sp::CheckRoundDone
L 10/23/2020 - 18:17:26: [SM]   [5] Line 311, ././scripting/retakes.sp::OnClientDisconnect
L 10/23/2020 - 18:17:27: Error log file session closed.
L 10/23/2020 - 18:17:37: SourceMod error session started
L 10/23/2020 - 18:17:37: Info (map "de_overpass") (file "C:\TCAFiles\Users\jean\1\csgo\addons\sourcemod\logs\errors_20201023.log")
L 10/23/2020 - 18:17:37: [store.smx] Error happened. Error: Duplicate entry '0' for key 'PRIMARY'
L 10/23/2020 - 18:17:39: [store.smx] Error happened. Error: Duplicate entry '0' for key 'PRIMARY'
L 10/23/2020 - 18:17:39: [store.smx] Error happened. Error: Duplicate entry '0' for key 'PRIMARY'
L 10/23/2020 - 18:17:44: [store.smx] Error happened. Error: Duplicate entry '0' for key 'PRIMARY'
L 10/23/2020 - 18:33:59: Error log file session closed.
L 10/23/2020 - 18:34:13: SourceMod error session started
L 10/23/2020 - 18:34:13: Info (map "de_nuke") (file "C:\TCAFiles\Users\jean\1\csgo\addons\sourcemod\logs\errors_20201023.log")
L 10/23/2020 - 18:34:13: [store.smx] Error happened. Error: Duplicate entry '0' for key 'PRIMARY'
L 10/23/2020 - 18:34:14: [store.smx] Error happened. Error: Duplicate entry '0' for key 'PRIMARY'
L 10/23/2020 - 18:34:18: [store.smx] Error happened. Error: Duplicate entry '0' for key 'PRIMARY'
L 10/23/2020 - 18:37:09: [store.smx] Error happened. Error: Duplicate entry '0' for key 'PRIMARY'
L 10/23/2020 - 18:51:37: Error log file session closed.
L 10/23/2020 - 18:51:48: SourceMod error session started
L 10/23/2020 - 18:51:48: Info (map "de_mirage") (file "C:\TCAFiles\Users\jean\1\csgo\addons\sourcemod\logs\errors_20201023.log")
L 10/23/2020 - 18:51:48: [store.smx] Error happened. Error: Duplicate entry '0' for key 'PRIMARY'
L 10/23/2020 - 18:51:49: [store.smx] Error happened. Error: Duplicate entry '0' for key 'PRIMARY'
L 10/23/2020 - 18:51:51: [store.smx] Error happened. Error: Duplicate entry '0' for key 'PRIMARY'
L 10/23/2020 - 18:51:53: [store.smx] Error happened. Error: Duplicate entry '0' for key 'PRIMARY'
L 10/23/2020 - 18:52:46: [store.smx] Error happened. Error: Duplicate entry '0' for key 'PRIMARY'
L 10/23/2020 - 18:54:18: [store.smx] Error happened. Error: Duplicate entry '0' for key 'PRIMARY'
L 10/23/2020 - 19:11:17: Error log file session closed.
L 10/23/2020 - 19:11:30: SourceMod error session started
L 10/23/2020 - 19:11:30: Info (map "de_dust2") (file "C:\TCAFiles\Users\jean\1\csgo\addons\sourcemod\logs\errors_20201023.log")
L 10/23/2020 - 19:11:30: [store.smx] Error happened. Error: Duplicate entry '0' for key 'PRIMARY'
L 10/23/2020 - 19:11:31: [store.smx] Error happened. Error: Duplicate entry '0' for key 'PRIMARY'
L 10/23/2020 - 19:11:34: [store.smx] Error happened. Error: Duplicate entry '0' for key 'PRIMARY'
L 10/23/2020 - 19:11:37: [store.smx] Error happened. Error: Duplicate entry '0' for key 'PRIMARY'
L 10/23/2020 - 19:27:13: Error log file session closed.
L 10/23/2020 - 19:27:25: SourceMod error session started
L 10/23/2020 - 19:27:25: Info (map "de_train") (file "C:\TCAFiles\Users\jean\1\csgo\addons\sourcemod\logs\errors_20201023.log")
L 10/23/2020 - 19:27:25: [store.smx] Error happened. Error: Duplicate entry '0' for key 'PRIMARY'
L 10/23/2020 - 19:27:27: [store.smx] Error happened. Error: Duplicate entry '0' for key 'PRIMARY'
L 10/23/2020 - 19:27:30: [store.smx] Error happened. Error: Duplicate entry '0' for key 'PRIMARY'
L 10/23/2020 - 19:46:51: Error log file session closed.
L 10/23/2020 - 19:47:03: SourceMod error session started
L 10/23/2020 - 19:47:03: Info (map "de_vertigo") (file "C:\TCAFiles\Users\jean\1\csgo\addons\sourcemod\logs\errors_20201023.log")
L 10/23/2020 - 19:47:03: [store.smx] Error happened. Error: Duplicate entry '0' for key 'PRIMARY'
L 10/23/2020 - 19:50:55: [store.smx] Error happened. Error: Duplicate entry '0' for key 'PRIMARY'
L 10/23/2020 - 19:52:32: [store.smx] Error happened. Error: Duplicate entry '0' for key 'PRIMARY'
L 10/23/2020 - 19:57:26: [store.smx] Error happened. Error: Duplicate entry '0' for key 'PRIMARY'
L 10/23/2020 - 19:59:41: [store.smx] Error happened. Error: Duplicate entry '0' for key 'PRIMARY'
L 10/23/2020 - 20:05:07: Error log file session closed.
L 10/23/2020 - 20:05:24: SourceMod error session started
L 10/23/2020 - 20:05:24: Info (map "de_cache") (file "C:\TCAFiles\Users\jean\1\csgo\addons\sourcemod\logs\errors_20201023.log")
L 10/23/2020 - 20:05:24: [store.smx] Error happened. Error: Duplicate entry '0' for key 'PRIMARY'
L 10/23/2020 - 20:05:26: [store.smx] Error happened. Error: Duplicate entry '0' for key 'PRIMARY'
L 10/23/2020 - 20:05:27: [store.smx] Error happened. Error: Duplicate entry '0' for key 'PRIMARY'
L 10/23/2020 - 20:13:31: [store.smx] Error happened. Error: Duplicate entry '0' for key 'PRIMARY'
L 10/23/2020 - 20:23:40: Error log file session closed.
L 10/23/2020 - 20:23:53: SourceMod error session started
L 10/23/2020 - 20:23:53: Info (map "de_overpass") (file "C:\TCAFiles\Users\jean\1\csgo\addons\sourcemod\logs\errors_20201023.log")
L 10/23/2020 - 20:23:53: [store.smx] Error happened. Error: Duplicate entry '0' for key 'PRIMARY'
L 10/23/2020 - 20:23:55: [store.smx] Error happened. Error: Duplicate entry '0' for key 'PRIMARY'
L 10/23/2020 - 20:23:59: [store.smx] Error happened. Error: Duplicate entry '0' for key 'PRIMARY'
L 10/23/2020 - 20:42:18: Error log file session closed.
L 10/23/2020 - 20:42:29: SourceMod error session started
L 10/23/2020 - 20:42:29: Info (map "de_inferno") (file "C:\TCAFiles\Users\jean\1\csgo\addons\sourcemod\logs\errors_20201023.log")
L 10/23/2020 - 20:42:29: [store.smx] Error happened. Error: Duplicate entry '0' for key 'PRIMARY'
L 10/23/2020 - 20:42:30: [store.smx] Error happened. Error: Duplicate entry '0' for key 'PRIMARY'
L 10/23/2020 - 20:42:32: [store.smx] Error happened. Error: Duplicate entry '0' for key 'PRIMARY'
L 10/23/2020 - 20:50:51: [store.smx] Error happened. Error: Duplicate entry '0' for key 'PRIMARY'
L 10/23/2020 - 20:52:36: [store.smx] Error happened. Error: Duplicate entry '0' for key 'PRIMARY'
L 10/23/2020 - 20:54:50: [store.smx] Error happened. Error: Duplicate entry '0' for key 'PRIMARY'
L 10/23/2020 - 21:00:49: Error log file session closed.
L 10/23/2020 - 21:01:00: SourceMod error session started
L 10/23/2020 - 21:01:00: Info (map "de_mirage") (file "C:\TCAFiles\Users\jean\1\csgo\addons\sourcemod\logs\errors_20201023.log")
L 10/23/2020 - 21:01:00: [store.smx] Error happened. Error: Duplicate entry '0' for key 'PRIMARY'
L 10/23/2020 - 21:01:00: [store.smx] Error happened. Error: Duplicate entry '0' for key 'PRIMARY'
L 10/23/2020 - 21:01:02: [store.smx] Error happened. Error: Duplicate entry '0' for key 'PRIMARY'
L 10/23/2020 - 21:02:24: [store.smx] Error happened. Error: Duplicate entry '0' for key 'PRIMARY'
L 10/23/2020 - 21:09:25: [store.smx] Error happened. Error: Duplicate entry '0' for key 'PRIMARY'
L 10/23/2020 - 21:19:06: Error log file session closed.
L 10/23/2020 - 21:19:15: SourceMod error session started
L 10/23/2020 - 21:19:15: Info (map "de_dust2") (file "C:\TCAFiles\Users\jean\1\csgo\addons\sourcemod\logs\errors_20201023.log")
L 10/23/2020 - 21:19:15: [store.smx] Error happened. Error: Duplicate entry '0' for key 'PRIMARY'
L 10/23/2020 - 21:37:44: Error log file session closed.
L 10/23/2020 - 21:37:54: SourceMod error session started
L 10/23/2020 - 21:37:54: Info (map "de_train") (file "C:\TCAFiles\Users\jean\1\csgo\addons\sourcemod\logs\errors_20201023.log")
L 10/23/2020 - 21:37:54: [store.smx] Error happened. Error: Duplicate entry '0' for key 'PRIMARY'
L 10/23/2020 - 21:46:40: [store.smx] Error happened. Error: Duplicate entry '0' for key 'PRIMARY'
L 10/23/2020 - 21:50:20: [store.smx] Error happened. Error: Duplicate entry '0' for key 'PRIMARY'
L 10/23/2020 - 21:52:13: [store.smx] Error happened. Error: Duplicate entry '0' for key 'PRIMARY'
L 10/23/2020 - 21:53:42: [store.smx] Error happened. Error: Duplicate entry '0' for key 'PRIMARY'
L 10/23/2020 - 21:56:48: Error log file session closed.
L 10/23/2020 - 21:57:00: SourceMod error session started
L 10/23/2020 - 21:57:00: Info (map "de_nuke") (file "C:\TCAFiles\Users\jean\1\csgo\addons\sourcemod\logs\errors_20201023.log")
L 10/23/2020 - 21:57:00: [store.smx] Error happened. Error: Duplicate entry '0' for key 'PRIMARY'
L 10/23/2020 - 21:57:04: [store.smx] Error happened. Error: Duplicate entry '0' for key 'PRIMARY'
L 10/23/2020 - 21:57:08: [store.smx] Error happened. Error: Duplicate entry '0' for key 'PRIMARY'
L 10/23/2020 - 21:57:11: [store.smx] Error happened. Error: Duplicate entry '0' for key 'PRIMARY'
L 10/23/2020 - 22:02:23: [store.smx] Error happened. Error: Duplicate entry '0' for key 'PRIMARY'
L 10/23/2020 - 22:13:37: [store.smx] Error happened. Error: Duplicate entry '0' for key 'PRIMARY'
L 10/23/2020 - 22:15:19: Error log file session closed.
L 10/23/2020 - 22:15:33: SourceMod error session started
L 10/23/2020 - 22:15:33: Info (map "de_vertigo") (file "C:\TCAFiles\Users\jean\1\csgo\addons\sourcemod\logs\errors_20201023.log")
L 10/23/2020 - 22:15:33: [store.smx] Error happened. Error: Duplicate entry '0' for key 'PRIMARY'
L 10/23/2020 - 22:21:17: [store.smx] Error happened. Error: Duplicate entry '0' for key 'PRIMARY'
L 10/23/2020 - 22:34:04: Error log file session closed.
L 10/23/2020 - 22:34:20: SourceMod error session started
L 10/23/2020 - 22:34:20: Info (map "de_overpass") (file "C:\TCAFiles\Users\jean\1\csgo\addons\sourcemod\logs\errors_20201023.log")
L 10/23/2020 - 22:34:20: [store.smx] Error happened. Error: Duplicate entry '0' for key 'PRIMARY'
L 10/23/2020 - 22:42:45: [store.smx] Error happened. Error: Duplicate entry '0' for key 'PRIMARY'
L 10/23/2020 - 22:49:40: [store.smx] Error happened. Error: Duplicate entry '0' for key 'PRIMARY'
L 10/23/2020 - 22:50:25: Error log file session closed.
L 10/23/2020 - 22:50:38: SourceMod error session started
L 10/23/2020 - 22:50:38: Info (map "de_inferno") (file "C:\TCAFiles\Users\jean\1\csgo\addons\sourcemod\logs\errors_20201023.log")
L 10/23/2020 - 22:50:38: [store.smx] Error happened. Error: Duplicate entry '0' for key 'PRIMARY'
L 10/23/2020 - 22:53:21: [store.smx] Error happened. Error: Duplicate entry '0' for key 'PRIMARY'
L 10/23/2020 - 23:03:21: [store.smx] Error happened. Error: Duplicate entry '0' for key 'PRIMARY'
L 10/23/2020 - 23:09:50: Error log file session closed.
L 10/23/2020 - 23:09:58: SourceMod error session started
L 10/23/2020 - 23:09:58: Info (map "de_mirage") (file "C:\TCAFiles\Users\jean\1\csgo\addons\sourcemod\logs\errors_20201023.log")
L 10/23/2020 - 23:09:58: [store.smx] Error happened. Error: Duplicate entry '0' for key 'PRIMARY'
L 10/23/2020 - 23:10:00: [store.smx] Error happened. Error: Duplicate entry '0' for key 'PRIMARY'
L 10/23/2020 - 23:10:14: [store.smx] Error happened. Error: Duplicate entry '0' for key 'PRIMARY'
L 10/23/2020 - 23:19:56: [store.smx] Error happened. Error: Duplicate entry '0' for key 'PRIMARY'
L 10/23/2020 - 23:26:49: Error log file session closed.
L 10/23/2020 - 23:27:05: SourceMod error session started
L 10/23/2020 - 23:27:05: Info (map "de_dust2") (file "C:\TCAFiles\Users\jean\1\csgo\addons\sourcemod\logs\errors_20201023.log")
L 10/23/2020 - 23:27:05: [store.smx] Error happened. Error: Duplicate entry '0' for key 'PRIMARY'
L 10/23/2020 - 23:27:08: [store.smx] Error happened. Error: Duplicate entry '0' for key 'PRIMARY'
L 10/23/2020 - 23:28:08: [store.smx] Error happened. Error: Duplicate entry '0' for key 'PRIMARY'
L 10/23/2020 - 23:28:19: [store.smx] Error happened. Error: Duplicate entry '0' for key 'PRIMARY'
L 10/23/2020 - 23:44:44: Error log file session closed.
L 10/23/2020 - 23:45:00: SourceMod error session started
L 10/23/2020 - 23:45:00: Info (map "de_cache") (file "C:\TCAFiles\Users\jean\1\csgo\addons\sourcemod\logs\errors_20201023.log")
L 10/23/2020 - 23:45:00: [store.smx] Error happened. Error: Duplicate entry '0' for key 'PRIMARY'
L 10/23/2020 - 23:45:02: [store.smx] Error happened. Error: Duplicate entry '0' for key 'PRIMARY'
L 10/23/2020 - 23:51:23: [store.smx] Error happened. Error: Duplicate entry '0' for key 'PRIMARY'
L 10/24/2020 - 00:00:02: Error log file session closed.
