L 08/15/2020 - 00:17:54: SourceMod log file session started (file "C:\TCAFiles\Users\jeanv\438\csgo\addons\sourcemod\logs\L20200815.log") (Version "1.10.0.6488")
L 08/15/2020 - 00:17:54: [SM] Changed map to "de_vertigo"
L 08/15/2020 - 00:17:54: -------- Mapchange to de_vertigo --------
L 08/15/2020 - 00:17:55: [basecommands.smx] "Console<0><Console><Console>" refreshed the admin cache.
L 08/15/2020 - 00:17:55: [basecommands.smx] "Console<0><Console><Console>" changed cvar (cvar "sv_maxrate") (value "128000")
L 08/15/2020 - 00:17:55: [basecommands.smx] "Console<0><Console><Console>" changed cvar (cvar "sv_minrate") (value "128000")
L 08/15/2020 - 00:17:55: [basecommands.smx] "Console<0><Console><Console>" changed cvar (cvar "sv_maxcmdrate") (value "128")
L 08/15/2020 - 00:17:55: [basecommands.smx] "Console<0><Console><Console>" changed cvar (cvar "sv_mincmdrate") (value "128")
L 08/15/2020 - 00:17:55: [basecommands.smx] "Console<0><Console><Console>" changed cvar (cvar "sv_minupdaterate") (value "128")
L 08/15/2020 - 00:17:55: [basecommands.smx] "Console<0><Console><Console>" changed cvar (cvar "sv_maxupdaterate") (value "128")
L 08/15/2020 - 00:17:55: [basecommands.smx] "Console<0><Console><Console>" changed cvar (cvar "sv_maxunlag") (value "0.5")
L 08/15/2020 - 00:17:55: [basecommands.smx] "Console<0><Console><Console>" changed cvar (cvar "sv_unlag") (value "1")
L 08/15/2020 - 00:17:55: [afk_manager4.smx] [AFK Manager] Log File: addons\sourcemod\logs\afkm_20200815.log
L 08/15/2020 - 00:17:55: [chat-processor.smx] Message formats generated for game 'csgo'.
L 08/15/2020 - 00:17:55: [chat-processor.smx] Successfully hooked a SayText2 chat hook.
L 08/15/2020 - 00:17:56: [weapons.smx] Inactive players' data has been deleted
L 08/15/2020 - 00:33:29: [mapchooser.smx] Voting for next map has started.
L 08/15/2020 - 00:33:33: [mapchooser.smx] Voting for next map has finished. Nextmap: de_train.
L 08/15/2020 - 00:35:21: [SM] Changed map to "de_train"
L 08/15/2020 - 00:35:22: -------- Mapchange to de_train --------
L 08/15/2020 - 00:35:22: [basecommands.smx] "Console<0><Console><Console>" refreshed the admin cache.
L 08/15/2020 - 00:35:22: [basecommands.smx] "Console<0><Console><Console>" changed cvar (cvar "sv_maxrate") (value "128000")
L 08/15/2020 - 00:35:22: [basecommands.smx] "Console<0><Console><Console>" changed cvar (cvar "sv_minrate") (value "128000")
L 08/15/2020 - 00:35:22: [basecommands.smx] "Console<0><Console><Console>" changed cvar (cvar "sv_maxcmdrate") (value "128")
L 08/15/2020 - 00:35:22: [basecommands.smx] "Console<0><Console><Console>" changed cvar (cvar "sv_mincmdrate") (value "128")
L 08/15/2020 - 00:35:22: [basecommands.smx] "Console<0><Console><Console>" changed cvar (cvar "sv_minupdaterate") (value "128")
L 08/15/2020 - 00:35:22: [basecommands.smx] "Console<0><Console><Console>" changed cvar (cvar "sv_maxupdaterate") (value "128")
L 08/15/2020 - 00:35:22: [basecommands.smx] "Console<0><Console><Console>" changed cvar (cvar "sv_maxunlag") (value "0.5")
L 08/15/2020 - 00:35:22: [basecommands.smx] "Console<0><Console><Console>" changed cvar (cvar "sv_unlag") (value "1")
L 08/15/2020 - 00:35:23: [chat-processor.smx] Message formats generated for game 'csgo'.
L 08/15/2020 - 00:35:23: [chat-processor.smx] Successfully hooked a SayText2 chat hook.
L 08/15/2020 - 00:35:23: [weapons.smx] Inactive players' data has been deleted
L 08/15/2020 - 00:50:33: [mapchooser.smx] Voting for next map has started.
L 08/15/2020 - 05:00:34: SourceMod log file session started (file "C:\TCAFiles\Users\jeanv\438\csgo\addons\sourcemod\logs\L20200815.log") (Version "1.10.0.6488")
L 08/15/2020 - 05:00:34: [GEOIP] GeoIP database info: GEO-106FREE 20180327 Build 1 Copyright (c) 2018 MaxMind Inc All Rights Reserved
L 08/15/2020 - 05:00:34: [afk_manager4.smx] [AFK Manager] Log File: addons\sourcemod\logs\afkm_20200815.log
L 08/15/2020 - 05:00:34: [afk_manager4.smx] [AFK Manager] Detected Mod Counter-Strike: Global Offensive
L 08/15/2020 - 05:44:22: -------- Mapchange to de_dust2 --------
L 08/15/2020 - 05:44:22: [basecommands.smx] "Console<0><Console><Console>" refreshed the admin cache.
L 08/15/2020 - 05:44:22: [basecommands.smx] "Console<0><Console><Console>" changed cvar (cvar "sv_maxrate") (value "128000")
L 08/15/2020 - 05:44:22: [basecommands.smx] "Console<0><Console><Console>" changed cvar (cvar "sv_minrate") (value "128000")
L 08/15/2020 - 05:44:22: [basecommands.smx] "Console<0><Console><Console>" changed cvar (cvar "sv_maxcmdrate") (value "128")
L 08/15/2020 - 05:44:22: [basecommands.smx] "Console<0><Console><Console>" changed cvar (cvar "sv_mincmdrate") (value "128")
L 08/15/2020 - 05:44:22: [basecommands.smx] "Console<0><Console><Console>" changed cvar (cvar "sv_minupdaterate") (value "128")
L 08/15/2020 - 05:44:22: [basecommands.smx] "Console<0><Console><Console>" changed cvar (cvar "sv_maxupdaterate") (value "128")
L 08/15/2020 - 05:44:22: [basecommands.smx] "Console<0><Console><Console>" changed cvar (cvar "sv_maxunlag") (value "0.5")
L 08/15/2020 - 05:44:22: [basecommands.smx] "Console<0><Console><Console>" changed cvar (cvar "sv_unlag") (value "1")
L 08/15/2020 - 05:44:23: [chat-processor.smx] Message formats generated for game 'csgo'.
L 08/15/2020 - 05:44:23: [chat-processor.smx] Successfully hooked a SayText2 chat hook.
L 08/15/2020 - 05:44:24: [weapons.smx] SQLite DB connection successful
L 08/15/2020 - 05:44:24: [weapons.smx] Inactive players' data has been deleted
L 08/15/2020 - 06:00:57: [mapchooser.smx] Voting for next map has started.
L 08/15/2020 - 06:01:03: [mapchooser.smx] Voting for next map has finished. Nextmap: de_overpass.
L 08/15/2020 - 06:07:47: -------- Mapchange to de_dust2 --------
L 08/15/2020 - 06:07:47: [basecommands.smx] "Console<0><Console><Console>" refreshed the admin cache.
L 08/15/2020 - 06:07:47: [basecommands.smx] "Console<0><Console><Console>" changed cvar (cvar "sv_maxrate") (value "128000")
L 08/15/2020 - 06:07:47: [basecommands.smx] "Console<0><Console><Console>" changed cvar (cvar "sv_minrate") (value "128000")
L 08/15/2020 - 06:07:47: [basecommands.smx] "Console<0><Console><Console>" changed cvar (cvar "sv_maxcmdrate") (value "128")
L 08/15/2020 - 06:07:47: [basecommands.smx] "Console<0><Console><Console>" changed cvar (cvar "sv_mincmdrate") (value "128")
L 08/15/2020 - 06:07:47: [basecommands.smx] "Console<0><Console><Console>" changed cvar (cvar "sv_minupdaterate") (value "128")
L 08/15/2020 - 06:07:47: [basecommands.smx] "Console<0><Console><Console>" changed cvar (cvar "sv_maxupdaterate") (value "128")
L 08/15/2020 - 06:07:47: [basecommands.smx] "Console<0><Console><Console>" changed cvar (cvar "sv_maxunlag") (value "0.5")
L 08/15/2020 - 06:07:47: [basecommands.smx] "Console<0><Console><Console>" changed cvar (cvar "sv_unlag") (value "1")
L 08/15/2020 - 06:07:48: [chat-processor.smx] Message formats generated for game 'csgo'.
L 08/15/2020 - 06:07:48: [chat-processor.smx] Successfully hooked a SayText2 chat hook.
L 08/15/2020 - 06:07:48: [weapons.smx] Inactive players' data has been deleted
L 08/15/2020 - 07:39:00: -------- Mapchange to de_dust2 --------
L 08/15/2020 - 07:39:00: [basecommands.smx] "Console<0><Console><Console>" refreshed the admin cache.
L 08/15/2020 - 07:39:00: [basecommands.smx] "Console<0><Console><Console>" changed cvar (cvar "sv_maxrate") (value "128000")
L 08/15/2020 - 07:39:00: [basecommands.smx] "Console<0><Console><Console>" changed cvar (cvar "sv_minrate") (value "128000")
L 08/15/2020 - 07:39:00: [basecommands.smx] "Console<0><Console><Console>" changed cvar (cvar "sv_maxcmdrate") (value "128")
L 08/15/2020 - 07:39:00: [basecommands.smx] "Console<0><Console><Console>" changed cvar (cvar "sv_mincmdrate") (value "128")
L 08/15/2020 - 07:39:00: [basecommands.smx] "Console<0><Console><Console>" changed cvar (cvar "sv_minupdaterate") (value "128")
L 08/15/2020 - 07:39:00: [basecommands.smx] "Console<0><Console><Console>" changed cvar (cvar "sv_maxupdaterate") (value "128")
L 08/15/2020 - 07:39:00: [basecommands.smx] "Console<0><Console><Console>" changed cvar (cvar "sv_maxunlag") (value "0.5")
L 08/15/2020 - 07:39:00: [basecommands.smx] "Console<0><Console><Console>" changed cvar (cvar "sv_unlag") (value "1")
L 08/15/2020 - 07:39:00: [chat-processor.smx] Message formats generated for game 'csgo'.
L 08/15/2020 - 07:39:00: [chat-processor.smx] Successfully hooked a SayText2 chat hook.
L 08/15/2020 - 07:39:01: [weapons.smx] Inactive players' data has been deleted
L 08/15/2020 - 08:23:31: -------- Mapchange to de_dust2 --------
L 08/15/2020 - 08:23:31: [basecommands.smx] "Console<0><Console><Console>" refreshed the admin cache.
L 08/15/2020 - 08:23:31: [basecommands.smx] "Console<0><Console><Console>" changed cvar (cvar "sv_maxrate") (value "128000")
L 08/15/2020 - 08:23:31: [basecommands.smx] "Console<0><Console><Console>" changed cvar (cvar "sv_minrate") (value "128000")
L 08/15/2020 - 08:23:31: [basecommands.smx] "Console<0><Console><Console>" changed cvar (cvar "sv_maxcmdrate") (value "128")
L 08/15/2020 - 08:23:31: [basecommands.smx] "Console<0><Console><Console>" changed cvar (cvar "sv_mincmdrate") (value "128")
L 08/15/2020 - 08:23:31: [basecommands.smx] "Console<0><Console><Console>" changed cvar (cvar "sv_minupdaterate") (value "128")
L 08/15/2020 - 08:23:31: [basecommands.smx] "Console<0><Console><Console>" changed cvar (cvar "sv_maxupdaterate") (value "128")
L 08/15/2020 - 08:23:31: [basecommands.smx] "Console<0><Console><Console>" changed cvar (cvar "sv_maxunlag") (value "0.5")
L 08/15/2020 - 08:23:31: [basecommands.smx] "Console<0><Console><Console>" changed cvar (cvar "sv_unlag") (value "1")
L 08/15/2020 - 08:23:32: [chat-processor.smx] Message formats generated for game 'csgo'.
L 08/15/2020 - 08:23:32: [chat-processor.smx] Successfully hooked a SayText2 chat hook.
L 08/15/2020 - 08:23:32: [weapons.smx] Inactive players' data has been deleted
L 08/15/2020 - 08:39:43: [mapchooser.smx] Voting for next map has started.
L 08/15/2020 - 08:39:49: [mapchooser.smx] Voting for next map has finished. Nextmap: de_nuke.
L 08/15/2020 - 08:42:00: [SM] Changed map to "de_nuke"
L 08/15/2020 - 08:42:05: -------- Mapchange to de_nuke --------
L 08/15/2020 - 08:42:05: [basecommands.smx] "Console<0><Console><Console>" refreshed the admin cache.
L 08/15/2020 - 08:42:05: [basecommands.smx] "Console<0><Console><Console>" changed cvar (cvar "sv_maxrate") (value "128000")
L 08/15/2020 - 08:42:05: [basecommands.smx] "Console<0><Console><Console>" changed cvar (cvar "sv_minrate") (value "128000")
L 08/15/2020 - 08:42:05: [basecommands.smx] "Console<0><Console><Console>" changed cvar (cvar "sv_maxcmdrate") (value "128")
L 08/15/2020 - 08:42:05: [basecommands.smx] "Console<0><Console><Console>" changed cvar (cvar "sv_mincmdrate") (value "128")
L 08/15/2020 - 08:42:05: [basecommands.smx] "Console<0><Console><Console>" changed cvar (cvar "sv_minupdaterate") (value "128")
L 08/15/2020 - 08:42:05: [basecommands.smx] "Console<0><Console><Console>" changed cvar (cvar "sv_maxupdaterate") (value "128")
L 08/15/2020 - 08:42:05: [basecommands.smx] "Console<0><Console><Console>" changed cvar (cvar "sv_maxunlag") (value "0.5")
L 08/15/2020 - 08:42:05: [basecommands.smx] "Console<0><Console><Console>" changed cvar (cvar "sv_unlag") (value "1")
L 08/15/2020 - 08:42:06: [chat-processor.smx] Message formats generated for game 'csgo'.
L 08/15/2020 - 08:42:06: [chat-processor.smx] Successfully hooked a SayText2 chat hook.
L 08/15/2020 - 08:42:07: [weapons.smx] Inactive players' data has been deleted
L 08/15/2020 - 08:51:21: [mapchooser.smx] Starting map vote because outside request
L 08/15/2020 - 08:51:21: [mapchooser.smx] Voting for next map has started.
L 08/15/2020 - 08:51:25: [mapchooser.smx] Voting for next map has finished. Nextmap: de_vertigo.
L 08/15/2020 - 08:51:27: [SM] Changed map to "de_vertigo"
L 08/15/2020 - 08:51:29: -------- Mapchange to de_vertigo --------
L 08/15/2020 - 08:51:29: [basecommands.smx] "Console<0><Console><Console>" refreshed the admin cache.
L 08/15/2020 - 08:51:29: [basecommands.smx] "Console<0><Console><Console>" changed cvar (cvar "sv_maxrate") (value "128000")
L 08/15/2020 - 08:51:29: [basecommands.smx] "Console<0><Console><Console>" changed cvar (cvar "sv_minrate") (value "128000")
L 08/15/2020 - 08:51:29: [basecommands.smx] "Console<0><Console><Console>" changed cvar (cvar "sv_maxcmdrate") (value "128")
L 08/15/2020 - 08:51:29: [basecommands.smx] "Console<0><Console><Console>" changed cvar (cvar "sv_mincmdrate") (value "128")
L 08/15/2020 - 08:51:29: [basecommands.smx] "Console<0><Console><Console>" changed cvar (cvar "sv_minupdaterate") (value "128")
L 08/15/2020 - 08:51:29: [basecommands.smx] "Console<0><Console><Console>" changed cvar (cvar "sv_maxupdaterate") (value "128")
L 08/15/2020 - 08:51:29: [basecommands.smx] "Console<0><Console><Console>" changed cvar (cvar "sv_maxunlag") (value "0.5")
L 08/15/2020 - 08:51:29: [basecommands.smx] "Console<0><Console><Console>" changed cvar (cvar "sv_unlag") (value "1")
L 08/15/2020 - 08:51:30: [chat-processor.smx] Message formats generated for game 'csgo'.
L 08/15/2020 - 08:51:30: [chat-processor.smx] Successfully hooked a SayText2 chat hook.
L 08/15/2020 - 08:51:31: [weapons.smx] Inactive players' data has been deleted
L 08/15/2020 - 09:06:40: [mapchooser.smx] Voting for next map has started.
L 08/15/2020 - 09:06:48: [mapchooser.smx] Voting for next map has finished. Nextmap: de_mirage.
L 08/15/2020 - 09:26:06: [SM] Changed map to "de_mirage"
L 08/15/2020 - 09:26:08: -------- Mapchange to de_mirage --------
L 08/15/2020 - 09:26:08: [basecommands.smx] "Console<0><Console><Console>" refreshed the admin cache.
L 08/15/2020 - 09:26:08: [basecommands.smx] "Console<0><Console><Console>" changed cvar (cvar "sv_maxrate") (value "128000")
L 08/15/2020 - 09:26:08: [basecommands.smx] "Console<0><Console><Console>" changed cvar (cvar "sv_minrate") (value "128000")
L 08/15/2020 - 09:26:08: [basecommands.smx] "Console<0><Console><Console>" changed cvar (cvar "sv_maxcmdrate") (value "128")
L 08/15/2020 - 09:26:08: [basecommands.smx] "Console<0><Console><Console>" changed cvar (cvar "sv_mincmdrate") (value "128")
L 08/15/2020 - 09:26:08: [basecommands.smx] "Console<0><Console><Console>" changed cvar (cvar "sv_minupdaterate") (value "128")
L 08/15/2020 - 09:26:08: [basecommands.smx] "Console<0><Console><Console>" changed cvar (cvar "sv_maxupdaterate") (value "128")
L 08/15/2020 - 09:26:08: [basecommands.smx] "Console<0><Console><Console>" changed cvar (cvar "sv_maxunlag") (value "0.5")
L 08/15/2020 - 09:26:08: [basecommands.smx] "Console<0><Console><Console>" changed cvar (cvar "sv_unlag") (value "1")
L 08/15/2020 - 09:26:09: [chat-processor.smx] Message formats generated for game 'csgo'.
L 08/15/2020 - 09:26:09: [chat-processor.smx] Successfully hooked a SayText2 chat hook.
L 08/15/2020 - 09:26:10: [weapons.smx] Inactive players' data has been deleted
L 08/15/2020 - 09:42:08: [mapchooser.smx] Voting for next map has started.
L 08/15/2020 - 09:42:29: [mapchooser.smx] Voting for next map has finished. Nextmap: de_overpass.
L 08/15/2020 - 09:46:03: [SM] Changed map to "de_overpass"
L 08/15/2020 - 09:46:05: -------- Mapchange to de_overpass --------
L 08/15/2020 - 09:46:05: [basecommands.smx] "Console<0><Console><Console>" refreshed the admin cache.
L 08/15/2020 - 09:46:05: [basecommands.smx] "Console<0><Console><Console>" changed cvar (cvar "sv_maxrate") (value "128000")
L 08/15/2020 - 09:46:05: [basecommands.smx] "Console<0><Console><Console>" changed cvar (cvar "sv_minrate") (value "128000")
L 08/15/2020 - 09:46:05: [basecommands.smx] "Console<0><Console><Console>" changed cvar (cvar "sv_maxcmdrate") (value "128")
L 08/15/2020 - 09:46:05: [basecommands.smx] "Console<0><Console><Console>" changed cvar (cvar "sv_mincmdrate") (value "128")
L 08/15/2020 - 09:46:05: [basecommands.smx] "Console<0><Console><Console>" changed cvar (cvar "sv_minupdaterate") (value "128")
L 08/15/2020 - 09:46:05: [basecommands.smx] "Console<0><Console><Console>" changed cvar (cvar "sv_maxupdaterate") (value "128")
L 08/15/2020 - 09:46:05: [basecommands.smx] "Console<0><Console><Console>" changed cvar (cvar "sv_maxunlag") (value "0.5")
L 08/15/2020 - 09:46:05: [basecommands.smx] "Console<0><Console><Console>" changed cvar (cvar "sv_unlag") (value "1")
L 08/15/2020 - 09:46:06: [chat-processor.smx] Message formats generated for game 'csgo'.
L 08/15/2020 - 09:46:06: [chat-processor.smx] Successfully hooked a SayText2 chat hook.
L 08/15/2020 - 09:46:07: [weapons.smx] Inactive players' data has been deleted
L 08/15/2020 - 10:05:32: -------- Mapchange to de_overpass --------
L 08/15/2020 - 10:05:32: [basecommands.smx] "Console<0><Console><Console>" refreshed the admin cache.
L 08/15/2020 - 10:05:32: [basecommands.smx] "Console<0><Console><Console>" changed cvar (cvar "sv_maxrate") (value "128000")
L 08/15/2020 - 10:05:32: [basecommands.smx] "Console<0><Console><Console>" changed cvar (cvar "sv_minrate") (value "128000")
L 08/15/2020 - 10:05:32: [basecommands.smx] "Console<0><Console><Console>" changed cvar (cvar "sv_maxcmdrate") (value "128")
L 08/15/2020 - 10:05:32: [basecommands.smx] "Console<0><Console><Console>" changed cvar (cvar "sv_mincmdrate") (value "128")
L 08/15/2020 - 10:05:32: [basecommands.smx] "Console<0><Console><Console>" changed cvar (cvar "sv_minupdaterate") (value "128")
L 08/15/2020 - 10:05:32: [basecommands.smx] "Console<0><Console><Console>" changed cvar (cvar "sv_maxupdaterate") (value "128")
L 08/15/2020 - 10:05:32: [basecommands.smx] "Console<0><Console><Console>" changed cvar (cvar "sv_maxunlag") (value "0.5")
L 08/15/2020 - 10:05:32: [basecommands.smx] "Console<0><Console><Console>" changed cvar (cvar "sv_unlag") (value "1")
L 08/15/2020 - 10:05:33: [chat-processor.smx] Message formats generated for game 'csgo'.
L 08/15/2020 - 10:05:33: [chat-processor.smx] Successfully hooked a SayText2 chat hook.
L 08/15/2020 - 10:05:33: [weapons.smx] Inactive players' data has been deleted
L 08/15/2020 - 10:23:13: [mapchooser.smx] Voting for next map has started.
L 08/15/2020 - 10:23:19: [mapchooser.smx] Voting for next map has finished. Nextmap: de_train.
L 08/15/2020 - 10:26:15: [SM] Changed map to "de_train"
L 08/15/2020 - 10:26:17: -------- Mapchange to de_train --------
L 08/15/2020 - 10:26:18: [basecommands.smx] "Console<0><Console><Console>" refreshed the admin cache.
L 08/15/2020 - 10:26:18: [basecommands.smx] "Console<0><Console><Console>" changed cvar (cvar "sv_maxrate") (value "128000")
L 08/15/2020 - 10:26:18: [basecommands.smx] "Console<0><Console><Console>" changed cvar (cvar "sv_minrate") (value "128000")
L 08/15/2020 - 10:26:18: [basecommands.smx] "Console<0><Console><Console>" changed cvar (cvar "sv_maxcmdrate") (value "128")
L 08/15/2020 - 10:26:18: [basecommands.smx] "Console<0><Console><Console>" changed cvar (cvar "sv_mincmdrate") (value "128")
L 08/15/2020 - 10:26:18: [basecommands.smx] "Console<0><Console><Console>" changed cvar (cvar "sv_minupdaterate") (value "128")
L 08/15/2020 - 10:26:18: [basecommands.smx] "Console<0><Console><Console>" changed cvar (cvar "sv_maxupdaterate") (value "128")
L 08/15/2020 - 10:26:18: [basecommands.smx] "Console<0><Console><Console>" changed cvar (cvar "sv_maxunlag") (value "0.5")
L 08/15/2020 - 10:26:18: [basecommands.smx] "Console<0><Console><Console>" changed cvar (cvar "sv_unlag") (value "1")
L 08/15/2020 - 10:26:18: [chat-processor.smx] Message formats generated for game 'csgo'.
L 08/15/2020 - 10:26:18: [chat-processor.smx] Successfully hooked a SayText2 chat hook.
L 08/15/2020 - 10:26:19: [weapons.smx] Inactive players' data has been deleted
L 08/15/2020 - 10:42:40: [mapchooser.smx] Voting for next map has started.
L 08/15/2020 - 10:42:50: [mapchooser.smx] Voting for next map has finished. Nextmap: de_dust2.
L 08/15/2020 - 10:44:54: [SM] Changed map to "de_dust2"
L 08/15/2020 - 10:44:57: -------- Mapchange to de_dust2 --------
L 08/15/2020 - 10:44:57: [basecommands.smx] "Console<0><Console><Console>" refreshed the admin cache.
L 08/15/2020 - 10:44:57: [basecommands.smx] "Console<0><Console><Console>" changed cvar (cvar "sv_maxrate") (value "128000")
L 08/15/2020 - 10:44:57: [basecommands.smx] "Console<0><Console><Console>" changed cvar (cvar "sv_minrate") (value "128000")
L 08/15/2020 - 10:44:57: [basecommands.smx] "Console<0><Console><Console>" changed cvar (cvar "sv_maxcmdrate") (value "128")
L 08/15/2020 - 10:44:57: [basecommands.smx] "Console<0><Console><Console>" changed cvar (cvar "sv_mincmdrate") (value "128")
L 08/15/2020 - 10:44:57: [basecommands.smx] "Console<0><Console><Console>" changed cvar (cvar "sv_minupdaterate") (value "128")
L 08/15/2020 - 10:44:57: [basecommands.smx] "Console<0><Console><Console>" changed cvar (cvar "sv_maxupdaterate") (value "128")
L 08/15/2020 - 10:44:57: [basecommands.smx] "Console<0><Console><Console>" changed cvar (cvar "sv_maxunlag") (value "0.5")
L 08/15/2020 - 10:44:57: [basecommands.smx] "Console<0><Console><Console>" changed cvar (cvar "sv_unlag") (value "1")
L 08/15/2020 - 10:44:58: [chat-processor.smx] Message formats generated for game 'csgo'.
L 08/15/2020 - 10:44:58: [chat-processor.smx] Successfully hooked a SayText2 chat hook.
L 08/15/2020 - 10:44:58: [weapons.smx] Inactive players' data has been deleted
L 08/15/2020 - 10:52:15: -------- Mapchange to de_dust2 --------
L 08/15/2020 - 10:52:15: [basecommands.smx] "Console<0><Console><Console>" refreshed the admin cache.
L 08/15/2020 - 10:52:15: [basecommands.smx] "Console<0><Console><Console>" changed cvar (cvar "sv_maxrate") (value "128000")
L 08/15/2020 - 10:52:15: [basecommands.smx] "Console<0><Console><Console>" changed cvar (cvar "sv_minrate") (value "128000")
L 08/15/2020 - 10:52:15: [basecommands.smx] "Console<0><Console><Console>" changed cvar (cvar "sv_maxcmdrate") (value "128")
L 08/15/2020 - 10:52:15: [basecommands.smx] "Console<0><Console><Console>" changed cvar (cvar "sv_mincmdrate") (value "128")
L 08/15/2020 - 10:52:15: [basecommands.smx] "Console<0><Console><Console>" changed cvar (cvar "sv_minupdaterate") (value "128")
L 08/15/2020 - 10:52:15: [basecommands.smx] "Console<0><Console><Console>" changed cvar (cvar "sv_maxupdaterate") (value "128")
L 08/15/2020 - 10:52:15: [basecommands.smx] "Console<0><Console><Console>" changed cvar (cvar "sv_maxunlag") (value "0.5")
L 08/15/2020 - 10:52:15: [basecommands.smx] "Console<0><Console><Console>" changed cvar (cvar "sv_unlag") (value "1")
L 08/15/2020 - 10:52:15: [chat-processor.smx] Message formats generated for game 'csgo'.
L 08/15/2020 - 10:52:15: [chat-processor.smx] Successfully hooked a SayText2 chat hook.
L 08/15/2020 - 10:52:16: [weapons.smx] Inactive players' data has been deleted
L 08/15/2020 - 11:06:47: [mapchooser.smx] Voting for next map has started.
L 08/15/2020 - 11:06:52: [mapchooser.smx] Voting for next map has finished. Nextmap: de_inferno.
L 08/15/2020 - 11:08:55: [SM] Changed map to "de_inferno"
L 08/15/2020 - 11:08:57: -------- Mapchange to de_inferno --------
L 08/15/2020 - 11:08:58: [basecommands.smx] "Console<0><Console><Console>" refreshed the admin cache.
L 08/15/2020 - 11:08:58: [basecommands.smx] "Console<0><Console><Console>" changed cvar (cvar "sv_maxrate") (value "128000")
L 08/15/2020 - 11:08:58: [basecommands.smx] "Console<0><Console><Console>" changed cvar (cvar "sv_minrate") (value "128000")
L 08/15/2020 - 11:08:58: [basecommands.smx] "Console<0><Console><Console>" changed cvar (cvar "sv_maxcmdrate") (value "128")
L 08/15/2020 - 11:08:58: [basecommands.smx] "Console<0><Console><Console>" changed cvar (cvar "sv_mincmdrate") (value "128")
L 08/15/2020 - 11:08:58: [basecommands.smx] "Console<0><Console><Console>" changed cvar (cvar "sv_minupdaterate") (value "128")
L 08/15/2020 - 11:08:58: [basecommands.smx] "Console<0><Console><Console>" changed cvar (cvar "sv_maxupdaterate") (value "128")
L 08/15/2020 - 11:08:58: [basecommands.smx] "Console<0><Console><Console>" changed cvar (cvar "sv_maxunlag") (value "0.5")
L 08/15/2020 - 11:08:58: [basecommands.smx] "Console<0><Console><Console>" changed cvar (cvar "sv_unlag") (value "1")
L 08/15/2020 - 11:08:58: [chat-processor.smx] Message formats generated for game 'csgo'.
L 08/15/2020 - 11:08:58: [chat-processor.smx] Successfully hooked a SayText2 chat hook.
L 08/15/2020 - 11:08:59: [weapons.smx] Inactive players' data has been deleted
L 08/15/2020 - 11:24:27: [mapchooser.smx] Voting for next map has started.
L 08/15/2020 - 11:24:37: [mapchooser.smx] Voting for next map has finished. Nextmap: de_mirage.
L 08/15/2020 - 11:26:43: [SM] Changed map to "de_mirage"
L 08/15/2020 - 11:26:44: -------- Mapchange to de_mirage --------
L 08/15/2020 - 11:26:44: [basecommands.smx] "Console<0><Console><Console>" refreshed the admin cache.
L 08/15/2020 - 11:26:44: [basecommands.smx] "Console<0><Console><Console>" changed cvar (cvar "sv_maxrate") (value "128000")
L 08/15/2020 - 11:26:44: [basecommands.smx] "Console<0><Console><Console>" changed cvar (cvar "sv_minrate") (value "128000")
L 08/15/2020 - 11:26:44: [basecommands.smx] "Console<0><Console><Console>" changed cvar (cvar "sv_maxcmdrate") (value "128")
L 08/15/2020 - 11:26:44: [basecommands.smx] "Console<0><Console><Console>" changed cvar (cvar "sv_mincmdrate") (value "128")
L 08/15/2020 - 11:26:44: [basecommands.smx] "Console<0><Console><Console>" changed cvar (cvar "sv_minupdaterate") (value "128")
L 08/15/2020 - 11:26:44: [basecommands.smx] "Console<0><Console><Console>" changed cvar (cvar "sv_maxupdaterate") (value "128")
L 08/15/2020 - 11:26:44: [basecommands.smx] "Console<0><Console><Console>" changed cvar (cvar "sv_maxunlag") (value "0.5")
L 08/15/2020 - 11:26:44: [basecommands.smx] "Console<0><Console><Console>" changed cvar (cvar "sv_unlag") (value "1")
L 08/15/2020 - 11:26:45: [chat-processor.smx] Message formats generated for game 'csgo'.
L 08/15/2020 - 11:26:45: [chat-processor.smx] Successfully hooked a SayText2 chat hook.
L 08/15/2020 - 11:26:45: [weapons.smx] Inactive players' data has been deleted
L 08/15/2020 - 11:42:48: [mapchooser.smx] Voting for next map has started.
L 08/15/2020 - 11:42:55: [mapchooser.smx] Voting for next map has finished. Nextmap: de_cache.
L 08/15/2020 - 11:45:08: [SM] Changed map to "de_cache"
L 08/15/2020 - 11:45:15: -------- Mapchange to de_cache --------
L 08/15/2020 - 11:45:15: [basecommands.smx] "Console<0><Console><Console>" refreshed the admin cache.
L 08/15/2020 - 11:45:15: [basecommands.smx] "Console<0><Console><Console>" changed cvar (cvar "sv_maxrate") (value "128000")
L 08/15/2020 - 11:45:15: [basecommands.smx] "Console<0><Console><Console>" changed cvar (cvar "sv_minrate") (value "128000")
L 08/15/2020 - 11:45:15: [basecommands.smx] "Console<0><Console><Console>" changed cvar (cvar "sv_maxcmdrate") (value "128")
L 08/15/2020 - 11:45:15: [basecommands.smx] "Console<0><Console><Console>" changed cvar (cvar "sv_mincmdrate") (value "128")
L 08/15/2020 - 11:45:15: [basecommands.smx] "Console<0><Console><Console>" changed cvar (cvar "sv_minupdaterate") (value "128")
L 08/15/2020 - 11:45:15: [basecommands.smx] "Console<0><Console><Console>" changed cvar (cvar "sv_maxupdaterate") (value "128")
L 08/15/2020 - 11:45:15: [basecommands.smx] "Console<0><Console><Console>" changed cvar (cvar "sv_maxunlag") (value "0.5")
L 08/15/2020 - 11:45:15: [basecommands.smx] "Console<0><Console><Console>" changed cvar (cvar "sv_unlag") (value "1")
L 08/15/2020 - 11:45:16: [chat-processor.smx] Message formats generated for game 'csgo'.
L 08/15/2020 - 11:45:16: [chat-processor.smx] Successfully hooked a SayText2 chat hook.
L 08/15/2020 - 11:45:18: [weapons.smx] Inactive players' data has been deleted
L 08/15/2020 - 12:00:50: [mapchooser.smx] Voting for next map has started.
L 08/15/2020 - 12:00:56: [mapchooser.smx] Voting for next map has finished. Nextmap: de_overpass.
L 08/15/2020 - 12:02:29: [SM] Changed map to "de_overpass"
L 08/15/2020 - 12:02:30: -------- Mapchange to de_overpass --------
L 08/15/2020 - 12:02:30: [basecommands.smx] "Console<0><Console><Console>" refreshed the admin cache.
L 08/15/2020 - 12:02:30: [basecommands.smx] "Console<0><Console><Console>" changed cvar (cvar "sv_maxrate") (value "128000")
L 08/15/2020 - 12:02:30: [basecommands.smx] "Console<0><Console><Console>" changed cvar (cvar "sv_minrate") (value "128000")
L 08/15/2020 - 12:02:30: [basecommands.smx] "Console<0><Console><Console>" changed cvar (cvar "sv_maxcmdrate") (value "128")
L 08/15/2020 - 12:02:30: [basecommands.smx] "Console<0><Console><Console>" changed cvar (cvar "sv_mincmdrate") (value "128")
L 08/15/2020 - 12:02:30: [basecommands.smx] "Console<0><Console><Console>" changed cvar (cvar "sv_minupdaterate") (value "128")
L 08/15/2020 - 12:02:30: [basecommands.smx] "Console<0><Console><Console>" changed cvar (cvar "sv_maxupdaterate") (value "128")
L 08/15/2020 - 12:02:30: [basecommands.smx] "Console<0><Console><Console>" changed cvar (cvar "sv_maxunlag") (value "0.5")
L 08/15/2020 - 12:02:30: [basecommands.smx] "Console<0><Console><Console>" changed cvar (cvar "sv_unlag") (value "1")
L 08/15/2020 - 12:02:31: [chat-processor.smx] Message formats generated for game 'csgo'.
L 08/15/2020 - 12:02:31: [chat-processor.smx] Successfully hooked a SayText2 chat hook.
L 08/15/2020 - 12:02:32: [weapons.smx] Inactive players' data has been deleted
L 08/15/2020 - 12:18:12: [mapchooser.smx] Voting for next map has started.
L 08/15/2020 - 12:18:28: [mapchooser.smx] Voting for next map has finished. Nextmap: de_train.
L 08/15/2020 - 12:20:08: [SM] Changed map to "de_train"
L 08/15/2020 - 12:20:09: -------- Mapchange to de_train --------
L 08/15/2020 - 12:20:09: [basecommands.smx] "Console<0><Console><Console>" refreshed the admin cache.
L 08/15/2020 - 12:20:09: [basecommands.smx] "Console<0><Console><Console>" changed cvar (cvar "sv_maxrate") (value "128000")
L 08/15/2020 - 12:20:09: [basecommands.smx] "Console<0><Console><Console>" changed cvar (cvar "sv_minrate") (value "128000")
L 08/15/2020 - 12:20:09: [basecommands.smx] "Console<0><Console><Console>" changed cvar (cvar "sv_maxcmdrate") (value "128")
L 08/15/2020 - 12:20:09: [basecommands.smx] "Console<0><Console><Console>" changed cvar (cvar "sv_mincmdrate") (value "128")
L 08/15/2020 - 12:20:09: [basecommands.smx] "Console<0><Console><Console>" changed cvar (cvar "sv_minupdaterate") (value "128")
L 08/15/2020 - 12:20:09: [basecommands.smx] "Console<0><Console><Console>" changed cvar (cvar "sv_maxupdaterate") (value "128")
L 08/15/2020 - 12:20:09: [basecommands.smx] "Console<0><Console><Console>" changed cvar (cvar "sv_maxunlag") (value "0.5")
L 08/15/2020 - 12:20:09: [basecommands.smx] "Console<0><Console><Console>" changed cvar (cvar "sv_unlag") (value "1")
L 08/15/2020 - 12:20:10: [chat-processor.smx] Message formats generated for game 'csgo'.
L 08/15/2020 - 12:20:10: [chat-processor.smx] Successfully hooked a SayText2 chat hook.
L 08/15/2020 - 12:20:11: [weapons.smx] Inactive players' data has been deleted
L 08/15/2020 - 12:30:03: -------- Mapchange to de_train --------
L 08/15/2020 - 12:30:04: [basecommands.smx] "Console<0><Console><Console>" refreshed the admin cache.
L 08/15/2020 - 12:30:04: [basecommands.smx] "Console<0><Console><Console>" changed cvar (cvar "sv_maxrate") (value "128000")
L 08/15/2020 - 12:30:04: [basecommands.smx] "Console<0><Console><Console>" changed cvar (cvar "sv_minrate") (value "128000")
L 08/15/2020 - 12:30:04: [basecommands.smx] "Console<0><Console><Console>" changed cvar (cvar "sv_maxcmdrate") (value "128")
L 08/15/2020 - 12:30:04: [basecommands.smx] "Console<0><Console><Console>" changed cvar (cvar "sv_mincmdrate") (value "128")
L 08/15/2020 - 12:30:04: [basecommands.smx] "Console<0><Console><Console>" changed cvar (cvar "sv_minupdaterate") (value "128")
L 08/15/2020 - 12:30:04: [basecommands.smx] "Console<0><Console><Console>" changed cvar (cvar "sv_maxupdaterate") (value "128")
L 08/15/2020 - 12:30:04: [basecommands.smx] "Console<0><Console><Console>" changed cvar (cvar "sv_maxunlag") (value "0.5")
L 08/15/2020 - 12:30:04: [basecommands.smx] "Console<0><Console><Console>" changed cvar (cvar "sv_unlag") (value "1")
L 08/15/2020 - 12:30:04: [chat-processor.smx] Message formats generated for game 'csgo'.
L 08/15/2020 - 12:30:04: [chat-processor.smx] Successfully hooked a SayText2 chat hook.
L 08/15/2020 - 12:30:05: [weapons.smx] Inactive players' data has been deleted
L 08/15/2020 - 12:46:28: [mapchooser.smx] Voting for next map has started.
L 08/15/2020 - 12:46:49: [mapchooser.smx] Voting for next map has finished. Nextmap: de_vertigo.
L 08/15/2020 - 12:48:39: [SM] Changed map to "de_vertigo"
L 08/15/2020 - 12:48:40: -------- Mapchange to de_vertigo --------
L 08/15/2020 - 12:48:40: [basecommands.smx] "Console<0><Console><Console>" refreshed the admin cache.
L 08/15/2020 - 12:48:40: [basecommands.smx] "Console<0><Console><Console>" changed cvar (cvar "sv_maxrate") (value "128000")
L 08/15/2020 - 12:48:40: [basecommands.smx] "Console<0><Console><Console>" changed cvar (cvar "sv_minrate") (value "128000")
L 08/15/2020 - 12:48:40: [basecommands.smx] "Console<0><Console><Console>" changed cvar (cvar "sv_maxcmdrate") (value "128")
L 08/15/2020 - 12:48:40: [basecommands.smx] "Console<0><Console><Console>" changed cvar (cvar "sv_mincmdrate") (value "128")
L 08/15/2020 - 12:48:40: [basecommands.smx] "Console<0><Console><Console>" changed cvar (cvar "sv_minupdaterate") (value "128")
L 08/15/2020 - 12:48:40: [basecommands.smx] "Console<0><Console><Console>" changed cvar (cvar "sv_maxupdaterate") (value "128")
L 08/15/2020 - 12:48:40: [basecommands.smx] "Console<0><Console><Console>" changed cvar (cvar "sv_maxunlag") (value "0.5")
L 08/15/2020 - 12:48:40: [basecommands.smx] "Console<0><Console><Console>" changed cvar (cvar "sv_unlag") (value "1")
L 08/15/2020 - 12:48:41: [chat-processor.smx] Message formats generated for game 'csgo'.
L 08/15/2020 - 12:48:41: [chat-processor.smx] Successfully hooked a SayText2 chat hook.
L 08/15/2020 - 12:48:41: [weapons.smx] Inactive players' data has been deleted
L 08/15/2020 - 13:02:32: [mapchooser.smx] Voting for next map has started.
L 08/15/2020 - 13:02:40: [mapchooser.smx] Voting for next map has finished. Nextmap: de_nuke.
L 08/15/2020 - 13:03:52: [SM] Changed map to "de_nuke"
L 08/15/2020 - 13:03:55: -------- Mapchange to de_nuke --------
L 08/15/2020 - 13:03:55: [basecommands.smx] "Console<0><Console><Console>" refreshed the admin cache.
L 08/15/2020 - 13:03:55: [basecommands.smx] "Console<0><Console><Console>" changed cvar (cvar "sv_maxrate") (value "128000")
L 08/15/2020 - 13:03:55: [basecommands.smx] "Console<0><Console><Console>" changed cvar (cvar "sv_minrate") (value "128000")
L 08/15/2020 - 13:03:55: [basecommands.smx] "Console<0><Console><Console>" changed cvar (cvar "sv_maxcmdrate") (value "128")
L 08/15/2020 - 13:03:55: [basecommands.smx] "Console<0><Console><Console>" changed cvar (cvar "sv_mincmdrate") (value "128")
L 08/15/2020 - 13:03:55: [basecommands.smx] "Console<0><Console><Console>" changed cvar (cvar "sv_minupdaterate") (value "128")
L 08/15/2020 - 13:03:55: [basecommands.smx] "Console<0><Console><Console>" changed cvar (cvar "sv_maxupdaterate") (value "128")
L 08/15/2020 - 13:03:55: [basecommands.smx] "Console<0><Console><Console>" changed cvar (cvar "sv_maxunlag") (value "0.5")
L 08/15/2020 - 13:03:55: [basecommands.smx] "Console<0><Console><Console>" changed cvar (cvar "sv_unlag") (value "1")
L 08/15/2020 - 13:03:55: [chat-processor.smx] Message formats generated for game 'csgo'.
L 08/15/2020 - 13:03:55: [chat-processor.smx] Successfully hooked a SayText2 chat hook.
L 08/15/2020 - 13:03:56: [weapons.smx] Inactive players' data has been deleted
L 08/15/2020 - 13:13:20: -------- Mapchange to de_nuke --------
L 08/15/2020 - 13:13:20: [basecommands.smx] "Console<0><Console><Console>" refreshed the admin cache.
L 08/15/2020 - 13:13:20: [basecommands.smx] "Console<0><Console><Console>" changed cvar (cvar "sv_maxrate") (value "128000")
L 08/15/2020 - 13:13:20: [basecommands.smx] "Console<0><Console><Console>" changed cvar (cvar "sv_minrate") (value "128000")
L 08/15/2020 - 13:13:20: [basecommands.smx] "Console<0><Console><Console>" changed cvar (cvar "sv_maxcmdrate") (value "128")
L 08/15/2020 - 13:13:20: [basecommands.smx] "Console<0><Console><Console>" changed cvar (cvar "sv_mincmdrate") (value "128")
L 08/15/2020 - 13:13:20: [basecommands.smx] "Console<0><Console><Console>" changed cvar (cvar "sv_minupdaterate") (value "128")
L 08/15/2020 - 13:13:20: [basecommands.smx] "Console<0><Console><Console>" changed cvar (cvar "sv_maxupdaterate") (value "128")
L 08/15/2020 - 13:13:20: [basecommands.smx] "Console<0><Console><Console>" changed cvar (cvar "sv_maxunlag") (value "0.5")
L 08/15/2020 - 13:13:20: [basecommands.smx] "Console<0><Console><Console>" changed cvar (cvar "sv_unlag") (value "1")
L 08/15/2020 - 13:13:20: [chat-processor.smx] Message formats generated for game 'csgo'.
L 08/15/2020 - 13:13:20: [chat-processor.smx] Successfully hooked a SayText2 chat hook.
L 08/15/2020 - 13:13:21: [weapons.smx] Inactive players' data has been deleted
L 08/15/2020 - 13:30:45: [mapchooser.smx] Voting for next map has started.
L 08/15/2020 - 13:31:04: [mapchooser.smx] Voting for next map has finished. Nextmap: de_inferno.
L 08/15/2020 - 13:32:56: [SM] Changed map to "de_inferno"
L 08/15/2020 - 13:32:57: -------- Mapchange to de_inferno --------
L 08/15/2020 - 13:32:57: [basecommands.smx] "Console<0><Console><Console>" refreshed the admin cache.
L 08/15/2020 - 13:32:57: [basecommands.smx] "Console<0><Console><Console>" changed cvar (cvar "sv_maxrate") (value "128000")
L 08/15/2020 - 13:32:57: [basecommands.smx] "Console<0><Console><Console>" changed cvar (cvar "sv_minrate") (value "128000")
L 08/15/2020 - 13:32:57: [basecommands.smx] "Console<0><Console><Console>" changed cvar (cvar "sv_maxcmdrate") (value "128")
L 08/15/2020 - 13:32:57: [basecommands.smx] "Console<0><Console><Console>" changed cvar (cvar "sv_mincmdrate") (value "128")
L 08/15/2020 - 13:32:57: [basecommands.smx] "Console<0><Console><Console>" changed cvar (cvar "sv_minupdaterate") (value "128")
L 08/15/2020 - 13:32:57: [basecommands.smx] "Console<0><Console><Console>" changed cvar (cvar "sv_maxupdaterate") (value "128")
L 08/15/2020 - 13:32:57: [basecommands.smx] "Console<0><Console><Console>" changed cvar (cvar "sv_maxunlag") (value "0.5")
L 08/15/2020 - 13:32:57: [basecommands.smx] "Console<0><Console><Console>" changed cvar (cvar "sv_unlag") (value "1")
L 08/15/2020 - 13:32:58: [chat-processor.smx] Message formats generated for game 'csgo'.
L 08/15/2020 - 13:32:58: [chat-processor.smx] Successfully hooked a SayText2 chat hook.
L 08/15/2020 - 13:32:59: [weapons.smx] Inactive players' data has been deleted
L 08/15/2020 - 13:46:49: [mapchooser.smx] Voting for next map has started.
L 08/15/2020 - 13:47:00: [mapchooser.smx] Voting for next map has finished. Nextmap: de_mirage.
L 08/15/2020 - 14:08:15: [SM] Changed map to "de_mirage"
L 08/15/2020 - 14:08:16: -------- Mapchange to de_mirage --------
L 08/15/2020 - 14:08:16: [basecommands.smx] "Console<0><Console><Console>" refreshed the admin cache.
L 08/15/2020 - 14:08:16: [basecommands.smx] "Console<0><Console><Console>" changed cvar (cvar "sv_maxrate") (value "128000")
L 08/15/2020 - 14:08:16: [basecommands.smx] "Console<0><Console><Console>" changed cvar (cvar "sv_minrate") (value "128000")
L 08/15/2020 - 14:08:16: [basecommands.smx] "Console<0><Console><Console>" changed cvar (cvar "sv_maxcmdrate") (value "128")
L 08/15/2020 - 14:08:16: [basecommands.smx] "Console<0><Console><Console>" changed cvar (cvar "sv_mincmdrate") (value "128")
L 08/15/2020 - 14:08:16: [basecommands.smx] "Console<0><Console><Console>" changed cvar (cvar "sv_minupdaterate") (value "128")
L 08/15/2020 - 14:08:16: [basecommands.smx] "Console<0><Console><Console>" changed cvar (cvar "sv_maxupdaterate") (value "128")
L 08/15/2020 - 14:08:16: [basecommands.smx] "Console<0><Console><Console>" changed cvar (cvar "sv_maxunlag") (value "0.5")
L 08/15/2020 - 14:08:16: [basecommands.smx] "Console<0><Console><Console>" changed cvar (cvar "sv_unlag") (value "1")
L 08/15/2020 - 14:08:17: [chat-processor.smx] Message formats generated for game 'csgo'.
L 08/15/2020 - 14:08:17: [chat-processor.smx] Successfully hooked a SayText2 chat hook.
L 08/15/2020 - 14:08:18: [weapons.smx] Inactive players' data has been deleted
L 08/15/2020 - 14:24:11: [mapchooser.smx] Voting for next map has started.
L 08/15/2020 - 14:24:17: [mapchooser.smx] Voting for next map has finished. Nextmap: de_dust2.
L 08/15/2020 - 14:26:39: [SM] Changed map to "de_dust2"
L 08/15/2020 - 14:26:42: -------- Mapchange to de_dust2 --------
L 08/15/2020 - 14:26:42: [basecommands.smx] "Console<0><Console><Console>" refreshed the admin cache.
L 08/15/2020 - 14:26:42: [basecommands.smx] "Console<0><Console><Console>" changed cvar (cvar "sv_maxrate") (value "128000")
L 08/15/2020 - 14:26:42: [basecommands.smx] "Console<0><Console><Console>" changed cvar (cvar "sv_minrate") (value "128000")
L 08/15/2020 - 14:26:42: [basecommands.smx] "Console<0><Console><Console>" changed cvar (cvar "sv_maxcmdrate") (value "128")
L 08/15/2020 - 14:26:42: [basecommands.smx] "Console<0><Console><Console>" changed cvar (cvar "sv_mincmdrate") (value "128")
L 08/15/2020 - 14:26:42: [basecommands.smx] "Console<0><Console><Console>" changed cvar (cvar "sv_minupdaterate") (value "128")
L 08/15/2020 - 14:26:42: [basecommands.smx] "Console<0><Console><Console>" changed cvar (cvar "sv_maxupdaterate") (value "128")
L 08/15/2020 - 14:26:42: [basecommands.smx] "Console<0><Console><Console>" changed cvar (cvar "sv_maxunlag") (value "0.5")
L 08/15/2020 - 14:26:42: [basecommands.smx] "Console<0><Console><Console>" changed cvar (cvar "sv_unlag") (value "1")
L 08/15/2020 - 14:26:43: [chat-processor.smx] Message formats generated for game 'csgo'.
L 08/15/2020 - 14:26:43: [chat-processor.smx] Successfully hooked a SayText2 chat hook.
L 08/15/2020 - 14:26:44: [weapons.smx] Inactive players' data has been deleted
L 08/15/2020 - 14:40:03: [mapchooser.smx] Voting for next map has started.
L 08/15/2020 - 14:40:13: [mapchooser.smx] Voting for next map has finished. Nextmap: de_train.
L 08/15/2020 - 14:43:11: -------- Mapchange to de_dust2 --------
L 08/15/2020 - 14:43:12: [basecommands.smx] "Console<0><Console><Console>" refreshed the admin cache.
L 08/15/2020 - 14:43:12: [basecommands.smx] "Console<0><Console><Console>" changed cvar (cvar "sv_maxrate") (value "128000")
L 08/15/2020 - 14:43:12: [basecommands.smx] "Console<0><Console><Console>" changed cvar (cvar "sv_minrate") (value "128000")
L 08/15/2020 - 14:43:12: [basecommands.smx] "Console<0><Console><Console>" changed cvar (cvar "sv_maxcmdrate") (value "128")
L 08/15/2020 - 14:43:12: [basecommands.smx] "Console<0><Console><Console>" changed cvar (cvar "sv_mincmdrate") (value "128")
L 08/15/2020 - 14:43:12: [basecommands.smx] "Console<0><Console><Console>" changed cvar (cvar "sv_minupdaterate") (value "128")
L 08/15/2020 - 14:43:12: [basecommands.smx] "Console<0><Console><Console>" changed cvar (cvar "sv_maxupdaterate") (value "128")
L 08/15/2020 - 14:43:12: [basecommands.smx] "Console<0><Console><Console>" changed cvar (cvar "sv_maxunlag") (value "0.5")
L 08/15/2020 - 14:43:12: [basecommands.smx] "Console<0><Console><Console>" changed cvar (cvar "sv_unlag") (value "1")
L 08/15/2020 - 14:43:12: [chat-processor.smx] Message formats generated for game 'csgo'.
L 08/15/2020 - 14:43:12: [chat-processor.smx] Successfully hooked a SayText2 chat hook.
L 08/15/2020 - 14:43:13: [weapons.smx] Inactive players' data has been deleted
L 08/15/2020 - 14:58:24: [mapchooser.smx] Voting for next map has started.
L 08/15/2020 - 14:58:45: [mapchooser.smx] Voting for next map has finished. Nextmap: de_vertigo.
L 08/15/2020 - 15:01:39: [SM] Changed map to "de_vertigo"
L 08/15/2020 - 15:01:40: -------- Mapchange to de_vertigo --------
L 08/15/2020 - 15:01:40: [basecommands.smx] "Console<0><Console><Console>" refreshed the admin cache.
L 08/15/2020 - 15:01:40: [basecommands.smx] "Console<0><Console><Console>" changed cvar (cvar "sv_maxrate") (value "128000")
L 08/15/2020 - 15:01:40: [basecommands.smx] "Console<0><Console><Console>" changed cvar (cvar "sv_minrate") (value "128000")
L 08/15/2020 - 15:01:40: [basecommands.smx] "Console<0><Console><Console>" changed cvar (cvar "sv_maxcmdrate") (value "128")
L 08/15/2020 - 15:01:40: [basecommands.smx] "Console<0><Console><Console>" changed cvar (cvar "sv_mincmdrate") (value "128")
L 08/15/2020 - 15:01:40: [basecommands.smx] "Console<0><Console><Console>" changed cvar (cvar "sv_minupdaterate") (value "128")
L 08/15/2020 - 15:01:40: [basecommands.smx] "Console<0><Console><Console>" changed cvar (cvar "sv_maxupdaterate") (value "128")
L 08/15/2020 - 15:01:40: [basecommands.smx] "Console<0><Console><Console>" changed cvar (cvar "sv_maxunlag") (value "0.5")
L 08/15/2020 - 15:01:40: [basecommands.smx] "Console<0><Console><Console>" changed cvar (cvar "sv_unlag") (value "1")
L 08/15/2020 - 15:01:41: [chat-processor.smx] Message formats generated for game 'csgo'.
L 08/15/2020 - 15:01:41: [chat-processor.smx] Successfully hooked a SayText2 chat hook.
L 08/15/2020 - 15:01:43: [weapons.smx] Inactive players' data has been deleted
L 08/15/2020 - 15:17:38: [mapchooser.smx] Voting for next map has started.
L 08/15/2020 - 15:17:51: [mapchooser.smx] Voting for next map has finished. Nextmap: de_train.
L 08/15/2020 - 15:19:09: [SM] Changed map to "de_train"
L 08/15/2020 - 15:19:10: -------- Mapchange to de_train --------
L 08/15/2020 - 15:19:11: [basecommands.smx] "Console<0><Console><Console>" refreshed the admin cache.
L 08/15/2020 - 15:19:11: [basecommands.smx] "Console<0><Console><Console>" changed cvar (cvar "sv_maxrate") (value "128000")
L 08/15/2020 - 15:19:11: [basecommands.smx] "Console<0><Console><Console>" changed cvar (cvar "sv_minrate") (value "128000")
L 08/15/2020 - 15:19:11: [basecommands.smx] "Console<0><Console><Console>" changed cvar (cvar "sv_maxcmdrate") (value "128")
L 08/15/2020 - 15:19:11: [basecommands.smx] "Console<0><Console><Console>" changed cvar (cvar "sv_mincmdrate") (value "128")
L 08/15/2020 - 15:19:11: [basecommands.smx] "Console<0><Console><Console>" changed cvar (cvar "sv_minupdaterate") (value "128")
L 08/15/2020 - 15:19:11: [basecommands.smx] "Console<0><Console><Console>" changed cvar (cvar "sv_maxupdaterate") (value "128")
L 08/15/2020 - 15:19:11: [basecommands.smx] "Console<0><Console><Console>" changed cvar (cvar "sv_maxunlag") (value "0.5")
L 08/15/2020 - 15:19:11: [basecommands.smx] "Console<0><Console><Console>" changed cvar (cvar "sv_unlag") (value "1")
L 08/15/2020 - 15:19:11: [chat-processor.smx] Message formats generated for game 'csgo'.
L 08/15/2020 - 15:19:11: [chat-processor.smx] Successfully hooked a SayText2 chat hook.
L 08/15/2020 - 15:19:12: [weapons.smx] Inactive players' data has been deleted
L 08/15/2020 - 15:35:58: [mapchooser.smx] Voting for next map has started.
L 08/15/2020 - 15:36:08: [mapchooser.smx] Voting for next map has finished. Nextmap: de_cache.
L 08/15/2020 - 15:38:16: [SM] Changed map to "de_cache"
L 08/15/2020 - 15:38:21: -------- Mapchange to de_cache --------
L 08/15/2020 - 15:38:21: [basecommands.smx] "Console<0><Console><Console>" refreshed the admin cache.
L 08/15/2020 - 15:38:21: [basecommands.smx] "Console<0><Console><Console>" changed cvar (cvar "sv_maxrate") (value "128000")
L 08/15/2020 - 15:38:21: [basecommands.smx] "Console<0><Console><Console>" changed cvar (cvar "sv_minrate") (value "128000")
L 08/15/2020 - 15:38:21: [basecommands.smx] "Console<0><Console><Console>" changed cvar (cvar "sv_maxcmdrate") (value "128")
L 08/15/2020 - 15:38:21: [basecommands.smx] "Console<0><Console><Console>" changed cvar (cvar "sv_mincmdrate") (value "128")
L 08/15/2020 - 15:38:21: [basecommands.smx] "Console<0><Console><Console>" changed cvar (cvar "sv_minupdaterate") (value "128")
L 08/15/2020 - 15:38:21: [basecommands.smx] "Console<0><Console><Console>" changed cvar (cvar "sv_maxupdaterate") (value "128")
L 08/15/2020 - 15:38:21: [basecommands.smx] "Console<0><Console><Console>" changed cvar (cvar "sv_maxunlag") (value "0.5")
L 08/15/2020 - 15:38:21: [basecommands.smx] "Console<0><Console><Console>" changed cvar (cvar "sv_unlag") (value "1")
L 08/15/2020 - 15:38:21: [chat-processor.smx] Message formats generated for game 'csgo'.
L 08/15/2020 - 15:38:21: [chat-processor.smx] Successfully hooked a SayText2 chat hook.
L 08/15/2020 - 15:38:23: [weapons.smx] Inactive players' data has been deleted
L 08/15/2020 - 15:54:56: [mapchooser.smx] Voting for next map has started.
L 08/15/2020 - 15:55:13: [mapchooser.smx] Voting for next map has finished. Nextmap: de_inferno.
L 08/15/2020 - 15:57:26: [SM] Changed map to "de_inferno"
L 08/15/2020 - 15:57:27: -------- Mapchange to de_inferno --------
L 08/15/2020 - 15:57:27: [basecommands.smx] "Console<0><Console><Console>" refreshed the admin cache.
L 08/15/2020 - 15:57:27: [basecommands.smx] "Console<0><Console><Console>" changed cvar (cvar "sv_maxrate") (value "128000")
L 08/15/2020 - 15:57:27: [basecommands.smx] "Console<0><Console><Console>" changed cvar (cvar "sv_minrate") (value "128000")
L 08/15/2020 - 15:57:27: [basecommands.smx] "Console<0><Console><Console>" changed cvar (cvar "sv_maxcmdrate") (value "128")
L 08/15/2020 - 15:57:27: [basecommands.smx] "Console<0><Console><Console>" changed cvar (cvar "sv_mincmdrate") (value "128")
L 08/15/2020 - 15:57:27: [basecommands.smx] "Console<0><Console><Console>" changed cvar (cvar "sv_minupdaterate") (value "128")
L 08/15/2020 - 15:57:27: [basecommands.smx] "Console<0><Console><Console>" changed cvar (cvar "sv_maxupdaterate") (value "128")
L 08/15/2020 - 15:57:27: [basecommands.smx] "Console<0><Console><Console>" changed cvar (cvar "sv_maxunlag") (value "0.5")
L 08/15/2020 - 15:57:27: [basecommands.smx] "Console<0><Console><Console>" changed cvar (cvar "sv_unlag") (value "1")
L 08/15/2020 - 15:57:28: [chat-processor.smx] Message formats generated for game 'csgo'.
L 08/15/2020 - 15:57:28: [chat-processor.smx] Successfully hooked a SayText2 chat hook.
L 08/15/2020 - 15:57:29: [weapons.smx] Inactive players' data has been deleted
L 08/15/2020 - 16:16:19: [mapchooser.smx] Voting for next map has started.
L 08/15/2020 - 16:16:27: [mapchooser.smx] Voting for next map has finished. Nextmap: de_mirage.
L 08/15/2020 - 16:21:00: [SM] Changed map to "de_mirage"
L 08/15/2020 - 16:21:01: -------- Mapchange to de_mirage --------
L 08/15/2020 - 16:21:01: [basecommands.smx] "Console<0><Console><Console>" refreshed the admin cache.
L 08/15/2020 - 16:21:01: [basecommands.smx] "Console<0><Console><Console>" changed cvar (cvar "sv_maxrate") (value "128000")
L 08/15/2020 - 16:21:01: [basecommands.smx] "Console<0><Console><Console>" changed cvar (cvar "sv_minrate") (value "128000")
L 08/15/2020 - 16:21:01: [basecommands.smx] "Console<0><Console><Console>" changed cvar (cvar "sv_maxcmdrate") (value "128")
L 08/15/2020 - 16:21:01: [basecommands.smx] "Console<0><Console><Console>" changed cvar (cvar "sv_mincmdrate") (value "128")
L 08/15/2020 - 16:21:01: [basecommands.smx] "Console<0><Console><Console>" changed cvar (cvar "sv_minupdaterate") (value "128")
L 08/15/2020 - 16:21:01: [basecommands.smx] "Console<0><Console><Console>" changed cvar (cvar "sv_maxupdaterate") (value "128")
L 08/15/2020 - 16:21:01: [basecommands.smx] "Console<0><Console><Console>" changed cvar (cvar "sv_maxunlag") (value "0.5")
L 08/15/2020 - 16:21:01: [basecommands.smx] "Console<0><Console><Console>" changed cvar (cvar "sv_unlag") (value "1")
L 08/15/2020 - 16:21:02: [chat-processor.smx] Message formats generated for game 'csgo'.
L 08/15/2020 - 16:21:02: [chat-processor.smx] Successfully hooked a SayText2 chat hook.
L 08/15/2020 - 16:21:03: [weapons.smx] Inactive players' data has been deleted
L 08/15/2020 - 16:36:54: [mapchooser.smx] Voting for next map has started.
L 08/15/2020 - 16:36:59: [mapchooser.smx] Voting for next map has finished. Nextmap: de_nuke.
L 08/15/2020 - 16:41:48: [SM] Changed map to "de_nuke"
L 08/15/2020 - 16:41:51: -------- Mapchange to de_nuke --------
L 08/15/2020 - 16:41:51: [basecommands.smx] "Console<0><Console><Console>" refreshed the admin cache.
L 08/15/2020 - 16:41:51: [basecommands.smx] "Console<0><Console><Console>" changed cvar (cvar "sv_maxrate") (value "128000")
L 08/15/2020 - 16:41:51: [basecommands.smx] "Console<0><Console><Console>" changed cvar (cvar "sv_minrate") (value "128000")
L 08/15/2020 - 16:41:51: [basecommands.smx] "Console<0><Console><Console>" changed cvar (cvar "sv_maxcmdrate") (value "128")
L 08/15/2020 - 16:41:51: [basecommands.smx] "Console<0><Console><Console>" changed cvar (cvar "sv_mincmdrate") (value "128")
L 08/15/2020 - 16:41:51: [basecommands.smx] "Console<0><Console><Console>" changed cvar (cvar "sv_minupdaterate") (value "128")
L 08/15/2020 - 16:41:51: [basecommands.smx] "Console<0><Console><Console>" changed cvar (cvar "sv_maxupdaterate") (value "128")
L 08/15/2020 - 16:41:51: [basecommands.smx] "Console<0><Console><Console>" changed cvar (cvar "sv_maxunlag") (value "0.5")
L 08/15/2020 - 16:41:51: [basecommands.smx] "Console<0><Console><Console>" changed cvar (cvar "sv_unlag") (value "1")
L 08/15/2020 - 16:41:52: [chat-processor.smx] Message formats generated for game 'csgo'.
L 08/15/2020 - 16:41:52: [chat-processor.smx] Successfully hooked a SayText2 chat hook.
L 08/15/2020 - 16:41:53: [weapons.smx] Inactive players' data has been deleted
L 08/15/2020 - 16:43:15: [basecomm.smx] "Console<0><Console><Console>" muted "`systeM<201><STEAM_1:0:81785551><>"
L 08/15/2020 - 16:43:15: [basecomm.smx] "Console<0><Console><Console>" gagged "`systeM<201><STEAM_1:0:81785551><>"
L 08/15/2020 - 17:00:31: [mapchooser.smx] Voting for next map has started.
L 08/15/2020 - 17:00:36: [mapchooser.smx] Voting for next map has finished. Nextmap: de_dust2.
L 08/15/2020 - 17:02:50: [SM] Changed map to "de_dust2"
L 08/15/2020 - 17:02:53: -------- Mapchange to de_dust2 --------
L 08/15/2020 - 17:02:53: [basecommands.smx] "Console<0><Console><Console>" refreshed the admin cache.
L 08/15/2020 - 17:02:53: [basecommands.smx] "Console<0><Console><Console>" changed cvar (cvar "sv_maxrate") (value "128000")
L 08/15/2020 - 17:02:53: [basecommands.smx] "Console<0><Console><Console>" changed cvar (cvar "sv_minrate") (value "128000")
L 08/15/2020 - 17:02:53: [basecommands.smx] "Console<0><Console><Console>" changed cvar (cvar "sv_maxcmdrate") (value "128")
L 08/15/2020 - 17:02:53: [basecommands.smx] "Console<0><Console><Console>" changed cvar (cvar "sv_mincmdrate") (value "128")
L 08/15/2020 - 17:02:53: [basecommands.smx] "Console<0><Console><Console>" changed cvar (cvar "sv_minupdaterate") (value "128")
L 08/15/2020 - 17:02:53: [basecommands.smx] "Console<0><Console><Console>" changed cvar (cvar "sv_maxupdaterate") (value "128")
L 08/15/2020 - 17:02:53: [basecommands.smx] "Console<0><Console><Console>" changed cvar (cvar "sv_maxunlag") (value "0.5")
L 08/15/2020 - 17:02:53: [basecommands.smx] "Console<0><Console><Console>" changed cvar (cvar "sv_unlag") (value "1")
L 08/15/2020 - 17:02:54: [chat-processor.smx] Message formats generated for game 'csgo'.
L 08/15/2020 - 17:02:54: [chat-processor.smx] Successfully hooked a SayText2 chat hook.
L 08/15/2020 - 17:02:55: [weapons.smx] Inactive players' data has been deleted
L 08/15/2020 - 17:09:00: [basecomm.smx] "Console<0><Console><Console>" muted "systeM<208><STEAM_1:0:81785551><>"
L 08/15/2020 - 17:09:00: [basecomm.smx] "Console<0><Console><Console>" gagged "systeM<208><STEAM_1:0:81785551><>"
L 08/15/2020 - 17:21:40: [mapchooser.smx] Voting for next map has started.
L 08/15/2020 - 17:21:44: [mapchooser.smx] Voting for next map has finished. Nextmap: de_overpass.
L 08/15/2020 - 17:25:23: [SM] Changed map to "de_overpass"
L 08/15/2020 - 17:25:24: -------- Mapchange to de_overpass --------
L 08/15/2020 - 17:25:24: [basecommands.smx] "Console<0><Console><Console>" refreshed the admin cache.
L 08/15/2020 - 17:25:24: [basecommands.smx] "Console<0><Console><Console>" changed cvar (cvar "sv_maxrate") (value "128000")
L 08/15/2020 - 17:25:24: [basecommands.smx] "Console<0><Console><Console>" changed cvar (cvar "sv_minrate") (value "128000")
L 08/15/2020 - 17:25:24: [basecommands.smx] "Console<0><Console><Console>" changed cvar (cvar "sv_maxcmdrate") (value "128")
L 08/15/2020 - 17:25:24: [basecommands.smx] "Console<0><Console><Console>" changed cvar (cvar "sv_mincmdrate") (value "128")
L 08/15/2020 - 17:25:24: [basecommands.smx] "Console<0><Console><Console>" changed cvar (cvar "sv_minupdaterate") (value "128")
L 08/15/2020 - 17:25:24: [basecommands.smx] "Console<0><Console><Console>" changed cvar (cvar "sv_maxupdaterate") (value "128")
L 08/15/2020 - 17:25:24: [basecommands.smx] "Console<0><Console><Console>" changed cvar (cvar "sv_maxunlag") (value "0.5")
L 08/15/2020 - 17:25:24: [basecommands.smx] "Console<0><Console><Console>" changed cvar (cvar "sv_unlag") (value "1")
L 08/15/2020 - 17:25:25: [chat-processor.smx] Message formats generated for game 'csgo'.
L 08/15/2020 - 17:25:25: [chat-processor.smx] Successfully hooked a SayText2 chat hook.
L 08/15/2020 - 17:25:26: [weapons.smx] Inactive players' data has been deleted
L 08/15/2020 - 17:41:37: [mapchooser.smx] Voting for next map has started.
L 08/15/2020 - 17:41:42: [mapchooser.smx] Voting for next map has finished. Nextmap: de_train.
L 08/15/2020 - 17:43:52: [SM] Changed map to "de_train"
L 08/15/2020 - 17:43:53: -------- Mapchange to de_train --------
L 08/15/2020 - 17:43:53: [basecommands.smx] "Console<0><Console><Console>" refreshed the admin cache.
L 08/15/2020 - 17:43:53: [basecommands.smx] "Console<0><Console><Console>" changed cvar (cvar "sv_maxrate") (value "128000")
L 08/15/2020 - 17:43:53: [basecommands.smx] "Console<0><Console><Console>" changed cvar (cvar "sv_minrate") (value "128000")
L 08/15/2020 - 17:43:53: [basecommands.smx] "Console<0><Console><Console>" changed cvar (cvar "sv_maxcmdrate") (value "128")
L 08/15/2020 - 17:43:53: [basecommands.smx] "Console<0><Console><Console>" changed cvar (cvar "sv_mincmdrate") (value "128")
L 08/15/2020 - 17:43:53: [basecommands.smx] "Console<0><Console><Console>" changed cvar (cvar "sv_minupdaterate") (value "128")
L 08/15/2020 - 17:43:53: [basecommands.smx] "Console<0><Console><Console>" changed cvar (cvar "sv_maxupdaterate") (value "128")
L 08/15/2020 - 17:43:53: [basecommands.smx] "Console<0><Console><Console>" changed cvar (cvar "sv_maxunlag") (value "0.5")
L 08/15/2020 - 17:43:53: [basecommands.smx] "Console<0><Console><Console>" changed cvar (cvar "sv_unlag") (value "1")
L 08/15/2020 - 17:43:54: [chat-processor.smx] Message formats generated for game 'csgo'.
L 08/15/2020 - 17:43:54: [chat-processor.smx] Successfully hooked a SayText2 chat hook.
L 08/15/2020 - 17:43:55: [weapons.smx] Inactive players' data has been deleted
L 08/15/2020 - 18:02:32: [mapchooser.smx] Voting for next map has started.
L 08/15/2020 - 18:02:38: [mapchooser.smx] Voting for next map has finished. Nextmap: de_vertigo.
L 08/15/2020 - 18:04:39: [SM] Changed map to "de_vertigo"
L 08/15/2020 - 18:04:40: -------- Mapchange to de_vertigo --------
L 08/15/2020 - 18:04:40: [basecommands.smx] "Console<0><Console><Console>" refreshed the admin cache.
L 08/15/2020 - 18:04:40: [basecommands.smx] "Console<0><Console><Console>" changed cvar (cvar "sv_maxrate") (value "128000")
L 08/15/2020 - 18:04:40: [basecommands.smx] "Console<0><Console><Console>" changed cvar (cvar "sv_minrate") (value "128000")
L 08/15/2020 - 18:04:40: [basecommands.smx] "Console<0><Console><Console>" changed cvar (cvar "sv_maxcmdrate") (value "128")
L 08/15/2020 - 18:04:40: [basecommands.smx] "Console<0><Console><Console>" changed cvar (cvar "sv_mincmdrate") (value "128")
L 08/15/2020 - 18:04:40: [basecommands.smx] "Console<0><Console><Console>" changed cvar (cvar "sv_minupdaterate") (value "128")
L 08/15/2020 - 18:04:40: [basecommands.smx] "Console<0><Console><Console>" changed cvar (cvar "sv_maxupdaterate") (value "128")
L 08/15/2020 - 18:04:40: [basecommands.smx] "Console<0><Console><Console>" changed cvar (cvar "sv_maxunlag") (value "0.5")
L 08/15/2020 - 18:04:40: [basecommands.smx] "Console<0><Console><Console>" changed cvar (cvar "sv_unlag") (value "1")
L 08/15/2020 - 18:04:41: [chat-processor.smx] Message formats generated for game 'csgo'.
L 08/15/2020 - 18:04:41: [chat-processor.smx] Successfully hooked a SayText2 chat hook.
L 08/15/2020 - 18:04:42: [weapons.smx] Inactive players' data has been deleted
L 08/15/2020 - 18:19:33: [mapchooser.smx] Voting for next map has started.
L 08/15/2020 - 18:19:54: [mapchooser.smx] Voting for next map has finished. Nextmap: de_inferno.
L 08/15/2020 - 18:21:37: [SM] Changed map to "de_inferno"
L 08/15/2020 - 18:21:38: -------- Mapchange to de_inferno --------
L 08/15/2020 - 18:21:38: [basecommands.smx] "Console<0><Console><Console>" refreshed the admin cache.
L 08/15/2020 - 18:21:38: [basecommands.smx] "Console<0><Console><Console>" changed cvar (cvar "sv_maxrate") (value "128000")
L 08/15/2020 - 18:21:38: [basecommands.smx] "Console<0><Console><Console>" changed cvar (cvar "sv_minrate") (value "128000")
L 08/15/2020 - 18:21:38: [basecommands.smx] "Console<0><Console><Console>" changed cvar (cvar "sv_maxcmdrate") (value "128")
L 08/15/2020 - 18:21:38: [basecommands.smx] "Console<0><Console><Console>" changed cvar (cvar "sv_mincmdrate") (value "128")
L 08/15/2020 - 18:21:38: [basecommands.smx] "Console<0><Console><Console>" changed cvar (cvar "sv_minupdaterate") (value "128")
L 08/15/2020 - 18:21:38: [basecommands.smx] "Console<0><Console><Console>" changed cvar (cvar "sv_maxupdaterate") (value "128")
L 08/15/2020 - 18:21:38: [basecommands.smx] "Console<0><Console><Console>" changed cvar (cvar "sv_maxunlag") (value "0.5")
L 08/15/2020 - 18:21:38: [basecommands.smx] "Console<0><Console><Console>" changed cvar (cvar "sv_unlag") (value "1")
L 08/15/2020 - 18:21:39: [chat-processor.smx] Message formats generated for game 'csgo'.
L 08/15/2020 - 18:21:39: [chat-processor.smx] Successfully hooked a SayText2 chat hook.
L 08/15/2020 - 18:21:40: [weapons.smx] Inactive players' data has been deleted
L 08/15/2020 - 18:37:59: [mapchooser.smx] Voting for next map has started.
L 08/15/2020 - 18:38:07: [mapchooser.smx] Voting for next map has finished. Nextmap: de_mirage.
L 08/15/2020 - 18:39:37: [SM] Changed map to "de_mirage"
L 08/15/2020 - 18:39:38: -------- Mapchange to de_mirage --------
L 08/15/2020 - 18:39:38: [basecommands.smx] "Console<0><Console><Console>" refreshed the admin cache.
L 08/15/2020 - 18:39:38: [basecommands.smx] "Console<0><Console><Console>" changed cvar (cvar "sv_maxrate") (value "128000")
L 08/15/2020 - 18:39:38: [basecommands.smx] "Console<0><Console><Console>" changed cvar (cvar "sv_minrate") (value "128000")
L 08/15/2020 - 18:39:38: [basecommands.smx] "Console<0><Console><Console>" changed cvar (cvar "sv_maxcmdrate") (value "128")
L 08/15/2020 - 18:39:38: [basecommands.smx] "Console<0><Console><Console>" changed cvar (cvar "sv_mincmdrate") (value "128")
L 08/15/2020 - 18:39:38: [basecommands.smx] "Console<0><Console><Console>" changed cvar (cvar "sv_minupdaterate") (value "128")
L 08/15/2020 - 18:39:38: [basecommands.smx] "Console<0><Console><Console>" changed cvar (cvar "sv_maxupdaterate") (value "128")
L 08/15/2020 - 18:39:38: [basecommands.smx] "Console<0><Console><Console>" changed cvar (cvar "sv_maxunlag") (value "0.5")
L 08/15/2020 - 18:39:38: [basecommands.smx] "Console<0><Console><Console>" changed cvar (cvar "sv_unlag") (value "1")
L 08/15/2020 - 18:39:39: [chat-processor.smx] Message formats generated for game 'csgo'.
L 08/15/2020 - 18:39:39: [chat-processor.smx] Successfully hooked a SayText2 chat hook.
L 08/15/2020 - 18:39:40: [weapons.smx] Inactive players' data has been deleted
L 08/15/2020 - 18:55:19: [mapchooser.smx] Voting for next map has started.
L 08/15/2020 - 18:55:21: [mapchooser.smx] Voting for next map has finished. Nextmap: de_nuke.
L 08/15/2020 - 19:05:12: -------- Mapchange to de_mirage --------
L 08/15/2020 - 19:05:12: [basecommands.smx] "Console<0><Console><Console>" refreshed the admin cache.
L 08/15/2020 - 19:05:12: [basecommands.smx] "Console<0><Console><Console>" changed cvar (cvar "sv_maxrate") (value "128000")
L 08/15/2020 - 19:05:12: [basecommands.smx] "Console<0><Console><Console>" changed cvar (cvar "sv_minrate") (value "128000")
L 08/15/2020 - 19:05:12: [basecommands.smx] "Console<0><Console><Console>" changed cvar (cvar "sv_maxcmdrate") (value "128")
L 08/15/2020 - 19:05:12: [basecommands.smx] "Console<0><Console><Console>" changed cvar (cvar "sv_mincmdrate") (value "128")
L 08/15/2020 - 19:05:12: [basecommands.smx] "Console<0><Console><Console>" changed cvar (cvar "sv_minupdaterate") (value "128")
L 08/15/2020 - 19:05:12: [basecommands.smx] "Console<0><Console><Console>" changed cvar (cvar "sv_maxupdaterate") (value "128")
L 08/15/2020 - 19:05:12: [basecommands.smx] "Console<0><Console><Console>" changed cvar (cvar "sv_maxunlag") (value "0.5")
L 08/15/2020 - 19:05:12: [basecommands.smx] "Console<0><Console><Console>" changed cvar (cvar "sv_unlag") (value "1")
L 08/15/2020 - 19:05:13: [chat-processor.smx] Message formats generated for game 'csgo'.
L 08/15/2020 - 19:05:13: [chat-processor.smx] Successfully hooked a SayText2 chat hook.
L 08/15/2020 - 19:05:13: [weapons.smx] Inactive players' data has been deleted
L 08/15/2020 - 19:21:33: [mapchooser.smx] Voting for next map has started.
L 08/15/2020 - 19:21:41: [mapchooser.smx] Voting for next map has finished. Nextmap: de_cache.
L 08/15/2020 - 19:23:34: [SM] Changed map to "de_cache"
L 08/15/2020 - 19:23:38: -------- Mapchange to de_cache --------
L 08/15/2020 - 19:23:38: [basecommands.smx] "Console<0><Console><Console>" refreshed the admin cache.
L 08/15/2020 - 19:23:38: [basecommands.smx] "Console<0><Console><Console>" changed cvar (cvar "sv_maxrate") (value "128000")
L 08/15/2020 - 19:23:38: [basecommands.smx] "Console<0><Console><Console>" changed cvar (cvar "sv_minrate") (value "128000")
L 08/15/2020 - 19:23:38: [basecommands.smx] "Console<0><Console><Console>" changed cvar (cvar "sv_maxcmdrate") (value "128")
L 08/15/2020 - 19:23:38: [basecommands.smx] "Console<0><Console><Console>" changed cvar (cvar "sv_mincmdrate") (value "128")
L 08/15/2020 - 19:23:38: [basecommands.smx] "Console<0><Console><Console>" changed cvar (cvar "sv_minupdaterate") (value "128")
L 08/15/2020 - 19:23:38: [basecommands.smx] "Console<0><Console><Console>" changed cvar (cvar "sv_maxupdaterate") (value "128")
L 08/15/2020 - 19:23:38: [basecommands.smx] "Console<0><Console><Console>" changed cvar (cvar "sv_maxunlag") (value "0.5")
L 08/15/2020 - 19:23:38: [basecommands.smx] "Console<0><Console><Console>" changed cvar (cvar "sv_unlag") (value "1")
L 08/15/2020 - 19:23:39: [chat-processor.smx] Message formats generated for game 'csgo'.
L 08/15/2020 - 19:23:39: [chat-processor.smx] Successfully hooked a SayText2 chat hook.
L 08/15/2020 - 19:23:40: [weapons.smx] Inactive players' data has been deleted
L 08/15/2020 - 19:41:56: [mapchooser.smx] Voting for next map has started.
L 08/15/2020 - 19:42:16: [mapchooser.smx] Voting for next map has finished. Nextmap: de_dust2.
L 08/15/2020 - 19:45:13: [SM] Changed map to "de_dust2"
L 08/15/2020 - 19:45:17: -------- Mapchange to de_dust2 --------
L 08/15/2020 - 19:45:17: [basecommands.smx] "Console<0><Console><Console>" refreshed the admin cache.
L 08/15/2020 - 19:45:17: [basecommands.smx] "Console<0><Console><Console>" changed cvar (cvar "sv_maxrate") (value "128000")
L 08/15/2020 - 19:45:17: [basecommands.smx] "Console<0><Console><Console>" changed cvar (cvar "sv_minrate") (value "128000")
L 08/15/2020 - 19:45:17: [basecommands.smx] "Console<0><Console><Console>" changed cvar (cvar "sv_maxcmdrate") (value "128")
L 08/15/2020 - 19:45:17: [basecommands.smx] "Console<0><Console><Console>" changed cvar (cvar "sv_mincmdrate") (value "128")
L 08/15/2020 - 19:45:17: [basecommands.smx] "Console<0><Console><Console>" changed cvar (cvar "sv_minupdaterate") (value "128")
L 08/15/2020 - 19:45:17: [basecommands.smx] "Console<0><Console><Console>" changed cvar (cvar "sv_maxupdaterate") (value "128")
L 08/15/2020 - 19:45:17: [basecommands.smx] "Console<0><Console><Console>" changed cvar (cvar "sv_maxunlag") (value "0.5")
L 08/15/2020 - 19:45:17: [basecommands.smx] "Console<0><Console><Console>" changed cvar (cvar "sv_unlag") (value "1")
L 08/15/2020 - 19:45:18: [chat-processor.smx] Message formats generated for game 'csgo'.
L 08/15/2020 - 19:45:18: [chat-processor.smx] Successfully hooked a SayText2 chat hook.
L 08/15/2020 - 19:45:20: [weapons.smx] Inactive players' data has been deleted
L 08/15/2020 - 20:01:03: [mapchooser.smx] Voting for next map has started.
L 08/15/2020 - 20:01:16: [mapchooser.smx] Voting for next map has finished. Nextmap: de_overpass.
L 08/15/2020 - 20:03:06: [SM] Changed map to "de_overpass"
L 08/15/2020 - 20:03:07: -------- Mapchange to de_overpass --------
L 08/15/2020 - 20:03:07: [basecommands.smx] "Console<0><Console><Console>" refreshed the admin cache.
L 08/15/2020 - 20:03:07: [basecommands.smx] "Console<0><Console><Console>" changed cvar (cvar "sv_maxrate") (value "128000")
L 08/15/2020 - 20:03:07: [basecommands.smx] "Console<0><Console><Console>" changed cvar (cvar "sv_minrate") (value "128000")
L 08/15/2020 - 20:03:07: [basecommands.smx] "Console<0><Console><Console>" changed cvar (cvar "sv_maxcmdrate") (value "128")
L 08/15/2020 - 20:03:07: [basecommands.smx] "Console<0><Console><Console>" changed cvar (cvar "sv_mincmdrate") (value "128")
L 08/15/2020 - 20:03:07: [basecommands.smx] "Console<0><Console><Console>" changed cvar (cvar "sv_minupdaterate") (value "128")
L 08/15/2020 - 20:03:07: [basecommands.smx] "Console<0><Console><Console>" changed cvar (cvar "sv_maxupdaterate") (value "128")
L 08/15/2020 - 20:03:07: [basecommands.smx] "Console<0><Console><Console>" changed cvar (cvar "sv_maxunlag") (value "0.5")
L 08/15/2020 - 20:03:07: [basecommands.smx] "Console<0><Console><Console>" changed cvar (cvar "sv_unlag") (value "1")
L 08/15/2020 - 20:03:08: [chat-processor.smx] Message formats generated for game 'csgo'.
L 08/15/2020 - 20:03:08: [chat-processor.smx] Successfully hooked a SayText2 chat hook.
L 08/15/2020 - 20:03:09: [weapons.smx] Inactive players' data has been deleted
L 08/15/2020 - 20:18:28: [mapchooser.smx] Voting for next map has started.
L 08/15/2020 - 20:18:33: [mapchooser.smx] Voting for next map has finished. Nextmap: de_nuke.
L 08/15/2020 - 20:20:46: [SM] Changed map to "de_nuke"
L 08/15/2020 - 20:20:49: -------- Mapchange to de_nuke --------
L 08/15/2020 - 20:20:49: [basecommands.smx] "Console<0><Console><Console>" refreshed the admin cache.
L 08/15/2020 - 20:20:49: [basecommands.smx] "Console<0><Console><Console>" changed cvar (cvar "sv_maxrate") (value "128000")
L 08/15/2020 - 20:20:49: [basecommands.smx] "Console<0><Console><Console>" changed cvar (cvar "sv_minrate") (value "128000")
L 08/15/2020 - 20:20:49: [basecommands.smx] "Console<0><Console><Console>" changed cvar (cvar "sv_maxcmdrate") (value "128")
L 08/15/2020 - 20:20:49: [basecommands.smx] "Console<0><Console><Console>" changed cvar (cvar "sv_mincmdrate") (value "128")
L 08/15/2020 - 20:20:49: [basecommands.smx] "Console<0><Console><Console>" changed cvar (cvar "sv_minupdaterate") (value "128")
L 08/15/2020 - 20:20:49: [basecommands.smx] "Console<0><Console><Console>" changed cvar (cvar "sv_maxupdaterate") (value "128")
L 08/15/2020 - 20:20:49: [basecommands.smx] "Console<0><Console><Console>" changed cvar (cvar "sv_maxunlag") (value "0.5")
L 08/15/2020 - 20:20:49: [basecommands.smx] "Console<0><Console><Console>" changed cvar (cvar "sv_unlag") (value "1")
L 08/15/2020 - 20:20:49: [chat-processor.smx] Message formats generated for game 'csgo'.
L 08/15/2020 - 20:20:49: [chat-processor.smx] Successfully hooked a SayText2 chat hook.
L 08/15/2020 - 20:20:51: [weapons.smx] Inactive players' data has been deleted
L 08/15/2020 - 20:36:58: [mapchooser.smx] Voting for next map has started.
L 08/15/2020 - 20:37:11: [mapchooser.smx] Voting for next map has finished. Nextmap: de_inferno.
L 08/15/2020 - 20:38:39: [SM] Changed map to "de_inferno"
L 08/15/2020 - 20:38:40: -------- Mapchange to de_inferno --------
L 08/15/2020 - 20:38:40: [basecommands.smx] "Console<0><Console><Console>" refreshed the admin cache.
L 08/15/2020 - 20:38:40: [basecommands.smx] "Console<0><Console><Console>" changed cvar (cvar "sv_maxrate") (value "128000")
L 08/15/2020 - 20:38:40: [basecommands.smx] "Console<0><Console><Console>" changed cvar (cvar "sv_minrate") (value "128000")
L 08/15/2020 - 20:38:40: [basecommands.smx] "Console<0><Console><Console>" changed cvar (cvar "sv_maxcmdrate") (value "128")
L 08/15/2020 - 20:38:40: [basecommands.smx] "Console<0><Console><Console>" changed cvar (cvar "sv_mincmdrate") (value "128")
L 08/15/2020 - 20:38:40: [basecommands.smx] "Console<0><Console><Console>" changed cvar (cvar "sv_minupdaterate") (value "128")
L 08/15/2020 - 20:38:40: [basecommands.smx] "Console<0><Console><Console>" changed cvar (cvar "sv_maxupdaterate") (value "128")
L 08/15/2020 - 20:38:40: [basecommands.smx] "Console<0><Console><Console>" changed cvar (cvar "sv_maxunlag") (value "0.5")
L 08/15/2020 - 20:38:40: [basecommands.smx] "Console<0><Console><Console>" changed cvar (cvar "sv_unlag") (value "1")
L 08/15/2020 - 20:38:41: [chat-processor.smx] Message formats generated for game 'csgo'.
L 08/15/2020 - 20:38:41: [chat-processor.smx] Successfully hooked a SayText2 chat hook.
L 08/15/2020 - 20:38:42: [weapons.smx] Inactive players' data has been deleted
L 08/15/2020 - 20:54:33: [mapchooser.smx] Voting for next map has started.
L 08/15/2020 - 20:54:36: [mapchooser.smx] Voting for next map has finished. Nextmap: de_vertigo.
L 08/15/2020 - 20:56:08: [SM] Changed map to "de_vertigo"
L 08/15/2020 - 20:56:09: -------- Mapchange to de_vertigo --------
L 08/15/2020 - 20:56:09: [basecommands.smx] "Console<0><Console><Console>" refreshed the admin cache.
L 08/15/2020 - 20:56:09: [basecommands.smx] "Console<0><Console><Console>" changed cvar (cvar "sv_maxrate") (value "128000")
L 08/15/2020 - 20:56:09: [basecommands.smx] "Console<0><Console><Console>" changed cvar (cvar "sv_minrate") (value "128000")
L 08/15/2020 - 20:56:09: [basecommands.smx] "Console<0><Console><Console>" changed cvar (cvar "sv_maxcmdrate") (value "128")
L 08/15/2020 - 20:56:09: [basecommands.smx] "Console<0><Console><Console>" changed cvar (cvar "sv_mincmdrate") (value "128")
L 08/15/2020 - 20:56:09: [basecommands.smx] "Console<0><Console><Console>" changed cvar (cvar "sv_minupdaterate") (value "128")
L 08/15/2020 - 20:56:09: [basecommands.smx] "Console<0><Console><Console>" changed cvar (cvar "sv_maxupdaterate") (value "128")
L 08/15/2020 - 20:56:09: [basecommands.smx] "Console<0><Console><Console>" changed cvar (cvar "sv_maxunlag") (value "0.5")
L 08/15/2020 - 20:56:09: [basecommands.smx] "Console<0><Console><Console>" changed cvar (cvar "sv_unlag") (value "1")
L 08/15/2020 - 20:56:10: [chat-processor.smx] Message formats generated for game 'csgo'.
L 08/15/2020 - 20:56:10: [chat-processor.smx] Successfully hooked a SayText2 chat hook.
L 08/15/2020 - 20:56:11: [weapons.smx] Inactive players' data has been deleted
L 08/15/2020 - 21:06:42: -------- Mapchange to de_vertigo --------
L 08/15/2020 - 21:06:42: [basecommands.smx] "Console<0><Console><Console>" refreshed the admin cache.
L 08/15/2020 - 21:06:42: [basecommands.smx] "Console<0><Console><Console>" changed cvar (cvar "sv_maxrate") (value "128000")
L 08/15/2020 - 21:06:42: [basecommands.smx] "Console<0><Console><Console>" changed cvar (cvar "sv_minrate") (value "128000")
L 08/15/2020 - 21:06:42: [basecommands.smx] "Console<0><Console><Console>" changed cvar (cvar "sv_maxcmdrate") (value "128")
L 08/15/2020 - 21:06:42: [basecommands.smx] "Console<0><Console><Console>" changed cvar (cvar "sv_mincmdrate") (value "128")
L 08/15/2020 - 21:06:42: [basecommands.smx] "Console<0><Console><Console>" changed cvar (cvar "sv_minupdaterate") (value "128")
L 08/15/2020 - 21:06:42: [basecommands.smx] "Console<0><Console><Console>" changed cvar (cvar "sv_maxupdaterate") (value "128")
L 08/15/2020 - 21:06:42: [basecommands.smx] "Console<0><Console><Console>" changed cvar (cvar "sv_maxunlag") (value "0.5")
L 08/15/2020 - 21:06:42: [basecommands.smx] "Console<0><Console><Console>" changed cvar (cvar "sv_unlag") (value "1")
L 08/15/2020 - 21:06:42: [chat-processor.smx] Message formats generated for game 'csgo'.
L 08/15/2020 - 21:06:42: [chat-processor.smx] Successfully hooked a SayText2 chat hook.
L 08/15/2020 - 21:06:43: [weapons.smx] Inactive players' data has been deleted
L 08/15/2020 - 21:17:36: -------- Mapchange to de_vertigo --------
L 08/15/2020 - 21:17:36: [basecommands.smx] "Console<0><Console><Console>" refreshed the admin cache.
L 08/15/2020 - 21:17:36: [basecommands.smx] "Console<0><Console><Console>" changed cvar (cvar "sv_maxrate") (value "128000")
L 08/15/2020 - 21:17:36: [basecommands.smx] "Console<0><Console><Console>" changed cvar (cvar "sv_minrate") (value "128000")
L 08/15/2020 - 21:17:36: [basecommands.smx] "Console<0><Console><Console>" changed cvar (cvar "sv_maxcmdrate") (value "128")
L 08/15/2020 - 21:17:36: [basecommands.smx] "Console<0><Console><Console>" changed cvar (cvar "sv_mincmdrate") (value "128")
L 08/15/2020 - 21:17:36: [basecommands.smx] "Console<0><Console><Console>" changed cvar (cvar "sv_minupdaterate") (value "128")
L 08/15/2020 - 21:17:36: [basecommands.smx] "Console<0><Console><Console>" changed cvar (cvar "sv_maxupdaterate") (value "128")
L 08/15/2020 - 21:17:36: [basecommands.smx] "Console<0><Console><Console>" changed cvar (cvar "sv_maxunlag") (value "0.5")
L 08/15/2020 - 21:17:36: [basecommands.smx] "Console<0><Console><Console>" changed cvar (cvar "sv_unlag") (value "1")
L 08/15/2020 - 21:17:36: [chat-processor.smx] Message formats generated for game 'csgo'.
L 08/15/2020 - 21:17:36: [chat-processor.smx] Successfully hooked a SayText2 chat hook.
L 08/15/2020 - 21:17:37: [weapons.smx] Inactive players' data has been deleted
L 08/15/2020 - 21:35:39: -------- Mapchange to de_vertigo --------
L 08/15/2020 - 21:35:39: [basecommands.smx] "Console<0><Console><Console>" refreshed the admin cache.
L 08/15/2020 - 21:35:39: [basecommands.smx] "Console<0><Console><Console>" changed cvar (cvar "sv_maxrate") (value "128000")
L 08/15/2020 - 21:35:39: [basecommands.smx] "Console<0><Console><Console>" changed cvar (cvar "sv_minrate") (value "128000")
L 08/15/2020 - 21:35:39: [basecommands.smx] "Console<0><Console><Console>" changed cvar (cvar "sv_maxcmdrate") (value "128")
L 08/15/2020 - 21:35:39: [basecommands.smx] "Console<0><Console><Console>" changed cvar (cvar "sv_mincmdrate") (value "128")
L 08/15/2020 - 21:35:39: [basecommands.smx] "Console<0><Console><Console>" changed cvar (cvar "sv_minupdaterate") (value "128")
L 08/15/2020 - 21:35:39: [basecommands.smx] "Console<0><Console><Console>" changed cvar (cvar "sv_maxupdaterate") (value "128")
L 08/15/2020 - 21:35:39: [basecommands.smx] "Console<0><Console><Console>" changed cvar (cvar "sv_maxunlag") (value "0.5")
L 08/15/2020 - 21:35:39: [basecommands.smx] "Console<0><Console><Console>" changed cvar (cvar "sv_unlag") (value "1")
L 08/15/2020 - 21:35:40: [chat-processor.smx] Message formats generated for game 'csgo'.
L 08/15/2020 - 21:35:40: [chat-processor.smx] Successfully hooked a SayText2 chat hook.
L 08/15/2020 - 21:35:40: [weapons.smx] Inactive players' data has been deleted
L 08/15/2020 - 21:46:31: -------- Mapchange to de_vertigo --------
L 08/15/2020 - 21:46:31: [basecommands.smx] "Console<0><Console><Console>" refreshed the admin cache.
L 08/15/2020 - 21:46:31: [basecommands.smx] "Console<0><Console><Console>" changed cvar (cvar "sv_maxrate") (value "128000")
L 08/15/2020 - 21:46:31: [basecommands.smx] "Console<0><Console><Console>" changed cvar (cvar "sv_minrate") (value "128000")
L 08/15/2020 - 21:46:31: [basecommands.smx] "Console<0><Console><Console>" changed cvar (cvar "sv_maxcmdrate") (value "128")
L 08/15/2020 - 21:46:31: [basecommands.smx] "Console<0><Console><Console>" changed cvar (cvar "sv_mincmdrate") (value "128")
L 08/15/2020 - 21:46:31: [basecommands.smx] "Console<0><Console><Console>" changed cvar (cvar "sv_minupdaterate") (value "128")
L 08/15/2020 - 21:46:31: [basecommands.smx] "Console<0><Console><Console>" changed cvar (cvar "sv_maxupdaterate") (value "128")
L 08/15/2020 - 21:46:31: [basecommands.smx] "Console<0><Console><Console>" changed cvar (cvar "sv_maxunlag") (value "0.5")
L 08/15/2020 - 21:46:31: [basecommands.smx] "Console<0><Console><Console>" changed cvar (cvar "sv_unlag") (value "1")
L 08/15/2020 - 21:46:32: [chat-processor.smx] Message formats generated for game 'csgo'.
L 08/15/2020 - 21:46:32: [chat-processor.smx] Successfully hooked a SayText2 chat hook.
L 08/15/2020 - 21:46:32: [weapons.smx] Inactive players' data has been deleted
L 08/15/2020 - 21:57:23: [mapchooser.smx] Voting for next map has started.
L 08/15/2020 - 21:57:26: [mapchooser.smx] Voting for next map has finished. Nextmap: de_nuke.
L 08/15/2020 - 21:59:25: [rockthevote.smx] RTV changing map manually
L 08/15/2020 - 21:59:25: [SM] Changed map to "de_nuke"
L 08/15/2020 - 21:59:28: -------- Mapchange to de_nuke --------
L 08/15/2020 - 21:59:28: [basecommands.smx] "Console<0><Console><Console>" refreshed the admin cache.
L 08/15/2020 - 21:59:28: [basecommands.smx] "Console<0><Console><Console>" changed cvar (cvar "sv_maxrate") (value "128000")
L 08/15/2020 - 21:59:28: [basecommands.smx] "Console<0><Console><Console>" changed cvar (cvar "sv_minrate") (value "128000")
L 08/15/2020 - 21:59:28: [basecommands.smx] "Console<0><Console><Console>" changed cvar (cvar "sv_maxcmdrate") (value "128")
L 08/15/2020 - 21:59:28: [basecommands.smx] "Console<0><Console><Console>" changed cvar (cvar "sv_mincmdrate") (value "128")
L 08/15/2020 - 21:59:28: [basecommands.smx] "Console<0><Console><Console>" changed cvar (cvar "sv_minupdaterate") (value "128")
L 08/15/2020 - 21:59:28: [basecommands.smx] "Console<0><Console><Console>" changed cvar (cvar "sv_maxupdaterate") (value "128")
L 08/15/2020 - 21:59:28: [basecommands.smx] "Console<0><Console><Console>" changed cvar (cvar "sv_maxunlag") (value "0.5")
L 08/15/2020 - 21:59:28: [basecommands.smx] "Console<0><Console><Console>" changed cvar (cvar "sv_unlag") (value "1")
L 08/15/2020 - 21:59:29: [chat-processor.smx] Message formats generated for game 'csgo'.
L 08/15/2020 - 21:59:29: [chat-processor.smx] Successfully hooked a SayText2 chat hook.
L 08/15/2020 - 21:59:29: [weapons.smx] Inactive players' data has been deleted
L 08/15/2020 - 22:13:41: -------- Mapchange to de_nuke --------
L 08/15/2020 - 22:13:41: [basecommands.smx] "Console<0><Console><Console>" refreshed the admin cache.
L 08/15/2020 - 22:13:41: [basecommands.smx] "Console<0><Console><Console>" changed cvar (cvar "sv_maxrate") (value "128000")
L 08/15/2020 - 22:13:41: [basecommands.smx] "Console<0><Console><Console>" changed cvar (cvar "sv_minrate") (value "128000")
L 08/15/2020 - 22:13:41: [basecommands.smx] "Console<0><Console><Console>" changed cvar (cvar "sv_maxcmdrate") (value "128")
L 08/15/2020 - 22:13:41: [basecommands.smx] "Console<0><Console><Console>" changed cvar (cvar "sv_mincmdrate") (value "128")
L 08/15/2020 - 22:13:41: [basecommands.smx] "Console<0><Console><Console>" changed cvar (cvar "sv_minupdaterate") (value "128")
L 08/15/2020 - 22:13:41: [basecommands.smx] "Console<0><Console><Console>" changed cvar (cvar "sv_maxupdaterate") (value "128")
L 08/15/2020 - 22:13:41: [basecommands.smx] "Console<0><Console><Console>" changed cvar (cvar "sv_maxunlag") (value "0.5")
L 08/15/2020 - 22:13:41: [basecommands.smx] "Console<0><Console><Console>" changed cvar (cvar "sv_unlag") (value "1")
L 08/15/2020 - 22:13:42: [chat-processor.smx] Message formats generated for game 'csgo'.
L 08/15/2020 - 22:13:42: [chat-processor.smx] Successfully hooked a SayText2 chat hook.
L 08/15/2020 - 22:13:42: [weapons.smx] Inactive players' data has been deleted
L 08/15/2020 - 23:07:16: -------- Mapchange to de_nuke --------
L 08/15/2020 - 23:07:16: [basecommands.smx] "Console<0><Console><Console>" refreshed the admin cache.
L 08/15/2020 - 23:07:16: [basecommands.smx] "Console<0><Console><Console>" changed cvar (cvar "sv_maxrate") (value "128000")
L 08/15/2020 - 23:07:16: [basecommands.smx] "Console<0><Console><Console>" changed cvar (cvar "sv_minrate") (value "128000")
L 08/15/2020 - 23:07:16: [basecommands.smx] "Console<0><Console><Console>" changed cvar (cvar "sv_maxcmdrate") (value "128")
L 08/15/2020 - 23:07:16: [basecommands.smx] "Console<0><Console><Console>" changed cvar (cvar "sv_mincmdrate") (value "128")
L 08/15/2020 - 23:07:16: [basecommands.smx] "Console<0><Console><Console>" changed cvar (cvar "sv_minupdaterate") (value "128")
L 08/15/2020 - 23:07:16: [basecommands.smx] "Console<0><Console><Console>" changed cvar (cvar "sv_maxupdaterate") (value "128")
L 08/15/2020 - 23:07:16: [basecommands.smx] "Console<0><Console><Console>" changed cvar (cvar "sv_maxunlag") (value "0.5")
L 08/15/2020 - 23:07:16: [basecommands.smx] "Console<0><Console><Console>" changed cvar (cvar "sv_unlag") (value "1")
L 08/15/2020 - 23:07:17: [chat-processor.smx] Message formats generated for game 'csgo'.
L 08/15/2020 - 23:07:17: [chat-processor.smx] Successfully hooked a SayText2 chat hook.
L 08/15/2020 - 23:07:17: [weapons.smx] Inactive players' data has been deleted
L 08/15/2020 - 23:21:29: [mapchooser.smx] Voting for next map has started.
L 08/15/2020 - 23:21:39: [mapchooser.smx] Voting for next map has finished. Nextmap: de_mirage.
L 08/15/2020 - 23:23:51: [SM] Changed map to "de_mirage"
L 08/15/2020 - 23:23:51: -------- Mapchange to de_mirage --------
L 08/15/2020 - 23:23:51: [basecommands.smx] "Console<0><Console><Console>" refreshed the admin cache.
L 08/15/2020 - 23:23:51: [basecommands.smx] "Console<0><Console><Console>" changed cvar (cvar "sv_maxrate") (value "128000")
L 08/15/2020 - 23:23:51: [basecommands.smx] "Console<0><Console><Console>" changed cvar (cvar "sv_minrate") (value "128000")
L 08/15/2020 - 23:23:51: [basecommands.smx] "Console<0><Console><Console>" changed cvar (cvar "sv_maxcmdrate") (value "128")
L 08/15/2020 - 23:23:51: [basecommands.smx] "Console<0><Console><Console>" changed cvar (cvar "sv_mincmdrate") (value "128")
L 08/15/2020 - 23:23:51: [basecommands.smx] "Console<0><Console><Console>" changed cvar (cvar "sv_minupdaterate") (value "128")
L 08/15/2020 - 23:23:51: [basecommands.smx] "Console<0><Console><Console>" changed cvar (cvar "sv_maxupdaterate") (value "128")
L 08/15/2020 - 23:23:51: [basecommands.smx] "Console<0><Console><Console>" changed cvar (cvar "sv_maxunlag") (value "0.5")
L 08/15/2020 - 23:23:51: [basecommands.smx] "Console<0><Console><Console>" changed cvar (cvar "sv_unlag") (value "1")
L 08/15/2020 - 23:23:52: [chat-processor.smx] Message formats generated for game 'csgo'.
L 08/15/2020 - 23:23:52: [chat-processor.smx] Successfully hooked a SayText2 chat hook.
L 08/15/2020 - 23:23:53: [weapons.smx] Inactive players' data has been deleted
L 08/15/2020 - 23:34:41: [mapchooser.smx] Voting for next map has started.
L 08/15/2020 - 23:34:48: [mapchooser.smx] Voting for next map has finished. Nextmap: de_dust2.
L 08/15/2020 - 23:47:51: -------- Mapchange to de_mirage --------
L 08/15/2020 - 23:47:51: [basecommands.smx] "Console<0><Console><Console>" refreshed the admin cache.
L 08/15/2020 - 23:47:51: [basecommands.smx] "Console<0><Console><Console>" changed cvar (cvar "sv_maxrate") (value "128000")
L 08/15/2020 - 23:47:51: [basecommands.smx] "Console<0><Console><Console>" changed cvar (cvar "sv_minrate") (value "128000")
L 08/15/2020 - 23:47:51: [basecommands.smx] "Console<0><Console><Console>" changed cvar (cvar "sv_maxcmdrate") (value "128")
L 08/15/2020 - 23:47:51: [basecommands.smx] "Console<0><Console><Console>" changed cvar (cvar "sv_mincmdrate") (value "128")
L 08/15/2020 - 23:47:51: [basecommands.smx] "Console<0><Console><Console>" changed cvar (cvar "sv_minupdaterate") (value "128")
L 08/15/2020 - 23:47:51: [basecommands.smx] "Console<0><Console><Console>" changed cvar (cvar "sv_maxupdaterate") (value "128")
L 08/15/2020 - 23:47:51: [basecommands.smx] "Console<0><Console><Console>" changed cvar (cvar "sv_maxunlag") (value "0.5")
L 08/15/2020 - 23:47:51: [basecommands.smx] "Console<0><Console><Console>" changed cvar (cvar "sv_unlag") (value "1")
L 08/15/2020 - 23:47:52: [chat-processor.smx] Message formats generated for game 'csgo'.
L 08/15/2020 - 23:47:52: [chat-processor.smx] Successfully hooked a SayText2 chat hook.
L 08/15/2020 - 23:47:52: [weapons.smx] Inactive players' data has been deleted
L 08/16/2020 - 00:14:55: Log file closed.
