L 09/22/2020 - 07:42:40: SourceMod log file session started (file "C:\TCAFiles\Users\jean\1\csgo\addons\sourcemod\logs\L20200922.log") (Version "1.10.0.6488")
L 09/22/2020 - 07:42:40: [basecommands.smx] "Console<0><Console><Console>" refreshed the admin cache.
L 09/22/2020 - 07:42:40: [basecommands.smx] "Console<0><Console><Console>" changed cvar (cvar "sv_maxrate") (value "128000")
L 09/22/2020 - 07:42:40: [basecommands.smx] "Console<0><Console><Console>" changed cvar (cvar "sv_minrate") (value "128000")
L 09/22/2020 - 07:42:40: [basecommands.smx] "Console<0><Console><Console>" changed cvar (cvar "sv_maxcmdrate") (value "128")
L 09/22/2020 - 07:42:40: [basecommands.smx] "Console<0><Console><Console>" changed cvar (cvar "sv_mincmdrate") (value "128")
L 09/22/2020 - 07:42:40: [basecommands.smx] "Console<0><Console><Console>" changed cvar (cvar "sv_minupdaterate") (value "128")
L 09/22/2020 - 07:42:40: [basecommands.smx] "Console<0><Console><Console>" changed cvar (cvar "sv_maxupdaterate") (value "128")
L 09/22/2020 - 07:42:40: [basecommands.smx] "Console<0><Console><Console>" changed cvar (cvar "sv_maxunlag") (value "0.5")
L 09/22/2020 - 07:42:40: [basecommands.smx] "Console<0><Console><Console>" changed cvar (cvar "sv_unlag") (value "1")
L 09/22/2020 - 07:42:41: [afk_manager4.smx] [AFK Manager] Log File: addons\sourcemod\logs\afkm_20200922.log
L 09/22/2020 - 07:42:41: [chat-processor.smx] Message formats generated for game 'csgo'.
L 09/22/2020 - 07:42:41: [chat-processor.smx] Successfully hooked a SayText2 chat hook.
L 09/22/2020 - 07:42:42: [weapons.smx] Inactive players' data has been deleted
L 09/22/2020 - 08:26:20: -------- Mapchange to de_inferno --------
L 09/22/2020 - 08:26:20: [basecommands.smx] "Console<0><Console><Console>" refreshed the admin cache.
L 09/22/2020 - 08:26:20: [basecommands.smx] "Console<0><Console><Console>" changed cvar (cvar "sv_maxrate") (value "128000")
L 09/22/2020 - 08:26:20: [basecommands.smx] "Console<0><Console><Console>" changed cvar (cvar "sv_minrate") (value "128000")
L 09/22/2020 - 08:26:20: [basecommands.smx] "Console<0><Console><Console>" changed cvar (cvar "sv_maxcmdrate") (value "128")
L 09/22/2020 - 08:26:20: [basecommands.smx] "Console<0><Console><Console>" changed cvar (cvar "sv_mincmdrate") (value "128")
L 09/22/2020 - 08:26:20: [basecommands.smx] "Console<0><Console><Console>" changed cvar (cvar "sv_minupdaterate") (value "128")
L 09/22/2020 - 08:26:20: [basecommands.smx] "Console<0><Console><Console>" changed cvar (cvar "sv_maxupdaterate") (value "128")
L 09/22/2020 - 08:26:20: [basecommands.smx] "Console<0><Console><Console>" changed cvar (cvar "sv_maxunlag") (value "0.5")
L 09/22/2020 - 08:26:20: [basecommands.smx] "Console<0><Console><Console>" changed cvar (cvar "sv_unlag") (value "1")
L 09/22/2020 - 08:26:21: [chat-processor.smx] Message formats generated for game 'csgo'.
L 09/22/2020 - 08:26:21: [chat-processor.smx] Successfully hooked a SayText2 chat hook.
L 09/22/2020 - 08:26:21: [weapons.smx] Inactive players' data has been deleted
L 09/22/2020 - 09:12:01: -------- Mapchange to de_inferno --------
L 09/22/2020 - 09:12:01: [basecommands.smx] "Console<0><Console><Console>" refreshed the admin cache.
L 09/22/2020 - 09:12:01: [basecommands.smx] "Console<0><Console><Console>" changed cvar (cvar "sv_maxrate") (value "128000")
L 09/22/2020 - 09:12:01: [basecommands.smx] "Console<0><Console><Console>" changed cvar (cvar "sv_minrate") (value "128000")
L 09/22/2020 - 09:12:01: [basecommands.smx] "Console<0><Console><Console>" changed cvar (cvar "sv_maxcmdrate") (value "128")
L 09/22/2020 - 09:12:01: [basecommands.smx] "Console<0><Console><Console>" changed cvar (cvar "sv_mincmdrate") (value "128")
L 09/22/2020 - 09:12:01: [basecommands.smx] "Console<0><Console><Console>" changed cvar (cvar "sv_minupdaterate") (value "128")
L 09/22/2020 - 09:12:01: [basecommands.smx] "Console<0><Console><Console>" changed cvar (cvar "sv_maxupdaterate") (value "128")
L 09/22/2020 - 09:12:01: [basecommands.smx] "Console<0><Console><Console>" changed cvar (cvar "sv_maxunlag") (value "0.5")
L 09/22/2020 - 09:12:01: [basecommands.smx] "Console<0><Console><Console>" changed cvar (cvar "sv_unlag") (value "1")
L 09/22/2020 - 09:12:02: [chat-processor.smx] Message formats generated for game 'csgo'.
L 09/22/2020 - 09:12:02: [chat-processor.smx] Successfully hooked a SayText2 chat hook.
L 09/22/2020 - 09:12:02: [weapons.smx] Inactive players' data has been deleted
L 09/22/2020 - 09:13:20: [mapchooser.smx] Voting for next map has started.
L 09/22/2020 - 09:13:22: [mapchooser.smx] Voting for next map has finished. Nextmap: de_cache.
L 09/22/2020 - 09:25:33: -------- Mapchange to de_inferno --------
L 09/22/2020 - 09:25:33: [basecommands.smx] "Console<0><Console><Console>" refreshed the admin cache.
L 09/22/2020 - 09:25:33: [basecommands.smx] "Console<0><Console><Console>" changed cvar (cvar "sv_maxrate") (value "128000")
L 09/22/2020 - 09:25:33: [basecommands.smx] "Console<0><Console><Console>" changed cvar (cvar "sv_minrate") (value "128000")
L 09/22/2020 - 09:25:33: [basecommands.smx] "Console<0><Console><Console>" changed cvar (cvar "sv_maxcmdrate") (value "128")
L 09/22/2020 - 09:25:33: [basecommands.smx] "Console<0><Console><Console>" changed cvar (cvar "sv_mincmdrate") (value "128")
L 09/22/2020 - 09:25:33: [basecommands.smx] "Console<0><Console><Console>" changed cvar (cvar "sv_minupdaterate") (value "128")
L 09/22/2020 - 09:25:33: [basecommands.smx] "Console<0><Console><Console>" changed cvar (cvar "sv_maxupdaterate") (value "128")
L 09/22/2020 - 09:25:33: [basecommands.smx] "Console<0><Console><Console>" changed cvar (cvar "sv_maxunlag") (value "0.5")
L 09/22/2020 - 09:25:33: [basecommands.smx] "Console<0><Console><Console>" changed cvar (cvar "sv_unlag") (value "1")
L 09/22/2020 - 09:25:34: [chat-processor.smx] Message formats generated for game 'csgo'.
L 09/22/2020 - 09:25:34: [chat-processor.smx] Successfully hooked a SayText2 chat hook.
L 09/22/2020 - 09:25:34: [weapons.smx] Inactive players' data has been deleted
L 09/22/2020 - 11:20:04: -------- Mapchange to de_inferno --------
L 09/22/2020 - 11:20:04: [basecommands.smx] "Console<0><Console><Console>" refreshed the admin cache.
L 09/22/2020 - 11:20:04: [basecommands.smx] "Console<0><Console><Console>" changed cvar (cvar "sv_maxrate") (value "128000")
L 09/22/2020 - 11:20:04: [basecommands.smx] "Console<0><Console><Console>" changed cvar (cvar "sv_minrate") (value "128000")
L 09/22/2020 - 11:20:04: [basecommands.smx] "Console<0><Console><Console>" changed cvar (cvar "sv_maxcmdrate") (value "128")
L 09/22/2020 - 11:20:04: [basecommands.smx] "Console<0><Console><Console>" changed cvar (cvar "sv_mincmdrate") (value "128")
L 09/22/2020 - 11:20:04: [basecommands.smx] "Console<0><Console><Console>" changed cvar (cvar "sv_minupdaterate") (value "128")
L 09/22/2020 - 11:20:04: [basecommands.smx] "Console<0><Console><Console>" changed cvar (cvar "sv_maxupdaterate") (value "128")
L 09/22/2020 - 11:20:04: [basecommands.smx] "Console<0><Console><Console>" changed cvar (cvar "sv_maxunlag") (value "0.5")
L 09/22/2020 - 11:20:04: [basecommands.smx] "Console<0><Console><Console>" changed cvar (cvar "sv_unlag") (value "1")
L 09/22/2020 - 11:20:05: [chat-processor.smx] Message formats generated for game 'csgo'.
L 09/22/2020 - 11:20:05: [chat-processor.smx] Successfully hooked a SayText2 chat hook.
L 09/22/2020 - 11:20:05: [weapons.smx] Inactive players' data has been deleted
L 09/22/2020 - 11:39:35: [mapchooser.smx] Voting for next map has started.
L 09/22/2020 - 11:39:55: [mapchooser.smx] Voting for next map has finished. Nextmap: de_overpass.
L 09/22/2020 - 11:41:44: [rockthevote.smx] RTV changing map manually
L 09/22/2020 - 11:41:44: [SM] Changed map to "de_overpass"
L 09/22/2020 - 11:41:45: -------- Mapchange to de_overpass --------
L 09/22/2020 - 11:41:45: [basecommands.smx] "Console<0><Console><Console>" refreshed the admin cache.
L 09/22/2020 - 11:41:45: [basecommands.smx] "Console<0><Console><Console>" changed cvar (cvar "sv_maxrate") (value "128000")
L 09/22/2020 - 11:41:45: [basecommands.smx] "Console<0><Console><Console>" changed cvar (cvar "sv_minrate") (value "128000")
L 09/22/2020 - 11:41:46: [basecommands.smx] "Console<0><Console><Console>" changed cvar (cvar "sv_maxcmdrate") (value "128")
L 09/22/2020 - 11:41:46: [basecommands.smx] "Console<0><Console><Console>" changed cvar (cvar "sv_mincmdrate") (value "128")
L 09/22/2020 - 11:41:46: [basecommands.smx] "Console<0><Console><Console>" changed cvar (cvar "sv_minupdaterate") (value "128")
L 09/22/2020 - 11:41:46: [basecommands.smx] "Console<0><Console><Console>" changed cvar (cvar "sv_maxupdaterate") (value "128")
L 09/22/2020 - 11:41:46: [basecommands.smx] "Console<0><Console><Console>" changed cvar (cvar "sv_maxunlag") (value "0.5")
L 09/22/2020 - 11:41:46: [basecommands.smx] "Console<0><Console><Console>" changed cvar (cvar "sv_unlag") (value "1")
L 09/22/2020 - 11:41:46: [chat-processor.smx] Message formats generated for game 'csgo'.
L 09/22/2020 - 11:41:46: [chat-processor.smx] Successfully hooked a SayText2 chat hook.
L 09/22/2020 - 11:41:48: [weapons.smx] Inactive players' data has been deleted
L 09/22/2020 - 11:55:16: [mapchooser.smx] Voting for next map has started.
L 09/22/2020 - 11:55:19: [mapchooser.smx] Voting for next map has finished. Nextmap: de_dust2.
L 09/22/2020 - 11:56:42: [SM] Changed map to "de_dust2"
L 09/22/2020 - 11:56:46: -------- Mapchange to de_dust2 --------
L 09/22/2020 - 11:56:46: [basecommands.smx] "Console<0><Console><Console>" refreshed the admin cache.
L 09/22/2020 - 11:56:46: [basecommands.smx] "Console<0><Console><Console>" changed cvar (cvar "sv_maxrate") (value "128000")
L 09/22/2020 - 11:56:46: [basecommands.smx] "Console<0><Console><Console>" changed cvar (cvar "sv_minrate") (value "128000")
L 09/22/2020 - 11:56:46: [basecommands.smx] "Console<0><Console><Console>" changed cvar (cvar "sv_maxcmdrate") (value "128")
L 09/22/2020 - 11:56:46: [basecommands.smx] "Console<0><Console><Console>" changed cvar (cvar "sv_mincmdrate") (value "128")
L 09/22/2020 - 11:56:46: [basecommands.smx] "Console<0><Console><Console>" changed cvar (cvar "sv_minupdaterate") (value "128")
L 09/22/2020 - 11:56:46: [basecommands.smx] "Console<0><Console><Console>" changed cvar (cvar "sv_maxupdaterate") (value "128")
L 09/22/2020 - 11:56:46: [basecommands.smx] "Console<0><Console><Console>" changed cvar (cvar "sv_maxunlag") (value "0.5")
L 09/22/2020 - 11:56:46: [basecommands.smx] "Console<0><Console><Console>" changed cvar (cvar "sv_unlag") (value "1")
L 09/22/2020 - 11:56:47: [chat-processor.smx] Message formats generated for game 'csgo'.
L 09/22/2020 - 11:56:47: [chat-processor.smx] Successfully hooked a SayText2 chat hook.
L 09/22/2020 - 11:56:48: [weapons.smx] Inactive players' data has been deleted
L 09/22/2020 - 12:12:16: [mapchooser.smx] Voting for next map has started.
L 09/22/2020 - 12:12:21: [mapchooser.smx] Voting for next map has finished. Nextmap: de_mirage.
L 09/22/2020 - 12:15:30: [SM] Changed map to "de_mirage"
L 09/22/2020 - 12:15:32: -------- Mapchange to de_mirage --------
L 09/22/2020 - 12:15:32: [basecommands.smx] "Console<0><Console><Console>" refreshed the admin cache.
L 09/22/2020 - 12:15:32: [basecommands.smx] "Console<0><Console><Console>" changed cvar (cvar "sv_maxrate") (value "128000")
L 09/22/2020 - 12:15:32: [basecommands.smx] "Console<0><Console><Console>" changed cvar (cvar "sv_minrate") (value "128000")
L 09/22/2020 - 12:15:32: [basecommands.smx] "Console<0><Console><Console>" changed cvar (cvar "sv_maxcmdrate") (value "128")
L 09/22/2020 - 12:15:32: [basecommands.smx] "Console<0><Console><Console>" changed cvar (cvar "sv_mincmdrate") (value "128")
L 09/22/2020 - 12:15:32: [basecommands.smx] "Console<0><Console><Console>" changed cvar (cvar "sv_minupdaterate") (value "128")
L 09/22/2020 - 12:15:32: [basecommands.smx] "Console<0><Console><Console>" changed cvar (cvar "sv_maxupdaterate") (value "128")
L 09/22/2020 - 12:15:32: [basecommands.smx] "Console<0><Console><Console>" changed cvar (cvar "sv_maxunlag") (value "0.5")
L 09/22/2020 - 12:15:32: [basecommands.smx] "Console<0><Console><Console>" changed cvar (cvar "sv_unlag") (value "1")
L 09/22/2020 - 12:15:33: [chat-processor.smx] Message formats generated for game 'csgo'.
L 09/22/2020 - 12:15:33: [chat-processor.smx] Successfully hooked a SayText2 chat hook.
L 09/22/2020 - 12:15:34: [weapons.smx] Inactive players' data has been deleted
L 09/22/2020 - 12:30:57: [mapchooser.smx] Voting for next map has started.
L 09/22/2020 - 12:31:07: [mapchooser.smx] Voting for next map has finished. Nextmap: de_train.
L 09/22/2020 - 12:32:34: [SM] Changed map to "de_train"
L 09/22/2020 - 12:32:35: -------- Mapchange to de_train --------
L 09/22/2020 - 12:32:36: [basecommands.smx] "Console<0><Console><Console>" refreshed the admin cache.
L 09/22/2020 - 12:32:36: [basecommands.smx] "Console<0><Console><Console>" changed cvar (cvar "sv_maxrate") (value "128000")
L 09/22/2020 - 12:32:36: [basecommands.smx] "Console<0><Console><Console>" changed cvar (cvar "sv_minrate") (value "128000")
L 09/22/2020 - 12:32:36: [basecommands.smx] "Console<0><Console><Console>" changed cvar (cvar "sv_maxcmdrate") (value "128")
L 09/22/2020 - 12:32:36: [basecommands.smx] "Console<0><Console><Console>" changed cvar (cvar "sv_mincmdrate") (value "128")
L 09/22/2020 - 12:32:36: [basecommands.smx] "Console<0><Console><Console>" changed cvar (cvar "sv_minupdaterate") (value "128")
L 09/22/2020 - 12:32:36: [basecommands.smx] "Console<0><Console><Console>" changed cvar (cvar "sv_maxupdaterate") (value "128")
L 09/22/2020 - 12:32:36: [basecommands.smx] "Console<0><Console><Console>" changed cvar (cvar "sv_maxunlag") (value "0.5")
L 09/22/2020 - 12:32:36: [basecommands.smx] "Console<0><Console><Console>" changed cvar (cvar "sv_unlag") (value "1")
L 09/22/2020 - 12:32:36: [chat-processor.smx] Message formats generated for game 'csgo'.
L 09/22/2020 - 12:32:36: [chat-processor.smx] Successfully hooked a SayText2 chat hook.
L 09/22/2020 - 12:32:38: [weapons.smx] Inactive players' data has been deleted
L 09/22/2020 - 12:47:30: [mapchooser.smx] Voting for next map has started.
L 09/22/2020 - 12:47:37: [mapchooser.smx] Voting for next map has finished. Nextmap: de_cache.
L 09/22/2020 - 12:49:00: [SM] Changed map to "de_cache"
L 09/22/2020 - 12:49:05: -------- Mapchange to de_cache --------
L 09/22/2020 - 12:49:05: [basecommands.smx] "Console<0><Console><Console>" refreshed the admin cache.
L 09/22/2020 - 12:49:05: [basecommands.smx] "Console<0><Console><Console>" changed cvar (cvar "sv_maxrate") (value "128000")
L 09/22/2020 - 12:49:05: [basecommands.smx] "Console<0><Console><Console>" changed cvar (cvar "sv_minrate") (value "128000")
L 09/22/2020 - 12:49:05: [basecommands.smx] "Console<0><Console><Console>" changed cvar (cvar "sv_maxcmdrate") (value "128")
L 09/22/2020 - 12:49:05: [basecommands.smx] "Console<0><Console><Console>" changed cvar (cvar "sv_mincmdrate") (value "128")
L 09/22/2020 - 12:49:05: [basecommands.smx] "Console<0><Console><Console>" changed cvar (cvar "sv_minupdaterate") (value "128")
L 09/22/2020 - 12:49:06: [basecommands.smx] "Console<0><Console><Console>" changed cvar (cvar "sv_maxupdaterate") (value "128")
L 09/22/2020 - 12:49:06: [basecommands.smx] "Console<0><Console><Console>" changed cvar (cvar "sv_maxunlag") (value "0.5")
L 09/22/2020 - 12:49:06: [basecommands.smx] "Console<0><Console><Console>" changed cvar (cvar "sv_unlag") (value "1")
L 09/22/2020 - 12:49:06: [chat-processor.smx] Message formats generated for game 'csgo'.
L 09/22/2020 - 12:49:06: [chat-processor.smx] Successfully hooked a SayText2 chat hook.
L 09/22/2020 - 12:49:08: [weapons.smx] Inactive players' data has been deleted
L 09/22/2020 - 13:04:44: [mapchooser.smx] Voting for next map has started.
L 09/22/2020 - 13:04:50: [mapchooser.smx] Voting for next map has finished. Nextmap: de_vertigo.
L 09/22/2020 - 13:07:09: [SM] Changed map to "de_vertigo"
L 09/22/2020 - 13:07:10: -------- Mapchange to de_vertigo --------
L 09/22/2020 - 13:07:10: [basecommands.smx] "Console<0><Console><Console>" refreshed the admin cache.
L 09/22/2020 - 13:07:10: [basecommands.smx] "Console<0><Console><Console>" changed cvar (cvar "sv_maxrate") (value "128000")
L 09/22/2020 - 13:07:10: [basecommands.smx] "Console<0><Console><Console>" changed cvar (cvar "sv_minrate") (value "128000")
L 09/22/2020 - 13:07:10: [basecommands.smx] "Console<0><Console><Console>" changed cvar (cvar "sv_maxcmdrate") (value "128")
L 09/22/2020 - 13:07:10: [basecommands.smx] "Console<0><Console><Console>" changed cvar (cvar "sv_mincmdrate") (value "128")
L 09/22/2020 - 13:07:10: [basecommands.smx] "Console<0><Console><Console>" changed cvar (cvar "sv_minupdaterate") (value "128")
L 09/22/2020 - 13:07:10: [basecommands.smx] "Console<0><Console><Console>" changed cvar (cvar "sv_maxupdaterate") (value "128")
L 09/22/2020 - 13:07:10: [basecommands.smx] "Console<0><Console><Console>" changed cvar (cvar "sv_maxunlag") (value "0.5")
L 09/22/2020 - 13:07:10: [basecommands.smx] "Console<0><Console><Console>" changed cvar (cvar "sv_unlag") (value "1")
L 09/22/2020 - 13:07:11: [chat-processor.smx] Message formats generated for game 'csgo'.
L 09/22/2020 - 13:07:11: [chat-processor.smx] Successfully hooked a SayText2 chat hook.
L 09/22/2020 - 13:07:13: [weapons.smx] Inactive players' data has been deleted
L 09/22/2020 - 13:22:08: [mapchooser.smx] Voting for next map has started.
L 09/22/2020 - 13:22:28: [mapchooser.smx] Voting for next map has finished. Nextmap: de_inferno.
L 09/22/2020 - 13:24:38: [SM] Changed map to "de_inferno"
L 09/22/2020 - 13:24:39: -------- Mapchange to de_inferno --------
L 09/22/2020 - 13:24:39: [basecommands.smx] "Console<0><Console><Console>" refreshed the admin cache.
L 09/22/2020 - 13:24:39: [basecommands.smx] "Console<0><Console><Console>" changed cvar (cvar "sv_maxrate") (value "128000")
L 09/22/2020 - 13:24:39: [basecommands.smx] "Console<0><Console><Console>" changed cvar (cvar "sv_minrate") (value "128000")
L 09/22/2020 - 13:24:39: [basecommands.smx] "Console<0><Console><Console>" changed cvar (cvar "sv_maxcmdrate") (value "128")
L 09/22/2020 - 13:24:39: [basecommands.smx] "Console<0><Console><Console>" changed cvar (cvar "sv_mincmdrate") (value "128")
L 09/22/2020 - 13:24:39: [basecommands.smx] "Console<0><Console><Console>" changed cvar (cvar "sv_minupdaterate") (value "128")
L 09/22/2020 - 13:24:39: [basecommands.smx] "Console<0><Console><Console>" changed cvar (cvar "sv_maxupdaterate") (value "128")
L 09/22/2020 - 13:24:39: [basecommands.smx] "Console<0><Console><Console>" changed cvar (cvar "sv_maxunlag") (value "0.5")
L 09/22/2020 - 13:24:40: [basecommands.smx] "Console<0><Console><Console>" changed cvar (cvar "sv_unlag") (value "1")
L 09/22/2020 - 13:24:40: [chat-processor.smx] Message formats generated for game 'csgo'.
L 09/22/2020 - 13:24:40: [chat-processor.smx] Successfully hooked a SayText2 chat hook.
L 09/22/2020 - 13:24:42: [weapons.smx] Inactive players' data has been deleted
L 09/22/2020 - 13:41:56: [mapchooser.smx] Voting for next map has started.
L 09/22/2020 - 13:42:15: [mapchooser.smx] Voting for next map has finished. Nextmap: de_overpass.
L 09/22/2020 - 13:44:31: [rockthevote.smx] RTV changing map manually
L 09/22/2020 - 13:44:31: [SM] Changed map to "de_overpass"
L 09/22/2020 - 13:44:32: -------- Mapchange to de_overpass --------
L 09/22/2020 - 13:44:33: [basecommands.smx] "Console<0><Console><Console>" refreshed the admin cache.
L 09/22/2020 - 13:44:33: [basecommands.smx] "Console<0><Console><Console>" changed cvar (cvar "sv_maxrate") (value "128000")
L 09/22/2020 - 13:44:33: [basecommands.smx] "Console<0><Console><Console>" changed cvar (cvar "sv_minrate") (value "128000")
L 09/22/2020 - 13:44:33: [basecommands.smx] "Console<0><Console><Console>" changed cvar (cvar "sv_maxcmdrate") (value "128")
L 09/22/2020 - 13:44:33: [basecommands.smx] "Console<0><Console><Console>" changed cvar (cvar "sv_mincmdrate") (value "128")
L 09/22/2020 - 13:44:33: [basecommands.smx] "Console<0><Console><Console>" changed cvar (cvar "sv_minupdaterate") (value "128")
L 09/22/2020 - 13:44:33: [basecommands.smx] "Console<0><Console><Console>" changed cvar (cvar "sv_maxupdaterate") (value "128")
L 09/22/2020 - 13:44:33: [basecommands.smx] "Console<0><Console><Console>" changed cvar (cvar "sv_maxunlag") (value "0.5")
L 09/22/2020 - 13:44:33: [basecommands.smx] "Console<0><Console><Console>" changed cvar (cvar "sv_unlag") (value "1")
L 09/22/2020 - 13:44:33: [chat-processor.smx] Message formats generated for game 'csgo'.
L 09/22/2020 - 13:44:33: [chat-processor.smx] Successfully hooked a SayText2 chat hook.
L 09/22/2020 - 13:44:36: [weapons.smx] Inactive players' data has been deleted
L 09/22/2020 - 14:00:34: [mapchooser.smx] Voting for next map has started.
L 09/22/2020 - 14:00:42: [mapchooser.smx] Voting for next map has finished. Nextmap: de_dust2.
L 09/22/2020 - 14:02:44: [SM] Changed map to "de_dust2"
L 09/22/2020 - 14:02:48: -------- Mapchange to de_dust2 --------
L 09/22/2020 - 14:02:48: [basecommands.smx] "Console<0><Console><Console>" refreshed the admin cache.
L 09/22/2020 - 14:02:48: [basecommands.smx] "Console<0><Console><Console>" changed cvar (cvar "sv_maxrate") (value "128000")
L 09/22/2020 - 14:02:48: [basecommands.smx] "Console<0><Console><Console>" changed cvar (cvar "sv_minrate") (value "128000")
L 09/22/2020 - 14:02:48: [basecommands.smx] "Console<0><Console><Console>" changed cvar (cvar "sv_maxcmdrate") (value "128")
L 09/22/2020 - 14:02:48: [basecommands.smx] "Console<0><Console><Console>" changed cvar (cvar "sv_mincmdrate") (value "128")
L 09/22/2020 - 14:02:48: [basecommands.smx] "Console<0><Console><Console>" changed cvar (cvar "sv_minupdaterate") (value "128")
L 09/22/2020 - 14:02:48: [basecommands.smx] "Console<0><Console><Console>" changed cvar (cvar "sv_maxupdaterate") (value "128")
L 09/22/2020 - 14:02:48: [basecommands.smx] "Console<0><Console><Console>" changed cvar (cvar "sv_maxunlag") (value "0.5")
L 09/22/2020 - 14:02:48: [basecommands.smx] "Console<0><Console><Console>" changed cvar (cvar "sv_unlag") (value "1")
L 09/22/2020 - 14:02:49: [chat-processor.smx] Message formats generated for game 'csgo'.
L 09/22/2020 - 14:02:49: [chat-processor.smx] Successfully hooked a SayText2 chat hook.
L 09/22/2020 - 14:02:50: [weapons.smx] Inactive players' data has been deleted
L 09/22/2020 - 14:15:44: [mapchooser.smx] Voting for next map has started.
L 09/22/2020 - 14:16:01: [mapchooser.smx] Voting for next map has finished. Nextmap: de_mirage.
L 09/22/2020 - 14:18:50: [SM] Changed map to "de_mirage"
L 09/22/2020 - 14:18:52: -------- Mapchange to de_mirage --------
L 09/22/2020 - 14:18:52: [basecommands.smx] "Console<0><Console><Console>" refreshed the admin cache.
L 09/22/2020 - 14:18:52: [basecommands.smx] "Console<0><Console><Console>" changed cvar (cvar "sv_maxrate") (value "128000")
L 09/22/2020 - 14:18:52: [basecommands.smx] "Console<0><Console><Console>" changed cvar (cvar "sv_minrate") (value "128000")
L 09/22/2020 - 14:18:52: [basecommands.smx] "Console<0><Console><Console>" changed cvar (cvar "sv_maxcmdrate") (value "128")
L 09/22/2020 - 14:18:52: [basecommands.smx] "Console<0><Console><Console>" changed cvar (cvar "sv_mincmdrate") (value "128")
L 09/22/2020 - 14:18:52: [basecommands.smx] "Console<0><Console><Console>" changed cvar (cvar "sv_minupdaterate") (value "128")
L 09/22/2020 - 14:18:52: [basecommands.smx] "Console<0><Console><Console>" changed cvar (cvar "sv_maxupdaterate") (value "128")
L 09/22/2020 - 14:18:52: [basecommands.smx] "Console<0><Console><Console>" changed cvar (cvar "sv_maxunlag") (value "0.5")
L 09/22/2020 - 14:18:52: [basecommands.smx] "Console<0><Console><Console>" changed cvar (cvar "sv_unlag") (value "1")
L 09/22/2020 - 14:18:53: [chat-processor.smx] Message formats generated for game 'csgo'.
L 09/22/2020 - 14:18:53: [chat-processor.smx] Successfully hooked a SayText2 chat hook.
L 09/22/2020 - 14:18:55: [weapons.smx] Inactive players' data has been deleted
L 09/22/2020 - 14:35:35: [mapchooser.smx] Voting for next map has started.
L 09/22/2020 - 14:35:46: [mapchooser.smx] Voting for next map has finished. Nextmap: de_nuke.
L 09/22/2020 - 14:38:57: [SM] Changed map to "de_nuke"
L 09/22/2020 - 14:39:00: -------- Mapchange to de_nuke --------
L 09/22/2020 - 14:39:00: [basecommands.smx] "Console<0><Console><Console>" refreshed the admin cache.
L 09/22/2020 - 14:39:00: [basecommands.smx] "Console<0><Console><Console>" changed cvar (cvar "sv_maxrate") (value "128000")
L 09/22/2020 - 14:39:00: [basecommands.smx] "Console<0><Console><Console>" changed cvar (cvar "sv_minrate") (value "128000")
L 09/22/2020 - 14:39:00: [basecommands.smx] "Console<0><Console><Console>" changed cvar (cvar "sv_maxcmdrate") (value "128")
L 09/22/2020 - 14:39:00: [basecommands.smx] "Console<0><Console><Console>" changed cvar (cvar "sv_mincmdrate") (value "128")
L 09/22/2020 - 14:39:00: [basecommands.smx] "Console<0><Console><Console>" changed cvar (cvar "sv_minupdaterate") (value "128")
L 09/22/2020 - 14:39:00: [basecommands.smx] "Console<0><Console><Console>" changed cvar (cvar "sv_maxupdaterate") (value "128")
L 09/22/2020 - 14:39:00: [basecommands.smx] "Console<0><Console><Console>" changed cvar (cvar "sv_maxunlag") (value "0.5")
L 09/22/2020 - 14:39:00: [basecommands.smx] "Console<0><Console><Console>" changed cvar (cvar "sv_unlag") (value "1")
L 09/22/2020 - 14:39:01: [chat-processor.smx] Message formats generated for game 'csgo'.
L 09/22/2020 - 14:39:01: [chat-processor.smx] Successfully hooked a SayText2 chat hook.
L 09/22/2020 - 14:39:03: [weapons.smx] Inactive players' data has been deleted
L 09/22/2020 - 14:54:00: [mapchooser.smx] Voting for next map has started.
L 09/22/2020 - 14:54:08: [mapchooser.smx] Voting for next map has finished. Nextmap: de_cache.
L 09/22/2020 - 14:56:32: [SM] Changed map to "de_cache"
L 09/22/2020 - 14:56:37: -------- Mapchange to de_cache --------
L 09/22/2020 - 14:56:37: [basecommands.smx] "Console<0><Console><Console>" refreshed the admin cache.
L 09/22/2020 - 14:56:37: [basecommands.smx] "Console<0><Console><Console>" changed cvar (cvar "sv_maxrate") (value "128000")
L 09/22/2020 - 14:56:37: [basecommands.smx] "Console<0><Console><Console>" changed cvar (cvar "sv_minrate") (value "128000")
L 09/22/2020 - 14:56:37: [basecommands.smx] "Console<0><Console><Console>" changed cvar (cvar "sv_maxcmdrate") (value "128")
L 09/22/2020 - 14:56:37: [basecommands.smx] "Console<0><Console><Console>" changed cvar (cvar "sv_mincmdrate") (value "128")
L 09/22/2020 - 14:56:37: [basecommands.smx] "Console<0><Console><Console>" changed cvar (cvar "sv_minupdaterate") (value "128")
L 09/22/2020 - 14:56:37: [basecommands.smx] "Console<0><Console><Console>" changed cvar (cvar "sv_maxupdaterate") (value "128")
L 09/22/2020 - 14:56:37: [basecommands.smx] "Console<0><Console><Console>" changed cvar (cvar "sv_maxunlag") (value "0.5")
L 09/22/2020 - 14:56:37: [basecommands.smx] "Console<0><Console><Console>" changed cvar (cvar "sv_unlag") (value "1")
L 09/22/2020 - 14:56:38: [chat-processor.smx] Message formats generated for game 'csgo'.
L 09/22/2020 - 14:56:38: [chat-processor.smx] Successfully hooked a SayText2 chat hook.
L 09/22/2020 - 14:56:40: [weapons.smx] Inactive players' data has been deleted
L 09/22/2020 - 15:11:54: [mapchooser.smx] Voting for next map has started.
L 09/22/2020 - 15:12:03: [mapchooser.smx] Voting for next map has finished. Nextmap: de_vertigo.
L 09/22/2020 - 15:13:58: [SM] Changed map to "de_vertigo"
L 09/22/2020 - 15:13:59: -------- Mapchange to de_vertigo --------
L 09/22/2020 - 15:14:00: [basecommands.smx] "Console<0><Console><Console>" refreshed the admin cache.
L 09/22/2020 - 15:14:00: [basecommands.smx] "Console<0><Console><Console>" changed cvar (cvar "sv_maxrate") (value "128000")
L 09/22/2020 - 15:14:00: [basecommands.smx] "Console<0><Console><Console>" changed cvar (cvar "sv_minrate") (value "128000")
L 09/22/2020 - 15:14:00: [basecommands.smx] "Console<0><Console><Console>" changed cvar (cvar "sv_maxcmdrate") (value "128")
L 09/22/2020 - 15:14:00: [basecommands.smx] "Console<0><Console><Console>" changed cvar (cvar "sv_mincmdrate") (value "128")
L 09/22/2020 - 15:14:00: [basecommands.smx] "Console<0><Console><Console>" changed cvar (cvar "sv_minupdaterate") (value "128")
L 09/22/2020 - 15:14:00: [basecommands.smx] "Console<0><Console><Console>" changed cvar (cvar "sv_maxupdaterate") (value "128")
L 09/22/2020 - 15:14:00: [basecommands.smx] "Console<0><Console><Console>" changed cvar (cvar "sv_maxunlag") (value "0.5")
L 09/22/2020 - 15:14:00: [basecommands.smx] "Console<0><Console><Console>" changed cvar (cvar "sv_unlag") (value "1")
L 09/22/2020 - 15:14:01: [chat-processor.smx] Message formats generated for game 'csgo'.
L 09/22/2020 - 15:14:01: [chat-processor.smx] Successfully hooked a SayText2 chat hook.
L 09/22/2020 - 15:14:02: [weapons.smx] Inactive players' data has been deleted
L 09/22/2020 - 15:29:00: [mapchooser.smx] Voting for next map has started.
L 09/22/2020 - 15:29:12: [mapchooser.smx] Voting for next map has finished. Nextmap: de_inferno.
L 09/22/2020 - 15:31:01: [SM] Changed map to "de_inferno"
L 09/22/2020 - 15:31:02: -------- Mapchange to de_inferno --------
L 09/22/2020 - 15:31:02: [basecommands.smx] "Console<0><Console><Console>" refreshed the admin cache.
L 09/22/2020 - 15:31:03: [basecommands.smx] "Console<0><Console><Console>" changed cvar (cvar "sv_maxrate") (value "128000")
L 09/22/2020 - 15:31:03: [basecommands.smx] "Console<0><Console><Console>" changed cvar (cvar "sv_minrate") (value "128000")
L 09/22/2020 - 15:31:03: [basecommands.smx] "Console<0><Console><Console>" changed cvar (cvar "sv_maxcmdrate") (value "128")
L 09/22/2020 - 15:31:03: [basecommands.smx] "Console<0><Console><Console>" changed cvar (cvar "sv_mincmdrate") (value "128")
L 09/22/2020 - 15:31:03: [basecommands.smx] "Console<0><Console><Console>" changed cvar (cvar "sv_minupdaterate") (value "128")
L 09/22/2020 - 15:31:03: [basecommands.smx] "Console<0><Console><Console>" changed cvar (cvar "sv_maxupdaterate") (value "128")
L 09/22/2020 - 15:31:03: [basecommands.smx] "Console<0><Console><Console>" changed cvar (cvar "sv_maxunlag") (value "0.5")
L 09/22/2020 - 15:31:03: [basecommands.smx] "Console<0><Console><Console>" changed cvar (cvar "sv_unlag") (value "1")
L 09/22/2020 - 15:31:03: [chat-processor.smx] Message formats generated for game 'csgo'.
L 09/22/2020 - 15:31:03: [chat-processor.smx] Successfully hooked a SayText2 chat hook.
L 09/22/2020 - 15:31:05: [weapons.smx] Inactive players' data has been deleted
L 09/22/2020 - 15:48:08: [mapchooser.smx] Voting for next map has started.
L 09/22/2020 - 15:48:28: [mapchooser.smx] Voting for next map has finished. Nextmap: de_overpass.
L 09/22/2020 - 15:50:20: [SM] Changed map to "de_overpass"
L 09/22/2020 - 15:50:21: -------- Mapchange to de_overpass --------
L 09/22/2020 - 15:50:22: [basecommands.smx] "Console<0><Console><Console>" refreshed the admin cache.
L 09/22/2020 - 15:50:22: [basecommands.smx] "Console<0><Console><Console>" changed cvar (cvar "sv_maxrate") (value "128000")
L 09/22/2020 - 15:50:22: [basecommands.smx] "Console<0><Console><Console>" changed cvar (cvar "sv_minrate") (value "128000")
L 09/22/2020 - 15:50:22: [basecommands.smx] "Console<0><Console><Console>" changed cvar (cvar "sv_maxcmdrate") (value "128")
L 09/22/2020 - 15:50:22: [basecommands.smx] "Console<0><Console><Console>" changed cvar (cvar "sv_mincmdrate") (value "128")
L 09/22/2020 - 15:50:22: [basecommands.smx] "Console<0><Console><Console>" changed cvar (cvar "sv_minupdaterate") (value "128")
L 09/22/2020 - 15:50:22: [basecommands.smx] "Console<0><Console><Console>" changed cvar (cvar "sv_maxupdaterate") (value "128")
L 09/22/2020 - 15:50:22: [basecommands.smx] "Console<0><Console><Console>" changed cvar (cvar "sv_maxunlag") (value "0.5")
L 09/22/2020 - 15:50:22: [basecommands.smx] "Console<0><Console><Console>" changed cvar (cvar "sv_unlag") (value "1")
L 09/22/2020 - 15:50:23: [chat-processor.smx] Message formats generated for game 'csgo'.
L 09/22/2020 - 15:50:23: [chat-processor.smx] Successfully hooked a SayText2 chat hook.
L 09/22/2020 - 15:50:24: [weapons.smx] Inactive players' data has been deleted
L 09/22/2020 - 16:06:11: [mapchooser.smx] Voting for next map has started.
L 09/22/2020 - 16:06:18: [mapchooser.smx] Voting for next map has finished. Nextmap: de_dust2.
L 09/22/2020 - 16:07:55: [SM] Changed map to "de_dust2"
L 09/22/2020 - 16:07:59: -------- Mapchange to de_dust2 --------
L 09/22/2020 - 16:08:00: [basecommands.smx] "Console<0><Console><Console>" refreshed the admin cache.
L 09/22/2020 - 16:08:00: [basecommands.smx] "Console<0><Console><Console>" changed cvar (cvar "sv_maxrate") (value "128000")
L 09/22/2020 - 16:08:00: [basecommands.smx] "Console<0><Console><Console>" changed cvar (cvar "sv_minrate") (value "128000")
L 09/22/2020 - 16:08:00: [basecommands.smx] "Console<0><Console><Console>" changed cvar (cvar "sv_maxcmdrate") (value "128")
L 09/22/2020 - 16:08:00: [basecommands.smx] "Console<0><Console><Console>" changed cvar (cvar "sv_mincmdrate") (value "128")
L 09/22/2020 - 16:08:00: [basecommands.smx] "Console<0><Console><Console>" changed cvar (cvar "sv_minupdaterate") (value "128")
L 09/22/2020 - 16:08:00: [basecommands.smx] "Console<0><Console><Console>" changed cvar (cvar "sv_maxupdaterate") (value "128")
L 09/22/2020 - 16:08:00: [basecommands.smx] "Console<0><Console><Console>" changed cvar (cvar "sv_maxunlag") (value "0.5")
L 09/22/2020 - 16:08:00: [basecommands.smx] "Console<0><Console><Console>" changed cvar (cvar "sv_unlag") (value "1")
L 09/22/2020 - 16:08:00: [chat-processor.smx] Message formats generated for game 'csgo'.
L 09/22/2020 - 16:08:00: [chat-processor.smx] Successfully hooked a SayText2 chat hook.
L 09/22/2020 - 16:08:02: [weapons.smx] Inactive players' data has been deleted
L 09/22/2020 - 16:24:51: [mapchooser.smx] Voting for next map has started.
L 09/22/2020 - 16:24:56: [mapchooser.smx] Voting for next map has finished. Nextmap: de_mirage.
L 09/22/2020 - 16:26:28: [SM] Changed map to "de_mirage"
L 09/22/2020 - 16:26:29: -------- Mapchange to de_mirage --------
L 09/22/2020 - 16:26:32: [basecommands.smx] "Console<0><Console><Console>" refreshed the admin cache.
L 09/22/2020 - 16:26:32: [basecommands.smx] "Console<0><Console><Console>" changed cvar (cvar "sv_maxrate") (value "128000")
L 09/22/2020 - 16:26:32: [basecommands.smx] "Console<0><Console><Console>" changed cvar (cvar "sv_minrate") (value "128000")
L 09/22/2020 - 16:26:32: [basecommands.smx] "Console<0><Console><Console>" changed cvar (cvar "sv_maxcmdrate") (value "128")
L 09/22/2020 - 16:26:32: [basecommands.smx] "Console<0><Console><Console>" changed cvar (cvar "sv_mincmdrate") (value "128")
L 09/22/2020 - 16:26:32: [basecommands.smx] "Console<0><Console><Console>" changed cvar (cvar "sv_minupdaterate") (value "128")
L 09/22/2020 - 16:26:32: [basecommands.smx] "Console<0><Console><Console>" changed cvar (cvar "sv_maxupdaterate") (value "128")
L 09/22/2020 - 16:26:32: [basecommands.smx] "Console<0><Console><Console>" changed cvar (cvar "sv_maxunlag") (value "0.5")
L 09/22/2020 - 16:26:32: [basecommands.smx] "Console<0><Console><Console>" changed cvar (cvar "sv_unlag") (value "1")
L 09/22/2020 - 16:26:33: [chat-processor.smx] Message formats generated for game 'csgo'.
L 09/22/2020 - 16:26:33: [chat-processor.smx] Successfully hooked a SayText2 chat hook.
L 09/22/2020 - 16:26:34: [weapons.smx] Inactive players' data has been deleted
L 09/22/2020 - 16:42:54: [mapchooser.smx] Voting for next map has started.
L 09/22/2020 - 16:43:04: [mapchooser.smx] Voting for next map has finished. Nextmap: de_train.
L 09/22/2020 - 16:46:25: [SM] Changed map to "de_train"
L 09/22/2020 - 16:46:26: -------- Mapchange to de_train --------
L 09/22/2020 - 16:46:26: [basecommands.smx] "Console<0><Console><Console>" refreshed the admin cache.
L 09/22/2020 - 16:46:26: [basecommands.smx] "Console<0><Console><Console>" changed cvar (cvar "sv_maxrate") (value "128000")
L 09/22/2020 - 16:46:26: [basecommands.smx] "Console<0><Console><Console>" changed cvar (cvar "sv_minrate") (value "128000")
L 09/22/2020 - 16:46:26: [basecommands.smx] "Console<0><Console><Console>" changed cvar (cvar "sv_maxcmdrate") (value "128")
L 09/22/2020 - 16:46:26: [basecommands.smx] "Console<0><Console><Console>" changed cvar (cvar "sv_mincmdrate") (value "128")
L 09/22/2020 - 16:46:26: [basecommands.smx] "Console<0><Console><Console>" changed cvar (cvar "sv_minupdaterate") (value "128")
L 09/22/2020 - 16:46:26: [basecommands.smx] "Console<0><Console><Console>" changed cvar (cvar "sv_maxupdaterate") (value "128")
L 09/22/2020 - 16:46:26: [basecommands.smx] "Console<0><Console><Console>" changed cvar (cvar "sv_maxunlag") (value "0.5")
L 09/22/2020 - 16:46:26: [basecommands.smx] "Console<0><Console><Console>" changed cvar (cvar "sv_unlag") (value "1")
L 09/22/2020 - 16:46:27: [chat-processor.smx] Message formats generated for game 'csgo'.
L 09/22/2020 - 16:46:27: [chat-processor.smx] Successfully hooked a SayText2 chat hook.
L 09/22/2020 - 16:46:29: [weapons.smx] Inactive players' data has been deleted
L 09/22/2020 - 17:03:14: [mapchooser.smx] Voting for next map has started.
L 09/22/2020 - 17:03:19: [mapchooser.smx] Voting for next map has finished. Nextmap: de_cache.
L 09/22/2020 - 17:04:58: [SM] Changed map to "de_cache"
L 09/22/2020 - 17:05:03: -------- Mapchange to de_cache --------
L 09/22/2020 - 17:05:03: [basecommands.smx] "Console<0><Console><Console>" refreshed the admin cache.
L 09/22/2020 - 17:05:03: [basecommands.smx] "Console<0><Console><Console>" changed cvar (cvar "sv_maxrate") (value "128000")
L 09/22/2020 - 17:05:03: [basecommands.smx] "Console<0><Console><Console>" changed cvar (cvar "sv_minrate") (value "128000")
L 09/22/2020 - 17:05:03: [basecommands.smx] "Console<0><Console><Console>" changed cvar (cvar "sv_maxcmdrate") (value "128")
L 09/22/2020 - 17:05:03: [basecommands.smx] "Console<0><Console><Console>" changed cvar (cvar "sv_mincmdrate") (value "128")
L 09/22/2020 - 17:05:03: [basecommands.smx] "Console<0><Console><Console>" changed cvar (cvar "sv_minupdaterate") (value "128")
L 09/22/2020 - 17:05:03: [basecommands.smx] "Console<0><Console><Console>" changed cvar (cvar "sv_maxupdaterate") (value "128")
L 09/22/2020 - 17:05:03: [basecommands.smx] "Console<0><Console><Console>" changed cvar (cvar "sv_maxunlag") (value "0.5")
L 09/22/2020 - 17:05:03: [basecommands.smx] "Console<0><Console><Console>" changed cvar (cvar "sv_unlag") (value "1")
L 09/22/2020 - 17:05:04: [chat-processor.smx] Message formats generated for game 'csgo'.
L 09/22/2020 - 17:05:04: [chat-processor.smx] Successfully hooked a SayText2 chat hook.
L 09/22/2020 - 17:05:06: [weapons.smx] Inactive players' data has been deleted
L 09/22/2020 - 17:23:30: [mapchooser.smx] Voting for next map has started.
L 09/22/2020 - 17:23:38: [mapchooser.smx] Voting for next map has finished. Nextmap: de_nuke.
L 09/22/2020 - 17:25:09: [SM] Changed map to "de_nuke"
L 09/22/2020 - 17:25:12: -------- Mapchange to de_nuke --------
L 09/22/2020 - 17:25:13: [basecommands.smx] "Console<0><Console><Console>" refreshed the admin cache.
L 09/22/2020 - 17:25:13: [basecommands.smx] "Console<0><Console><Console>" changed cvar (cvar "sv_maxrate") (value "128000")
L 09/22/2020 - 17:25:13: [basecommands.smx] "Console<0><Console><Console>" changed cvar (cvar "sv_minrate") (value "128000")
L 09/22/2020 - 17:25:13: [basecommands.smx] "Console<0><Console><Console>" changed cvar (cvar "sv_maxcmdrate") (value "128")
L 09/22/2020 - 17:25:13: [basecommands.smx] "Console<0><Console><Console>" changed cvar (cvar "sv_mincmdrate") (value "128")
L 09/22/2020 - 17:25:13: [basecommands.smx] "Console<0><Console><Console>" changed cvar (cvar "sv_minupdaterate") (value "128")
L 09/22/2020 - 17:25:13: [basecommands.smx] "Console<0><Console><Console>" changed cvar (cvar "sv_maxupdaterate") (value "128")
L 09/22/2020 - 17:25:13: [basecommands.smx] "Console<0><Console><Console>" changed cvar (cvar "sv_maxunlag") (value "0.5")
L 09/22/2020 - 17:25:13: [basecommands.smx] "Console<0><Console><Console>" changed cvar (cvar "sv_unlag") (value "1")
L 09/22/2020 - 17:25:14: [chat-processor.smx] Message formats generated for game 'csgo'.
L 09/22/2020 - 17:25:14: [chat-processor.smx] Successfully hooked a SayText2 chat hook.
L 09/22/2020 - 17:25:15: [weapons.smx] Inactive players' data has been deleted
L 09/22/2020 - 17:42:35: [mapchooser.smx] Voting for next map has started.
L 09/22/2020 - 17:42:55: [mapchooser.smx] Voting for next map has finished. Nextmap: de_inferno.
L 09/22/2020 - 17:44:40: [SM] Changed map to "de_inferno"
L 09/22/2020 - 17:44:41: -------- Mapchange to de_inferno --------
L 09/22/2020 - 17:44:42: [basecommands.smx] "Console<0><Console><Console>" refreshed the admin cache.
L 09/22/2020 - 17:44:42: [basecommands.smx] "Console<0><Console><Console>" changed cvar (cvar "sv_maxrate") (value "128000")
L 09/22/2020 - 17:44:42: [basecommands.smx] "Console<0><Console><Console>" changed cvar (cvar "sv_minrate") (value "128000")
L 09/22/2020 - 17:44:42: [basecommands.smx] "Console<0><Console><Console>" changed cvar (cvar "sv_maxcmdrate") (value "128")
L 09/22/2020 - 17:44:42: [basecommands.smx] "Console<0><Console><Console>" changed cvar (cvar "sv_mincmdrate") (value "128")
L 09/22/2020 - 17:44:42: [basecommands.smx] "Console<0><Console><Console>" changed cvar (cvar "sv_minupdaterate") (value "128")
L 09/22/2020 - 17:44:42: [basecommands.smx] "Console<0><Console><Console>" changed cvar (cvar "sv_maxupdaterate") (value "128")
L 09/22/2020 - 17:44:42: [basecommands.smx] "Console<0><Console><Console>" changed cvar (cvar "sv_maxunlag") (value "0.5")
L 09/22/2020 - 17:44:42: [basecommands.smx] "Console<0><Console><Console>" changed cvar (cvar "sv_unlag") (value "1")
L 09/22/2020 - 17:44:42: [chat-processor.smx] Message formats generated for game 'csgo'.
L 09/22/2020 - 17:44:42: [chat-processor.smx] Successfully hooked a SayText2 chat hook.
L 09/22/2020 - 17:44:44: [weapons.smx] Inactive players' data has been deleted
L 09/22/2020 - 18:02:45: [mapchooser.smx] Voting for next map has started.
L 09/22/2020 - 18:02:56: [mapchooser.smx] Voting for next map has finished. Nextmap: de_vertigo.
L 09/22/2020 - 18:04:53: [SM] Changed map to "de_vertigo"
L 09/22/2020 - 18:04:54: -------- Mapchange to de_vertigo --------
L 09/22/2020 - 18:04:55: [basecommands.smx] "Console<0><Console><Console>" refreshed the admin cache.
L 09/22/2020 - 18:04:55: [basecommands.smx] "Console<0><Console><Console>" changed cvar (cvar "sv_maxrate") (value "128000")
L 09/22/2020 - 18:04:55: [basecommands.smx] "Console<0><Console><Console>" changed cvar (cvar "sv_minrate") (value "128000")
L 09/22/2020 - 18:04:55: [basecommands.smx] "Console<0><Console><Console>" changed cvar (cvar "sv_maxcmdrate") (value "128")
L 09/22/2020 - 18:04:55: [basecommands.smx] "Console<0><Console><Console>" changed cvar (cvar "sv_mincmdrate") (value "128")
L 09/22/2020 - 18:04:55: [basecommands.smx] "Console<0><Console><Console>" changed cvar (cvar "sv_minupdaterate") (value "128")
L 09/22/2020 - 18:04:55: [basecommands.smx] "Console<0><Console><Console>" changed cvar (cvar "sv_maxupdaterate") (value "128")
L 09/22/2020 - 18:04:55: [basecommands.smx] "Console<0><Console><Console>" changed cvar (cvar "sv_maxunlag") (value "0.5")
L 09/22/2020 - 18:04:55: [basecommands.smx] "Console<0><Console><Console>" changed cvar (cvar "sv_unlag") (value "1")
L 09/22/2020 - 18:04:56: [chat-processor.smx] Message formats generated for game 'csgo'.
L 09/22/2020 - 18:04:56: [chat-processor.smx] Successfully hooked a SayText2 chat hook.
L 09/22/2020 - 18:04:58: [weapons.smx] Inactive players' data has been deleted
L 09/22/2020 - 18:19:40: [mapchooser.smx] Voting for next map has started.
L 09/22/2020 - 18:19:55: [mapchooser.smx] Voting for next map has finished. Nextmap: de_overpass.
L 09/22/2020 - 18:21:58: [SM] Changed map to "de_overpass"
L 09/22/2020 - 18:21:59: -------- Mapchange to de_overpass --------
L 09/22/2020 - 18:22:00: [basecommands.smx] "Console<0><Console><Console>" refreshed the admin cache.
L 09/22/2020 - 18:22:00: [basecommands.smx] "Console<0><Console><Console>" changed cvar (cvar "sv_maxrate") (value "128000")
L 09/22/2020 - 18:22:00: [basecommands.smx] "Console<0><Console><Console>" changed cvar (cvar "sv_minrate") (value "128000")
L 09/22/2020 - 18:22:00: [basecommands.smx] "Console<0><Console><Console>" changed cvar (cvar "sv_maxcmdrate") (value "128")
L 09/22/2020 - 18:22:00: [basecommands.smx] "Console<0><Console><Console>" changed cvar (cvar "sv_mincmdrate") (value "128")
L 09/22/2020 - 18:22:00: [basecommands.smx] "Console<0><Console><Console>" changed cvar (cvar "sv_minupdaterate") (value "128")
L 09/22/2020 - 18:22:00: [basecommands.smx] "Console<0><Console><Console>" changed cvar (cvar "sv_maxupdaterate") (value "128")
L 09/22/2020 - 18:22:00: [basecommands.smx] "Console<0><Console><Console>" changed cvar (cvar "sv_maxunlag") (value "0.5")
L 09/22/2020 - 18:22:00: [basecommands.smx] "Console<0><Console><Console>" changed cvar (cvar "sv_unlag") (value "1")
L 09/22/2020 - 18:22:01: [chat-processor.smx] Message formats generated for game 'csgo'.
L 09/22/2020 - 18:22:01: [chat-processor.smx] Successfully hooked a SayText2 chat hook.
L 09/22/2020 - 18:22:02: [weapons.smx] Inactive players' data has been deleted
L 09/22/2020 - 18:37:21: [mapchooser.smx] Voting for next map has started.
L 09/22/2020 - 18:37:41: [mapchooser.smx] Voting for next map has finished. Nextmap: de_mirage.
L 09/22/2020 - 18:39:16: [SM] Changed map to "de_mirage"
L 09/22/2020 - 18:39:17: -------- Mapchange to de_mirage --------
L 09/22/2020 - 18:39:18: [basecommands.smx] "Console<0><Console><Console>" refreshed the admin cache.
L 09/22/2020 - 18:39:18: [basecommands.smx] "Console<0><Console><Console>" changed cvar (cvar "sv_maxrate") (value "128000")
L 09/22/2020 - 18:39:18: [basecommands.smx] "Console<0><Console><Console>" changed cvar (cvar "sv_minrate") (value "128000")
L 09/22/2020 - 18:39:18: [basecommands.smx] "Console<0><Console><Console>" changed cvar (cvar "sv_maxcmdrate") (value "128")
L 09/22/2020 - 18:39:18: [basecommands.smx] "Console<0><Console><Console>" changed cvar (cvar "sv_mincmdrate") (value "128")
L 09/22/2020 - 18:39:18: [basecommands.smx] "Console<0><Console><Console>" changed cvar (cvar "sv_minupdaterate") (value "128")
L 09/22/2020 - 18:39:18: [basecommands.smx] "Console<0><Console><Console>" changed cvar (cvar "sv_maxupdaterate") (value "128")
L 09/22/2020 - 18:39:18: [basecommands.smx] "Console<0><Console><Console>" changed cvar (cvar "sv_maxunlag") (value "0.5")
L 09/22/2020 - 18:39:18: [basecommands.smx] "Console<0><Console><Console>" changed cvar (cvar "sv_unlag") (value "1")
L 09/22/2020 - 18:39:19: [chat-processor.smx] Message formats generated for game 'csgo'.
L 09/22/2020 - 18:39:19: [chat-processor.smx] Successfully hooked a SayText2 chat hook.
L 09/22/2020 - 18:39:21: [weapons.smx] Inactive players' data has been deleted
L 09/22/2020 - 18:56:08: [mapchooser.smx] Voting for next map has started.
L 09/22/2020 - 18:56:15: [mapchooser.smx] Voting for next map has finished. Nextmap: de_dust2.
L 09/22/2020 - 18:58:42: [SM] Changed map to "de_dust2"
L 09/22/2020 - 18:58:46: -------- Mapchange to de_dust2 --------
L 09/22/2020 - 18:58:46: [basecommands.smx] "Console<0><Console><Console>" refreshed the admin cache.
L 09/22/2020 - 18:58:46: [basecommands.smx] "Console<0><Console><Console>" changed cvar (cvar "sv_maxrate") (value "128000")
L 09/22/2020 - 18:58:46: [basecommands.smx] "Console<0><Console><Console>" changed cvar (cvar "sv_minrate") (value "128000")
L 09/22/2020 - 18:58:46: [basecommands.smx] "Console<0><Console><Console>" changed cvar (cvar "sv_maxcmdrate") (value "128")
L 09/22/2020 - 18:58:46: [basecommands.smx] "Console<0><Console><Console>" changed cvar (cvar "sv_mincmdrate") (value "128")
L 09/22/2020 - 18:58:46: [basecommands.smx] "Console<0><Console><Console>" changed cvar (cvar "sv_minupdaterate") (value "128")
L 09/22/2020 - 18:58:46: [basecommands.smx] "Console<0><Console><Console>" changed cvar (cvar "sv_maxupdaterate") (value "128")
L 09/22/2020 - 18:58:46: [basecommands.smx] "Console<0><Console><Console>" changed cvar (cvar "sv_maxunlag") (value "0.5")
L 09/22/2020 - 18:58:46: [basecommands.smx] "Console<0><Console><Console>" changed cvar (cvar "sv_unlag") (value "1")
L 09/22/2020 - 18:58:47: [chat-processor.smx] Message formats generated for game 'csgo'.
L 09/22/2020 - 18:58:47: [chat-processor.smx] Successfully hooked a SayText2 chat hook.
L 09/22/2020 - 18:58:48: [weapons.smx] Inactive players' data has been deleted
L 09/22/2020 - 19:14:04: [mapchooser.smx] Voting for next map has started.
L 09/22/2020 - 19:14:16: [mapchooser.smx] Voting for next map has finished. Nextmap: de_train.
L 09/22/2020 - 19:15:48: [SM] Changed map to "de_train"
L 09/22/2020 - 19:15:50: -------- Mapchange to de_train --------
L 09/22/2020 - 19:15:50: [basecommands.smx] "Console<0><Console><Console>" refreshed the admin cache.
L 09/22/2020 - 19:15:50: [basecommands.smx] "Console<0><Console><Console>" changed cvar (cvar "sv_maxrate") (value "128000")
L 09/22/2020 - 19:15:50: [basecommands.smx] "Console<0><Console><Console>" changed cvar (cvar "sv_minrate") (value "128000")
L 09/22/2020 - 19:15:50: [basecommands.smx] "Console<0><Console><Console>" changed cvar (cvar "sv_maxcmdrate") (value "128")
L 09/22/2020 - 19:15:50: [basecommands.smx] "Console<0><Console><Console>" changed cvar (cvar "sv_mincmdrate") (value "128")
L 09/22/2020 - 19:15:50: [basecommands.smx] "Console<0><Console><Console>" changed cvar (cvar "sv_minupdaterate") (value "128")
L 09/22/2020 - 19:15:50: [basecommands.smx] "Console<0><Console><Console>" changed cvar (cvar "sv_maxupdaterate") (value "128")
L 09/22/2020 - 19:15:50: [basecommands.smx] "Console<0><Console><Console>" changed cvar (cvar "sv_maxunlag") (value "0.5")
L 09/22/2020 - 19:15:50: [basecommands.smx] "Console<0><Console><Console>" changed cvar (cvar "sv_unlag") (value "1")
L 09/22/2020 - 19:15:51: [chat-processor.smx] Message formats generated for game 'csgo'.
L 09/22/2020 - 19:15:51: [chat-processor.smx] Successfully hooked a SayText2 chat hook.
L 09/22/2020 - 19:15:52: [weapons.smx] Inactive players' data has been deleted
L 09/22/2020 - 19:34:06: [mapchooser.smx] Voting for next map has started.
L 09/22/2020 - 19:34:23: [mapchooser.smx] Voting for next map has finished. Nextmap: de_nuke.
L 09/22/2020 - 19:53:30: [SM] Changed map to "de_nuke"
L 09/22/2020 - 19:53:33: -------- Mapchange to de_nuke --------
L 09/22/2020 - 19:53:33: [basecommands.smx] "Console<0><Console><Console>" refreshed the admin cache.
L 09/22/2020 - 19:53:33: [basecommands.smx] "Console<0><Console><Console>" changed cvar (cvar "sv_maxrate") (value "128000")
L 09/22/2020 - 19:53:33: [basecommands.smx] "Console<0><Console><Console>" changed cvar (cvar "sv_minrate") (value "128000")
L 09/22/2020 - 19:53:33: [basecommands.smx] "Console<0><Console><Console>" changed cvar (cvar "sv_maxcmdrate") (value "128")
L 09/22/2020 - 19:53:33: [basecommands.smx] "Console<0><Console><Console>" changed cvar (cvar "sv_mincmdrate") (value "128")
L 09/22/2020 - 19:53:33: [basecommands.smx] "Console<0><Console><Console>" changed cvar (cvar "sv_minupdaterate") (value "128")
L 09/22/2020 - 19:53:33: [basecommands.smx] "Console<0><Console><Console>" changed cvar (cvar "sv_maxupdaterate") (value "128")
L 09/22/2020 - 19:53:33: [basecommands.smx] "Console<0><Console><Console>" changed cvar (cvar "sv_maxunlag") (value "0.5")
L 09/22/2020 - 19:53:33: [basecommands.smx] "Console<0><Console><Console>" changed cvar (cvar "sv_unlag") (value "1")
L 09/22/2020 - 19:53:34: [chat-processor.smx] Message formats generated for game 'csgo'.
L 09/22/2020 - 19:53:34: [chat-processor.smx] Successfully hooked a SayText2 chat hook.
L 09/22/2020 - 19:53:36: [weapons.smx] Inactive players' data has been deleted
L 09/22/2020 - 20:09:27: [mapchooser.smx] Voting for next map has started.
L 09/22/2020 - 20:09:47: [mapchooser.smx] Voting for next map has finished. Nextmap: de_inferno.
L 09/22/2020 - 20:10:51: [SM] Changed map to "de_inferno"
L 09/22/2020 - 20:10:53: -------- Mapchange to de_inferno --------
L 09/22/2020 - 20:10:53: [basecommands.smx] "Console<0><Console><Console>" refreshed the admin cache.
L 09/22/2020 - 20:10:53: [basecommands.smx] "Console<0><Console><Console>" changed cvar (cvar "sv_maxrate") (value "128000")
L 09/22/2020 - 20:10:53: [basecommands.smx] "Console<0><Console><Console>" changed cvar (cvar "sv_minrate") (value "128000")
L 09/22/2020 - 20:10:53: [basecommands.smx] "Console<0><Console><Console>" changed cvar (cvar "sv_maxcmdrate") (value "128")
L 09/22/2020 - 20:10:53: [basecommands.smx] "Console<0><Console><Console>" changed cvar (cvar "sv_mincmdrate") (value "128")
L 09/22/2020 - 20:10:53: [basecommands.smx] "Console<0><Console><Console>" changed cvar (cvar "sv_minupdaterate") (value "128")
L 09/22/2020 - 20:10:53: [basecommands.smx] "Console<0><Console><Console>" changed cvar (cvar "sv_maxupdaterate") (value "128")
L 09/22/2020 - 20:10:53: [basecommands.smx] "Console<0><Console><Console>" changed cvar (cvar "sv_maxunlag") (value "0.5")
L 09/22/2020 - 20:10:53: [basecommands.smx] "Console<0><Console><Console>" changed cvar (cvar "sv_unlag") (value "1")
L 09/22/2020 - 20:10:54: [chat-processor.smx] Message formats generated for game 'csgo'.
L 09/22/2020 - 20:10:54: [chat-processor.smx] Successfully hooked a SayText2 chat hook.
L 09/22/2020 - 20:10:56: [weapons.smx] Inactive players' data has been deleted
L 09/22/2020 - 20:26:37: [mapchooser.smx] Voting for next map has started.
L 09/22/2020 - 20:26:57: [mapchooser.smx] Voting for next map has finished. Nextmap: de_vertigo.
L 09/22/2020 - 20:29:15: [SM] Changed map to "de_vertigo"
L 09/22/2020 - 20:29:16: -------- Mapchange to de_vertigo --------
L 09/22/2020 - 20:29:16: [basecommands.smx] "Console<0><Console><Console>" refreshed the admin cache.
L 09/22/2020 - 20:29:16: [basecommands.smx] "Console<0><Console><Console>" changed cvar (cvar "sv_maxrate") (value "128000")
L 09/22/2020 - 20:29:16: [basecommands.smx] "Console<0><Console><Console>" changed cvar (cvar "sv_minrate") (value "128000")
L 09/22/2020 - 20:29:16: [basecommands.smx] "Console<0><Console><Console>" changed cvar (cvar "sv_maxcmdrate") (value "128")
L 09/22/2020 - 20:29:16: [basecommands.smx] "Console<0><Console><Console>" changed cvar (cvar "sv_mincmdrate") (value "128")
L 09/22/2020 - 20:29:16: [basecommands.smx] "Console<0><Console><Console>" changed cvar (cvar "sv_minupdaterate") (value "128")
L 09/22/2020 - 20:29:17: [basecommands.smx] "Console<0><Console><Console>" changed cvar (cvar "sv_maxupdaterate") (value "128")
L 09/22/2020 - 20:29:17: [basecommands.smx] "Console<0><Console><Console>" changed cvar (cvar "sv_maxunlag") (value "0.5")
L 09/22/2020 - 20:29:17: [basecommands.smx] "Console<0><Console><Console>" changed cvar (cvar "sv_unlag") (value "1")
L 09/22/2020 - 20:29:17: [chat-processor.smx] Message formats generated for game 'csgo'.
L 09/22/2020 - 20:29:17: [chat-processor.smx] Successfully hooked a SayText2 chat hook.
L 09/22/2020 - 20:29:19: [weapons.smx] Inactive players' data has been deleted
L 09/22/2020 - 20:44:39: [mapchooser.smx] Voting for next map has started.
L 09/22/2020 - 20:44:45: [mapchooser.smx] Voting for next map has finished. Nextmap: de_cache.
L 09/22/2020 - 20:46:32: [SM] Changed map to "de_cache"
L 09/22/2020 - 20:46:37: -------- Mapchange to de_cache --------
L 09/22/2020 - 20:46:38: [basecommands.smx] "Console<0><Console><Console>" refreshed the admin cache.
L 09/22/2020 - 20:46:38: [basecommands.smx] "Console<0><Console><Console>" changed cvar (cvar "sv_maxrate") (value "128000")
L 09/22/2020 - 20:46:38: [basecommands.smx] "Console<0><Console><Console>" changed cvar (cvar "sv_minrate") (value "128000")
L 09/22/2020 - 20:46:38: [basecommands.smx] "Console<0><Console><Console>" changed cvar (cvar "sv_maxcmdrate") (value "128")
L 09/22/2020 - 20:46:38: [basecommands.smx] "Console<0><Console><Console>" changed cvar (cvar "sv_mincmdrate") (value "128")
L 09/22/2020 - 20:46:38: [basecommands.smx] "Console<0><Console><Console>" changed cvar (cvar "sv_minupdaterate") (value "128")
L 09/22/2020 - 20:46:38: [basecommands.smx] "Console<0><Console><Console>" changed cvar (cvar "sv_maxupdaterate") (value "128")
L 09/22/2020 - 20:46:38: [basecommands.smx] "Console<0><Console><Console>" changed cvar (cvar "sv_maxunlag") (value "0.5")
L 09/22/2020 - 20:46:38: [basecommands.smx] "Console<0><Console><Console>" changed cvar (cvar "sv_unlag") (value "1")
L 09/22/2020 - 20:46:39: [chat-processor.smx] Message formats generated for game 'csgo'.
L 09/22/2020 - 20:46:39: [chat-processor.smx] Successfully hooked a SayText2 chat hook.
L 09/22/2020 - 20:46:40: [weapons.smx] Inactive players' data has been deleted
L 09/22/2020 - 21:02:52: [mapchooser.smx] Voting for next map has started.
L 09/22/2020 - 21:03:13: [mapchooser.smx] Voting for next map has finished. Nextmap: de_overpass.
L 09/22/2020 - 21:04:30: [SM] Changed map to "de_overpass"
L 09/22/2020 - 21:04:31: -------- Mapchange to de_overpass --------
L 09/22/2020 - 21:04:32: [basecommands.smx] "Console<0><Console><Console>" refreshed the admin cache.
L 09/22/2020 - 21:04:32: [basecommands.smx] "Console<0><Console><Console>" changed cvar (cvar "sv_maxrate") (value "128000")
L 09/22/2020 - 21:04:32: [basecommands.smx] "Console<0><Console><Console>" changed cvar (cvar "sv_minrate") (value "128000")
L 09/22/2020 - 21:04:32: [basecommands.smx] "Console<0><Console><Console>" changed cvar (cvar "sv_maxcmdrate") (value "128")
L 09/22/2020 - 21:04:32: [basecommands.smx] "Console<0><Console><Console>" changed cvar (cvar "sv_mincmdrate") (value "128")
L 09/22/2020 - 21:04:32: [basecommands.smx] "Console<0><Console><Console>" changed cvar (cvar "sv_minupdaterate") (value "128")
L 09/22/2020 - 21:04:32: [basecommands.smx] "Console<0><Console><Console>" changed cvar (cvar "sv_maxupdaterate") (value "128")
L 09/22/2020 - 21:04:32: [basecommands.smx] "Console<0><Console><Console>" changed cvar (cvar "sv_maxunlag") (value "0.5")
L 09/22/2020 - 21:04:32: [basecommands.smx] "Console<0><Console><Console>" changed cvar (cvar "sv_unlag") (value "1")
L 09/22/2020 - 21:04:33: [chat-processor.smx] Message formats generated for game 'csgo'.
L 09/22/2020 - 21:04:33: [chat-processor.smx] Successfully hooked a SayText2 chat hook.
L 09/22/2020 - 21:04:34: [weapons.smx] Inactive players' data has been deleted
L 09/22/2020 - 21:15:29: -------- Mapchange to de_overpass --------
L 09/22/2020 - 21:15:29: [basecommands.smx] "Console<0><Console><Console>" refreshed the admin cache.
L 09/22/2020 - 21:15:29: [basecommands.smx] "Console<0><Console><Console>" changed cvar (cvar "sv_maxrate") (value "128000")
L 09/22/2020 - 21:15:29: [basecommands.smx] "Console<0><Console><Console>" changed cvar (cvar "sv_minrate") (value "128000")
L 09/22/2020 - 21:15:29: [basecommands.smx] "Console<0><Console><Console>" changed cvar (cvar "sv_maxcmdrate") (value "128")
L 09/22/2020 - 21:15:29: [basecommands.smx] "Console<0><Console><Console>" changed cvar (cvar "sv_mincmdrate") (value "128")
L 09/22/2020 - 21:15:29: [basecommands.smx] "Console<0><Console><Console>" changed cvar (cvar "sv_minupdaterate") (value "128")
L 09/22/2020 - 21:15:29: [basecommands.smx] "Console<0><Console><Console>" changed cvar (cvar "sv_maxupdaterate") (value "128")
L 09/22/2020 - 21:15:29: [basecommands.smx] "Console<0><Console><Console>" changed cvar (cvar "sv_maxunlag") (value "0.5")
L 09/22/2020 - 21:15:29: [basecommands.smx] "Console<0><Console><Console>" changed cvar (cvar "sv_unlag") (value "1")
L 09/22/2020 - 21:15:30: [chat-processor.smx] Message formats generated for game 'csgo'.
L 09/22/2020 - 21:15:30: [chat-processor.smx] Successfully hooked a SayText2 chat hook.
L 09/22/2020 - 21:15:30: [weapons.smx] Inactive players' data has been deleted
L 09/22/2020 - 21:17:43: -------- Mapchange to de_overpass --------
L 09/22/2020 - 21:17:43: [basecommands.smx] "Console<0><Console><Console>" refreshed the admin cache.
L 09/22/2020 - 21:17:43: [basecommands.smx] "Console<0><Console><Console>" changed cvar (cvar "sv_maxrate") (value "128000")
L 09/22/2020 - 21:17:43: [basecommands.smx] "Console<0><Console><Console>" changed cvar (cvar "sv_minrate") (value "128000")
L 09/22/2020 - 21:17:43: [basecommands.smx] "Console<0><Console><Console>" changed cvar (cvar "sv_maxcmdrate") (value "128")
L 09/22/2020 - 21:17:43: [basecommands.smx] "Console<0><Console><Console>" changed cvar (cvar "sv_mincmdrate") (value "128")
L 09/22/2020 - 21:17:43: [basecommands.smx] "Console<0><Console><Console>" changed cvar (cvar "sv_minupdaterate") (value "128")
L 09/22/2020 - 21:17:43: [basecommands.smx] "Console<0><Console><Console>" changed cvar (cvar "sv_maxupdaterate") (value "128")
L 09/22/2020 - 21:17:43: [basecommands.smx] "Console<0><Console><Console>" changed cvar (cvar "sv_maxunlag") (value "0.5")
L 09/22/2020 - 21:17:43: [basecommands.smx] "Console<0><Console><Console>" changed cvar (cvar "sv_unlag") (value "1")
L 09/22/2020 - 21:17:44: [chat-processor.smx] Message formats generated for game 'csgo'.
L 09/22/2020 - 21:17:44: [chat-processor.smx] Successfully hooked a SayText2 chat hook.
L 09/22/2020 - 21:17:45: [weapons.smx] Inactive players' data has been deleted
L 09/22/2020 - 21:46:51: -------- Mapchange to de_overpass --------
L 09/22/2020 - 21:46:52: [basecommands.smx] "Console<0><Console><Console>" refreshed the admin cache.
L 09/22/2020 - 21:46:52: [basecommands.smx] "Console<0><Console><Console>" changed cvar (cvar "sv_maxrate") (value "128000")
L 09/22/2020 - 21:46:52: [basecommands.smx] "Console<0><Console><Console>" changed cvar (cvar "sv_minrate") (value "128000")
L 09/22/2020 - 21:46:52: [basecommands.smx] "Console<0><Console><Console>" changed cvar (cvar "sv_maxcmdrate") (value "128")
L 09/22/2020 - 21:46:52: [basecommands.smx] "Console<0><Console><Console>" changed cvar (cvar "sv_mincmdrate") (value "128")
L 09/22/2020 - 21:46:52: [basecommands.smx] "Console<0><Console><Console>" changed cvar (cvar "sv_minupdaterate") (value "128")
L 09/22/2020 - 21:46:52: [basecommands.smx] "Console<0><Console><Console>" changed cvar (cvar "sv_maxupdaterate") (value "128")
L 09/22/2020 - 21:46:52: [basecommands.smx] "Console<0><Console><Console>" changed cvar (cvar "sv_maxunlag") (value "0.5")
L 09/22/2020 - 21:46:52: [basecommands.smx] "Console<0><Console><Console>" changed cvar (cvar "sv_unlag") (value "1")
L 09/22/2020 - 21:46:53: [chat-processor.smx] Message formats generated for game 'csgo'.
L 09/22/2020 - 21:46:53: [chat-processor.smx] Successfully hooked a SayText2 chat hook.
L 09/22/2020 - 21:46:53: [weapons.smx] Inactive players' data has been deleted
L 09/22/2020 - 22:02:29: [mapchooser.smx] Voting for next map has started.
L 09/22/2020 - 22:02:34: [mapchooser.smx] Voting for next map has finished. Nextmap: de_mirage.
L 09/22/2020 - 22:04:50: [SM] Changed map to "de_mirage"
L 09/22/2020 - 22:04:51: -------- Mapchange to de_mirage --------
L 09/22/2020 - 22:04:51: [basecommands.smx] "Console<0><Console><Console>" refreshed the admin cache.
L 09/22/2020 - 22:04:51: [basecommands.smx] "Console<0><Console><Console>" changed cvar (cvar "sv_maxrate") (value "128000")
L 09/22/2020 - 22:04:51: [basecommands.smx] "Console<0><Console><Console>" changed cvar (cvar "sv_minrate") (value "128000")
L 09/22/2020 - 22:04:51: [basecommands.smx] "Console<0><Console><Console>" changed cvar (cvar "sv_maxcmdrate") (value "128")
L 09/22/2020 - 22:04:51: [basecommands.smx] "Console<0><Console><Console>" changed cvar (cvar "sv_mincmdrate") (value "128")
L 09/22/2020 - 22:04:51: [basecommands.smx] "Console<0><Console><Console>" changed cvar (cvar "sv_minupdaterate") (value "128")
L 09/22/2020 - 22:04:51: [basecommands.smx] "Console<0><Console><Console>" changed cvar (cvar "sv_maxupdaterate") (value "128")
L 09/22/2020 - 22:04:51: [basecommands.smx] "Console<0><Console><Console>" changed cvar (cvar "sv_maxunlag") (value "0.5")
L 09/22/2020 - 22:04:51: [basecommands.smx] "Console<0><Console><Console>" changed cvar (cvar "sv_unlag") (value "1")
L 09/22/2020 - 22:04:52: [chat-processor.smx] Message formats generated for game 'csgo'.
L 09/22/2020 - 22:04:52: [chat-processor.smx] Successfully hooked a SayText2 chat hook.
L 09/22/2020 - 22:04:54: [weapons.smx] Inactive players' data has been deleted
L 09/22/2020 - 22:24:03: [mapchooser.smx] Voting for next map has started.
L 09/22/2020 - 22:24:08: [mapchooser.smx] Voting for next map has finished. Nextmap: de_dust2.
L 09/22/2020 - 22:28:01: [SM] Changed map to "de_dust2"
L 09/22/2020 - 22:28:05: -------- Mapchange to de_dust2 --------
L 09/22/2020 - 22:28:05: [basecommands.smx] "Console<0><Console><Console>" refreshed the admin cache.
L 09/22/2020 - 22:28:05: [basecommands.smx] "Console<0><Console><Console>" changed cvar (cvar "sv_maxrate") (value "128000")
L 09/22/2020 - 22:28:05: [basecommands.smx] "Console<0><Console><Console>" changed cvar (cvar "sv_minrate") (value "128000")
L 09/22/2020 - 22:28:05: [basecommands.smx] "Console<0><Console><Console>" changed cvar (cvar "sv_maxcmdrate") (value "128")
L 09/22/2020 - 22:28:05: [basecommands.smx] "Console<0><Console><Console>" changed cvar (cvar "sv_mincmdrate") (value "128")
L 09/22/2020 - 22:28:05: [basecommands.smx] "Console<0><Console><Console>" changed cvar (cvar "sv_minupdaterate") (value "128")
L 09/22/2020 - 22:28:05: [basecommands.smx] "Console<0><Console><Console>" changed cvar (cvar "sv_maxupdaterate") (value "128")
L 09/22/2020 - 22:28:05: [basecommands.smx] "Console<0><Console><Console>" changed cvar (cvar "sv_maxunlag") (value "0.5")
L 09/22/2020 - 22:28:05: [basecommands.smx] "Console<0><Console><Console>" changed cvar (cvar "sv_unlag") (value "1")
L 09/22/2020 - 22:28:06: [chat-processor.smx] Message formats generated for game 'csgo'.
L 09/22/2020 - 22:28:06: [chat-processor.smx] Successfully hooked a SayText2 chat hook.
L 09/22/2020 - 22:28:08: [weapons.smx] Inactive players' data has been deleted
L 09/22/2020 - 22:40:53: [mapchooser.smx] Voting for next map has started.
L 09/22/2020 - 22:45:15: SourceMod log file session started (file "C:\TCAFiles\Users\jean\1\csgo\addons\sourcemod\logs\L20200922.log") (Version "1.10.0.6488")
L 09/22/2020 - 22:45:15: [GEOIP] GeoIP database info: GEO-106FREE 20180327 Build 1 Copyright (c) 2018 MaxMind Inc All Rights Reserved
L 09/22/2020 - 22:45:16: [afk_manager4.smx] [AFK Manager] Log File: addons\sourcemod\logs\afkm_20200922.log
L 09/22/2020 - 22:45:16: [afk_manager4.smx] [AFK Manager] Detected Mod Counter-Strike: Global Offensive
L 09/22/2020 - 23:08:24: SourceMod log file session started (file "C:\TCAFiles\Users\jean\1\csgo\addons\sourcemod\logs\L20200922.log") (Version "1.10.0.6488")
L 09/22/2020 - 23:08:24: [GEOIP] GeoIP database info: GEO-106FREE 20180327 Build 1 Copyright (c) 2018 MaxMind Inc All Rights Reserved
L 09/22/2020 - 23:08:24: [afk_manager4.smx] [AFK Manager] Log File: addons\sourcemod\logs\afkm_20200922.log
L 09/22/2020 - 23:08:24: [afk_manager4.smx] [AFK Manager] Detected Mod Counter-Strike: Global Offensive
L 09/22/2020 - 23:24:45: -------- Mapchange to de_dust2 --------
L 09/22/2020 - 23:24:46: [basecommands.smx] "Console<0><Console><Console>" refreshed the admin cache.
L 09/22/2020 - 23:24:46: [basecommands.smx] "Console<0><Console><Console>" changed cvar (cvar "sv_maxrate") (value "128000")
L 09/22/2020 - 23:24:46: [basecommands.smx] "Console<0><Console><Console>" changed cvar (cvar "sv_minrate") (value "128000")
L 09/22/2020 - 23:24:46: [basecommands.smx] "Console<0><Console><Console>" changed cvar (cvar "sv_maxcmdrate") (value "128")
L 09/22/2020 - 23:24:46: [basecommands.smx] "Console<0><Console><Console>" changed cvar (cvar "sv_mincmdrate") (value "128")
L 09/22/2020 - 23:24:46: [basecommands.smx] "Console<0><Console><Console>" changed cvar (cvar "sv_minupdaterate") (value "128")
L 09/22/2020 - 23:24:46: [basecommands.smx] "Console<0><Console><Console>" changed cvar (cvar "sv_maxupdaterate") (value "128")
L 09/22/2020 - 23:24:46: [basecommands.smx] "Console<0><Console><Console>" changed cvar (cvar "sv_maxunlag") (value "0.5")
L 09/22/2020 - 23:24:46: [basecommands.smx] "Console<0><Console><Console>" changed cvar (cvar "sv_unlag") (value "1")
L 09/22/2020 - 23:24:46: [chat-processor.smx] Message formats generated for game 'csgo'.
L 09/22/2020 - 23:24:46: [chat-processor.smx] Successfully hooked a SayText2 chat hook.
L 09/22/2020 - 23:24:48: [weapons.smx] SQLite DB connection successful
L 09/22/2020 - 23:24:48: [weapons.smx] Inactive players' data has been deleted
L 09/23/2020 - 01:47:33: Log file closed.
