L 05/16/2020 - 00:00:19: SourceMod log file session started (file "C:\TCAFiles\Users\jeanv\438\csgo\addons\sourcemod\logs\L20200516.log") (Version "1.10.0.6488")
L 05/16/2020 - 00:00:19: [basecommands.smx] "Console<0><Console><Console>" changed cvar (cvar "sv_maxrate") (value "128000")
L 05/16/2020 - 00:00:19: [basecommands.smx] "Console<0><Console><Console>" changed cvar (cvar "sv_minrate") (value "128000")
L 05/16/2020 - 00:00:19: [basecommands.smx] "Console<0><Console><Console>" changed cvar (cvar "sv_maxcmdrate") (value "128")
L 05/16/2020 - 00:00:19: [basecommands.smx] "Console<0><Console><Console>" changed cvar (cvar "sv_mincmdrate") (value "128")
L 05/16/2020 - 00:00:19: [basecommands.smx] "Console<0><Console><Console>" changed cvar (cvar "sv_minupdaterate") (value "128")
L 05/16/2020 - 00:00:19: [basecommands.smx] "Console<0><Console><Console>" changed cvar (cvar "sv_maxupdaterate") (value "128")
L 05/16/2020 - 00:00:19: [basecommands.smx] "Console<0><Console><Console>" changed cvar (cvar "sv_maxunlag") (value "0.5")
L 05/16/2020 - 00:00:19: [basecommands.smx] "Console<0><Console><Console>" changed cvar (cvar "sv_unlag") (value "1")
L 05/16/2020 - 00:00:19: [afk_manager4.smx] [AFK Manager] Log File: addons\sourcemod\logs\afkm_20200516.log
L 05/16/2020 - 00:00:20: [chat-processor.smx] Message formats generated for game 'csgo'.
L 05/16/2020 - 00:00:20: [chat-processor.smx] Successfully hooked a SayText2 chat hook.
L 05/16/2020 - 00:00:20: [weapons.smx] Inactive players' data has been deleted
L 05/16/2020 - 00:13:16: -------- Mapchange to de_inferno --------
L 05/16/2020 - 00:13:19: [basecommands.smx] "Console<0><Console><Console>" changed cvar (cvar "sv_maxrate") (value "128000")
L 05/16/2020 - 00:13:19: [basecommands.smx] "Console<0><Console><Console>" changed cvar (cvar "sv_minrate") (value "128000")
L 05/16/2020 - 00:13:19: [basecommands.smx] "Console<0><Console><Console>" changed cvar (cvar "sv_maxcmdrate") (value "128")
L 05/16/2020 - 00:13:19: [basecommands.smx] "Console<0><Console><Console>" changed cvar (cvar "sv_mincmdrate") (value "128")
L 05/16/2020 - 00:13:19: [basecommands.smx] "Console<0><Console><Console>" changed cvar (cvar "sv_minupdaterate") (value "128")
L 05/16/2020 - 00:13:19: [basecommands.smx] "Console<0><Console><Console>" changed cvar (cvar "sv_maxupdaterate") (value "128")
L 05/16/2020 - 00:13:19: [basecommands.smx] "Console<0><Console><Console>" changed cvar (cvar "sv_maxunlag") (value "0.5")
L 05/16/2020 - 00:13:19: [basecommands.smx] "Console<0><Console><Console>" changed cvar (cvar "sv_unlag") (value "1")
L 05/16/2020 - 00:13:19: [chat-processor.smx] Message formats generated for game 'csgo'.
L 05/16/2020 - 00:13:19: [chat-processor.smx] Successfully hooked a SayText2 chat hook.
L 05/16/2020 - 00:13:20: [weapons.smx] Inactive players' data has been deleted
L 05/16/2020 - 00:38:48: -------- Mapchange to de_inferno --------
L 05/16/2020 - 00:38:51: [basecommands.smx] "Console<0><Console><Console>" changed cvar (cvar "sv_maxrate") (value "128000")
L 05/16/2020 - 00:38:51: [basecommands.smx] "Console<0><Console><Console>" changed cvar (cvar "sv_minrate") (value "128000")
L 05/16/2020 - 00:38:51: [basecommands.smx] "Console<0><Console><Console>" changed cvar (cvar "sv_maxcmdrate") (value "128")
L 05/16/2020 - 00:38:51: [basecommands.smx] "Console<0><Console><Console>" changed cvar (cvar "sv_mincmdrate") (value "128")
L 05/16/2020 - 00:38:51: [basecommands.smx] "Console<0><Console><Console>" changed cvar (cvar "sv_minupdaterate") (value "128")
L 05/16/2020 - 00:38:51: [basecommands.smx] "Console<0><Console><Console>" changed cvar (cvar "sv_maxupdaterate") (value "128")
L 05/16/2020 - 00:38:51: [basecommands.smx] "Console<0><Console><Console>" changed cvar (cvar "sv_maxunlag") (value "0.5")
L 05/16/2020 - 00:38:51: [basecommands.smx] "Console<0><Console><Console>" changed cvar (cvar "sv_unlag") (value "1")
L 05/16/2020 - 00:38:51: [chat-processor.smx] Message formats generated for game 'csgo'.
L 05/16/2020 - 00:38:51: [chat-processor.smx] Successfully hooked a SayText2 chat hook.
L 05/16/2020 - 00:38:52: [weapons.smx] Inactive players' data has been deleted
L 05/16/2020 - 00:46:04: -------- Mapchange to de_inferno --------
L 05/16/2020 - 00:46:06: [basecommands.smx] "Console<0><Console><Console>" changed cvar (cvar "sv_maxrate") (value "128000")
L 05/16/2020 - 00:46:06: [basecommands.smx] "Console<0><Console><Console>" changed cvar (cvar "sv_minrate") (value "128000")
L 05/16/2020 - 00:46:06: [basecommands.smx] "Console<0><Console><Console>" changed cvar (cvar "sv_maxcmdrate") (value "128")
L 05/16/2020 - 00:46:06: [basecommands.smx] "Console<0><Console><Console>" changed cvar (cvar "sv_mincmdrate") (value "128")
L 05/16/2020 - 00:46:06: [basecommands.smx] "Console<0><Console><Console>" changed cvar (cvar "sv_minupdaterate") (value "128")
L 05/16/2020 - 00:46:06: [basecommands.smx] "Console<0><Console><Console>" changed cvar (cvar "sv_maxupdaterate") (value "128")
L 05/16/2020 - 00:46:06: [basecommands.smx] "Console<0><Console><Console>" changed cvar (cvar "sv_maxunlag") (value "0.5")
L 05/16/2020 - 00:46:06: [basecommands.smx] "Console<0><Console><Console>" changed cvar (cvar "sv_unlag") (value "1")
L 05/16/2020 - 00:46:07: [chat-processor.smx] Message formats generated for game 'csgo'.
L 05/16/2020 - 00:46:07: [chat-processor.smx] Successfully hooked a SayText2 chat hook.
L 05/16/2020 - 00:46:08: [weapons.smx] Inactive players' data has been deleted
L 05/16/2020 - 01:03:37: [mapchooser.smx] Voting for next map has started.
L 05/16/2020 - 01:03:40: [mapchooser.smx] Voting for next map has finished. Nextmap: de_dust2.
L 05/16/2020 - 01:07:45: [SM] Changed map to "de_dust2"
L 05/16/2020 - 01:07:50: -------- Mapchange to de_dust2 --------
L 05/16/2020 - 01:07:52: [basecommands.smx] "Console<0><Console><Console>" changed cvar (cvar "sv_maxrate") (value "128000")
L 05/16/2020 - 01:07:52: [basecommands.smx] "Console<0><Console><Console>" changed cvar (cvar "sv_minrate") (value "128000")
L 05/16/2020 - 01:07:52: [basecommands.smx] "Console<0><Console><Console>" changed cvar (cvar "sv_maxcmdrate") (value "128")
L 05/16/2020 - 01:07:52: [basecommands.smx] "Console<0><Console><Console>" changed cvar (cvar "sv_mincmdrate") (value "128")
L 05/16/2020 - 01:07:52: [basecommands.smx] "Console<0><Console><Console>" changed cvar (cvar "sv_minupdaterate") (value "128")
L 05/16/2020 - 01:07:52: [basecommands.smx] "Console<0><Console><Console>" changed cvar (cvar "sv_maxupdaterate") (value "128")
L 05/16/2020 - 01:07:52: [basecommands.smx] "Console<0><Console><Console>" changed cvar (cvar "sv_maxunlag") (value "0.5")
L 05/16/2020 - 01:07:52: [basecommands.smx] "Console<0><Console><Console>" changed cvar (cvar "sv_unlag") (value "1")
L 05/16/2020 - 01:07:53: [chat-processor.smx] Message formats generated for game 'csgo'.
L 05/16/2020 - 01:07:53: [chat-processor.smx] Successfully hooked a SayText2 chat hook.
L 05/16/2020 - 01:07:54: [weapons.smx] Inactive players' data has been deleted
L 05/16/2020 - 01:22:52: [mapchooser.smx] Voting for next map has started.
L 05/16/2020 - 01:23:05: [mapchooser.smx] Voting for next map has finished. Nextmap: de_inferno.
L 05/16/2020 - 01:24:31: [SM] Changed map to "de_inferno"
L 05/16/2020 - 01:24:32: -------- Mapchange to de_inferno --------
L 05/16/2020 - 01:24:35: [basecommands.smx] "Console<0><Console><Console>" changed cvar (cvar "sv_maxrate") (value "128000")
L 05/16/2020 - 01:24:35: [basecommands.smx] "Console<0><Console><Console>" changed cvar (cvar "sv_minrate") (value "128000")
L 05/16/2020 - 01:24:35: [basecommands.smx] "Console<0><Console><Console>" changed cvar (cvar "sv_maxcmdrate") (value "128")
L 05/16/2020 - 01:24:35: [basecommands.smx] "Console<0><Console><Console>" changed cvar (cvar "sv_mincmdrate") (value "128")
L 05/16/2020 - 01:24:35: [basecommands.smx] "Console<0><Console><Console>" changed cvar (cvar "sv_minupdaterate") (value "128")
L 05/16/2020 - 01:24:35: [basecommands.smx] "Console<0><Console><Console>" changed cvar (cvar "sv_maxupdaterate") (value "128")
L 05/16/2020 - 01:24:35: [basecommands.smx] "Console<0><Console><Console>" changed cvar (cvar "sv_maxunlag") (value "0.5")
L 05/16/2020 - 01:24:35: [basecommands.smx] "Console<0><Console><Console>" changed cvar (cvar "sv_unlag") (value "1")
L 05/16/2020 - 01:24:35: [chat-processor.smx] Message formats generated for game 'csgo'.
L 05/16/2020 - 01:24:35: [chat-processor.smx] Successfully hooked a SayText2 chat hook.
L 05/16/2020 - 01:24:36: [weapons.smx] Inactive players' data has been deleted
L 05/16/2020 - 01:40:24: [mapchooser.smx] Voting for next map has started.
L 05/16/2020 - 01:40:31: [mapchooser.smx] Voting for next map has finished. Nextmap: de_train.
L 05/16/2020 - 01:42:57: [SM] Changed map to "de_train"
L 05/16/2020 - 01:42:59: -------- Mapchange to de_train --------
L 05/16/2020 - 01:43:02: [basecommands.smx] "Console<0><Console><Console>" changed cvar (cvar "sv_maxrate") (value "128000")
L 05/16/2020 - 01:43:02: [basecommands.smx] "Console<0><Console><Console>" changed cvar (cvar "sv_minrate") (value "128000")
L 05/16/2020 - 01:43:02: [basecommands.smx] "Console<0><Console><Console>" changed cvar (cvar "sv_maxcmdrate") (value "128")
L 05/16/2020 - 01:43:02: [basecommands.smx] "Console<0><Console><Console>" changed cvar (cvar "sv_mincmdrate") (value "128")
L 05/16/2020 - 01:43:02: [basecommands.smx] "Console<0><Console><Console>" changed cvar (cvar "sv_minupdaterate") (value "128")
L 05/16/2020 - 01:43:02: [basecommands.smx] "Console<0><Console><Console>" changed cvar (cvar "sv_maxupdaterate") (value "128")
L 05/16/2020 - 01:43:02: [basecommands.smx] "Console<0><Console><Console>" changed cvar (cvar "sv_maxunlag") (value "0.5")
L 05/16/2020 - 01:43:02: [basecommands.smx] "Console<0><Console><Console>" changed cvar (cvar "sv_unlag") (value "1")
L 05/16/2020 - 01:43:03: [chat-processor.smx] Message formats generated for game 'csgo'.
L 05/16/2020 - 01:43:03: [chat-processor.smx] Successfully hooked a SayText2 chat hook.
L 05/16/2020 - 01:43:03: [weapons.smx] Inactive players' data has been deleted
L 05/16/2020 - 01:58:31: [mapchooser.smx] Voting for next map has started.
L 05/16/2020 - 01:58:52: [mapchooser.smx] Voting for next map has finished. Nextmap: de_mirage.
L 05/16/2020 - 02:00:39: [SM] Changed map to "de_mirage"
L 05/16/2020 - 02:00:40: -------- Mapchange to de_mirage --------
L 05/16/2020 - 02:00:42: [basecommands.smx] "Console<0><Console><Console>" changed cvar (cvar "sv_maxrate") (value "128000")
L 05/16/2020 - 02:00:42: [basecommands.smx] "Console<0><Console><Console>" changed cvar (cvar "sv_minrate") (value "128000")
L 05/16/2020 - 02:00:42: [basecommands.smx] "Console<0><Console><Console>" changed cvar (cvar "sv_maxcmdrate") (value "128")
L 05/16/2020 - 02:00:42: [basecommands.smx] "Console<0><Console><Console>" changed cvar (cvar "sv_mincmdrate") (value "128")
L 05/16/2020 - 02:00:42: [basecommands.smx] "Console<0><Console><Console>" changed cvar (cvar "sv_minupdaterate") (value "128")
L 05/16/2020 - 02:00:42: [basecommands.smx] "Console<0><Console><Console>" changed cvar (cvar "sv_maxupdaterate") (value "128")
L 05/16/2020 - 02:00:42: [basecommands.smx] "Console<0><Console><Console>" changed cvar (cvar "sv_maxunlag") (value "0.5")
L 05/16/2020 - 02:00:42: [basecommands.smx] "Console<0><Console><Console>" changed cvar (cvar "sv_unlag") (value "1")
L 05/16/2020 - 02:00:43: [chat-processor.smx] Message formats generated for game 'csgo'.
L 05/16/2020 - 02:00:43: [chat-processor.smx] Successfully hooked a SayText2 chat hook.
L 05/16/2020 - 02:00:43: [weapons.smx] Inactive players' data has been deleted
L 05/16/2020 - 02:18:31: [mapchooser.smx] Voting for next map has started.
L 05/16/2020 - 02:18:50: [mapchooser.smx] Voting for next map has finished. Nextmap: de_inferno.
L 05/16/2020 - 02:20:55: [SM] Changed map to "de_inferno"
L 05/16/2020 - 02:20:56: -------- Mapchange to de_inferno --------
L 05/16/2020 - 02:20:59: [basecommands.smx] "Console<0><Console><Console>" changed cvar (cvar "sv_maxrate") (value "128000")
L 05/16/2020 - 02:20:59: [basecommands.smx] "Console<0><Console><Console>" changed cvar (cvar "sv_minrate") (value "128000")
L 05/16/2020 - 02:20:59: [basecommands.smx] "Console<0><Console><Console>" changed cvar (cvar "sv_maxcmdrate") (value "128")
L 05/16/2020 - 02:20:59: [basecommands.smx] "Console<0><Console><Console>" changed cvar (cvar "sv_mincmdrate") (value "128")
L 05/16/2020 - 02:20:59: [basecommands.smx] "Console<0><Console><Console>" changed cvar (cvar "sv_minupdaterate") (value "128")
L 05/16/2020 - 02:20:59: [basecommands.smx] "Console<0><Console><Console>" changed cvar (cvar "sv_maxupdaterate") (value "128")
L 05/16/2020 - 02:20:59: [basecommands.smx] "Console<0><Console><Console>" changed cvar (cvar "sv_maxunlag") (value "0.5")
L 05/16/2020 - 02:20:59: [basecommands.smx] "Console<0><Console><Console>" changed cvar (cvar "sv_unlag") (value "1")
L 05/16/2020 - 02:20:59: [chat-processor.smx] Message formats generated for game 'csgo'.
L 05/16/2020 - 02:20:59: [chat-processor.smx] Successfully hooked a SayText2 chat hook.
L 05/16/2020 - 02:21:01: [weapons.smx] Inactive players' data has been deleted
L 05/16/2020 - 02:38:36: [mapchooser.smx] Voting for next map has started.
L 05/16/2020 - 02:38:43: [mapchooser.smx] Voting for next map has finished. Nextmap: de_dust2.
L 05/16/2020 - 02:40:19: [SM] Changed map to "de_dust2"
L 05/16/2020 - 02:40:22: -------- Mapchange to de_dust2 --------
L 05/16/2020 - 02:40:25: [basecommands.smx] "Console<0><Console><Console>" changed cvar (cvar "sv_maxrate") (value "128000")
L 05/16/2020 - 02:40:25: [basecommands.smx] "Console<0><Console><Console>" changed cvar (cvar "sv_minrate") (value "128000")
L 05/16/2020 - 02:40:25: [basecommands.smx] "Console<0><Console><Console>" changed cvar (cvar "sv_maxcmdrate") (value "128")
L 05/16/2020 - 02:40:25: [basecommands.smx] "Console<0><Console><Console>" changed cvar (cvar "sv_mincmdrate") (value "128")
L 05/16/2020 - 02:40:25: [basecommands.smx] "Console<0><Console><Console>" changed cvar (cvar "sv_minupdaterate") (value "128")
L 05/16/2020 - 02:40:25: [basecommands.smx] "Console<0><Console><Console>" changed cvar (cvar "sv_maxupdaterate") (value "128")
L 05/16/2020 - 02:40:25: [basecommands.smx] "Console<0><Console><Console>" changed cvar (cvar "sv_maxunlag") (value "0.5")
L 05/16/2020 - 02:40:25: [basecommands.smx] "Console<0><Console><Console>" changed cvar (cvar "sv_unlag") (value "1")
L 05/16/2020 - 02:40:25: [chat-processor.smx] Message formats generated for game 'csgo'.
L 05/16/2020 - 02:40:25: [chat-processor.smx] Successfully hooked a SayText2 chat hook.
L 05/16/2020 - 02:40:26: [weapons.smx] Inactive players' data has been deleted
L 05/16/2020 - 02:56:02: [mapchooser.smx] Voting for next map has started.
L 05/16/2020 - 02:56:08: [mapchooser.smx] Voting for next map has finished. Nextmap: de_inferno.
L 05/16/2020 - 07:54:22: -------- Mapchange to de_dust2 --------
L 05/16/2020 - 07:54:24: [basecommands.smx] "Console<0><Console><Console>" changed cvar (cvar "sv_maxrate") (value "128000")
L 05/16/2020 - 07:54:24: [basecommands.smx] "Console<0><Console><Console>" changed cvar (cvar "sv_minrate") (value "128000")
L 05/16/2020 - 07:54:24: [basecommands.smx] "Console<0><Console><Console>" changed cvar (cvar "sv_maxcmdrate") (value "128")
L 05/16/2020 - 07:54:24: [basecommands.smx] "Console<0><Console><Console>" changed cvar (cvar "sv_mincmdrate") (value "128")
L 05/16/2020 - 07:54:24: [basecommands.smx] "Console<0><Console><Console>" changed cvar (cvar "sv_minupdaterate") (value "128")
L 05/16/2020 - 07:54:24: [basecommands.smx] "Console<0><Console><Console>" changed cvar (cvar "sv_maxupdaterate") (value "128")
L 05/16/2020 - 07:54:24: [basecommands.smx] "Console<0><Console><Console>" changed cvar (cvar "sv_maxunlag") (value "0.5")
L 05/16/2020 - 07:54:24: [basecommands.smx] "Console<0><Console><Console>" changed cvar (cvar "sv_unlag") (value "1")
L 05/16/2020 - 07:54:25: [chat-processor.smx] Message formats generated for game 'csgo'.
L 05/16/2020 - 07:54:25: [chat-processor.smx] Successfully hooked a SayText2 chat hook.
L 05/16/2020 - 07:54:26: [weapons.smx] Inactive players' data has been deleted
L 05/16/2020 - 08:13:33: -------- Mapchange to de_dust2 --------
L 05/16/2020 - 08:13:35: [basecommands.smx] "Console<0><Console><Console>" changed cvar (cvar "sv_maxrate") (value "128000")
L 05/16/2020 - 08:13:35: [basecommands.smx] "Console<0><Console><Console>" changed cvar (cvar "sv_minrate") (value "128000")
L 05/16/2020 - 08:13:35: [basecommands.smx] "Console<0><Console><Console>" changed cvar (cvar "sv_maxcmdrate") (value "128")
L 05/16/2020 - 08:13:35: [basecommands.smx] "Console<0><Console><Console>" changed cvar (cvar "sv_mincmdrate") (value "128")
L 05/16/2020 - 08:13:35: [basecommands.smx] "Console<0><Console><Console>" changed cvar (cvar "sv_minupdaterate") (value "128")
L 05/16/2020 - 08:13:35: [basecommands.smx] "Console<0><Console><Console>" changed cvar (cvar "sv_maxupdaterate") (value "128")
L 05/16/2020 - 08:13:35: [basecommands.smx] "Console<0><Console><Console>" changed cvar (cvar "sv_maxunlag") (value "0.5")
L 05/16/2020 - 08:13:35: [basecommands.smx] "Console<0><Console><Console>" changed cvar (cvar "sv_unlag") (value "1")
L 05/16/2020 - 08:13:36: [chat-processor.smx] Message formats generated for game 'csgo'.
L 05/16/2020 - 08:13:36: [chat-processor.smx] Successfully hooked a SayText2 chat hook.
L 05/16/2020 - 08:13:36: [weapons.smx] Inactive players' data has been deleted
L 05/16/2020 - 09:24:00: -------- Mapchange to de_dust2 --------
L 05/16/2020 - 09:24:03: [basecommands.smx] "Console<0><Console><Console>" changed cvar (cvar "sv_maxrate") (value "128000")
L 05/16/2020 - 09:24:03: [basecommands.smx] "Console<0><Console><Console>" changed cvar (cvar "sv_minrate") (value "128000")
L 05/16/2020 - 09:24:03: [basecommands.smx] "Console<0><Console><Console>" changed cvar (cvar "sv_maxcmdrate") (value "128")
L 05/16/2020 - 09:24:03: [basecommands.smx] "Console<0><Console><Console>" changed cvar (cvar "sv_mincmdrate") (value "128")
L 05/16/2020 - 09:24:03: [basecommands.smx] "Console<0><Console><Console>" changed cvar (cvar "sv_minupdaterate") (value "128")
L 05/16/2020 - 09:24:03: [basecommands.smx] "Console<0><Console><Console>" changed cvar (cvar "sv_maxupdaterate") (value "128")
L 05/16/2020 - 09:24:03: [basecommands.smx] "Console<0><Console><Console>" changed cvar (cvar "sv_maxunlag") (value "0.5")
L 05/16/2020 - 09:24:03: [basecommands.smx] "Console<0><Console><Console>" changed cvar (cvar "sv_unlag") (value "1")
L 05/16/2020 - 09:24:04: [chat-processor.smx] Message formats generated for game 'csgo'.
L 05/16/2020 - 09:24:04: [chat-processor.smx] Successfully hooked a SayText2 chat hook.
L 05/16/2020 - 09:24:04: [weapons.smx] Inactive players' data has been deleted
L 05/16/2020 - 09:39:17: [mapchooser.smx] Voting for next map has started.
L 05/16/2020 - 09:39:22: [mapchooser.smx] Voting for next map has finished. Nextmap: de_train.
L 05/16/2020 - 10:02:05: [SM] Changed map to "de_train"
L 05/16/2020 - 10:02:07: -------- Mapchange to de_train --------
L 05/16/2020 - 10:02:09: [basecommands.smx] "Console<0><Console><Console>" changed cvar (cvar "sv_maxrate") (value "128000")
L 05/16/2020 - 10:02:09: [basecommands.smx] "Console<0><Console><Console>" changed cvar (cvar "sv_minrate") (value "128000")
L 05/16/2020 - 10:02:09: [basecommands.smx] "Console<0><Console><Console>" changed cvar (cvar "sv_maxcmdrate") (value "128")
L 05/16/2020 - 10:02:09: [basecommands.smx] "Console<0><Console><Console>" changed cvar (cvar "sv_mincmdrate") (value "128")
L 05/16/2020 - 10:02:09: [basecommands.smx] "Console<0><Console><Console>" changed cvar (cvar "sv_minupdaterate") (value "128")
L 05/16/2020 - 10:02:09: [basecommands.smx] "Console<0><Console><Console>" changed cvar (cvar "sv_maxupdaterate") (value "128")
L 05/16/2020 - 10:02:09: [basecommands.smx] "Console<0><Console><Console>" changed cvar (cvar "sv_maxunlag") (value "0.5")
L 05/16/2020 - 10:02:09: [basecommands.smx] "Console<0><Console><Console>" changed cvar (cvar "sv_unlag") (value "1")
L 05/16/2020 - 10:02:10: [chat-processor.smx] Message formats generated for game 'csgo'.
L 05/16/2020 - 10:02:10: [chat-processor.smx] Successfully hooked a SayText2 chat hook.
L 05/16/2020 - 10:02:11: [weapons.smx] Inactive players' data has been deleted
L 05/16/2020 - 10:14:00: -------- Mapchange to de_train --------
L 05/16/2020 - 10:14:02: [basecommands.smx] "Console<0><Console><Console>" changed cvar (cvar "sv_maxrate") (value "128000")
L 05/16/2020 - 10:14:02: [basecommands.smx] "Console<0><Console><Console>" changed cvar (cvar "sv_minrate") (value "128000")
L 05/16/2020 - 10:14:02: [basecommands.smx] "Console<0><Console><Console>" changed cvar (cvar "sv_maxcmdrate") (value "128")
L 05/16/2020 - 10:14:02: [basecommands.smx] "Console<0><Console><Console>" changed cvar (cvar "sv_mincmdrate") (value "128")
L 05/16/2020 - 10:14:02: [basecommands.smx] "Console<0><Console><Console>" changed cvar (cvar "sv_minupdaterate") (value "128")
L 05/16/2020 - 10:14:02: [basecommands.smx] "Console<0><Console><Console>" changed cvar (cvar "sv_maxupdaterate") (value "128")
L 05/16/2020 - 10:14:02: [basecommands.smx] "Console<0><Console><Console>" changed cvar (cvar "sv_maxunlag") (value "0.5")
L 05/16/2020 - 10:14:02: [basecommands.smx] "Console<0><Console><Console>" changed cvar (cvar "sv_unlag") (value "1")
L 05/16/2020 - 10:14:03: [chat-processor.smx] Message formats generated for game 'csgo'.
L 05/16/2020 - 10:14:03: [chat-processor.smx] Successfully hooked a SayText2 chat hook.
L 05/16/2020 - 10:14:03: [weapons.smx] Inactive players' data has been deleted
L 05/16/2020 - 10:16:15: -------- Mapchange to de_train --------
L 05/16/2020 - 10:16:17: [basecommands.smx] "Console<0><Console><Console>" changed cvar (cvar "sv_maxrate") (value "128000")
L 05/16/2020 - 10:16:17: [basecommands.smx] "Console<0><Console><Console>" changed cvar (cvar "sv_minrate") (value "128000")
L 05/16/2020 - 10:16:17: [basecommands.smx] "Console<0><Console><Console>" changed cvar (cvar "sv_maxcmdrate") (value "128")
L 05/16/2020 - 10:16:17: [basecommands.smx] "Console<0><Console><Console>" changed cvar (cvar "sv_mincmdrate") (value "128")
L 05/16/2020 - 10:16:17: [basecommands.smx] "Console<0><Console><Console>" changed cvar (cvar "sv_minupdaterate") (value "128")
L 05/16/2020 - 10:16:17: [basecommands.smx] "Console<0><Console><Console>" changed cvar (cvar "sv_maxupdaterate") (value "128")
L 05/16/2020 - 10:16:17: [basecommands.smx] "Console<0><Console><Console>" changed cvar (cvar "sv_maxunlag") (value "0.5")
L 05/16/2020 - 10:16:17: [basecommands.smx] "Console<0><Console><Console>" changed cvar (cvar "sv_unlag") (value "1")
L 05/16/2020 - 10:16:18: [chat-processor.smx] Message formats generated for game 'csgo'.
L 05/16/2020 - 10:16:18: [chat-processor.smx] Successfully hooked a SayText2 chat hook.
L 05/16/2020 - 10:16:18: [weapons.smx] Inactive players' data has been deleted
L 05/16/2020 - 10:27:07: -------- Mapchange to de_train --------
L 05/16/2020 - 10:27:10: [basecommands.smx] "Console<0><Console><Console>" changed cvar (cvar "sv_maxrate") (value "128000")
L 05/16/2020 - 10:27:10: [basecommands.smx] "Console<0><Console><Console>" changed cvar (cvar "sv_minrate") (value "128000")
L 05/16/2020 - 10:27:10: [basecommands.smx] "Console<0><Console><Console>" changed cvar (cvar "sv_maxcmdrate") (value "128")
L 05/16/2020 - 10:27:10: [basecommands.smx] "Console<0><Console><Console>" changed cvar (cvar "sv_mincmdrate") (value "128")
L 05/16/2020 - 10:27:10: [basecommands.smx] "Console<0><Console><Console>" changed cvar (cvar "sv_minupdaterate") (value "128")
L 05/16/2020 - 10:27:10: [basecommands.smx] "Console<0><Console><Console>" changed cvar (cvar "sv_maxupdaterate") (value "128")
L 05/16/2020 - 10:27:10: [basecommands.smx] "Console<0><Console><Console>" changed cvar (cvar "sv_maxunlag") (value "0.5")
L 05/16/2020 - 10:27:10: [basecommands.smx] "Console<0><Console><Console>" changed cvar (cvar "sv_unlag") (value "1")
L 05/16/2020 - 10:27:10: [chat-processor.smx] Message formats generated for game 'csgo'.
L 05/16/2020 - 10:27:10: [chat-processor.smx] Successfully hooked a SayText2 chat hook.
L 05/16/2020 - 10:27:11: [weapons.smx] Inactive players' data has been deleted
L 05/16/2020 - 10:31:31: [mapchooser.smx] Starting map vote because outside request
L 05/16/2020 - 10:31:31: [mapchooser.smx] Voting for next map has started.
L 05/16/2020 - 10:31:34: [mapchooser.smx] Voting for next map has finished. Nextmap: de_mirage.
L 05/16/2020 - 10:31:36: [SM] Changed map to "de_mirage"
L 05/16/2020 - 10:31:37: -------- Mapchange to de_mirage --------
L 05/16/2020 - 10:31:40: [basecommands.smx] "Console<0><Console><Console>" changed cvar (cvar "sv_maxrate") (value "128000")
L 05/16/2020 - 10:31:40: [basecommands.smx] "Console<0><Console><Console>" changed cvar (cvar "sv_minrate") (value "128000")
L 05/16/2020 - 10:31:40: [basecommands.smx] "Console<0><Console><Console>" changed cvar (cvar "sv_maxcmdrate") (value "128")
L 05/16/2020 - 10:31:40: [basecommands.smx] "Console<0><Console><Console>" changed cvar (cvar "sv_mincmdrate") (value "128")
L 05/16/2020 - 10:31:40: [basecommands.smx] "Console<0><Console><Console>" changed cvar (cvar "sv_minupdaterate") (value "128")
L 05/16/2020 - 10:31:40: [basecommands.smx] "Console<0><Console><Console>" changed cvar (cvar "sv_maxupdaterate") (value "128")
L 05/16/2020 - 10:31:40: [basecommands.smx] "Console<0><Console><Console>" changed cvar (cvar "sv_maxunlag") (value "0.5")
L 05/16/2020 - 10:31:40: [basecommands.smx] "Console<0><Console><Console>" changed cvar (cvar "sv_unlag") (value "1")
L 05/16/2020 - 10:31:40: [chat-processor.smx] Message formats generated for game 'csgo'.
L 05/16/2020 - 10:31:40: [chat-processor.smx] Successfully hooked a SayText2 chat hook.
L 05/16/2020 - 10:31:41: [weapons.smx] Inactive players' data has been deleted
L 05/16/2020 - 10:32:30: [basecomm.smx] "Console<0><Console><Console>" muted "✪ systeM<3985><STEAM_1:0:81785551><>"
L 05/16/2020 - 10:32:30: [basecomm.smx] "Console<0><Console><Console>" gagged "✪ systeM<3985><STEAM_1:0:81785551><>"
L 05/16/2020 - 10:39:08: [basecomm.smx] "Console<0><Console><Console>" muted "✪ systeM<3989><STEAM_1:0:81785551><>"
L 05/16/2020 - 10:39:08: [basecomm.smx] "Console<0><Console><Console>" gagged "✪ systeM<3989><STEAM_1:0:81785551><>"
L 05/16/2020 - 10:44:37: [mapchooser.smx] Voting for next map has started.
L 05/16/2020 - 10:44:45: [mapchooser.smx] Voting for next map has finished. Nextmap: de_dust2.
L 05/16/2020 - 10:56:31: -------- Mapchange to de_mirage --------
L 05/16/2020 - 10:56:33: [basecommands.smx] "Console<0><Console><Console>" changed cvar (cvar "sv_maxrate") (value "128000")
L 05/16/2020 - 10:56:33: [basecommands.smx] "Console<0><Console><Console>" changed cvar (cvar "sv_minrate") (value "128000")
L 05/16/2020 - 10:56:33: [basecommands.smx] "Console<0><Console><Console>" changed cvar (cvar "sv_maxcmdrate") (value "128")
L 05/16/2020 - 10:56:33: [basecommands.smx] "Console<0><Console><Console>" changed cvar (cvar "sv_mincmdrate") (value "128")
L 05/16/2020 - 10:56:33: [basecommands.smx] "Console<0><Console><Console>" changed cvar (cvar "sv_minupdaterate") (value "128")
L 05/16/2020 - 10:56:33: [basecommands.smx] "Console<0><Console><Console>" changed cvar (cvar "sv_maxupdaterate") (value "128")
L 05/16/2020 - 10:56:33: [basecommands.smx] "Console<0><Console><Console>" changed cvar (cvar "sv_maxunlag") (value "0.5")
L 05/16/2020 - 10:56:33: [basecommands.smx] "Console<0><Console><Console>" changed cvar (cvar "sv_unlag") (value "1")
L 05/16/2020 - 10:56:34: [chat-processor.smx] Message formats generated for game 'csgo'.
L 05/16/2020 - 10:56:34: [chat-processor.smx] Successfully hooked a SayText2 chat hook.
L 05/16/2020 - 10:56:34: [weapons.smx] Inactive players' data has been deleted
L 05/16/2020 - 11:12:07: -------- Mapchange to de_mirage --------
L 05/16/2020 - 11:12:09: [basecommands.smx] "Console<0><Console><Console>" changed cvar (cvar "sv_maxrate") (value "128000")
L 05/16/2020 - 11:12:09: [basecommands.smx] "Console<0><Console><Console>" changed cvar (cvar "sv_minrate") (value "128000")
L 05/16/2020 - 11:12:09: [basecommands.smx] "Console<0><Console><Console>" changed cvar (cvar "sv_maxcmdrate") (value "128")
L 05/16/2020 - 11:12:09: [basecommands.smx] "Console<0><Console><Console>" changed cvar (cvar "sv_mincmdrate") (value "128")
L 05/16/2020 - 11:12:09: [basecommands.smx] "Console<0><Console><Console>" changed cvar (cvar "sv_minupdaterate") (value "128")
L 05/16/2020 - 11:12:09: [basecommands.smx] "Console<0><Console><Console>" changed cvar (cvar "sv_maxupdaterate") (value "128")
L 05/16/2020 - 11:12:09: [basecommands.smx] "Console<0><Console><Console>" changed cvar (cvar "sv_maxunlag") (value "0.5")
L 05/16/2020 - 11:12:09: [basecommands.smx] "Console<0><Console><Console>" changed cvar (cvar "sv_unlag") (value "1")
L 05/16/2020 - 11:12:10: [chat-processor.smx] Message formats generated for game 'csgo'.
L 05/16/2020 - 11:12:10: [chat-processor.smx] Successfully hooked a SayText2 chat hook.
L 05/16/2020 - 11:12:11: [weapons.smx] Inactive players' data has been deleted
L 05/16/2020 - 11:28:46: [mapchooser.smx] Voting for next map has started.
L 05/16/2020 - 11:29:06: [mapchooser.smx] Voting for next map has finished. Nextmap: de_dust2.
L 05/16/2020 - 11:48:09: [SM] Changed map to "de_dust2"
L 05/16/2020 - 11:48:13: -------- Mapchange to de_dust2 --------
L 05/16/2020 - 11:48:15: [basecommands.smx] "Console<0><Console><Console>" changed cvar (cvar "sv_maxrate") (value "128000")
L 05/16/2020 - 11:48:15: [basecommands.smx] "Console<0><Console><Console>" changed cvar (cvar "sv_minrate") (value "128000")
L 05/16/2020 - 11:48:15: [basecommands.smx] "Console<0><Console><Console>" changed cvar (cvar "sv_maxcmdrate") (value "128")
L 05/16/2020 - 11:48:15: [basecommands.smx] "Console<0><Console><Console>" changed cvar (cvar "sv_mincmdrate") (value "128")
L 05/16/2020 - 11:48:15: [basecommands.smx] "Console<0><Console><Console>" changed cvar (cvar "sv_minupdaterate") (value "128")
L 05/16/2020 - 11:48:15: [basecommands.smx] "Console<0><Console><Console>" changed cvar (cvar "sv_maxupdaterate") (value "128")
L 05/16/2020 - 11:48:15: [basecommands.smx] "Console<0><Console><Console>" changed cvar (cvar "sv_maxunlag") (value "0.5")
L 05/16/2020 - 11:48:15: [basecommands.smx] "Console<0><Console><Console>" changed cvar (cvar "sv_unlag") (value "1")
L 05/16/2020 - 11:48:16: [chat-processor.smx] Message formats generated for game 'csgo'.
L 05/16/2020 - 11:48:16: [chat-processor.smx] Successfully hooked a SayText2 chat hook.
L 05/16/2020 - 11:48:17: [weapons.smx] Inactive players' data has been deleted
L 05/16/2020 - 12:06:11: [mapchooser.smx] Voting for next map has started.
L 05/16/2020 - 12:06:22: [mapchooser.smx] Voting for next map has finished. Nextmap: de_mirage.
L 05/16/2020 - 12:07:50: [SM] Changed map to "de_mirage"
L 05/16/2020 - 12:07:51: -------- Mapchange to de_mirage --------
L 05/16/2020 - 12:07:54: [basecommands.smx] "Console<0><Console><Console>" changed cvar (cvar "sv_maxrate") (value "128000")
L 05/16/2020 - 12:07:54: [basecommands.smx] "Console<0><Console><Console>" changed cvar (cvar "sv_minrate") (value "128000")
L 05/16/2020 - 12:07:54: [basecommands.smx] "Console<0><Console><Console>" changed cvar (cvar "sv_maxcmdrate") (value "128")
L 05/16/2020 - 12:07:54: [basecommands.smx] "Console<0><Console><Console>" changed cvar (cvar "sv_mincmdrate") (value "128")
L 05/16/2020 - 12:07:54: [basecommands.smx] "Console<0><Console><Console>" changed cvar (cvar "sv_minupdaterate") (value "128")
L 05/16/2020 - 12:07:54: [basecommands.smx] "Console<0><Console><Console>" changed cvar (cvar "sv_maxupdaterate") (value "128")
L 05/16/2020 - 12:07:54: [basecommands.smx] "Console<0><Console><Console>" changed cvar (cvar "sv_maxunlag") (value "0.5")
L 05/16/2020 - 12:07:54: [basecommands.smx] "Console<0><Console><Console>" changed cvar (cvar "sv_unlag") (value "1")
L 05/16/2020 - 12:07:54: [chat-processor.smx] Message formats generated for game 'csgo'.
L 05/16/2020 - 12:07:54: [chat-processor.smx] Successfully hooked a SayText2 chat hook.
L 05/16/2020 - 12:07:56: [weapons.smx] Inactive players' data has been deleted
L 05/16/2020 - 12:24:38: [mapchooser.smx] Voting for next map has started.
L 05/16/2020 - 12:24:51: [mapchooser.smx] Voting for next map has finished. Nextmap: de_dust2.
L 05/16/2020 - 12:26:47: [SM] Changed map to "de_dust2"
L 05/16/2020 - 12:26:51: -------- Mapchange to de_dust2 --------
L 05/16/2020 - 12:26:53: [basecommands.smx] "Console<0><Console><Console>" changed cvar (cvar "sv_maxrate") (value "128000")
L 05/16/2020 - 12:26:53: [basecommands.smx] "Console<0><Console><Console>" changed cvar (cvar "sv_minrate") (value "128000")
L 05/16/2020 - 12:26:53: [basecommands.smx] "Console<0><Console><Console>" changed cvar (cvar "sv_maxcmdrate") (value "128")
L 05/16/2020 - 12:26:53: [basecommands.smx] "Console<0><Console><Console>" changed cvar (cvar "sv_mincmdrate") (value "128")
L 05/16/2020 - 12:26:53: [basecommands.smx] "Console<0><Console><Console>" changed cvar (cvar "sv_minupdaterate") (value "128")
L 05/16/2020 - 12:26:53: [basecommands.smx] "Console<0><Console><Console>" changed cvar (cvar "sv_maxupdaterate") (value "128")
L 05/16/2020 - 12:26:53: [basecommands.smx] "Console<0><Console><Console>" changed cvar (cvar "sv_maxunlag") (value "0.5")
L 05/16/2020 - 12:26:53: [basecommands.smx] "Console<0><Console><Console>" changed cvar (cvar "sv_unlag") (value "1")
L 05/16/2020 - 12:26:54: [chat-processor.smx] Message formats generated for game 'csgo'.
L 05/16/2020 - 12:26:54: [chat-processor.smx] Successfully hooked a SayText2 chat hook.
L 05/16/2020 - 12:26:55: [weapons.smx] Inactive players' data has been deleted
L 05/16/2020 - 12:44:45: [mapchooser.smx] Voting for next map has started.
L 05/16/2020 - 12:44:58: [mapchooser.smx] Voting for next map has finished. Nextmap: de_inferno.
L 05/16/2020 - 12:47:25: [SM] Changed map to "de_inferno"
L 05/16/2020 - 12:47:27: -------- Mapchange to de_inferno --------
L 05/16/2020 - 12:47:30: [basecommands.smx] "Console<0><Console><Console>" changed cvar (cvar "sv_maxrate") (value "128000")
L 05/16/2020 - 12:47:30: [basecommands.smx] "Console<0><Console><Console>" changed cvar (cvar "sv_minrate") (value "128000")
L 05/16/2020 - 12:47:30: [basecommands.smx] "Console<0><Console><Console>" changed cvar (cvar "sv_maxcmdrate") (value "128")
L 05/16/2020 - 12:47:30: [basecommands.smx] "Console<0><Console><Console>" changed cvar (cvar "sv_mincmdrate") (value "128")
L 05/16/2020 - 12:47:30: [basecommands.smx] "Console<0><Console><Console>" changed cvar (cvar "sv_minupdaterate") (value "128")
L 05/16/2020 - 12:47:30: [basecommands.smx] "Console<0><Console><Console>" changed cvar (cvar "sv_maxupdaterate") (value "128")
L 05/16/2020 - 12:47:30: [basecommands.smx] "Console<0><Console><Console>" changed cvar (cvar "sv_maxunlag") (value "0.5")
L 05/16/2020 - 12:47:30: [basecommands.smx] "Console<0><Console><Console>" changed cvar (cvar "sv_unlag") (value "1")
L 05/16/2020 - 12:47:30: [chat-processor.smx] Message formats generated for game 'csgo'.
L 05/16/2020 - 12:47:30: [chat-processor.smx] Successfully hooked a SayText2 chat hook.
L 05/16/2020 - 12:47:32: [weapons.smx] Inactive players' data has been deleted
L 05/16/2020 - 13:04:39: [mapchooser.smx] Voting for next map has started.
L 05/16/2020 - 13:04:55: [mapchooser.smx] Voting for next map has finished. Nextmap: de_mirage.
L 05/16/2020 - 13:07:06: [SM] Changed map to "de_mirage"
L 05/16/2020 - 13:07:07: -------- Mapchange to de_mirage --------
L 05/16/2020 - 13:07:10: [basecommands.smx] "Console<0><Console><Console>" changed cvar (cvar "sv_maxrate") (value "128000")
L 05/16/2020 - 13:07:10: [basecommands.smx] "Console<0><Console><Console>" changed cvar (cvar "sv_minrate") (value "128000")
L 05/16/2020 - 13:07:10: [basecommands.smx] "Console<0><Console><Console>" changed cvar (cvar "sv_maxcmdrate") (value "128")
L 05/16/2020 - 13:07:10: [basecommands.smx] "Console<0><Console><Console>" changed cvar (cvar "sv_mincmdrate") (value "128")
L 05/16/2020 - 13:07:10: [basecommands.smx] "Console<0><Console><Console>" changed cvar (cvar "sv_minupdaterate") (value "128")
L 05/16/2020 - 13:07:10: [basecommands.smx] "Console<0><Console><Console>" changed cvar (cvar "sv_maxupdaterate") (value "128")
L 05/16/2020 - 13:07:10: [basecommands.smx] "Console<0><Console><Console>" changed cvar (cvar "sv_maxunlag") (value "0.5")
L 05/16/2020 - 13:07:10: [basecommands.smx] "Console<0><Console><Console>" changed cvar (cvar "sv_unlag") (value "1")
L 05/16/2020 - 13:07:10: [chat-processor.smx] Message formats generated for game 'csgo'.
L 05/16/2020 - 13:07:10: [chat-processor.smx] Successfully hooked a SayText2 chat hook.
L 05/16/2020 - 13:07:12: [weapons.smx] Inactive players' data has been deleted
L 05/16/2020 - 13:23:49: [mapchooser.smx] Voting for next map has started.
L 05/16/2020 - 13:24:10: [mapchooser.smx] Voting for next map has finished. Nextmap: de_inferno.
L 05/16/2020 - 13:26:06: [SM] Changed map to "de_inferno"
L 05/16/2020 - 13:26:08: -------- Mapchange to de_inferno --------
L 05/16/2020 - 13:26:10: [basecommands.smx] "Console<0><Console><Console>" changed cvar (cvar "sv_maxrate") (value "128000")
L 05/16/2020 - 13:26:10: [basecommands.smx] "Console<0><Console><Console>" changed cvar (cvar "sv_minrate") (value "128000")
L 05/16/2020 - 13:26:10: [basecommands.smx] "Console<0><Console><Console>" changed cvar (cvar "sv_maxcmdrate") (value "128")
L 05/16/2020 - 13:26:10: [basecommands.smx] "Console<0><Console><Console>" changed cvar (cvar "sv_mincmdrate") (value "128")
L 05/16/2020 - 13:26:10: [basecommands.smx] "Console<0><Console><Console>" changed cvar (cvar "sv_minupdaterate") (value "128")
L 05/16/2020 - 13:26:10: [basecommands.smx] "Console<0><Console><Console>" changed cvar (cvar "sv_maxupdaterate") (value "128")
L 05/16/2020 - 13:26:10: [basecommands.smx] "Console<0><Console><Console>" changed cvar (cvar "sv_maxunlag") (value "0.5")
L 05/16/2020 - 13:26:10: [basecommands.smx] "Console<0><Console><Console>" changed cvar (cvar "sv_unlag") (value "1")
L 05/16/2020 - 13:26:11: [chat-processor.smx] Message formats generated for game 'csgo'.
L 05/16/2020 - 13:26:11: [chat-processor.smx] Successfully hooked a SayText2 chat hook.
L 05/16/2020 - 13:26:12: [weapons.smx] Inactive players' data has been deleted
L 05/16/2020 - 13:42:52: [mapchooser.smx] Voting for next map has started.
L 05/16/2020 - 13:43:13: [mapchooser.smx] Voting for next map has finished. Nextmap: de_dust2.
L 05/16/2020 - 13:44:27: [SM] Changed map to "de_dust2"
L 05/16/2020 - 13:44:30: -------- Mapchange to de_dust2 --------
L 05/16/2020 - 13:44:33: [basecommands.smx] "Console<0><Console><Console>" changed cvar (cvar "sv_maxrate") (value "128000")
L 05/16/2020 - 13:44:33: [basecommands.smx] "Console<0><Console><Console>" changed cvar (cvar "sv_minrate") (value "128000")
L 05/16/2020 - 13:44:33: [basecommands.smx] "Console<0><Console><Console>" changed cvar (cvar "sv_maxcmdrate") (value "128")
L 05/16/2020 - 13:44:33: [basecommands.smx] "Console<0><Console><Console>" changed cvar (cvar "sv_mincmdrate") (value "128")
L 05/16/2020 - 13:44:33: [basecommands.smx] "Console<0><Console><Console>" changed cvar (cvar "sv_minupdaterate") (value "128")
L 05/16/2020 - 13:44:33: [basecommands.smx] "Console<0><Console><Console>" changed cvar (cvar "sv_maxupdaterate") (value "128")
L 05/16/2020 - 13:44:33: [basecommands.smx] "Console<0><Console><Console>" changed cvar (cvar "sv_maxunlag") (value "0.5")
L 05/16/2020 - 13:44:33: [basecommands.smx] "Console<0><Console><Console>" changed cvar (cvar "sv_unlag") (value "1")
L 05/16/2020 - 13:44:34: [chat-processor.smx] Message formats generated for game 'csgo'.
L 05/16/2020 - 13:44:34: [chat-processor.smx] Successfully hooked a SayText2 chat hook.
L 05/16/2020 - 13:44:35: [weapons.smx] Inactive players' data has been deleted
L 05/16/2020 - 14:01:00: [mapchooser.smx] Voting for next map has started.
L 05/16/2020 - 14:01:20: [mapchooser.smx] Voting for next map has finished. Nextmap: de_mirage.
L 05/16/2020 - 14:05:13: [SM] Changed map to "de_mirage"
L 05/16/2020 - 14:05:14: -------- Mapchange to de_mirage --------
L 05/16/2020 - 14:05:17: [basecommands.smx] "Console<0><Console><Console>" changed cvar (cvar "sv_maxrate") (value "128000")
L 05/16/2020 - 14:05:17: [basecommands.smx] "Console<0><Console><Console>" changed cvar (cvar "sv_minrate") (value "128000")
L 05/16/2020 - 14:05:17: [basecommands.smx] "Console<0><Console><Console>" changed cvar (cvar "sv_maxcmdrate") (value "128")
L 05/16/2020 - 14:05:17: [basecommands.smx] "Console<0><Console><Console>" changed cvar (cvar "sv_mincmdrate") (value "128")
L 05/16/2020 - 14:05:17: [basecommands.smx] "Console<0><Console><Console>" changed cvar (cvar "sv_minupdaterate") (value "128")
L 05/16/2020 - 14:05:17: [basecommands.smx] "Console<0><Console><Console>" changed cvar (cvar "sv_maxupdaterate") (value "128")
L 05/16/2020 - 14:05:17: [basecommands.smx] "Console<0><Console><Console>" changed cvar (cvar "sv_maxunlag") (value "0.5")
L 05/16/2020 - 14:05:17: [basecommands.smx] "Console<0><Console><Console>" changed cvar (cvar "sv_unlag") (value "1")
L 05/16/2020 - 14:05:17: [chat-processor.smx] Message formats generated for game 'csgo'.
L 05/16/2020 - 14:05:17: [chat-processor.smx] Successfully hooked a SayText2 chat hook.
L 05/16/2020 - 14:05:19: [weapons.smx] Inactive players' data has been deleted
L 05/16/2020 - 14:22:54: [mapchooser.smx] Voting for next map has started.
L 05/16/2020 - 14:23:02: [mapchooser.smx] Voting for next map has finished. Nextmap: de_train.
L 05/16/2020 - 14:24:54: [SM] Changed map to "de_train"
L 05/16/2020 - 14:24:55: -------- Mapchange to de_train --------
L 05/16/2020 - 14:24:57: [basecommands.smx] "Console<0><Console><Console>" changed cvar (cvar "sv_maxrate") (value "128000")
L 05/16/2020 - 14:24:57: [basecommands.smx] "Console<0><Console><Console>" changed cvar (cvar "sv_minrate") (value "128000")
L 05/16/2020 - 14:24:57: [basecommands.smx] "Console<0><Console><Console>" changed cvar (cvar "sv_maxcmdrate") (value "128")
L 05/16/2020 - 14:24:57: [basecommands.smx] "Console<0><Console><Console>" changed cvar (cvar "sv_mincmdrate") (value "128")
L 05/16/2020 - 14:24:57: [basecommands.smx] "Console<0><Console><Console>" changed cvar (cvar "sv_minupdaterate") (value "128")
L 05/16/2020 - 14:24:57: [basecommands.smx] "Console<0><Console><Console>" changed cvar (cvar "sv_maxupdaterate") (value "128")
L 05/16/2020 - 14:24:57: [basecommands.smx] "Console<0><Console><Console>" changed cvar (cvar "sv_maxunlag") (value "0.5")
L 05/16/2020 - 14:24:57: [basecommands.smx] "Console<0><Console><Console>" changed cvar (cvar "sv_unlag") (value "1")
L 05/16/2020 - 14:24:58: [chat-processor.smx] Message formats generated for game 'csgo'.
L 05/16/2020 - 14:24:58: [chat-processor.smx] Successfully hooked a SayText2 chat hook.
L 05/16/2020 - 14:25:00: [weapons.smx] Inactive players' data has been deleted
L 05/16/2020 - 14:43:00: [mapchooser.smx] Voting for next map has started.
L 05/16/2020 - 14:43:20: [mapchooser.smx] Voting for next map has finished. Nextmap: de_mirage.
L 05/16/2020 - 14:45:11: [SM] Changed map to "de_mirage"
L 05/16/2020 - 14:45:12: -------- Mapchange to de_mirage --------
L 05/16/2020 - 14:45:14: [basecommands.smx] "Console<0><Console><Console>" changed cvar (cvar "sv_maxrate") (value "128000")
L 05/16/2020 - 14:45:14: [basecommands.smx] "Console<0><Console><Console>" changed cvar (cvar "sv_minrate") (value "128000")
L 05/16/2020 - 14:45:14: [basecommands.smx] "Console<0><Console><Console>" changed cvar (cvar "sv_maxcmdrate") (value "128")
L 05/16/2020 - 14:45:14: [basecommands.smx] "Console<0><Console><Console>" changed cvar (cvar "sv_mincmdrate") (value "128")
L 05/16/2020 - 14:45:14: [basecommands.smx] "Console<0><Console><Console>" changed cvar (cvar "sv_minupdaterate") (value "128")
L 05/16/2020 - 14:45:14: [basecommands.smx] "Console<0><Console><Console>" changed cvar (cvar "sv_maxupdaterate") (value "128")
L 05/16/2020 - 14:45:14: [basecommands.smx] "Console<0><Console><Console>" changed cvar (cvar "sv_maxunlag") (value "0.5")
L 05/16/2020 - 14:45:14: [basecommands.smx] "Console<0><Console><Console>" changed cvar (cvar "sv_unlag") (value "1")
L 05/16/2020 - 14:45:15: [chat-processor.smx] Message formats generated for game 'csgo'.
L 05/16/2020 - 14:45:15: [chat-processor.smx] Successfully hooked a SayText2 chat hook.
L 05/16/2020 - 14:45:16: [weapons.smx] Inactive players' data has been deleted
L 05/16/2020 - 15:02:59: [mapchooser.smx] Voting for next map has started.
L 05/16/2020 - 15:03:05: [mapchooser.smx] Voting for next map has finished. Nextmap: de_inferno.
L 05/16/2020 - 15:05:22: [SM] Changed map to "de_inferno"
L 05/16/2020 - 15:05:24: -------- Mapchange to de_inferno --------
L 05/16/2020 - 15:05:26: [basecommands.smx] "Console<0><Console><Console>" changed cvar (cvar "sv_maxrate") (value "128000")
L 05/16/2020 - 15:05:26: [basecommands.smx] "Console<0><Console><Console>" changed cvar (cvar "sv_minrate") (value "128000")
L 05/16/2020 - 15:05:26: [basecommands.smx] "Console<0><Console><Console>" changed cvar (cvar "sv_maxcmdrate") (value "128")
L 05/16/2020 - 15:05:26: [basecommands.smx] "Console<0><Console><Console>" changed cvar (cvar "sv_mincmdrate") (value "128")
L 05/16/2020 - 15:05:26: [basecommands.smx] "Console<0><Console><Console>" changed cvar (cvar "sv_minupdaterate") (value "128")
L 05/16/2020 - 15:05:26: [basecommands.smx] "Console<0><Console><Console>" changed cvar (cvar "sv_maxupdaterate") (value "128")
L 05/16/2020 - 15:05:26: [basecommands.smx] "Console<0><Console><Console>" changed cvar (cvar "sv_maxunlag") (value "0.5")
L 05/16/2020 - 15:05:26: [basecommands.smx] "Console<0><Console><Console>" changed cvar (cvar "sv_unlag") (value "1")
L 05/16/2020 - 15:05:27: [chat-processor.smx] Message formats generated for game 'csgo'.
L 05/16/2020 - 15:05:27: [chat-processor.smx] Successfully hooked a SayText2 chat hook.
L 05/16/2020 - 15:05:28: [weapons.smx] Inactive players' data has been deleted
L 05/16/2020 - 15:22:31: [mapchooser.smx] Voting for next map has started.
L 05/16/2020 - 15:22:52: [mapchooser.smx] Voting for next map has finished. Nextmap: de_mirage.
L 05/16/2020 - 15:25:34: [SM] Changed map to "de_mirage"
L 05/16/2020 - 15:25:35: -------- Mapchange to de_mirage --------
L 05/16/2020 - 15:25:37: [basecommands.smx] "Console<0><Console><Console>" changed cvar (cvar "sv_maxrate") (value "128000")
L 05/16/2020 - 15:25:37: [basecommands.smx] "Console<0><Console><Console>" changed cvar (cvar "sv_minrate") (value "128000")
L 05/16/2020 - 15:25:37: [basecommands.smx] "Console<0><Console><Console>" changed cvar (cvar "sv_maxcmdrate") (value "128")
L 05/16/2020 - 15:25:37: [basecommands.smx] "Console<0><Console><Console>" changed cvar (cvar "sv_mincmdrate") (value "128")
L 05/16/2020 - 15:25:37: [basecommands.smx] "Console<0><Console><Console>" changed cvar (cvar "sv_minupdaterate") (value "128")
L 05/16/2020 - 15:25:37: [basecommands.smx] "Console<0><Console><Console>" changed cvar (cvar "sv_maxupdaterate") (value "128")
L 05/16/2020 - 15:25:37: [basecommands.smx] "Console<0><Console><Console>" changed cvar (cvar "sv_maxunlag") (value "0.5")
L 05/16/2020 - 15:25:37: [basecommands.smx] "Console<0><Console><Console>" changed cvar (cvar "sv_unlag") (value "1")
L 05/16/2020 - 15:25:38: [chat-processor.smx] Message formats generated for game 'csgo'.
L 05/16/2020 - 15:25:38: [chat-processor.smx] Successfully hooked a SayText2 chat hook.
L 05/16/2020 - 15:25:39: [weapons.smx] Inactive players' data has been deleted
L 05/16/2020 - 15:43:10: [mapchooser.smx] Voting for next map has started.
L 05/16/2020 - 15:43:31: [mapchooser.smx] Voting for next map has finished. Nextmap: de_inferno.
L 05/16/2020 - 15:45:16: [rockthevote.smx] RTV changing map manually
L 05/16/2020 - 15:45:16: [SM] Changed map to "de_inferno"
L 05/16/2020 - 15:45:17: -------- Mapchange to de_inferno --------
L 05/16/2020 - 15:45:20: [basecommands.smx] "Console<0><Console><Console>" changed cvar (cvar "sv_maxrate") (value "128000")
L 05/16/2020 - 15:45:20: [basecommands.smx] "Console<0><Console><Console>" changed cvar (cvar "sv_minrate") (value "128000")
L 05/16/2020 - 15:45:20: [basecommands.smx] "Console<0><Console><Console>" changed cvar (cvar "sv_maxcmdrate") (value "128")
L 05/16/2020 - 15:45:20: [basecommands.smx] "Console<0><Console><Console>" changed cvar (cvar "sv_mincmdrate") (value "128")
L 05/16/2020 - 15:45:20: [basecommands.smx] "Console<0><Console><Console>" changed cvar (cvar "sv_minupdaterate") (value "128")
L 05/16/2020 - 15:45:20: [basecommands.smx] "Console<0><Console><Console>" changed cvar (cvar "sv_maxupdaterate") (value "128")
L 05/16/2020 - 15:45:20: [basecommands.smx] "Console<0><Console><Console>" changed cvar (cvar "sv_maxunlag") (value "0.5")
L 05/16/2020 - 15:45:20: [basecommands.smx] "Console<0><Console><Console>" changed cvar (cvar "sv_unlag") (value "1")
L 05/16/2020 - 15:45:20: [chat-processor.smx] Message formats generated for game 'csgo'.
L 05/16/2020 - 15:45:20: [chat-processor.smx] Successfully hooked a SayText2 chat hook.
L 05/16/2020 - 15:45:22: [weapons.smx] Inactive players' data has been deleted
L 05/16/2020 - 16:03:07: [mapchooser.smx] Voting for next map has started.
L 05/16/2020 - 16:03:28: [mapchooser.smx] Voting for next map has finished. Nextmap: de_mirage.
L 05/16/2020 - 16:07:25: [rockthevote.smx] RTV changing map manually
L 05/16/2020 - 16:07:25: [SM] Changed map to "de_mirage"
L 05/16/2020 - 16:07:26: -------- Mapchange to de_mirage --------
L 05/16/2020 - 16:07:28: [basecommands.smx] "Console<0><Console><Console>" changed cvar (cvar "sv_maxrate") (value "128000")
L 05/16/2020 - 16:07:28: [basecommands.smx] "Console<0><Console><Console>" changed cvar (cvar "sv_minrate") (value "128000")
L 05/16/2020 - 16:07:28: [basecommands.smx] "Console<0><Console><Console>" changed cvar (cvar "sv_maxcmdrate") (value "128")
L 05/16/2020 - 16:07:28: [basecommands.smx] "Console<0><Console><Console>" changed cvar (cvar "sv_mincmdrate") (value "128")
L 05/16/2020 - 16:07:28: [basecommands.smx] "Console<0><Console><Console>" changed cvar (cvar "sv_minupdaterate") (value "128")
L 05/16/2020 - 16:07:28: [basecommands.smx] "Console<0><Console><Console>" changed cvar (cvar "sv_maxupdaterate") (value "128")
L 05/16/2020 - 16:07:28: [basecommands.smx] "Console<0><Console><Console>" changed cvar (cvar "sv_maxunlag") (value "0.5")
L 05/16/2020 - 16:07:28: [basecommands.smx] "Console<0><Console><Console>" changed cvar (cvar "sv_unlag") (value "1")
L 05/16/2020 - 16:07:29: [chat-processor.smx] Message formats generated for game 'csgo'.
L 05/16/2020 - 16:07:29: [chat-processor.smx] Successfully hooked a SayText2 chat hook.
L 05/16/2020 - 16:07:31: [weapons.smx] Inactive players' data has been deleted
L 05/16/2020 - 16:24:30: [mapchooser.smx] Voting for next map has started.
L 05/16/2020 - 16:24:43: [mapchooser.smx] Voting for next map has finished. Nextmap: de_dust2.
L 05/16/2020 - 16:26:57: [SM] Changed map to "de_dust2"
L 05/16/2020 - 16:27:01: -------- Mapchange to de_dust2 --------
L 05/16/2020 - 16:27:03: [basecommands.smx] "Console<0><Console><Console>" changed cvar (cvar "sv_maxrate") (value "128000")
L 05/16/2020 - 16:27:03: [basecommands.smx] "Console<0><Console><Console>" changed cvar (cvar "sv_minrate") (value "128000")
L 05/16/2020 - 16:27:03: [basecommands.smx] "Console<0><Console><Console>" changed cvar (cvar "sv_maxcmdrate") (value "128")
L 05/16/2020 - 16:27:03: [basecommands.smx] "Console<0><Console><Console>" changed cvar (cvar "sv_mincmdrate") (value "128")
L 05/16/2020 - 16:27:03: [basecommands.smx] "Console<0><Console><Console>" changed cvar (cvar "sv_minupdaterate") (value "128")
L 05/16/2020 - 16:27:03: [basecommands.smx] "Console<0><Console><Console>" changed cvar (cvar "sv_maxupdaterate") (value "128")
L 05/16/2020 - 16:27:03: [basecommands.smx] "Console<0><Console><Console>" changed cvar (cvar "sv_maxunlag") (value "0.5")
L 05/16/2020 - 16:27:03: [basecommands.smx] "Console<0><Console><Console>" changed cvar (cvar "sv_unlag") (value "1")
L 05/16/2020 - 16:27:04: [chat-processor.smx] Message formats generated for game 'csgo'.
L 05/16/2020 - 16:27:04: [chat-processor.smx] Successfully hooked a SayText2 chat hook.
L 05/16/2020 - 16:27:05: [weapons.smx] Inactive players' data has been deleted
L 05/16/2020 - 16:43:02: [mapchooser.smx] Voting for next map has started.
L 05/16/2020 - 16:43:22: [mapchooser.smx] Voting for next map has finished. Nextmap: de_mirage.
L 05/16/2020 - 16:45:04: [SM] Changed map to "de_mirage"
L 05/16/2020 - 16:45:05: -------- Mapchange to de_mirage --------
L 05/16/2020 - 16:45:07: [basecommands.smx] "Console<0><Console><Console>" changed cvar (cvar "sv_maxrate") (value "128000")
L 05/16/2020 - 16:45:07: [basecommands.smx] "Console<0><Console><Console>" changed cvar (cvar "sv_minrate") (value "128000")
L 05/16/2020 - 16:45:07: [basecommands.smx] "Console<0><Console><Console>" changed cvar (cvar "sv_maxcmdrate") (value "128")
L 05/16/2020 - 16:45:07: [basecommands.smx] "Console<0><Console><Console>" changed cvar (cvar "sv_mincmdrate") (value "128")
L 05/16/2020 - 16:45:07: [basecommands.smx] "Console<0><Console><Console>" changed cvar (cvar "sv_minupdaterate") (value "128")
L 05/16/2020 - 16:45:07: [basecommands.smx] "Console<0><Console><Console>" changed cvar (cvar "sv_maxupdaterate") (value "128")
L 05/16/2020 - 16:45:07: [basecommands.smx] "Console<0><Console><Console>" changed cvar (cvar "sv_maxunlag") (value "0.5")
L 05/16/2020 - 16:45:07: [basecommands.smx] "Console<0><Console><Console>" changed cvar (cvar "sv_unlag") (value "1")
L 05/16/2020 - 16:45:08: [chat-processor.smx] Message formats generated for game 'csgo'.
L 05/16/2020 - 16:45:08: [chat-processor.smx] Successfully hooked a SayText2 chat hook.
L 05/16/2020 - 16:45:09: [weapons.smx] Inactive players' data has been deleted
L 05/16/2020 - 17:00:52: [mapchooser.smx] Voting for next map has started.
L 05/16/2020 - 17:01:12: [mapchooser.smx] Voting for next map has finished. Nextmap: de_inferno.
L 05/16/2020 - 17:04:49: [SM] Changed map to "de_inferno"
L 05/16/2020 - 17:04:51: -------- Mapchange to de_inferno --------
L 05/16/2020 - 17:04:53: [basecommands.smx] "Console<0><Console><Console>" changed cvar (cvar "sv_maxrate") (value "128000")
L 05/16/2020 - 17:04:53: [basecommands.smx] "Console<0><Console><Console>" changed cvar (cvar "sv_minrate") (value "128000")
L 05/16/2020 - 17:04:53: [basecommands.smx] "Console<0><Console><Console>" changed cvar (cvar "sv_maxcmdrate") (value "128")
L 05/16/2020 - 17:04:53: [basecommands.smx] "Console<0><Console><Console>" changed cvar (cvar "sv_mincmdrate") (value "128")
L 05/16/2020 - 17:04:53: [basecommands.smx] "Console<0><Console><Console>" changed cvar (cvar "sv_minupdaterate") (value "128")
L 05/16/2020 - 17:04:53: [basecommands.smx] "Console<0><Console><Console>" changed cvar (cvar "sv_maxupdaterate") (value "128")
L 05/16/2020 - 17:04:53: [basecommands.smx] "Console<0><Console><Console>" changed cvar (cvar "sv_maxunlag") (value "0.5")
L 05/16/2020 - 17:04:53: [basecommands.smx] "Console<0><Console><Console>" changed cvar (cvar "sv_unlag") (value "1")
L 05/16/2020 - 17:04:54: [chat-processor.smx] Message formats generated for game 'csgo'.
L 05/16/2020 - 17:04:54: [chat-processor.smx] Successfully hooked a SayText2 chat hook.
L 05/16/2020 - 17:04:56: [weapons.smx] Inactive players' data has been deleted
L 05/16/2020 - 17:21:18: [mapchooser.smx] Voting for next map has started.
L 05/16/2020 - 17:21:34: [mapchooser.smx] Voting for next map has finished. Nextmap: de_overpass.
L 05/16/2020 - 17:44:00: [rockthevote.smx] RTV changing map manually
L 05/16/2020 - 17:44:00: [SM] Changed map to "de_overpass"
L 05/16/2020 - 17:44:01: -------- Mapchange to de_overpass --------
L 05/16/2020 - 17:44:04: [basecommands.smx] "Console<0><Console><Console>" changed cvar (cvar "sv_maxrate") (value "128000")
L 05/16/2020 - 17:44:04: [basecommands.smx] "Console<0><Console><Console>" changed cvar (cvar "sv_minrate") (value "128000")
L 05/16/2020 - 17:44:04: [basecommands.smx] "Console<0><Console><Console>" changed cvar (cvar "sv_maxcmdrate") (value "128")
L 05/16/2020 - 17:44:04: [basecommands.smx] "Console<0><Console><Console>" changed cvar (cvar "sv_mincmdrate") (value "128")
L 05/16/2020 - 17:44:04: [basecommands.smx] "Console<0><Console><Console>" changed cvar (cvar "sv_minupdaterate") (value "128")
L 05/16/2020 - 17:44:04: [basecommands.smx] "Console<0><Console><Console>" changed cvar (cvar "sv_maxupdaterate") (value "128")
L 05/16/2020 - 17:44:04: [basecommands.smx] "Console<0><Console><Console>" changed cvar (cvar "sv_maxunlag") (value "0.5")
L 05/16/2020 - 17:44:04: [basecommands.smx] "Console<0><Console><Console>" changed cvar (cvar "sv_unlag") (value "1")
L 05/16/2020 - 17:44:04: [chat-processor.smx] Message formats generated for game 'csgo'.
L 05/16/2020 - 17:44:04: [chat-processor.smx] Successfully hooked a SayText2 chat hook.
L 05/16/2020 - 17:44:06: [weapons.smx] Inactive players' data has been deleted
L 05/16/2020 - 17:57:34: [mapchooser.smx] Voting for next map has started.
L 05/16/2020 - 17:57:40: [mapchooser.smx] Voting for next map has finished. Nextmap: de_mirage.
L 05/16/2020 - 17:59:33: [rockthevote.smx] RTV changing map manually
L 05/16/2020 - 17:59:33: [SM] Changed map to "de_mirage"
L 05/16/2020 - 17:59:33: -------- Mapchange to de_mirage --------
L 05/16/2020 - 17:59:36: [basecommands.smx] "Console<0><Console><Console>" changed cvar (cvar "sv_maxrate") (value "128000")
L 05/16/2020 - 17:59:36: [basecommands.smx] "Console<0><Console><Console>" changed cvar (cvar "sv_minrate") (value "128000")
L 05/16/2020 - 17:59:36: [basecommands.smx] "Console<0><Console><Console>" changed cvar (cvar "sv_maxcmdrate") (value "128")
L 05/16/2020 - 17:59:36: [basecommands.smx] "Console<0><Console><Console>" changed cvar (cvar "sv_mincmdrate") (value "128")
L 05/16/2020 - 17:59:36: [basecommands.smx] "Console<0><Console><Console>" changed cvar (cvar "sv_minupdaterate") (value "128")
L 05/16/2020 - 17:59:36: [basecommands.smx] "Console<0><Console><Console>" changed cvar (cvar "sv_maxupdaterate") (value "128")
L 05/16/2020 - 17:59:36: [basecommands.smx] "Console<0><Console><Console>" changed cvar (cvar "sv_maxunlag") (value "0.5")
L 05/16/2020 - 17:59:36: [basecommands.smx] "Console<0><Console><Console>" changed cvar (cvar "sv_unlag") (value "1")
L 05/16/2020 - 17:59:36: [chat-processor.smx] Message formats generated for game 'csgo'.
L 05/16/2020 - 17:59:36: [chat-processor.smx] Successfully hooked a SayText2 chat hook.
L 05/16/2020 - 17:59:38: [weapons.smx] Inactive players' data has been deleted
L 05/16/2020 - 18:16:46: [mapchooser.smx] Voting for next map has started.
L 05/16/2020 - 18:16:56: [mapchooser.smx] Voting for next map has finished. Nextmap: de_inferno.
L 05/16/2020 - 18:18:29: [SM] Changed map to "de_inferno"
L 05/16/2020 - 18:18:30: -------- Mapchange to de_inferno --------
L 05/16/2020 - 18:18:33: [basecommands.smx] "Console<0><Console><Console>" changed cvar (cvar "sv_maxrate") (value "128000")
L 05/16/2020 - 18:18:33: [basecommands.smx] "Console<0><Console><Console>" changed cvar (cvar "sv_minrate") (value "128000")
L 05/16/2020 - 18:18:33: [basecommands.smx] "Console<0><Console><Console>" changed cvar (cvar "sv_maxcmdrate") (value "128")
L 05/16/2020 - 18:18:33: [basecommands.smx] "Console<0><Console><Console>" changed cvar (cvar "sv_mincmdrate") (value "128")
L 05/16/2020 - 18:18:33: [basecommands.smx] "Console<0><Console><Console>" changed cvar (cvar "sv_minupdaterate") (value "128")
L 05/16/2020 - 18:18:33: [basecommands.smx] "Console<0><Console><Console>" changed cvar (cvar "sv_maxupdaterate") (value "128")
L 05/16/2020 - 18:18:33: [basecommands.smx] "Console<0><Console><Console>" changed cvar (cvar "sv_maxunlag") (value "0.5")
L 05/16/2020 - 18:18:33: [basecommands.smx] "Console<0><Console><Console>" changed cvar (cvar "sv_unlag") (value "1")
L 05/16/2020 - 18:18:33: [chat-processor.smx] Message formats generated for game 'csgo'.
L 05/16/2020 - 18:18:33: [chat-processor.smx] Successfully hooked a SayText2 chat hook.
L 05/16/2020 - 18:18:35: [weapons.smx] Inactive players' data has been deleted
L 05/16/2020 - 18:36:12: [mapchooser.smx] Voting for next map has started.
L 05/16/2020 - 18:36:24: [mapchooser.smx] Voting for next map has finished. Nextmap: de_mirage.
L 05/16/2020 - 18:37:46: [SM] Changed map to "de_mirage"
L 05/16/2020 - 18:37:46: -------- Mapchange to de_mirage --------
L 05/16/2020 - 18:37:49: [basecommands.smx] "Console<0><Console><Console>" changed cvar (cvar "sv_maxrate") (value "128000")
L 05/16/2020 - 18:37:49: [basecommands.smx] "Console<0><Console><Console>" changed cvar (cvar "sv_minrate") (value "128000")
L 05/16/2020 - 18:37:49: [basecommands.smx] "Console<0><Console><Console>" changed cvar (cvar "sv_maxcmdrate") (value "128")
L 05/16/2020 - 18:37:49: [basecommands.smx] "Console<0><Console><Console>" changed cvar (cvar "sv_mincmdrate") (value "128")
L 05/16/2020 - 18:37:49: [basecommands.smx] "Console<0><Console><Console>" changed cvar (cvar "sv_minupdaterate") (value "128")
L 05/16/2020 - 18:37:49: [basecommands.smx] "Console<0><Console><Console>" changed cvar (cvar "sv_maxupdaterate") (value "128")
L 05/16/2020 - 18:37:49: [basecommands.smx] "Console<0><Console><Console>" changed cvar (cvar "sv_maxunlag") (value "0.5")
L 05/16/2020 - 18:37:49: [basecommands.smx] "Console<0><Console><Console>" changed cvar (cvar "sv_unlag") (value "1")
L 05/16/2020 - 18:37:49: [chat-processor.smx] Message formats generated for game 'csgo'.
L 05/16/2020 - 18:37:49: [chat-processor.smx] Successfully hooked a SayText2 chat hook.
L 05/16/2020 - 18:37:51: [weapons.smx] Inactive players' data has been deleted
L 05/16/2020 - 18:55:29: [mapchooser.smx] Voting for next map has started.
L 05/16/2020 - 18:55:50: [mapchooser.smx] Voting for next map has finished. Nextmap: de_dust2.
L 05/16/2020 - 19:10:48: [basecommands.smx] ".Osas<4155><STEAM_1:1:244404070><>" kicked "Asterix<4168><STEAM_1:1:509572810><>" (reason "")
L 05/16/2020 - 19:16:04: [SM] Changed map to "de_dust2"
L 05/16/2020 - 19:16:07: -------- Mapchange to de_dust2 --------
L 05/16/2020 - 19:16:10: [basecommands.smx] "Console<0><Console><Console>" changed cvar (cvar "sv_maxrate") (value "128000")
L 05/16/2020 - 19:16:10: [basecommands.smx] "Console<0><Console><Console>" changed cvar (cvar "sv_minrate") (value "128000")
L 05/16/2020 - 19:16:10: [basecommands.smx] "Console<0><Console><Console>" changed cvar (cvar "sv_maxcmdrate") (value "128")
L 05/16/2020 - 19:16:10: [basecommands.smx] "Console<0><Console><Console>" changed cvar (cvar "sv_mincmdrate") (value "128")
L 05/16/2020 - 19:16:10: [basecommands.smx] "Console<0><Console><Console>" changed cvar (cvar "sv_minupdaterate") (value "128")
L 05/16/2020 - 19:16:10: [basecommands.smx] "Console<0><Console><Console>" changed cvar (cvar "sv_maxupdaterate") (value "128")
L 05/16/2020 - 19:16:10: [basecommands.smx] "Console<0><Console><Console>" changed cvar (cvar "sv_maxunlag") (value "0.5")
L 05/16/2020 - 19:16:10: [basecommands.smx] "Console<0><Console><Console>" changed cvar (cvar "sv_unlag") (value "1")
L 05/16/2020 - 19:16:10: [chat-processor.smx] Message formats generated for game 'csgo'.
L 05/16/2020 - 19:16:10: [chat-processor.smx] Successfully hooked a SayText2 chat hook.
L 05/16/2020 - 19:16:12: [weapons.smx] Inactive players' data has been deleted
L 05/16/2020 - 19:32:30: [mapchooser.smx] Voting for next map has started.
L 05/16/2020 - 19:32:39: [mapchooser.smx] Voting for next map has finished. Nextmap: de_inferno.
L 05/16/2020 - 19:33:58: [SM] Changed map to "de_inferno"
L 05/16/2020 - 19:34:00: -------- Mapchange to de_inferno --------
L 05/16/2020 - 19:34:02: [basecommands.smx] "Console<0><Console><Console>" changed cvar (cvar "sv_maxrate") (value "128000")
L 05/16/2020 - 19:34:02: [basecommands.smx] "Console<0><Console><Console>" changed cvar (cvar "sv_minrate") (value "128000")
L 05/16/2020 - 19:34:02: [basecommands.smx] "Console<0><Console><Console>" changed cvar (cvar "sv_maxcmdrate") (value "128")
L 05/16/2020 - 19:34:02: [basecommands.smx] "Console<0><Console><Console>" changed cvar (cvar "sv_mincmdrate") (value "128")
L 05/16/2020 - 19:34:02: [basecommands.smx] "Console<0><Console><Console>" changed cvar (cvar "sv_minupdaterate") (value "128")
L 05/16/2020 - 19:34:02: [basecommands.smx] "Console<0><Console><Console>" changed cvar (cvar "sv_maxupdaterate") (value "128")
L 05/16/2020 - 19:34:02: [basecommands.smx] "Console<0><Console><Console>" changed cvar (cvar "sv_maxunlag") (value "0.5")
L 05/16/2020 - 19:34:02: [basecommands.smx] "Console<0><Console><Console>" changed cvar (cvar "sv_unlag") (value "1")
L 05/16/2020 - 19:34:03: [chat-processor.smx] Message formats generated for game 'csgo'.
L 05/16/2020 - 19:34:03: [chat-processor.smx] Successfully hooked a SayText2 chat hook.
L 05/16/2020 - 19:34:04: [weapons.smx] Inactive players' data has been deleted
L 05/16/2020 - 19:40:23: [basecomm.smx] "Console<0><Console><Console>" muted "✪ systeM<4206><STEAM_1:0:81785551><>"
L 05/16/2020 - 19:40:23: [basecomm.smx] "Console<0><Console><Console>" gagged "✪ systeM<4206><STEAM_1:0:81785551><>"
L 05/16/2020 - 19:48:49: [mapchooser.smx] Voting for next map has started.
L 05/16/2020 - 19:48:59: [mapchooser.smx] Voting for next map has finished. Nextmap: de_mirage.
L 05/16/2020 - 19:50:52: [SM] Changed map to "de_mirage"
L 05/16/2020 - 19:50:53: -------- Mapchange to de_mirage --------
L 05/16/2020 - 19:50:55: [basecommands.smx] "Console<0><Console><Console>" changed cvar (cvar "sv_maxrate") (value "128000")
L 05/16/2020 - 19:50:55: [basecommands.smx] "Console<0><Console><Console>" changed cvar (cvar "sv_minrate") (value "128000")
L 05/16/2020 - 19:50:55: [basecommands.smx] "Console<0><Console><Console>" changed cvar (cvar "sv_maxcmdrate") (value "128")
L 05/16/2020 - 19:50:55: [basecommands.smx] "Console<0><Console><Console>" changed cvar (cvar "sv_mincmdrate") (value "128")
L 05/16/2020 - 19:50:55: [basecommands.smx] "Console<0><Console><Console>" changed cvar (cvar "sv_minupdaterate") (value "128")
L 05/16/2020 - 19:50:55: [basecommands.smx] "Console<0><Console><Console>" changed cvar (cvar "sv_maxupdaterate") (value "128")
L 05/16/2020 - 19:50:55: [basecommands.smx] "Console<0><Console><Console>" changed cvar (cvar "sv_maxunlag") (value "0.5")
L 05/16/2020 - 19:50:55: [basecommands.smx] "Console<0><Console><Console>" changed cvar (cvar "sv_unlag") (value "1")
L 05/16/2020 - 19:50:56: [chat-processor.smx] Message formats generated for game 'csgo'.
L 05/16/2020 - 19:50:56: [chat-processor.smx] Successfully hooked a SayText2 chat hook.
L 05/16/2020 - 19:50:57: [weapons.smx] Inactive players' data has been deleted
L 05/16/2020 - 20:07:06: [mapchooser.smx] Voting for next map has started.
L 05/16/2020 - 20:07:14: [mapchooser.smx] Voting for next map has finished. Nextmap: de_inferno.
L 05/16/2020 - 20:08:48: [SM] Changed map to "de_inferno"
L 05/16/2020 - 20:08:49: -------- Mapchange to de_inferno --------
L 05/16/2020 - 20:08:51: [basecommands.smx] "Console<0><Console><Console>" changed cvar (cvar "sv_maxrate") (value "128000")
L 05/16/2020 - 20:08:51: [basecommands.smx] "Console<0><Console><Console>" changed cvar (cvar "sv_minrate") (value "128000")
L 05/16/2020 - 20:08:51: [basecommands.smx] "Console<0><Console><Console>" changed cvar (cvar "sv_maxcmdrate") (value "128")
L 05/16/2020 - 20:08:51: [basecommands.smx] "Console<0><Console><Console>" changed cvar (cvar "sv_mincmdrate") (value "128")
L 05/16/2020 - 20:08:51: [basecommands.smx] "Console<0><Console><Console>" changed cvar (cvar "sv_minupdaterate") (value "128")
L 05/16/2020 - 20:08:51: [basecommands.smx] "Console<0><Console><Console>" changed cvar (cvar "sv_maxupdaterate") (value "128")
L 05/16/2020 - 20:08:51: [basecommands.smx] "Console<0><Console><Console>" changed cvar (cvar "sv_maxunlag") (value "0.5")
L 05/16/2020 - 20:08:51: [basecommands.smx] "Console<0><Console><Console>" changed cvar (cvar "sv_unlag") (value "1")
L 05/16/2020 - 20:08:52: [chat-processor.smx] Message formats generated for game 'csgo'.
L 05/16/2020 - 20:08:52: [chat-processor.smx] Successfully hooked a SayText2 chat hook.
L 05/16/2020 - 20:08:54: [weapons.smx] Inactive players' data has been deleted
L 05/16/2020 - 20:25:00: [mapchooser.smx] Voting for next map has started.
L 05/16/2020 - 20:25:20: [mapchooser.smx] Voting for next map has finished. Nextmap: de_mirage.
L 05/16/2020 - 21:02:48: [SM] Changed map to "de_mirage"
L 05/16/2020 - 21:02:49: -------- Mapchange to de_mirage --------
L 05/16/2020 - 21:02:51: [basecommands.smx] "Console<0><Console><Console>" changed cvar (cvar "sv_maxrate") (value "128000")
L 05/16/2020 - 21:02:51: [basecommands.smx] "Console<0><Console><Console>" changed cvar (cvar "sv_minrate") (value "128000")
L 05/16/2020 - 21:02:51: [basecommands.smx] "Console<0><Console><Console>" changed cvar (cvar "sv_maxcmdrate") (value "128")
L 05/16/2020 - 21:02:51: [basecommands.smx] "Console<0><Console><Console>" changed cvar (cvar "sv_mincmdrate") (value "128")
L 05/16/2020 - 21:02:51: [basecommands.smx] "Console<0><Console><Console>" changed cvar (cvar "sv_minupdaterate") (value "128")
L 05/16/2020 - 21:02:51: [basecommands.smx] "Console<0><Console><Console>" changed cvar (cvar "sv_maxupdaterate") (value "128")
L 05/16/2020 - 21:02:51: [basecommands.smx] "Console<0><Console><Console>" changed cvar (cvar "sv_maxunlag") (value "0.5")
L 05/16/2020 - 21:02:51: [basecommands.smx] "Console<0><Console><Console>" changed cvar (cvar "sv_unlag") (value "1")
L 05/16/2020 - 21:02:52: [chat-processor.smx] Message formats generated for game 'csgo'.
L 05/16/2020 - 21:02:52: [chat-processor.smx] Successfully hooked a SayText2 chat hook.
L 05/16/2020 - 21:02:53: [weapons.smx] Inactive players' data has been deleted
L 05/16/2020 - 21:17:48: [basecomm.smx] "Console<0><Console><Console>" muted "Blizz-Depro<4246><STEAM_1:0:7632961><>"
L 05/16/2020 - 21:17:48: [basecomm.smx] "Console<0><Console><Console>" gagged "Blizz-Depro<4246><STEAM_1:0:7632961><>"
L 05/16/2020 - 21:18:08: [mapchooser.smx] Voting for next map has started.
L 05/16/2020 - 21:18:16: [mapchooser.smx] Voting for next map has finished. Nextmap: de_dust2.
L 05/16/2020 - 21:19:49: [SM] Changed map to "de_dust2"
L 05/16/2020 - 21:19:53: -------- Mapchange to de_dust2 --------
L 05/16/2020 - 21:19:55: [basecommands.smx] "Console<0><Console><Console>" changed cvar (cvar "sv_maxrate") (value "128000")
L 05/16/2020 - 21:19:55: [basecommands.smx] "Console<0><Console><Console>" changed cvar (cvar "sv_minrate") (value "128000")
L 05/16/2020 - 21:19:55: [basecommands.smx] "Console<0><Console><Console>" changed cvar (cvar "sv_maxcmdrate") (value "128")
L 05/16/2020 - 21:19:55: [basecommands.smx] "Console<0><Console><Console>" changed cvar (cvar "sv_mincmdrate") (value "128")
L 05/16/2020 - 21:19:55: [basecommands.smx] "Console<0><Console><Console>" changed cvar (cvar "sv_minupdaterate") (value "128")
L 05/16/2020 - 21:19:55: [basecommands.smx] "Console<0><Console><Console>" changed cvar (cvar "sv_maxupdaterate") (value "128")
L 05/16/2020 - 21:19:55: [basecommands.smx] "Console<0><Console><Console>" changed cvar (cvar "sv_maxunlag") (value "0.5")
L 05/16/2020 - 21:19:55: [basecommands.smx] "Console<0><Console><Console>" changed cvar (cvar "sv_unlag") (value "1")
L 05/16/2020 - 21:19:56: [chat-processor.smx] Message formats generated for game 'csgo'.
L 05/16/2020 - 21:19:56: [chat-processor.smx] Successfully hooked a SayText2 chat hook.
L 05/16/2020 - 21:19:57: [weapons.smx] Inactive players' data has been deleted
L 05/16/2020 - 21:20:09: [basecomm.smx] "Console<0><Console><Console>" muted "Blizz-Depro<4246><STEAM_1:0:7632961><>"
L 05/16/2020 - 21:20:09: [basecomm.smx] "Console<0><Console><Console>" gagged "Blizz-Depro<4246><STEAM_1:0:7632961><>"
L 05/16/2020 - 21:34:35: [mapchooser.smx] Voting for next map has started.
L 05/16/2020 - 21:34:44: [mapchooser.smx] Voting for next map has finished. Nextmap: de_mirage.
L 05/16/2020 - 21:36:48: [SM] Changed map to "de_mirage"
L 05/16/2020 - 21:36:49: -------- Mapchange to de_mirage --------
L 05/16/2020 - 21:36:51: [basecommands.smx] "Console<0><Console><Console>" changed cvar (cvar "sv_maxrate") (value "128000")
L 05/16/2020 - 21:36:51: [basecommands.smx] "Console<0><Console><Console>" changed cvar (cvar "sv_minrate") (value "128000")
L 05/16/2020 - 21:36:51: [basecommands.smx] "Console<0><Console><Console>" changed cvar (cvar "sv_maxcmdrate") (value "128")
L 05/16/2020 - 21:36:51: [basecommands.smx] "Console<0><Console><Console>" changed cvar (cvar "sv_mincmdrate") (value "128")
L 05/16/2020 - 21:36:51: [basecommands.smx] "Console<0><Console><Console>" changed cvar (cvar "sv_minupdaterate") (value "128")
L 05/16/2020 - 21:36:51: [basecommands.smx] "Console<0><Console><Console>" changed cvar (cvar "sv_maxupdaterate") (value "128")
L 05/16/2020 - 21:36:51: [basecommands.smx] "Console<0><Console><Console>" changed cvar (cvar "sv_maxunlag") (value "0.5")
L 05/16/2020 - 21:36:51: [basecommands.smx] "Console<0><Console><Console>" changed cvar (cvar "sv_unlag") (value "1")
L 05/16/2020 - 21:36:52: [chat-processor.smx] Message formats generated for game 'csgo'.
L 05/16/2020 - 21:36:52: [chat-processor.smx] Successfully hooked a SayText2 chat hook.
L 05/16/2020 - 21:36:53: [weapons.smx] Inactive players' data has been deleted
L 05/16/2020 - 21:51:57: [mapchooser.smx] Voting for next map has started.
L 05/16/2020 - 21:52:18: [mapchooser.smx] Voting for next map has finished. Nextmap: de_inferno.
L 05/16/2020 - 21:53:49: [SM] Changed map to "de_inferno"
L 05/16/2020 - 21:53:50: -------- Mapchange to de_inferno --------
L 05/16/2020 - 21:53:53: [basecommands.smx] "Console<0><Console><Console>" changed cvar (cvar "sv_maxrate") (value "128000")
L 05/16/2020 - 21:53:53: [basecommands.smx] "Console<0><Console><Console>" changed cvar (cvar "sv_minrate") (value "128000")
L 05/16/2020 - 21:53:53: [basecommands.smx] "Console<0><Console><Console>" changed cvar (cvar "sv_maxcmdrate") (value "128")
L 05/16/2020 - 21:53:53: [basecommands.smx] "Console<0><Console><Console>" changed cvar (cvar "sv_mincmdrate") (value "128")
L 05/16/2020 - 21:53:53: [basecommands.smx] "Console<0><Console><Console>" changed cvar (cvar "sv_minupdaterate") (value "128")
L 05/16/2020 - 21:53:53: [basecommands.smx] "Console<0><Console><Console>" changed cvar (cvar "sv_maxupdaterate") (value "128")
L 05/16/2020 - 21:53:53: [basecommands.smx] "Console<0><Console><Console>" changed cvar (cvar "sv_maxunlag") (value "0.5")
L 05/16/2020 - 21:53:53: [basecommands.smx] "Console<0><Console><Console>" changed cvar (cvar "sv_unlag") (value "1")
L 05/16/2020 - 21:53:54: [chat-processor.smx] Message formats generated for game 'csgo'.
L 05/16/2020 - 21:53:54: [chat-processor.smx] Successfully hooked a SayText2 chat hook.
L 05/16/2020 - 21:53:54: [weapons.smx] Inactive players' data has been deleted
L 05/16/2020 - 22:08:56: [mapchooser.smx] Voting for next map has started.
L 05/16/2020 - 22:20:17: -------- Mapchange to de_inferno --------
L 05/16/2020 - 22:20:19: [basecommands.smx] "Console<0><Console><Console>" changed cvar (cvar "sv_maxrate") (value "128000")
L 05/16/2020 - 22:20:19: [basecommands.smx] "Console<0><Console><Console>" changed cvar (cvar "sv_minrate") (value "128000")
L 05/16/2020 - 22:20:19: [basecommands.smx] "Console<0><Console><Console>" changed cvar (cvar "sv_maxcmdrate") (value "128")
L 05/16/2020 - 22:20:19: [basecommands.smx] "Console<0><Console><Console>" changed cvar (cvar "sv_mincmdrate") (value "128")
L 05/16/2020 - 22:20:19: [basecommands.smx] "Console<0><Console><Console>" changed cvar (cvar "sv_minupdaterate") (value "128")
L 05/16/2020 - 22:20:19: [basecommands.smx] "Console<0><Console><Console>" changed cvar (cvar "sv_maxupdaterate") (value "128")
L 05/16/2020 - 22:20:19: [basecommands.smx] "Console<0><Console><Console>" changed cvar (cvar "sv_maxunlag") (value "0.5")
L 05/16/2020 - 22:20:19: [basecommands.smx] "Console<0><Console><Console>" changed cvar (cvar "sv_unlag") (value "1")
L 05/16/2020 - 22:20:20: [chat-processor.smx] Message formats generated for game 'csgo'.
L 05/16/2020 - 22:20:20: [chat-processor.smx] Successfully hooked a SayText2 chat hook.
L 05/16/2020 - 22:20:20: [weapons.smx] Inactive players' data has been deleted
L 05/16/2020 - 22:45:53: -------- Mapchange to de_inferno --------
L 05/16/2020 - 22:45:56: [basecommands.smx] "Console<0><Console><Console>" changed cvar (cvar "sv_maxrate") (value "128000")
L 05/16/2020 - 22:45:56: [basecommands.smx] "Console<0><Console><Console>" changed cvar (cvar "sv_minrate") (value "128000")
L 05/16/2020 - 22:45:56: [basecommands.smx] "Console<0><Console><Console>" changed cvar (cvar "sv_maxcmdrate") (value "128")
L 05/16/2020 - 22:45:56: [basecommands.smx] "Console<0><Console><Console>" changed cvar (cvar "sv_mincmdrate") (value "128")
L 05/16/2020 - 22:45:56: [basecommands.smx] "Console<0><Console><Console>" changed cvar (cvar "sv_minupdaterate") (value "128")
L 05/16/2020 - 22:45:56: [basecommands.smx] "Console<0><Console><Console>" changed cvar (cvar "sv_maxupdaterate") (value "128")
L 05/16/2020 - 22:45:56: [basecommands.smx] "Console<0><Console><Console>" changed cvar (cvar "sv_maxunlag") (value "0.5")
L 05/16/2020 - 22:45:56: [basecommands.smx] "Console<0><Console><Console>" changed cvar (cvar "sv_unlag") (value "1")
L 05/16/2020 - 22:45:57: [chat-processor.smx] Message formats generated for game 'csgo'.
L 05/16/2020 - 22:45:57: [chat-processor.smx] Successfully hooked a SayText2 chat hook.
L 05/16/2020 - 22:45:57: [weapons.smx] Inactive players' data has been deleted
L 05/16/2020 - 22:49:00: [basecommands.smx] "s0man<4263><STEAM_1:0:502754199><>" changed map to "de_mirage"
L 05/16/2020 - 22:49:03: [SM] Changed map to "de_mirage"
L 05/16/2020 - 22:49:04: -------- Mapchange to de_mirage --------
L 05/16/2020 - 22:49:06: [basecommands.smx] "Console<0><Console><Console>" changed cvar (cvar "sv_maxrate") (value "128000")
L 05/16/2020 - 22:49:06: [basecommands.smx] "Console<0><Console><Console>" changed cvar (cvar "sv_minrate") (value "128000")
L 05/16/2020 - 22:49:06: [basecommands.smx] "Console<0><Console><Console>" changed cvar (cvar "sv_maxcmdrate") (value "128")
L 05/16/2020 - 22:49:06: [basecommands.smx] "Console<0><Console><Console>" changed cvar (cvar "sv_mincmdrate") (value "128")
L 05/16/2020 - 22:49:06: [basecommands.smx] "Console<0><Console><Console>" changed cvar (cvar "sv_minupdaterate") (value "128")
L 05/16/2020 - 22:49:06: [basecommands.smx] "Console<0><Console><Console>" changed cvar (cvar "sv_maxupdaterate") (value "128")
L 05/16/2020 - 22:49:06: [basecommands.smx] "Console<0><Console><Console>" changed cvar (cvar "sv_maxunlag") (value "0.5")
L 05/16/2020 - 22:49:06: [basecommands.smx] "Console<0><Console><Console>" changed cvar (cvar "sv_unlag") (value "1")
L 05/16/2020 - 22:49:07: [chat-processor.smx] Message formats generated for game 'csgo'.
L 05/16/2020 - 22:49:07: [chat-processor.smx] Successfully hooked a SayText2 chat hook.
L 05/16/2020 - 22:49:08: [weapons.smx] Inactive players' data has been deleted
L 05/16/2020 - 23:04:28: [mapchooser.smx] Voting for next map has started.
L 05/16/2020 - 23:04:32: [mapchooser.smx] Voting for next map has finished. Nextmap: de_inferno.
L 05/16/2020 - 23:04:55: [basecomm.smx] "Console<0><Console><Console>" muted "✪ systeM<4272><STEAM_1:0:81785551><>"
L 05/16/2020 - 23:04:55: [basecomm.smx] "Console<0><Console><Console>" gagged "✪ systeM<4272><STEAM_1:0:81785551><>"
L 05/16/2020 - 23:11:41: -------- Mapchange to de_mirage --------
L 05/16/2020 - 23:11:44: [basecommands.smx] "Console<0><Console><Console>" changed cvar (cvar "sv_maxrate") (value "128000")
L 05/16/2020 - 23:11:44: [basecommands.smx] "Console<0><Console><Console>" changed cvar (cvar "sv_minrate") (value "128000")
L 05/16/2020 - 23:11:44: [basecommands.smx] "Console<0><Console><Console>" changed cvar (cvar "sv_maxcmdrate") (value "128")
L 05/16/2020 - 23:11:44: [basecommands.smx] "Console<0><Console><Console>" changed cvar (cvar "sv_mincmdrate") (value "128")
L 05/16/2020 - 23:11:44: [basecommands.smx] "Console<0><Console><Console>" changed cvar (cvar "sv_minupdaterate") (value "128")
L 05/16/2020 - 23:11:44: [basecommands.smx] "Console<0><Console><Console>" changed cvar (cvar "sv_maxupdaterate") (value "128")
L 05/16/2020 - 23:11:44: [basecommands.smx] "Console<0><Console><Console>" changed cvar (cvar "sv_maxunlag") (value "0.5")
L 05/16/2020 - 23:11:44: [basecommands.smx] "Console<0><Console><Console>" changed cvar (cvar "sv_unlag") (value "1")
L 05/16/2020 - 23:11:44: [chat-processor.smx] Message formats generated for game 'csgo'.
L 05/16/2020 - 23:11:44: [chat-processor.smx] Successfully hooked a SayText2 chat hook.
L 05/16/2020 - 23:11:45: [weapons.smx] Inactive players' data has been deleted
L 05/16/2020 - 23:28:27: -------- Mapchange to de_mirage --------
L 05/16/2020 - 23:28:29: [basecommands.smx] "Console<0><Console><Console>" changed cvar (cvar "sv_maxrate") (value "128000")
L 05/16/2020 - 23:28:29: [basecommands.smx] "Console<0><Console><Console>" changed cvar (cvar "sv_minrate") (value "128000")
L 05/16/2020 - 23:28:29: [basecommands.smx] "Console<0><Console><Console>" changed cvar (cvar "sv_maxcmdrate") (value "128")
L 05/16/2020 - 23:28:29: [basecommands.smx] "Console<0><Console><Console>" changed cvar (cvar "sv_mincmdrate") (value "128")
L 05/16/2020 - 23:28:29: [basecommands.smx] "Console<0><Console><Console>" changed cvar (cvar "sv_minupdaterate") (value "128")
L 05/16/2020 - 23:28:29: [basecommands.smx] "Console<0><Console><Console>" changed cvar (cvar "sv_maxupdaterate") (value "128")
L 05/16/2020 - 23:28:29: [basecommands.smx] "Console<0><Console><Console>" changed cvar (cvar "sv_maxunlag") (value "0.5")
L 05/16/2020 - 23:28:29: [basecommands.smx] "Console<0><Console><Console>" changed cvar (cvar "sv_unlag") (value "1")
L 05/16/2020 - 23:28:30: [chat-processor.smx] Message formats generated for game 'csgo'.
L 05/16/2020 - 23:28:30: [chat-processor.smx] Successfully hooked a SayText2 chat hook.
L 05/16/2020 - 23:28:30: [weapons.smx] Inactive players' data has been deleted
L 05/16/2020 - 23:36:08: -------- Mapchange to de_mirage --------
L 05/16/2020 - 23:36:10: [basecommands.smx] "Console<0><Console><Console>" changed cvar (cvar "sv_maxrate") (value "128000")
L 05/16/2020 - 23:36:10: [basecommands.smx] "Console<0><Console><Console>" changed cvar (cvar "sv_minrate") (value "128000")
L 05/16/2020 - 23:36:10: [basecommands.smx] "Console<0><Console><Console>" changed cvar (cvar "sv_maxcmdrate") (value "128")
L 05/16/2020 - 23:36:10: [basecommands.smx] "Console<0><Console><Console>" changed cvar (cvar "sv_mincmdrate") (value "128")
L 05/16/2020 - 23:36:10: [basecommands.smx] "Console<0><Console><Console>" changed cvar (cvar "sv_minupdaterate") (value "128")
L 05/16/2020 - 23:36:10: [basecommands.smx] "Console<0><Console><Console>" changed cvar (cvar "sv_maxupdaterate") (value "128")
L 05/16/2020 - 23:36:10: [basecommands.smx] "Console<0><Console><Console>" changed cvar (cvar "sv_maxunlag") (value "0.5")
L 05/16/2020 - 23:36:10: [basecommands.smx] "Console<0><Console><Console>" changed cvar (cvar "sv_unlag") (value "1")
L 05/16/2020 - 23:36:11: [chat-processor.smx] Message formats generated for game 'csgo'.
L 05/16/2020 - 23:36:11: [chat-processor.smx] Successfully hooked a SayText2 chat hook.
L 05/16/2020 - 23:36:12: [weapons.smx] Inactive players' data has been deleted
L 05/16/2020 - 23:52:49: -------- Mapchange to de_mirage --------
L 05/16/2020 - 23:52:52: [basecommands.smx] "Console<0><Console><Console>" changed cvar (cvar "sv_maxrate") (value "128000")
L 05/16/2020 - 23:52:52: [basecommands.smx] "Console<0><Console><Console>" changed cvar (cvar "sv_minrate") (value "128000")
L 05/16/2020 - 23:52:52: [basecommands.smx] "Console<0><Console><Console>" changed cvar (cvar "sv_maxcmdrate") (value "128")
L 05/16/2020 - 23:52:52: [basecommands.smx] "Console<0><Console><Console>" changed cvar (cvar "sv_mincmdrate") (value "128")
L 05/16/2020 - 23:52:52: [basecommands.smx] "Console<0><Console><Console>" changed cvar (cvar "sv_minupdaterate") (value "128")
L 05/16/2020 - 23:52:52: [basecommands.smx] "Console<0><Console><Console>" changed cvar (cvar "sv_maxupdaterate") (value "128")
L 05/16/2020 - 23:52:52: [basecommands.smx] "Console<0><Console><Console>" changed cvar (cvar "sv_maxunlag") (value "0.5")
L 05/16/2020 - 23:52:52: [basecommands.smx] "Console<0><Console><Console>" changed cvar (cvar "sv_unlag") (value "1")
L 05/16/2020 - 23:52:53: [chat-processor.smx] Message formats generated for game 'csgo'.
L 05/16/2020 - 23:52:53: [chat-processor.smx] Successfully hooked a SayText2 chat hook.
L 05/16/2020 - 23:52:53: [weapons.smx] Inactive players' data has been deleted
L 05/17/2020 - 00:40:27: Log file closed.
