L 06/24/2020 - 00:05:28: SourceMod log file session started (file "C:\TCAFiles\Users\jeanv\438\csgo\addons\sourcemod\logs\L20200624.log") (Version "1.10.0.6488")
L 06/24/2020 - 00:05:28: [mapchooser.smx] Voting for next map has started.
L 06/24/2020 - 00:05:40: [mapchooser.smx] Voting for next map has finished. Nextmap: de_train.
L 06/24/2020 - 00:08:37: [SM] Changed map to "de_train"
L 06/24/2020 - 00:08:39: -------- Mapchange to de_train --------
L 06/24/2020 - 00:08:41: [basecommands.smx] "Console<0><Console><Console>" changed cvar (cvar "sv_maxrate") (value "128000")
L 06/24/2020 - 00:08:41: [basecommands.smx] "Console<0><Console><Console>" changed cvar (cvar "sv_minrate") (value "128000")
L 06/24/2020 - 00:08:41: [basecommands.smx] "Console<0><Console><Console>" changed cvar (cvar "sv_maxcmdrate") (value "128")
L 06/24/2020 - 00:08:41: [basecommands.smx] "Console<0><Console><Console>" changed cvar (cvar "sv_mincmdrate") (value "128")
L 06/24/2020 - 00:08:41: [basecommands.smx] "Console<0><Console><Console>" changed cvar (cvar "sv_minupdaterate") (value "128")
L 06/24/2020 - 00:08:41: [basecommands.smx] "Console<0><Console><Console>" changed cvar (cvar "sv_maxupdaterate") (value "128")
L 06/24/2020 - 00:08:41: [basecommands.smx] "Console<0><Console><Console>" changed cvar (cvar "sv_maxunlag") (value "0.5")
L 06/24/2020 - 00:08:41: [basecommands.smx] "Console<0><Console><Console>" changed cvar (cvar "sv_unlag") (value "1")
L 06/24/2020 - 00:08:41: [afk_manager4.smx] [AFK Manager] Log File: addons\sourcemod\logs\afkm_20200624.log
L 06/24/2020 - 00:08:42: [chat-processor.smx] Message formats generated for game 'csgo'.
L 06/24/2020 - 00:08:42: [chat-processor.smx] Successfully hooked a SayText2 chat hook.
L 06/24/2020 - 00:08:43: [weapons.smx] Inactive players' data has been deleted
L 06/24/2020 - 00:25:37: [mapchooser.smx] Voting for next map has started.
L 06/24/2020 - 00:25:48: [mapchooser.smx] Voting for next map has finished. Nextmap: de_nuke.
L 06/24/2020 - 00:28:45: [SM] Changed map to "de_nuke"
L 06/24/2020 - 00:28:48: -------- Mapchange to de_nuke --------
L 06/24/2020 - 00:28:50: [basecommands.smx] "Console<0><Console><Console>" changed cvar (cvar "sv_maxrate") (value "128000")
L 06/24/2020 - 00:28:50: [basecommands.smx] "Console<0><Console><Console>" changed cvar (cvar "sv_minrate") (value "128000")
L 06/24/2020 - 00:28:50: [basecommands.smx] "Console<0><Console><Console>" changed cvar (cvar "sv_maxcmdrate") (value "128")
L 06/24/2020 - 00:28:50: [basecommands.smx] "Console<0><Console><Console>" changed cvar (cvar "sv_mincmdrate") (value "128")
L 06/24/2020 - 00:28:50: [basecommands.smx] "Console<0><Console><Console>" changed cvar (cvar "sv_minupdaterate") (value "128")
L 06/24/2020 - 00:28:50: [basecommands.smx] "Console<0><Console><Console>" changed cvar (cvar "sv_maxupdaterate") (value "128")
L 06/24/2020 - 00:28:50: [basecommands.smx] "Console<0><Console><Console>" changed cvar (cvar "sv_maxunlag") (value "0.5")
L 06/24/2020 - 00:28:50: [basecommands.smx] "Console<0><Console><Console>" changed cvar (cvar "sv_unlag") (value "1")
L 06/24/2020 - 00:28:51: [chat-processor.smx] Message formats generated for game 'csgo'.
L 06/24/2020 - 00:28:51: [chat-processor.smx] Successfully hooked a SayText2 chat hook.
L 06/24/2020 - 00:28:53: [weapons.smx] Inactive players' data has been deleted
L 06/24/2020 - 00:44:04: [mapchooser.smx] Voting for next map has started.
L 06/24/2020 - 00:44:10: [mapchooser.smx] Voting for next map has finished. Nextmap: de_vertigo.
L 06/24/2020 - 00:45:46: [SM] Changed map to "de_vertigo"
L 06/24/2020 - 00:45:47: -------- Mapchange to de_vertigo --------
L 06/24/2020 - 00:45:49: [basecommands.smx] "Console<0><Console><Console>" changed cvar (cvar "sv_maxrate") (value "128000")
L 06/24/2020 - 00:45:49: [basecommands.smx] "Console<0><Console><Console>" changed cvar (cvar "sv_minrate") (value "128000")
L 06/24/2020 - 00:45:49: [basecommands.smx] "Console<0><Console><Console>" changed cvar (cvar "sv_maxcmdrate") (value "128")
L 06/24/2020 - 00:45:49: [basecommands.smx] "Console<0><Console><Console>" changed cvar (cvar "sv_mincmdrate") (value "128")
L 06/24/2020 - 00:45:49: [basecommands.smx] "Console<0><Console><Console>" changed cvar (cvar "sv_minupdaterate") (value "128")
L 06/24/2020 - 00:45:49: [basecommands.smx] "Console<0><Console><Console>" changed cvar (cvar "sv_maxupdaterate") (value "128")
L 06/24/2020 - 00:45:49: [basecommands.smx] "Console<0><Console><Console>" changed cvar (cvar "sv_maxunlag") (value "0.5")
L 06/24/2020 - 00:45:49: [basecommands.smx] "Console<0><Console><Console>" changed cvar (cvar "sv_unlag") (value "1")
L 06/24/2020 - 00:45:50: [chat-processor.smx] Message formats generated for game 'csgo'.
L 06/24/2020 - 00:45:50: [chat-processor.smx] Successfully hooked a SayText2 chat hook.
L 06/24/2020 - 00:45:52: [weapons.smx] Inactive players' data has been deleted
L 06/24/2020 - 01:00:02: [mapchooser.smx] Voting for next map has started.
L 06/24/2020 - 01:00:10: [mapchooser.smx] Voting for next map has finished. Nextmap: de_mirage.
L 06/24/2020 - 01:01:49: [SM] Changed map to "de_mirage"
L 06/24/2020 - 01:01:49: -------- Mapchange to de_mirage --------
L 06/24/2020 - 01:01:52: [basecommands.smx] "Console<0><Console><Console>" changed cvar (cvar "sv_maxrate") (value "128000")
L 06/24/2020 - 01:01:52: [basecommands.smx] "Console<0><Console><Console>" changed cvar (cvar "sv_minrate") (value "128000")
L 06/24/2020 - 01:01:52: [basecommands.smx] "Console<0><Console><Console>" changed cvar (cvar "sv_maxcmdrate") (value "128")
L 06/24/2020 - 01:01:52: [basecommands.smx] "Console<0><Console><Console>" changed cvar (cvar "sv_mincmdrate") (value "128")
L 06/24/2020 - 01:01:52: [basecommands.smx] "Console<0><Console><Console>" changed cvar (cvar "sv_minupdaterate") (value "128")
L 06/24/2020 - 01:01:52: [basecommands.smx] "Console<0><Console><Console>" changed cvar (cvar "sv_maxupdaterate") (value "128")
L 06/24/2020 - 01:01:52: [basecommands.smx] "Console<0><Console><Console>" changed cvar (cvar "sv_maxunlag") (value "0.5")
L 06/24/2020 - 01:01:52: [basecommands.smx] "Console<0><Console><Console>" changed cvar (cvar "sv_unlag") (value "1")
L 06/24/2020 - 01:01:52: [chat-processor.smx] Message formats generated for game 'csgo'.
L 06/24/2020 - 01:01:52: [chat-processor.smx] Successfully hooked a SayText2 chat hook.
L 06/24/2020 - 01:01:53: [weapons.smx] Inactive players' data has been deleted
L 06/24/2020 - 01:15:04: [mapchooser.smx] Voting for next map has started.
L 06/24/2020 - 01:15:08: [mapchooser.smx] Voting for next map has finished. Nextmap: de_inferno.
L 06/24/2020 - 03:29:58: -------- Mapchange to de_mirage --------
L 06/24/2020 - 03:30:00: [basecommands.smx] "Console<0><Console><Console>" changed cvar (cvar "sv_maxrate") (value "128000")
L 06/24/2020 - 03:30:00: [basecommands.smx] "Console<0><Console><Console>" changed cvar (cvar "sv_minrate") (value "128000")
L 06/24/2020 - 03:30:00: [basecommands.smx] "Console<0><Console><Console>" changed cvar (cvar "sv_maxcmdrate") (value "128")
L 06/24/2020 - 03:30:00: [basecommands.smx] "Console<0><Console><Console>" changed cvar (cvar "sv_mincmdrate") (value "128")
L 06/24/2020 - 03:30:00: [basecommands.smx] "Console<0><Console><Console>" changed cvar (cvar "sv_minupdaterate") (value "128")
L 06/24/2020 - 03:30:00: [basecommands.smx] "Console<0><Console><Console>" changed cvar (cvar "sv_maxupdaterate") (value "128")
L 06/24/2020 - 03:30:00: [basecommands.smx] "Console<0><Console><Console>" changed cvar (cvar "sv_maxunlag") (value "0.5")
L 06/24/2020 - 03:30:00: [basecommands.smx] "Console<0><Console><Console>" changed cvar (cvar "sv_unlag") (value "1")
L 06/24/2020 - 03:30:00: [chat-processor.smx] Message formats generated for game 'csgo'.
L 06/24/2020 - 03:30:00: [chat-processor.smx] Successfully hooked a SayText2 chat hook.
L 06/24/2020 - 03:30:01: [weapons.smx] Inactive players' data has been deleted
L 06/24/2020 - 06:16:37: SourceMod log file session started (file "C:\TCAFiles\Users\jeanv\438\csgo\addons\sourcemod\logs\L20200624.log") (Version "1.10.0.6488")
L 06/24/2020 - 06:16:37: [GEOIP] GeoIP database info: GEO-106FREE 20180327 Build 1 Copyright (c) 2018 MaxMind Inc All Rights Reserved
L 06/24/2020 - 06:16:37: [afk_manager4.smx] [AFK Manager] Log File: addons\sourcemod\logs\afkm_20200624.log
L 06/24/2020 - 06:16:37: [afk_manager4.smx] [AFK Manager] Detected Mod Counter-Strike: Global Offensive
L 06/24/2020 - 09:48:04: [chat-processor.smx] Message formats generated for game 'csgo'.
L 06/24/2020 - 09:48:04: [chat-processor.smx] Successfully hooked a SayText2 chat hook.
L 06/24/2020 - 09:48:08: -------- Mapchange to de_dust2 --------
L 06/24/2020 - 09:48:10: [basecommands.smx] "Console<0><Console><Console>" changed cvar (cvar "sv_maxrate") (value "128000")
L 06/24/2020 - 09:48:10: [basecommands.smx] "Console<0><Console><Console>" changed cvar (cvar "sv_minrate") (value "128000")
L 06/24/2020 - 09:48:10: [basecommands.smx] "Console<0><Console><Console>" changed cvar (cvar "sv_maxcmdrate") (value "128")
L 06/24/2020 - 09:48:10: [basecommands.smx] "Console<0><Console><Console>" changed cvar (cvar "sv_mincmdrate") (value "128")
L 06/24/2020 - 09:48:10: [basecommands.smx] "Console<0><Console><Console>" changed cvar (cvar "sv_minupdaterate") (value "128")
L 06/24/2020 - 09:48:10: [basecommands.smx] "Console<0><Console><Console>" changed cvar (cvar "sv_maxupdaterate") (value "128")
L 06/24/2020 - 09:48:10: [basecommands.smx] "Console<0><Console><Console>" changed cvar (cvar "sv_maxunlag") (value "0.5")
L 06/24/2020 - 09:48:10: [basecommands.smx] "Console<0><Console><Console>" changed cvar (cvar "sv_unlag") (value "1")
L 06/24/2020 - 09:48:11: [chat-processor.smx] Message formats generated for game 'csgo'.
L 06/24/2020 - 09:48:11: [chat-processor.smx] Successfully hooked a SayText2 chat hook.
L 06/24/2020 - 09:48:11: [weapons.smx] SQLite DB connection successful
L 06/24/2020 - 09:48:11: [weapons.smx] Inactive players' data has been deleted
L 06/24/2020 - 09:48:12: [weapons.smx] SQLite DB connection successful
L 06/24/2020 - 09:48:12: [weapons.smx] SQLite DB connection successful
L 06/24/2020 - 09:48:12: [weapons.smx] Inactive players' data has been deleted
L 06/24/2020 - 09:48:12: [weapons.smx] Inactive players' data has been deleted
L 06/24/2020 - 10:14:18: -------- Mapchange to de_dust2 --------
L 06/24/2020 - 10:14:20: [basecommands.smx] "Console<0><Console><Console>" changed cvar (cvar "sv_maxrate") (value "128000")
L 06/24/2020 - 10:14:20: [basecommands.smx] "Console<0><Console><Console>" changed cvar (cvar "sv_minrate") (value "128000")
L 06/24/2020 - 10:14:20: [basecommands.smx] "Console<0><Console><Console>" changed cvar (cvar "sv_maxcmdrate") (value "128")
L 06/24/2020 - 10:14:20: [basecommands.smx] "Console<0><Console><Console>" changed cvar (cvar "sv_mincmdrate") (value "128")
L 06/24/2020 - 10:14:20: [basecommands.smx] "Console<0><Console><Console>" changed cvar (cvar "sv_minupdaterate") (value "128")
L 06/24/2020 - 10:14:20: [basecommands.smx] "Console<0><Console><Console>" changed cvar (cvar "sv_maxupdaterate") (value "128")
L 06/24/2020 - 10:14:20: [basecommands.smx] "Console<0><Console><Console>" changed cvar (cvar "sv_maxunlag") (value "0.5")
L 06/24/2020 - 10:14:20: [basecommands.smx] "Console<0><Console><Console>" changed cvar (cvar "sv_unlag") (value "1")
L 06/24/2020 - 10:14:21: [chat-processor.smx] Message formats generated for game 'csgo'.
L 06/24/2020 - 10:14:21: [chat-processor.smx] Successfully hooked a SayText2 chat hook.
L 06/24/2020 - 10:14:21: [weapons.smx] Inactive players' data has been deleted
L 06/24/2020 - 11:13:19: -------- Mapchange to de_dust2 --------
L 06/24/2020 - 11:13:21: [basecommands.smx] "Console<0><Console><Console>" changed cvar (cvar "sv_maxrate") (value "128000")
L 06/24/2020 - 11:13:21: [basecommands.smx] "Console<0><Console><Console>" changed cvar (cvar "sv_minrate") (value "128000")
L 06/24/2020 - 11:13:21: [basecommands.smx] "Console<0><Console><Console>" changed cvar (cvar "sv_maxcmdrate") (value "128")
L 06/24/2020 - 11:13:21: [basecommands.smx] "Console<0><Console><Console>" changed cvar (cvar "sv_mincmdrate") (value "128")
L 06/24/2020 - 11:13:21: [basecommands.smx] "Console<0><Console><Console>" changed cvar (cvar "sv_minupdaterate") (value "128")
L 06/24/2020 - 11:13:21: [basecommands.smx] "Console<0><Console><Console>" changed cvar (cvar "sv_maxupdaterate") (value "128")
L 06/24/2020 - 11:13:21: [basecommands.smx] "Console<0><Console><Console>" changed cvar (cvar "sv_maxunlag") (value "0.5")
L 06/24/2020 - 11:13:21: [basecommands.smx] "Console<0><Console><Console>" changed cvar (cvar "sv_unlag") (value "1")
L 06/24/2020 - 11:13:22: [chat-processor.smx] Message formats generated for game 'csgo'.
L 06/24/2020 - 11:13:22: [chat-processor.smx] Successfully hooked a SayText2 chat hook.
L 06/24/2020 - 11:13:22: [weapons.smx] Inactive players' data has been deleted
L 06/24/2020 - 12:27:22: -------- Mapchange to de_dust2 --------
L 06/24/2020 - 12:27:25: [basecommands.smx] "Console<0><Console><Console>" changed cvar (cvar "sv_maxrate") (value "128000")
L 06/24/2020 - 12:27:25: [basecommands.smx] "Console<0><Console><Console>" changed cvar (cvar "sv_minrate") (value "128000")
L 06/24/2020 - 12:27:25: [basecommands.smx] "Console<0><Console><Console>" changed cvar (cvar "sv_maxcmdrate") (value "128")
L 06/24/2020 - 12:27:25: [basecommands.smx] "Console<0><Console><Console>" changed cvar (cvar "sv_mincmdrate") (value "128")
L 06/24/2020 - 12:27:25: [basecommands.smx] "Console<0><Console><Console>" changed cvar (cvar "sv_minupdaterate") (value "128")
L 06/24/2020 - 12:27:25: [basecommands.smx] "Console<0><Console><Console>" changed cvar (cvar "sv_maxupdaterate") (value "128")
L 06/24/2020 - 12:27:25: [basecommands.smx] "Console<0><Console><Console>" changed cvar (cvar "sv_maxunlag") (value "0.5")
L 06/24/2020 - 12:27:25: [basecommands.smx] "Console<0><Console><Console>" changed cvar (cvar "sv_unlag") (value "1")
L 06/24/2020 - 12:27:25: [chat-processor.smx] Message formats generated for game 'csgo'.
L 06/24/2020 - 12:27:25: [chat-processor.smx] Successfully hooked a SayText2 chat hook.
L 06/24/2020 - 12:27:26: [weapons.smx] Inactive players' data has been deleted
L 06/24/2020 - 12:40:26: [mapchooser.smx] Voting for next map has started.
L 06/24/2020 - 12:40:29: [mapchooser.smx] Voting for next map has finished. Nextmap: de_mirage.
L 06/24/2020 - 12:42:36: [SM] Changed map to "de_mirage"
L 06/24/2020 - 12:42:37: -------- Mapchange to de_mirage --------
L 06/24/2020 - 12:42:40: [basecommands.smx] "Console<0><Console><Console>" changed cvar (cvar "sv_maxrate") (value "128000")
L 06/24/2020 - 12:42:40: [basecommands.smx] "Console<0><Console><Console>" changed cvar (cvar "sv_minrate") (value "128000")
L 06/24/2020 - 12:42:40: [basecommands.smx] "Console<0><Console><Console>" changed cvar (cvar "sv_maxcmdrate") (value "128")
L 06/24/2020 - 12:42:40: [basecommands.smx] "Console<0><Console><Console>" changed cvar (cvar "sv_mincmdrate") (value "128")
L 06/24/2020 - 12:42:40: [basecommands.smx] "Console<0><Console><Console>" changed cvar (cvar "sv_minupdaterate") (value "128")
L 06/24/2020 - 12:42:40: [basecommands.smx] "Console<0><Console><Console>" changed cvar (cvar "sv_maxupdaterate") (value "128")
L 06/24/2020 - 12:42:40: [basecommands.smx] "Console<0><Console><Console>" changed cvar (cvar "sv_maxunlag") (value "0.5")
L 06/24/2020 - 12:42:40: [basecommands.smx] "Console<0><Console><Console>" changed cvar (cvar "sv_unlag") (value "1")
L 06/24/2020 - 12:42:40: [chat-processor.smx] Message formats generated for game 'csgo'.
L 06/24/2020 - 12:42:40: [chat-processor.smx] Successfully hooked a SayText2 chat hook.
L 06/24/2020 - 12:42:41: [weapons.smx] Inactive players' data has been deleted
L 06/24/2020 - 12:57:25: [mapchooser.smx] Voting for next map has started.
L 06/24/2020 - 12:57:32: [mapchooser.smx] Voting for next map has finished. Nextmap: de_overpass.
L 06/24/2020 - 13:00:30: [basecommands.smx] "Void<11><STEAM_1:0:223404915><>" changed map to "de_inferno"
L 06/24/2020 - 13:00:33: [SM] Changed map to "de_inferno"
L 06/24/2020 - 13:00:35: -------- Mapchange to de_inferno --------
L 06/24/2020 - 13:00:38: [basecommands.smx] "Console<0><Console><Console>" changed cvar (cvar "sv_maxrate") (value "128000")
L 06/24/2020 - 13:00:38: [basecommands.smx] "Console<0><Console><Console>" changed cvar (cvar "sv_minrate") (value "128000")
L 06/24/2020 - 13:00:38: [basecommands.smx] "Console<0><Console><Console>" changed cvar (cvar "sv_maxcmdrate") (value "128")
L 06/24/2020 - 13:00:38: [basecommands.smx] "Console<0><Console><Console>" changed cvar (cvar "sv_mincmdrate") (value "128")
L 06/24/2020 - 13:00:38: [basecommands.smx] "Console<0><Console><Console>" changed cvar (cvar "sv_minupdaterate") (value "128")
L 06/24/2020 - 13:00:38: [basecommands.smx] "Console<0><Console><Console>" changed cvar (cvar "sv_maxupdaterate") (value "128")
L 06/24/2020 - 13:00:38: [basecommands.smx] "Console<0><Console><Console>" changed cvar (cvar "sv_maxunlag") (value "0.5")
L 06/24/2020 - 13:00:38: [basecommands.smx] "Console<0><Console><Console>" changed cvar (cvar "sv_unlag") (value "1")
L 06/24/2020 - 13:00:39: [chat-processor.smx] Message formats generated for game 'csgo'.
L 06/24/2020 - 13:00:39: [chat-processor.smx] Successfully hooked a SayText2 chat hook.
L 06/24/2020 - 13:00:40: [weapons.smx] Inactive players' data has been deleted
L 06/24/2020 - 13:17:45: [mapchooser.smx] Voting for next map has started.
L 06/24/2020 - 13:17:55: [mapchooser.smx] Voting for next map has finished. Nextmap: de_overpass.
L 06/24/2020 - 13:20:53: [basecommands.smx] "Void<11><STEAM_1:0:223404915><>" changed map to "de_mirage"
L 06/24/2020 - 13:20:56: [SM] Changed map to "de_mirage"
L 06/24/2020 - 13:20:57: -------- Mapchange to de_mirage --------
L 06/24/2020 - 13:20:59: [basecommands.smx] "Console<0><Console><Console>" changed cvar (cvar "sv_maxrate") (value "128000")
L 06/24/2020 - 13:20:59: [basecommands.smx] "Console<0><Console><Console>" changed cvar (cvar "sv_minrate") (value "128000")
L 06/24/2020 - 13:20:59: [basecommands.smx] "Console<0><Console><Console>" changed cvar (cvar "sv_maxcmdrate") (value "128")
L 06/24/2020 - 13:20:59: [basecommands.smx] "Console<0><Console><Console>" changed cvar (cvar "sv_mincmdrate") (value "128")
L 06/24/2020 - 13:20:59: [basecommands.smx] "Console<0><Console><Console>" changed cvar (cvar "sv_minupdaterate") (value "128")
L 06/24/2020 - 13:20:59: [basecommands.smx] "Console<0><Console><Console>" changed cvar (cvar "sv_maxupdaterate") (value "128")
L 06/24/2020 - 13:20:59: [basecommands.smx] "Console<0><Console><Console>" changed cvar (cvar "sv_maxunlag") (value "0.5")
L 06/24/2020 - 13:20:59: [basecommands.smx] "Console<0><Console><Console>" changed cvar (cvar "sv_unlag") (value "1")
L 06/24/2020 - 13:21:00: [chat-processor.smx] Message formats generated for game 'csgo'.
L 06/24/2020 - 13:21:00: [chat-processor.smx] Successfully hooked a SayText2 chat hook.
L 06/24/2020 - 13:21:02: [weapons.smx] Inactive players' data has been deleted
L 06/24/2020 - 13:37:31: [mapchooser.smx] Voting for next map has started.
L 06/24/2020 - 13:37:40: [mapchooser.smx] Voting for next map has finished. Nextmap: de_vertigo.
L 06/24/2020 - 13:39:18: [SM] Changed map to "de_vertigo"
L 06/24/2020 - 13:39:20: -------- Mapchange to de_vertigo --------
L 06/24/2020 - 13:39:22: [basecommands.smx] "Console<0><Console><Console>" changed cvar (cvar "sv_maxrate") (value "128000")
L 06/24/2020 - 13:39:22: [basecommands.smx] "Console<0><Console><Console>" changed cvar (cvar "sv_minrate") (value "128000")
L 06/24/2020 - 13:39:22: [basecommands.smx] "Console<0><Console><Console>" changed cvar (cvar "sv_maxcmdrate") (value "128")
L 06/24/2020 - 13:39:22: [basecommands.smx] "Console<0><Console><Console>" changed cvar (cvar "sv_mincmdrate") (value "128")
L 06/24/2020 - 13:39:22: [basecommands.smx] "Console<0><Console><Console>" changed cvar (cvar "sv_minupdaterate") (value "128")
L 06/24/2020 - 13:39:22: [basecommands.smx] "Console<0><Console><Console>" changed cvar (cvar "sv_maxupdaterate") (value "128")
L 06/24/2020 - 13:39:22: [basecommands.smx] "Console<0><Console><Console>" changed cvar (cvar "sv_maxunlag") (value "0.5")
L 06/24/2020 - 13:39:22: [basecommands.smx] "Console<0><Console><Console>" changed cvar (cvar "sv_unlag") (value "1")
L 06/24/2020 - 13:39:23: [chat-processor.smx] Message formats generated for game 'csgo'.
L 06/24/2020 - 13:39:23: [chat-processor.smx] Successfully hooked a SayText2 chat hook.
L 06/24/2020 - 13:39:25: [weapons.smx] Inactive players' data has been deleted
L 06/24/2020 - 13:55:28: [mapchooser.smx] Voting for next map has started.
L 06/24/2020 - 13:55:32: [mapchooser.smx] Voting for next map has finished. Nextmap: de_train.
L 06/24/2020 - 13:56:56: [SM] Changed map to "de_train"
L 06/24/2020 - 13:56:59: -------- Mapchange to de_train --------
L 06/24/2020 - 13:57:01: [basecommands.smx] "Console<0><Console><Console>" changed cvar (cvar "sv_maxrate") (value "128000")
L 06/24/2020 - 13:57:01: [basecommands.smx] "Console<0><Console><Console>" changed cvar (cvar "sv_minrate") (value "128000")
L 06/24/2020 - 13:57:01: [basecommands.smx] "Console<0><Console><Console>" changed cvar (cvar "sv_maxcmdrate") (value "128")
L 06/24/2020 - 13:57:01: [basecommands.smx] "Console<0><Console><Console>" changed cvar (cvar "sv_mincmdrate") (value "128")
L 06/24/2020 - 13:57:01: [basecommands.smx] "Console<0><Console><Console>" changed cvar (cvar "sv_minupdaterate") (value "128")
L 06/24/2020 - 13:57:01: [basecommands.smx] "Console<0><Console><Console>" changed cvar (cvar "sv_maxupdaterate") (value "128")
L 06/24/2020 - 13:57:01: [basecommands.smx] "Console<0><Console><Console>" changed cvar (cvar "sv_maxunlag") (value "0.5")
L 06/24/2020 - 13:57:01: [basecommands.smx] "Console<0><Console><Console>" changed cvar (cvar "sv_unlag") (value "1")
L 06/24/2020 - 13:57:02: [chat-processor.smx] Message formats generated for game 'csgo'.
L 06/24/2020 - 13:57:02: [chat-processor.smx] Successfully hooked a SayText2 chat hook.
L 06/24/2020 - 13:57:04: [weapons.smx] Inactive players' data has been deleted
L 06/24/2020 - 14:13:26: [mapchooser.smx] Voting for next map has started.
L 06/24/2020 - 14:13:34: [mapchooser.smx] Voting for next map has finished. Nextmap: de_nuke.
L 06/24/2020 - 14:14:55: [SM] Changed map to "de_nuke"
L 06/24/2020 - 14:14:58: -------- Mapchange to de_nuke --------
L 06/24/2020 - 14:15:01: [basecommands.smx] "Console<0><Console><Console>" changed cvar (cvar "sv_maxrate") (value "128000")
L 06/24/2020 - 14:15:01: [basecommands.smx] "Console<0><Console><Console>" changed cvar (cvar "sv_minrate") (value "128000")
L 06/24/2020 - 14:15:01: [basecommands.smx] "Console<0><Console><Console>" changed cvar (cvar "sv_maxcmdrate") (value "128")
L 06/24/2020 - 14:15:01: [basecommands.smx] "Console<0><Console><Console>" changed cvar (cvar "sv_mincmdrate") (value "128")
L 06/24/2020 - 14:15:01: [basecommands.smx] "Console<0><Console><Console>" changed cvar (cvar "sv_minupdaterate") (value "128")
L 06/24/2020 - 14:15:01: [basecommands.smx] "Console<0><Console><Console>" changed cvar (cvar "sv_maxupdaterate") (value "128")
L 06/24/2020 - 14:15:01: [basecommands.smx] "Console<0><Console><Console>" changed cvar (cvar "sv_maxunlag") (value "0.5")
L 06/24/2020 - 14:15:01: [basecommands.smx] "Console<0><Console><Console>" changed cvar (cvar "sv_unlag") (value "1")
L 06/24/2020 - 14:15:02: [chat-processor.smx] Message formats generated for game 'csgo'.
L 06/24/2020 - 14:15:02: [chat-processor.smx] Successfully hooked a SayText2 chat hook.
L 06/24/2020 - 14:15:03: [weapons.smx] Inactive players' data has been deleted
L 06/24/2020 - 14:30:56: [mapchooser.smx] Voting for next map has started.
L 06/24/2020 - 14:31:07: [mapchooser.smx] Voting for next map has finished. Nextmap: de_dust2.
L 06/24/2020 - 14:33:07: [SM] Changed map to "de_dust2"
L 06/24/2020 - 14:33:11: -------- Mapchange to de_dust2 --------
L 06/24/2020 - 14:33:13: [basecommands.smx] "Console<0><Console><Console>" changed cvar (cvar "sv_maxrate") (value "128000")
L 06/24/2020 - 14:33:13: [basecommands.smx] "Console<0><Console><Console>" changed cvar (cvar "sv_minrate") (value "128000")
L 06/24/2020 - 14:33:13: [basecommands.smx] "Console<0><Console><Console>" changed cvar (cvar "sv_maxcmdrate") (value "128")
L 06/24/2020 - 14:33:13: [basecommands.smx] "Console<0><Console><Console>" changed cvar (cvar "sv_mincmdrate") (value "128")
L 06/24/2020 - 14:33:13: [basecommands.smx] "Console<0><Console><Console>" changed cvar (cvar "sv_minupdaterate") (value "128")
L 06/24/2020 - 14:33:13: [basecommands.smx] "Console<0><Console><Console>" changed cvar (cvar "sv_maxupdaterate") (value "128")
L 06/24/2020 - 14:33:13: [basecommands.smx] "Console<0><Console><Console>" changed cvar (cvar "sv_maxunlag") (value "0.5")
L 06/24/2020 - 14:33:13: [basecommands.smx] "Console<0><Console><Console>" changed cvar (cvar "sv_unlag") (value "1")
L 06/24/2020 - 14:33:14: [chat-processor.smx] Message formats generated for game 'csgo'.
L 06/24/2020 - 14:33:14: [chat-processor.smx] Successfully hooked a SayText2 chat hook.
L 06/24/2020 - 14:33:15: [weapons.smx] Inactive players' data has been deleted
L 06/24/2020 - 14:50:09: [mapchooser.smx] Voting for next map has started.
L 06/24/2020 - 14:50:20: [mapchooser.smx] Voting for next map has finished. Nextmap: de_cache.
L 06/24/2020 - 14:51:50: [SM] Changed map to "de_cache"
L 06/24/2020 - 14:51:55: -------- Mapchange to de_cache --------
L 06/24/2020 - 14:51:57: [basecommands.smx] "Console<0><Console><Console>" changed cvar (cvar "sv_maxrate") (value "128000")
L 06/24/2020 - 14:51:57: [basecommands.smx] "Console<0><Console><Console>" changed cvar (cvar "sv_minrate") (value "128000")
L 06/24/2020 - 14:51:57: [basecommands.smx] "Console<0><Console><Console>" changed cvar (cvar "sv_maxcmdrate") (value "128")
L 06/24/2020 - 14:51:57: [basecommands.smx] "Console<0><Console><Console>" changed cvar (cvar "sv_mincmdrate") (value "128")
L 06/24/2020 - 14:51:57: [basecommands.smx] "Console<0><Console><Console>" changed cvar (cvar "sv_minupdaterate") (value "128")
L 06/24/2020 - 14:51:57: [basecommands.smx] "Console<0><Console><Console>" changed cvar (cvar "sv_maxupdaterate") (value "128")
L 06/24/2020 - 14:51:57: [basecommands.smx] "Console<0><Console><Console>" changed cvar (cvar "sv_maxunlag") (value "0.5")
L 06/24/2020 - 14:51:57: [basecommands.smx] "Console<0><Console><Console>" changed cvar (cvar "sv_unlag") (value "1")
L 06/24/2020 - 14:51:58: [chat-processor.smx] Message formats generated for game 'csgo'.
L 06/24/2020 - 14:51:58: [chat-processor.smx] Successfully hooked a SayText2 chat hook.
L 06/24/2020 - 14:52:00: [weapons.smx] Inactive players' data has been deleted
L 06/24/2020 - 15:08:29: [mapchooser.smx] Voting for next map has started.
L 06/24/2020 - 15:08:36: [mapchooser.smx] Voting for next map has finished. Nextmap: de_overpass.
L 06/24/2020 - 15:10:32: [SM] Changed map to "de_overpass"
L 06/24/2020 - 15:10:33: -------- Mapchange to de_overpass --------
L 06/24/2020 - 15:10:36: [basecommands.smx] "Console<0><Console><Console>" changed cvar (cvar "sv_maxrate") (value "128000")
L 06/24/2020 - 15:10:36: [basecommands.smx] "Console<0><Console><Console>" changed cvar (cvar "sv_minrate") (value "128000")
L 06/24/2020 - 15:10:36: [basecommands.smx] "Console<0><Console><Console>" changed cvar (cvar "sv_maxcmdrate") (value "128")
L 06/24/2020 - 15:10:36: [basecommands.smx] "Console<0><Console><Console>" changed cvar (cvar "sv_mincmdrate") (value "128")
L 06/24/2020 - 15:10:36: [basecommands.smx] "Console<0><Console><Console>" changed cvar (cvar "sv_minupdaterate") (value "128")
L 06/24/2020 - 15:10:36: [basecommands.smx] "Console<0><Console><Console>" changed cvar (cvar "sv_maxupdaterate") (value "128")
L 06/24/2020 - 15:10:36: [basecommands.smx] "Console<0><Console><Console>" changed cvar (cvar "sv_maxunlag") (value "0.5")
L 06/24/2020 - 15:10:36: [basecommands.smx] "Console<0><Console><Console>" changed cvar (cvar "sv_unlag") (value "1")
L 06/24/2020 - 15:10:37: [chat-processor.smx] Message formats generated for game 'csgo'.
L 06/24/2020 - 15:10:37: [chat-processor.smx] Successfully hooked a SayText2 chat hook.
L 06/24/2020 - 15:10:38: [weapons.smx] Inactive players' data has been deleted
L 06/24/2020 - 15:26:52: [mapchooser.smx] Voting for next map has started.
L 06/24/2020 - 15:27:13: [mapchooser.smx] Voting for next map has finished. Nextmap: de_mirage.
L 06/24/2020 - 15:29:29: [SM] Changed map to "de_mirage"
L 06/24/2020 - 15:29:30: -------- Mapchange to de_mirage --------
L 06/24/2020 - 15:29:32: [basecommands.smx] "Console<0><Console><Console>" changed cvar (cvar "sv_maxrate") (value "128000")
L 06/24/2020 - 15:29:32: [basecommands.smx] "Console<0><Console><Console>" changed cvar (cvar "sv_minrate") (value "128000")
L 06/24/2020 - 15:29:32: [basecommands.smx] "Console<0><Console><Console>" changed cvar (cvar "sv_maxcmdrate") (value "128")
L 06/24/2020 - 15:29:32: [basecommands.smx] "Console<0><Console><Console>" changed cvar (cvar "sv_mincmdrate") (value "128")
L 06/24/2020 - 15:29:32: [basecommands.smx] "Console<0><Console><Console>" changed cvar (cvar "sv_minupdaterate") (value "128")
L 06/24/2020 - 15:29:32: [basecommands.smx] "Console<0><Console><Console>" changed cvar (cvar "sv_maxupdaterate") (value "128")
L 06/24/2020 - 15:29:32: [basecommands.smx] "Console<0><Console><Console>" changed cvar (cvar "sv_maxunlag") (value "0.5")
L 06/24/2020 - 15:29:32: [basecommands.smx] "Console<0><Console><Console>" changed cvar (cvar "sv_unlag") (value "1")
L 06/24/2020 - 15:29:33: [chat-processor.smx] Message formats generated for game 'csgo'.
L 06/24/2020 - 15:29:33: [chat-processor.smx] Successfully hooked a SayText2 chat hook.
L 06/24/2020 - 15:29:34: [weapons.smx] Inactive players' data has been deleted
L 06/24/2020 - 15:45:26: [mapchooser.smx] Voting for next map has started.
L 06/24/2020 - 15:45:34: [mapchooser.smx] Voting for next map has finished. Nextmap: de_inferno.
L 06/24/2020 - 15:48:40: [SM] Changed map to "de_inferno"
L 06/24/2020 - 15:48:41: -------- Mapchange to de_inferno --------
L 06/24/2020 - 15:48:44: [basecommands.smx] "Console<0><Console><Console>" changed cvar (cvar "sv_maxrate") (value "128000")
L 06/24/2020 - 15:48:44: [basecommands.smx] "Console<0><Console><Console>" changed cvar (cvar "sv_minrate") (value "128000")
L 06/24/2020 - 15:48:44: [basecommands.smx] "Console<0><Console><Console>" changed cvar (cvar "sv_maxcmdrate") (value "128")
L 06/24/2020 - 15:48:44: [basecommands.smx] "Console<0><Console><Console>" changed cvar (cvar "sv_mincmdrate") (value "128")
L 06/24/2020 - 15:48:44: [basecommands.smx] "Console<0><Console><Console>" changed cvar (cvar "sv_minupdaterate") (value "128")
L 06/24/2020 - 15:48:44: [basecommands.smx] "Console<0><Console><Console>" changed cvar (cvar "sv_maxupdaterate") (value "128")
L 06/24/2020 - 15:48:44: [basecommands.smx] "Console<0><Console><Console>" changed cvar (cvar "sv_maxunlag") (value "0.5")
L 06/24/2020 - 15:48:44: [basecommands.smx] "Console<0><Console><Console>" changed cvar (cvar "sv_unlag") (value "1")
L 06/24/2020 - 15:48:44: [chat-processor.smx] Message formats generated for game 'csgo'.
L 06/24/2020 - 15:48:44: [chat-processor.smx] Successfully hooked a SayText2 chat hook.
L 06/24/2020 - 15:48:46: [weapons.smx] Inactive players' data has been deleted
L 06/24/2020 - 16:05:01: [mapchooser.smx] Voting for next map has started.
L 06/24/2020 - 16:05:22: [mapchooser.smx] Voting for next map has finished. Nextmap: de_train.
L 06/24/2020 - 16:07:51: [rockthevote.smx] RTV changing map manually
L 06/24/2020 - 16:07:51: [SM] Changed map to "de_train"
L 06/24/2020 - 16:07:52: -------- Mapchange to de_train --------
L 06/24/2020 - 16:07:55: [basecommands.smx] "Console<0><Console><Console>" changed cvar (cvar "sv_maxrate") (value "128000")
L 06/24/2020 - 16:07:55: [basecommands.smx] "Console<0><Console><Console>" changed cvar (cvar "sv_minrate") (value "128000")
L 06/24/2020 - 16:07:55: [basecommands.smx] "Console<0><Console><Console>" changed cvar (cvar "sv_maxcmdrate") (value "128")
L 06/24/2020 - 16:07:55: [basecommands.smx] "Console<0><Console><Console>" changed cvar (cvar "sv_mincmdrate") (value "128")
L 06/24/2020 - 16:07:55: [basecommands.smx] "Console<0><Console><Console>" changed cvar (cvar "sv_minupdaterate") (value "128")
L 06/24/2020 - 16:07:55: [basecommands.smx] "Console<0><Console><Console>" changed cvar (cvar "sv_maxupdaterate") (value "128")
L 06/24/2020 - 16:07:55: [basecommands.smx] "Console<0><Console><Console>" changed cvar (cvar "sv_maxunlag") (value "0.5")
L 06/24/2020 - 16:07:55: [basecommands.smx] "Console<0><Console><Console>" changed cvar (cvar "sv_unlag") (value "1")
L 06/24/2020 - 16:07:55: [chat-processor.smx] Message formats generated for game 'csgo'.
L 06/24/2020 - 16:07:55: [chat-processor.smx] Successfully hooked a SayText2 chat hook.
L 06/24/2020 - 16:07:56: [weapons.smx] Inactive players' data has been deleted
L 06/24/2020 - 16:23:35: [mapchooser.smx] Voting for next map has started.
L 06/24/2020 - 16:23:40: [mapchooser.smx] Voting for next map has finished. Nextmap: de_vertigo.
L 06/24/2020 - 16:24:49: [basecommands.smx] "Void<107><STEAM_1:0:223404915><>" changed map to "de_mirage"
L 06/24/2020 - 16:24:52: [SM] Changed map to "de_mirage"
L 06/24/2020 - 16:24:53: -------- Mapchange to de_mirage --------
L 06/24/2020 - 16:24:56: [basecommands.smx] "Console<0><Console><Console>" changed cvar (cvar "sv_maxrate") (value "128000")
L 06/24/2020 - 16:24:56: [basecommands.smx] "Console<0><Console><Console>" changed cvar (cvar "sv_minrate") (value "128000")
L 06/24/2020 - 16:24:56: [basecommands.smx] "Console<0><Console><Console>" changed cvar (cvar "sv_maxcmdrate") (value "128")
L 06/24/2020 - 16:24:56: [basecommands.smx] "Console<0><Console><Console>" changed cvar (cvar "sv_mincmdrate") (value "128")
L 06/24/2020 - 16:24:56: [basecommands.smx] "Console<0><Console><Console>" changed cvar (cvar "sv_minupdaterate") (value "128")
L 06/24/2020 - 16:24:56: [basecommands.smx] "Console<0><Console><Console>" changed cvar (cvar "sv_maxupdaterate") (value "128")
L 06/24/2020 - 16:24:56: [basecommands.smx] "Console<0><Console><Console>" changed cvar (cvar "sv_maxunlag") (value "0.5")
L 06/24/2020 - 16:24:56: [basecommands.smx] "Console<0><Console><Console>" changed cvar (cvar "sv_unlag") (value "1")
L 06/24/2020 - 16:24:56: [chat-processor.smx] Message formats generated for game 'csgo'.
L 06/24/2020 - 16:24:56: [chat-processor.smx] Successfully hooked a SayText2 chat hook.
L 06/24/2020 - 16:24:58: [weapons.smx] Inactive players' data has been deleted
L 06/24/2020 - 16:42:09: [mapchooser.smx] Voting for next map has started.
L 06/24/2020 - 16:42:23: [mapchooser.smx] Voting for next map has finished. Nextmap: de_nuke.
L 06/24/2020 - 16:44:56: [basecommands.smx] "Void<107><STEAM_1:0:223404915><>" changed map to "de_inferno"
L 06/24/2020 - 16:44:59: [SM] Changed map to "de_inferno"
L 06/24/2020 - 16:45:00: -------- Mapchange to de_inferno --------
L 06/24/2020 - 16:45:02: [basecommands.smx] "Console<0><Console><Console>" changed cvar (cvar "sv_maxrate") (value "128000")
L 06/24/2020 - 16:45:02: [basecommands.smx] "Console<0><Console><Console>" changed cvar (cvar "sv_minrate") (value "128000")
L 06/24/2020 - 16:45:02: [basecommands.smx] "Console<0><Console><Console>" changed cvar (cvar "sv_maxcmdrate") (value "128")
L 06/24/2020 - 16:45:02: [basecommands.smx] "Console<0><Console><Console>" changed cvar (cvar "sv_mincmdrate") (value "128")
L 06/24/2020 - 16:45:02: [basecommands.smx] "Console<0><Console><Console>" changed cvar (cvar "sv_minupdaterate") (value "128")
L 06/24/2020 - 16:45:02: [basecommands.smx] "Console<0><Console><Console>" changed cvar (cvar "sv_maxupdaterate") (value "128")
L 06/24/2020 - 16:45:02: [basecommands.smx] "Console<0><Console><Console>" changed cvar (cvar "sv_maxunlag") (value "0.5")
L 06/24/2020 - 16:45:02: [basecommands.smx] "Console<0><Console><Console>" changed cvar (cvar "sv_unlag") (value "1")
L 06/24/2020 - 16:45:03: [chat-processor.smx] Message formats generated for game 'csgo'.
L 06/24/2020 - 16:45:03: [chat-processor.smx] Successfully hooked a SayText2 chat hook.
L 06/24/2020 - 16:45:05: [weapons.smx] Inactive players' data has been deleted
L 06/24/2020 - 17:02:32: [mapchooser.smx] Voting for next map has started.
L 06/24/2020 - 17:02:52: [mapchooser.smx] Voting for next map has finished. Nextmap: de_vertigo.
L 06/24/2020 - 17:47:04: -------- Mapchange to de_inferno --------
L 06/24/2020 - 17:47:07: [basecommands.smx] "Console<0><Console><Console>" changed cvar (cvar "sv_maxrate") (value "128000")
L 06/24/2020 - 17:47:07: [basecommands.smx] "Console<0><Console><Console>" changed cvar (cvar "sv_minrate") (value "128000")
L 06/24/2020 - 17:47:07: [basecommands.smx] "Console<0><Console><Console>" changed cvar (cvar "sv_maxcmdrate") (value "128")
L 06/24/2020 - 17:47:07: [basecommands.smx] "Console<0><Console><Console>" changed cvar (cvar "sv_mincmdrate") (value "128")
L 06/24/2020 - 17:47:07: [basecommands.smx] "Console<0><Console><Console>" changed cvar (cvar "sv_minupdaterate") (value "128")
L 06/24/2020 - 17:47:07: [basecommands.smx] "Console<0><Console><Console>" changed cvar (cvar "sv_maxupdaterate") (value "128")
L 06/24/2020 - 17:47:07: [basecommands.smx] "Console<0><Console><Console>" changed cvar (cvar "sv_maxunlag") (value "0.5")
L 06/24/2020 - 17:47:07: [basecommands.smx] "Console<0><Console><Console>" changed cvar (cvar "sv_unlag") (value "1")
L 06/24/2020 - 17:47:07: [chat-processor.smx] Message formats generated for game 'csgo'.
L 06/24/2020 - 17:47:07: [chat-processor.smx] Successfully hooked a SayText2 chat hook.
L 06/24/2020 - 17:47:13: [weapons.smx] Inactive players' data has been deleted
L 06/24/2020 - 18:04:18: [mapchooser.smx] Voting for next map has started.
L 06/24/2020 - 18:04:25: [mapchooser.smx] Voting for next map has finished. Nextmap: de_overpass.
L 06/24/2020 - 18:25:20: [SM] Changed map to "de_overpass"
L 06/24/2020 - 18:25:21: -------- Mapchange to de_overpass --------
L 06/24/2020 - 18:25:23: [basecommands.smx] "Console<0><Console><Console>" changed cvar (cvar "sv_maxrate") (value "128000")
L 06/24/2020 - 18:25:23: [basecommands.smx] "Console<0><Console><Console>" changed cvar (cvar "sv_minrate") (value "128000")
L 06/24/2020 - 18:25:23: [basecommands.smx] "Console<0><Console><Console>" changed cvar (cvar "sv_maxcmdrate") (value "128")
L 06/24/2020 - 18:25:23: [basecommands.smx] "Console<0><Console><Console>" changed cvar (cvar "sv_mincmdrate") (value "128")
L 06/24/2020 - 18:25:23: [basecommands.smx] "Console<0><Console><Console>" changed cvar (cvar "sv_minupdaterate") (value "128")
L 06/24/2020 - 18:25:23: [basecommands.smx] "Console<0><Console><Console>" changed cvar (cvar "sv_maxupdaterate") (value "128")
L 06/24/2020 - 18:25:23: [basecommands.smx] "Console<0><Console><Console>" changed cvar (cvar "sv_maxunlag") (value "0.5")
L 06/24/2020 - 18:25:23: [basecommands.smx] "Console<0><Console><Console>" changed cvar (cvar "sv_unlag") (value "1")
L 06/24/2020 - 18:25:24: [chat-processor.smx] Message formats generated for game 'csgo'.
L 06/24/2020 - 18:25:24: [chat-processor.smx] Successfully hooked a SayText2 chat hook.
L 06/24/2020 - 18:25:26: [weapons.smx] Inactive players' data has been deleted
L 06/24/2020 - 18:41:16: [mapchooser.smx] Voting for next map has started.
L 06/24/2020 - 18:41:27: [mapchooser.smx] Voting for next map has finished. Nextmap: de_nuke.
L 06/24/2020 - 18:42:42: [SM] Changed map to "de_nuke"
L 06/24/2020 - 18:42:44: -------- Mapchange to de_nuke --------
L 06/24/2020 - 18:42:47: [basecommands.smx] "Console<0><Console><Console>" changed cvar (cvar "sv_maxrate") (value "128000")
L 06/24/2020 - 18:42:47: [basecommands.smx] "Console<0><Console><Console>" changed cvar (cvar "sv_minrate") (value "128000")
L 06/24/2020 - 18:42:47: [basecommands.smx] "Console<0><Console><Console>" changed cvar (cvar "sv_maxcmdrate") (value "128")
L 06/24/2020 - 18:42:47: [basecommands.smx] "Console<0><Console><Console>" changed cvar (cvar "sv_mincmdrate") (value "128")
L 06/24/2020 - 18:42:47: [basecommands.smx] "Console<0><Console><Console>" changed cvar (cvar "sv_minupdaterate") (value "128")
L 06/24/2020 - 18:42:47: [basecommands.smx] "Console<0><Console><Console>" changed cvar (cvar "sv_maxupdaterate") (value "128")
L 06/24/2020 - 18:42:47: [basecommands.smx] "Console<0><Console><Console>" changed cvar (cvar "sv_maxunlag") (value "0.5")
L 06/24/2020 - 18:42:47: [basecommands.smx] "Console<0><Console><Console>" changed cvar (cvar "sv_unlag") (value "1")
L 06/24/2020 - 18:42:47: [chat-processor.smx] Message formats generated for game 'csgo'.
L 06/24/2020 - 18:42:47: [chat-processor.smx] Successfully hooked a SayText2 chat hook.
L 06/24/2020 - 18:42:50: [weapons.smx] Inactive players' data has been deleted
L 06/24/2020 - 18:59:18: [mapchooser.smx] Voting for next map has started.
L 06/24/2020 - 18:59:30: [mapchooser.smx] Voting for next map has finished. Nextmap: de_vertigo.
L 06/24/2020 - 19:02:29: [SM] Changed map to "de_vertigo"
L 06/24/2020 - 19:02:30: -------- Mapchange to de_vertigo --------
L 06/24/2020 - 19:02:32: [basecommands.smx] "Console<0><Console><Console>" changed cvar (cvar "sv_maxrate") (value "128000")
L 06/24/2020 - 19:02:32: [basecommands.smx] "Console<0><Console><Console>" changed cvar (cvar "sv_minrate") (value "128000")
L 06/24/2020 - 19:02:32: [basecommands.smx] "Console<0><Console><Console>" changed cvar (cvar "sv_maxcmdrate") (value "128")
L 06/24/2020 - 19:02:32: [basecommands.smx] "Console<0><Console><Console>" changed cvar (cvar "sv_mincmdrate") (value "128")
L 06/24/2020 - 19:02:32: [basecommands.smx] "Console<0><Console><Console>" changed cvar (cvar "sv_minupdaterate") (value "128")
L 06/24/2020 - 19:02:32: [basecommands.smx] "Console<0><Console><Console>" changed cvar (cvar "sv_maxupdaterate") (value "128")
L 06/24/2020 - 19:02:32: [basecommands.smx] "Console<0><Console><Console>" changed cvar (cvar "sv_maxunlag") (value "0.5")
L 06/24/2020 - 19:02:32: [basecommands.smx] "Console<0><Console><Console>" changed cvar (cvar "sv_unlag") (value "1")
L 06/24/2020 - 19:02:33: [chat-processor.smx] Message formats generated for game 'csgo'.
L 06/24/2020 - 19:02:33: [chat-processor.smx] Successfully hooked a SayText2 chat hook.
L 06/24/2020 - 19:02:36: [weapons.smx] Inactive players' data has been deleted
L 06/24/2020 - 19:17:16: [mapchooser.smx] Voting for next map has started.
L 06/24/2020 - 19:17:27: [mapchooser.smx] Voting for next map has finished. Nextmap: de_dust2.
L 06/24/2020 - 19:18:36: [SM] Changed map to "de_dust2"
L 06/24/2020 - 19:18:40: -------- Mapchange to de_dust2 --------
L 06/24/2020 - 19:18:42: [basecommands.smx] "Console<0><Console><Console>" changed cvar (cvar "sv_maxrate") (value "128000")
L 06/24/2020 - 19:18:42: [basecommands.smx] "Console<0><Console><Console>" changed cvar (cvar "sv_minrate") (value "128000")
L 06/24/2020 - 19:18:42: [basecommands.smx] "Console<0><Console><Console>" changed cvar (cvar "sv_maxcmdrate") (value "128")
L 06/24/2020 - 19:18:42: [basecommands.smx] "Console<0><Console><Console>" changed cvar (cvar "sv_mincmdrate") (value "128")
L 06/24/2020 - 19:18:42: [basecommands.smx] "Console<0><Console><Console>" changed cvar (cvar "sv_minupdaterate") (value "128")
L 06/24/2020 - 19:18:42: [basecommands.smx] "Console<0><Console><Console>" changed cvar (cvar "sv_maxupdaterate") (value "128")
L 06/24/2020 - 19:18:42: [basecommands.smx] "Console<0><Console><Console>" changed cvar (cvar "sv_maxunlag") (value "0.5")
L 06/24/2020 - 19:18:42: [basecommands.smx] "Console<0><Console><Console>" changed cvar (cvar "sv_unlag") (value "1")
L 06/24/2020 - 19:18:43: [chat-processor.smx] Message formats generated for game 'csgo'.
L 06/24/2020 - 19:18:43: [chat-processor.smx] Successfully hooked a SayText2 chat hook.
L 06/24/2020 - 19:18:45: [weapons.smx] Inactive players' data has been deleted
L 06/24/2020 - 19:35:00: [mapchooser.smx] Voting for next map has started.
L 06/24/2020 - 19:35:14: [mapchooser.smx] Voting for next map has finished. Nextmap: de_mirage.
L 06/24/2020 - 19:37:26: [SM] Changed map to "de_mirage"
L 06/24/2020 - 19:37:27: -------- Mapchange to de_mirage --------
L 06/24/2020 - 19:37:29: [basecommands.smx] "Console<0><Console><Console>" changed cvar (cvar "sv_maxrate") (value "128000")
L 06/24/2020 - 19:37:29: [basecommands.smx] "Console<0><Console><Console>" changed cvar (cvar "sv_minrate") (value "128000")
L 06/24/2020 - 19:37:29: [basecommands.smx] "Console<0><Console><Console>" changed cvar (cvar "sv_maxcmdrate") (value "128")
L 06/24/2020 - 19:37:29: [basecommands.smx] "Console<0><Console><Console>" changed cvar (cvar "sv_mincmdrate") (value "128")
L 06/24/2020 - 19:37:29: [basecommands.smx] "Console<0><Console><Console>" changed cvar (cvar "sv_minupdaterate") (value "128")
L 06/24/2020 - 19:37:29: [basecommands.smx] "Console<0><Console><Console>" changed cvar (cvar "sv_maxupdaterate") (value "128")
L 06/24/2020 - 19:37:29: [basecommands.smx] "Console<0><Console><Console>" changed cvar (cvar "sv_maxunlag") (value "0.5")
L 06/24/2020 - 19:37:29: [basecommands.smx] "Console<0><Console><Console>" changed cvar (cvar "sv_unlag") (value "1")
L 06/24/2020 - 19:37:30: [chat-processor.smx] Message formats generated for game 'csgo'.
L 06/24/2020 - 19:37:30: [chat-processor.smx] Successfully hooked a SayText2 chat hook.
L 06/24/2020 - 19:37:32: [weapons.smx] Inactive players' data has been deleted
L 06/24/2020 - 19:53:35: [mapchooser.smx] Voting for next map has started.
L 06/24/2020 - 19:53:56: [mapchooser.smx] Voting for next map has finished. Nextmap: de_cache.
L 06/24/2020 - 19:55:39: [rockthevote.smx] RTV changing map manually
L 06/24/2020 - 19:55:39: [SM] Changed map to "de_cache"
L 06/24/2020 - 19:55:43: -------- Mapchange to de_cache --------
L 06/24/2020 - 19:55:46: [basecommands.smx] "Console<0><Console><Console>" changed cvar (cvar "sv_maxrate") (value "128000")
L 06/24/2020 - 19:55:46: [basecommands.smx] "Console<0><Console><Console>" changed cvar (cvar "sv_minrate") (value "128000")
L 06/24/2020 - 19:55:46: [basecommands.smx] "Console<0><Console><Console>" changed cvar (cvar "sv_maxcmdrate") (value "128")
L 06/24/2020 - 19:55:46: [basecommands.smx] "Console<0><Console><Console>" changed cvar (cvar "sv_mincmdrate") (value "128")
L 06/24/2020 - 19:55:46: [basecommands.smx] "Console<0><Console><Console>" changed cvar (cvar "sv_minupdaterate") (value "128")
L 06/24/2020 - 19:55:46: [basecommands.smx] "Console<0><Console><Console>" changed cvar (cvar "sv_maxupdaterate") (value "128")
L 06/24/2020 - 19:55:46: [basecommands.smx] "Console<0><Console><Console>" changed cvar (cvar "sv_maxunlag") (value "0.5")
L 06/24/2020 - 19:55:46: [basecommands.smx] "Console<0><Console><Console>" changed cvar (cvar "sv_unlag") (value "1")
L 06/24/2020 - 19:55:47: [chat-processor.smx] Message formats generated for game 'csgo'.
L 06/24/2020 - 19:55:47: [chat-processor.smx] Successfully hooked a SayText2 chat hook.
L 06/24/2020 - 19:55:49: [weapons.smx] Inactive players' data has been deleted
L 06/24/2020 - 20:12:45: [mapchooser.smx] Voting for next map has started.
L 06/24/2020 - 20:13:06: [mapchooser.smx] Voting for next map has finished. Nextmap: de_inferno.
L 06/24/2020 - 20:15:25: [SM] Changed map to "de_inferno"
L 06/24/2020 - 20:15:27: -------- Mapchange to de_inferno --------
L 06/24/2020 - 20:15:29: [basecommands.smx] "Console<0><Console><Console>" changed cvar (cvar "sv_maxrate") (value "128000")
L 06/24/2020 - 20:15:29: [basecommands.smx] "Console<0><Console><Console>" changed cvar (cvar "sv_minrate") (value "128000")
L 06/24/2020 - 20:15:29: [basecommands.smx] "Console<0><Console><Console>" changed cvar (cvar "sv_maxcmdrate") (value "128")
L 06/24/2020 - 20:15:29: [basecommands.smx] "Console<0><Console><Console>" changed cvar (cvar "sv_mincmdrate") (value "128")
L 06/24/2020 - 20:15:29: [basecommands.smx] "Console<0><Console><Console>" changed cvar (cvar "sv_minupdaterate") (value "128")
L 06/24/2020 - 20:15:29: [basecommands.smx] "Console<0><Console><Console>" changed cvar (cvar "sv_maxupdaterate") (value "128")
L 06/24/2020 - 20:15:29: [basecommands.smx] "Console<0><Console><Console>" changed cvar (cvar "sv_maxunlag") (value "0.5")
L 06/24/2020 - 20:15:29: [basecommands.smx] "Console<0><Console><Console>" changed cvar (cvar "sv_unlag") (value "1")
L 06/24/2020 - 20:15:30: [chat-processor.smx] Message formats generated for game 'csgo'.
L 06/24/2020 - 20:15:30: [chat-processor.smx] Successfully hooked a SayText2 chat hook.
L 06/24/2020 - 20:15:32: [weapons.smx] Inactive players' data has been deleted
L 06/24/2020 - 20:34:27: [mapchooser.smx] Voting for next map has started.
L 06/24/2020 - 20:34:40: [mapchooser.smx] Voting for next map has finished. Nextmap: de_overpass.
L 06/24/2020 - 20:36:44: [SM] Changed map to "de_overpass"
L 06/24/2020 - 20:36:45: -------- Mapchange to de_overpass --------
L 06/24/2020 - 20:36:48: [basecommands.smx] "Console<0><Console><Console>" changed cvar (cvar "sv_maxrate") (value "128000")
L 06/24/2020 - 20:36:48: [basecommands.smx] "Console<0><Console><Console>" changed cvar (cvar "sv_minrate") (value "128000")
L 06/24/2020 - 20:36:48: [basecommands.smx] "Console<0><Console><Console>" changed cvar (cvar "sv_maxcmdrate") (value "128")
L 06/24/2020 - 20:36:48: [basecommands.smx] "Console<0><Console><Console>" changed cvar (cvar "sv_mincmdrate") (value "128")
L 06/24/2020 - 20:36:48: [basecommands.smx] "Console<0><Console><Console>" changed cvar (cvar "sv_minupdaterate") (value "128")
L 06/24/2020 - 20:36:48: [basecommands.smx] "Console<0><Console><Console>" changed cvar (cvar "sv_maxupdaterate") (value "128")
L 06/24/2020 - 20:36:48: [basecommands.smx] "Console<0><Console><Console>" changed cvar (cvar "sv_maxunlag") (value "0.5")
L 06/24/2020 - 20:36:48: [basecommands.smx] "Console<0><Console><Console>" changed cvar (cvar "sv_unlag") (value "1")
L 06/24/2020 - 20:36:48: [chat-processor.smx] Message formats generated for game 'csgo'.
L 06/24/2020 - 20:36:48: [chat-processor.smx] Successfully hooked a SayText2 chat hook.
L 06/24/2020 - 20:36:51: [weapons.smx] Inactive players' data has been deleted
L 06/24/2020 - 20:54:36: [mapchooser.smx] Voting for next map has started.
L 06/24/2020 - 20:54:40: [mapchooser.smx] Voting for next map has finished. Nextmap: de_train.
L 06/24/2020 - 20:56:21: [SM] Changed map to "de_train"
L 06/24/2020 - 20:56:23: -------- Mapchange to de_train --------
L 06/24/2020 - 20:56:25: [basecommands.smx] "Console<0><Console><Console>" changed cvar (cvar "sv_maxrate") (value "128000")
L 06/24/2020 - 20:56:25: [basecommands.smx] "Console<0><Console><Console>" changed cvar (cvar "sv_minrate") (value "128000")
L 06/24/2020 - 20:56:25: [basecommands.smx] "Console<0><Console><Console>" changed cvar (cvar "sv_maxcmdrate") (value "128")
L 06/24/2020 - 20:56:25: [basecommands.smx] "Console<0><Console><Console>" changed cvar (cvar "sv_mincmdrate") (value "128")
L 06/24/2020 - 20:56:25: [basecommands.smx] "Console<0><Console><Console>" changed cvar (cvar "sv_minupdaterate") (value "128")
L 06/24/2020 - 20:56:25: [basecommands.smx] "Console<0><Console><Console>" changed cvar (cvar "sv_maxupdaterate") (value "128")
L 06/24/2020 - 20:56:25: [basecommands.smx] "Console<0><Console><Console>" changed cvar (cvar "sv_maxunlag") (value "0.5")
L 06/24/2020 - 20:56:25: [basecommands.smx] "Console<0><Console><Console>" changed cvar (cvar "sv_unlag") (value "1")
L 06/24/2020 - 20:56:26: [chat-processor.smx] Message formats generated for game 'csgo'.
L 06/24/2020 - 20:56:26: [chat-processor.smx] Successfully hooked a SayText2 chat hook.
L 06/24/2020 - 20:56:27: [weapons.smx] Inactive players' data has been deleted
L 06/24/2020 - 21:15:41: [mapchooser.smx] Voting for next map has started.
L 06/24/2020 - 21:16:01: [mapchooser.smx] Voting for next map has finished. Nextmap: de_vertigo.
L 06/24/2020 - 21:17:14: [SM] Changed map to "de_vertigo"
L 06/24/2020 - 21:17:14: -------- Mapchange to de_vertigo --------
L 06/24/2020 - 21:17:17: [basecommands.smx] "Console<0><Console><Console>" changed cvar (cvar "sv_maxrate") (value "128000")
L 06/24/2020 - 21:17:17: [basecommands.smx] "Console<0><Console><Console>" changed cvar (cvar "sv_minrate") (value "128000")
L 06/24/2020 - 21:17:17: [basecommands.smx] "Console<0><Console><Console>" changed cvar (cvar "sv_maxcmdrate") (value "128")
L 06/24/2020 - 21:17:17: [basecommands.smx] "Console<0><Console><Console>" changed cvar (cvar "sv_mincmdrate") (value "128")
L 06/24/2020 - 21:17:17: [basecommands.smx] "Console<0><Console><Console>" changed cvar (cvar "sv_minupdaterate") (value "128")
L 06/24/2020 - 21:17:17: [basecommands.smx] "Console<0><Console><Console>" changed cvar (cvar "sv_maxupdaterate") (value "128")
L 06/24/2020 - 21:17:17: [basecommands.smx] "Console<0><Console><Console>" changed cvar (cvar "sv_maxunlag") (value "0.5")
L 06/24/2020 - 21:17:17: [basecommands.smx] "Console<0><Console><Console>" changed cvar (cvar "sv_unlag") (value "1")
L 06/24/2020 - 21:17:17: [chat-processor.smx] Message formats generated for game 'csgo'.
L 06/24/2020 - 21:17:17: [chat-processor.smx] Successfully hooked a SayText2 chat hook.
L 06/24/2020 - 21:17:19: [weapons.smx] Inactive players' data has been deleted
L 06/24/2020 - 21:33:30: [mapchooser.smx] Voting for next map has started.
L 06/24/2020 - 21:33:36: [mapchooser.smx] Voting for next map has finished. Nextmap: de_dust2.
L 06/24/2020 - 21:35:32: [SM] Changed map to "de_dust2"
L 06/24/2020 - 21:35:35: -------- Mapchange to de_dust2 --------
L 06/24/2020 - 21:35:38: [basecommands.smx] "Console<0><Console><Console>" changed cvar (cvar "sv_maxrate") (value "128000")
L 06/24/2020 - 21:35:38: [basecommands.smx] "Console<0><Console><Console>" changed cvar (cvar "sv_minrate") (value "128000")
L 06/24/2020 - 21:35:38: [basecommands.smx] "Console<0><Console><Console>" changed cvar (cvar "sv_maxcmdrate") (value "128")
L 06/24/2020 - 21:35:38: [basecommands.smx] "Console<0><Console><Console>" changed cvar (cvar "sv_mincmdrate") (value "128")
L 06/24/2020 - 21:35:38: [basecommands.smx] "Console<0><Console><Console>" changed cvar (cvar "sv_minupdaterate") (value "128")
L 06/24/2020 - 21:35:38: [basecommands.smx] "Console<0><Console><Console>" changed cvar (cvar "sv_maxupdaterate") (value "128")
L 06/24/2020 - 21:35:38: [basecommands.smx] "Console<0><Console><Console>" changed cvar (cvar "sv_maxunlag") (value "0.5")
L 06/24/2020 - 21:35:38: [basecommands.smx] "Console<0><Console><Console>" changed cvar (cvar "sv_unlag") (value "1")
L 06/24/2020 - 21:35:38: [chat-processor.smx] Message formats generated for game 'csgo'.
L 06/24/2020 - 21:35:38: [chat-processor.smx] Successfully hooked a SayText2 chat hook.
L 06/24/2020 - 21:35:39: [weapons.smx] Inactive players' data has been deleted
L 06/24/2020 - 21:51:51: [mapchooser.smx] Voting for next map has started.
L 06/24/2020 - 21:51:59: [mapchooser.smx] Voting for next map has finished. Nextmap: de_mirage.
L 06/24/2020 - 21:54:02: [SM] Changed map to "de_mirage"
L 06/24/2020 - 21:54:03: -------- Mapchange to de_mirage --------
L 06/24/2020 - 21:54:06: [basecommands.smx] "Console<0><Console><Console>" changed cvar (cvar "sv_maxrate") (value "128000")
L 06/24/2020 - 21:54:06: [basecommands.smx] "Console<0><Console><Console>" changed cvar (cvar "sv_minrate") (value "128000")
L 06/24/2020 - 21:54:06: [basecommands.smx] "Console<0><Console><Console>" changed cvar (cvar "sv_maxcmdrate") (value "128")
L 06/24/2020 - 21:54:06: [basecommands.smx] "Console<0><Console><Console>" changed cvar (cvar "sv_mincmdrate") (value "128")
L 06/24/2020 - 21:54:06: [basecommands.smx] "Console<0><Console><Console>" changed cvar (cvar "sv_minupdaterate") (value "128")
L 06/24/2020 - 21:54:06: [basecommands.smx] "Console<0><Console><Console>" changed cvar (cvar "sv_maxupdaterate") (value "128")
L 06/24/2020 - 21:54:06: [basecommands.smx] "Console<0><Console><Console>" changed cvar (cvar "sv_maxunlag") (value "0.5")
L 06/24/2020 - 21:54:06: [basecommands.smx] "Console<0><Console><Console>" changed cvar (cvar "sv_unlag") (value "1")
L 06/24/2020 - 21:54:06: [chat-processor.smx] Message formats generated for game 'csgo'.
L 06/24/2020 - 21:54:06: [chat-processor.smx] Successfully hooked a SayText2 chat hook.
L 06/24/2020 - 21:54:08: [weapons.smx] Inactive players' data has been deleted
L 06/24/2020 - 22:10:13: [mapchooser.smx] Voting for next map has started.
L 06/24/2020 - 22:10:19: [mapchooser.smx] Voting for next map has finished. Nextmap: de_cache.
L 06/24/2020 - 22:12:32: [SM] Changed map to "de_cache"
L 06/24/2020 - 22:12:36: -------- Mapchange to de_cache --------
L 06/24/2020 - 22:12:39: [basecommands.smx] "Console<0><Console><Console>" changed cvar (cvar "sv_maxrate") (value "128000")
L 06/24/2020 - 22:12:39: [basecommands.smx] "Console<0><Console><Console>" changed cvar (cvar "sv_minrate") (value "128000")
L 06/24/2020 - 22:12:39: [basecommands.smx] "Console<0><Console><Console>" changed cvar (cvar "sv_maxcmdrate") (value "128")
L 06/24/2020 - 22:12:39: [basecommands.smx] "Console<0><Console><Console>" changed cvar (cvar "sv_mincmdrate") (value "128")
L 06/24/2020 - 22:12:39: [basecommands.smx] "Console<0><Console><Console>" changed cvar (cvar "sv_minupdaterate") (value "128")
L 06/24/2020 - 22:12:39: [basecommands.smx] "Console<0><Console><Console>" changed cvar (cvar "sv_maxupdaterate") (value "128")
L 06/24/2020 - 22:12:39: [basecommands.smx] "Console<0><Console><Console>" changed cvar (cvar "sv_maxunlag") (value "0.5")
L 06/24/2020 - 22:12:39: [basecommands.smx] "Console<0><Console><Console>" changed cvar (cvar "sv_unlag") (value "1")
L 06/24/2020 - 22:12:40: [chat-processor.smx] Message formats generated for game 'csgo'.
L 06/24/2020 - 22:12:40: [chat-processor.smx] Successfully hooked a SayText2 chat hook.
L 06/24/2020 - 22:12:41: [weapons.smx] Inactive players' data has been deleted
L 06/24/2020 - 22:29:28: [mapchooser.smx] Voting for next map has started.
L 06/24/2020 - 22:29:42: [mapchooser.smx] Voting for next map has finished. Nextmap: de_inferno.
L 06/24/2020 - 22:31:13: [SM] Changed map to "de_inferno"
L 06/24/2020 - 22:31:14: -------- Mapchange to de_inferno --------
L 06/24/2020 - 22:31:16: [basecommands.smx] "Console<0><Console><Console>" changed cvar (cvar "sv_maxrate") (value "128000")
L 06/24/2020 - 22:31:16: [basecommands.smx] "Console<0><Console><Console>" changed cvar (cvar "sv_minrate") (value "128000")
L 06/24/2020 - 22:31:16: [basecommands.smx] "Console<0><Console><Console>" changed cvar (cvar "sv_maxcmdrate") (value "128")
L 06/24/2020 - 22:31:16: [basecommands.smx] "Console<0><Console><Console>" changed cvar (cvar "sv_mincmdrate") (value "128")
L 06/24/2020 - 22:31:16: [basecommands.smx] "Console<0><Console><Console>" changed cvar (cvar "sv_minupdaterate") (value "128")
L 06/24/2020 - 22:31:16: [basecommands.smx] "Console<0><Console><Console>" changed cvar (cvar "sv_maxupdaterate") (value "128")
L 06/24/2020 - 22:31:16: [basecommands.smx] "Console<0><Console><Console>" changed cvar (cvar "sv_maxunlag") (value "0.5")
L 06/24/2020 - 22:31:16: [basecommands.smx] "Console<0><Console><Console>" changed cvar (cvar "sv_unlag") (value "1")
L 06/24/2020 - 22:31:17: [chat-processor.smx] Message formats generated for game 'csgo'.
L 06/24/2020 - 22:31:17: [chat-processor.smx] Successfully hooked a SayText2 chat hook.
L 06/24/2020 - 22:31:19: [weapons.smx] Inactive players' data has been deleted
L 06/24/2020 - 22:48:43: [mapchooser.smx] Voting for next map has started.
L 06/24/2020 - 22:48:48: [mapchooser.smx] Voting for next map has finished. Nextmap: de_overpass.
L 06/24/2020 - 22:50:47: [rockthevote.smx] RTV changing map manually
L 06/24/2020 - 22:50:47: [SM] Changed map to "de_overpass"
L 06/24/2020 - 22:50:48: -------- Mapchange to de_overpass --------
L 06/24/2020 - 22:50:51: [basecommands.smx] "Console<0><Console><Console>" changed cvar (cvar "sv_maxrate") (value "128000")
L 06/24/2020 - 22:50:51: [basecommands.smx] "Console<0><Console><Console>" changed cvar (cvar "sv_minrate") (value "128000")
L 06/24/2020 - 22:50:51: [basecommands.smx] "Console<0><Console><Console>" changed cvar (cvar "sv_maxcmdrate") (value "128")
L 06/24/2020 - 22:50:51: [basecommands.smx] "Console<0><Console><Console>" changed cvar (cvar "sv_mincmdrate") (value "128")
L 06/24/2020 - 22:50:51: [basecommands.smx] "Console<0><Console><Console>" changed cvar (cvar "sv_minupdaterate") (value "128")
L 06/24/2020 - 22:50:51: [basecommands.smx] "Console<0><Console><Console>" changed cvar (cvar "sv_maxupdaterate") (value "128")
L 06/24/2020 - 22:50:51: [basecommands.smx] "Console<0><Console><Console>" changed cvar (cvar "sv_maxunlag") (value "0.5")
L 06/24/2020 - 22:50:51: [basecommands.smx] "Console<0><Console><Console>" changed cvar (cvar "sv_unlag") (value "1")
L 06/24/2020 - 22:50:51: [chat-processor.smx] Message formats generated for game 'csgo'.
L 06/24/2020 - 22:50:51: [chat-processor.smx] Successfully hooked a SayText2 chat hook.
L 06/24/2020 - 22:50:54: [weapons.smx] Inactive players' data has been deleted
L 06/24/2020 - 23:05:45: [mapchooser.smx] Voting for next map has started.
L 06/24/2020 - 23:06:05: [mapchooser.smx] Voting for next map has finished. Nextmap: de_train.
L 06/24/2020 - 23:07:42: [SM] Changed map to "de_train"
L 06/24/2020 - 23:07:44: -------- Mapchange to de_train --------
L 06/24/2020 - 23:07:46: [basecommands.smx] "Console<0><Console><Console>" changed cvar (cvar "sv_maxrate") (value "128000")
L 06/24/2020 - 23:07:46: [basecommands.smx] "Console<0><Console><Console>" changed cvar (cvar "sv_minrate") (value "128000")
L 06/24/2020 - 23:07:46: [basecommands.smx] "Console<0><Console><Console>" changed cvar (cvar "sv_maxcmdrate") (value "128")
L 06/24/2020 - 23:07:46: [basecommands.smx] "Console<0><Console><Console>" changed cvar (cvar "sv_mincmdrate") (value "128")
L 06/24/2020 - 23:07:46: [basecommands.smx] "Console<0><Console><Console>" changed cvar (cvar "sv_minupdaterate") (value "128")
L 06/24/2020 - 23:07:46: [basecommands.smx] "Console<0><Console><Console>" changed cvar (cvar "sv_maxupdaterate") (value "128")
L 06/24/2020 - 23:07:46: [basecommands.smx] "Console<0><Console><Console>" changed cvar (cvar "sv_maxunlag") (value "0.5")
L 06/24/2020 - 23:07:46: [basecommands.smx] "Console<0><Console><Console>" changed cvar (cvar "sv_unlag") (value "1")
L 06/24/2020 - 23:07:47: [chat-processor.smx] Message formats generated for game 'csgo'.
L 06/24/2020 - 23:07:47: [chat-processor.smx] Successfully hooked a SayText2 chat hook.
L 06/24/2020 - 23:07:49: [weapons.smx] Inactive players' data has been deleted
L 06/24/2020 - 23:25:00: [mapchooser.smx] Voting for next map has started.
L 06/24/2020 - 23:25:09: [mapchooser.smx] Voting for next map has finished. Nextmap: de_vertigo.
L 06/24/2020 - 23:27:20: [SM] Changed map to "de_vertigo"
L 06/24/2020 - 23:27:21: -------- Mapchange to de_vertigo --------
L 06/24/2020 - 23:27:23: [basecommands.smx] "Console<0><Console><Console>" changed cvar (cvar "sv_maxrate") (value "128000")
L 06/24/2020 - 23:27:23: [basecommands.smx] "Console<0><Console><Console>" changed cvar (cvar "sv_minrate") (value "128000")
L 06/24/2020 - 23:27:23: [basecommands.smx] "Console<0><Console><Console>" changed cvar (cvar "sv_maxcmdrate") (value "128")
L 06/24/2020 - 23:27:23: [basecommands.smx] "Console<0><Console><Console>" changed cvar (cvar "sv_mincmdrate") (value "128")
L 06/24/2020 - 23:27:23: [basecommands.smx] "Console<0><Console><Console>" changed cvar (cvar "sv_minupdaterate") (value "128")
L 06/24/2020 - 23:27:23: [basecommands.smx] "Console<0><Console><Console>" changed cvar (cvar "sv_maxupdaterate") (value "128")
L 06/24/2020 - 23:27:23: [basecommands.smx] "Console<0><Console><Console>" changed cvar (cvar "sv_maxunlag") (value "0.5")
L 06/24/2020 - 23:27:23: [basecommands.smx] "Console<0><Console><Console>" changed cvar (cvar "sv_unlag") (value "1")
L 06/24/2020 - 23:27:24: [chat-processor.smx] Message formats generated for game 'csgo'.
L 06/24/2020 - 23:27:24: [chat-processor.smx] Successfully hooked a SayText2 chat hook.
L 06/24/2020 - 23:27:26: [weapons.smx] Inactive players' data has been deleted
L 06/24/2020 - 23:42:53: [mapchooser.smx] Voting for next map has started.
L 06/24/2020 - 23:43:01: [mapchooser.smx] Voting for next map has finished. Nextmap: de_dust2.
L 06/24/2020 - 23:44:40: [SM] Changed map to "de_dust2"
L 06/24/2020 - 23:44:43: -------- Mapchange to de_dust2 --------
L 06/24/2020 - 23:44:46: [basecommands.smx] "Console<0><Console><Console>" changed cvar (cvar "sv_maxrate") (value "128000")
L 06/24/2020 - 23:44:46: [basecommands.smx] "Console<0><Console><Console>" changed cvar (cvar "sv_minrate") (value "128000")
L 06/24/2020 - 23:44:46: [basecommands.smx] "Console<0><Console><Console>" changed cvar (cvar "sv_maxcmdrate") (value "128")
L 06/24/2020 - 23:44:46: [basecommands.smx] "Console<0><Console><Console>" changed cvar (cvar "sv_mincmdrate") (value "128")
L 06/24/2020 - 23:44:46: [basecommands.smx] "Console<0><Console><Console>" changed cvar (cvar "sv_minupdaterate") (value "128")
L 06/24/2020 - 23:44:46: [basecommands.smx] "Console<0><Console><Console>" changed cvar (cvar "sv_maxupdaterate") (value "128")
L 06/24/2020 - 23:44:46: [basecommands.smx] "Console<0><Console><Console>" changed cvar (cvar "sv_maxunlag") (value "0.5")
L 06/24/2020 - 23:44:46: [basecommands.smx] "Console<0><Console><Console>" changed cvar (cvar "sv_unlag") (value "1")
L 06/24/2020 - 23:44:46: [chat-processor.smx] Message formats generated for game 'csgo'.
L 06/24/2020 - 23:44:46: [chat-processor.smx] Successfully hooked a SayText2 chat hook.
L 06/24/2020 - 23:44:48: [weapons.smx] Inactive players' data has been deleted
L 06/25/2020 - 00:01:10: Log file closed.
