L 07/06/2020 - 09:59:14: [afk_manager4.smx] Player count for AFK Move minimum has been reached, feature is now enabled: sm_afk_move_min_players = 4 Current Players = 4
L 07/06/2020 - 09:59:40: [afk_manager4.smx] Player count for AFK Move minimum is below requirements, feature is now disabled: sm_afk_move_min_players = 4 Current Players = 3
L 07/06/2020 - 12:21:46: [afk_manager4.smx] Player count for AFK Move minimum has been reached, feature is now enabled: sm_afk_move_min_players = 4 Current Players = 4
L 07/06/2020 - 12:31:53: [afk_manager4.smx] Player count for AFK Move minimum is below requirements, feature is now disabled: sm_afk_move_min_players = 4 Current Players = 3
L 07/06/2020 - 12:42:04: [afk_manager4.smx] Player count for AFK Move minimum has been reached, feature is now enabled: sm_afk_move_min_players = 4 Current Players = 4
L 07/06/2020 - 12:42:25: [afk_manager4.smx] Kony<158><STEAM_1:0:457347266><> was moved to spectate for being AFK too long.
L 07/06/2020 - 12:43:11: [afk_manager4.smx] Ghandi<163><STEAM_1:0:419630823><> was moved to spectate for being AFK too long.
L 07/06/2020 - 12:46:56: [afk_manager4.smx] Player count for AFK Kick minimum has been reached, feature is now enabled: sm_afk_kick_min_players = 6 Current Players = 6
L 07/06/2020 - 12:46:56: [afk_manager4.smx] Ghandi<163><STEAM_1:0:419630823><> was kicked for being AFK too long.
L 07/06/2020 - 12:49:04: [afk_manager4.smx] Player count for AFK Move minimum is below requirements, feature is now disabled: sm_afk_move_min_players = 4 Current Players = 1
L 07/06/2020 - 12:49:04: [afk_manager4.smx] Player count for AFK Kick minimum is below requirements, feature is now disabled: sm_afk_kick_min_players = 6 Current Players = 1
L 07/06/2020 - 12:49:10: [afk_manager4.smx] Player count for AFK Move minimum has been reached, feature is now enabled: sm_afk_move_min_players = 4 Current Players = 4
L 07/06/2020 - 12:50:29: [afk_manager4.smx] Dork<159><STEAM_1:1:440543701><> was moved to spectate for being AFK too long.
L 07/06/2020 - 12:51:59: [afk_manager4.smx] Player count for AFK Kick minimum has been reached, feature is now enabled: sm_afk_kick_min_players = 6 Current Players = 6
L 07/06/2020 - 12:51:59: [afk_manager4.smx] Dork<159><STEAM_1:1:440543701><> was kicked for being AFK too long.
L 07/06/2020 - 13:08:45: [afk_manager4.smx] Player count for AFK Move minimum is below requirements, feature is now disabled: sm_afk_move_min_players = 4 Current Players = 1
L 07/06/2020 - 13:08:45: [afk_manager4.smx] Player count for AFK Kick minimum is below requirements, feature is now disabled: sm_afk_kick_min_players = 6 Current Players = 1
L 07/06/2020 - 13:08:48: [afk_manager4.smx] Player count for AFK Move minimum has been reached, feature is now enabled: sm_afk_move_min_players = 4 Current Players = 4
L 07/06/2020 - 13:08:53: [afk_manager4.smx] Player count for AFK Kick minimum has been reached, feature is now enabled: sm_afk_kick_min_players = 6 Current Players = 6
L 07/06/2020 - 13:37:08: [afk_manager4.smx] Player count for AFK Move minimum has been reached, feature is now enabled: sm_afk_move_min_players = 4 Current Players = 4
L 07/06/2020 - 13:40:47: [afk_manager4.smx] Player count for AFK Kick minimum has been reached, feature is now enabled: sm_afk_kick_min_players = 6 Current Players = 6
L 07/06/2020 - 13:42:01: [afk_manager4.smx] Player count for AFK Move minimum is below requirements, feature is now disabled: sm_afk_move_min_players = 4 Current Players = 1
L 07/06/2020 - 13:42:01: [afk_manager4.smx] Player count for AFK Kick minimum is below requirements, feature is now disabled: sm_afk_kick_min_players = 6 Current Players = 1
L 07/06/2020 - 13:42:11: [afk_manager4.smx] Player count for AFK Move minimum has been reached, feature is now enabled: sm_afk_move_min_players = 4 Current Players = 4
L 07/06/2020 - 13:47:21: [afk_manager4.smx] Vtoz<11><STEAM_1:1:436528462><> was moved to spectate for being AFK too long.
L 07/06/2020 - 13:56:56: [afk_manager4.smx] Player count for AFK Move minimum is below requirements, feature is now disabled: sm_afk_move_min_players = 4 Current Players = 3
L 07/06/2020 - 14:00:23: [afk_manager4.smx] Player count for AFK Move minimum has been reached, feature is now enabled: sm_afk_move_min_players = 4 Current Players = 4
L 07/06/2020 - 14:05:54: [afk_manager4.smx] Player count for AFK Kick minimum has been reached, feature is now enabled: sm_afk_kick_min_players = 6 Current Players = 6
L 07/06/2020 - 14:09:44: [afk_manager4.smx] Vtoz<11><STEAM_1:1:436528462><> was moved to spectate for being AFK too long.
L 07/06/2020 - 14:15:54: [afk_manager4.smx] Player count for AFK Move minimum is below requirements, feature is now disabled: sm_afk_move_min_players = 4 Current Players = 1
L 07/06/2020 - 14:15:54: [afk_manager4.smx] Player count for AFK Kick minimum is below requirements, feature is now disabled: sm_afk_kick_min_players = 6 Current Players = 1
L 07/06/2020 - 14:15:58: [afk_manager4.smx] Player count for AFK Move minimum has been reached, feature is now enabled: sm_afk_move_min_players = 4 Current Players = 4
L 07/06/2020 - 14:16:03: [afk_manager4.smx] Player count for AFK Kick minimum has been reached, feature is now enabled: sm_afk_kick_min_players = 6 Current Players = 6
L 07/06/2020 - 14:19:02: [afk_manager4.smx] -Tuco-<20><STEAM_1:0:462485316><> was moved to spectate for being AFK too long.
L 07/06/2020 - 14:35:57: [afk_manager4.smx] Player count for AFK Move minimum is below requirements, feature is now disabled: sm_afk_move_min_players = 4 Current Players = 1
L 07/06/2020 - 14:35:57: [afk_manager4.smx] Player count for AFK Kick minimum is below requirements, feature is now disabled: sm_afk_kick_min_players = 6 Current Players = 1
L 07/06/2020 - 14:36:02: [afk_manager4.smx] Player count for AFK Move minimum has been reached, feature is now enabled: sm_afk_move_min_players = 4 Current Players = 4
L 07/06/2020 - 14:36:11: [afk_manager4.smx] Player count for AFK Kick minimum has been reached, feature is now enabled: sm_afk_kick_min_players = 6 Current Players = 6
L 07/06/2020 - 14:47:07: [afk_manager4.smx] Mundeee<37><STEAM_1:0:421439657><> was moved to spectate for being AFK too long.
L 07/06/2020 - 14:51:17: [afk_manager4.smx] Vtoz<11><STEAM_1:1:436528462><> was moved to spectate for being AFK too long.
L 07/06/2020 - 14:52:52: [afk_manager4.smx] Vtoz<11><STEAM_1:1:436528462><> was kicked for being AFK too long.
L 07/06/2020 - 14:55:44: [afk_manager4.smx] Player count for AFK Move minimum is below requirements, feature is now disabled: sm_afk_move_min_players = 4 Current Players = 1
L 07/06/2020 - 14:55:44: [afk_manager4.smx] Player count for AFK Kick minimum is below requirements, feature is now disabled: sm_afk_kick_min_players = 6 Current Players = 1
L 07/06/2020 - 14:55:48: [afk_manager4.smx] Player count for AFK Move minimum has been reached, feature is now enabled: sm_afk_move_min_players = 4 Current Players = 4
L 07/06/2020 - 14:55:53: [afk_manager4.smx] Player count for AFK Kick minimum has been reached, feature is now enabled: sm_afk_kick_min_players = 6 Current Players = 6
L 07/06/2020 - 15:09:04: [afk_manager4.smx] proxy<44><STEAM_1:1:78038132><> was kicked for being AFK too long.
L 07/06/2020 - 15:12:47: [afk_manager4.smx] â¥PinkyFluffyâ¥<48><STEAM_1:1:539539429><> was moved to spectate for being AFK too long.
L 07/06/2020 - 15:13:48: [afk_manager4.smx] Player count for AFK Move minimum is below requirements, feature is now disabled: sm_afk_move_min_players = 4 Current Players = 1
L 07/06/2020 - 15:13:48: [afk_manager4.smx] Player count for AFK Kick minimum is below requirements, feature is now disabled: sm_afk_kick_min_players = 6 Current Players = 1
L 07/06/2020 - 15:13:52: [afk_manager4.smx] Player count for AFK Move minimum has been reached, feature is now enabled: sm_afk_move_min_players = 4 Current Players = 4
L 07/06/2020 - 15:14:02: [afk_manager4.smx] Player count for AFK Kick minimum has been reached, feature is now enabled: sm_afk_kick_min_players = 6 Current Players = 6
L 07/06/2020 - 15:16:30: [afk_manager4.smx] Mundeee<37><STEAM_1:0:421439657><> was kicked for being AFK too long.
L 07/06/2020 - 15:30:49: [afk_manager4.smx] Player count for AFK Move minimum is below requirements, feature is now disabled: sm_afk_move_min_players = 4 Current Players = 1
L 07/06/2020 - 15:30:49: [afk_manager4.smx] Player count for AFK Kick minimum is below requirements, feature is now disabled: sm_afk_kick_min_players = 6 Current Players = 1
L 07/06/2020 - 15:30:50: [afk_manager4.smx] Player count for AFK Move minimum has been reached, feature is now enabled: sm_afk_move_min_players = 4 Current Players = 4
L 07/06/2020 - 15:31:21: [afk_manager4.smx] Player count for AFK Kick minimum has been reached, feature is now enabled: sm_afk_kick_min_players = 6 Current Players = 6
L 07/06/2020 - 15:48:14: [afk_manager4.smx] Player count for AFK Move minimum is below requirements, feature is now disabled: sm_afk_move_min_players = 4 Current Players = 1
L 07/06/2020 - 15:48:14: [afk_manager4.smx] Player count for AFK Kick minimum is below requirements, feature is now disabled: sm_afk_kick_min_players = 6 Current Players = 1
L 07/06/2020 - 15:48:17: [afk_manager4.smx] Player count for AFK Move minimum has been reached, feature is now enabled: sm_afk_move_min_players = 4 Current Players = 4
L 07/06/2020 - 15:48:29: [afk_manager4.smx] Player count for AFK Kick minimum has been reached, feature is now enabled: sm_afk_kick_min_players = 6 Current Players = 6
L 07/06/2020 - 16:00:43: [afk_manager4.smx] Player count for AFK Kick minimum is below requirements, feature is now disabled: sm_afk_kick_min_players = 6 Current Players = 5
L 07/06/2020 - 16:01:47: [afk_manager4.smx] Player count for AFK Kick minimum has been reached, feature is now enabled: sm_afk_kick_min_players = 6 Current Players = 6
L 07/06/2020 - 16:01:52: [afk_manager4.smx] Player count for AFK Kick minimum is below requirements, feature is now disabled: sm_afk_kick_min_players = 6 Current Players = 5
L 07/06/2020 - 16:04:42: [afk_manager4.smx] Player count for AFK Move minimum is below requirements, feature is now disabled: sm_afk_move_min_players = 4 Current Players = 1
L 07/06/2020 - 16:07:05: [afk_manager4.smx] Player count for AFK Move minimum has been reached, feature is now enabled: sm_afk_move_min_players = 4 Current Players = 4
L 07/06/2020 - 16:09:46: [afk_manager4.smx] Player count for AFK Kick minimum has been reached, feature is now enabled: sm_afk_kick_min_players = 6 Current Players = 6
L 07/06/2020 - 16:20:39: [afk_manager4.smx] Player count for AFK Move minimum is below requirements, feature is now disabled: sm_afk_move_min_players = 4 Current Players = 1
L 07/06/2020 - 16:20:39: [afk_manager4.smx] Player count for AFK Kick minimum is below requirements, feature is now disabled: sm_afk_kick_min_players = 6 Current Players = 1
L 07/06/2020 - 16:20:44: [afk_manager4.smx] Player count for AFK Move minimum has been reached, feature is now enabled: sm_afk_move_min_players = 4 Current Players = 4
L 07/06/2020 - 16:20:50: [afk_manager4.smx] Player count for AFK Kick minimum has been reached, feature is now enabled: sm_afk_kick_min_players = 6 Current Players = 6
L 07/06/2020 - 16:40:31: [afk_manager4.smx] Player count for AFK Move minimum is below requirements, feature is now disabled: sm_afk_move_min_players = 4 Current Players = 1
L 07/06/2020 - 16:40:31: [afk_manager4.smx] Player count for AFK Kick minimum is below requirements, feature is now disabled: sm_afk_kick_min_players = 6 Current Players = 1
L 07/06/2020 - 16:40:34: [afk_manager4.smx] Player count for AFK Move minimum has been reached, feature is now enabled: sm_afk_move_min_players = 4 Current Players = 4
L 07/06/2020 - 16:40:35: [afk_manager4.smx] Player count for AFK Kick minimum has been reached, feature is now enabled: sm_afk_kick_min_players = 6 Current Players = 6
L 07/06/2020 - 17:00:06: [afk_manager4.smx] Player count for AFK Kick minimum is below requirements, feature is now disabled: sm_afk_kick_min_players = 6 Current Players = 5
L 07/06/2020 - 17:00:24: [afk_manager4.smx] Player count for AFK Move minimum is below requirements, feature is now disabled: sm_afk_move_min_players = 4 Current Players = 1
L 07/06/2020 - 17:00:28: [afk_manager4.smx] Player count for AFK Move minimum has been reached, feature is now enabled: sm_afk_move_min_players = 4 Current Players = 4
L 07/06/2020 - 17:03:25: [afk_manager4.smx] Player count for AFK Kick minimum has been reached, feature is now enabled: sm_afk_kick_min_players = 6 Current Players = 6
L 07/06/2020 - 17:04:16: [afk_manager4.smx] Player count for AFK Kick minimum is below requirements, feature is now disabled: sm_afk_kick_min_players = 6 Current Players = 5
L 07/06/2020 - 17:05:22: [afk_manager4.smx] Player count for AFK Kick minimum has been reached, feature is now enabled: sm_afk_kick_min_players = 6 Current Players = 6
L 07/06/2020 - 17:21:50: [afk_manager4.smx] Player count for AFK Move minimum is below requirements, feature is now disabled: sm_afk_move_min_players = 4 Current Players = 1
L 07/06/2020 - 17:21:50: [afk_manager4.smx] Player count for AFK Kick minimum is below requirements, feature is now disabled: sm_afk_kick_min_players = 6 Current Players = 1
L 07/06/2020 - 17:22:00: [afk_manager4.smx] Player count for AFK Move minimum has been reached, feature is now enabled: sm_afk_move_min_players = 4 Current Players = 4
L 07/06/2020 - 17:22:02: [afk_manager4.smx] Player count for AFK Kick minimum has been reached, feature is now enabled: sm_afk_kick_min_players = 6 Current Players = 6
L 07/06/2020 - 17:26:24: [afk_manager4.smx] Rihanna<101><STEAM_1:0:444101404><> was moved to spectate for being AFK too long.
L 07/06/2020 - 17:32:19: [afk_manager4.smx] zany_is_boss<100><STEAM_1:1:549265771><> was moved to spectate for being AFK too long.
L 07/06/2020 - 17:41:59: [afk_manager4.smx] Player count for AFK Move minimum is below requirements, feature is now disabled: sm_afk_move_min_players = 4 Current Players = 1
L 07/06/2020 - 17:41:59: [afk_manager4.smx] Player count for AFK Kick minimum is below requirements, feature is now disabled: sm_afk_kick_min_players = 6 Current Players = 1
L 07/06/2020 - 17:42:01: [afk_manager4.smx] Player count for AFK Move minimum has been reached, feature is now enabled: sm_afk_move_min_players = 4 Current Players = 4
L 07/06/2020 - 17:42:04: [afk_manager4.smx] Player count for AFK Kick minimum has been reached, feature is now enabled: sm_afk_kick_min_players = 6 Current Players = 6
L 07/06/2020 - 17:54:24: [afk_manager4.smx] ThatSecretChord<117><STEAM_1:1:43806241><> was moved to spectate for being AFK too long.
L 07/06/2020 - 18:00:01: [afk_manager4.smx] Player count for AFK Move minimum is below requirements, feature is now disabled: sm_afk_move_min_players = 4 Current Players = 1
L 07/06/2020 - 18:00:01: [afk_manager4.smx] Player count for AFK Kick minimum is below requirements, feature is now disabled: sm_afk_kick_min_players = 6 Current Players = 1
L 07/06/2020 - 18:00:05: [afk_manager4.smx] Player count for AFK Move minimum has been reached, feature is now enabled: sm_afk_move_min_players = 4 Current Players = 4
L 07/06/2020 - 18:00:12: [afk_manager4.smx] Player count for AFK Kick minimum has been reached, feature is now enabled: sm_afk_kick_min_players = 6 Current Players = 6
L 07/06/2020 - 18:01:17: [afk_manager4.smx] slime<118><STEAM_1:1:215519207><> was moved to spectate for being AFK too long.
L 07/06/2020 - 18:07:32: [afk_manager4.smx] Player count for AFK Kick minimum is below requirements, feature is now disabled: sm_afk_kick_min_players = 6 Current Players = 5
L 07/06/2020 - 18:14:38: [afk_manager4.smx] Player count for AFK Kick minimum has been reached, feature is now enabled: sm_afk_kick_min_players = 6 Current Players = 6
L 07/06/2020 - 18:18:58: [afk_manager4.smx] Player count for AFK Kick minimum is below requirements, feature is now disabled: sm_afk_kick_min_players = 6 Current Players = 5
L 07/06/2020 - 18:19:57: [afk_manager4.smx] Player count for AFK Move minimum is below requirements, feature is now disabled: sm_afk_move_min_players = 4 Current Players = 1
L 07/06/2020 - 18:39:04: [afk_manager4.smx] Player count for AFK Move minimum has been reached, feature is now enabled: sm_afk_move_min_players = 4 Current Players = 4
L 07/06/2020 - 18:40:10: [afk_manager4.smx] Player count for AFK Kick minimum has been reached, feature is now enabled: sm_afk_kick_min_players = 6 Current Players = 6
L 07/06/2020 - 18:40:18: [afk_manager4.smx] Sw@nn!E<133><STEAM_1:1:490403828><> was moved to spectate for being AFK too long.
L 07/06/2020 - 18:41:43: [afk_manager4.smx] Player count for AFK Kick minimum is below requirements, feature is now disabled: sm_afk_kick_min_players = 6 Current Players = 5
L 07/06/2020 - 18:42:35: [afk_manager4.smx] Player count for AFK Kick minimum has been reached, feature is now enabled: sm_afk_kick_min_players = 6 Current Players = 6
L 07/06/2020 - 18:48:08: [afk_manager4.smx] Plop | Ask Me About Jesus<143><STEAM_1:1:233191023><> was moved to spectate for being AFK too long.
L 07/06/2020 - 18:49:16: [afk_manager4.smx] Plop | Ask Me About Jesus<143><STEAM_1:1:233191023><> was kicked for being AFK too long.
L 07/06/2020 - 18:58:00: [afk_manager4.smx] Player count for AFK Move minimum is below requirements, feature is now disabled: sm_afk_move_min_players = 4 Current Players = 1
L 07/06/2020 - 18:58:00: [afk_manager4.smx] Player count for AFK Kick minimum is below requirements, feature is now disabled: sm_afk_kick_min_players = 6 Current Players = 1
L 07/06/2020 - 18:58:02: [afk_manager4.smx] Player count for AFK Move minimum has been reached, feature is now enabled: sm_afk_move_min_players = 4 Current Players = 4
L 07/06/2020 - 18:58:05: [afk_manager4.smx] Player count for AFK Kick minimum has been reached, feature is now enabled: sm_afk_kick_min_players = 6 Current Players = 6
L 07/06/2020 - 18:59:27: [afk_manager4.smx] Chumb<144><STEAM_1:1:180483821><> was moved to spectate for being AFK too long.
L 07/06/2020 - 19:00:31: [afk_manager4.smx] Chumb<144><STEAM_1:1:180483821><> was kicked for being AFK too long.
L 07/06/2020 - 19:08:05: [afk_manager4.smx] nat naai<155><STEAM_1:1:527958957><> was moved to spectate for being AFK too long.
L 07/06/2020 - 19:17:24: [afk_manager4.smx] Player count for AFK Move minimum has been reached, feature is now enabled: sm_afk_move_min_players = 4 Current Players = 4
L 07/06/2020 - 19:18:13: [afk_manager4.smx] Player count for AFK Kick minimum has been reached, feature is now enabled: sm_afk_kick_min_players = 6 Current Players = 6
L 07/06/2020 - 19:31:00: [afk_manager4.smx] nat naai<4><STEAM_1:1:527958957><> was moved to spectate for being AFK too long.
L 07/06/2020 - 19:35:47: [afk_manager4.smx] Player count for AFK Kick minimum is below requirements, feature is now disabled: sm_afk_kick_min_players = 6 Current Players = 5
L 07/06/2020 - 19:36:13: [afk_manager4.smx] Player count for AFK Move minimum is below requirements, feature is now disabled: sm_afk_move_min_players = 4 Current Players = 1
L 07/06/2020 - 19:36:36: [afk_manager4.smx] Player count for AFK Move minimum has been reached, feature is now enabled: sm_afk_move_min_players = 4 Current Players = 4
L 07/06/2020 - 19:37:29: [afk_manager4.smx] Player count for AFK Kick minimum has been reached, feature is now enabled: sm_afk_kick_min_players = 6 Current Players = 6
L 07/06/2020 - 19:40:08: [afk_manager4.smx] eBAY<20><STEAM_1:0:434869224><> was moved to spectate for being AFK too long.
L 07/06/2020 - 19:41:34: [afk_manager4.smx] Rivalz<23><STEAM_1:1:457007901><> was moved to spectate for being AFK too long.
L 07/06/2020 - 19:55:32: [afk_manager4.smx] Player count for AFK Move minimum is below requirements, feature is now disabled: sm_afk_move_min_players = 4 Current Players = 1
L 07/06/2020 - 19:55:32: [afk_manager4.smx] Player count for AFK Kick minimum is below requirements, feature is now disabled: sm_afk_kick_min_players = 6 Current Players = 1
L 07/06/2020 - 19:56:09: [afk_manager4.smx] Player count for AFK Move minimum has been reached, feature is now enabled: sm_afk_move_min_players = 4 Current Players = 4
L 07/06/2020 - 20:00:43: [afk_manager4.smx] Player count for AFK Kick minimum has been reached, feature is now enabled: sm_afk_kick_min_players = 6 Current Players = 6
L 07/06/2020 - 20:15:16: [afk_manager4.smx] max<42><STEAM_1:0:529855057><> was moved to spectate for being AFK too long.
L 07/06/2020 - 20:16:20: [afk_manager4.smx] max<42><STEAM_1:0:529855057><> was kicked for being AFK too long.
L 07/06/2020 - 20:17:11: [afk_manager4.smx] Player count for AFK Move minimum is below requirements, feature is now disabled: sm_afk_move_min_players = 4 Current Players = 1
L 07/06/2020 - 20:17:11: [afk_manager4.smx] Player count for AFK Kick minimum is below requirements, feature is now disabled: sm_afk_kick_min_players = 6 Current Players = 1
L 07/06/2020 - 20:17:17: [afk_manager4.smx] Player count for AFK Move minimum has been reached, feature is now enabled: sm_afk_move_min_players = 4 Current Players = 4
L 07/06/2020 - 20:17:26: [afk_manager4.smx] Player count for AFK Kick minimum has been reached, feature is now enabled: sm_afk_kick_min_players = 6 Current Players = 6
L 07/06/2020 - 20:33:51: [afk_manager4.smx] {=|=}Splatgetti<48><STEAM_1:1:74184366><> was moved to spectate for being AFK too long.
L 07/06/2020 - 20:36:52: [afk_manager4.smx] Player count for AFK Move minimum is below requirements, feature is now disabled: sm_afk_move_min_players = 4 Current Players = 1
L 07/06/2020 - 20:36:52: [afk_manager4.smx] Player count for AFK Kick minimum is below requirements, feature is now disabled: sm_afk_kick_min_players = 6 Current Players = 1
L 07/06/2020 - 20:37:01: [afk_manager4.smx] Player count for AFK Move minimum has been reached, feature is now enabled: sm_afk_move_min_players = 4 Current Players = 4
L 07/06/2020 - 20:37:22: [afk_manager4.smx] Player count for AFK Kick minimum has been reached, feature is now enabled: sm_afk_kick_min_players = 6 Current Players = 6
L 07/06/2020 - 20:54:19: [afk_manager4.smx] Player count for AFK Move minimum is below requirements, feature is now disabled: sm_afk_move_min_players = 4 Current Players = 1
L 07/06/2020 - 20:54:19: [afk_manager4.smx] Player count for AFK Kick minimum is below requirements, feature is now disabled: sm_afk_kick_min_players = 6 Current Players = 1
L 07/06/2020 - 20:54:21: [afk_manager4.smx] Player count for AFK Move minimum has been reached, feature is now enabled: sm_afk_move_min_players = 4 Current Players = 4
L 07/06/2020 - 20:54:26: [afk_manager4.smx] Player count for AFK Kick minimum has been reached, feature is now enabled: sm_afk_kick_min_players = 6 Current Players = 6
L 07/06/2020 - 20:57:12: [afk_manager4.smx] victionz<60><STEAM_1:1:512278545><> was moved to spectate for being AFK too long.
L 07/06/2020 - 20:57:49: [afk_manager4.smx] ğ”–ğ”²ğ”¦ğ” ğ”¦ğ”¡ğ”¢ãƒƒâ„¢ | lft<59><STEAM_1:0:503151760><> was moved to spectate for being AFK too long.
L 07/06/2020 - 20:57:49: [afk_manager4.smx] Fenrirâ„¢_TTV<61><STEAM_1:0:151059626><> was moved to spectate for being AFK too long.
L 07/06/2020 - 20:59:01: [afk_manager4.smx] victionz<60><STEAM_1:1:512278545><> was kicked for being AFK too long.
L 07/06/2020 - 20:59:46: [afk_manager4.smx] Fenrirâ„¢_TTV<61><STEAM_1:0:151059626><> was moved to spectate for being AFK too long.
L 07/06/2020 - 21:00:22: [afk_manager4.smx] ğ”–ğ”²ğ”¦ğ” ğ”¦ğ”¡ğ”¢ãƒƒâ„¢ | lft<59><STEAM_1:0:503151760><> was moved to spectate for being AFK too long.
L 07/06/2020 - 21:02:51: [afk_manager4.smx] Player count for AFK Kick minimum is below requirements, feature is now disabled: sm_afk_kick_min_players = 6 Current Players = 5
L 07/06/2020 - 21:11:27: [afk_manager4.smx] Player count for AFK Move minimum is below requirements, feature is now disabled: sm_afk_move_min_players = 4 Current Players = 1
L 07/06/2020 - 21:11:39: [afk_manager4.smx] Player count for AFK Move minimum has been reached, feature is now enabled: sm_afk_move_min_players = 4 Current Players = 4
L 07/06/2020 - 21:12:51: [afk_manager4.smx] Player count for AFK Kick minimum has been reached, feature is now enabled: sm_afk_kick_min_players = 6 Current Players = 6
L 07/06/2020 - 21:26:33: [afk_manager4.smx] ğ”–ğ”²ğ”¦ğ” ğ”¦ğ”¡ğ”¢ãƒƒâ„¢ | lft<59><STEAM_1:0:503151760><> was moved to spectate for being AFK too long.
L 07/06/2020 - 21:30:17: [afk_manager4.smx] ğ”–ğ”²ğ”¦ğ” ğ”¦ğ”¡ğ”¢ãƒƒâ„¢ | lft<59><STEAM_1:0:503151760><> was kicked for being AFK too long.
L 07/06/2020 - 21:32:28: [afk_manager4.smx] Player count for AFK Move minimum is below requirements, feature is now disabled: sm_afk_move_min_players = 4 Current Players = 0
L 07/06/2020 - 21:32:28: [afk_manager4.smx] Player count for AFK Kick minimum is below requirements, feature is now disabled: sm_afk_kick_min_players = 6 Current Players = 0
L 07/06/2020 - 21:32:39: [afk_manager4.smx] Player count for AFK Move minimum has been reached, feature is now enabled: sm_afk_move_min_players = 4 Current Players = 4
L 07/06/2020 - 21:32:43: [afk_manager4.smx] Player count for AFK Kick minimum has been reached, feature is now enabled: sm_afk_kick_min_players = 6 Current Players = 6
L 07/06/2020 - 21:45:24: [afk_manager4.smx] Snitrec<79><STEAM_1:0:112383949><> was moved to spectate for being AFK too long.
L 07/06/2020 - 21:45:47: [afk_manager4.smx] Player count for AFK Kick minimum is below requirements, feature is now disabled: sm_afk_kick_min_players = 6 Current Players = 5
L 07/06/2020 - 21:46:16: [afk_manager4.smx] Player count for AFK Kick minimum has been reached, feature is now enabled: sm_afk_kick_min_players = 6 Current Players = 6
L 07/06/2020 - 21:48:57: [afk_manager4.smx] Philosyphy<90><STEAM_1:1:518689949><> was moved to spectate for being AFK too long.
L 07/06/2020 - 21:50:01: [afk_manager4.smx] Philosyphy<90><STEAM_1:1:518689949><> was kicked for being AFK too long.
L 07/06/2020 - 21:52:27: [afk_manager4.smx] Player count for AFK Move minimum is below requirements, feature is now disabled: sm_afk_move_min_players = 4 Current Players = 1
L 07/06/2020 - 21:52:27: [afk_manager4.smx] Player count for AFK Kick minimum is below requirements, feature is now disabled: sm_afk_kick_min_players = 6 Current Players = 1
L 07/06/2020 - 21:52:29: [afk_manager4.smx] Player count for AFK Move minimum has been reached, feature is now enabled: sm_afk_move_min_players = 4 Current Players = 4
L 07/06/2020 - 21:52:54: [afk_manager4.smx] Player count for AFK Kick minimum has been reached, feature is now enabled: sm_afk_kick_min_players = 6 Current Players = 6
L 07/06/2020 - 22:11:53: [afk_manager4.smx] Player count for AFK Move minimum is below requirements, feature is now disabled: sm_afk_move_min_players = 4 Current Players = 1
L 07/06/2020 - 22:11:53: [afk_manager4.smx] Player count for AFK Kick minimum is below requirements, feature is now disabled: sm_afk_kick_min_players = 6 Current Players = 1
L 07/06/2020 - 22:12:06: [afk_manager4.smx] Player count for AFK Move minimum has been reached, feature is now enabled: sm_afk_move_min_players = 4 Current Players = 4
L 07/06/2020 - 22:12:23: [afk_manager4.smx] Player count for AFK Kick minimum has been reached, feature is now enabled: sm_afk_kick_min_players = 6 Current Players = 6
L 07/06/2020 - 22:26:26: [afk_manager4.smx] Player count for AFK Kick minimum is below requirements, feature is now disabled: sm_afk_kick_min_players = 6 Current Players = 5
L 07/06/2020 - 22:26:43: [afk_manager4.smx] Player count for AFK Move minimum is below requirements, feature is now disabled: sm_afk_move_min_players = 4 Current Players = 0
