L 09/29/2020 - 14:04:05: [afk_manager4.smx] Player count for AFK Move minimum has been reached, feature is now enabled: sm_afk_move_min_players = 4 Current Players = 4
L 09/29/2020 - 14:05:05: [afk_manager4.smx] âœªğ˜¼ğ——ğ™<2423><STEAM_1:0:103008626><> was moved to spectate for being AFK too long.
L 09/29/2020 - 14:05:28: [afk_manager4.smx] Player count for AFK Kick minimum has been reached, feature is now enabled: sm_afk_kick_min_players = 6 Current Players = 6
L 09/29/2020 - 14:06:13: [afk_manager4.smx] âœªğ˜¼ğ——ğ™<2423><STEAM_1:0:103008626><> was kicked for being AFK too long.
L 09/29/2020 - 14:15:50: [afk_manager4.smx] Player count for AFK Kick minimum is below requirements, feature is now disabled: sm_afk_kick_min_players = 6 Current Players = 5
L 09/29/2020 - 14:20:28: [afk_manager4.smx] Player count for AFK Move minimum is below requirements, feature is now disabled: sm_afk_move_min_players = 4 Current Players = 1
L 09/29/2020 - 14:20:30: [afk_manager4.smx] Player count for AFK Move minimum has been reached, feature is now enabled: sm_afk_move_min_players = 4 Current Players = 4
L 09/29/2020 - 14:21:54: [afk_manager4.smx] Player count for AFK Kick minimum has been reached, feature is now enabled: sm_afk_kick_min_players = 6 Current Players = 6
L 09/29/2020 - 14:39:13: [afk_manager4.smx] Player count for AFK Kick minimum is below requirements, feature is now disabled: sm_afk_kick_min_players = 6 Current Players = 5
L 09/29/2020 - 14:39:54: [afk_manager4.smx] Player count for AFK Move minimum is below requirements, feature is now disabled: sm_afk_move_min_players = 4 Current Players = 1
L 09/29/2020 - 14:41:28: [afk_manager4.smx] Player count for AFK Move minimum has been reached, feature is now enabled: sm_afk_move_min_players = 4 Current Players = 4
L 09/29/2020 - 14:42:12: [afk_manager4.smx] Player count for AFK Kick minimum has been reached, feature is now enabled: sm_afk_kick_min_players = 6 Current Players = 6
L 09/29/2020 - 14:48:46: [afk_manager4.smx] Player count for AFK Kick minimum is below requirements, feature is now disabled: sm_afk_kick_min_players = 6 Current Players = 5
L 09/29/2020 - 14:50:26: [afk_manager4.smx] zola<2450><STEAM_1:0:160776025><> was moved to spectate for being AFK too long.
L 09/29/2020 - 14:50:51: [afk_manager4.smx] Player count for AFK Kick minimum has been reached, feature is now enabled: sm_afk_kick_min_players = 6 Current Players = 6
L 09/29/2020 - 14:53:49: [afk_manager4.smx] zola<2450><STEAM_1:0:160776025><> was moved to spectate for being AFK too long.
L 09/29/2020 - 14:57:13: [afk_manager4.smx] Player count for AFK Kick minimum is below requirements, feature is now disabled: sm_afk_kick_min_players = 6 Current Players = 5
L 09/29/2020 - 14:57:49: [afk_manager4.smx] Player count for AFK Move minimum is below requirements, feature is now disabled: sm_afk_move_min_players = 4 Current Players = 1
L 09/29/2020 - 14:57:54: [afk_manager4.smx] Player count for AFK Move minimum has been reached, feature is now enabled: sm_afk_move_min_players = 4 Current Players = 4
L 09/29/2020 - 14:58:19: [afk_manager4.smx] Player count for AFK Kick minimum has been reached, feature is now enabled: sm_afk_kick_min_players = 6 Current Players = 6
L 09/29/2020 - 15:09:40: [afk_manager4.smx] Player count for AFK Kick minimum is below requirements, feature is now disabled: sm_afk_kick_min_players = 6 Current Players = 5
L 09/29/2020 - 15:10:07: [afk_manager4.smx] Player count for AFK Kick minimum has been reached, feature is now enabled: sm_afk_kick_min_players = 6 Current Players = 6
L 09/29/2020 - 15:16:47: [afk_manager4.smx] Player count for AFK Kick minimum is below requirements, feature is now disabled: sm_afk_kick_min_players = 6 Current Players = 5
L 09/29/2020 - 15:17:21: [afk_manager4.smx] Player count for AFK Move minimum is below requirements, feature is now disabled: sm_afk_move_min_players = 4 Current Players = 1
L 09/29/2020 - 15:17:31: [afk_manager4.smx] Player count for AFK Move minimum has been reached, feature is now enabled: sm_afk_move_min_players = 4 Current Players = 4
L 09/29/2020 - 15:20:06: [afk_manager4.smx] Player count for AFK Move minimum is below requirements, feature is now disabled: sm_afk_move_min_players = 4 Current Players = 3
L 09/29/2020 - 16:27:37: [afk_manager4.smx] Player count for AFK Move minimum has been reached, feature is now enabled: sm_afk_move_min_players = 4 Current Players = 4
L 09/29/2020 - 16:28:40: [afk_manager4.smx] Swag cs.money<2473><STEAM_1:0:555444944><> was moved to spectate for being AFK too long.
L 09/29/2020 - 16:38:52: [afk_manager4.smx] Player count for AFK Kick minimum has been reached, feature is now enabled: sm_afk_kick_min_players = 6 Current Players = 6
L 09/29/2020 - 16:42:06: [afk_manager4.smx] Player count for AFK Move minimum is below requirements, feature is now disabled: sm_afk_move_min_players = 4 Current Players = 1
L 09/29/2020 - 16:42:06: [afk_manager4.smx] Player count for AFK Kick minimum is below requirements, feature is now disabled: sm_afk_kick_min_players = 6 Current Players = 1
L 09/29/2020 - 16:42:10: [afk_manager4.smx] Player count for AFK Move minimum has been reached, feature is now enabled: sm_afk_move_min_players = 4 Current Players = 4
L 09/29/2020 - 16:42:26: [afk_manager4.smx] Player count for AFK Kick minimum has been reached, feature is now enabled: sm_afk_kick_min_players = 6 Current Players = 6
L 09/29/2020 - 17:03:00: [afk_manager4.smx] Player count for AFK Move minimum is below requirements, feature is now disabled: sm_afk_move_min_players = 4 Current Players = 1
L 09/29/2020 - 17:03:00: [afk_manager4.smx] Player count for AFK Kick minimum is below requirements, feature is now disabled: sm_afk_kick_min_players = 6 Current Players = 1
L 09/29/2020 - 17:03:02: [afk_manager4.smx] Player count for AFK Move minimum has been reached, feature is now enabled: sm_afk_move_min_players = 4 Current Players = 4
L 09/29/2020 - 17:03:02: [afk_manager4.smx] Player count for AFK Kick minimum has been reached, feature is now enabled: sm_afk_kick_min_players = 6 Current Players = 6
L 09/29/2020 - 17:21:42: [afk_manager4.smx] Player count for AFK Move minimum is below requirements, feature is now disabled: sm_afk_move_min_players = 4 Current Players = 1
L 09/29/2020 - 17:21:42: [afk_manager4.smx] Player count for AFK Kick minimum is below requirements, feature is now disabled: sm_afk_kick_min_players = 6 Current Players = 1
L 09/29/2020 - 17:21:43: [afk_manager4.smx] Player count for AFK Move minimum has been reached, feature is now enabled: sm_afk_move_min_players = 4 Current Players = 4
L 09/29/2020 - 17:21:45: [afk_manager4.smx] Player count for AFK Kick minimum has been reached, feature is now enabled: sm_afk_kick_min_players = 6 Current Players = 6
L 09/29/2020 - 17:23:09: [afk_manager4.smx] Swag cs.money<2490><STEAM_1:0:555444944><> was moved to spectate for being AFK too long.
L 09/29/2020 - 17:24:17: [afk_manager4.smx] Swag cs.money<2490><STEAM_1:0:555444944><> was kicked for being AFK too long.
L 09/29/2020 - 17:31:54: [afk_manager4.smx] Sp4ce<2499><STEAM_1:1:212194770><> was moved to spectate for being AFK too long.
L 09/29/2020 - 17:33:59: [afk_manager4.smx] Player count for AFK Kick minimum is below requirements, feature is now disabled: sm_afk_kick_min_players = 6 Current Players = 5
L 09/29/2020 - 17:35:44: [afk_manager4.smx] Player count for AFK Move minimum is below requirements, feature is now disabled: sm_afk_move_min_players = 4 Current Players = 3
L 09/29/2020 - 19:15:09: [afk_manager4.smx] Player count for AFK Move minimum has been reached, feature is now enabled: sm_afk_move_min_players = 4 Current Players = 4
L 09/29/2020 - 19:15:55: [afk_manager4.smx] Player count for AFK Kick minimum has been reached, feature is now enabled: sm_afk_kick_min_players = 6 Current Players = 6
L 09/29/2020 - 19:17:24: [afk_manager4.smx] Player count for AFK Kick minimum is below requirements, feature is now disabled: sm_afk_kick_min_players = 6 Current Players = 5
L 09/29/2020 - 19:18:47: [afk_manager4.smx] Player count for AFK Move minimum is below requirements, feature is now disabled: sm_afk_move_min_players = 4 Current Players = 3
L 09/29/2020 - 19:35:58: [afk_manager4.smx] Player count for AFK Move minimum has been reached, feature is now enabled: sm_afk_move_min_players = 4 Current Players = 4
L 09/29/2020 - 19:36:14: [afk_manager4.smx] Player count for AFK Kick minimum has been reached, feature is now enabled: sm_afk_kick_min_players = 6 Current Players = 6
L 09/29/2020 - 19:43:09: [afk_manager4.smx] Player count for AFK Move minimum is below requirements, feature is now disabled: sm_afk_move_min_players = 4 Current Players = 1
L 09/29/2020 - 19:43:09: [afk_manager4.smx] Player count for AFK Kick minimum is below requirements, feature is now disabled: sm_afk_kick_min_players = 6 Current Players = 1
L 09/29/2020 - 19:43:10: [afk_manager4.smx] Player count for AFK Move minimum has been reached, feature is now enabled: sm_afk_move_min_players = 4 Current Players = 4
L 09/29/2020 - 19:43:11: [afk_manager4.smx] Player count for AFK Kick minimum has been reached, feature is now enabled: sm_afk_kick_min_players = 6 Current Players = 6
L 09/29/2020 - 20:01:18: [afk_manager4.smx] Player count for AFK Kick minimum is below requirements, feature is now disabled: sm_afk_kick_min_players = 6 Current Players = 5
L 09/29/2020 - 20:01:27: [afk_manager4.smx] Player count for AFK Kick minimum has been reached, feature is now enabled: sm_afk_kick_min_players = 6 Current Players = 6
L 09/29/2020 - 20:04:06: [afk_manager4.smx] âœ°JOKERâœ°<2543><STEAM_1:1:204747769><> was moved to spectate for being AFK too long.
L 09/29/2020 - 20:07:44: [afk_manager4.smx] N1CE TRY<2538><STEAM_1:1:512849381><> was moved to spectate for being AFK too long.
L 09/29/2020 - 20:18:30: [afk_manager4.smx] N1CE TRY<2538><STEAM_1:1:512849381><> was moved to spectate for being AFK too long.
L 09/29/2020 - 20:20:55: [afk_manager4.smx] Player count for AFK Move minimum is below requirements, feature is now disabled: sm_afk_move_min_players = 4 Current Players = 1
L 09/29/2020 - 20:20:55: [afk_manager4.smx] Player count for AFK Kick minimum is below requirements, feature is now disabled: sm_afk_kick_min_players = 6 Current Players = 1
L 09/29/2020 - 20:21:17: [afk_manager4.smx] Player count for AFK Move minimum has been reached, feature is now enabled: sm_afk_move_min_players = 4 Current Players = 4
L 09/29/2020 - 20:21:34: [afk_manager4.smx] Player count for AFK Kick minimum has been reached, feature is now enabled: sm_afk_kick_min_players = 6 Current Players = 6
L 09/29/2020 - 20:39:48: [afk_manager4.smx] Player count for AFK Kick minimum is below requirements, feature is now disabled: sm_afk_kick_min_players = 6 Current Players = 5
L 09/29/2020 - 20:40:35: [afk_manager4.smx] Player count for AFK Move minimum is below requirements, feature is now disabled: sm_afk_move_min_players = 4 Current Players = 1
L 09/29/2020 - 20:54:10: [afk_manager4.smx] Player count for AFK Move minimum has been reached, feature is now enabled: sm_afk_move_min_players = 4 Current Players = 4
L 09/29/2020 - 20:55:46: [afk_manager4.smx] Player count for AFK Move minimum is below requirements, feature is now disabled: sm_afk_move_min_players = 4 Current Players = 1
L 09/29/2020 - 20:55:48: [afk_manager4.smx] Player count for AFK Move minimum has been reached, feature is now enabled: sm_afk_move_min_players = 4 Current Players = 4
L 09/29/2020 - 20:56:33: [afk_manager4.smx] Player count for AFK Kick minimum has been reached, feature is now enabled: sm_afk_kick_min_players = 6 Current Players = 6
L 09/29/2020 - 21:01:18: [afk_manager4.smx] RUPPYBAL<2562><STEAM_1:1:237551035><> was moved to spectate for being AFK too long.
L 09/29/2020 - 21:05:04: [afk_manager4.smx] Player count for AFK Kick minimum is below requirements, feature is now disabled: sm_afk_kick_min_players = 6 Current Players = 5
L 09/29/2020 - 21:09:21: [afk_manager4.smx] Player count for AFK Move minimum is below requirements, feature is now disabled: sm_afk_move_min_players = 4 Current Players = 3
L 09/29/2020 - 21:37:56: [afk_manager4.smx] Player count for AFK Move minimum has been reached, feature is now enabled: sm_afk_move_min_players = 4 Current Players = 4
L 09/29/2020 - 21:41:51: [afk_manager4.smx] Player count for AFK Kick minimum has been reached, feature is now enabled: sm_afk_kick_min_players = 6 Current Players = 6
L 09/29/2020 - 21:55:59: [afk_manager4.smx] Player count for AFK Move minimum is below requirements, feature is now disabled: sm_afk_move_min_players = 4 Current Players = 1
L 09/29/2020 - 21:55:59: [afk_manager4.smx] Player count for AFK Kick minimum is below requirements, feature is now disabled: sm_afk_kick_min_players = 6 Current Players = 1
L 09/29/2020 - 21:56:05: [afk_manager4.smx] Player count for AFK Move minimum has been reached, feature is now enabled: sm_afk_move_min_players = 4 Current Players = 4
L 09/29/2020 - 21:56:07: [afk_manager4.smx] Player count for AFK Kick minimum has been reached, feature is now enabled: sm_afk_kick_min_players = 6 Current Players = 6
L 09/29/2020 - 22:15:18: [afk_manager4.smx] Player count for AFK Move minimum is below requirements, feature is now disabled: sm_afk_move_min_players = 4 Current Players = 1
L 09/29/2020 - 22:15:18: [afk_manager4.smx] Player count for AFK Kick minimum is below requirements, feature is now disabled: sm_afk_kick_min_players = 6 Current Players = 1
L 09/29/2020 - 22:15:20: [afk_manager4.smx] Player count for AFK Move minimum has been reached, feature is now enabled: sm_afk_move_min_players = 4 Current Players = 4
L 09/29/2020 - 22:15:21: [afk_manager4.smx] Player count for AFK Kick minimum has been reached, feature is now enabled: sm_afk_kick_min_players = 6 Current Players = 6
L 09/29/2020 - 22:16:47: [afk_manager4.smx] MatthewNunu<2579><STEAM_1:1:120461994><> was moved to spectate for being AFK too long.
L 09/29/2020 - 22:17:59: [afk_manager4.smx] MatthewNunu<2579><STEAM_1:1:120461994><> was kicked for being AFK too long.
L 09/29/2020 - 22:18:16: [afk_manager4.smx] MMM give me some ASS<2575><STEAM_1:0:222760960><> was moved to spectate for being AFK too long.
L 09/29/2020 - 22:20:12: [afk_manager4.smx] MMM give me some ASS<2575><STEAM_1:0:222760960><> was kicked for being AFK too long.
L 09/29/2020 - 22:26:22: [afk_manager4.smx] Player count for AFK Kick minimum is below requirements, feature is now disabled: sm_afk_kick_min_players = 6 Current Players = 5
L 09/29/2020 - 22:27:46: [afk_manager4.smx] Player count for AFK Move minimum is below requirements, feature is now disabled: sm_afk_move_min_players = 4 Current Players = 3
L 09/29/2020 - 22:29:30: [afk_manager4.smx] Player count for AFK Move minimum has been reached, feature is now enabled: sm_afk_move_min_players = 4 Current Players = 4
L 09/29/2020 - 22:32:26: [afk_manager4.smx] Player count for AFK Kick minimum has been reached, feature is now enabled: sm_afk_kick_min_players = 6 Current Players = 6
L 09/29/2020 - 22:33:09: [afk_manager4.smx] Player count for AFK Move minimum is below requirements, feature is now disabled: sm_afk_move_min_players = 4 Current Players = 1
L 09/29/2020 - 22:33:09: [afk_manager4.smx] Player count for AFK Kick minimum is below requirements, feature is now disabled: sm_afk_kick_min_players = 6 Current Players = 1
L 09/29/2020 - 22:33:34: [afk_manager4.smx] Player count for AFK Move minimum has been reached, feature is now enabled: sm_afk_move_min_players = 4 Current Players = 4
L 09/29/2020 - 22:33:38: [afk_manager4.smx] Player count for AFK Kick minimum has been reached, feature is now enabled: sm_afk_kick_min_players = 6 Current Players = 6
L 09/29/2020 - 22:34:52: [afk_manager4.smx] Mentally done<2590><STEAM_1:0:180860858><> was moved to spectate for being AFK too long.
L 09/29/2020 - 22:50:47: [afk_manager4.smx] Player count for AFK Move minimum is below requirements, feature is now disabled: sm_afk_move_min_players = 4 Current Players = 1
L 09/29/2020 - 22:50:47: [afk_manager4.smx] Player count for AFK Kick minimum is below requirements, feature is now disabled: sm_afk_kick_min_players = 6 Current Players = 1
L 09/29/2020 - 22:51:00: [afk_manager4.smx] Player count for AFK Move minimum has been reached, feature is now enabled: sm_afk_move_min_players = 4 Current Players = 4
L 09/29/2020 - 22:53:48: [afk_manager4.smx] Player count for AFK Kick minimum has been reached, feature is now enabled: sm_afk_kick_min_players = 6 Current Players = 6
L 09/29/2020 - 22:54:14: [afk_manager4.smx] Player count for AFK Kick minimum is below requirements, feature is now disabled: sm_afk_kick_min_players = 6 Current Players = 5
L 09/29/2020 - 23:03:50: [afk_manager4.smx] Player count for AFK Kick minimum has been reached, feature is now enabled: sm_afk_kick_min_players = 6 Current Players = 6
L 09/29/2020 - 23:06:11: [afk_manager4.smx] Player count for AFK Kick minimum is below requirements, feature is now disabled: sm_afk_kick_min_players = 6 Current Players = 5
L 09/29/2020 - 23:06:26: [afk_manager4.smx] Player count for AFK Move minimum is below requirements, feature is now disabled: sm_afk_move_min_players = 4 Current Players = 3
