L 07/05/2020 - 11:34:27: [afk_manager4.smx] Player count for AFK Move minimum has been reached, feature is now enabled: sm_afk_move_min_players = 4 Current Players = 4
L 07/05/2020 - 11:40:24: [afk_manager4.smx] Player count for AFK Kick minimum has been reached, feature is now enabled: sm_afk_kick_min_players = 6 Current Players = 6
L 07/05/2020 - 11:49:26: [afk_manager4.smx] Player count for AFK Move minimum is below requirements, feature is now disabled: sm_afk_move_min_players = 4 Current Players = 1
L 07/05/2020 - 11:49:26: [afk_manager4.smx] Player count for AFK Kick minimum is below requirements, feature is now disabled: sm_afk_kick_min_players = 6 Current Players = 1
L 07/05/2020 - 11:49:32: [afk_manager4.smx] Player count for AFK Move minimum has been reached, feature is now enabled: sm_afk_move_min_players = 4 Current Players = 4
L 07/05/2020 - 11:50:01: [afk_manager4.smx] Player count for AFK Kick minimum has been reached, feature is now enabled: sm_afk_kick_min_players = 6 Current Players = 6
L 07/05/2020 - 12:02:01: [afk_manager4.smx] nat naai<5141><STEAM_1:1:527958957><> was moved to spectate for being AFK too long.
L 07/05/2020 - 12:03:27: [afk_manager4.smx] nat naai<5141><STEAM_1:1:527958957><> was kicked for being AFK too long.
L 07/05/2020 - 12:08:34: [afk_manager4.smx] Player count for AFK Move minimum is below requirements, feature is now disabled: sm_afk_move_min_players = 4 Current Players = 1
L 07/05/2020 - 12:08:34: [afk_manager4.smx] Player count for AFK Kick minimum is below requirements, feature is now disabled: sm_afk_kick_min_players = 6 Current Players = 1
L 07/05/2020 - 12:08:37: [afk_manager4.smx] Player count for AFK Move minimum has been reached, feature is now enabled: sm_afk_move_min_players = 4 Current Players = 4
L 07/05/2020 - 12:08:42: [afk_manager4.smx] Player count for AFK Kick minimum has been reached, feature is now enabled: sm_afk_kick_min_players = 6 Current Players = 6
L 07/05/2020 - 12:24:01: [afk_manager4.smx] psycho on zol<5154><STEAM_1:0:454782868><> was moved to spectate for being AFK too long.
L 07/05/2020 - 12:29:00: [afk_manager4.smx] Player count for AFK Kick minimum is below requirements, feature is now disabled: sm_afk_kick_min_players = 6 Current Players = 5
L 07/05/2020 - 12:29:45: [afk_manager4.smx] Player count for AFK Move minimum is below requirements, feature is now disabled: sm_afk_move_min_players = 4 Current Players = 1
L 07/05/2020 - 12:29:51: [afk_manager4.smx] Player count for AFK Move minimum has been reached, feature is now enabled: sm_afk_move_min_players = 4 Current Players = 4
L 07/05/2020 - 12:35:52: [afk_manager4.smx] Player count for AFK Kick minimum has been reached, feature is now enabled: sm_afk_kick_min_players = 6 Current Players = 6
L 07/05/2020 - 12:46:37: [afk_manager4.smx] Jok3rYT<5171><STEAM_1:1:213224509><> was moved to spectate for being AFK too long.
L 07/05/2020 - 12:48:25: [afk_manager4.smx] Player count for AFK Move minimum is below requirements, feature is now disabled: sm_afk_move_min_players = 4 Current Players = 1
L 07/05/2020 - 12:48:25: [afk_manager4.smx] Player count for AFK Kick minimum is below requirements, feature is now disabled: sm_afk_kick_min_players = 6 Current Players = 1
L 07/05/2020 - 12:48:27: [afk_manager4.smx] Player count for AFK Move minimum has been reached, feature is now enabled: sm_afk_move_min_players = 4 Current Players = 4
L 07/05/2020 - 12:48:36: [afk_manager4.smx] Player count for AFK Kick minimum has been reached, feature is now enabled: sm_afk_kick_min_players = 6 Current Players = 6
L 07/05/2020 - 13:04:14: [afk_manager4.smx] Player count for AFK Kick minimum is below requirements, feature is now disabled: sm_afk_kick_min_players = 6 Current Players = 5
L 07/05/2020 - 13:04:55: [afk_manager4.smx] Player count for AFK Move minimum is below requirements, feature is now disabled: sm_afk_move_min_players = 4 Current Players = 3
L 07/05/2020 - 14:32:30: [afk_manager4.smx] Player count for AFK Move minimum has been reached, feature is now enabled: sm_afk_move_min_players = 4 Current Players = 4
L 07/05/2020 - 14:34:24: [afk_manager4.smx] â‚ªâ…Tasticâ‹ˆRiceâ…â‚ªâ„¢<5198><STEAM_1:0:158039437><> was moved to spectate for being AFK too long.
L 07/05/2020 - 14:37:46: [afk_manager4.smx] Player count for AFK Kick minimum has been reached, feature is now enabled: sm_afk_kick_min_players = 6 Current Players = 6
L 07/05/2020 - 14:47:46: [afk_manager4.smx] â‚ªâ…Tasticâ‹ˆRiceâ…â‚ªâ„¢<5206><STEAM_1:0:158039437><> was moved to spectate for being AFK too long.
L 07/05/2020 - 14:47:57: [afk_manager4.smx] Player count for AFK Kick minimum is below requirements, feature is now disabled: sm_afk_kick_min_players = 6 Current Players = 5
L 07/05/2020 - 14:48:06: [afk_manager4.smx] Player count for AFK Move minimum is below requirements, feature is now disabled: sm_afk_move_min_players = 4 Current Players = 3
L 07/05/2020 - 15:08:31: [afk_manager4.smx] Player count for AFK Move minimum has been reached, feature is now enabled: sm_afk_move_min_players = 4 Current Players = 4
L 07/05/2020 - 15:09:35: [afk_manager4.smx] HiImChayan<5214><STEAM_1:1:231445272><> was moved to spectate for being AFK too long.
L 07/05/2020 - 15:12:27: [afk_manager4.smx] Player count for AFK Kick minimum has been reached, feature is now enabled: sm_afk_kick_min_players = 6 Current Players = 6
L 07/05/2020 - 15:20:51: [afk_manager4.smx] Just pew pew (please commend)<5213><STEAM_1:0:435684482><> was moved to spectate for being AFK too long.
L 07/05/2020 - 15:23:08: [afk_manager4.smx] Just pew pew (please commend)<5213><STEAM_1:0:435684482><> was kicked for being AFK too long.
L 07/05/2020 - 15:24:20: [afk_manager4.smx] Player count for AFK Move minimum is below requirements, feature is now disabled: sm_afk_move_min_players = 4 Current Players = 1
L 07/05/2020 - 15:24:20: [afk_manager4.smx] Player count for AFK Kick minimum is below requirements, feature is now disabled: sm_afk_kick_min_players = 6 Current Players = 1
L 07/05/2020 - 15:24:27: [afk_manager4.smx] Player count for AFK Move minimum has been reached, feature is now enabled: sm_afk_move_min_players = 4 Current Players = 4
L 07/05/2020 - 15:24:30: [afk_manager4.smx] Player count for AFK Kick minimum has been reached, feature is now enabled: sm_afk_kick_min_players = 6 Current Players = 6
L 07/05/2020 - 15:26:27: [afk_manager4.smx] ğ’ğ’†ğ’ğ’Œğ’•ğ’†ğ’“ğ’•<5216><STEAM_1:0:511987466><> was moved to spectate for being AFK too long.
L 07/05/2020 - 15:27:09: [afk_manager4.smx] Player count for AFK Move minimum is below requirements, feature is now disabled: sm_afk_move_min_players = 4 Current Players = 1
L 07/05/2020 - 15:27:09: [afk_manager4.smx] Player count for AFK Kick minimum is below requirements, feature is now disabled: sm_afk_kick_min_players = 6 Current Players = 1
L 07/05/2020 - 15:27:16: [afk_manager4.smx] Player count for AFK Move minimum has been reached, feature is now enabled: sm_afk_move_min_players = 4 Current Players = 4
L 07/05/2020 - 15:27:19: [afk_manager4.smx] Player count for AFK Kick minimum has been reached, feature is now enabled: sm_afk_kick_min_players = 6 Current Players = 6
L 07/05/2020 - 15:34:10: [afk_manager4.smx] ğ’ğ’†ğ’ğ’Œğ’•ğ’†ğ’“ğ’•<5216><STEAM_1:0:511987466><> was moved to spectate for being AFK too long.
L 07/05/2020 - 15:43:27: [afk_manager4.smx] Player count for AFK Move minimum is below requirements, feature is now disabled: sm_afk_move_min_players = 4 Current Players = 1
L 07/05/2020 - 15:43:27: [afk_manager4.smx] Player count for AFK Kick minimum is below requirements, feature is now disabled: sm_afk_kick_min_players = 6 Current Players = 1
L 07/05/2020 - 15:43:33: [afk_manager4.smx] Player count for AFK Move minimum has been reached, feature is now enabled: sm_afk_move_min_players = 4 Current Players = 4
L 07/05/2020 - 15:43:37: [afk_manager4.smx] Player count for AFK Kick minimum has been reached, feature is now enabled: sm_afk_kick_min_players = 6 Current Players = 6
L 07/05/2020 - 16:01:35: [afk_manager4.smx] Player count for AFK Move minimum is below requirements, feature is now disabled: sm_afk_move_min_players = 4 Current Players = 1
L 07/05/2020 - 16:01:35: [afk_manager4.smx] Player count for AFK Kick minimum is below requirements, feature is now disabled: sm_afk_kick_min_players = 6 Current Players = 1
L 07/05/2020 - 16:01:39: [afk_manager4.smx] Player count for AFK Move minimum has been reached, feature is now enabled: sm_afk_move_min_players = 4 Current Players = 4
L 07/05/2020 - 16:01:42: [afk_manager4.smx] Player count for AFK Kick minimum has been reached, feature is now enabled: sm_afk_kick_min_players = 6 Current Players = 6
L 07/05/2020 - 16:02:41: [afk_manager4.smx] Undyingtmlg<5239><STEAM_1:0:428659963><> was moved to spectate for being AFK too long.
L 07/05/2020 - 16:03:49: [afk_manager4.smx] Undyingtmlg<5239><STEAM_1:0:428659963><> was kicked for being AFK too long.
L 07/05/2020 - 16:23:33: [afk_manager4.smx] Player count for AFK Move minimum is below requirements, feature is now disabled: sm_afk_move_min_players = 4 Current Players = 0
L 07/05/2020 - 16:23:33: [afk_manager4.smx] Player count for AFK Kick minimum is below requirements, feature is now disabled: sm_afk_kick_min_players = 6 Current Players = 0
L 07/05/2020 - 16:23:55: [afk_manager4.smx] Player count for AFK Move minimum has been reached, feature is now enabled: sm_afk_move_min_players = 4 Current Players = 4
L 07/05/2020 - 16:24:28: [afk_manager4.smx] Player count for AFK Kick minimum has been reached, feature is now enabled: sm_afk_kick_min_players = 6 Current Players = 6
L 07/05/2020 - 16:28:53: [afk_manager4.smx] Player count for AFK Move minimum is below requirements, feature is now disabled: sm_afk_move_min_players = 4 Current Players = 1
L 07/05/2020 - 16:28:53: [afk_manager4.smx] Player count for AFK Kick minimum is below requirements, feature is now disabled: sm_afk_kick_min_players = 6 Current Players = 1
L 07/05/2020 - 16:29:00: [afk_manager4.smx] Player count for AFK Move minimum has been reached, feature is now enabled: sm_afk_move_min_players = 4 Current Players = 4
L 07/05/2020 - 16:29:14: [afk_manager4.smx] Player count for AFK Kick minimum has been reached, feature is now enabled: sm_afk_kick_min_players = 6 Current Players = 6
L 07/05/2020 - 16:36:13: [afk_manager4.smx] Toasted Bread<5248><STEAM_1:0:158125838><> was moved to spectate for being AFK too long.
L 07/05/2020 - 16:37:43: [afk_manager4.smx] Toasted Bread<5248><STEAM_1:0:158125838><> was kicked for being AFK too long.
L 07/05/2020 - 16:42:07: [afk_manager4.smx] D4V'1D<5238><STEAM_1:1:440751169><> was moved to spectate for being AFK too long.
L 07/05/2020 - 16:43:35: [afk_manager4.smx] D4V'1D<5238><STEAM_1:1:440751169><> was kicked for being AFK too long.
L 07/05/2020 - 16:43:35: [afk_manager4.smx] Player count for AFK Kick minimum is below requirements, feature is now disabled: sm_afk_kick_min_players = 6 Current Players = 5
L 07/05/2020 - 16:46:25: [afk_manager4.smx] Player count for AFK Move minimum is below requirements, feature is now disabled: sm_afk_move_min_players = 4 Current Players = 1
L 07/05/2020 - 16:47:06: [afk_manager4.smx] Player count for AFK Move minimum has been reached, feature is now enabled: sm_afk_move_min_players = 4 Current Players = 4
L 07/05/2020 - 16:51:57: [afk_manager4.smx] Player count for AFK Kick minimum has been reached, feature is now enabled: sm_afk_kick_min_players = 6 Current Players = 6
L 07/05/2020 - 17:02:50: [afk_manager4.smx] Player count for AFK Move minimum is below requirements, feature is now disabled: sm_afk_move_min_players = 4 Current Players = 0
L 07/05/2020 - 17:02:50: [afk_manager4.smx] Player count for AFK Kick minimum is below requirements, feature is now disabled: sm_afk_kick_min_players = 6 Current Players = 0
L 07/05/2020 - 17:02:56: [afk_manager4.smx] Player count for AFK Move minimum has been reached, feature is now enabled: sm_afk_move_min_players = 4 Current Players = 4
L 07/05/2020 - 17:03:03: [afk_manager4.smx] Player count for AFK Kick minimum has been reached, feature is now enabled: sm_afk_kick_min_players = 6 Current Players = 6
L 07/05/2020 - 17:10:08: [afk_manager4.smx] youtube.com/RustyY<5270><STEAM_1:0:144167811><> was moved to spectate for being AFK too long.
L 07/05/2020 - 17:12:40: [afk_manager4.smx] youtube.com/RustyY<5270><STEAM_1:0:144167811><> was kicked for being AFK too long.
L 07/05/2020 - 17:49:08: [afk_manager4.smx] Player count for AFK Move minimum has been reached, feature is now enabled: sm_afk_move_min_players = 4 Current Players = 4
L 07/05/2020 - 17:53:31: [afk_manager4.smx] Player count for AFK Kick minimum has been reached, feature is now enabled: sm_afk_kick_min_players = 6 Current Players = 6
L 07/05/2020 - 17:56:18: [afk_manager4.smx] Magentatree123<7><STEAM_1:0:453587460><> was moved to spectate for being AFK too long.
L 07/05/2020 - 17:57:55: [afk_manager4.smx] Player count for AFK Kick minimum is below requirements, feature is now disabled: sm_afk_kick_min_players = 6 Current Players = 5
L 07/05/2020 - 17:59:08: [afk_manager4.smx] Player count for AFK Kick minimum has been reached, feature is now enabled: sm_afk_kick_min_players = 6 Current Players = 6
L 07/05/2020 - 18:04:26: [afk_manager4.smx] Player count for AFK Move minimum is below requirements, feature is now disabled: sm_afk_move_min_players = 4 Current Players = 1
L 07/05/2020 - 18:04:26: [afk_manager4.smx] Player count for AFK Kick minimum is below requirements, feature is now disabled: sm_afk_kick_min_players = 6 Current Players = 1
L 07/05/2020 - 18:04:34: [afk_manager4.smx] Player count for AFK Move minimum has been reached, feature is now enabled: sm_afk_move_min_players = 4 Current Players = 4
L 07/05/2020 - 18:04:36: [afk_manager4.smx] Player count for AFK Kick minimum has been reached, feature is now enabled: sm_afk_kick_min_players = 6 Current Players = 6
L 07/05/2020 - 18:09:34: [afk_manager4.smx] Player count for AFK Move minimum is below requirements, feature is now disabled: sm_afk_move_min_players = 4 Current Players = 1
L 07/05/2020 - 18:09:34: [afk_manager4.smx] Player count for AFK Kick minimum is below requirements, feature is now disabled: sm_afk_kick_min_players = 6 Current Players = 1
L 07/05/2020 - 18:09:38: [afk_manager4.smx] Player count for AFK Move minimum has been reached, feature is now enabled: sm_afk_move_min_players = 4 Current Players = 4
L 07/05/2020 - 18:09:41: [afk_manager4.smx] Player count for AFK Kick minimum has been reached, feature is now enabled: sm_afk_kick_min_players = 6 Current Players = 6
L 07/05/2020 - 18:14:47: [afk_manager4.smx] Sh4d0w<22><STEAM_1:1:212194770><> was moved to spectate for being AFK too long.
L 07/05/2020 - 18:20:38: [afk_manager4.smx] Sh4d0w<22><STEAM_1:1:212194770><> was kicked for being AFK too long.
L 07/05/2020 - 18:28:10: [afk_manager4.smx] Player count for AFK Move minimum is below requirements, feature is now disabled: sm_afk_move_min_players = 4 Current Players = 1
L 07/05/2020 - 18:28:10: [afk_manager4.smx] Player count for AFK Kick minimum is below requirements, feature is now disabled: sm_afk_kick_min_players = 6 Current Players = 1
L 07/05/2020 - 18:28:14: [afk_manager4.smx] Player count for AFK Move minimum has been reached, feature is now enabled: sm_afk_move_min_players = 4 Current Players = 4
L 07/05/2020 - 18:28:41: [afk_manager4.smx] Player count for AFK Kick minimum has been reached, feature is now enabled: sm_afk_kick_min_players = 6 Current Players = 6
L 07/05/2020 - 18:47:00: [afk_manager4.smx] Player count for AFK Kick minimum is below requirements, feature is now disabled: sm_afk_kick_min_players = 6 Current Players = 5
L 07/05/2020 - 18:47:39: [afk_manager4.smx] Player count for AFK Move minimum is below requirements, feature is now disabled: sm_afk_move_min_players = 4 Current Players = 1
L 07/05/2020 - 18:47:44: [afk_manager4.smx] Player count for AFK Move minimum has been reached, feature is now enabled: sm_afk_move_min_players = 4 Current Players = 4
L 07/05/2020 - 18:48:44: [afk_manager4.smx] Pancake<35><STEAM_1:1:439607262><> was moved to spectate for being AFK too long.
L 07/05/2020 - 18:51:16: [afk_manager4.smx] Player count for AFK Kick minimum has been reached, feature is now enabled: sm_afk_kick_min_players = 6 Current Players = 6
L 07/05/2020 - 18:51:17: [afk_manager4.smx] Pancake<35><STEAM_1:1:439607262><> was kicked for being AFK too long.
L 07/05/2020 - 19:05:23: [afk_manager4.smx] Player count for AFK Kick minimum is below requirements, feature is now disabled: sm_afk_kick_min_players = 6 Current Players = 5
L 07/05/2020 - 19:05:31: [afk_manager4.smx] Player count for AFK Move minimum is below requirements, feature is now disabled: sm_afk_move_min_players = 4 Current Players = 3
L 07/05/2020 - 19:44:03: [afk_manager4.smx] Player count for AFK Move minimum has been reached, feature is now enabled: sm_afk_move_min_players = 4 Current Players = 4
L 07/05/2020 - 19:44:23: [afk_manager4.smx] Player count for AFK Kick minimum has been reached, feature is now enabled: sm_afk_kick_min_players = 6 Current Players = 6
L 07/05/2020 - 19:58:04: [afk_manager4.smx] Player count for AFK Move minimum is below requirements, feature is now disabled: sm_afk_move_min_players = 4 Current Players = 1
L 07/05/2020 - 19:58:04: [afk_manager4.smx] Player count for AFK Kick minimum is below requirements, feature is now disabled: sm_afk_kick_min_players = 6 Current Players = 1
L 07/05/2020 - 19:58:10: [afk_manager4.smx] Player count for AFK Move minimum has been reached, feature is now enabled: sm_afk_move_min_players = 4 Current Players = 4
L 07/05/2020 - 19:58:12: [afk_manager4.smx] Player count for AFK Kick minimum has been reached, feature is now enabled: sm_afk_kick_min_players = 6 Current Players = 6
L 07/05/2020 - 20:22:14: [afk_manager4.smx] Shadow<75><STEAM_1:1:192902659><> was kicked for being AFK too long.
L 07/05/2020 - 20:30:01: [afk_manager4.smx] Shadow<84><STEAM_1:1:192902659><> was kicked for being AFK too long.
L 07/05/2020 - 20:31:23: [afk_manager4.smx] ï¼¶ï½ï½‡ï½“ï½ï½‹ï½‹ï½‰ï½…<76><STEAM_1:0:228815930><> was moved to spectate for being AFK too long.
L 07/05/2020 - 20:33:12: [afk_manager4.smx] Dennis The Menace(New Eye)<65><STEAM_1:1:418939603><> was moved to spectate for being AFK too long.
L 07/05/2020 - 20:34:27: [afk_manager4.smx] Dennis The Menace(New Eye)<65><STEAM_1:1:418939603><> was kicked for being AFK too long.
L 07/05/2020 - 20:35:24: [afk_manager4.smx] Player count for AFK Move minimum is below requirements, feature is now disabled: sm_afk_move_min_players = 4 Current Players = 1
L 07/05/2020 - 20:35:24: [afk_manager4.smx] Player count for AFK Kick minimum is below requirements, feature is now disabled: sm_afk_kick_min_players = 6 Current Players = 1
L 07/05/2020 - 20:35:26: [afk_manager4.smx] Player count for AFK Move minimum has been reached, feature is now enabled: sm_afk_move_min_players = 4 Current Players = 4
L 07/05/2020 - 20:35:27: [afk_manager4.smx] Player count for AFK Kick minimum has been reached, feature is now enabled: sm_afk_kick_min_players = 6 Current Players = 6
L 07/05/2020 - 20:45:44: [afk_manager4.smx] Lix .LFT<73><STEAM_1:0:509333265><> was moved to spectate for being AFK too long.
L 07/05/2020 - 20:53:43: [afk_manager4.smx] John Wick<96><STEAM_1:1:500004261><> was kicked for being AFK too long.
L 07/05/2020 - 20:55:58: [afk_manager4.smx] Player count for AFK Move minimum is below requirements, feature is now disabled: sm_afk_move_min_players = 4 Current Players = 1
L 07/05/2020 - 20:55:58: [afk_manager4.smx] Player count for AFK Kick minimum is below requirements, feature is now disabled: sm_afk_kick_min_players = 6 Current Players = 1
L 07/05/2020 - 20:56:00: [afk_manager4.smx] Player count for AFK Move minimum has been reached, feature is now enabled: sm_afk_move_min_players = 4 Current Players = 4
L 07/05/2020 - 20:56:07: [afk_manager4.smx] Player count for AFK Kick minimum has been reached, feature is now enabled: sm_afk_kick_min_players = 6 Current Players = 6
L 07/05/2020 - 21:00:46: [afk_manager4.smx] âœª Gwef<99><STEAM_1:0:543978114><> was moved to spectate for being AFK too long.
L 07/05/2020 - 21:09:52: [afk_manager4.smx] SupremeGUcciFlippers<86><STEAM_1:1:499346393><> was kicked for being AFK too long.
L 07/05/2020 - 21:14:07: [afk_manager4.smx] Player count for AFK Move minimum is below requirements, feature is now disabled: sm_afk_move_min_players = 4 Current Players = 1
L 07/05/2020 - 21:14:07: [afk_manager4.smx] Player count for AFK Kick minimum is below requirements, feature is now disabled: sm_afk_kick_min_players = 6 Current Players = 1
L 07/05/2020 - 21:14:09: [afk_manager4.smx] Player count for AFK Move minimum has been reached, feature is now enabled: sm_afk_move_min_players = 4 Current Players = 4
L 07/05/2020 - 21:14:11: [afk_manager4.smx] Player count for AFK Kick minimum has been reached, feature is now enabled: sm_afk_kick_min_players = 6 Current Players = 6
L 07/05/2020 - 21:32:26: [afk_manager4.smx] Player count for AFK Move minimum is below requirements, feature is now disabled: sm_afk_move_min_players = 4 Current Players = 1
L 07/05/2020 - 21:32:26: [afk_manager4.smx] Player count for AFK Kick minimum is below requirements, feature is now disabled: sm_afk_kick_min_players = 6 Current Players = 1
L 07/05/2020 - 21:32:31: [afk_manager4.smx] Player count for AFK Move minimum has been reached, feature is now enabled: sm_afk_move_min_players = 4 Current Players = 4
L 07/05/2020 - 21:32:59: [afk_manager4.smx] Player count for AFK Kick minimum has been reached, feature is now enabled: sm_afk_kick_min_players = 6 Current Players = 6
L 07/05/2020 - 21:50:27: [afk_manager4.smx] Player count for AFK Kick minimum is below requirements, feature is now disabled: sm_afk_kick_min_players = 6 Current Players = 5
L 07/05/2020 - 21:51:00: [afk_manager4.smx] Player count for AFK Move minimum is below requirements, feature is now disabled: sm_afk_move_min_players = 4 Current Players = 1
L 07/05/2020 - 21:51:23: [afk_manager4.smx] Player count for AFK Move minimum has been reached, feature is now enabled: sm_afk_move_min_players = 4 Current Players = 4
L 07/05/2020 - 21:56:16: [afk_manager4.smx] Player count for AFK Kick minimum has been reached, feature is now enabled: sm_afk_kick_min_players = 6 Current Players = 6
L 07/05/2020 - 22:09:22: [afk_manager4.smx] Player count for AFK Kick minimum is below requirements, feature is now disabled: sm_afk_kick_min_players = 6 Current Players = 5
L 07/05/2020 - 22:09:26: [afk_manager4.smx] Player count for AFK Move minimum is below requirements, feature is now disabled: sm_afk_move_min_players = 4 Current Players = 3
L 07/05/2020 - 22:11:21: [afk_manager4.smx] Player count for AFK Move minimum has been reached, feature is now enabled: sm_afk_move_min_players = 4 Current Players = 4
L 07/05/2020 - 22:13:00: [afk_manager4.smx] Player count for AFK Kick minimum has been reached, feature is now enabled: sm_afk_kick_min_players = 6 Current Players = 6
L 07/05/2020 - 22:27:29: [afk_manager4.smx] Player count for AFK Move minimum is below requirements, feature is now disabled: sm_afk_move_min_players = 4 Current Players = 1
L 07/05/2020 - 22:27:29: [afk_manager4.smx] Player count for AFK Kick minimum is below requirements, feature is now disabled: sm_afk_kick_min_players = 6 Current Players = 1
L 07/05/2020 - 22:27:36: [afk_manager4.smx] Player count for AFK Move minimum has been reached, feature is now enabled: sm_afk_move_min_players = 4 Current Players = 4
L 07/05/2020 - 22:28:10: [afk_manager4.smx] Player count for AFK Kick minimum has been reached, feature is now enabled: sm_afk_kick_min_players = 6 Current Players = 6
L 07/05/2020 - 22:35:28: [afk_manager4.smx] Player count for AFK Kick minimum is below requirements, feature is now disabled: sm_afk_kick_min_players = 6 Current Players = 5
L 07/05/2020 - 22:39:22: [afk_manager4.smx] Player count for AFK Move minimum is below requirements, feature is now disabled: sm_afk_move_min_players = 4 Current Players = 3
