L 05/06/2020 - 10:52:51: [afk_manager4.smx] Player count for AFK Move minimum has been reached, feature is now enabled: sm_afk_move_min_players = 4 Current Players = 4
L 05/06/2020 - 10:53:59: [afk_manager4.smx] Player count for AFK Kick minimum has been reached, feature is now enabled: sm_afk_kick_min_players = 6 Current Players = 6
L 05/06/2020 - 11:07:06: [afk_manager4.smx] Player count for AFK Move minimum is below requirements, feature is now disabled: sm_afk_move_min_players = 4 Current Players = 1
L 05/06/2020 - 11:07:06: [afk_manager4.smx] Player count for AFK Kick minimum is below requirements, feature is now disabled: sm_afk_kick_min_players = 6 Current Players = 1
L 05/06/2020 - 11:07:13: [afk_manager4.smx] Player count for AFK Move minimum has been reached, feature is now enabled: sm_afk_move_min_players = 4 Current Players = 4
L 05/06/2020 - 11:07:16: [afk_manager4.smx] Player count for AFK Kick minimum has been reached, feature is now enabled: sm_afk_kick_min_players = 6 Current Players = 6
L 05/06/2020 - 11:09:29: [afk_manager4.smx] Fortuune<14><STEAM_1:1:246024444><> was moved to spectate for being AFK too long.
L 05/06/2020 - 11:10:37: [afk_manager4.smx] Fortuune<14><STEAM_1:1:246024444><> was kicked for being AFK too long.
L 05/06/2020 - 11:25:16: [afk_manager4.smx] Player count for AFK Move minimum is below requirements, feature is now disabled: sm_afk_move_min_players = 4 Current Players = 1
L 05/06/2020 - 11:25:16: [afk_manager4.smx] Player count for AFK Kick minimum is below requirements, feature is now disabled: sm_afk_kick_min_players = 6 Current Players = 1
L 05/06/2020 - 11:25:23: [afk_manager4.smx] Player count for AFK Move minimum has been reached, feature is now enabled: sm_afk_move_min_players = 4 Current Players = 4
L 05/06/2020 - 11:25:51: [afk_manager4.smx] Player count for AFK Kick minimum has been reached, feature is now enabled: sm_afk_kick_min_players = 6 Current Players = 6
L 05/06/2020 - 11:42:10: [afk_manager4.smx] Player count for AFK Move minimum is below requirements, feature is now disabled: sm_afk_move_min_players = 4 Current Players = 1
L 05/06/2020 - 11:42:10: [afk_manager4.smx] Player count for AFK Kick minimum is below requirements, feature is now disabled: sm_afk_kick_min_players = 6 Current Players = 1
L 05/06/2020 - 11:42:15: [afk_manager4.smx] Player count for AFK Move minimum has been reached, feature is now enabled: sm_afk_move_min_players = 4 Current Players = 4
L 05/06/2020 - 11:42:17: [afk_manager4.smx] Player count for AFK Kick minimum has been reached, feature is now enabled: sm_afk_kick_min_players = 6 Current Players = 6
L 05/06/2020 - 11:48:31: [afk_manager4.smx] ✪ chris b big piel<10><STEAM_1:1:491112693><> was moved to spectate for being AFK too long.
L 05/06/2020 - 11:50:27: [afk_manager4.smx] Camo Coyote<30><STEAM_1:0:62394971><> was moved to spectate for being AFK too long.
L 05/06/2020 - 11:51:35: [afk_manager4.smx] Camo Coyote<30><STEAM_1:0:62394971><> was kicked for being AFK too long.
L 05/06/2020 - 12:01:05: [afk_manager4.smx] Player count for AFK Move minimum is below requirements, feature is now disabled: sm_afk_move_min_players = 4 Current Players = 1
L 05/06/2020 - 12:01:05: [afk_manager4.smx] Player count for AFK Kick minimum is below requirements, feature is now disabled: sm_afk_kick_min_players = 6 Current Players = 1
L 05/06/2020 - 12:01:12: [afk_manager4.smx] Player count for AFK Move minimum has been reached, feature is now enabled: sm_afk_move_min_players = 4 Current Players = 4
L 05/06/2020 - 12:01:28: [afk_manager4.smx] Player count for AFK Kick minimum has been reached, feature is now enabled: sm_afk_kick_min_players = 6 Current Players = 6
L 05/06/2020 - 12:09:01: [afk_manager4.smx] Sr.JumpAlot<37><STEAM_1:1:96764682><> was moved to spectate for being AFK too long.
L 05/06/2020 - 12:10:09: [afk_manager4.smx] Sr.JumpAlot<37><STEAM_1:1:96764682><> was kicked for being AFK too long.
L 05/06/2020 - 12:19:20: [afk_manager4.smx] Player count for AFK Move minimum is below requirements, feature is now disabled: sm_afk_move_min_players = 4 Current Players = 1
L 05/06/2020 - 12:19:20: [afk_manager4.smx] Player count for AFK Kick minimum is below requirements, feature is now disabled: sm_afk_kick_min_players = 6 Current Players = 1
L 05/06/2020 - 12:19:42: [afk_manager4.smx] Player count for AFK Move minimum has been reached, feature is now enabled: sm_afk_move_min_players = 4 Current Players = 4
L 05/06/2020 - 12:20:41: [afk_manager4.smx] Player count for AFK Kick minimum has been reached, feature is now enabled: sm_afk_kick_min_players = 6 Current Players = 6
L 05/06/2020 - 12:21:19: [afk_manager4.smx] Nate is my Bitch<40><STEAM_1:0:465576227><> was kicked for being AFK too long.
L 05/06/2020 - 12:21:29: [afk_manager4.smx] Player count for AFK Kick minimum is below requirements, feature is now disabled: sm_afk_kick_min_players = 6 Current Players = 5
L 05/06/2020 - 12:22:22: [afk_manager4.smx] Player count for AFK Kick minimum has been reached, feature is now enabled: sm_afk_kick_min_players = 6 Current Players = 6
L 05/06/2020 - 12:23:58: [afk_manager4.smx] Nate is my Bitch<47><STEAM_1:0:465576227><> was moved to spectate for being AFK too long.
L 05/06/2020 - 12:24:50: [afk_manager4.smx] SonicArcherツ<46><STEAM_1:0:516371530><> was moved to spectate for being AFK too long.
L 05/06/2020 - 12:25:06: [afk_manager4.smx] Nate is my Bitch<47><STEAM_1:0:465576227><> was kicked for being AFK too long.
L 05/06/2020 - 12:26:10: [afk_manager4.smx] Keen<48><STEAM_1:0:94686304><> was kicked for being AFK too long.
L 05/06/2020 - 12:35:11: [afk_manager4.smx] krypzy<54><STEAM_1:1:125053707><> was moved to spectate for being AFK too long.
L 05/06/2020 - 12:37:02: [afk_manager4.smx] Player count for AFK Move minimum is below requirements, feature is now disabled: sm_afk_move_min_players = 4 Current Players = 1
L 05/06/2020 - 12:37:02: [afk_manager4.smx] Player count for AFK Kick minimum is below requirements, feature is now disabled: sm_afk_kick_min_players = 6 Current Players = 1
L 05/06/2020 - 12:37:04: [afk_manager4.smx] Player count for AFK Move minimum has been reached, feature is now enabled: sm_afk_move_min_players = 4 Current Players = 4
L 05/06/2020 - 12:37:09: [afk_manager4.smx] Player count for AFK Kick minimum has been reached, feature is now enabled: sm_afk_kick_min_players = 6 Current Players = 6
L 05/06/2020 - 12:47:30: [afk_manager4.smx] Kieks_<63><STEAM_1:0:420681843><> was kicked for being AFK too long.
L 05/06/2020 - 12:54:01: [afk_manager4.smx] cuh<67><STEAM_1:1:58710642><> was moved to spectate for being AFK too long.
L 05/06/2020 - 12:56:19: [afk_manager4.smx] Prof._Visser<66><STEAM_1:1:85097531><> was kicked for being AFK too long.
L 05/06/2020 - 12:57:16: [afk_manager4.smx] Player count for AFK Move minimum is below requirements, feature is now disabled: sm_afk_move_min_players = 4 Current Players = 1
L 05/06/2020 - 12:57:16: [afk_manager4.smx] Player count for AFK Kick minimum is below requirements, feature is now disabled: sm_afk_kick_min_players = 6 Current Players = 1
L 05/06/2020 - 12:57:17: [afk_manager4.smx] Player count for AFK Move minimum has been reached, feature is now enabled: sm_afk_move_min_players = 4 Current Players = 4
L 05/06/2020 - 12:57:18: [afk_manager4.smx] Player count for AFK Kick minimum has been reached, feature is now enabled: sm_afk_kick_min_players = 6 Current Players = 6
L 05/06/2020 - 12:58:39: [afk_manager4.smx] *kiZzA ツ<62><STEAM_1:0:242665508><> was moved to spectate for being AFK too long.
L 05/06/2020 - 12:59:47: [afk_manager4.smx] *kiZzA ツ<62><STEAM_1:0:242665508><> was kicked for being AFK too long.
L 05/06/2020 - 13:07:55: [afk_manager4.smx] Leggy<65><STEAM_1:0:9888408><> was moved to spectate for being AFK too long.
L 05/06/2020 - 13:17:23: [afk_manager4.smx] Player count for AFK Move minimum is below requirements, feature is now disabled: sm_afk_move_min_players = 4 Current Players = 1
L 05/06/2020 - 13:17:23: [afk_manager4.smx] Player count for AFK Kick minimum is below requirements, feature is now disabled: sm_afk_kick_min_players = 6 Current Players = 1
L 05/06/2020 - 13:17:23: [afk_manager4.smx] Player count for AFK Move minimum has been reached, feature is now enabled: sm_afk_move_min_players = 4 Current Players = 4
L 05/06/2020 - 13:17:25: [afk_manager4.smx] Player count for AFK Kick minimum has been reached, feature is now enabled: sm_afk_kick_min_players = 6 Current Players = 6
L 05/06/2020 - 13:20:34: [afk_manager4.smx] idk<83><STEAM_1:1:60751619><> was moved to spectate for being AFK too long.
L 05/06/2020 - 13:23:20: [afk_manager4.smx] eQuivalent<85><STEAM_1:0:229118973><> was moved to spectate for being AFK too long.
L 05/06/2020 - 13:30:25: [afk_manager4.smx] *kiZzA ツ<87><STEAM_1:0:242665508><> was moved to spectate for being AFK too long.
L 05/06/2020 - 13:37:59: [afk_manager4.smx] Player count for AFK Move minimum is below requirements, feature is now disabled: sm_afk_move_min_players = 4 Current Players = 1
L 05/06/2020 - 13:37:59: [afk_manager4.smx] Player count for AFK Kick minimum is below requirements, feature is now disabled: sm_afk_kick_min_players = 6 Current Players = 1
L 05/06/2020 - 13:38:04: [afk_manager4.smx] Player count for AFK Move minimum has been reached, feature is now enabled: sm_afk_move_min_players = 4 Current Players = 4
L 05/06/2020 - 13:38:07: [afk_manager4.smx] Player count for AFK Kick minimum has been reached, feature is now enabled: sm_afk_kick_min_players = 6 Current Players = 6
L 05/06/2020 - 13:39:52: [afk_manager4.smx] d4zo<95><STEAM_1:1:107320069><> was moved to spectate for being AFK too long.
L 05/06/2020 - 13:40:07: [afk_manager4.smx] sleek<99><STEAM_1:1:9822351><> was moved to spectate for being AFK too long.
L 05/06/2020 - 13:45:09: [afk_manager4.smx] *kiZzA ツ<87><STEAM_1:0:242665508><> was kicked for being AFK too long.
L 05/06/2020 - 13:57:54: [afk_manager4.smx] .Katvis<110><STEAM_1:1:195011032><> was moved to spectate for being AFK too long.
L 05/06/2020 - 13:58:44: [afk_manager4.smx] Shaii<109><STEAM_1:1:91139898><> was moved to spectate for being AFK too long.
L 05/06/2020 - 13:59:57: [afk_manager4.smx] Player count for AFK Move minimum is below requirements, feature is now disabled: sm_afk_move_min_players = 4 Current Players = 1
L 05/06/2020 - 13:59:57: [afk_manager4.smx] Player count for AFK Kick minimum is below requirements, feature is now disabled: sm_afk_kick_min_players = 6 Current Players = 1
L 05/06/2020 - 14:00:03: [afk_manager4.smx] Player count for AFK Move minimum has been reached, feature is now enabled: sm_afk_move_min_players = 4 Current Players = 4
L 05/06/2020 - 14:00:06: [afk_manager4.smx] Player count for AFK Kick minimum has been reached, feature is now enabled: sm_afk_kick_min_players = 6 Current Players = 6
L 05/06/2020 - 14:18:56: [afk_manager4.smx] Player count for AFK Move minimum is below requirements, feature is now disabled: sm_afk_move_min_players = 4 Current Players = 1
L 05/06/2020 - 14:18:56: [afk_manager4.smx] Player count for AFK Kick minimum is below requirements, feature is now disabled: sm_afk_kick_min_players = 6 Current Players = 1
L 05/06/2020 - 14:18:58: [afk_manager4.smx] Player count for AFK Move minimum has been reached, feature is now enabled: sm_afk_move_min_players = 4 Current Players = 4
L 05/06/2020 - 14:19:05: [afk_manager4.smx] Player count for AFK Kick minimum has been reached, feature is now enabled: sm_afk_kick_min_players = 6 Current Players = 6
L 05/06/2020 - 14:21:51: [afk_manager4.smx] mint<90><STEAM_1:1:449140113><> was moved to spectate for being AFK too long.
L 05/06/2020 - 14:39:46: [afk_manager4.smx] Player count for AFK Move minimum is below requirements, feature is now disabled: sm_afk_move_min_players = 4 Current Players = 1
L 05/06/2020 - 14:39:46: [afk_manager4.smx] Player count for AFK Kick minimum is below requirements, feature is now disabled: sm_afk_kick_min_players = 6 Current Players = 1
L 05/06/2020 - 14:39:47: [afk_manager4.smx] Player count for AFK Move minimum has been reached, feature is now enabled: sm_afk_move_min_players = 4 Current Players = 4
L 05/06/2020 - 14:39:53: [afk_manager4.smx] Player count for AFK Kick minimum has been reached, feature is now enabled: sm_afk_kick_min_players = 6 Current Players = 6
L 05/06/2020 - 14:44:10: [afk_manager4.smx] ✪ SCOP3Dツ<141><STEAM_1:1:438140241><> was moved to spectate for being AFK too long.
L 05/06/2020 - 14:46:02: [afk_manager4.smx] ✪ SCOP3Dツ<141><STEAM_1:1:438140241><> was kicked for being AFK too long.
L 05/06/2020 - 14:47:38: [afk_manager4.smx] rodger<144><STEAM_1:1:165054242><> was moved to spectate for being AFK too long.
L 05/06/2020 - 14:59:15: [afk_manager4.smx] Player count for AFK Move minimum is below requirements, feature is now disabled: sm_afk_move_min_players = 4 Current Players = 1
L 05/06/2020 - 14:59:15: [afk_manager4.smx] Player count for AFK Kick minimum is below requirements, feature is now disabled: sm_afk_kick_min_players = 6 Current Players = 1
L 05/06/2020 - 14:59:17: [afk_manager4.smx] Player count for AFK Move minimum has been reached, feature is now enabled: sm_afk_move_min_players = 4 Current Players = 4
L 05/06/2020 - 14:59:20: [afk_manager4.smx] Player count for AFK Kick minimum has been reached, feature is now enabled: sm_afk_kick_min_players = 6 Current Players = 6
L 05/06/2020 - 15:13:42: [afk_manager4.smx] Zen<159><STEAM_1:0:177260114><> was kicked for being AFK too long.
L 05/06/2020 - 15:15:38: [afk_manager4.smx] MrsRocket<160><STEAM_1:1:492313794><> was kicked for being AFK too long.
L 05/06/2020 - 15:19:35: [afk_manager4.smx] Player count for AFK Move minimum is below requirements, feature is now disabled: sm_afk_move_min_players = 4 Current Players = 1
L 05/06/2020 - 15:19:35: [afk_manager4.smx] Player count for AFK Kick minimum is below requirements, feature is now disabled: sm_afk_kick_min_players = 6 Current Players = 1
L 05/06/2020 - 15:19:38: [afk_manager4.smx] Player count for AFK Move minimum has been reached, feature is now enabled: sm_afk_move_min_players = 4 Current Players = 4
L 05/06/2020 - 15:19:39: [afk_manager4.smx] Player count for AFK Kick minimum has been reached, feature is now enabled: sm_afk_kick_min_players = 6 Current Players = 6
L 05/06/2020 - 15:39:06: [afk_manager4.smx] Player count for AFK Move minimum is below requirements, feature is now disabled: sm_afk_move_min_players = 4 Current Players = 1
L 05/06/2020 - 15:39:06: [afk_manager4.smx] Player count for AFK Kick minimum is below requirements, feature is now disabled: sm_afk_kick_min_players = 6 Current Players = 1
L 05/06/2020 - 15:39:12: [afk_manager4.smx] Player count for AFK Move minimum has been reached, feature is now enabled: sm_afk_move_min_players = 4 Current Players = 4
L 05/06/2020 - 15:39:17: [afk_manager4.smx] Player count for AFK Kick minimum has been reached, feature is now enabled: sm_afk_kick_min_players = 6 Current Players = 6
L 05/06/2020 - 15:40:17: [afk_manager4.smx] Player count for AFK Move minimum is below requirements, feature is now disabled: sm_afk_move_min_players = 4 Current Players = 0
L 05/06/2020 - 15:40:17: [afk_manager4.smx] Player count for AFK Kick minimum is below requirements, feature is now disabled: sm_afk_kick_min_players = 6 Current Players = 0
L 05/06/2020 - 15:40:24: [afk_manager4.smx] Player count for AFK Move minimum has been reached, feature is now enabled: sm_afk_move_min_players = 4 Current Players = 4
L 05/06/2020 - 15:40:30: [afk_manager4.smx] Player count for AFK Kick minimum has been reached, feature is now enabled: sm_afk_kick_min_players = 6 Current Players = 6
L 05/06/2020 - 15:59:47: [afk_manager4.smx] Player count for AFK Move minimum is below requirements, feature is now disabled: sm_afk_move_min_players = 4 Current Players = 1
L 05/06/2020 - 15:59:47: [afk_manager4.smx] Player count for AFK Kick minimum is below requirements, feature is now disabled: sm_afk_kick_min_players = 6 Current Players = 1
L 05/06/2020 - 15:59:51: [afk_manager4.smx] Player count for AFK Move minimum has been reached, feature is now enabled: sm_afk_move_min_players = 4 Current Players = 4
L 05/06/2020 - 15:59:55: [afk_manager4.smx] Player count for AFK Kick minimum has been reached, feature is now enabled: sm_afk_kick_min_players = 6 Current Players = 6
L 05/06/2020 - 16:04:59: [afk_manager4.smx] unknowN_<186><STEAM_1:0:42966642><> was kicked for being AFK too long.
L 05/06/2020 - 16:11:52: [afk_manager4.smx] JuicySA<189><STEAM_1:0:500868866><> was kicked for being AFK too long.
L 05/06/2020 - 16:17:58: [afk_manager4.smx] Player count for AFK Move minimum is below requirements, feature is now disabled: sm_afk_move_min_players = 4 Current Players = 1
L 05/06/2020 - 16:17:58: [afk_manager4.smx] Player count for AFK Kick minimum is below requirements, feature is now disabled: sm_afk_kick_min_players = 6 Current Players = 1
L 05/06/2020 - 16:18:02: [afk_manager4.smx] Player count for AFK Move minimum has been reached, feature is now enabled: sm_afk_move_min_players = 4 Current Players = 4
L 05/06/2020 - 16:18:09: [afk_manager4.smx] Player count for AFK Kick minimum has been reached, feature is now enabled: sm_afk_kick_min_players = 6 Current Players = 6
L 05/06/2020 - 16:25:56: [afk_manager4.smx] Fur is murder<200><STEAM_1:0:88673561><> was kicked for being AFK too long.
L 05/06/2020 - 16:31:01: [afk_manager4.smx] Hero Hunter cs.money<197><STEAM_1:1:219581465><> was moved to spectate for being AFK too long.
L 05/06/2020 - 16:32:13: [afk_manager4.smx] Hero Hunter cs.money<197><STEAM_1:1:219581465><> was kicked for being AFK too long.
L 05/06/2020 - 16:37:10: [afk_manager4.smx] Player count for AFK Move minimum is below requirements, feature is now disabled: sm_afk_move_min_players = 4 Current Players = 1
L 05/06/2020 - 16:37:10: [afk_manager4.smx] Player count for AFK Kick minimum is below requirements, feature is now disabled: sm_afk_kick_min_players = 6 Current Players = 1
L 05/06/2020 - 16:37:12: [afk_manager4.smx] Player count for AFK Move minimum has been reached, feature is now enabled: sm_afk_move_min_players = 4 Current Players = 4
L 05/06/2020 - 16:37:13: [afk_manager4.smx] Player count for AFK Kick minimum has been reached, feature is now enabled: sm_afk_kick_min_players = 6 Current Players = 6
L 05/06/2020 - 16:48:49: [afk_manager4.smx] JAME$<156><STEAM_1:1:78731091><> was moved to spectate for being AFK too long.
L 05/06/2020 - 16:50:05: [afk_manager4.smx] JAME$<156><STEAM_1:1:78731091><> was kicked for being AFK too long.
L 05/06/2020 - 16:56:22: [afk_manager4.smx] Player count for AFK Move minimum is below requirements, feature is now disabled: sm_afk_move_min_players = 4 Current Players = 1
L 05/06/2020 - 16:56:22: [afk_manager4.smx] Player count for AFK Kick minimum is below requirements, feature is now disabled: sm_afk_kick_min_players = 6 Current Players = 1
L 05/06/2020 - 16:56:29: [afk_manager4.smx] Player count for AFK Move minimum has been reached, feature is now enabled: sm_afk_move_min_players = 4 Current Players = 4
L 05/06/2020 - 16:56:32: [afk_manager4.smx] Player count for AFK Kick minimum has been reached, feature is now enabled: sm_afk_kick_min_players = 6 Current Players = 6
L 05/06/2020 - 17:02:06: [afk_manager4.smx] ✪ dreadey<226><STEAM_1:0:28460801><> was kicked for being AFK too long.
L 05/06/2020 - 17:03:53: [afk_manager4.smx] Swagdoodle.C♥<207><STEAM_1:0:236667518><> was moved to spectate for being AFK too long.
L 05/06/2020 - 17:05:06: [afk_manager4.smx] Swagdoodle.C♥<207><STEAM_1:0:236667518><> was kicked for being AFK too long.
L 05/06/2020 - 17:07:32: [afk_manager4.smx] Fortuune<181><STEAM_1:1:246024444><> was moved to spectate for being AFK too long.
L 05/06/2020 - 17:13:09: [afk_manager4.smx] Fortuune<181><STEAM_1:1:246024444><> was kicked for being AFK too long.
L 05/06/2020 - 17:13:28: [afk_manager4.smx] MrsRocket<230><STEAM_1:1:492313794><> was kicked for being AFK too long.
L 05/06/2020 - 17:16:26: [afk_manager4.smx] Player count for AFK Move minimum is below requirements, feature is now disabled: sm_afk_move_min_players = 4 Current Players = 0
L 05/06/2020 - 17:16:26: [afk_manager4.smx] Player count for AFK Kick minimum is below requirements, feature is now disabled: sm_afk_kick_min_players = 6 Current Players = 0
L 05/06/2020 - 17:16:42: [afk_manager4.smx] Player count for AFK Move minimum has been reached, feature is now enabled: sm_afk_move_min_players = 4 Current Players = 4
L 05/06/2020 - 17:16:44: [afk_manager4.smx] Player count for AFK Kick minimum has been reached, feature is now enabled: sm_afk_kick_min_players = 6 Current Players = 6
L 05/06/2020 - 17:17:56: [afk_manager4.smx] ✪ SCOP3Dツ<175><STEAM_1:1:438140241><> was moved to spectate for being AFK too long.
L 05/06/2020 - 17:18:15: [afk_manager4.smx] Tropical Pineapple Kush<233><STEAM_1:1:114402753><> was moved to spectate for being AFK too long.
L 05/06/2020 - 17:19:08: [afk_manager4.smx] ✪ SCOP3Dツ<175><STEAM_1:1:438140241><> was kicked for being AFK too long.
L 05/06/2020 - 17:19:23: [afk_manager4.smx] Tropical Pineapple Kush<233><STEAM_1:1:114402753><> was kicked for being AFK too long.
L 05/06/2020 - 17:28:37: [afk_manager4.smx] Shrood<238><STEAM_1:1:167722408><> was kicked for being AFK too long.
L 05/06/2020 - 17:29:59: [afk_manager4.smx] Tropical Pineapple Kush<240><STEAM_1:1:114402753><> was moved to spectate for being AFK too long.
L 05/06/2020 - 17:31:07: [afk_manager4.smx] Tropical Pineapple Kush<240><STEAM_1:1:114402753><> was kicked for being AFK too long.
L 05/06/2020 - 17:34:54: [afk_manager4.smx] Player count for AFK Move minimum is below requirements, feature is now disabled: sm_afk_move_min_players = 4 Current Players = 1
L 05/06/2020 - 17:34:54: [afk_manager4.smx] Player count for AFK Kick minimum is below requirements, feature is now disabled: sm_afk_kick_min_players = 6 Current Players = 1
L 05/06/2020 - 17:34:57: [afk_manager4.smx] Player count for AFK Move minimum has been reached, feature is now enabled: sm_afk_move_min_players = 4 Current Players = 4
L 05/06/2020 - 17:34:59: [afk_manager4.smx] Player count for AFK Kick minimum has been reached, feature is now enabled: sm_afk_kick_min_players = 6 Current Players = 6
L 05/06/2020 - 17:38:35: [afk_manager4.smx] FluXity<248><STEAM_1:0:67568538><> was moved to spectate for being AFK too long.
L 05/06/2020 - 17:53:21: [afk_manager4.smx] Player count for AFK Move minimum is below requirements, feature is now disabled: sm_afk_move_min_players = 4 Current Players = 1
L 05/06/2020 - 17:53:21: [afk_manager4.smx] Player count for AFK Kick minimum is below requirements, feature is now disabled: sm_afk_kick_min_players = 6 Current Players = 1
L 05/06/2020 - 17:53:25: [afk_manager4.smx] Player count for AFK Move minimum has been reached, feature is now enabled: sm_afk_move_min_players = 4 Current Players = 4
L 05/06/2020 - 17:53:40: [afk_manager4.smx] Player count for AFK Kick minimum has been reached, feature is now enabled: sm_afk_kick_min_players = 6 Current Players = 6
L 05/06/2020 - 18:13:53: [afk_manager4.smx] Player count for AFK Move minimum is below requirements, feature is now disabled: sm_afk_move_min_players = 4 Current Players = 1
L 05/06/2020 - 18:13:53: [afk_manager4.smx] Player count for AFK Kick minimum is below requirements, feature is now disabled: sm_afk_kick_min_players = 6 Current Players = 1
L 05/06/2020 - 18:13:54: [afk_manager4.smx] Player count for AFK Move minimum has been reached, feature is now enabled: sm_afk_move_min_players = 4 Current Players = 4
L 05/06/2020 - 18:14:02: [afk_manager4.smx] Player count for AFK Kick minimum has been reached, feature is now enabled: sm_afk_kick_min_players = 6 Current Players = 6
L 05/06/2020 - 18:31:19: [afk_manager4.smx] Happy_<280><STEAM_1:0:160691491><> was moved to spectate for being AFK too long.
L 05/06/2020 - 18:33:24: [afk_manager4.smx] Player count for AFK Move minimum is below requirements, feature is now disabled: sm_afk_move_min_players = 4 Current Players = 1
L 05/06/2020 - 18:33:24: [afk_manager4.smx] Player count for AFK Kick minimum is below requirements, feature is now disabled: sm_afk_kick_min_players = 6 Current Players = 1
L 05/06/2020 - 18:33:26: [afk_manager4.smx] Player count for AFK Move minimum has been reached, feature is now enabled: sm_afk_move_min_players = 4 Current Players = 4
L 05/06/2020 - 18:33:27: [afk_manager4.smx] Player count for AFK Kick minimum has been reached, feature is now enabled: sm_afk_kick_min_players = 6 Current Players = 6
L 05/06/2020 - 18:47:15: [afk_manager4.smx] Player count for AFK Kick minimum is below requirements, feature is now disabled: sm_afk_kick_min_players = 6 Current Players = 5
L 05/06/2020 - 18:48:09: [afk_manager4.smx] Player count for AFK Move minimum is below requirements, feature is now disabled: sm_afk_move_min_players = 4 Current Players = 3
L 05/06/2020 - 19:27:27: [afk_manager4.smx] Player count for AFK Move minimum has been reached, feature is now enabled: sm_afk_move_min_players = 4 Current Players = 4
L 05/06/2020 - 19:27:51: [afk_manager4.smx] Player count for AFK Kick minimum has been reached, feature is now enabled: sm_afk_kick_min_players = 6 Current Players = 6
L 05/06/2020 - 19:32:10: [afk_manager4.smx] Mieni ღ<296><STEAM_1:1:186535212><> was moved to spectate for being AFK too long.
L 05/06/2020 - 19:41:50: [afk_manager4.smx] Slayer_Rick<292><STEAM_1:0:142642814><> was moved to spectate for being AFK too long.
L 05/06/2020 - 19:43:42: [afk_manager4.smx] Slayer_Rick<292><STEAM_1:0:142642814><> was kicked for being AFK too long.
L 05/06/2020 - 19:43:44: [afk_manager4.smx] Shirtless Wet Rat<303><STEAM_1:1:96220125><> was moved to spectate for being AFK too long.
L 05/06/2020 - 19:45:16: [afk_manager4.smx] Shirtless Wet Rat<303><STEAM_1:1:96220125><> was kicked for being AFK too long.
L 05/06/2020 - 19:48:09: [afk_manager4.smx] Marmite<308><STEAM_1:0:52290926><> was moved to spectate for being AFK too long.
L 05/06/2020 - 19:58:48: [afk_manager4.smx] Player count for AFK Kick minimum is below requirements, feature is now disabled: sm_afk_kick_min_players = 6 Current Players = 5
L 05/06/2020 - 20:01:00: [afk_manager4.smx] Player count for AFK Kick minimum has been reached, feature is now enabled: sm_afk_kick_min_players = 6 Current Players = 6
L 05/06/2020 - 20:17:53: [afk_manager4.smx] Player count for AFK Move minimum is below requirements, feature is now disabled: sm_afk_move_min_players = 4 Current Players = 1
L 05/06/2020 - 20:17:53: [afk_manager4.smx] Player count for AFK Kick minimum is below requirements, feature is now disabled: sm_afk_kick_min_players = 6 Current Players = 1
L 05/06/2020 - 20:17:54: [afk_manager4.smx] Player count for AFK Move minimum has been reached, feature is now enabled: sm_afk_move_min_players = 4 Current Players = 4
L 05/06/2020 - 20:17:55: [afk_manager4.smx] Player count for AFK Kick minimum has been reached, feature is now enabled: sm_afk_kick_min_players = 6 Current Players = 6
L 05/06/2020 - 20:24:06: [afk_manager4.smx] ★s1oth<320><STEAM_1:0:495224524><> was kicked for being AFK too long.
L 05/06/2020 - 20:39:08: [afk_manager4.smx] -_-<332><STEAM_1:0:462485316><> was moved to spectate for being AFK too long.
L 05/06/2020 - 20:43:17: [afk_manager4.smx] Sr.JumpAlot<338><STEAM_1:1:96764682><> was moved to spectate for being AFK too long.
L 05/06/2020 - 20:49:46: [afk_manager4.smx] Sr.JumpAlot<338><STEAM_1:1:96764682><> was kicked for being AFK too long.
L 05/06/2020 - 20:55:55: [afk_manager4.smx] Player count for AFK Move minimum is below requirements, feature is now disabled: sm_afk_move_min_players = 4 Current Players = 1
L 05/06/2020 - 20:55:55: [afk_manager4.smx] Player count for AFK Kick minimum is below requirements, feature is now disabled: sm_afk_kick_min_players = 6 Current Players = 1
L 05/06/2020 - 20:55:56: [afk_manager4.smx] Player count for AFK Move minimum has been reached, feature is now enabled: sm_afk_move_min_players = 4 Current Players = 4
L 05/06/2020 - 20:55:57: [afk_manager4.smx] Player count for AFK Kick minimum has been reached, feature is now enabled: sm_afk_kick_min_players = 6 Current Players = 6
L 05/06/2020 - 21:15:59: [afk_manager4.smx] Player count for AFK Move minimum is below requirements, feature is now disabled: sm_afk_move_min_players = 4 Current Players = 1
L 05/06/2020 - 21:15:59: [afk_manager4.smx] Player count for AFK Kick minimum is below requirements, feature is now disabled: sm_afk_kick_min_players = 6 Current Players = 1
L 05/06/2020 - 21:16:02: [afk_manager4.smx] Player count for AFK Move minimum has been reached, feature is now enabled: sm_afk_move_min_players = 4 Current Players = 4
L 05/06/2020 - 21:16:06: [afk_manager4.smx] Player count for AFK Kick minimum has been reached, feature is now enabled: sm_afk_kick_min_players = 6 Current Players = 6
L 05/06/2020 - 21:20:44: [afk_manager4.smx] Laz<361><STEAM_1:0:115976303><> was kicked for being AFK too long.
L 05/06/2020 - 21:26:06: [afk_manager4.smx] ✪ dreadey<363><STEAM_1:0:28460801><> was kicked for being AFK too long.
L 05/06/2020 - 21:28:55: [afk_manager4.smx] ✪ dreadey<364><STEAM_1:0:28460801><> was kicked for being AFK too long.
L 05/06/2020 - 21:33:27: [afk_manager4.smx] ✪ dreadey<366><STEAM_1:0:28460801><> was kicked for being AFK too long.
L 05/06/2020 - 21:35:34: [afk_manager4.smx] Player count for AFK Move minimum is below requirements, feature is now disabled: sm_afk_move_min_players = 4 Current Players = 1
L 05/06/2020 - 21:35:34: [afk_manager4.smx] Player count for AFK Kick minimum is below requirements, feature is now disabled: sm_afk_kick_min_players = 6 Current Players = 1
L 05/06/2020 - 21:35:36: [afk_manager4.smx] Player count for AFK Move minimum has been reached, feature is now enabled: sm_afk_move_min_players = 4 Current Players = 4
L 05/06/2020 - 21:35:38: [afk_manager4.smx] Player count for AFK Kick minimum has been reached, feature is now enabled: sm_afk_kick_min_players = 6 Current Players = 6
L 05/06/2020 - 21:53:28: [afk_manager4.smx] Player count for AFK Move minimum is below requirements, feature is now disabled: sm_afk_move_min_players = 4 Current Players = 1
L 05/06/2020 - 21:53:28: [afk_manager4.smx] Player count for AFK Kick minimum is below requirements, feature is now disabled: sm_afk_kick_min_players = 6 Current Players = 1
L 05/06/2020 - 21:53:28: [afk_manager4.smx] Player count for AFK Move minimum has been reached, feature is now enabled: sm_afk_move_min_players = 4 Current Players = 4
L 05/06/2020 - 21:53:30: [afk_manager4.smx] Player count for AFK Kick minimum has been reached, feature is now enabled: sm_afk_kick_min_players = 6 Current Players = 6
L 05/06/2020 - 22:08:39: [afk_manager4.smx] sm0keyyy<381><STEAM_1:1:119774917><> was kicked for being AFK too long.
L 05/06/2020 - 22:11:00: [afk_manager4.smx] Player count for AFK Move minimum is below requirements, feature is now disabled: sm_afk_move_min_players = 4 Current Players = 1
L 05/06/2020 - 22:11:00: [afk_manager4.smx] Player count for AFK Kick minimum is below requirements, feature is now disabled: sm_afk_kick_min_players = 6 Current Players = 1
L 05/06/2020 - 22:11:03: [afk_manager4.smx] Player count for AFK Move minimum has been reached, feature is now enabled: sm_afk_move_min_players = 4 Current Players = 4
L 05/06/2020 - 22:11:03: [afk_manager4.smx] Player count for AFK Kick minimum has been reached, feature is now enabled: sm_afk_kick_min_players = 6 Current Players = 6
L 05/06/2020 - 22:18:10: [afk_manager4.smx] FluXity<385><STEAM_1:0:67568538><> was kicked for being AFK too long.
L 05/06/2020 - 22:18:10: [afk_manager4.smx] edgykid27<386><STEAM_1:1:197039519><> was kicked for being AFK too long.
L 05/06/2020 - 22:27:05: [afk_manager4.smx] TANK<395><STEAM_1:0:182491026><> was kicked for being AFK too long.
L 05/06/2020 - 22:29:19: [afk_manager4.smx] Player count for AFK Move minimum is below requirements, feature is now disabled: sm_afk_move_min_players = 4 Current Players = 1
L 05/06/2020 - 22:29:19: [afk_manager4.smx] Player count for AFK Kick minimum is below requirements, feature is now disabled: sm_afk_kick_min_players = 6 Current Players = 1
L 05/06/2020 - 22:29:20: [afk_manager4.smx] Player count for AFK Move minimum has been reached, feature is now enabled: sm_afk_move_min_players = 4 Current Players = 4
L 05/06/2020 - 22:29:22: [afk_manager4.smx] Player count for AFK Kick minimum has been reached, feature is now enabled: sm_afk_kick_min_players = 6 Current Players = 6
L 05/06/2020 - 22:30:42: [afk_manager4.smx] Toxic<393><STEAM_1:0:463036663><> was moved to spectate for being AFK too long.
L 05/06/2020 - 22:47:40: [afk_manager4.smx] Player count for AFK Move minimum is below requirements, feature is now disabled: sm_afk_move_min_players = 4 Current Players = 1
L 05/06/2020 - 22:47:40: [afk_manager4.smx] Player count for AFK Kick minimum is below requirements, feature is now disabled: sm_afk_kick_min_players = 6 Current Players = 1
L 05/06/2020 - 22:47:42: [afk_manager4.smx] Player count for AFK Move minimum has been reached, feature is now enabled: sm_afk_move_min_players = 4 Current Players = 4
L 05/06/2020 - 22:47:55: [afk_manager4.smx] Player count for AFK Kick minimum has been reached, feature is now enabled: sm_afk_kick_min_players = 6 Current Players = 6
L 05/06/2020 - 22:53:49: [afk_manager4.smx] Player count for AFK Kick minimum is below requirements, feature is now disabled: sm_afk_kick_min_players = 6 Current Players = 5
L 05/06/2020 - 22:56:08: [afk_manager4.smx] Player count for AFK Move minimum is below requirements, feature is now disabled: sm_afk_move_min_players = 4 Current Players = 3
L 05/06/2020 - 23:39:30: [afk_manager4.smx] Player count for AFK Move minimum has been reached, feature is now enabled: sm_afk_move_min_players = 4 Current Players = 4
L 05/06/2020 - 23:46:15: [afk_manager4.smx] Player count for AFK Move minimum is below requirements, feature is now disabled: sm_afk_move_min_players = 4 Current Players = 3
