L 06/14/2020 - 00:13:21: [afk_manager4.smx] Player count for AFK Move minimum is below requirements, feature is now disabled: sm_afk_move_min_players = 4 Current Players = 1
L 06/14/2020 - 00:13:21: [afk_manager4.smx] Player count for AFK Kick minimum is below requirements, feature is now disabled: sm_afk_kick_min_players = 6 Current Players = 1
L 06/14/2020 - 00:13:23: [afk_manager4.smx] Player count for AFK Move minimum has been reached, feature is now enabled: sm_afk_move_min_players = 4 Current Players = 4
L 06/14/2020 - 00:13:27: [afk_manager4.smx] Player count for AFK Kick minimum has been reached, feature is now enabled: sm_afk_kick_min_players = 6 Current Players = 6
L 06/14/2020 - 00:27:02: [afk_manager4.smx] eNdacy ʸᵒᵘᵗᵘᵇᵉ<743><STEAM_1:1:31953861><> was kicked for being AFK too long.
L 06/14/2020 - 00:28:00: [afk_manager4.smx] onyx<745><STEAM_1:0:220210230><> was moved to spectate for being AFK too long.
L 06/14/2020 - 00:28:13: [afk_manager4.smx] Player count for AFK Kick minimum is below requirements, feature is now disabled: sm_afk_kick_min_players = 6 Current Players = 5
L 06/14/2020 - 00:29:39: [afk_manager4.smx] Player count for AFK Move minimum is below requirements, feature is now disabled: sm_afk_move_min_players = 4 Current Players = 3
L 06/14/2020 - 09:33:19: [afk_manager4.smx] Player count for AFK Move minimum has been reached, feature is now enabled: sm_afk_move_min_players = 4 Current Players = 4
L 06/14/2020 - 09:37:42: [afk_manager4.smx] Twizyy⚡LFT<752><STEAM_1:0:221460753><> was moved to spectate for being AFK too long.
L 06/14/2020 - 09:42:16: [afk_manager4.smx] Player count for AFK Kick minimum has been reached, feature is now enabled: sm_afk_kick_min_players = 6 Current Players = 6
L 06/14/2020 - 09:47:34: [afk_manager4.smx] Player count for AFK Move minimum is below requirements, feature is now disabled: sm_afk_move_min_players = 4 Current Players = 1
L 06/14/2020 - 09:47:34: [afk_manager4.smx] Player count for AFK Kick minimum is below requirements, feature is now disabled: sm_afk_kick_min_players = 6 Current Players = 1
L 06/14/2020 - 09:47:39: [afk_manager4.smx] Player count for AFK Move minimum has been reached, feature is now enabled: sm_afk_move_min_players = 4 Current Players = 4
L 06/14/2020 - 09:47:51: [afk_manager4.smx] Player count for AFK Kick minimum has been reached, feature is now enabled: sm_afk_kick_min_players = 6 Current Players = 6
L 06/14/2020 - 09:49:42: [afk_manager4.smx] Xoften.<755><STEAM_1:0:139392181><> was moved to spectate for being AFK too long.
L 06/14/2020 - 09:51:22: [afk_manager4.smx] Xoften.<755><STEAM_1:0:139392181><> was kicked for being AFK too long.
L 06/14/2020 - 09:57:45: [afk_manager4.smx] Twizyy {NEW MOUSE}💯<764><STEAM_1:0:221460753><> was moved to spectate for being AFK too long.
L 06/14/2020 - 10:00:13: [afk_manager4.smx] Xoften.<763><STEAM_1:0:139392181><> was moved to spectate for being AFK too long.
L 06/14/2020 - 10:00:43: [afk_manager4.smx] Player count for AFK Kick minimum is below requirements, feature is now disabled: sm_afk_kick_min_players = 6 Current Players = 5
L 06/14/2020 - 10:07:14: [afk_manager4.smx] Player count for AFK Move minimum is below requirements, feature is now disabled: sm_afk_move_min_players = 4 Current Players = 1
L 06/14/2020 - 10:07:19: [afk_manager4.smx] Player count for AFK Move minimum has been reached, feature is now enabled: sm_afk_move_min_players = 4 Current Players = 4
L 06/14/2020 - 10:09:51: [afk_manager4.smx] Player count for AFK Kick minimum has been reached, feature is now enabled: sm_afk_kick_min_players = 6 Current Players = 6
L 06/14/2020 - 10:10:53: [afk_manager4.smx] Player count for AFK Kick minimum is below requirements, feature is now disabled: sm_afk_kick_min_players = 6 Current Players = 5
L 06/14/2020 - 10:18:41: [afk_manager4.smx] Player count for AFK Kick minimum has been reached, feature is now enabled: sm_afk_kick_min_players = 6 Current Players = 6
L 06/14/2020 - 10:22:53: [afk_manager4.smx] Player count for AFK Kick minimum is below requirements, feature is now disabled: sm_afk_kick_min_players = 6 Current Players = 5
L 06/14/2020 - 10:25:04: [afk_manager4.smx] Player count for AFK Move minimum is below requirements, feature is now disabled: sm_afk_move_min_players = 4 Current Players = 1
L 06/14/2020 - 10:25:07: [afk_manager4.smx] Player count for AFK Move minimum has been reached, feature is now enabled: sm_afk_move_min_players = 4 Current Players = 4
L 06/14/2020 - 10:26:13: [afk_manager4.smx] Player count for AFK Move minimum is below requirements, feature is now disabled: sm_afk_move_min_players = 4 Current Players = 3
L 06/14/2020 - 11:10:45: [afk_manager4.smx] Player count for AFK Move minimum has been reached, feature is now enabled: sm_afk_move_min_players = 4 Current Players = 4
L 06/14/2020 - 11:13:14: [afk_manager4.smx] Player count for AFK Kick minimum has been reached, feature is now enabled: sm_afk_kick_min_players = 6 Current Players = 6
L 06/14/2020 - 11:25:47: [afk_manager4.smx] Player count for AFK Move minimum is below requirements, feature is now disabled: sm_afk_move_min_players = 4 Current Players = 1
L 06/14/2020 - 11:25:47: [afk_manager4.smx] Player count for AFK Kick minimum is below requirements, feature is now disabled: sm_afk_kick_min_players = 6 Current Players = 1
L 06/14/2020 - 11:26:06: [afk_manager4.smx] Player count for AFK Move minimum has been reached, feature is now enabled: sm_afk_move_min_players = 4 Current Players = 4
L 06/14/2020 - 11:26:37: [afk_manager4.smx] Player count for AFK Kick minimum has been reached, feature is now enabled: sm_afk_kick_min_players = 6 Current Players = 6
L 06/14/2020 - 11:42:50: [afk_manager4.smx] Aarav the temple GURU<792><STEAM_1:1:494376588><> was moved to spectate for being AFK too long.
L 06/14/2020 - 11:44:28: [afk_manager4.smx] Aarav the temple GURU<792><STEAM_1:1:494376588><> was kicked for being AFK too long.
L 06/14/2020 - 11:46:58: [afk_manager4.smx] twitch.tv/spongyy23 cs.money<785><STEAM_1:0:196133449><> was moved to spectate for being AFK too long.
L 06/14/2020 - 11:47:55: [afk_manager4.smx] Player count for AFK Move minimum is below requirements, feature is now disabled: sm_afk_move_min_players = 4 Current Players = 1
L 06/14/2020 - 11:47:55: [afk_manager4.smx] Player count for AFK Kick minimum is below requirements, feature is now disabled: sm_afk_kick_min_players = 6 Current Players = 1
L 06/14/2020 - 11:48:17: [afk_manager4.smx] Player count for AFK Move minimum has been reached, feature is now enabled: sm_afk_move_min_players = 4 Current Players = 4
L 06/14/2020 - 11:48:24: [afk_manager4.smx] Player count for AFK Kick minimum has been reached, feature is now enabled: sm_afk_kick_min_players = 6 Current Players = 6
L 06/14/2020 - 11:55:43: [afk_manager4.smx] Player count for AFK Kick minimum is below requirements, feature is now disabled: sm_afk_kick_min_players = 6 Current Players = 5
L 06/14/2020 - 11:56:10: [afk_manager4.smx] Player count for AFK Kick minimum has been reached, feature is now enabled: sm_afk_kick_min_players = 6 Current Players = 6
L 06/14/2020 - 12:05:46: [afk_manager4.smx] Player count for AFK Move minimum is below requirements, feature is now disabled: sm_afk_move_min_players = 4 Current Players = 1
L 06/14/2020 - 12:05:46: [afk_manager4.smx] Player count for AFK Kick minimum is below requirements, feature is now disabled: sm_afk_kick_min_players = 6 Current Players = 1
L 06/14/2020 - 12:05:50: [afk_manager4.smx] Player count for AFK Move minimum has been reached, feature is now enabled: sm_afk_move_min_players = 4 Current Players = 4
L 06/14/2020 - 12:05:52: [afk_manager4.smx] Player count for AFK Kick minimum has been reached, feature is now enabled: sm_afk_kick_min_players = 6 Current Players = 6
L 06/14/2020 - 12:22:36: [afk_manager4.smx] Player count for AFK Move minimum is below requirements, feature is now disabled: sm_afk_move_min_players = 4 Current Players = 1
L 06/14/2020 - 12:22:36: [afk_manager4.smx] Player count for AFK Kick minimum is below requirements, feature is now disabled: sm_afk_kick_min_players = 6 Current Players = 1
L 06/14/2020 - 12:22:39: [afk_manager4.smx] Player count for AFK Move minimum has been reached, feature is now enabled: sm_afk_move_min_players = 4 Current Players = 4
L 06/14/2020 - 12:22:40: [afk_manager4.smx] Player count for AFK Kick minimum has been reached, feature is now enabled: sm_afk_kick_min_players = 6 Current Players = 6
L 06/14/2020 - 12:33:07: [afk_manager4.smx] im2werty4u<821><STEAM_1:1:444405954><> was moved to spectate for being AFK too long.
L 06/14/2020 - 12:34:19: [afk_manager4.smx] Player count for AFK Kick minimum is below requirements, feature is now disabled: sm_afk_kick_min_players = 6 Current Players = 5
L 06/14/2020 - 12:34:54: [afk_manager4.smx] Player count for AFK Kick minimum has been reached, feature is now enabled: sm_afk_kick_min_players = 6 Current Players = 6
L 06/14/2020 - 12:34:57: [afk_manager4.smx] im2werty4u<821><STEAM_1:1:444405954><> was kicked for being AFK too long.
L 06/14/2020 - 12:41:53: [afk_manager4.smx] Player count for AFK Move minimum is below requirements, feature is now disabled: sm_afk_move_min_players = 4 Current Players = 1
L 06/14/2020 - 12:41:53: [afk_manager4.smx] Player count for AFK Kick minimum is below requirements, feature is now disabled: sm_afk_kick_min_players = 6 Current Players = 1
L 06/14/2020 - 12:41:58: [afk_manager4.smx] Player count for AFK Move minimum has been reached, feature is now enabled: sm_afk_move_min_players = 4 Current Players = 4
L 06/14/2020 - 12:41:59: [afk_manager4.smx] Player count for AFK Kick minimum has been reached, feature is now enabled: sm_afk_kick_min_players = 6 Current Players = 6
L 06/14/2020 - 12:59:17: [afk_manager4.smx] Player count for AFK Move minimum is below requirements, feature is now disabled: sm_afk_move_min_players = 4 Current Players = 1
L 06/14/2020 - 12:59:17: [afk_manager4.smx] Player count for AFK Kick minimum is below requirements, feature is now disabled: sm_afk_kick_min_players = 6 Current Players = 1
L 06/14/2020 - 12:59:22: [afk_manager4.smx] Player count for AFK Move minimum has been reached, feature is now enabled: sm_afk_move_min_players = 4 Current Players = 4
L 06/14/2020 - 12:59:23: [afk_manager4.smx] Player count for AFK Kick minimum has been reached, feature is now enabled: sm_afk_kick_min_players = 6 Current Players = 6
L 06/14/2020 - 13:03:20: [afk_manager4.smx] Player count for AFK Move minimum is below requirements, feature is now disabled: sm_afk_move_min_players = 4 Current Players = 1
L 06/14/2020 - 13:03:20: [afk_manager4.smx] Player count for AFK Kick minimum is below requirements, feature is now disabled: sm_afk_kick_min_players = 6 Current Players = 1
L 06/14/2020 - 13:03:22: [afk_manager4.smx] Player count for AFK Move minimum has been reached, feature is now enabled: sm_afk_move_min_players = 4 Current Players = 4
L 06/14/2020 - 13:03:25: [afk_manager4.smx] Player count for AFK Kick minimum has been reached, feature is now enabled: sm_afk_kick_min_players = 6 Current Players = 6
L 06/14/2020 - 13:06:47: [afk_manager4.smx] [TFA] Raymand<851><STEAM_1:1:484043477><> was kicked for being AFK too long.
L 06/14/2020 - 13:15:48: [afk_manager4.smx] Player count for AFK Kick minimum is below requirements, feature is now disabled: sm_afk_kick_min_players = 6 Current Players = 5
L 06/14/2020 - 13:19:13: [afk_manager4.smx] Player count for AFK Kick minimum has been reached, feature is now enabled: sm_afk_kick_min_players = 6 Current Players = 6
L 06/14/2020 - 13:23:34: [afk_manager4.smx] Player count for AFK Move minimum is below requirements, feature is now disabled: sm_afk_move_min_players = 4 Current Players = 1
L 06/14/2020 - 13:23:34: [afk_manager4.smx] Player count for AFK Kick minimum is below requirements, feature is now disabled: sm_afk_kick_min_players = 6 Current Players = 1
L 06/14/2020 - 13:23:37: [afk_manager4.smx] Player count for AFK Move minimum has been reached, feature is now enabled: sm_afk_move_min_players = 4 Current Players = 4
L 06/14/2020 - 13:23:39: [afk_manager4.smx] Player count for AFK Kick minimum has been reached, feature is now enabled: sm_afk_kick_min_players = 6 Current Players = 6
L 06/14/2020 - 13:41:54: [afk_manager4.smx] Player count for AFK Move minimum is below requirements, feature is now disabled: sm_afk_move_min_players = 4 Current Players = 1
L 06/14/2020 - 13:41:54: [afk_manager4.smx] Player count for AFK Kick minimum is below requirements, feature is now disabled: sm_afk_kick_min_players = 6 Current Players = 1
L 06/14/2020 - 13:41:57: [afk_manager4.smx] Player count for AFK Move minimum has been reached, feature is now enabled: sm_afk_move_min_players = 4 Current Players = 4
L 06/14/2020 - 13:41:59: [afk_manager4.smx] Player count for AFK Kick minimum has been reached, feature is now enabled: sm_afk_kick_min_players = 6 Current Players = 6
L 06/14/2020 - 13:58:41: [afk_manager4.smx] Player count for AFK Move minimum is below requirements, feature is now disabled: sm_afk_move_min_players = 4 Current Players = 1
L 06/14/2020 - 13:58:41: [afk_manager4.smx] Player count for AFK Kick minimum is below requirements, feature is now disabled: sm_afk_kick_min_players = 6 Current Players = 1
L 06/14/2020 - 13:58:44: [afk_manager4.smx] Player count for AFK Move minimum has been reached, feature is now enabled: sm_afk_move_min_players = 4 Current Players = 4
L 06/14/2020 - 13:59:03: [afk_manager4.smx] Player count for AFK Kick minimum has been reached, feature is now enabled: sm_afk_kick_min_players = 6 Current Players = 6
L 06/14/2020 - 14:17:48: [afk_manager4.smx] Player count for AFK Move minimum is below requirements, feature is now disabled: sm_afk_move_min_players = 4 Current Players = 1
L 06/14/2020 - 14:17:48: [afk_manager4.smx] Player count for AFK Kick minimum is below requirements, feature is now disabled: sm_afk_kick_min_players = 6 Current Players = 1
L 06/14/2020 - 14:17:51: [afk_manager4.smx] Player count for AFK Move minimum has been reached, feature is now enabled: sm_afk_move_min_players = 4 Current Players = 4
L 06/14/2020 - 14:17:58: [afk_manager4.smx] Player count for AFK Kick minimum has been reached, feature is now enabled: sm_afk_kick_min_players = 6 Current Players = 6
L 06/14/2020 - 14:28:49: [afk_manager4.smx] blazed<887><STEAM_1:1:87822050><> was moved to spectate for being AFK too long.
L 06/14/2020 - 14:32:42: [afk_manager4.smx] blazed<887><STEAM_1:1:87822050><> was moved to spectate for being AFK too long.
L 06/14/2020 - 14:36:04: [afk_manager4.smx] Player count for AFK Kick minimum is below requirements, feature is now disabled: sm_afk_kick_min_players = 6 Current Players = 5
L 06/14/2020 - 14:36:41: [afk_manager4.smx] Player count for AFK Move minimum is below requirements, feature is now disabled: sm_afk_move_min_players = 4 Current Players = 1
L 06/14/2020 - 14:40:44: [afk_manager4.smx] Player count for AFK Move minimum has been reached, feature is now enabled: sm_afk_move_min_players = 4 Current Players = 4
L 06/14/2020 - 14:41:40: [afk_manager4.smx] dam0n<879><STEAM_1:1:100069514><> was moved to spectate for being AFK too long.
L 06/14/2020 - 14:43:41: [afk_manager4.smx] Player count for AFK Kick minimum has been reached, feature is now enabled: sm_afk_kick_min_players = 6 Current Players = 6
L 06/14/2020 - 14:45:46: [afk_manager4.smx] blazed<894><STEAM_1:1:87822050><> was moved to spectate for being AFK too long.
L 06/14/2020 - 14:46:38: [afk_manager4.smx] blazed<894><STEAM_1:1:87822050><> was moved to spectate for being AFK too long.
L 06/14/2020 - 14:48:42: [afk_manager4.smx] dam0n<879><STEAM_1:1:100069514><> was moved to spectate for being AFK too long.
L 06/14/2020 - 14:49:16: [afk_manager4.smx] Fireblade81<893><STEAM_1:0:36961542><> was moved to spectate for being AFK too long.
L 06/14/2020 - 14:50:34: [afk_manager4.smx] dam0n<879><STEAM_1:1:100069514><> was kicked for being AFK too long.
L 06/14/2020 - 14:54:07: [afk_manager4.smx] blazed<894><STEAM_1:1:87822050><> was moved to spectate for being AFK too long.
L 06/14/2020 - 14:55:10: [afk_manager4.smx] Player count for AFK Move minimum is below requirements, feature is now disabled: sm_afk_move_min_players = 4 Current Players = 1
L 06/14/2020 - 14:55:10: [afk_manager4.smx] Player count for AFK Kick minimum is below requirements, feature is now disabled: sm_afk_kick_min_players = 6 Current Players = 1
L 06/14/2020 - 14:55:17: [afk_manager4.smx] Player count for AFK Move minimum has been reached, feature is now enabled: sm_afk_move_min_players = 4 Current Players = 4
L 06/14/2020 - 14:55:23: [afk_manager4.smx] Player count for AFK Kick minimum has been reached, feature is now enabled: sm_afk_kick_min_players = 6 Current Players = 6
L 06/14/2020 - 15:12:48: [afk_manager4.smx] Player count for AFK Move minimum is below requirements, feature is now disabled: sm_afk_move_min_players = 4 Current Players = 1
L 06/14/2020 - 15:12:48: [afk_manager4.smx] Player count for AFK Kick minimum is below requirements, feature is now disabled: sm_afk_kick_min_players = 6 Current Players = 1
L 06/14/2020 - 15:12:57: [afk_manager4.smx] Player count for AFK Move minimum has been reached, feature is now enabled: sm_afk_move_min_players = 4 Current Players = 4
L 06/14/2020 - 15:13:06: [afk_manager4.smx] Player count for AFK Kick minimum has been reached, feature is now enabled: sm_afk_kick_min_players = 6 Current Players = 6
L 06/14/2020 - 15:33:19: [afk_manager4.smx] Player count for AFK Move minimum is below requirements, feature is now disabled: sm_afk_move_min_players = 4 Current Players = 1
L 06/14/2020 - 15:33:19: [afk_manager4.smx] Player count for AFK Kick minimum is below requirements, feature is now disabled: sm_afk_kick_min_players = 6 Current Players = 1
L 06/14/2020 - 15:33:29: [afk_manager4.smx] Player count for AFK Move minimum has been reached, feature is now enabled: sm_afk_move_min_players = 4 Current Players = 4
L 06/14/2020 - 15:38:39: [afk_manager4.smx] Player count for AFK Move minimum is below requirements, feature is now disabled: sm_afk_move_min_players = 4 Current Players = 3
L 06/14/2020 - 15:39:39: [afk_manager4.smx] Player count for AFK Move minimum has been reached, feature is now enabled: sm_afk_move_min_players = 4 Current Players = 4
L 06/14/2020 - 15:42:30: [afk_manager4.smx] Player count for AFK Kick minimum has been reached, feature is now enabled: sm_afk_kick_min_players = 6 Current Players = 6
L 06/14/2020 - 15:53:28: [afk_manager4.smx] Player count for AFK Move minimum is below requirements, feature is now disabled: sm_afk_move_min_players = 4 Current Players = 1
L 06/14/2020 - 15:53:28: [afk_manager4.smx] Player count for AFK Kick minimum is below requirements, feature is now disabled: sm_afk_kick_min_players = 6 Current Players = 1
L 06/14/2020 - 15:53:37: [afk_manager4.smx] Player count for AFK Move minimum has been reached, feature is now enabled: sm_afk_move_min_players = 4 Current Players = 4
L 06/14/2020 - 15:53:53: [afk_manager4.smx] Player count for AFK Kick minimum has been reached, feature is now enabled: sm_afk_kick_min_players = 6 Current Players = 6
L 06/14/2020 - 16:12:27: [afk_manager4.smx] -ANIME-Tedd¥<927><STEAM_1:0:210656633><> was moved to spectate for being AFK too long.
L 06/14/2020 - 16:13:43: [afk_manager4.smx] Player count for AFK Move minimum is below requirements, feature is now disabled: sm_afk_move_min_players = 4 Current Players = 1
L 06/14/2020 - 16:13:43: [afk_manager4.smx] Player count for AFK Kick minimum is below requirements, feature is now disabled: sm_afk_kick_min_players = 6 Current Players = 1
L 06/14/2020 - 16:13:48: [afk_manager4.smx] Player count for AFK Move minimum has been reached, feature is now enabled: sm_afk_move_min_players = 4 Current Players = 4
L 06/14/2020 - 16:13:57: [afk_manager4.smx] Player count for AFK Kick minimum has been reached, feature is now enabled: sm_afk_kick_min_players = 6 Current Players = 6
L 06/14/2020 - 16:28:10: [afk_manager4.smx] PotatoPigeon | hellcase.com<914><STEAM_1:1:418414047><> was moved to spectate for being AFK too long.
L 06/14/2020 - 16:31:13: [afk_manager4.smx] az3ke0<906><STEAM_1:0:46334430><> was moved to spectate for being AFK too long.
L 06/14/2020 - 16:32:32: [afk_manager4.smx] Liam Nissan<925><STEAM_1:1:128886257><> was moved to spectate for being AFK too long.
L 06/14/2020 - 16:33:38: [afk_manager4.smx] Player count for AFK Move minimum is below requirements, feature is now disabled: sm_afk_move_min_players = 4 Current Players = 1
L 06/14/2020 - 16:33:38: [afk_manager4.smx] Player count for AFK Kick minimum is below requirements, feature is now disabled: sm_afk_kick_min_players = 6 Current Players = 1
L 06/14/2020 - 16:33:56: [afk_manager4.smx] Player count for AFK Move minimum has been reached, feature is now enabled: sm_afk_move_min_players = 4 Current Players = 4
L 06/14/2020 - 16:35:33: [afk_manager4.smx] Player count for AFK Kick minimum has been reached, feature is now enabled: sm_afk_kick_min_players = 6 Current Players = 6
L 06/14/2020 - 16:44:48: [afk_manager4.smx] Жумайсымба<935><STEAM_1:1:101165847><> was moved to spectate for being AFK too long.
L 06/14/2020 - 16:49:47: [afk_manager4.smx] Player count for AFK Kick minimum is below requirements, feature is now disabled: sm_afk_kick_min_players = 6 Current Players = 5
L 06/14/2020 - 16:50:38: [afk_manager4.smx] Player count for AFK Kick minimum has been reached, feature is now enabled: sm_afk_kick_min_players = 6 Current Players = 6
L 06/14/2020 - 16:52:01: [afk_manager4.smx] Player count for AFK Move minimum is below requirements, feature is now disabled: sm_afk_move_min_players = 4 Current Players = 1
L 06/14/2020 - 16:52:01: [afk_manager4.smx] Player count for AFK Kick minimum is below requirements, feature is now disabled: sm_afk_kick_min_players = 6 Current Players = 1
L 06/14/2020 - 16:52:09: [afk_manager4.smx] Player count for AFK Move minimum has been reached, feature is now enabled: sm_afk_move_min_players = 4 Current Players = 4
L 06/14/2020 - 16:52:11: [afk_manager4.smx] Player count for AFK Kick minimum has been reached, feature is now enabled: sm_afk_kick_min_players = 6 Current Players = 6
L 06/14/2020 - 17:09:15: [afk_manager4.smx] Player count for AFK Move minimum is below requirements, feature is now disabled: sm_afk_move_min_players = 4 Current Players = 1
L 06/14/2020 - 17:09:15: [afk_manager4.smx] Player count for AFK Kick minimum is below requirements, feature is now disabled: sm_afk_kick_min_players = 6 Current Players = 1
L 06/14/2020 - 17:09:23: [afk_manager4.smx] Player count for AFK Move minimum has been reached, feature is now enabled: sm_afk_move_min_players = 4 Current Players = 4
L 06/14/2020 - 17:09:30: [afk_manager4.smx] Player count for AFK Kick minimum has been reached, feature is now enabled: sm_afk_kick_min_players = 6 Current Players = 6
L 06/14/2020 - 17:23:31: [afk_manager4.smx] Wolfie<961><STEAM_1:0:209596727><> was moved to spectate for being AFK too long.
L 06/14/2020 - 17:24:39: [afk_manager4.smx] Wolfie<961><STEAM_1:0:209596727><> was kicked for being AFK too long.
L 06/14/2020 - 17:26:10: [afk_manager4.smx] Wolfie<963><STEAM_1:0:209596727><> was moved to spectate for being AFK too long.
L 06/14/2020 - 17:26:14: [afk_manager4.smx] SovietBappo<944><STEAM_1:0:512835066><> was moved to spectate for being AFK too long.
L 06/14/2020 - 17:28:06: [afk_manager4.smx] SovietBappo<944><STEAM_1:0:512835066><> was kicked for being AFK too long.
L 06/14/2020 - 17:29:37: [afk_manager4.smx] Player count for AFK Move minimum is below requirements, feature is now disabled: sm_afk_move_min_players = 4 Current Players = 1
L 06/14/2020 - 17:29:37: [afk_manager4.smx] Player count for AFK Kick minimum is below requirements, feature is now disabled: sm_afk_kick_min_players = 6 Current Players = 1
L 06/14/2020 - 17:29:39: [afk_manager4.smx] Player count for AFK Move minimum has been reached, feature is now enabled: sm_afk_move_min_players = 4 Current Players = 4
L 06/14/2020 - 17:29:45: [afk_manager4.smx] Player count for AFK Kick minimum has been reached, feature is now enabled: sm_afk_kick_min_players = 6 Current Players = 6
L 06/14/2020 - 17:48:00: [afk_manager4.smx] Player count for AFK Move minimum is below requirements, feature is now disabled: sm_afk_move_min_players = 4 Current Players = 1
L 06/14/2020 - 17:48:00: [afk_manager4.smx] Player count for AFK Kick minimum is below requirements, feature is now disabled: sm_afk_kick_min_players = 6 Current Players = 1
L 06/14/2020 - 17:48:05: [afk_manager4.smx] Player count for AFK Move minimum has been reached, feature is now enabled: sm_afk_move_min_players = 4 Current Players = 4
L 06/14/2020 - 17:48:06: [afk_manager4.smx] Player count for AFK Kick minimum has been reached, feature is now enabled: sm_afk_kick_min_players = 6 Current Players = 6
L 06/14/2020 - 17:49:09: [afk_manager4.smx] explicit.<966><STEAM_1:1:531172560><> was moved to spectate for being AFK too long.
L 06/14/2020 - 17:49:15: [afk_manager4.smx] Tuinboy<967><STEAM_1:1:543521895><> was moved to spectate for being AFK too long.
L 06/14/2020 - 17:50:13: [afk_manager4.smx] explicit.<966><STEAM_1:1:531172560><> was kicked for being AFK too long.
L 06/14/2020 - 17:51:05: [afk_manager4.smx] Tuinboy<967><STEAM_1:1:543521895><> was kicked for being AFK too long.
L 06/14/2020 - 18:02:02: [afk_manager4.smx] Fireblade81<984><STEAM_1:0:36961542><> was kicked for being AFK too long.
L 06/14/2020 - 18:11:08: [afk_manager4.smx] Player count for AFK Move minimum is below requirements, feature is now disabled: sm_afk_move_min_players = 4 Current Players = 1
L 06/14/2020 - 18:11:08: [afk_manager4.smx] Player count for AFK Kick minimum is below requirements, feature is now disabled: sm_afk_kick_min_players = 6 Current Players = 1
L 06/14/2020 - 18:11:11: [afk_manager4.smx] Player count for AFK Move minimum has been reached, feature is now enabled: sm_afk_move_min_players = 4 Current Players = 4
L 06/14/2020 - 18:11:12: [afk_manager4.smx] Player count for AFK Kick minimum has been reached, feature is now enabled: sm_afk_kick_min_players = 6 Current Players = 6
L 06/14/2020 - 18:29:24: [afk_manager4.smx] Player count for AFK Move minimum is below requirements, feature is now disabled: sm_afk_move_min_players = 4 Current Players = 1
L 06/14/2020 - 18:29:24: [afk_manager4.smx] Player count for AFK Kick minimum is below requirements, feature is now disabled: sm_afk_kick_min_players = 6 Current Players = 1
L 06/14/2020 - 18:29:25: [afk_manager4.smx] Player count for AFK Move minimum has been reached, feature is now enabled: sm_afk_move_min_players = 4 Current Players = 4
L 06/14/2020 - 18:29:30: [afk_manager4.smx] Player count for AFK Kick minimum has been reached, feature is now enabled: sm_afk_kick_min_players = 6 Current Players = 6
L 06/14/2020 - 18:36:34: [afk_manager4.smx] ayy MAMI シ<1006><STEAM_1:1:419417887><> was kicked for being AFK too long.
L 06/14/2020 - 18:40:57: [afk_manager4.smx] blue<1019><STEAM_1:0:155392032><> was moved to spectate for being AFK too long.
L 06/14/2020 - 18:45:29: [afk_manager4.smx] ayy MAMI シ<1020><STEAM_1:1:419417887><> was kicked for being AFK too long.
L 06/14/2020 - 18:49:03: [afk_manager4.smx] Player count for AFK Move minimum is below requirements, feature is now disabled: sm_afk_move_min_players = 4 Current Players = 1
L 06/14/2020 - 18:49:03: [afk_manager4.smx] Player count for AFK Kick minimum is below requirements, feature is now disabled: sm_afk_kick_min_players = 6 Current Players = 1
L 06/14/2020 - 18:49:13: [afk_manager4.smx] Player count for AFK Move minimum has been reached, feature is now enabled: sm_afk_move_min_players = 4 Current Players = 4
L 06/14/2020 - 18:49:13: [afk_manager4.smx] Player count for AFK Kick minimum has been reached, feature is now enabled: sm_afk_kick_min_players = 6 Current Players = 6
L 06/14/2020 - 18:57:54: [afk_manager4.smx] ayy MAMI シ<1028><STEAM_1:1:419417887><> was moved to spectate for being AFK too long.
L 06/14/2020 - 19:09:23: [afk_manager4.smx] Player count for AFK Move minimum is below requirements, feature is now disabled: sm_afk_move_min_players = 4 Current Players = 1
L 06/14/2020 - 19:09:23: [afk_manager4.smx] Player count for AFK Kick minimum is below requirements, feature is now disabled: sm_afk_kick_min_players = 6 Current Players = 1
L 06/14/2020 - 19:09:27: [afk_manager4.smx] Player count for AFK Move minimum has been reached, feature is now enabled: sm_afk_move_min_players = 4 Current Players = 4
L 06/14/2020 - 19:09:29: [afk_manager4.smx] Player count for AFK Kick minimum has been reached, feature is now enabled: sm_afk_kick_min_players = 6 Current Players = 6
L 06/14/2020 - 19:23:44: [afk_manager4.smx] Pixel<1048><STEAM_1:1:222687220><> was moved to spectate for being AFK too long.
L 06/14/2020 - 19:24:41: [afk_manager4.smx] skrrt☁<1042><STEAM_1:0:509525340><> was moved to spectate for being AFK too long.
L 06/14/2020 - 19:26:55: [afk_manager4.smx] Player count for AFK Move minimum is below requirements, feature is now disabled: sm_afk_move_min_players = 4 Current Players = 1
L 06/14/2020 - 19:26:55: [afk_manager4.smx] Player count for AFK Kick minimum is below requirements, feature is now disabled: sm_afk_kick_min_players = 6 Current Players = 1
L 06/14/2020 - 19:26:59: [afk_manager4.smx] Player count for AFK Move minimum has been reached, feature is now enabled: sm_afk_move_min_players = 4 Current Players = 4
L 06/14/2020 - 19:27:01: [afk_manager4.smx] Player count for AFK Kick minimum has been reached, feature is now enabled: sm_afk_kick_min_players = 6 Current Players = 6
L 06/14/2020 - 19:45:25: [afk_manager4.smx] Player count for AFK Move minimum is below requirements, feature is now disabled: sm_afk_move_min_players = 4 Current Players = 1
L 06/14/2020 - 19:45:25: [afk_manager4.smx] Player count for AFK Kick minimum is below requirements, feature is now disabled: sm_afk_kick_min_players = 6 Current Players = 1
L 06/14/2020 - 19:45:26: [afk_manager4.smx] Player count for AFK Move minimum has been reached, feature is now enabled: sm_afk_move_min_players = 4 Current Players = 4
L 06/14/2020 - 19:45:28: [afk_manager4.smx] Player count for AFK Kick minimum has been reached, feature is now enabled: sm_afk_kick_min_players = 6 Current Players = 6
L 06/14/2020 - 19:55:44: [afk_manager4.smx] ✪ própléx<1057><STEAM_1:1:454711259><> was moved to spectate for being AFK too long.
L 06/14/2020 - 19:55:44: [afk_manager4.smx] MonkeH<1059><STEAM_1:0:72853995><> was moved to spectate for being AFK too long.
L 06/14/2020 - 19:56:04: [afk_manager4.smx] Player count for AFK Kick minimum is below requirements, feature is now disabled: sm_afk_kick_min_players = 6 Current Players = 5
L 06/14/2020 - 19:56:04: [afk_manager4.smx] Player count for AFK Move minimum is below requirements, feature is now disabled: sm_afk_move_min_players = 4 Current Players = 3
L 06/14/2020 - 19:57:30: [afk_manager4.smx] Player count for AFK Move minimum has been reached, feature is now enabled: sm_afk_move_min_players = 4 Current Players = 4
L 06/14/2020 - 19:58:20: [afk_manager4.smx] Player count for AFK Kick minimum has been reached, feature is now enabled: sm_afk_kick_min_players = 6 Current Players = 6
L 06/14/2020 - 20:02:38: [afk_manager4.smx] Player count for AFK Move minimum is below requirements, feature is now disabled: sm_afk_move_min_players = 4 Current Players = 1
L 06/14/2020 - 20:02:38: [afk_manager4.smx] Player count for AFK Kick minimum is below requirements, feature is now disabled: sm_afk_kick_min_players = 6 Current Players = 1
L 06/14/2020 - 20:02:42: [afk_manager4.smx] Player count for AFK Move minimum has been reached, feature is now enabled: sm_afk_move_min_players = 4 Current Players = 4
L 06/14/2020 - 20:02:43: [afk_manager4.smx] Player count for AFK Kick minimum has been reached, feature is now enabled: sm_afk_kick_min_players = 6 Current Players = 6
L 06/14/2020 - 20:16:35: [afk_manager4.smx] Cooper<1080><STEAM_1:1:81343659><> was kicked for being AFK too long.
L 06/14/2020 - 20:22:41: [afk_manager4.smx] Player count for AFK Move minimum is below requirements, feature is now disabled: sm_afk_move_min_players = 4 Current Players = 0
L 06/14/2020 - 20:22:41: [afk_manager4.smx] Player count for AFK Kick minimum is below requirements, feature is now disabled: sm_afk_kick_min_players = 6 Current Players = 0
L 06/14/2020 - 20:22:49: [afk_manager4.smx] Player count for AFK Move minimum has been reached, feature is now enabled: sm_afk_move_min_players = 4 Current Players = 4
L 06/14/2020 - 20:22:52: [afk_manager4.smx] Player count for AFK Kick minimum has been reached, feature is now enabled: sm_afk_kick_min_players = 6 Current Players = 6
L 06/14/2020 - 20:24:52: [afk_manager4.smx] physix<1061><STEAM_1:1:181725576><> was moved to spectate for being AFK too long.
L 06/14/2020 - 20:26:00: [afk_manager4.smx] physix<1061><STEAM_1:1:181725576><> was kicked for being AFK too long.
L 06/14/2020 - 20:41:13: [afk_manager4.smx] Player count for AFK Move minimum is below requirements, feature is now disabled: sm_afk_move_min_players = 4 Current Players = 1
L 06/14/2020 - 20:41:13: [afk_manager4.smx] Player count for AFK Kick minimum is below requirements, feature is now disabled: sm_afk_kick_min_players = 6 Current Players = 1
L 06/14/2020 - 20:41:14: [afk_manager4.smx] Player count for AFK Move minimum has been reached, feature is now enabled: sm_afk_move_min_players = 4 Current Players = 4
L 06/14/2020 - 20:41:20: [afk_manager4.smx] Player count for AFK Kick minimum has been reached, feature is now enabled: sm_afk_kick_min_players = 6 Current Players = 6
L 06/14/2020 - 21:20:37: [afk_manager4.smx] Player count for AFK Move minimum is below requirements, feature is now disabled: sm_afk_move_min_players = 4 Current Players = 1
L 06/14/2020 - 21:20:37: [afk_manager4.smx] Player count for AFK Kick minimum is below requirements, feature is now disabled: sm_afk_kick_min_players = 6 Current Players = 1
L 06/14/2020 - 21:20:38: [afk_manager4.smx] Player count for AFK Move minimum has been reached, feature is now enabled: sm_afk_move_min_players = 4 Current Players = 4
L 06/14/2020 - 21:20:39: [afk_manager4.smx] Player count for AFK Kick minimum has been reached, feature is now enabled: sm_afk_kick_min_players = 6 Current Players = 6
L 06/14/2020 - 21:42:16: [afk_manager4.smx] Player count for AFK Move minimum is below requirements, feature is now disabled: sm_afk_move_min_players = 4 Current Players = 1
L 06/14/2020 - 21:42:16: [afk_manager4.smx] Player count for AFK Kick minimum is below requirements, feature is now disabled: sm_afk_kick_min_players = 6 Current Players = 1
L 06/14/2020 - 21:42:18: [afk_manager4.smx] Player count for AFK Move minimum has been reached, feature is now enabled: sm_afk_move_min_players = 4 Current Players = 4
L 06/14/2020 - 21:42:25: [afk_manager4.smx] Player count for AFK Kick minimum has been reached, feature is now enabled: sm_afk_kick_min_players = 6 Current Players = 6
L 06/14/2020 - 21:58:27: [afk_manager4.smx] J&B*<1134><STEAM_1:0:51308919><> was moved to spectate for being AFK too long.
L 06/14/2020 - 22:00:55: [afk_manager4.smx] Player count for AFK Move minimum is below requirements, feature is now disabled: sm_afk_move_min_players = 4 Current Players = 1
L 06/14/2020 - 22:00:55: [afk_manager4.smx] Player count for AFK Kick minimum is below requirements, feature is now disabled: sm_afk_kick_min_players = 6 Current Players = 1
L 06/14/2020 - 22:00:58: [afk_manager4.smx] Player count for AFK Move minimum has been reached, feature is now enabled: sm_afk_move_min_players = 4 Current Players = 4
L 06/14/2020 - 22:01:04: [afk_manager4.smx] Player count for AFK Kick minimum has been reached, feature is now enabled: sm_afk_kick_min_players = 6 Current Players = 6
L 06/14/2020 - 22:01:39: [afk_manager4.smx] Player count for AFK Kick minimum is below requirements, feature is now disabled: sm_afk_kick_min_players = 6 Current Players = 5
L 06/14/2020 - 22:01:46: [afk_manager4.smx] Player count for AFK Kick minimum has been reached, feature is now enabled: sm_afk_kick_min_players = 6 Current Players = 6
L 06/14/2020 - 22:04:43: [afk_manager4.smx] av<1137><STEAM_1:0:106764165><> was moved to spectate for being AFK too long.
L 06/14/2020 - 22:05:14: [afk_manager4.smx] Player count for AFK Kick minimum is below requirements, feature is now disabled: sm_afk_kick_min_players = 6 Current Players = 5
L 06/14/2020 - 22:05:43: [afk_manager4.smx] Player count for AFK Kick minimum has been reached, feature is now enabled: sm_afk_kick_min_players = 6 Current Players = 6
L 06/14/2020 - 22:21:02: [afk_manager4.smx] ✪ própléx<1139><STEAM_1:1:454711259><> was moved to spectate for being AFK too long.
L 06/14/2020 - 22:21:55: [afk_manager4.smx] Player count for AFK Move minimum is below requirements, feature is now disabled: sm_afk_move_min_players = 4 Current Players = 1
L 06/14/2020 - 22:21:55: [afk_manager4.smx] Player count for AFK Kick minimum is below requirements, feature is now disabled: sm_afk_kick_min_players = 6 Current Players = 1
L 06/14/2020 - 22:21:57: [afk_manager4.smx] Player count for AFK Move minimum has been reached, feature is now enabled: sm_afk_move_min_players = 4 Current Players = 4
L 06/14/2020 - 22:21:58: [afk_manager4.smx] Player count for AFK Kick minimum has been reached, feature is now enabled: sm_afk_kick_min_players = 6 Current Players = 6
L 06/14/2020 - 22:24:05: [afk_manager4.smx] ✪ própléx<1139><STEAM_1:1:454711259><> was kicked for being AFK too long.
L 06/14/2020 - 22:31:53: [afk_manager4.smx] av<1150><STEAM_1:0:106764165><> was moved to spectate for being AFK too long.
L 06/14/2020 - 22:39:43: [afk_manager4.smx] Player count for AFK Move minimum is below requirements, feature is now disabled: sm_afk_move_min_players = 4 Current Players = 1
L 06/14/2020 - 22:39:43: [afk_manager4.smx] Player count for AFK Kick minimum is below requirements, feature is now disabled: sm_afk_kick_min_players = 6 Current Players = 1
L 06/14/2020 - 22:39:49: [afk_manager4.smx] Player count for AFK Move minimum has been reached, feature is now enabled: sm_afk_move_min_players = 4 Current Players = 4
L 06/14/2020 - 22:39:52: [afk_manager4.smx] Player count for AFK Kick minimum has been reached, feature is now enabled: sm_afk_kick_min_players = 6 Current Players = 6
L 06/14/2020 - 22:48:28: [afk_manager4.smx] physix<1175><STEAM_1:1:181725576><> was moved to spectate for being AFK too long.
L 06/14/2020 - 23:02:23: [afk_manager4.smx] Player count for AFK Move minimum is below requirements, feature is now disabled: sm_afk_move_min_players = 4 Current Players = 1
L 06/14/2020 - 23:02:23: [afk_manager4.smx] Player count for AFK Kick minimum is below requirements, feature is now disabled: sm_afk_kick_min_players = 6 Current Players = 1
L 06/14/2020 - 23:02:25: [afk_manager4.smx] Player count for AFK Move minimum has been reached, feature is now enabled: sm_afk_move_min_players = 4 Current Players = 4
L 06/14/2020 - 23:02:28: [afk_manager4.smx] Player count for AFK Kick minimum has been reached, feature is now enabled: sm_afk_kick_min_players = 6 Current Players = 6
L 06/14/2020 - 23:06:26: [afk_manager4.smx] ✪Daddy<1173><STEAM_1:1:204596262><> was moved to spectate for being AFK too long.
L 06/14/2020 - 23:15:27: [afk_manager4.smx] Player count for AFK Move minimum is below requirements, feature is now disabled: sm_afk_move_min_players = 4 Current Players = 1
L 06/14/2020 - 23:15:27: [afk_manager4.smx] Player count for AFK Kick minimum is below requirements, feature is now disabled: sm_afk_kick_min_players = 6 Current Players = 1
L 06/14/2020 - 23:15:29: [afk_manager4.smx] Player count for AFK Move minimum has been reached, feature is now enabled: sm_afk_move_min_players = 4 Current Players = 4
L 06/14/2020 - 23:15:31: [afk_manager4.smx] Player count for AFK Kick minimum has been reached, feature is now enabled: sm_afk_kick_min_players = 6 Current Players = 6
L 06/14/2020 - 23:15:35: [afk_manager4.smx] Player count for AFK Kick minimum is below requirements, feature is now disabled: sm_afk_kick_min_players = 6 Current Players = 5
L 06/14/2020 - 23:15:39: [afk_manager4.smx] Player count for AFK Kick minimum has been reached, feature is now enabled: sm_afk_kick_min_players = 6 Current Players = 6
L 06/14/2020 - 23:37:13: [afk_manager4.smx] Player count for AFK Move minimum is below requirements, feature is now disabled: sm_afk_move_min_players = 4 Current Players = 1
L 06/14/2020 - 23:37:13: [afk_manager4.smx] Player count for AFK Kick minimum is below requirements, feature is now disabled: sm_afk_kick_min_players = 6 Current Players = 1
L 06/14/2020 - 23:37:17: [afk_manager4.smx] Player count for AFK Move minimum has been reached, feature is now enabled: sm_afk_move_min_players = 4 Current Players = 4
L 06/14/2020 - 23:37:19: [afk_manager4.smx] Player count for AFK Kick minimum has been reached, feature is now enabled: sm_afk_kick_min_players = 6 Current Players = 6
L 06/14/2020 - 23:41:29: [afk_manager4.smx] Nax<1193><STEAM_1:0:207997071><> was kicked for being AFK too long.
L 06/14/2020 - 23:56:27: [afk_manager4.smx] Player count for AFK Move minimum is below requirements, feature is now disabled: sm_afk_move_min_players = 4 Current Players = 1
L 06/14/2020 - 23:56:27: [afk_manager4.smx] Player count for AFK Kick minimum is below requirements, feature is now disabled: sm_afk_kick_min_players = 6 Current Players = 1
L 06/14/2020 - 23:56:39: [afk_manager4.smx] Player count for AFK Move minimum has been reached, feature is now enabled: sm_afk_move_min_players = 4 Current Players = 4
L 06/14/2020 - 23:56:51: [afk_manager4.smx] Player count for AFK Kick minimum has been reached, feature is now enabled: sm_afk_kick_min_players = 6 Current Players = 6
L 06/15/2020 - 00:02:32: [afk_manager4.smx] Carla ♥<1201><STEAM_1:1:147418842><> was moved to spectate for being AFK too long.
