L 07/30/2020 - 10:19:24: [afk_manager4.smx] Player count for AFK Move minimum has been reached, feature is now enabled: sm_afk_move_min_players = 4 Current Players = 4
L 07/30/2020 - 10:20:12: [afk_manager4.smx] Shadow<2><STEAM_1:0:528828011><> was moved to spectate for being AFK too long.
L 07/30/2020 - 10:20:30: [afk_manager4.smx] Player count for AFK Kick minimum has been reached, feature is now enabled: sm_afk_kick_min_players = 6 Current Players = 6
L 07/30/2020 - 10:22:08: [afk_manager4.smx] Shadow<2><STEAM_1:0:528828011><> was kicked for being AFK too long.
L 07/30/2020 - 10:23:43: [afk_manager4.smx] Player count for AFK Move minimum is below requirements, feature is now disabled: sm_afk_move_min_players = 4 Current Players = 1
L 07/30/2020 - 10:23:43: [afk_manager4.smx] Player count for AFK Kick minimum is below requirements, feature is now disabled: sm_afk_kick_min_players = 6 Current Players = 1
L 07/30/2020 - 10:23:51: [afk_manager4.smx] Player count for AFK Move minimum has been reached, feature is now enabled: sm_afk_move_min_players = 4 Current Players = 4
L 07/30/2020 - 10:25:05: [afk_manager4.smx] Player count for AFK Kick minimum has been reached, feature is now enabled: sm_afk_kick_min_players = 6 Current Players = 6
L 07/30/2020 - 10:56:53: [afk_manager4.smx] Player count for AFK Kick minimum is below requirements, feature is now disabled: sm_afk_kick_min_players = 6 Current Players = 5
L 07/30/2020 - 10:59:26: [afk_manager4.smx] Player count for AFK Move minimum is below requirements, feature is now disabled: sm_afk_move_min_players = 4 Current Players = 1
L 07/30/2020 - 11:02:21: [afk_manager4.smx] Player count for AFK Move minimum has been reached, feature is now enabled: sm_afk_move_min_players = 4 Current Players = 4
L 07/30/2020 - 11:09:14: [afk_manager4.smx] Player count for AFK Kick minimum has been reached, feature is now enabled: sm_afk_kick_min_players = 6 Current Players = 6
L 07/30/2020 - 11:20:20: [afk_manager4.smx] Player count for AFK Move minimum is below requirements, feature is now disabled: sm_afk_move_min_players = 4 Current Players = 1
L 07/30/2020 - 11:20:20: [afk_manager4.smx] Player count for AFK Kick minimum is below requirements, feature is now disabled: sm_afk_kick_min_players = 6 Current Players = 1
L 07/30/2020 - 11:20:26: [afk_manager4.smx] Player count for AFK Move minimum has been reached, feature is now enabled: sm_afk_move_min_players = 4 Current Players = 4
L 07/30/2020 - 11:21:15: [afk_manager4.smx] Player count for AFK Kick minimum has been reached, feature is now enabled: sm_afk_kick_min_players = 6 Current Players = 6
L 07/30/2020 - 11:38:32: [afk_manager4.smx] Player count for AFK Kick minimum is below requirements, feature is now disabled: sm_afk_kick_min_players = 6 Current Players = 5
L 07/30/2020 - 11:38:55: [afk_manager4.smx] Player count for AFK Move minimum is below requirements, feature is now disabled: sm_afk_move_min_players = 4 Current Players = 3
L 07/30/2020 - 11:41:23: [afk_manager4.smx] Player count for AFK Move minimum has been reached, feature is now enabled: sm_afk_move_min_players = 4 Current Players = 4
L 07/30/2020 - 11:42:48: [afk_manager4.smx] Shadow<41><STEAM_1:0:528828011><> was moved to spectate for being AFK too long.
L 07/30/2020 - 11:46:54: [afk_manager4.smx] Player count for AFK Kick minimum has been reached, feature is now enabled: sm_afk_kick_min_players = 6 Current Players = 6
L 07/30/2020 - 11:54:12: [afk_manager4.smx] Player count for AFK Kick minimum is below requirements, feature is now disabled: sm_afk_kick_min_players = 6 Current Players = 5
L 07/30/2020 - 11:54:54: [afk_manager4.smx] Player count for AFK Move minimum is below requirements, feature is now disabled: sm_afk_move_min_players = 4 Current Players = 1
L 07/30/2020 - 11:58:52: [afk_manager4.smx] Player count for AFK Move minimum has been reached, feature is now enabled: sm_afk_move_min_players = 4 Current Players = 4
L 07/30/2020 - 11:59:27: [afk_manager4.smx] Player count for AFK Kick minimum has been reached, feature is now enabled: sm_afk_kick_min_players = 6 Current Players = 6
L 07/30/2020 - 12:00:10: [afk_manager4.smx] Player count for AFK Kick minimum is below requirements, feature is now disabled: sm_afk_kick_min_players = 6 Current Players = 5
L 07/30/2020 - 12:00:15: [afk_manager4.smx] Player count for AFK Move minimum is below requirements, feature is now disabled: sm_afk_move_min_players = 4 Current Players = 3
L 07/30/2020 - 12:01:30: [afk_manager4.smx] Player count for AFK Move minimum has been reached, feature is now enabled: sm_afk_move_min_players = 4 Current Players = 4
L 07/30/2020 - 12:03:44: [afk_manager4.smx] Player count for AFK Kick minimum has been reached, feature is now enabled: sm_afk_kick_min_players = 6 Current Players = 6
L 07/30/2020 - 12:13:46: [afk_manager4.smx] Player count for AFK Move minimum is below requirements, feature is now disabled: sm_afk_move_min_players = 4 Current Players = 1
L 07/30/2020 - 12:13:46: [afk_manager4.smx] Player count for AFK Kick minimum is below requirements, feature is now disabled: sm_afk_kick_min_players = 6 Current Players = 1
L 07/30/2020 - 12:13:49: [afk_manager4.smx] Player count for AFK Move minimum has been reached, feature is now enabled: sm_afk_move_min_players = 4 Current Players = 4
L 07/30/2020 - 12:13:50: [afk_manager4.smx] Player count for AFK Kick minimum has been reached, feature is now enabled: sm_afk_kick_min_players = 6 Current Players = 6
L 07/30/2020 - 12:31:22: [afk_manager4.smx] Player count for AFK Kick minimum is below requirements, feature is now disabled: sm_afk_kick_min_players = 6 Current Players = 5
L 07/30/2020 - 12:31:45: [afk_manager4.smx] Player count for AFK Move minimum is below requirements, feature is now disabled: sm_afk_move_min_players = 4 Current Players = 1
L 07/30/2020 - 12:31:51: [afk_manager4.smx] Player count for AFK Move minimum has been reached, feature is now enabled: sm_afk_move_min_players = 4 Current Players = 4
L 07/30/2020 - 12:36:40: [afk_manager4.smx] Player count for AFK Kick minimum has been reached, feature is now enabled: sm_afk_kick_min_players = 6 Current Players = 6
L 07/30/2020 - 12:50:45: [afk_manager4.smx] Player count for AFK Move minimum is below requirements, feature is now disabled: sm_afk_move_min_players = 4 Current Players = 1
L 07/30/2020 - 12:50:45: [afk_manager4.smx] Player count for AFK Kick minimum is below requirements, feature is now disabled: sm_afk_kick_min_players = 6 Current Players = 1
L 07/30/2020 - 12:50:51: [afk_manager4.smx] Player count for AFK Move minimum has been reached, feature is now enabled: sm_afk_move_min_players = 4 Current Players = 4
L 07/30/2020 - 12:50:53: [afk_manager4.smx] Player count for AFK Kick minimum has been reached, feature is now enabled: sm_afk_kick_min_players = 6 Current Players = 6
L 07/30/2020 - 13:00:00: [afk_manager4.smx] Player count for AFK Kick minimum is below requirements, feature is now disabled: sm_afk_kick_min_players = 6 Current Players = 5
L 07/30/2020 - 13:00:29: [afk_manager4.smx] Player count for AFK Kick minimum has been reached, feature is now enabled: sm_afk_kick_min_players = 6 Current Players = 6
L 07/30/2020 - 13:07:32: [afk_manager4.smx] Player count for AFK Kick minimum is below requirements, feature is now disabled: sm_afk_kick_min_players = 6 Current Players = 5
L 07/30/2020 - 13:07:57: [afk_manager4.smx] Player count for AFK Move minimum is below requirements, feature is now disabled: sm_afk_move_min_players = 4 Current Players = 1
L 07/30/2020 - 13:08:31: [afk_manager4.smx] Player count for AFK Move minimum has been reached, feature is now enabled: sm_afk_move_min_players = 4 Current Players = 4
L 07/30/2020 - 13:15:32: [afk_manager4.smx] Player count for AFK Kick minimum has been reached, feature is now enabled: sm_afk_kick_min_players = 6 Current Players = 6
L 07/30/2020 - 13:27:40: [afk_manager4.smx] Player count for AFK Move minimum is below requirements, feature is now disabled: sm_afk_move_min_players = 4 Current Players = 1
L 07/30/2020 - 13:27:40: [afk_manager4.smx] Player count for AFK Kick minimum is below requirements, feature is now disabled: sm_afk_kick_min_players = 6 Current Players = 1
L 07/30/2020 - 13:27:50: [afk_manager4.smx] Player count for AFK Move minimum has been reached, feature is now enabled: sm_afk_move_min_players = 4 Current Players = 4
L 07/30/2020 - 13:28:49: [afk_manager4.smx] Player count for AFK Kick minimum has been reached, feature is now enabled: sm_afk_kick_min_players = 6 Current Players = 6
L 07/30/2020 - 13:36:44: [afk_manager4.smx] Nemo v12<108><STEAM_1:1:527958957><> was moved to spectate for being AFK too long.
L 07/30/2020 - 13:45:29: [afk_manager4.smx] Player count for AFK Move minimum is below requirements, feature is now disabled: sm_afk_move_min_players = 4 Current Players = 0
L 07/30/2020 - 13:45:29: [afk_manager4.smx] Player count for AFK Kick minimum is below requirements, feature is now disabled: sm_afk_kick_min_players = 6 Current Players = 0
L 07/30/2020 - 13:45:45: [afk_manager4.smx] Player count for AFK Move minimum has been reached, feature is now enabled: sm_afk_move_min_players = 4 Current Players = 4
L 07/30/2020 - 13:46:14: [afk_manager4.smx] Player count for AFK Kick minimum has been reached, feature is now enabled: sm_afk_kick_min_players = 6 Current Players = 6
L 07/30/2020 - 13:59:51: [afk_manager4.smx] loST<122><STEAM_1:1:37267222><> was moved to spectate for being AFK too long.
L 07/30/2020 - 13:59:54: [afk_manager4.smx] Player count for AFK Kick minimum is below requirements, feature is now disabled: sm_afk_kick_min_players = 6 Current Players = 5
L 07/30/2020 - 14:00:04: [afk_manager4.smx] Player count for AFK Move minimum is below requirements, feature is now disabled: sm_afk_move_min_players = 4 Current Players = 3
L 07/30/2020 - 14:10:00: [afk_manager4.smx] Player count for AFK Move minimum has been reached, feature is now enabled: sm_afk_move_min_players = 4 Current Players = 4
L 07/30/2020 - 14:10:37: [afk_manager4.smx] Player count for AFK Kick minimum has been reached, feature is now enabled: sm_afk_kick_min_players = 6 Current Players = 6
L 07/30/2020 - 14:27:36: [afk_manager4.smx] Player count for AFK Move minimum is below requirements, feature is now disabled: sm_afk_move_min_players = 4 Current Players = 1
L 07/30/2020 - 14:27:36: [afk_manager4.smx] Player count for AFK Kick minimum is below requirements, feature is now disabled: sm_afk_kick_min_players = 6 Current Players = 1
L 07/30/2020 - 14:27:41: [afk_manager4.smx] Player count for AFK Move minimum has been reached, feature is now enabled: sm_afk_move_min_players = 4 Current Players = 4
L 07/30/2020 - 14:27:42: [afk_manager4.smx] Player count for AFK Kick minimum has been reached, feature is now enabled: sm_afk_kick_min_players = 6 Current Players = 6
L 07/30/2020 - 14:43:44: [afk_manager4.smx] Player count for AFK Move minimum is below requirements, feature is now disabled: sm_afk_move_min_players = 4 Current Players = 1
L 07/30/2020 - 14:43:44: [afk_manager4.smx] Player count for AFK Kick minimum is below requirements, feature is now disabled: sm_afk_kick_min_players = 6 Current Players = 1
L 07/30/2020 - 14:43:50: [afk_manager4.smx] Player count for AFK Move minimum has been reached, feature is now enabled: sm_afk_move_min_players = 4 Current Players = 4
L 07/30/2020 - 14:43:53: [afk_manager4.smx] Player count for AFK Kick minimum has been reached, feature is now enabled: sm_afk_kick_min_players = 6 Current Players = 6
L 07/30/2020 - 14:50:19: [afk_manager4.smx] Chumb<255><STEAM_1:1:180483821><> was moved to spectate for being AFK too long.
L 07/30/2020 - 14:52:17: [afk_manager4.smx] cHinderella<275><STEAM_1:1:236093815><> was moved to spectate for being AFK too long.
L 07/30/2020 - 14:53:21: [afk_manager4.smx] cHinderella<275><STEAM_1:1:236093815><> was kicked for being AFK too long.
L 07/30/2020 - 15:03:02: [afk_manager4.smx] Player count for AFK Move minimum is below requirements, feature is now disabled: sm_afk_move_min_players = 4 Current Players = 1
L 07/30/2020 - 15:03:02: [afk_manager4.smx] Player count for AFK Kick minimum is below requirements, feature is now disabled: sm_afk_kick_min_players = 6 Current Players = 1
L 07/30/2020 - 15:03:16: [afk_manager4.smx] Player count for AFK Move minimum has been reached, feature is now enabled: sm_afk_move_min_players = 4 Current Players = 4
L 07/30/2020 - 15:03:25: [afk_manager4.smx] Player count for AFK Kick minimum has been reached, feature is now enabled: sm_afk_kick_min_players = 6 Current Players = 6
L 07/30/2020 - 15:18:45: [afk_manager4.smx] Banter<286><STEAM_1:0:520659017><> was moved to spectate for being AFK too long.
L 07/30/2020 - 15:19:53: [afk_manager4.smx] Banter<286><STEAM_1:0:520659017><> was kicked for being AFK too long.
L 07/30/2020 - 15:21:33: [afk_manager4.smx] Player count for AFK Move minimum is below requirements, feature is now disabled: sm_afk_move_min_players = 4 Current Players = 1
L 07/30/2020 - 15:21:33: [afk_manager4.smx] Player count for AFK Kick minimum is below requirements, feature is now disabled: sm_afk_kick_min_players = 6 Current Players = 1
L 07/30/2020 - 15:21:39: [afk_manager4.smx] Player count for AFK Move minimum has been reached, feature is now enabled: sm_afk_move_min_players = 4 Current Players = 4
L 07/30/2020 - 15:21:50: [afk_manager4.smx] Player count for AFK Kick minimum has been reached, feature is now enabled: sm_afk_kick_min_players = 6 Current Players = 6
L 07/30/2020 - 15:26:57: [afk_manager4.smx] SkyZ (Trading)<290><STEAM_1:1:535261065><> was moved to spectate for being AFK too long.
L 07/30/2020 - 15:37:19: [afk_manager4.smx] J I N X (NEW SENSE)<295><STEAM_1:0:445249280><> was kicked for being AFK too long.
L 07/30/2020 - 15:40:34: [afk_manager4.smx] Player count for AFK Move minimum is below requirements, feature is now disabled: sm_afk_move_min_players = 4 Current Players = 1
L 07/30/2020 - 15:40:34: [afk_manager4.smx] Player count for AFK Kick minimum is below requirements, feature is now disabled: sm_afk_kick_min_players = 6 Current Players = 1
L 07/30/2020 - 15:40:45: [afk_manager4.smx] Player count for AFK Move minimum has been reached, feature is now enabled: sm_afk_move_min_players = 4 Current Players = 4
L 07/30/2020 - 15:40:48: [afk_manager4.smx] Player count for AFK Kick minimum has been reached, feature is now enabled: sm_afk_kick_min_players = 6 Current Players = 6
L 07/30/2020 - 15:46:21: [afk_manager4.smx] NotNinja<300><STEAM_1:0:456646541><> was moved to spectate for being AFK too long.
L 07/30/2020 - 15:47:29: [afk_manager4.smx] NotNinja<300><STEAM_1:0:456646541><> was kicked for being AFK too long.
L 07/30/2020 - 16:01:03: [afk_manager4.smx] Player count for AFK Move minimum is below requirements, feature is now disabled: sm_afk_move_min_players = 4 Current Players = 1
L 07/30/2020 - 16:01:03: [afk_manager4.smx] Player count for AFK Kick minimum is below requirements, feature is now disabled: sm_afk_kick_min_players = 6 Current Players = 1
L 07/30/2020 - 16:01:06: [afk_manager4.smx] Player count for AFK Move minimum has been reached, feature is now enabled: sm_afk_move_min_players = 4 Current Players = 4
L 07/30/2020 - 16:01:09: [afk_manager4.smx] Player count for AFK Kick minimum has been reached, feature is now enabled: sm_afk_kick_min_players = 6 Current Players = 6
L 07/30/2020 - 16:08:41: [afk_manager4.smx] Voidツ<312><STEAM_1:0:438941947><> was kicked for being AFK too long.
L 07/30/2020 - 16:19:47: [afk_manager4.smx] Player count for AFK Kick minimum is below requirements, feature is now disabled: sm_afk_kick_min_players = 6 Current Players = 5
L 07/30/2020 - 16:20:23: [afk_manager4.smx] Player count for AFK Move minimum is below requirements, feature is now disabled: sm_afk_move_min_players = 4 Current Players = 1
L 07/30/2020 - 16:20:29: [afk_manager4.smx] Player count for AFK Move minimum has been reached, feature is now enabled: sm_afk_move_min_players = 4 Current Players = 4
L 07/30/2020 - 16:20:46: [afk_manager4.smx] Player count for AFK Move minimum is below requirements, feature is now disabled: sm_afk_move_min_players = 4 Current Players = 3
L 07/30/2020 - 17:06:11: [afk_manager4.smx] Player count for AFK Move minimum has been reached, feature is now enabled: sm_afk_move_min_players = 4 Current Players = 4
L 07/30/2020 - 17:07:03: [afk_manager4.smx] RIOT<321><STEAM_1:0:450186669><> was moved to spectate for being AFK too long.
L 07/30/2020 - 17:08:23: [afk_manager4.smx] Player count for AFK Kick minimum has been reached, feature is now enabled: sm_afk_kick_min_players = 6 Current Players = 6
L 07/30/2020 - 17:08:23: [afk_manager4.smx] RIOT<321><STEAM_1:0:450186669><> was kicked for being AFK too long.
L 07/30/2020 - 17:13:34: [afk_manager4.smx] kenny<330><STEAM_1:1:513661637><> was moved to spectate for being AFK too long.
L 07/30/2020 - 17:24:04: [afk_manager4.smx] Player count for AFK Move minimum is below requirements, feature is now disabled: sm_afk_move_min_players = 4 Current Players = 1
L 07/30/2020 - 17:24:04: [afk_manager4.smx] Player count for AFK Kick minimum is below requirements, feature is now disabled: sm_afk_kick_min_players = 6 Current Players = 1
L 07/30/2020 - 17:24:05: [afk_manager4.smx] Player count for AFK Move minimum has been reached, feature is now enabled: sm_afk_move_min_players = 4 Current Players = 4
L 07/30/2020 - 17:24:07: [afk_manager4.smx] Player count for AFK Kick minimum has been reached, feature is now enabled: sm_afk_kick_min_players = 6 Current Players = 6
L 07/30/2020 - 17:42:25: [afk_manager4.smx] Player count for AFK Move minimum is below requirements, feature is now disabled: sm_afk_move_min_players = 4 Current Players = 1
L 07/30/2020 - 17:42:25: [afk_manager4.smx] Player count for AFK Kick minimum is below requirements, feature is now disabled: sm_afk_kick_min_players = 6 Current Players = 1
L 07/30/2020 - 17:42:27: [afk_manager4.smx] Player count for AFK Move minimum has been reached, feature is now enabled: sm_afk_move_min_players = 4 Current Players = 4
L 07/30/2020 - 17:42:34: [afk_manager4.smx] Player count for AFK Kick minimum has been reached, feature is now enabled: sm_afk_kick_min_players = 6 Current Players = 6
L 07/30/2020 - 17:59:06: [afk_manager4.smx] word.exe<327><STEAM_1:0:239631635><> was moved to spectate for being AFK too long.
L 07/30/2020 - 18:02:22: [afk_manager4.smx] Player count for AFK Move minimum is below requirements, feature is now disabled: sm_afk_move_min_players = 4 Current Players = 1
L 07/30/2020 - 18:02:22: [afk_manager4.smx] Player count for AFK Kick minimum is below requirements, feature is now disabled: sm_afk_kick_min_players = 6 Current Players = 1
L 07/30/2020 - 18:02:23: [afk_manager4.smx] Player count for AFK Move minimum has been reached, feature is now enabled: sm_afk_move_min_players = 4 Current Players = 4
L 07/30/2020 - 18:02:23: [afk_manager4.smx] Player count for AFK Kick minimum has been reached, feature is now enabled: sm_afk_kick_min_players = 6 Current Players = 6
L 07/30/2020 - 18:08:02: [afk_manager4.smx] ⍟ YT ƦIĐ⅁BAK_☡ꜳ ⍟<344><STEAM_1:0:177802797><> was moved to spectate for being AFK too long.
L 07/30/2020 - 18:11:24: [afk_manager4.smx] lil zy<350><STEAM_1:0:36545690><> was moved to spectate for being AFK too long.
L 07/30/2020 - 18:18:56: [afk_manager4.smx] Player count for AFK Move minimum is below requirements, feature is now disabled: sm_afk_move_min_players = 4 Current Players = 1
L 07/30/2020 - 18:18:56: [afk_manager4.smx] Player count for AFK Kick minimum is below requirements, feature is now disabled: sm_afk_kick_min_players = 6 Current Players = 1
L 07/30/2020 - 18:18:59: [afk_manager4.smx] Player count for AFK Move minimum has been reached, feature is now enabled: sm_afk_move_min_players = 4 Current Players = 4
L 07/30/2020 - 18:19:04: [afk_manager4.smx] Player count for AFK Kick minimum has been reached, feature is now enabled: sm_afk_kick_min_players = 6 Current Players = 6
L 07/30/2020 - 18:31:01: [afk_manager4.smx] Magentatree123<332><STEAM_1:0:453587460><> was moved to spectate for being AFK too long.
L 07/30/2020 - 18:34:46: [afk_manager4.smx] Player count for AFK Move minimum is below requirements, feature is now disabled: sm_afk_move_min_players = 4 Current Players = 1
L 07/30/2020 - 18:34:46: [afk_manager4.smx] Player count for AFK Kick minimum is below requirements, feature is now disabled: sm_afk_kick_min_players = 6 Current Players = 1
L 07/30/2020 - 18:34:48: [afk_manager4.smx] Player count for AFK Move minimum has been reached, feature is now enabled: sm_afk_move_min_players = 4 Current Players = 4
L 07/30/2020 - 18:34:53: [afk_manager4.smx] Player count for AFK Kick minimum has been reached, feature is now enabled: sm_afk_kick_min_players = 6 Current Players = 6
L 07/30/2020 - 18:52:54: [afk_manager4.smx] Player count for AFK Move minimum is below requirements, feature is now disabled: sm_afk_move_min_players = 4 Current Players = 1
L 07/30/2020 - 18:52:54: [afk_manager4.smx] Player count for AFK Kick minimum is below requirements, feature is now disabled: sm_afk_kick_min_players = 6 Current Players = 1
L 07/30/2020 - 18:52:57: [afk_manager4.smx] Player count for AFK Move minimum has been reached, feature is now enabled: sm_afk_move_min_players = 4 Current Players = 4
L 07/30/2020 - 18:53:00: [afk_manager4.smx] Player count for AFK Kick minimum has been reached, feature is now enabled: sm_afk_kick_min_players = 6 Current Players = 6
L 07/30/2020 - 19:05:26: [afk_manager4.smx] ♆Pαɳԃα (Trading)<373><STEAM_1:0:222785155><> was moved to spectate for being AFK too long.
L 07/30/2020 - 19:06:34: [afk_manager4.smx] ♆Pαɳԃα (Trading)<373><STEAM_1:0:222785155><> was kicked for being AFK too long.
L 07/30/2020 - 19:10:40: [afk_manager4.smx] Player count for AFK Move minimum is below requirements, feature is now disabled: sm_afk_move_min_players = 4 Current Players = 1
L 07/30/2020 - 19:10:40: [afk_manager4.smx] Player count for AFK Kick minimum is below requirements, feature is now disabled: sm_afk_kick_min_players = 6 Current Players = 1
L 07/30/2020 - 19:10:46: [afk_manager4.smx] Player count for AFK Move minimum has been reached, feature is now enabled: sm_afk_move_min_players = 4 Current Players = 4
L 07/30/2020 - 19:10:47: [afk_manager4.smx] Player count for AFK Kick minimum has been reached, feature is now enabled: sm_afk_kick_min_players = 6 Current Players = 6
L 07/30/2020 - 19:15:28: [afk_manager4.smx] Dooieslag<375><STEAM_1:0:526806338><> was moved to spectate for being AFK too long.
L 07/30/2020 - 19:16:50: [afk_manager4.smx] ♆Pαɳԃα (Trading)<380><STEAM_1:0:222785155><> was moved to spectate for being AFK too long.
L 07/30/2020 - 19:24:32: [afk_manager4.smx] Dooieslag<375><STEAM_1:0:526806338><> was moved to spectate for being AFK too long.
L 07/30/2020 - 19:29:21: [afk_manager4.smx] Player count for AFK Move minimum is below requirements, feature is now disabled: sm_afk_move_min_players = 4 Current Players = 1
L 07/30/2020 - 19:29:21: [afk_manager4.smx] Player count for AFK Kick minimum is below requirements, feature is now disabled: sm_afk_kick_min_players = 6 Current Players = 1
L 07/30/2020 - 19:29:24: [afk_manager4.smx] Player count for AFK Move minimum has been reached, feature is now enabled: sm_afk_move_min_players = 4 Current Players = 4
L 07/30/2020 - 19:29:33: [afk_manager4.smx] Player count for AFK Kick minimum has been reached, feature is now enabled: sm_afk_kick_min_players = 6 Current Players = 6
L 07/30/2020 - 19:39:15: [afk_manager4.smx] RIOT<391><STEAM_1:0:450186669><> was moved to spectate for being AFK too long.
L 07/30/2020 - 19:41:08: [afk_manager4.smx] Shadow<390><STEAM_1:0:528828011><> was moved to spectate for being AFK too long.
L 07/30/2020 - 19:41:11: [afk_manager4.smx] RIOT<391><STEAM_1:0:450186669><> was kicked for being AFK too long.
L 07/30/2020 - 19:47:23: [afk_manager4.smx] Player count for AFK Move minimum is below requirements, feature is now disabled: sm_afk_move_min_players = 4 Current Players = 1
L 07/30/2020 - 19:47:23: [afk_manager4.smx] Player count for AFK Kick minimum is below requirements, feature is now disabled: sm_afk_kick_min_players = 6 Current Players = 1
L 07/30/2020 - 19:47:34: [afk_manager4.smx] Player count for AFK Move minimum has been reached, feature is now enabled: sm_afk_move_min_players = 4 Current Players = 4
L 07/30/2020 - 19:47:50: [afk_manager4.smx] Player count for AFK Kick minimum has been reached, feature is now enabled: sm_afk_kick_min_players = 6 Current Players = 6
L 07/30/2020 - 20:00:11: [afk_manager4.smx] {Where is my pipe?}<401><STEAM_1:1:164088593><> was moved to spectate for being AFK too long.
L 07/30/2020 - 20:00:11: [afk_manager4.smx] krz @19fps 3<379><STEAM_1:1:229076972><> was moved to spectate for being AFK too long.
L 07/30/2020 - 20:00:11: [afk_manager4.smx] Shaii天使<385><STEAM_1:0:88044121><> was moved to spectate for being AFK too long.
L 07/30/2020 - 20:00:11: [afk_manager4.smx] ♆Pαɳԃα (Trading)<397><STEAM_1:0:222785155><> was moved to spectate for being AFK too long.
L 07/30/2020 - 20:00:11: [afk_manager4.smx] sgt. knuckles<399><STEAM_1:1:544632893><> was moved to spectate for being AFK too long.
L 07/30/2020 - 20:01:19: [afk_manager4.smx] krz @19fps 3<379><STEAM_1:1:229076972><> was kicked for being AFK too long.
L 07/30/2020 - 20:01:19: [afk_manager4.smx] Player count for AFK Kick minimum is below requirements, feature is now disabled: sm_afk_kick_min_players = 6 Current Players = 5
L 07/30/2020 - 20:01:25: [afk_manager4.smx] Dooieslag<375><STEAM_1:0:526806338><> was moved to spectate for being AFK too long.
L 07/30/2020 - 20:01:25: [afk_manager4.smx] mattoOo<400><STEAM_1:1:515972324><> was moved to spectate for being AFK too long.
L 07/30/2020 - 20:01:40: [afk_manager4.smx] Player count for AFK Move minimum is below requirements, feature is now disabled: sm_afk_move_min_players = 4 Current Players = 3
L 07/30/2020 - 20:06:46: [afk_manager4.smx] Player count for AFK Move minimum has been reached, feature is now enabled: sm_afk_move_min_players = 4 Current Players = 4
L 07/30/2020 - 20:07:29: [afk_manager4.smx] Player count for AFK Move minimum is below requirements, feature is now disabled: sm_afk_move_min_players = 4 Current Players = 0
L 07/30/2020 - 20:07:35: [afk_manager4.smx] Player count for AFK Move minimum has been reached, feature is now enabled: sm_afk_move_min_players = 4 Current Players = 4
L 07/30/2020 - 20:07:50: [afk_manager4.smx] Player count for AFK Kick minimum has been reached, feature is now enabled: sm_afk_kick_min_players = 6 Current Players = 6
L 07/30/2020 - 20:24:13: [afk_manager4.smx] professional baiter<402><STEAM_1:1:453577797><> was moved to spectate for being AFK too long.
L 07/30/2020 - 20:27:13: [afk_manager4.smx] Player count for AFK Kick minimum is below requirements, feature is now disabled: sm_afk_kick_min_players = 6 Current Players = 5
L 07/30/2020 - 20:27:25: [afk_manager4.smx] Player count for AFK Move minimum is below requirements, feature is now disabled: sm_afk_move_min_players = 4 Current Players = 3
L 07/30/2020 - 20:41:02: [afk_manager4.smx] Player count for AFK Move minimum has been reached, feature is now enabled: sm_afk_move_min_players = 4 Current Players = 4
L 07/30/2020 - 20:43:08: [afk_manager4.smx] Player count for AFK Kick minimum has been reached, feature is now enabled: sm_afk_kick_min_players = 6 Current Players = 6
L 07/30/2020 - 20:45:16: [afk_manager4.smx] Player count for AFK Kick minimum is below requirements, feature is now disabled: sm_afk_kick_min_players = 6 Current Players = 5
L 07/30/2020 - 20:45:23: [afk_manager4.smx] Player count for AFK Move minimum is below requirements, feature is now disabled: sm_afk_move_min_players = 4 Current Players = 0
L 07/30/2020 - 20:45:43: [afk_manager4.smx] Player count for AFK Move minimum has been reached, feature is now enabled: sm_afk_move_min_players = 4 Current Players = 4
L 07/30/2020 - 20:49:48: [afk_manager4.smx] Player count for AFK Kick minimum has been reached, feature is now enabled: sm_afk_kick_min_players = 6 Current Players = 6
L 07/30/2020 - 21:02:57: [afk_manager4.smx] Player count for AFK Kick minimum is below requirements, feature is now disabled: sm_afk_kick_min_players = 6 Current Players = 5
L 07/30/2020 - 21:03:39: [afk_manager4.smx] Player count for AFK Move minimum is below requirements, feature is now disabled: sm_afk_move_min_players = 4 Current Players = 1
L 07/30/2020 - 21:03:47: [afk_manager4.smx] Player count for AFK Move minimum has been reached, feature is now enabled: sm_afk_move_min_players = 4 Current Players = 4
L 07/30/2020 - 21:06:49: [afk_manager4.smx] Player count for AFK Kick minimum has been reached, feature is now enabled: sm_afk_kick_min_players = 6 Current Players = 6
L 07/30/2020 - 21:09:03: [afk_manager4.smx] Illegal Sloth<432><STEAM_1:1:102295070><> was moved to spectate for being AFK too long.
L 07/30/2020 - 21:10:22: [afk_manager4.smx] Illegal Sloth<432><STEAM_1:1:102295070><> was kicked for being AFK too long.
L 07/30/2020 - 21:21:43: [afk_manager4.smx] Player count for AFK Move minimum is below requirements, feature is now disabled: sm_afk_move_min_players = 4 Current Players = 1
L 07/30/2020 - 21:21:43: [afk_manager4.smx] Player count for AFK Kick minimum is below requirements, feature is now disabled: sm_afk_kick_min_players = 6 Current Players = 1
L 07/30/2020 - 21:21:54: [afk_manager4.smx] Player count for AFK Move minimum has been reached, feature is now enabled: sm_afk_move_min_players = 4 Current Players = 4
L 07/30/2020 - 21:22:42: [afk_manager4.smx] Player count for AFK Kick minimum has been reached, feature is now enabled: sm_afk_kick_min_players = 6 Current Players = 6
L 07/30/2020 - 21:22:57: [afk_manager4.smx] (┛❍ᴥ❍)┛彡┻━┻1<440><STEAM_1:0:424446353><> was moved to spectate for being AFK too long.
L 07/30/2020 - 21:39:34: [afk_manager4.smx] Player count for AFK Kick minimum is below requirements, feature is now disabled: sm_afk_kick_min_players = 6 Current Players = 5
L 07/30/2020 - 21:40:29: [afk_manager4.smx] Player count for AFK Move minimum is below requirements, feature is now disabled: sm_afk_move_min_players = 4 Current Players = 3
