L 05/29/2020 - 00:03:23: [afk_manager4.smx] Player count for AFK Move minimum is below requirements, feature is now disabled: sm_afk_move_min_players = 4 Current Players = 1
L 05/29/2020 - 00:03:23: [afk_manager4.smx] Player count for AFK Kick minimum is below requirements, feature is now disabled: sm_afk_kick_min_players = 6 Current Players = 1
L 05/29/2020 - 00:03:26: [afk_manager4.smx] Player count for AFK Move minimum has been reached, feature is now enabled: sm_afk_move_min_players = 4 Current Players = 4
L 05/29/2020 - 00:03:26: [afk_manager4.smx] Player count for AFK Kick minimum has been reached, feature is now enabled: sm_afk_kick_min_players = 6 Current Players = 6
L 05/29/2020 - 00:19:39: [afk_manager4.smx] Audax<409><STEAM_1:1:121886453><> was moved to spectate for being AFK too long.
L 05/29/2020 - 00:20:57: [afk_manager4.smx] Player count for AFK Move minimum is below requirements, feature is now disabled: sm_afk_move_min_players = 4 Current Players = 1
L 05/29/2020 - 00:20:57: [afk_manager4.smx] Player count for AFK Kick minimum is below requirements, feature is now disabled: sm_afk_kick_min_players = 6 Current Players = 1
L 05/29/2020 - 00:21:01: [afk_manager4.smx] Player count for AFK Move minimum has been reached, feature is now enabled: sm_afk_move_min_players = 4 Current Players = 4
L 05/29/2020 - 00:21:04: [afk_manager4.smx] Player count for AFK Kick minimum has been reached, feature is now enabled: sm_afk_kick_min_players = 6 Current Players = 6
L 05/29/2020 - 00:40:21: [afk_manager4.smx] Player count for AFK Move minimum is below requirements, feature is now disabled: sm_afk_move_min_players = 4 Current Players = 1
L 05/29/2020 - 00:40:21: [afk_manager4.smx] Player count for AFK Kick minimum is below requirements, feature is now disabled: sm_afk_kick_min_players = 6 Current Players = 1
L 05/29/2020 - 00:40:24: [afk_manager4.smx] Player count for AFK Move minimum has been reached, feature is now enabled: sm_afk_move_min_players = 4 Current Players = 4
L 05/29/2020 - 00:40:25: [afk_manager4.smx] Player count for AFK Kick minimum has been reached, feature is now enabled: sm_afk_kick_min_players = 6 Current Players = 6
L 05/29/2020 - 01:00:01: [afk_manager4.smx] Player count for AFK Move minimum is below requirements, feature is now disabled: sm_afk_move_min_players = 4 Current Players = 0
L 05/29/2020 - 01:00:01: [afk_manager4.smx] Player count for AFK Kick minimum is below requirements, feature is now disabled: sm_afk_kick_min_players = 6 Current Players = 0
L 05/29/2020 - 01:00:14: [afk_manager4.smx] Player count for AFK Move minimum has been reached, feature is now enabled: sm_afk_move_min_players = 4 Current Players = 4
L 05/29/2020 - 01:00:18: [afk_manager4.smx] Player count for AFK Kick minimum has been reached, feature is now enabled: sm_afk_kick_min_players = 6 Current Players = 6
L 05/29/2020 - 01:16:14: [afk_manager4.smx] Player count for AFK Kick minimum is below requirements, feature is now disabled: sm_afk_kick_min_players = 6 Current Players = 5
L 05/29/2020 - 01:17:32: [afk_manager4.smx] Player count for AFK Move minimum is below requirements, feature is now disabled: sm_afk_move_min_players = 4 Current Players = 3
L 05/29/2020 - 01:41:51: [afk_manager4.smx] Player count for AFK Move minimum has been reached, feature is now enabled: sm_afk_move_min_players = 4 Current Players = 4
L 05/29/2020 - 01:57:23: [afk_manager4.smx] Player count for AFK Move minimum is below requirements, feature is now disabled: sm_afk_move_min_players = 4 Current Players = 1
L 05/29/2020 - 01:57:45: [afk_manager4.smx] Player count for AFK Move minimum has been reached, feature is now enabled: sm_afk_move_min_players = 4 Current Players = 4
L 05/29/2020 - 02:11:35: [afk_manager4.smx] Player count for AFK Kick minimum has been reached, feature is now enabled: sm_afk_kick_min_players = 6 Current Players = 6
L 05/29/2020 - 02:16:03: [afk_manager4.smx] Player count for AFK Kick minimum is below requirements, feature is now disabled: sm_afk_kick_min_players = 6 Current Players = 5
L 05/29/2020 - 02:16:49: [afk_manager4.smx] Player count for AFK Move minimum is below requirements, feature is now disabled: sm_afk_move_min_players = 4 Current Players = 1
L 05/29/2020 - 02:17:11: [afk_manager4.smx] Player count for AFK Move minimum has been reached, feature is now enabled: sm_afk_move_min_players = 4 Current Players = 4
L 05/29/2020 - 02:34:37: [afk_manager4.smx] Player count for AFK Move minimum is below requirements, feature is now disabled: sm_afk_move_min_players = 4 Current Players = 3
L 05/29/2020 - 02:44:24: [afk_manager4.smx] Player count for AFK Move minimum has been reached, feature is now enabled: sm_afk_move_min_players = 4 Current Players = 4
L 05/29/2020 - 02:50:47: [afk_manager4.smx] Player count for AFK Move minimum is below requirements, feature is now disabled: sm_afk_move_min_players = 4 Current Players = 3
L 05/29/2020 - 08:53:45: [afk_manager4.smx] Player count for AFK Move minimum has been reached, feature is now enabled: sm_afk_move_min_players = 4 Current Players = 4
L 05/29/2020 - 09:02:20: [afk_manager4.smx] Player count for AFK Move minimum is below requirements, feature is now disabled: sm_afk_move_min_players = 4 Current Players = 1
L 05/29/2020 - 09:02:37: [afk_manager4.smx] Player count for AFK Move minimum has been reached, feature is now enabled: sm_afk_move_min_players = 4 Current Players = 4
L 05/29/2020 - 09:02:58: [afk_manager4.smx] Player count for AFK Kick minimum has been reached, feature is now enabled: sm_afk_kick_min_players = 6 Current Players = 6
L 05/29/2020 - 09:14:41: [afk_manager4.smx] l3gend<468><STEAM_1:1:201079111><> was moved to spectate for being AFK too long.
L 05/29/2020 - 09:20:03: [afk_manager4.smx] Player count for AFK Move minimum is below requirements, feature is now disabled: sm_afk_move_min_players = 4 Current Players = 1
L 05/29/2020 - 09:20:03: [afk_manager4.smx] Player count for AFK Kick minimum is below requirements, feature is now disabled: sm_afk_kick_min_players = 6 Current Players = 1
L 05/29/2020 - 09:20:09: [afk_manager4.smx] Player count for AFK Move minimum has been reached, feature is now enabled: sm_afk_move_min_players = 4 Current Players = 4
L 05/29/2020 - 09:20:14: [afk_manager4.smx] Player count for AFK Kick minimum has been reached, feature is now enabled: sm_afk_kick_min_players = 6 Current Players = 6
L 05/29/2020 - 09:26:02: [afk_manager4.smx] l3gend<488><STEAM_1:1:201079111><> was moved to spectate for being AFK too long.
L 05/29/2020 - 09:41:44: [afk_manager4.smx] 𝘴𝘷𝘨.<471><STEAM_1:1:498657483><> was moved to spectate for being AFK too long.
L 05/29/2020 - 09:46:23: [afk_manager4.smx] SkyZ hellcase.com<496><STEAM_1:1:535261065><> was moved to spectate for being AFK too long.
L 05/29/2020 - 09:46:51: [afk_manager4.smx] Slim Naidy<493><STEAM_1:1:160569213><> was moved to spectate for being AFK too long.
L 05/29/2020 - 09:47:53: [afk_manager4.smx] SkyZ hellcase.com<496><STEAM_1:1:535261065><> was kicked for being AFK too long.
L 05/29/2020 - 09:52:45: [afk_manager4.smx] Player count for AFK Kick minimum is below requirements, feature is now disabled: sm_afk_kick_min_players = 6 Current Players = 5
L 05/29/2020 - 09:56:41: [afk_manager4.smx] Player count for AFK Kick minimum has been reached, feature is now enabled: sm_afk_kick_min_players = 6 Current Players = 6
L 05/29/2020 - 09:57:36: [afk_manager4.smx] Player count for AFK Kick minimum is below requirements, feature is now disabled: sm_afk_kick_min_players = 6 Current Players = 5
L 05/29/2020 - 09:58:25: [afk_manager4.smx] Player count for AFK Move minimum is below requirements, feature is now disabled: sm_afk_move_min_players = 4 Current Players = 1
L 05/29/2020 - 09:58:33: [afk_manager4.smx] Player count for AFK Move minimum has been reached, feature is now enabled: sm_afk_move_min_players = 4 Current Players = 4
L 05/29/2020 - 09:59:34: [afk_manager4.smx] Player count for AFK Kick minimum has been reached, feature is now enabled: sm_afk_kick_min_players = 6 Current Players = 6
L 05/29/2020 - 10:00:03: [afk_manager4.smx] resQ<470><STEAM_1:1:181725576><> was moved to spectate for being AFK too long.
L 05/29/2020 - 10:01:14: [afk_manager4.smx] resQ<470><STEAM_1:1:181725576><> was kicked for being AFK too long.
L 05/29/2020 - 10:11:16: [afk_manager4.smx] Player count for AFK Move minimum is below requirements, feature is now disabled: sm_afk_move_min_players = 4 Current Players = 1
L 05/29/2020 - 10:11:16: [afk_manager4.smx] Player count for AFK Kick minimum is below requirements, feature is now disabled: sm_afk_kick_min_players = 6 Current Players = 1
L 05/29/2020 - 10:11:19: [afk_manager4.smx] Player count for AFK Move minimum has been reached, feature is now enabled: sm_afk_move_min_players = 4 Current Players = 4
L 05/29/2020 - 10:11:22: [afk_manager4.smx] Player count for AFK Kick minimum has been reached, feature is now enabled: sm_afk_kick_min_players = 6 Current Players = 6
L 05/29/2020 - 10:19:16: [afk_manager4.smx] Player count for AFK Kick minimum is below requirements, feature is now disabled: sm_afk_kick_min_players = 6 Current Players = 5
L 05/29/2020 - 10:24:37: [afk_manager4.smx] Rhion<513><STEAM_1:0:140550280><> was moved to spectate for being AFK too long.
L 05/29/2020 - 10:26:33: [afk_manager4.smx] Player count for AFK Kick minimum has been reached, feature is now enabled: sm_afk_kick_min_players = 6 Current Players = 6
L 05/29/2020 - 10:31:16: [afk_manager4.smx] Player count for AFK Move minimum is below requirements, feature is now disabled: sm_afk_move_min_players = 4 Current Players = 1
L 05/29/2020 - 10:31:16: [afk_manager4.smx] Player count for AFK Kick minimum is below requirements, feature is now disabled: sm_afk_kick_min_players = 6 Current Players = 1
L 05/29/2020 - 10:31:28: [afk_manager4.smx] Player count for AFK Move minimum has been reached, feature is now enabled: sm_afk_move_min_players = 4 Current Players = 4
L 05/29/2020 - 10:36:00: [afk_manager4.smx] Emile Christus<515><STEAM_1:1:65515343><> was moved to spectate for being AFK too long.
L 05/29/2020 - 10:37:04: [afk_manager4.smx] Player count for AFK Kick minimum has been reached, feature is now enabled: sm_afk_kick_min_players = 6 Current Players = 6
L 05/29/2020 - 10:37:19: [afk_manager4.smx] Rhion<513><STEAM_1:0:140550280><> was moved to spectate for being AFK too long.
L 05/29/2020 - 10:37:52: [afk_manager4.smx] Emile Christus<515><STEAM_1:1:65515343><> was kicked for being AFK too long.
L 05/29/2020 - 10:43:51: [afk_manager4.smx] Player count for AFK Kick minimum is below requirements, feature is now disabled: sm_afk_kick_min_players = 6 Current Players = 5
L 05/29/2020 - 10:47:04: [afk_manager4.smx] Player count for AFK Kick minimum has been reached, feature is now enabled: sm_afk_kick_min_players = 6 Current Players = 6
L 05/29/2020 - 10:49:38: [afk_manager4.smx] Player count for AFK Kick minimum is below requirements, feature is now disabled: sm_afk_kick_min_players = 6 Current Players = 5
L 05/29/2020 - 10:50:21: [afk_manager4.smx] Player count for AFK Move minimum is below requirements, feature is now disabled: sm_afk_move_min_players = 4 Current Players = 1
L 05/29/2020 - 10:50:40: [afk_manager4.smx] Player count for AFK Move minimum has been reached, feature is now enabled: sm_afk_move_min_players = 4 Current Players = 4
L 05/29/2020 - 10:59:42: [afk_manager4.smx] jmt-es CS.MONEY<523><STEAM_1:1:42885970><> was moved to spectate for being AFK too long.
L 05/29/2020 - 11:03:29: [afk_manager4.smx] Player count for AFK Kick minimum has been reached, feature is now enabled: sm_afk_kick_min_players = 6 Current Players = 6
L 05/29/2020 - 11:05:55: [afk_manager4.smx] resQ<530><STEAM_1:1:181725576><> was moved to spectate for being AFK too long.
L 05/29/2020 - 11:09:31: [afk_manager4.smx] Player count for AFK Move minimum is below requirements, feature is now disabled: sm_afk_move_min_players = 4 Current Players = 1
L 05/29/2020 - 11:09:31: [afk_manager4.smx] Player count for AFK Kick minimum is below requirements, feature is now disabled: sm_afk_kick_min_players = 6 Current Players = 1
L 05/29/2020 - 11:09:36: [afk_manager4.smx] Player count for AFK Move minimum has been reached, feature is now enabled: sm_afk_move_min_players = 4 Current Players = 4
L 05/29/2020 - 11:09:44: [afk_manager4.smx] Player count for AFK Kick minimum has been reached, feature is now enabled: sm_afk_kick_min_players = 6 Current Players = 6
L 05/29/2020 - 11:17:42: [afk_manager4.smx] Xoften.<532><STEAM_1:0:139392181><> was moved to spectate for being AFK too long.
L 05/29/2020 - 11:17:43: [afk_manager4.smx] Player count for AFK Kick minimum is below requirements, feature is now disabled: sm_afk_kick_min_players = 6 Current Players = 5
L 05/29/2020 - 11:19:16: [afk_manager4.smx] North Sword<526><STEAM_1:1:102710081><> was moved to spectate for being AFK too long.
L 05/29/2020 - 11:19:16: [afk_manager4.smx] Player count for AFK Move minimum is below requirements, feature is now disabled: sm_afk_move_min_players = 4 Current Players = 3
L 05/29/2020 - 11:25:28: [afk_manager4.smx] Player count for AFK Move minimum has been reached, feature is now enabled: sm_afk_move_min_players = 4 Current Players = 4
L 05/29/2020 - 11:25:47: [afk_manager4.smx] Player count for AFK Kick minimum has been reached, feature is now enabled: sm_afk_kick_min_players = 6 Current Players = 6
L 05/29/2020 - 11:26:23: [afk_manager4.smx] twitch.tv/antivirusaaron<555><STEAM_1:1:546850011><> was moved to spectate for being AFK too long.
L 05/29/2020 - 11:28:15: [afk_manager4.smx] Player count for AFK Move minimum is below requirements, feature is now disabled: sm_afk_move_min_players = 4 Current Players = 1
L 05/29/2020 - 11:28:15: [afk_manager4.smx] Player count for AFK Kick minimum is below requirements, feature is now disabled: sm_afk_kick_min_players = 6 Current Players = 1
L 05/29/2020 - 11:28:18: [afk_manager4.smx] Player count for AFK Move minimum has been reached, feature is now enabled: sm_afk_move_min_players = 4 Current Players = 4
L 05/29/2020 - 11:28:24: [afk_manager4.smx] Player count for AFK Kick minimum has been reached, feature is now enabled: sm_afk_kick_min_players = 6 Current Players = 6
L 05/29/2020 - 11:33:13: [afk_manager4.smx] Laa Laa<559><STEAM_1:1:512549525><> was moved to spectate for being AFK too long.
L 05/29/2020 - 11:39:19: [afk_manager4.smx] (っ◔◡◔)っ ♥ SaltyViper ♥<561><STEAM_1:0:178735351><> was kicked for being AFK too long.
L 05/29/2020 - 11:47:31: [afk_manager4.smx] Player count for AFK Move minimum is below requirements, feature is now disabled: sm_afk_move_min_players = 4 Current Players = 1
L 05/29/2020 - 11:47:31: [afk_manager4.smx] Player count for AFK Kick minimum is below requirements, feature is now disabled: sm_afk_kick_min_players = 6 Current Players = 1
L 05/29/2020 - 11:47:35: [afk_manager4.smx] Player count for AFK Move minimum has been reached, feature is now enabled: sm_afk_move_min_players = 4 Current Players = 4
L 05/29/2020 - 11:47:38: [afk_manager4.smx] Player count for AFK Kick minimum has been reached, feature is now enabled: sm_afk_kick_min_players = 6 Current Players = 6
L 05/29/2020 - 12:06:58: [afk_manager4.smx] Rosaaak<565><STEAM_1:0:196118910><> was moved to spectate for being AFK too long.
L 05/29/2020 - 12:10:34: [afk_manager4.smx] Player count for AFK Move minimum is below requirements, feature is now disabled: sm_afk_move_min_players = 4 Current Players = 1
L 05/29/2020 - 12:10:34: [afk_manager4.smx] Player count for AFK Kick minimum is below requirements, feature is now disabled: sm_afk_kick_min_players = 6 Current Players = 1
L 05/29/2020 - 12:10:39: [afk_manager4.smx] Player count for AFK Move minimum has been reached, feature is now enabled: sm_afk_move_min_players = 4 Current Players = 4
L 05/29/2020 - 12:11:06: [afk_manager4.smx] Player count for AFK Kick minimum has been reached, feature is now enabled: sm_afk_kick_min_players = 6 Current Players = 6
L 05/29/2020 - 12:28:49: [afk_manager4.smx] Player count for AFK Move minimum is below requirements, feature is now disabled: sm_afk_move_min_players = 4 Current Players = 1
L 05/29/2020 - 12:28:49: [afk_manager4.smx] Player count for AFK Kick minimum is below requirements, feature is now disabled: sm_afk_kick_min_players = 6 Current Players = 1
L 05/29/2020 - 12:28:57: [afk_manager4.smx] Player count for AFK Move minimum has been reached, feature is now enabled: sm_afk_move_min_players = 4 Current Players = 4
L 05/29/2020 - 12:28:57: [afk_manager4.smx] Player count for AFK Kick minimum has been reached, feature is now enabled: sm_afk_kick_min_players = 6 Current Players = 6
L 05/29/2020 - 12:35:29: [afk_manager4.smx] Swagdoodle.C♥<581><STEAM_1:0:236667518><> was kicked for being AFK too long.
L 05/29/2020 - 12:48:01: [afk_manager4.smx] Player count for AFK Move minimum is below requirements, feature is now disabled: sm_afk_move_min_players = 4 Current Players = 1
L 05/29/2020 - 12:48:01: [afk_manager4.smx] Player count for AFK Kick minimum is below requirements, feature is now disabled: sm_afk_kick_min_players = 6 Current Players = 1
L 05/29/2020 - 12:48:09: [afk_manager4.smx] Player count for AFK Move minimum has been reached, feature is now enabled: sm_afk_move_min_players = 4 Current Players = 4
L 05/29/2020 - 12:48:10: [afk_manager4.smx] Player count for AFK Kick minimum has been reached, feature is now enabled: sm_afk_kick_min_players = 6 Current Players = 6
L 05/29/2020 - 13:07:17: [afk_manager4.smx] Player count for AFK Move minimum is below requirements, feature is now disabled: sm_afk_move_min_players = 4 Current Players = 1
L 05/29/2020 - 13:07:17: [afk_manager4.smx] Player count for AFK Kick minimum is below requirements, feature is now disabled: sm_afk_kick_min_players = 6 Current Players = 1
L 05/29/2020 - 13:07:27: [afk_manager4.smx] Player count for AFK Move minimum has been reached, feature is now enabled: sm_afk_move_min_players = 4 Current Players = 4
L 05/29/2020 - 13:07:34: [afk_manager4.smx] Player count for AFK Kick minimum has been reached, feature is now enabled: sm_afk_kick_min_players = 6 Current Players = 6
L 05/29/2020 - 13:26:42: [afk_manager4.smx] Player count for AFK Move minimum is below requirements, feature is now disabled: sm_afk_move_min_players = 4 Current Players = 1
L 05/29/2020 - 13:26:42: [afk_manager4.smx] Player count for AFK Kick minimum is below requirements, feature is now disabled: sm_afk_kick_min_players = 6 Current Players = 1
L 05/29/2020 - 13:26:48: [afk_manager4.smx] Player count for AFK Move minimum has been reached, feature is now enabled: sm_afk_move_min_players = 4 Current Players = 4
L 05/29/2020 - 13:26:50: [afk_manager4.smx] Player count for AFK Kick minimum has been reached, feature is now enabled: sm_afk_kick_min_players = 6 Current Players = 6
L 05/29/2020 - 13:27:39: [afk_manager4.smx] Swagdoodle.C♥<597><STEAM_1:0:236667518><> was moved to spectate for being AFK too long.
L 05/29/2020 - 13:28:47: [afk_manager4.smx] Swagdoodle.C♥<597><STEAM_1:0:236667518><> was kicked for being AFK too long.
L 05/29/2020 - 13:43:44: [afk_manager4.smx] Player count for AFK Move minimum is below requirements, feature is now disabled: sm_afk_move_min_players = 4 Current Players = 1
L 05/29/2020 - 13:43:44: [afk_manager4.smx] Player count for AFK Kick minimum is below requirements, feature is now disabled: sm_afk_kick_min_players = 6 Current Players = 1
L 05/29/2020 - 13:43:49: [afk_manager4.smx] Player count for AFK Move minimum has been reached, feature is now enabled: sm_afk_move_min_players = 4 Current Players = 4
L 05/29/2020 - 13:43:51: [afk_manager4.smx] Player count for AFK Kick minimum has been reached, feature is now enabled: sm_afk_kick_min_players = 6 Current Players = 6
L 05/29/2020 - 14:01:35: [afk_manager4.smx] Player count for AFK Move minimum is below requirements, feature is now disabled: sm_afk_move_min_players = 4 Current Players = 1
L 05/29/2020 - 14:01:35: [afk_manager4.smx] Player count for AFK Kick minimum is below requirements, feature is now disabled: sm_afk_kick_min_players = 6 Current Players = 1
L 05/29/2020 - 14:01:43: [afk_manager4.smx] Player count for AFK Move minimum has been reached, feature is now enabled: sm_afk_move_min_players = 4 Current Players = 4
L 05/29/2020 - 14:01:44: [afk_manager4.smx] Player count for AFK Kick minimum has been reached, feature is now enabled: sm_afk_kick_min_players = 6 Current Players = 6
L 05/29/2020 - 14:24:21: [afk_manager4.smx] Player count for AFK Kick minimum is below requirements, feature is now disabled: sm_afk_kick_min_players = 6 Current Players = 5
L 05/29/2020 - 14:25:27: [afk_manager4.smx] Player count for AFK Move minimum is below requirements, feature is now disabled: sm_afk_move_min_players = 4 Current Players = 1
L 05/29/2020 - 14:25:54: [afk_manager4.smx] Player count for AFK Move minimum has been reached, feature is now enabled: sm_afk_move_min_players = 4 Current Players = 4
L 05/29/2020 - 14:30:53: [afk_manager4.smx] Player count for AFK Kick minimum has been reached, feature is now enabled: sm_afk_kick_min_players = 6 Current Players = 6
L 05/29/2020 - 14:35:42: [afk_manager4.smx] dreadey<622><STEAM_1:0:28460801><> was kicked for being AFK too long.
L 05/29/2020 - 14:40:25: [afk_manager4.smx] Player count for AFK Move minimum is below requirements, feature is now disabled: sm_afk_move_min_players = 4 Current Players = 1
L 05/29/2020 - 14:40:25: [afk_manager4.smx] Player count for AFK Kick minimum is below requirements, feature is now disabled: sm_afk_kick_min_players = 6 Current Players = 1
L 05/29/2020 - 14:40:27: [afk_manager4.smx] Player count for AFK Move minimum has been reached, feature is now enabled: sm_afk_move_min_players = 4 Current Players = 4
L 05/29/2020 - 14:40:30: [afk_manager4.smx] Player count for AFK Kick minimum has been reached, feature is now enabled: sm_afk_kick_min_players = 6 Current Players = 6
L 05/29/2020 - 14:45:47: [afk_manager4.smx] dreadey<636><STEAM_1:0:28460801><> was kicked for being AFK too long.
L 05/29/2020 - 15:04:30: [afk_manager4.smx] dreadey<641><STEAM_1:0:28460801><> was kicked for being AFK too long.
L 05/29/2020 - 15:17:03: [afk_manager4.smx] Player count for AFK Move minimum is below requirements, feature is now disabled: sm_afk_move_min_players = 4 Current Players = 1
L 05/29/2020 - 15:17:03: [afk_manager4.smx] Player count for AFK Kick minimum is below requirements, feature is now disabled: sm_afk_kick_min_players = 6 Current Players = 1
L 05/29/2020 - 15:17:09: [afk_manager4.smx] Player count for AFK Move minimum has been reached, feature is now enabled: sm_afk_move_min_players = 4 Current Players = 4
L 05/29/2020 - 15:17:12: [afk_manager4.smx] Player count for AFK Kick minimum has been reached, feature is now enabled: sm_afk_kick_min_players = 6 Current Players = 6
L 05/29/2020 - 15:18:20: [afk_manager4.smx] eSalt.Boulbi.<638><STEAM_1:1:506807889><> was moved to spectate for being AFK too long.
L 05/29/2020 - 15:36:30: [afk_manager4.smx] Player count for AFK Move minimum is below requirements, feature is now disabled: sm_afk_move_min_players = 4 Current Players = 1
L 05/29/2020 - 15:36:30: [afk_manager4.smx] Player count for AFK Kick minimum is below requirements, feature is now disabled: sm_afk_kick_min_players = 6 Current Players = 1
L 05/29/2020 - 15:36:32: [afk_manager4.smx] Player count for AFK Move minimum has been reached, feature is now enabled: sm_afk_move_min_players = 4 Current Players = 4
L 05/29/2020 - 15:36:43: [afk_manager4.smx] Player count for AFK Kick minimum has been reached, feature is now enabled: sm_afk_kick_min_players = 6 Current Players = 6
L 05/29/2020 - 15:40:28: [afk_manager4.smx] eSalt.Boulbi.<638><STEAM_1:1:506807889><> was moved to spectate for being AFK too long.
L 05/29/2020 - 15:54:15: [afk_manager4.smx] Player count for AFK Move minimum is below requirements, feature is now disabled: sm_afk_move_min_players = 4 Current Players = 1
L 05/29/2020 - 15:54:15: [afk_manager4.smx] Player count for AFK Kick minimum is below requirements, feature is now disabled: sm_afk_kick_min_players = 6 Current Players = 1
L 05/29/2020 - 15:54:22: [afk_manager4.smx] Player count for AFK Move minimum has been reached, feature is now enabled: sm_afk_move_min_players = 4 Current Players = 4
L 05/29/2020 - 15:54:35: [afk_manager4.smx] Player count for AFK Kick minimum has been reached, feature is now enabled: sm_afk_kick_min_players = 6 Current Players = 6
L 05/29/2020 - 15:59:42: [afk_manager4.smx] EquiNoxX (Selling Knife)<666><STEAM_1:1:150371241><> was moved to spectate for being AFK too long.
L 05/29/2020 - 16:10:55: [afk_manager4.smx] Player count for AFK Move minimum is below requirements, feature is now disabled: sm_afk_move_min_players = 4 Current Players = 1
L 05/29/2020 - 16:10:55: [afk_manager4.smx] Player count for AFK Kick minimum is below requirements, feature is now disabled: sm_afk_kick_min_players = 6 Current Players = 1
L 05/29/2020 - 16:11:08: [afk_manager4.smx] Player count for AFK Move minimum has been reached, feature is now enabled: sm_afk_move_min_players = 4 Current Players = 4
L 05/29/2020 - 16:11:15: [afk_manager4.smx] Player count for AFK Kick minimum has been reached, feature is now enabled: sm_afk_kick_min_players = 6 Current Players = 6
L 05/29/2020 - 16:11:35: [afk_manager4.smx] Player count for AFK Kick minimum is below requirements, feature is now disabled: sm_afk_kick_min_players = 6 Current Players = 5
L 05/29/2020 - 16:19:25: [afk_manager4.smx] Player count for AFK Kick minimum has been reached, feature is now enabled: sm_afk_kick_min_players = 6 Current Players = 6
L 05/29/2020 - 16:27:16: [afk_manager4.smx] Player count for AFK Kick minimum is below requirements, feature is now disabled: sm_afk_kick_min_players = 6 Current Players = 5
L 05/29/2020 - 16:28:08: [afk_manager4.smx] Player count for AFK Move minimum is below requirements, feature is now disabled: sm_afk_move_min_players = 4 Current Players = 3
L 05/29/2020 - 16:28:43: [afk_manager4.smx] Player count for AFK Move minimum has been reached, feature is now enabled: sm_afk_move_min_players = 4 Current Players = 4
L 05/29/2020 - 16:28:50: [afk_manager4.smx] Player count for AFK Kick minimum has been reached, feature is now enabled: sm_afk_kick_min_players = 6 Current Players = 6
L 05/29/2020 - 16:47:54: [afk_manager4.smx] Player count for AFK Move minimum is below requirements, feature is now disabled: sm_afk_move_min_players = 4 Current Players = 1
L 05/29/2020 - 16:47:54: [afk_manager4.smx] Player count for AFK Kick minimum is below requirements, feature is now disabled: sm_afk_kick_min_players = 6 Current Players = 1
L 05/29/2020 - 16:47:59: [afk_manager4.smx] Player count for AFK Move minimum has been reached, feature is now enabled: sm_afk_move_min_players = 4 Current Players = 4
L 05/29/2020 - 16:48:13: [afk_manager4.smx] Player count for AFK Kick minimum has been reached, feature is now enabled: sm_afk_kick_min_players = 6 Current Players = 6
L 05/29/2020 - 16:51:47: [afk_manager4.smx] twitch.tv/antivirusaaron<689><STEAM_1:1:546850011><> was moved to spectate for being AFK too long.
L 05/29/2020 - 16:51:47: [afk_manager4.smx] twitch.tv/stfajee<686><STEAM_1:1:106331638><> was moved to spectate for being AFK too long.
L 05/29/2020 - 16:56:44: [afk_manager4.smx] twitch.tv/antivirusaaron<689><STEAM_1:1:546850011><> was moved to spectate for being AFK too long.
L 05/29/2020 - 17:02:34: [afk_manager4.smx] twitch.tv/antivirusaaron<689><STEAM_1:1:546850011><> was moved to spectate for being AFK too long.
L 05/29/2020 - 17:05:43: [afk_manager4.smx] Player count for AFK Move minimum is below requirements, feature is now disabled: sm_afk_move_min_players = 4 Current Players = 1
L 05/29/2020 - 17:05:43: [afk_manager4.smx] Player count for AFK Kick minimum is below requirements, feature is now disabled: sm_afk_kick_min_players = 6 Current Players = 1
L 05/29/2020 - 17:05:46: [afk_manager4.smx] Player count for AFK Move minimum has been reached, feature is now enabled: sm_afk_move_min_players = 4 Current Players = 4
L 05/29/2020 - 17:05:49: [afk_manager4.smx] Player count for AFK Kick minimum has been reached, feature is now enabled: sm_afk_kick_min_players = 6 Current Players = 6
L 05/29/2020 - 17:11:08: [afk_manager4.smx] Endergates<702><STEAM_1:0:523438342><> was moved to spectate for being AFK too long.
L 05/29/2020 - 17:12:12: [afk_manager4.smx] Endergates<702><STEAM_1:0:523438342><> was kicked for being AFK too long.
L 05/29/2020 - 17:26:24: [afk_manager4.smx] Player count for AFK Kick minimum is below requirements, feature is now disabled: sm_afk_kick_min_players = 6 Current Players = 5
L 05/29/2020 - 17:26:42: [afk_manager4.smx] Player count for AFK Move minimum is below requirements, feature is now disabled: sm_afk_move_min_players = 4 Current Players = 1
L 05/29/2020 - 17:26:58: [afk_manager4.smx] Player count for AFK Move minimum has been reached, feature is now enabled: sm_afk_move_min_players = 4 Current Players = 4
L 05/29/2020 - 17:28:36: [afk_manager4.smx] Player count for AFK Kick minimum has been reached, feature is now enabled: sm_afk_kick_min_players = 6 Current Players = 6
L 05/29/2020 - 17:41:08: [afk_manager4.smx] Sol<727><STEAM_1:1:122588298><> was moved to spectate for being AFK too long.
L 05/29/2020 - 17:45:24: [afk_manager4.smx] Player count for AFK Move minimum is below requirements, feature is now disabled: sm_afk_move_min_players = 4 Current Players = 0
L 05/29/2020 - 17:45:24: [afk_manager4.smx] Player count for AFK Kick minimum is below requirements, feature is now disabled: sm_afk_kick_min_players = 6 Current Players = 0
L 05/29/2020 - 17:45:36: [afk_manager4.smx] Player count for AFK Move minimum has been reached, feature is now enabled: sm_afk_move_min_players = 4 Current Players = 4
L 05/29/2020 - 17:45:53: [afk_manager4.smx] Player count for AFK Kick minimum has been reached, feature is now enabled: sm_afk_kick_min_players = 6 Current Players = 6
L 05/29/2020 - 18:05:34: [afk_manager4.smx] Player count for AFK Move minimum is below requirements, feature is now disabled: sm_afk_move_min_players = 4 Current Players = 1
L 05/29/2020 - 18:05:34: [afk_manager4.smx] Player count for AFK Kick minimum is below requirements, feature is now disabled: sm_afk_kick_min_players = 6 Current Players = 1
L 05/29/2020 - 18:05:36: [afk_manager4.smx] Player count for AFK Move minimum has been reached, feature is now enabled: sm_afk_move_min_players = 4 Current Players = 4
L 05/29/2020 - 18:05:40: [afk_manager4.smx] Player count for AFK Kick minimum has been reached, feature is now enabled: sm_afk_kick_min_players = 6 Current Players = 6
L 05/29/2020 - 18:24:10: [afk_manager4.smx] Player count for AFK Kick minimum is below requirements, feature is now disabled: sm_afk_kick_min_players = 6 Current Players = 5
L 05/29/2020 - 18:24:18: [afk_manager4.smx] Player count for AFK Move minimum is below requirements, feature is now disabled: sm_afk_move_min_players = 4 Current Players = 3
L 05/29/2020 - 18:32:58: [afk_manager4.smx] Player count for AFK Move minimum has been reached, feature is now enabled: sm_afk_move_min_players = 4 Current Players = 4
L 05/29/2020 - 18:33:53: [afk_manager4.smx] Player count for AFK Kick minimum has been reached, feature is now enabled: sm_afk_kick_min_players = 6 Current Players = 6
L 05/29/2020 - 18:42:54: [afk_manager4.smx] Player count for AFK Move minimum is below requirements, feature is now disabled: sm_afk_move_min_players = 4 Current Players = 1
L 05/29/2020 - 18:42:54: [afk_manager4.smx] Player count for AFK Kick minimum is below requirements, feature is now disabled: sm_afk_kick_min_players = 6 Current Players = 1
L 05/29/2020 - 18:42:58: [afk_manager4.smx] Player count for AFK Move minimum has been reached, feature is now enabled: sm_afk_move_min_players = 4 Current Players = 4
L 05/29/2020 - 18:42:59: [afk_manager4.smx] Player count for AFK Kick minimum has been reached, feature is now enabled: sm_afk_kick_min_players = 6 Current Players = 6
L 05/29/2020 - 18:43:34: [afk_manager4.smx] LDK<753><STEAM_1:1:461806430><> was moved to spectate for being AFK too long.
L 05/29/2020 - 18:45:51: [afk_manager4.smx] Player count for AFK Move minimum is below requirements, feature is now disabled: sm_afk_move_min_players = 4 Current Players = 1
L 05/29/2020 - 18:45:51: [afk_manager4.smx] Player count for AFK Kick minimum is below requirements, feature is now disabled: sm_afk_kick_min_players = 6 Current Players = 1
L 05/29/2020 - 18:45:54: [afk_manager4.smx] Player count for AFK Move minimum has been reached, feature is now enabled: sm_afk_move_min_players = 4 Current Players = 4
L 05/29/2020 - 18:45:57: [afk_manager4.smx] Player count for AFK Kick minimum has been reached, feature is now enabled: sm_afk_kick_min_players = 6 Current Players = 6
L 05/29/2020 - 18:48:42: [afk_manager4.smx] LDK<753><STEAM_1:1:461806430><> was moved to spectate for being AFK too long.
L 05/29/2020 - 18:53:35: [afk_manager4.smx] LDK<753><STEAM_1:1:461806430><> was moved to spectate for being AFK too long.
L 05/29/2020 - 18:57:08: [afk_manager4.smx] Haai<768><STEAM_1:0:187191570><> was moved to spectate for being AFK too long.
L 05/29/2020 - 18:58:16: [afk_manager4.smx] Haai<768><STEAM_1:0:187191570><> was kicked for being AFK too long.
L 05/29/2020 - 19:04:07: [afk_manager4.smx] Player count for AFK Move minimum is below requirements, feature is now disabled: sm_afk_move_min_players = 4 Current Players = 1
L 05/29/2020 - 19:04:07: [afk_manager4.smx] Player count for AFK Kick minimum is below requirements, feature is now disabled: sm_afk_kick_min_players = 6 Current Players = 1
L 05/29/2020 - 19:04:11: [afk_manager4.smx] Player count for AFK Move minimum has been reached, feature is now enabled: sm_afk_move_min_players = 4 Current Players = 4
L 05/29/2020 - 19:04:12: [afk_manager4.smx] Player count for AFK Kick minimum has been reached, feature is now enabled: sm_afk_kick_min_players = 6 Current Players = 6
L 05/29/2020 - 19:23:43: [afk_manager4.smx] Player count for AFK Move minimum is below requirements, feature is now disabled: sm_afk_move_min_players = 4 Current Players = 0
L 05/29/2020 - 19:23:43: [afk_manager4.smx] Player count for AFK Kick minimum is below requirements, feature is now disabled: sm_afk_kick_min_players = 6 Current Players = 0
L 05/29/2020 - 19:23:55: [afk_manager4.smx] Player count for AFK Move minimum has been reached, feature is now enabled: sm_afk_move_min_players = 4 Current Players = 4
L 05/29/2020 - 19:23:56: [afk_manager4.smx] Player count for AFK Kick minimum has been reached, feature is now enabled: sm_afk_kick_min_players = 6 Current Players = 6
L 05/29/2020 - 19:41:51: [afk_manager4.smx] Player count for AFK Move minimum is below requirements, feature is now disabled: sm_afk_move_min_players = 4 Current Players = 1
L 05/29/2020 - 19:41:51: [afk_manager4.smx] Player count for AFK Kick minimum is below requirements, feature is now disabled: sm_afk_kick_min_players = 6 Current Players = 1
L 05/29/2020 - 19:41:59: [afk_manager4.smx] Player count for AFK Move minimum has been reached, feature is now enabled: sm_afk_move_min_players = 4 Current Players = 4
L 05/29/2020 - 19:42:05: [afk_manager4.smx] Player count for AFK Kick minimum has been reached, feature is now enabled: sm_afk_kick_min_players = 6 Current Players = 6
L 05/29/2020 - 20:01:55: [afk_manager4.smx] Player count for AFK Move minimum is below requirements, feature is now disabled: sm_afk_move_min_players = 4 Current Players = 1
L 05/29/2020 - 20:01:55: [afk_manager4.smx] Player count for AFK Kick minimum is below requirements, feature is now disabled: sm_afk_kick_min_players = 6 Current Players = 1
L 05/29/2020 - 20:02:00: [afk_manager4.smx] Player count for AFK Move minimum has been reached, feature is now enabled: sm_afk_move_min_players = 4 Current Players = 4
L 05/29/2020 - 20:02:08: [afk_manager4.smx] Player count for AFK Kick minimum has been reached, feature is now enabled: sm_afk_kick_min_players = 6 Current Players = 6
L 05/29/2020 - 20:21:21: [afk_manager4.smx] Player count for AFK Move minimum is below requirements, feature is now disabled: sm_afk_move_min_players = 4 Current Players = 1
L 05/29/2020 - 20:21:21: [afk_manager4.smx] Player count for AFK Kick minimum is below requirements, feature is now disabled: sm_afk_kick_min_players = 6 Current Players = 1
L 05/29/2020 - 20:21:29: [afk_manager4.smx] Player count for AFK Move minimum has been reached, feature is now enabled: sm_afk_move_min_players = 4 Current Players = 4
L 05/29/2020 - 20:21:58: [afk_manager4.smx] Player count for AFK Kick minimum has been reached, feature is now enabled: sm_afk_kick_min_players = 6 Current Players = 6
L 05/29/2020 - 20:42:23: [afk_manager4.smx] Player count for AFK Move minimum is below requirements, feature is now disabled: sm_afk_move_min_players = 4 Current Players = 1
L 05/29/2020 - 20:42:23: [afk_manager4.smx] Player count for AFK Kick minimum is below requirements, feature is now disabled: sm_afk_kick_min_players = 6 Current Players = 1
L 05/29/2020 - 20:42:26: [afk_manager4.smx] Player count for AFK Move minimum has been reached, feature is now enabled: sm_afk_move_min_players = 4 Current Players = 4
L 05/29/2020 - 20:42:27: [afk_manager4.smx] Player count for AFK Kick minimum has been reached, feature is now enabled: sm_afk_kick_min_players = 6 Current Players = 6
L 05/29/2020 - 21:01:10: [afk_manager4.smx] Player count for AFK Move minimum is below requirements, feature is now disabled: sm_afk_move_min_players = 4 Current Players = 1
L 05/29/2020 - 21:01:10: [afk_manager4.smx] Player count for AFK Kick minimum is below requirements, feature is now disabled: sm_afk_kick_min_players = 6 Current Players = 1
L 05/29/2020 - 21:01:12: [afk_manager4.smx] Player count for AFK Move minimum has been reached, feature is now enabled: sm_afk_move_min_players = 4 Current Players = 4
L 05/29/2020 - 21:01:13: [afk_manager4.smx] Player count for AFK Kick minimum has been reached, feature is now enabled: sm_afk_kick_min_players = 6 Current Players = 6
L 05/29/2020 - 21:05:48: [afk_manager4.smx] Ryuk<829><STEAM_1:0:88800408><> was moved to spectate for being AFK too long.
L 05/29/2020 - 21:12:45: [afk_manager4.smx] Ryuk<829><STEAM_1:0:88800408><> was kicked for being AFK too long.
L 05/29/2020 - 21:15:46: [afk_manager4.smx] Ryuk<830><STEAM_1:0:88800408><> was kicked for being AFK too long.
L 05/29/2020 - 21:20:34: [afk_manager4.smx] Player count for AFK Move minimum is below requirements, feature is now disabled: sm_afk_move_min_players = 4 Current Players = 1
L 05/29/2020 - 21:20:34: [afk_manager4.smx] Player count for AFK Kick minimum is below requirements, feature is now disabled: sm_afk_kick_min_players = 6 Current Players = 1
L 05/29/2020 - 21:20:41: [afk_manager4.smx] Player count for AFK Move minimum has been reached, feature is now enabled: sm_afk_move_min_players = 4 Current Players = 4
L 05/29/2020 - 21:21:03: [afk_manager4.smx] Player count for AFK Kick minimum has been reached, feature is now enabled: sm_afk_kick_min_players = 6 Current Players = 6
L 05/29/2020 - 21:27:27: [afk_manager4.smx] Vtoz<836><STEAM_1:1:436528462><> was kicked for being AFK too long.
L 05/29/2020 - 21:39:39: [afk_manager4.smx] Player count for AFK Move minimum is below requirements, feature is now disabled: sm_afk_move_min_players = 4 Current Players = 1
L 05/29/2020 - 21:39:39: [afk_manager4.smx] Player count for AFK Kick minimum is below requirements, feature is now disabled: sm_afk_kick_min_players = 6 Current Players = 1
L 05/29/2020 - 21:39:42: [afk_manager4.smx] Player count for AFK Move minimum has been reached, feature is now enabled: sm_afk_move_min_players = 4 Current Players = 4
L 05/29/2020 - 21:39:51: [afk_manager4.smx] Player count for AFK Kick minimum has been reached, feature is now enabled: sm_afk_kick_min_players = 6 Current Players = 6
L 05/29/2020 - 21:55:32: [afk_manager4.smx] Stickypewpew<843><STEAM_1:1:101965602><> was kicked for being AFK too long.
L 05/29/2020 - 21:58:19: [afk_manager4.smx] Player count for AFK Move minimum is below requirements, feature is now disabled: sm_afk_move_min_players = 4 Current Players = 1
L 05/29/2020 - 21:58:19: [afk_manager4.smx] Player count for AFK Kick minimum is below requirements, feature is now disabled: sm_afk_kick_min_players = 6 Current Players = 1
L 05/29/2020 - 21:58:24: [afk_manager4.smx] Player count for AFK Move minimum has been reached, feature is now enabled: sm_afk_move_min_players = 4 Current Players = 4
L 05/29/2020 - 21:58:32: [afk_manager4.smx] Player count for AFK Kick minimum has been reached, feature is now enabled: sm_afk_kick_min_players = 6 Current Players = 6
L 05/29/2020 - 22:07:06: [afk_manager4.smx] Hoekom<849><STEAM_1:1:79559436><> was moved to spectate for being AFK too long.
L 05/29/2020 - 22:08:18: [afk_manager4.smx] Hoekom<849><STEAM_1:1:79559436><> was kicked for being AFK too long.
L 05/29/2020 - 22:17:39: [afk_manager4.smx] Player count for AFK Move minimum is below requirements, feature is now disabled: sm_afk_move_min_players = 4 Current Players = 1
L 05/29/2020 - 22:17:39: [afk_manager4.smx] Player count for AFK Kick minimum is below requirements, feature is now disabled: sm_afk_kick_min_players = 6 Current Players = 1
L 05/29/2020 - 22:17:53: [afk_manager4.smx] Player count for AFK Move minimum has been reached, feature is now enabled: sm_afk_move_min_players = 4 Current Players = 4
L 05/29/2020 - 22:18:01: [afk_manager4.smx] Player count for AFK Kick minimum has been reached, feature is now enabled: sm_afk_kick_min_players = 6 Current Players = 6
L 05/29/2020 - 22:28:06: [afk_manager4.smx] twitch.tv/antivirusaaron<860><STEAM_1:1:546850011><> was moved to spectate for being AFK too long.
L 05/29/2020 - 22:30:02: [afk_manager4.smx] twitch.tv/antivirusaaron<860><STEAM_1:1:546850011><> was kicked for being AFK too long.
L 05/29/2020 - 22:36:21: [afk_manager4.smx] Player count for AFK Move minimum is below requirements, feature is now disabled: sm_afk_move_min_players = 4 Current Players = 1
L 05/29/2020 - 22:36:21: [afk_manager4.smx] Player count for AFK Kick minimum is below requirements, feature is now disabled: sm_afk_kick_min_players = 6 Current Players = 1
L 05/29/2020 - 22:36:23: [afk_manager4.smx] Player count for AFK Move minimum has been reached, feature is now enabled: sm_afk_move_min_players = 4 Current Players = 4
L 05/29/2020 - 22:36:49: [afk_manager4.smx] Player count for AFK Kick minimum has been reached, feature is now enabled: sm_afk_kick_min_players = 6 Current Players = 6
L 05/29/2020 - 22:54:16: [afk_manager4.smx] Player count for AFK Move minimum is below requirements, feature is now disabled: sm_afk_move_min_players = 4 Current Players = 1
L 05/29/2020 - 22:54:16: [afk_manager4.smx] Player count for AFK Kick minimum is below requirements, feature is now disabled: sm_afk_kick_min_players = 6 Current Players = 1
L 05/29/2020 - 22:54:23: [afk_manager4.smx] Player count for AFK Move minimum has been reached, feature is now enabled: sm_afk_move_min_players = 4 Current Players = 4
L 05/29/2020 - 22:54:36: [afk_manager4.smx] Player count for AFK Kick minimum has been reached, feature is now enabled: sm_afk_kick_min_players = 6 Current Players = 6
L 05/29/2020 - 22:58:01: [afk_manager4.smx] twitch.tv/antivirusaaron<869><STEAM_1:1:546850011><> was moved to spectate for being AFK too long.
L 05/29/2020 - 22:59:09: [afk_manager4.smx] twitch.tv/antivirusaaron<869><STEAM_1:1:546850011><> was kicked for being AFK too long.
L 05/29/2020 - 23:09:41: [afk_manager4.smx] Player count for AFK Kick minimum is below requirements, feature is now disabled: sm_afk_kick_min_players = 6 Current Players = 5
L 05/29/2020 - 23:10:18: [afk_manager4.smx] Player count for AFK Move minimum is below requirements, feature is now disabled: sm_afk_move_min_players = 4 Current Players = 3
L 05/29/2020 - 23:42:17: [afk_manager4.smx] Player count for AFK Move minimum has been reached, feature is now enabled: sm_afk_move_min_players = 4 Current Players = 4
L 05/29/2020 - 23:43:26: [afk_manager4.smx] Player count for AFK Kick minimum has been reached, feature is now enabled: sm_afk_kick_min_players = 6 Current Players = 6
L 05/29/2020 - 23:52:30: [afk_manager4.smx] Player count for AFK Move minimum is below requirements, feature is now disabled: sm_afk_move_min_players = 4 Current Players = 1
L 05/29/2020 - 23:52:30: [afk_manager4.smx] Player count for AFK Kick minimum is below requirements, feature is now disabled: sm_afk_kick_min_players = 6 Current Players = 1
L 05/29/2020 - 23:52:34: [afk_manager4.smx] Player count for AFK Move minimum has been reached, feature is now enabled: sm_afk_move_min_players = 4 Current Players = 4
L 05/29/2020 - 23:52:37: [afk_manager4.smx] Player count for AFK Kick minimum has been reached, feature is now enabled: sm_afk_kick_min_players = 6 Current Players = 6
L 05/30/2020 - 00:12:11: [afk_manager4.smx] seX/?<877><STEAM_1:0:531627046><> was moved to spectate for being AFK too long.
L 05/30/2020 - 00:13:52: [afk_manager4.smx] Player count for AFK Kick minimum is below requirements, feature is now disabled: sm_afk_kick_min_players = 6 Current Players = 5
L 05/30/2020 - 00:14:05: [afk_manager4.smx] Player count for AFK Kick minimum has been reached, feature is now enabled: sm_afk_kick_min_players = 6 Current Players = 6
