L 05/30/2020 - 00:26:51: [afk_manager4.smx] Player count for AFK Move minimum is below requirements, feature is now disabled: sm_afk_move_min_players = 4 Current Players = 1
L 05/30/2020 - 00:26:51: [afk_manager4.smx] Player count for AFK Kick minimum is below requirements, feature is now disabled: sm_afk_kick_min_players = 6 Current Players = 1
L 05/30/2020 - 00:27:03: [afk_manager4.smx] Player count for AFK Move minimum has been reached, feature is now enabled: sm_afk_move_min_players = 4 Current Players = 4
L 05/30/2020 - 00:27:14: [afk_manager4.smx] Player count for AFK Kick minimum has been reached, feature is now enabled: sm_afk_kick_min_players = 6 Current Players = 6
L 05/30/2020 - 00:46:00: [afk_manager4.smx] Player count for AFK Move minimum is below requirements, feature is now disabled: sm_afk_move_min_players = 4 Current Players = 1
L 05/30/2020 - 00:46:00: [afk_manager4.smx] Player count for AFK Kick minimum is below requirements, feature is now disabled: sm_afk_kick_min_players = 6 Current Players = 1
L 05/30/2020 - 00:46:08: [afk_manager4.smx] Player count for AFK Move minimum has been reached, feature is now enabled: sm_afk_move_min_players = 4 Current Players = 4
L 05/30/2020 - 00:46:21: [afk_manager4.smx] Player count for AFK Kick minimum has been reached, feature is now enabled: sm_afk_kick_min_players = 6 Current Players = 6
L 05/30/2020 - 00:53:18: [afk_manager4.smx] Player count for AFK Kick minimum is below requirements, feature is now disabled: sm_afk_kick_min_players = 6 Current Players = 5
L 05/30/2020 - 01:00:10: [afk_manager4.smx] Player count for AFK Kick minimum has been reached, feature is now enabled: sm_afk_kick_min_players = 6 Current Players = 6
L 05/30/2020 - 01:06:29: [afk_manager4.smx] Player count for AFK Kick minimum is below requirements, feature is now disabled: sm_afk_kick_min_players = 6 Current Players = 5
L 05/30/2020 - 01:07:14: [afk_manager4.smx] Player count for AFK Move minimum is below requirements, feature is now disabled: sm_afk_move_min_players = 4 Current Players = 1
L 05/30/2020 - 01:07:25: [afk_manager4.smx] Player count for AFK Move minimum has been reached, feature is now enabled: sm_afk_move_min_players = 4 Current Players = 4
L 05/30/2020 - 01:16:28: [afk_manager4.smx] Player count for AFK Kick minimum has been reached, feature is now enabled: sm_afk_kick_min_players = 6 Current Players = 6
L 05/30/2020 - 01:24:53: [afk_manager4.smx] Player count for AFK Kick minimum is below requirements, feature is now disabled: sm_afk_kick_min_players = 6 Current Players = 5
L 05/30/2020 - 01:25:21: [afk_manager4.smx] Player count for AFK Move minimum is below requirements, feature is now disabled: sm_afk_move_min_players = 4 Current Players = 1
L 05/30/2020 - 01:25:24: [afk_manager4.smx] Player count for AFK Move minimum has been reached, feature is now enabled: sm_afk_move_min_players = 4 Current Players = 4
L 05/30/2020 - 01:33:40: [afk_manager4.smx] Player count for AFK Kick minimum has been reached, feature is now enabled: sm_afk_kick_min_players = 6 Current Players = 6
L 05/30/2020 - 01:39:42: [afk_manager4.smx] Player count for AFK Kick minimum is below requirements, feature is now disabled: sm_afk_kick_min_players = 6 Current Players = 5
L 05/30/2020 - 01:43:33: [afk_manager4.smx] Player count for AFK Move minimum is below requirements, feature is now disabled: sm_afk_move_min_players = 4 Current Players = 1
L 05/30/2020 - 01:44:41: [afk_manager4.smx] Player count for AFK Move minimum has been reached, feature is now enabled: sm_afk_move_min_players = 4 Current Players = 4
L 05/30/2020 - 01:47:24: [afk_manager4.smx] whazz<933><STEAM_1:1:65868867><> was moved to spectate for being AFK too long.
L 05/30/2020 - 01:57:50: [afk_manager4.smx] Player count for AFK Move minimum is below requirements, feature is now disabled: sm_afk_move_min_players = 4 Current Players = 1
L 05/30/2020 - 02:02:15: [afk_manager4.smx] Player count for AFK Move minimum has been reached, feature is now enabled: sm_afk_move_min_players = 4 Current Players = 4
L 05/30/2020 - 02:14:02: [afk_manager4.smx] Player count for AFK Move minimum is below requirements, feature is now disabled: sm_afk_move_min_players = 4 Current Players = 1
L 05/30/2020 - 02:14:15: [afk_manager4.smx] Player count for AFK Move minimum has been reached, feature is now enabled: sm_afk_move_min_players = 4 Current Players = 4
L 05/30/2020 - 02:28:39: [afk_manager4.smx] Player count for AFK Move minimum is below requirements, feature is now disabled: sm_afk_move_min_players = 4 Current Players = 3
L 05/30/2020 - 10:11:00: [afk_manager4.smx] Player count for AFK Move minimum has been reached, feature is now enabled: sm_afk_move_min_players = 4 Current Players = 4
L 05/30/2020 - 10:16:03: [afk_manager4.smx] Player count for AFK Kick minimum has been reached, feature is now enabled: sm_afk_kick_min_players = 6 Current Players = 6
L 05/30/2020 - 10:21:29: [afk_manager4.smx] l3gend<955><STEAM_1:1:201079111><> was moved to spectate for being AFK too long.
L 05/30/2020 - 10:26:11: [afk_manager4.smx] Player count for AFK Move minimum is below requirements, feature is now disabled: sm_afk_move_min_players = 4 Current Players = 1
L 05/30/2020 - 10:26:11: [afk_manager4.smx] Player count for AFK Kick minimum is below requirements, feature is now disabled: sm_afk_kick_min_players = 6 Current Players = 1
L 05/30/2020 - 10:26:21: [afk_manager4.smx] Player count for AFK Move minimum has been reached, feature is now enabled: sm_afk_move_min_players = 4 Current Players = 4
L 05/30/2020 - 10:26:46: [afk_manager4.smx] Player count for AFK Kick minimum has been reached, feature is now enabled: sm_afk_kick_min_players = 6 Current Players = 6
L 05/30/2020 - 10:41:17: [afk_manager4.smx] k34nU<949><STEAM_1:1:210426120><> was moved to spectate for being AFK too long.
L 05/30/2020 - 10:43:42: [afk_manager4.smx] k34nU<949><STEAM_1:1:210426120><> was kicked for being AFK too long.
L 05/30/2020 - 10:45:34: [afk_manager4.smx] Player count for AFK Move minimum is below requirements, feature is now disabled: sm_afk_move_min_players = 4 Current Players = 1
L 05/30/2020 - 10:45:34: [afk_manager4.smx] Player count for AFK Kick minimum is below requirements, feature is now disabled: sm_afk_kick_min_players = 6 Current Players = 1
L 05/30/2020 - 10:45:41: [afk_manager4.smx] Player count for AFK Move minimum has been reached, feature is now enabled: sm_afk_move_min_players = 4 Current Players = 4
L 05/30/2020 - 10:45:52: [afk_manager4.smx] Player count for AFK Kick minimum has been reached, feature is now enabled: sm_afk_kick_min_players = 6 Current Players = 6
L 05/30/2020 - 10:54:58: [afk_manager4.smx] moonzZ<966><STEAM_1:0:117121025><> was moved to spectate for being AFK too long.
L 05/30/2020 - 11:06:08: [afk_manager4.smx] Player count for AFK Move minimum is below requirements, feature is now disabled: sm_afk_move_min_players = 4 Current Players = 1
L 05/30/2020 - 11:06:08: [afk_manager4.smx] Player count for AFK Kick minimum is below requirements, feature is now disabled: sm_afk_kick_min_players = 6 Current Players = 1
L 05/30/2020 - 11:06:12: [afk_manager4.smx] Player count for AFK Move minimum has been reached, feature is now enabled: sm_afk_move_min_players = 4 Current Players = 4
L 05/30/2020 - 11:06:13: [afk_manager4.smx] Player count for AFK Kick minimum has been reached, feature is now enabled: sm_afk_kick_min_players = 6 Current Players = 6
L 05/30/2020 - 11:12:03: [afk_manager4.smx] YT RIDGBAK_za<956><STEAM_1:0:177802797><> was moved to spectate for being AFK too long.
L 05/30/2020 - 11:13:11: [afk_manager4.smx] twitch.tv/antivirusaaron<967><STEAM_1:1:546850011><> was moved to spectate for being AFK too long.
L 05/30/2020 - 11:14:52: [afk_manager4.smx] twitch.tv/antivirusaaron<967><STEAM_1:1:546850011><> was kicked for being AFK too long.
L 05/30/2020 - 11:27:20: [afk_manager4.smx] Player count for AFK Move minimum is below requirements, feature is now disabled: sm_afk_move_min_players = 4 Current Players = 1
L 05/30/2020 - 11:27:20: [afk_manager4.smx] Player count for AFK Kick minimum is below requirements, feature is now disabled: sm_afk_kick_min_players = 6 Current Players = 1
L 05/30/2020 - 11:27:29: [afk_manager4.smx] Player count for AFK Move minimum has been reached, feature is now enabled: sm_afk_move_min_players = 4 Current Players = 4
L 05/30/2020 - 11:30:28: [afk_manager4.smx] Player count for AFK Kick minimum has been reached, feature is now enabled: sm_afk_kick_min_players = 6 Current Players = 6
L 05/30/2020 - 11:31:22: [afk_manager4.smx] ZaIvan<950><STEAM_1:0:458776482><> was moved to spectate for being AFK too long.
L 05/30/2020 - 11:31:22: [afk_manager4.smx] twitch.tv/antivirusaaron<973><STEAM_1:1:546850011><> was moved to spectate for being AFK too long.
L 05/30/2020 - 11:36:34: [afk_manager4.smx] k34nU<963><STEAM_1:1:210426120><> was moved to spectate for being AFK too long.
L 05/30/2020 - 11:36:34: [afk_manager4.smx] ZaIvan<950><STEAM_1:0:458776482><> was moved to spectate for being AFK too long.
L 05/30/2020 - 11:37:16: [afk_manager4.smx] k34nU<963><STEAM_1:1:210426120><> was moved to spectate for being AFK too long.
L 05/30/2020 - 11:37:57: [afk_manager4.smx] ZaIvan<950><STEAM_1:0:458776482><> was moved to spectate for being AFK too long.
L 05/30/2020 - 11:38:52: [afk_manager4.smx] twitch.tv/antivirusaaron<973><STEAM_1:1:546850011><> was moved to spectate for being AFK too long.
L 05/30/2020 - 11:39:12: [afk_manager4.smx] k34nU<963><STEAM_1:1:210426120><> was kicked for being AFK too long.
L 05/30/2020 - 11:45:00: [afk_manager4.smx] twitch.tv/antivirusaaron<973><STEAM_1:1:546850011><> was moved to spectate for being AFK too long.
L 05/30/2020 - 11:46:17: [afk_manager4.smx] Player count for AFK Move minimum is below requirements, feature is now disabled: sm_afk_move_min_players = 4 Current Players = 1
L 05/30/2020 - 11:46:17: [afk_manager4.smx] Player count for AFK Kick minimum is below requirements, feature is now disabled: sm_afk_kick_min_players = 6 Current Players = 1
L 05/30/2020 - 11:46:26: [afk_manager4.smx] Player count for AFK Move minimum has been reached, feature is now enabled: sm_afk_move_min_players = 4 Current Players = 4
L 05/30/2020 - 11:46:26: [afk_manager4.smx] Player count for AFK Kick minimum has been reached, feature is now enabled: sm_afk_kick_min_players = 6 Current Players = 6
L 05/30/2020 - 11:53:35: [afk_manager4.smx] Mr Turkey<977><STEAM_1:0:79277684><> was moved to spectate for being AFK too long.
L 05/30/2020 - 11:55:27: [afk_manager4.smx] Mr Turkey<977><STEAM_1:0:79277684><> was kicked for being AFK too long.
L 05/30/2020 - 11:58:18: [afk_manager4.smx] Player count for AFK Kick minimum is below requirements, feature is now disabled: sm_afk_kick_min_players = 6 Current Players = 5
L 05/30/2020 - 11:59:29: [afk_manager4.smx] twitch.tv/antivirusaaron<973><STEAM_1:1:546850011><> was moved to spectate for being AFK too long.
L 05/30/2020 - 12:00:46: [afk_manager4.smx] Player count for AFK Kick minimum has been reached, feature is now enabled: sm_afk_kick_min_players = 6 Current Players = 6
L 05/30/2020 - 12:08:36: [afk_manager4.smx] twitch.tv/antivirusaaron<973><STEAM_1:1:546850011><> was moved to spectate for being AFK too long.
L 05/30/2020 - 12:13:51: [afk_manager4.smx] twitch.tv/antivirusaaron<973><STEAM_1:1:546850011><> was moved to spectate for being AFK too long.
L 05/30/2020 - 12:17:33: [afk_manager4.smx] twitch.tv/antivirusaaron<973><STEAM_1:1:546850011><> was moved to spectate for being AFK too long.
L 05/30/2020 - 12:22:48: [afk_manager4.smx] twitch.tv/antivirusaaron<973><STEAM_1:1:546850011><> was kicked for being AFK too long.
L 05/30/2020 - 12:26:13: [afk_manager4.smx] twitch.tv/antivirusaaron<996><STEAM_1:1:546850011><> was moved to spectate for being AFK too long.
L 05/30/2020 - 12:27:32: [afk_manager4.smx] twitch.tv/antivirusaaron<996><STEAM_1:1:546850011><> was moved to spectate for being AFK too long.
L 05/30/2020 - 12:30:35: [afk_manager4.smx] twitch.tv/antivirusaaron<996><STEAM_1:1:546850011><> was moved to spectate for being AFK too long.
L 05/30/2020 - 12:34:53: [afk_manager4.smx] twitch.tv/antivirusaaron<996><STEAM_1:1:546850011><> was kicked for being AFK too long.
L 05/30/2020 - 13:15:46: [afk_manager4.smx] Mighty<1011><STEAM_1:0:166853938><> was moved to spectate for being AFK too long.
L 05/30/2020 - 13:17:38: [afk_manager4.smx] Mighty<1011><STEAM_1:0:166853938><> was kicked for being AFK too long.
L 05/30/2020 - 13:24:36: [afk_manager4.smx] Player count for AFK Move minimum is below requirements, feature is now disabled: sm_afk_move_min_players = 4 Current Players = 1
L 05/30/2020 - 13:24:36: [afk_manager4.smx] Player count for AFK Kick minimum is below requirements, feature is now disabled: sm_afk_kick_min_players = 6 Current Players = 1
L 05/30/2020 - 13:24:44: [afk_manager4.smx] Player count for AFK Move minimum has been reached, feature is now enabled: sm_afk_move_min_players = 4 Current Players = 4
L 05/30/2020 - 13:24:47: [afk_manager4.smx] Player count for AFK Kick minimum has been reached, feature is now enabled: sm_afk_kick_min_players = 6 Current Players = 6
L 05/30/2020 - 13:44:36: [afk_manager4.smx] Player count for AFK Move minimum is below requirements, feature is now disabled: sm_afk_move_min_players = 4 Current Players = 1
L 05/30/2020 - 13:44:36: [afk_manager4.smx] Player count for AFK Kick minimum is below requirements, feature is now disabled: sm_afk_kick_min_players = 6 Current Players = 1
L 05/30/2020 - 13:44:47: [afk_manager4.smx] Player count for AFK Move minimum has been reached, feature is now enabled: sm_afk_move_min_players = 4 Current Players = 4
L 05/30/2020 - 13:44:52: [afk_manager4.smx] Player count for AFK Kick minimum has been reached, feature is now enabled: sm_afk_kick_min_players = 6 Current Players = 6
L 05/30/2020 - 13:52:08: [afk_manager4.smx] ✪ кєєnคn™<1031><STEAM_1:1:58902672><> was moved to spectate for being AFK too long.
L 05/30/2020 - 13:55:38: [afk_manager4.smx] blue<1003><STEAM_1:0:155392032><> was moved to spectate for being AFK too long.
L 05/30/2020 - 13:57:00: [afk_manager4.smx] blue<1003><STEAM_1:0:155392032><> was kicked for being AFK too long.
L 05/30/2020 - 14:01:37: [afk_manager4.smx] Player count for AFK Move minimum is below requirements, feature is now disabled: sm_afk_move_min_players = 4 Current Players = 1
L 05/30/2020 - 14:01:37: [afk_manager4.smx] Player count for AFK Kick minimum is below requirements, feature is now disabled: sm_afk_kick_min_players = 6 Current Players = 1
L 05/30/2020 - 14:01:43: [afk_manager4.smx] Player count for AFK Move minimum has been reached, feature is now enabled: sm_afk_move_min_players = 4 Current Players = 4
L 05/30/2020 - 14:01:49: [afk_manager4.smx] Player count for AFK Kick minimum has been reached, feature is now enabled: sm_afk_kick_min_players = 6 Current Players = 6
L 05/30/2020 - 14:21:17: [afk_manager4.smx] Player count for AFK Move minimum is below requirements, feature is now disabled: sm_afk_move_min_players = 4 Current Players = 1
L 05/30/2020 - 14:21:17: [afk_manager4.smx] Player count for AFK Kick minimum is below requirements, feature is now disabled: sm_afk_kick_min_players = 6 Current Players = 1
L 05/30/2020 - 14:21:19: [afk_manager4.smx] Player count for AFK Move minimum has been reached, feature is now enabled: sm_afk_move_min_players = 4 Current Players = 4
L 05/30/2020 - 14:21:25: [afk_manager4.smx] Player count for AFK Kick minimum has been reached, feature is now enabled: sm_afk_kick_min_players = 6 Current Players = 6
L 05/30/2020 - 14:22:38: [afk_manager4.smx] bred<1044><STEAM_1:1:195773812><> was moved to spectate for being AFK too long.
L 05/30/2020 - 14:23:46: [afk_manager4.smx] bred<1044><STEAM_1:1:195773812><> was kicked for being AFK too long.
L 05/30/2020 - 14:36:48: [afk_manager4.smx] Robin Hood<1032><STEAM_1:0:461274161><> was moved to spectate for being AFK too long.
L 05/30/2020 - 14:43:10: [afk_manager4.smx] Player count for AFK Move minimum is below requirements, feature is now disabled: sm_afk_move_min_players = 4 Current Players = 1
L 05/30/2020 - 14:43:10: [afk_manager4.smx] Player count for AFK Kick minimum is below requirements, feature is now disabled: sm_afk_kick_min_players = 6 Current Players = 1
L 05/30/2020 - 14:43:15: [afk_manager4.smx] Player count for AFK Move minimum has been reached, feature is now enabled: sm_afk_move_min_players = 4 Current Players = 4
L 05/30/2020 - 14:43:19: [afk_manager4.smx] Player count for AFK Kick minimum has been reached, feature is now enabled: sm_afk_kick_min_players = 6 Current Players = 6
L 05/30/2020 - 14:47:37: [afk_manager4.smx] NuerotoxicFool<1041><STEAM_1:0:179655215><> was moved to spectate for being AFK too long.
L 05/30/2020 - 15:04:21: [afk_manager4.smx] Player count for AFK Kick minimum is below requirements, feature is now disabled: sm_afk_kick_min_players = 6 Current Players = 5
L 05/30/2020 - 15:04:50: [afk_manager4.smx] Player count for AFK Move minimum is below requirements, feature is now disabled: sm_afk_move_min_players = 4 Current Players = 1
L 05/30/2020 - 15:04:58: [afk_manager4.smx] Player count for AFK Move minimum has been reached, feature is now enabled: sm_afk_move_min_players = 4 Current Players = 4
L 05/30/2020 - 15:05:13: [afk_manager4.smx] Player count for AFK Kick minimum has been reached, feature is now enabled: sm_afk_kick_min_players = 6 Current Players = 6
L 05/30/2020 - 15:23:30: [afk_manager4.smx] Player count for AFK Move minimum is below requirements, feature is now disabled: sm_afk_move_min_players = 4 Current Players = 1
L 05/30/2020 - 15:23:30: [afk_manager4.smx] Player count for AFK Kick minimum is below requirements, feature is now disabled: sm_afk_kick_min_players = 6 Current Players = 1
L 05/30/2020 - 15:23:33: [afk_manager4.smx] Player count for AFK Move minimum has been reached, feature is now enabled: sm_afk_move_min_players = 4 Current Players = 4
L 05/30/2020 - 15:23:38: [afk_manager4.smx] Player count for AFK Kick minimum has been reached, feature is now enabled: sm_afk_kick_min_players = 6 Current Players = 6
L 05/30/2020 - 15:42:41: [afk_manager4.smx] Player count for AFK Move minimum is below requirements, feature is now disabled: sm_afk_move_min_players = 4 Current Players = 1
L 05/30/2020 - 15:42:41: [afk_manager4.smx] Player count for AFK Kick minimum is below requirements, feature is now disabled: sm_afk_kick_min_players = 6 Current Players = 1
L 05/30/2020 - 15:42:52: [afk_manager4.smx] Player count for AFK Move minimum has been reached, feature is now enabled: sm_afk_move_min_players = 4 Current Players = 4
L 05/30/2020 - 15:48:21: [afk_manager4.smx] Player count for AFK Kick minimum has been reached, feature is now enabled: sm_afk_kick_min_players = 6 Current Players = 6
L 05/30/2020 - 16:09:02: [afk_manager4.smx] Player count for AFK Move minimum has been reached, feature is now enabled: sm_afk_move_min_players = 4 Current Players = 4
L 05/30/2020 - 16:10:54: [afk_manager4.smx] Player count for AFK Kick minimum has been reached, feature is now enabled: sm_afk_kick_min_players = 6 Current Players = 6
L 05/30/2020 - 16:19:42: [afk_manager4.smx] Player count for AFK Move minimum is below requirements, feature is now disabled: sm_afk_move_min_players = 4 Current Players = 1
L 05/30/2020 - 16:19:42: [afk_manager4.smx] Player count for AFK Kick minimum is below requirements, feature is now disabled: sm_afk_kick_min_players = 6 Current Players = 1
L 05/30/2020 - 16:19:50: [afk_manager4.smx] Player count for AFK Move minimum has been reached, feature is now enabled: sm_afk_move_min_players = 4 Current Players = 4
L 05/30/2020 - 16:19:51: [afk_manager4.smx] Player count for AFK Kick minimum has been reached, feature is now enabled: sm_afk_kick_min_players = 6 Current Players = 6
L 05/30/2020 - 16:22:18: [afk_manager4.smx] RommelPap<13><STEAM_1:1:103644615><> was moved to spectate for being AFK too long.
L 05/30/2020 - 16:35:21: [afk_manager4.smx] eSalt.Boulbi.<17><STEAM_1:1:506807889><> was moved to spectate for being AFK too long.
L 05/30/2020 - 16:36:29: [afk_manager4.smx] eSalt.Boulbi.<17><STEAM_1:1:506807889><> was kicked for being AFK too long.
L 05/30/2020 - 16:39:29: [afk_manager4.smx] eSalt.Boulbi.<18><STEAM_1:1:506807889><> was moved to spectate for being AFK too long.
L 05/30/2020 - 16:39:56: [afk_manager4.smx] Player count for AFK Kick minimum is below requirements, feature is now disabled: sm_afk_kick_min_players = 6 Current Players = 5
L 05/30/2020 - 16:40:29: [afk_manager4.smx] Player count for AFK Move minimum is below requirements, feature is now disabled: sm_afk_move_min_players = 4 Current Players = 1
L 05/30/2020 - 16:40:41: [afk_manager4.smx] Player count for AFK Move minimum has been reached, feature is now enabled: sm_afk_move_min_players = 4 Current Players = 4
L 05/30/2020 - 16:46:19: [afk_manager4.smx] Player count for AFK Kick minimum has been reached, feature is now enabled: sm_afk_kick_min_players = 6 Current Players = 6
L 05/30/2020 - 16:57:00: [afk_manager4.smx] Player count for AFK Kick minimum is below requirements, feature is now disabled: sm_afk_kick_min_players = 6 Current Players = 5
L 05/30/2020 - 16:57:47: [afk_manager4.smx] Player count for AFK Move minimum is below requirements, feature is now disabled: sm_afk_move_min_players = 4 Current Players = 1
L 05/30/2020 - 16:59:41: [afk_manager4.smx] Player count for AFK Move minimum has been reached, feature is now enabled: sm_afk_move_min_players = 4 Current Players = 4
L 05/30/2020 - 17:06:37: [afk_manager4.smx] Player count for AFK Move minimum is below requirements, feature is now disabled: sm_afk_move_min_players = 4 Current Players = 3
L 05/30/2020 - 17:08:02: [afk_manager4.smx] Player count for AFK Move minimum has been reached, feature is now enabled: sm_afk_move_min_players = 4 Current Players = 4
L 05/30/2020 - 17:09:41: [afk_manager4.smx] Player count for AFK Kick minimum has been reached, feature is now enabled: sm_afk_kick_min_players = 6 Current Players = 6
L 05/30/2020 - 17:12:47: [afk_manager4.smx] Ryuk<27><STEAM_1:0:88800408><> was moved to spectate for being AFK too long.
L 05/30/2020 - 17:15:37: [afk_manager4.smx] Player count for AFK Move minimum is below requirements, feature is now disabled: sm_afk_move_min_players = 4 Current Players = 1
L 05/30/2020 - 17:15:37: [afk_manager4.smx] Player count for AFK Kick minimum is below requirements, feature is now disabled: sm_afk_kick_min_players = 6 Current Players = 1
L 05/30/2020 - 17:15:41: [afk_manager4.smx] Player count for AFK Move minimum has been reached, feature is now enabled: sm_afk_move_min_players = 4 Current Players = 4
L 05/30/2020 - 17:15:43: [afk_manager4.smx] Player count for AFK Kick minimum has been reached, feature is now enabled: sm_afk_kick_min_players = 6 Current Players = 6
L 05/30/2020 - 17:34:48: [afk_manager4.smx] Player count for AFK Move minimum is below requirements, feature is now disabled: sm_afk_move_min_players = 4 Current Players = 1
L 05/30/2020 - 17:34:48: [afk_manager4.smx] Player count for AFK Kick minimum is below requirements, feature is now disabled: sm_afk_kick_min_players = 6 Current Players = 1
L 05/30/2020 - 17:34:51: [afk_manager4.smx] Player count for AFK Move minimum has been reached, feature is now enabled: sm_afk_move_min_players = 4 Current Players = 4
L 05/30/2020 - 17:35:22: [afk_manager4.smx] Player count for AFK Kick minimum has been reached, feature is now enabled: sm_afk_kick_min_players = 6 Current Players = 6
L 05/30/2020 - 17:36:10: [afk_manager4.smx] SNAK3BIT3<28><STEAM_1:0:117783959><> was moved to spectate for being AFK too long.
L 05/30/2020 - 17:40:00: [afk_manager4.smx] Pizza Time (EzFrags.com)<44><STEAM_1:0:505036834><> was moved to spectate for being AFK too long.
L 05/30/2020 - 17:51:48: [afk_manager4.smx] Player count for AFK Move minimum is below requirements, feature is now disabled: sm_afk_move_min_players = 4 Current Players = 1
L 05/30/2020 - 17:51:48: [afk_manager4.smx] Player count for AFK Kick minimum is below requirements, feature is now disabled: sm_afk_kick_min_players = 6 Current Players = 1
L 05/30/2020 - 17:51:51: [afk_manager4.smx] Player count for AFK Move minimum has been reached, feature is now enabled: sm_afk_move_min_players = 4 Current Players = 4
L 05/30/2020 - 17:51:58: [afk_manager4.smx] Player count for AFK Kick minimum has been reached, feature is now enabled: sm_afk_kick_min_players = 6 Current Players = 6
L 05/30/2020 - 18:09:26: [afk_manager4.smx] Player count for AFK Move minimum is below requirements, feature is now disabled: sm_afk_move_min_players = 4 Current Players = 1
L 05/30/2020 - 18:09:26: [afk_manager4.smx] Player count for AFK Kick minimum is below requirements, feature is now disabled: sm_afk_kick_min_players = 6 Current Players = 1
L 05/30/2020 - 18:09:34: [afk_manager4.smx] Player count for AFK Move minimum has been reached, feature is now enabled: sm_afk_move_min_players = 4 Current Players = 4
L 05/30/2020 - 18:09:38: [afk_manager4.smx] Player count for AFK Kick minimum has been reached, feature is now enabled: sm_afk_kick_min_players = 6 Current Players = 6
L 05/30/2020 - 18:28:14: [afk_manager4.smx] Player count for AFK Move minimum is below requirements, feature is now disabled: sm_afk_move_min_players = 4 Current Players = 1
L 05/30/2020 - 18:28:14: [afk_manager4.smx] Player count for AFK Kick minimum is below requirements, feature is now disabled: sm_afk_kick_min_players = 6 Current Players = 1
L 05/30/2020 - 18:28:23: [afk_manager4.smx] Player count for AFK Move minimum has been reached, feature is now enabled: sm_afk_move_min_players = 4 Current Players = 4
L 05/30/2020 - 18:28:24: [afk_manager4.smx] Player count for AFK Kick minimum has been reached, feature is now enabled: sm_afk_kick_min_players = 6 Current Players = 6
L 05/30/2020 - 18:40:53: [afk_manager4.smx] dreadey<72><STEAM_1:0:28460801><> was kicked for being AFK too long.
L 05/30/2020 - 18:51:53: [afk_manager4.smx] Player count for AFK Move minimum is below requirements, feature is now disabled: sm_afk_move_min_players = 4 Current Players = 1
L 05/30/2020 - 18:51:53: [afk_manager4.smx] Player count for AFK Kick minimum is below requirements, feature is now disabled: sm_afk_kick_min_players = 6 Current Players = 1
L 05/30/2020 - 18:51:56: [afk_manager4.smx] Player count for AFK Move minimum has been reached, feature is now enabled: sm_afk_move_min_players = 4 Current Players = 4
L 05/30/2020 - 18:51:59: [afk_manager4.smx] Player count for AFK Kick minimum has been reached, feature is now enabled: sm_afk_kick_min_players = 6 Current Players = 6
L 05/30/2020 - 19:09:53: [afk_manager4.smx] Player count for AFK Kick minimum is below requirements, feature is now disabled: sm_afk_kick_min_players = 6 Current Players = 5
L 05/30/2020 - 19:10:29: [afk_manager4.smx] Player count for AFK Move minimum is below requirements, feature is now disabled: sm_afk_move_min_players = 4 Current Players = 1
L 05/30/2020 - 19:10:33: [afk_manager4.smx] Player count for AFK Move minimum has been reached, feature is now enabled: sm_afk_move_min_players = 4 Current Players = 4
L 05/30/2020 - 19:10:45: [afk_manager4.smx] Player count for AFK Kick minimum has been reached, feature is now enabled: sm_afk_kick_min_players = 6 Current Players = 6
L 05/30/2020 - 19:28:25: [afk_manager4.smx] Player count for AFK Move minimum is below requirements, feature is now disabled: sm_afk_move_min_players = 4 Current Players = 1
L 05/30/2020 - 19:28:25: [afk_manager4.smx] Player count for AFK Kick minimum is below requirements, feature is now disabled: sm_afk_kick_min_players = 6 Current Players = 1
L 05/30/2020 - 19:28:27: [afk_manager4.smx] Player count for AFK Move minimum has been reached, feature is now enabled: sm_afk_move_min_players = 4 Current Players = 4
L 05/30/2020 - 19:28:32: [afk_manager4.smx] Player count for AFK Kick minimum has been reached, feature is now enabled: sm_afk_kick_min_players = 6 Current Players = 6
L 05/30/2020 - 19:31:14: [afk_manager4.smx] Iceyyyyy<111><STEAM_1:1:29936999><> was moved to spectate for being AFK too long.
L 05/30/2020 - 19:32:18: [afk_manager4.smx] Iceyyyyy<111><STEAM_1:1:29936999><> was kicked for being AFK too long.
L 05/30/2020 - 19:47:22: [afk_manager4.smx] Player count for AFK Move minimum is below requirements, feature is now disabled: sm_afk_move_min_players = 4 Current Players = 1
L 05/30/2020 - 19:47:22: [afk_manager4.smx] Player count for AFK Kick minimum is below requirements, feature is now disabled: sm_afk_kick_min_players = 6 Current Players = 1
L 05/30/2020 - 19:47:25: [afk_manager4.smx] Player count for AFK Move minimum has been reached, feature is now enabled: sm_afk_move_min_players = 4 Current Players = 4
L 05/30/2020 - 19:47:27: [afk_manager4.smx] Player count for AFK Kick minimum has been reached, feature is now enabled: sm_afk_kick_min_players = 6 Current Players = 6
L 05/30/2020 - 19:54:37: [afk_manager4.smx] amma<118><STEAM_1:0:165825369><> was kicked for being AFK too long.
L 05/30/2020 - 20:05:07: [afk_manager4.smx] Player count for AFK Move minimum is below requirements, feature is now disabled: sm_afk_move_min_players = 4 Current Players = 1
L 05/30/2020 - 20:05:07: [afk_manager4.smx] Player count for AFK Kick minimum is below requirements, feature is now disabled: sm_afk_kick_min_players = 6 Current Players = 1
L 05/30/2020 - 20:05:10: [afk_manager4.smx] Player count for AFK Move minimum has been reached, feature is now enabled: sm_afk_move_min_players = 4 Current Players = 4
L 05/30/2020 - 20:05:10: [afk_manager4.smx] Player count for AFK Kick minimum has been reached, feature is now enabled: sm_afk_kick_min_players = 6 Current Players = 6
L 05/30/2020 - 20:22:20: [afk_manager4.smx] Player count for AFK Move minimum is below requirements, feature is now disabled: sm_afk_move_min_players = 4 Current Players = 1
L 05/30/2020 - 20:22:20: [afk_manager4.smx] Player count for AFK Kick minimum is below requirements, feature is now disabled: sm_afk_kick_min_players = 6 Current Players = 1
L 05/30/2020 - 20:22:24: [afk_manager4.smx] Player count for AFK Move minimum has been reached, feature is now enabled: sm_afk_move_min_players = 4 Current Players = 4
L 05/30/2020 - 20:22:28: [afk_manager4.smx] Player count for AFK Kick minimum has been reached, feature is now enabled: sm_afk_kick_min_players = 6 Current Players = 6
L 05/30/2020 - 20:25:08: [afk_manager4.smx] Asterix<139><STEAM_1:1:509572810><> was kicked for being AFK too long.
L 05/30/2020 - 20:39:19: [afk_manager4.smx] Player count for AFK Kick minimum is below requirements, feature is now disabled: sm_afk_kick_min_players = 6 Current Players = 5
L 05/30/2020 - 20:39:25: [afk_manager4.smx] Player count for AFK Move minimum is below requirements, feature is now disabled: sm_afk_move_min_players = 4 Current Players = 3
L 05/30/2020 - 20:46:20: [afk_manager4.smx] Player count for AFK Move minimum has been reached, feature is now enabled: sm_afk_move_min_players = 4 Current Players = 4
L 05/30/2020 - 20:47:10: [afk_manager4.smx] Player count for AFK Kick minimum has been reached, feature is now enabled: sm_afk_kick_min_players = 6 Current Players = 6
L 05/30/2020 - 20:48:17: [afk_manager4.smx] Player count for AFK Kick minimum is below requirements, feature is now disabled: sm_afk_kick_min_players = 6 Current Players = 5
L 05/30/2020 - 20:51:25: [afk_manager4.smx] Player count for AFK Kick minimum has been reached, feature is now enabled: sm_afk_kick_min_players = 6 Current Players = 6
L 05/30/2020 - 21:03:35: [afk_manager4.smx] Player count for AFK Move minimum is below requirements, feature is now disabled: sm_afk_move_min_players = 4 Current Players = 1
L 05/30/2020 - 21:03:35: [afk_manager4.smx] Player count for AFK Kick minimum is below requirements, feature is now disabled: sm_afk_kick_min_players = 6 Current Players = 1
L 05/30/2020 - 21:03:54: [afk_manager4.smx] Player count for AFK Move minimum has been reached, feature is now enabled: sm_afk_move_min_players = 4 Current Players = 4
L 05/30/2020 - 21:04:04: [afk_manager4.smx] Player count for AFK Kick minimum has been reached, feature is now enabled: sm_afk_kick_min_players = 6 Current Players = 6
L 05/30/2020 - 21:26:21: [afk_manager4.smx] Player count for AFK Move minimum is below requirements, feature is now disabled: sm_afk_move_min_players = 4 Current Players = 1
L 05/30/2020 - 21:26:21: [afk_manager4.smx] Player count for AFK Kick minimum is below requirements, feature is now disabled: sm_afk_kick_min_players = 6 Current Players = 1
L 05/30/2020 - 21:26:27: [afk_manager4.smx] Player count for AFK Move minimum has been reached, feature is now enabled: sm_afk_move_min_players = 4 Current Players = 4
L 05/30/2020 - 21:26:31: [afk_manager4.smx] Player count for AFK Kick minimum has been reached, feature is now enabled: sm_afk_kick_min_players = 6 Current Players = 6
L 05/30/2020 - 21:30:53: [afk_manager4.smx] rim<181><STEAM_1:0:71507399><> was moved to spectate for being AFK too long.
L 05/30/2020 - 21:46:07: [afk_manager4.smx] Player count for AFK Kick minimum is below requirements, feature is now disabled: sm_afk_kick_min_players = 6 Current Players = 5
L 05/30/2020 - 21:46:24: [afk_manager4.smx] Player count for AFK Move minimum is below requirements, feature is now disabled: sm_afk_move_min_players = 4 Current Players = 1
L 05/30/2020 - 21:46:35: [afk_manager4.smx] Player count for AFK Move minimum has been reached, feature is now enabled: sm_afk_move_min_players = 4 Current Players = 4
L 05/30/2020 - 21:56:00: [afk_manager4.smx] Player count for AFK Kick minimum has been reached, feature is now enabled: sm_afk_kick_min_players = 6 Current Players = 6
L 05/30/2020 - 21:57:08: [afk_manager4.smx] Player count for AFK Kick minimum is below requirements, feature is now disabled: sm_afk_kick_min_players = 6 Current Players = 5
L 05/30/2020 - 21:57:11: [afk_manager4.smx] jerry<186><STEAM_1:0:206741663><> was moved to spectate for being AFK too long.
L 05/30/2020 - 22:03:08: [afk_manager4.smx] Player count for AFK Kick minimum has been reached, feature is now enabled: sm_afk_kick_min_players = 6 Current Players = 6
L 05/30/2020 - 22:04:26: [afk_manager4.smx] Player count for AFK Move minimum is below requirements, feature is now disabled: sm_afk_move_min_players = 4 Current Players = 1
L 05/30/2020 - 22:04:26: [afk_manager4.smx] Player count for AFK Kick minimum is below requirements, feature is now disabled: sm_afk_kick_min_players = 6 Current Players = 1
L 05/30/2020 - 22:04:35: [afk_manager4.smx] Player count for AFK Move minimum has been reached, feature is now enabled: sm_afk_move_min_players = 4 Current Players = 4
L 05/30/2020 - 22:05:47: [afk_manager4.smx] Player count for AFK Kick minimum has been reached, feature is now enabled: sm_afk_kick_min_players = 6 Current Players = 6
L 05/30/2020 - 22:22:53: [afk_manager4.smx] Player count for AFK Move minimum is below requirements, feature is now disabled: sm_afk_move_min_players = 4 Current Players = 1
L 05/30/2020 - 22:22:53: [afk_manager4.smx] Player count for AFK Kick minimum is below requirements, feature is now disabled: sm_afk_kick_min_players = 6 Current Players = 1
L 05/30/2020 - 22:23:01: [afk_manager4.smx] Player count for AFK Move minimum has been reached, feature is now enabled: sm_afk_move_min_players = 4 Current Players = 4
L 05/30/2020 - 22:23:08: [afk_manager4.smx] Player count for AFK Kick minimum has been reached, feature is now enabled: sm_afk_kick_min_players = 6 Current Players = 6
L 05/30/2020 - 22:26:38: [afk_manager4.smx] Boosted<213><STEAM_1:0:79277684><> was moved to spectate for being AFK too long.
L 05/30/2020 - 22:34:13: [afk_manager4.smx] | Anal-Fumes |<219><STEAM_1:1:80362367><> was moved to spectate for being AFK too long.
L 05/30/2020 - 22:35:21: [afk_manager4.smx] | Anal-Fumes |<219><STEAM_1:1:80362367><> was kicked for being AFK too long.
L 05/30/2020 - 22:45:14: [afk_manager4.smx] Player count for AFK Kick minimum is below requirements, feature is now disabled: sm_afk_kick_min_players = 6 Current Players = 5
L 05/30/2020 - 22:45:39: [afk_manager4.smx] Player count for AFK Move minimum is below requirements, feature is now disabled: sm_afk_move_min_players = 4 Current Players = 1
L 05/30/2020 - 22:45:44: [afk_manager4.smx] Player count for AFK Move minimum has been reached, feature is now enabled: sm_afk_move_min_players = 4 Current Players = 4
L 05/30/2020 - 22:46:19: [afk_manager4.smx] Player count for AFK Kick minimum has been reached, feature is now enabled: sm_afk_kick_min_players = 6 Current Players = 6
L 05/30/2020 - 22:47:27: [afk_manager4.smx] Rhion<227><STEAM_1:0:140550280><> was moved to spectate for being AFK too long.
L 05/30/2020 - 22:48:11: [afk_manager4.smx] Chrono<228><STEAM_1:0:62467142><> was moved to spectate for being AFK too long.
L 05/30/2020 - 23:05:11: [afk_manager4.smx] Player count for AFK Move minimum has been reached, feature is now enabled: sm_afk_move_min_players = 4 Current Players = 4
L 05/30/2020 - 23:06:56: [afk_manager4.smx] Player count for AFK Kick minimum has been reached, feature is now enabled: sm_afk_kick_min_players = 6 Current Players = 6
L 05/30/2020 - 23:14:15: [afk_manager4.smx] Player count for AFK Kick minimum is below requirements, feature is now disabled: sm_afk_kick_min_players = 6 Current Players = 5
L 05/30/2020 - 23:17:39: [afk_manager4.smx] Player count for AFK Kick minimum has been reached, feature is now enabled: sm_afk_kick_min_players = 6 Current Players = 6
L 05/30/2020 - 23:21:10: [afk_manager4.smx] Player count for AFK Move minimum is below requirements, feature is now disabled: sm_afk_move_min_players = 4 Current Players = 1
L 05/30/2020 - 23:21:10: [afk_manager4.smx] Player count for AFK Kick minimum is below requirements, feature is now disabled: sm_afk_kick_min_players = 6 Current Players = 1
L 05/30/2020 - 23:21:15: [afk_manager4.smx] Player count for AFK Move minimum has been reached, feature is now enabled: sm_afk_move_min_players = 4 Current Players = 4
L 05/30/2020 - 23:21:21: [afk_manager4.smx] Player count for AFK Kick minimum has been reached, feature is now enabled: sm_afk_kick_min_players = 6 Current Players = 6
L 05/30/2020 - 23:22:36: [afk_manager4.smx] -ANIME-Tedd¥<9><STEAM_1:0:210656633><> was moved to spectate for being AFK too long.
L 05/30/2020 - 23:36:04: [afk_manager4.smx] Player count for AFK Kick minimum is below requirements, feature is now disabled: sm_afk_kick_min_players = 6 Current Players = 5
L 05/30/2020 - 23:38:40: [afk_manager4.smx] Player count for AFK Move minimum is below requirements, feature is now disabled: sm_afk_move_min_players = 4 Current Players = 1
L 05/30/2020 - 23:38:59: [afk_manager4.smx] Player count for AFK Move minimum has been reached, feature is now enabled: sm_afk_move_min_players = 4 Current Players = 4
L 05/30/2020 - 23:45:03: [afk_manager4.smx] Player count for AFK Kick minimum has been reached, feature is now enabled: sm_afk_kick_min_players = 6 Current Players = 6
L 05/30/2020 - 23:59:52: [afk_manager4.smx] Player count for AFK Move minimum is below requirements, feature is now disabled: sm_afk_move_min_players = 4 Current Players = 1
L 05/30/2020 - 23:59:52: [afk_manager4.smx] Player count for AFK Kick minimum is below requirements, feature is now disabled: sm_afk_kick_min_players = 6 Current Players = 1
L 05/30/2020 - 23:59:55: [afk_manager4.smx] Player count for AFK Move minimum has been reached, feature is now enabled: sm_afk_move_min_players = 4 Current Players = 4
L 05/30/2020 - 23:59:57: [afk_manager4.smx] Player count for AFK Kick minimum has been reached, feature is now enabled: sm_afk_kick_min_players = 6 Current Players = 6
L 05/31/2020 - 00:14:01: [afk_manager4.smx] Player count for AFK Kick minimum is below requirements, feature is now disabled: sm_afk_kick_min_players = 6 Current Players = 5
L 05/31/2020 - 00:14:09: [afk_manager4.smx] Player count for AFK Kick minimum has been reached, feature is now enabled: sm_afk_kick_min_players = 6 Current Players = 6
L 05/31/2020 - 00:14:10: [afk_manager4.smx] Player count for AFK Kick minimum is below requirements, feature is now disabled: sm_afk_kick_min_players = 6 Current Players = 5
L 05/31/2020 - 00:14:15: [afk_manager4.smx] Player count for AFK Kick minimum has been reached, feature is now enabled: sm_afk_kick_min_players = 6 Current Players = 6
L 05/31/2020 - 00:15:00: [afk_manager4.smx] Player count for AFK Kick minimum is below requirements, feature is now disabled: sm_afk_kick_min_players = 6 Current Players = 5
L 05/31/2020 - 00:16:07: [afk_manager4.smx] Player count for AFK Move minimum is below requirements, feature is now disabled: sm_afk_move_min_players = 4 Current Players = 3
