L 09/24/2020 - 09:13:40: SourceMod error session started
L 09/24/2020 - 09:13:40: Info (map "de_inferno") (file "C:\TCAFiles\Users\jean\1\csgo\addons\sourcemod\logs\errors_20200924.log")
L 09/24/2020 - 09:13:40: [kento_rankme.smx] [RankMe] Query Fail: Column count doesn't match value count at row 1
L 09/24/2020 - 09:13:41: [store.smx] Error happened. Error: Duplicate entry '0' for key 'PRIMARY'
L 09/24/2020 - 09:19:34: [kento_rankme.smx] [RankMe] Query Fail: Column count doesn't match value count at row 1
L 09/24/2020 - 09:19:34: [store.smx] Error happened. Error: Duplicate entry '0' for key 'PRIMARY'
L 09/24/2020 - 11:04:08: Error log file session closed.
L 09/24/2020 - 11:28:56: SourceMod error session started
L 09/24/2020 - 11:28:56: Info (map "de_inferno") (file "C:\TCAFiles\Users\jean\1\csgo\addons\sourcemod\logs\errors_20200924.log")
L 09/24/2020 - 11:28:56: [kento_rankme.smx] [RankMe] Query Fail: Column count doesn't match value count at row 1
L 09/24/2020 - 11:29:22: [kento_rankme.smx] [RankMe] Query Fail: Column count doesn't match value count at row 1
L 09/24/2020 - 11:30:11: [kento_rankme.smx] [RankMe] Query Fail: Column count doesn't match value count at row 1
L 09/24/2020 - 11:37:31: [kento_rankme.smx] [RankMe] Query Fail: Column count doesn't match value count at row 1
L 09/24/2020 - 11:37:31: [store.smx] Error happened. Error: Duplicate entry '0' for key 'PRIMARY'
L 09/24/2020 - 11:39:19: [store.smx] Error happened. Error: Duplicate entry '0' for key 'PRIMARY'
L 09/24/2020 - 11:47:13: Error log file session closed.
L 09/24/2020 - 11:47:24: SourceMod error session started
L 09/24/2020 - 11:47:24: Info (map "de_train") (file "C:\TCAFiles\Users\jean\1\csgo\addons\sourcemod\logs\errors_20200924.log")
L 09/24/2020 - 11:47:24: [kento_rankme.smx] [RankMe] Query Fail: Column count doesn't match value count at row 1
L 09/24/2020 - 11:47:41: [kento_rankme.smx] [RankMe] Query Fail: Column count doesn't match value count at row 1
L 09/24/2020 - 11:47:50: [kento_rankme.smx] [RankMe] Query Fail: Column count doesn't match value count at row 1
L 09/24/2020 - 11:47:50: [store.smx] Error happened. Error: Duplicate entry '0' for key 'PRIMARY'
L 09/24/2020 - 11:48:01: [kento_rankme.smx] [RankMe] Query Fail: Column count doesn't match value count at row 1
L 09/24/2020 - 11:50:31: [store.smx] Error happened. Error: Duplicate entry '0' for key 'PRIMARY'
L 09/24/2020 - 12:06:44: Error log file session closed.
L 09/24/2020 - 13:38:10: SourceMod error session started
L 09/24/2020 - 13:38:10: Info (map "de_dust2") (file "C:\TCAFiles\Users\jean\1\csgo\addons\sourcemod\logs\errors_20200924.log")
L 09/24/2020 - 13:38:10: [kento_rankme.smx] [RankMe] Query Fail: Column count doesn't match value count at row 1
L 09/24/2020 - 13:38:10: [store.smx] Error happened. Error: Duplicate entry '0' for key 'PRIMARY'
L 09/24/2020 - 13:50:04: Error log file session closed.
L 09/24/2020 - 13:50:36: SourceMod error session started
L 09/24/2020 - 13:50:36: Info (map "de_dust2") (file "C:\TCAFiles\Users\jean\1\csgo\addons\sourcemod\logs\errors_20200924.log")
L 09/24/2020 - 13:50:36: [kento_rankme.smx] [RankMe] Query Fail: Column count doesn't match value count at row 1
L 09/24/2020 - 13:53:37: [kento_rankme.smx] [RankMe] Query Fail: Column count doesn't match value count at row 1
L 09/24/2020 - 13:53:37: [store.smx] Error happened. Error: Duplicate entry '0' for key 'PRIMARY'
L 09/24/2020 - 13:57:12: [store.smx] Error happened. Error: Duplicate entry '0' for key 'PRIMARY'
L 09/24/2020 - 14:03:00: [kento_rankme.smx] [RankMe] Query Fail: Column count doesn't match value count at row 1
L 09/24/2020 - 14:03:00: [store.smx] Error happened. Error: Duplicate entry '0' for key 'PRIMARY'
L 09/24/2020 - 14:07:10: Error log file session closed.
L 09/24/2020 - 14:07:31: SourceMod error session started
L 09/24/2020 - 14:07:31: Info (map "de_mirage") (file "C:\TCAFiles\Users\jean\1\csgo\addons\sourcemod\logs\errors_20200924.log")
L 09/24/2020 - 14:07:31: [kento_rankme.smx] [RankMe] Query Fail: Column count doesn't match value count at row 1
L 09/24/2020 - 14:07:33: [kento_rankme.smx] [RankMe] Query Fail: Column count doesn't match value count at row 1
L 09/24/2020 - 14:07:34: [store.smx] Error happened. Error: Duplicate entry '0' for key 'PRIMARY'
L 09/24/2020 - 14:22:47: [store.smx] Error happened. Error: Duplicate entry '0' for key 'PRIMARY'
L 09/24/2020 - 14:23:39: Error log file session closed.
L 09/24/2020 - 14:24:00: SourceMod error session started
L 09/24/2020 - 14:24:00: Info (map "de_nuke") (file "C:\TCAFiles\Users\jean\1\csgo\addons\sourcemod\logs\errors_20200924.log")
L 09/24/2020 - 14:24:00: [kento_rankme.smx] [RankMe] Query Fail: Column count doesn't match value count at row 1
L 09/24/2020 - 14:24:00: [store.smx] Error happened. Error: Duplicate entry '0' for key 'PRIMARY'
L 09/24/2020 - 14:25:29: [kento_rankme.smx] [RankMe] Query Fail: Column count doesn't match value count at row 1
L 09/24/2020 - 14:25:35: [kento_rankme.smx] [RankMe] Query Fail: Column count doesn't match value count at row 1
L 09/24/2020 - 14:25:35: [store.smx] Error happened. Error: Duplicate entry '0' for key 'PRIMARY'
L 09/24/2020 - 14:29:32: [store.smx] Error happened. Error: Duplicate entry '0' for key 'PRIMARY'
L 09/24/2020 - 14:35:35: [kento_rankme.smx] [RankMe] Query Fail: Column count doesn't match value count at row 1
L 09/24/2020 - 14:35:35: [store.smx] Error happened. Error: Duplicate entry '0' for key 'PRIMARY'
L 09/24/2020 - 14:36:08: [kento_rankme.smx] [RankMe] Query Fail: Column count doesn't match value count at row 1
L 09/24/2020 - 14:36:08: [store.smx] Error happened. Error: Duplicate entry '0' for key 'PRIMARY'
L 09/24/2020 - 14:37:56: [kento_rankme.smx] [RankMe] Query Fail: Column count doesn't match value count at row 1
L 09/24/2020 - 14:39:34: [kento_rankme.smx] [RankMe] Query Fail: Column count doesn't match value count at row 1
L 09/24/2020 - 14:40:44: Error log file session closed.
L 09/24/2020 - 14:40:55: SourceMod error session started
L 09/24/2020 - 14:40:55: Info (map "de_inferno") (file "C:\TCAFiles\Users\jean\1\csgo\addons\sourcemod\logs\errors_20200924.log")
L 09/24/2020 - 14:40:55: [kento_rankme.smx] [RankMe] Query Fail: Column count doesn't match value count at row 1
L 09/24/2020 - 14:40:55: [store.smx] Error happened. Error: Duplicate entry '0' for key 'PRIMARY'
L 09/24/2020 - 14:40:56: [kento_rankme.smx] [RankMe] Query Fail: Column count doesn't match value count at row 1
L 09/24/2020 - 14:40:59: [kento_rankme.smx] [RankMe] Query Fail: Column count doesn't match value count at row 1
L 09/24/2020 - 14:40:59: [store.smx] Error happened. Error: Duplicate entry '0' for key 'PRIMARY'
L 09/24/2020 - 14:41:17: [kento_rankme.smx] [RankMe] Query Fail: Column count doesn't match value count at row 1
L 09/24/2020 - 14:58:41: Error log file session closed.
L 09/24/2020 - 14:59:03: SourceMod error session started
L 09/24/2020 - 14:59:03: Info (map "de_cache") (file "C:\TCAFiles\Users\jean\1\csgo\addons\sourcemod\logs\errors_20200924.log")
L 09/24/2020 - 14:59:03: [kento_rankme.smx] [RankMe] Query Fail: Column count doesn't match value count at row 1
L 09/24/2020 - 14:59:03: [store.smx] Error happened. Error: Duplicate entry '0' for key 'PRIMARY'
L 09/24/2020 - 15:11:01: [SM] Exception reported: Client index 0 is invalid
L 09/24/2020 - 15:11:01: [SM] Blaming: csgo_pm.smx
L 09/24/2020 - 15:11:01: [SM] Call stack trace:
L 09/24/2020 - 15:11:01: [SM]   [0] PrintToChat
L 09/24/2020 - 15:11:01: [SM]   [1] Line 78, c:\Users\xSLOW\Desktop\compilerV2\source\csgo_pm.sp::Command_SendPM
L 09/24/2020 - 15:16:20: Error log file session closed.
L 09/24/2020 - 15:16:36: SourceMod error session started
L 09/24/2020 - 15:16:36: Info (map "de_overpass") (file "C:\TCAFiles\Users\jean\1\csgo\addons\sourcemod\logs\errors_20200924.log")
L 09/24/2020 - 15:16:36: [kento_rankme.smx] [RankMe] Query Fail: Column count doesn't match value count at row 1
L 09/24/2020 - 15:16:36: [store.smx] Error happened. Error: Duplicate entry '0' for key 'PRIMARY'
L 09/24/2020 - 15:16:56: [kento_rankme.smx] [RankMe] Query Fail: Column count doesn't match value count at row 1
L 09/24/2020 - 15:27:32: [kento_rankme.smx] [RankMe] Query Fail: Column count doesn't match value count at row 1
L 09/24/2020 - 15:27:33: [store.smx] Error happened. Error: Duplicate entry '0' for key 'PRIMARY'
L 09/24/2020 - 15:33:16: Error log file session closed.
L 09/24/2020 - 15:33:28: SourceMod error session started
L 09/24/2020 - 15:33:28: Info (map "de_vertigo") (file "C:\TCAFiles\Users\jean\1\csgo\addons\sourcemod\logs\errors_20200924.log")
L 09/24/2020 - 15:33:28: [kento_rankme.smx] [RankMe] Query Fail: Column count doesn't match value count at row 1
L 09/24/2020 - 15:33:31: [kento_rankme.smx] [RankMe] Query Fail: Column count doesn't match value count at row 1
L 09/24/2020 - 15:33:31: [store.smx] Error happened. Error: Duplicate entry '0' for key 'PRIMARY'
L 09/24/2020 - 15:47:25: [kento_rankme.smx] [RankMe] Query Fail: Column count doesn't match value count at row 1
L 09/24/2020 - 15:49:53: Error log file session closed.
L 09/24/2020 - 15:50:19: SourceMod error session started
L 09/24/2020 - 15:50:19: Info (map "de_dust2") (file "C:\TCAFiles\Users\jean\1\csgo\addons\sourcemod\logs\errors_20200924.log")
L 09/24/2020 - 15:50:19: [kento_rankme.smx] [RankMe] Query Fail: Column count doesn't match value count at row 1
L 09/24/2020 - 16:04:17: [kento_rankme.smx] [RankMe] Query Fail: Column count doesn't match value count at row 1
L 09/24/2020 - 16:07:48: Error log file session closed.
L 09/24/2020 - 16:07:58: SourceMod error session started
L 09/24/2020 - 16:07:58: Info (map "de_mirage") (file "C:\TCAFiles\Users\jean\1\csgo\addons\sourcemod\logs\errors_20200924.log")
L 09/24/2020 - 16:07:58: [kento_rankme.smx] [RankMe] Query Fail: Column count doesn't match value count at row 1
L 09/24/2020 - 16:12:07: [kento_rankme.smx] [RankMe] Query Fail: Column count doesn't match value count at row 1
L 09/24/2020 - 16:12:07: [store.smx] Error happened. Error: Duplicate entry '0' for key 'PRIMARY'
L 09/24/2020 - 16:14:45: [kento_rankme.smx] [RankMe] Query Fail: Column count doesn't match value count at row 1
L 09/24/2020 - 16:14:45: [store.smx] Error happened. Error: Duplicate entry '0' for key 'PRIMARY'
L 09/24/2020 - 17:48:05: Error log file session closed.
L 09/24/2020 - 18:27:57: SourceMod error session started
L 09/24/2020 - 18:27:57: Info (map "de_mirage") (file "C:\TCAFiles\Users\jean\1\csgo\addons\sourcemod\logs\errors_20200924.log")
L 09/24/2020 - 18:27:57: [kento_rankme.smx] [RankMe] Query Fail: Column count doesn't match value count at row 1
L 09/24/2020 - 18:27:57: [store.smx] Error happened. Error: Duplicate entry '0' for key 'PRIMARY'
L 09/24/2020 - 19:48:03: Error log file session closed.
L 09/24/2020 - 19:50:00: SourceMod error session started
L 09/24/2020 - 19:50:00: Info (map "de_mirage") (file "C:\TCAFiles\Users\jean\1\csgo\addons\sourcemod\logs\errors_20200924.log")
L 09/24/2020 - 19:50:00: [kento_rankme.smx] [RankMe] Query Fail: Column count doesn't match value count at row 1
L 09/24/2020 - 19:50:00: [store.smx] Error happened. Error: Duplicate entry '0' for key 'PRIMARY'
L 09/24/2020 - 19:51:52: [kento_rankme.smx] [RankMe] Query Fail: Column count doesn't match value count at row 1
L 09/24/2020 - 19:51:52: [store.smx] Error happened. Error: Duplicate entry '0' for key 'PRIMARY'
L 09/24/2020 - 19:56:30: [kento_rankme.smx] [RankMe] Query Fail: Column count doesn't match value count at row 1
L 09/24/2020 - 19:56:30: [store.smx] Error happened. Error: Duplicate entry '0' for key 'PRIMARY'
L 09/24/2020 - 20:01:47: [store.smx] Error happened. Error: Duplicate entry '0' for key 'PRIMARY'
L 09/24/2020 - 20:05:46: [kento_rankme.smx] [RankMe] Query Fail: Column count doesn't match value count at row 1
L 09/24/2020 - 20:06:22: [kento_rankme.smx] [RankMe] Query Fail: Column count doesn't match value count at row 1
L 09/24/2020 - 20:06:23: [store.smx] Error happened. Error: Duplicate entry '0' for key 'PRIMARY'
L 09/24/2020 - 20:08:57: Error log file session closed.
L 09/24/2020 - 20:09:12: SourceMod error session started
L 09/24/2020 - 20:09:12: Info (map "de_overpass") (file "C:\TCAFiles\Users\jean\1\csgo\addons\sourcemod\logs\errors_20200924.log")
L 09/24/2020 - 20:09:12: [kento_rankme.smx] [RankMe] Query Fail: Column count doesn't match value count at row 1
L 09/24/2020 - 20:09:12: [store.smx] Error happened. Error: Duplicate entry '0' for key 'PRIMARY'
L 09/24/2020 - 20:09:19: [store.smx] Error happened. Error: Duplicate entry '0' for key 'PRIMARY'
L 09/24/2020 - 20:09:39: [kento_rankme.smx] [RankMe] Query Fail: Column count doesn't match value count at row 1
L 09/24/2020 - 20:09:46: [kento_rankme.smx] [RankMe] Query Fail: Column count doesn't match value count at row 1
L 09/24/2020 - 20:09:46: [store.smx] Error happened. Error: Duplicate entry '0' for key 'PRIMARY'
L 09/24/2020 - 20:22:20: [kento_rankme.smx] [RankMe] Query Fail: Column count doesn't match value count at row 1
L 09/24/2020 - 20:22:20: [store.smx] Error happened. Error: Duplicate entry '0' for key 'PRIMARY'
L 09/24/2020 - 20:24:58: [kento_rankme.smx] [RankMe] Query Fail: Column count doesn't match value count at row 1
L 09/24/2020 - 20:24:58: [store.smx] Error happened. Error: Duplicate entry '0' for key 'PRIMARY'
L 09/24/2020 - 20:28:01: Error log file session closed.
L 09/24/2020 - 20:28:17: SourceMod error session started
L 09/24/2020 - 20:28:17: Info (map "de_inferno") (file "C:\TCAFiles\Users\jean\1\csgo\addons\sourcemod\logs\errors_20200924.log")
L 09/24/2020 - 20:28:17: [kento_rankme.smx] [RankMe] Query Fail: Column count doesn't match value count at row 1
L 09/24/2020 - 20:28:18: [store.smx] Error happened. Error: Duplicate entry '0' for key 'PRIMARY'
L 09/24/2020 - 20:28:24: [kento_rankme.smx] [RankMe] Query Fail: Column count doesn't match value count at row 1
L 09/24/2020 - 20:28:24: [store.smx] Error happened. Error: Duplicate entry '0' for key 'PRIMARY'
L 09/24/2020 - 20:29:04: [kento_rankme.smx] [RankMe] Query Fail: Column count doesn't match value count at row 1
L 09/24/2020 - 20:31:22: [kento_rankme.smx] [RankMe] Query Fail: Column count doesn't match value count at row 1
L 09/24/2020 - 20:31:23: [store.smx] Error happened. Error: Duplicate entry '0' for key 'PRIMARY'
L 09/24/2020 - 20:43:56: [kento_rankme.smx] [RankMe] Query Fail: Column count doesn't match value count at row 1
L 09/24/2020 - 20:43:56: [store.smx] Error happened. Error: Duplicate entry '0' for key 'PRIMARY'
L 09/24/2020 - 20:47:07: Error log file session closed.
L 09/24/2020 - 20:47:18: SourceMod error session started
L 09/24/2020 - 20:47:18: Info (map "de_dust2") (file "C:\TCAFiles\Users\jean\1\csgo\addons\sourcemod\logs\errors_20200924.log")
L 09/24/2020 - 20:47:18: [kento_rankme.smx] [RankMe] Query Fail: Column count doesn't match value count at row 1
L 09/24/2020 - 20:47:21: [kento_rankme.smx] [RankMe] Query Fail: Column count doesn't match value count at row 1
L 09/24/2020 - 20:47:21: [store.smx] Error happened. Error: Duplicate entry '0' for key 'PRIMARY'
L 09/24/2020 - 20:47:26: [kento_rankme.smx] [RankMe] Query Fail: Column count doesn't match value count at row 1
L 09/24/2020 - 20:47:27: [store.smx] Error happened. Error: Duplicate entry '0' for key 'PRIMARY'
L 09/24/2020 - 20:55:41: [kento_rankme.smx] [RankMe] Query Fail: Column count doesn't match value count at row 1
L 09/24/2020 - 21:06:31: Error log file session closed.
L 09/24/2020 - 21:06:42: SourceMod error session started
L 09/24/2020 - 21:06:42: Info (map "de_train") (file "C:\TCAFiles\Users\jean\1\csgo\addons\sourcemod\logs\errors_20200924.log")
L 09/24/2020 - 21:06:42: [kento_rankme.smx] [RankMe] Query Fail: Column count doesn't match value count at row 1
L 09/24/2020 - 21:06:43: [store.smx] Error happened. Error: Duplicate entry '0' for key 'PRIMARY'
L 09/24/2020 - 21:06:50: [kento_rankme.smx] [RankMe] Query Fail: Column count doesn't match value count at row 1
L 09/24/2020 - 21:06:50: [store.smx] Error happened. Error: Duplicate entry '0' for key 'PRIMARY'
L 09/24/2020 - 21:07:15: [kento_rankme.smx] [RankMe] Query Fail: Column count doesn't match value count at row 1
L 09/24/2020 - 21:08:33: [kento_rankme.smx] [RankMe] Query Fail: Column count doesn't match value count at row 1
L 09/24/2020 - 21:08:34: [store.smx] Error happened. Error: Duplicate entry '0' for key 'PRIMARY'
L 09/24/2020 - 21:23:14: [kento_rankme.smx] [RankMe] Query Fail: Column count doesn't match value count at row 1
L 09/24/2020 - 21:23:14: [store.smx] Error happened. Error: Duplicate entry '0' for key 'PRIMARY'
L 09/24/2020 - 21:23:22: [store.smx] Error happened. Error: Duplicate entry '0' for key 'PRIMARY'
L 09/24/2020 - 21:24:18: Error log file session closed.
L 09/24/2020 - 21:24:27: SourceMod error session started
L 09/24/2020 - 21:24:27: Info (map "de_vertigo") (file "C:\TCAFiles\Users\jean\1\csgo\addons\sourcemod\logs\errors_20200924.log")
L 09/24/2020 - 21:24:27: [kento_rankme.smx] [RankMe] Query Fail: Column count doesn't match value count at row 1
L 09/24/2020 - 21:24:27: [store.smx] Error happened. Error: Duplicate entry '0' for key 'PRIMARY'
L 09/24/2020 - 21:24:47: [kento_rankme.smx] [RankMe] Query Fail: Column count doesn't match value count at row 1
L 09/24/2020 - 21:24:52: [store.smx] Error happened. Error: Duplicate entry '0' for key 'PRIMARY'
L 09/24/2020 - 21:41:32: Error log file session closed.
L 09/24/2020 - 21:41:53: SourceMod error session started
L 09/24/2020 - 21:41:53: Info (map "de_cache") (file "C:\TCAFiles\Users\jean\1\csgo\addons\sourcemod\logs\errors_20200924.log")
L 09/24/2020 - 21:41:53: [kento_rankme.smx] [RankMe] Query Fail: Column count doesn't match value count at row 1
L 09/24/2020 - 21:41:53: [store.smx] Error happened. Error: Duplicate entry '0' for key 'PRIMARY'
L 09/24/2020 - 21:42:09: [kento_rankme.smx] [RankMe] Query Fail: Column count doesn't match value count at row 1
L 09/24/2020 - 21:42:51: [store.smx] Error happened. Error: Duplicate entry '0' for key 'PRIMARY'
L 09/24/2020 - 21:55:28: [kento_rankme.smx] [RankMe] Query Fail: Column count doesn't match value count at row 1
L 09/24/2020 - 21:55:28: [store.smx] Error happened. Error: Duplicate entry '0' for key 'PRIMARY'
L 09/24/2020 - 21:59:40: Error log file session closed.
L 09/24/2020 - 21:59:51: SourceMod error session started
L 09/24/2020 - 21:59:51: Info (map "de_mirage") (file "C:\TCAFiles\Users\jean\1\csgo\addons\sourcemod\logs\errors_20200924.log")
L 09/24/2020 - 21:59:51: [kento_rankme.smx] [RankMe] Query Fail: Column count doesn't match value count at row 1
L 09/24/2020 - 21:59:51: [store.smx] Error happened. Error: Duplicate entry '0' for key 'PRIMARY'
L 09/24/2020 - 22:00:10: [kento_rankme.smx] [RankMe] Query Fail: Column count doesn't match value count at row 1
L 09/24/2020 - 22:22:40: Error log file session closed.
L 09/24/2020 - 22:22:46: SourceMod error session started
L 09/24/2020 - 22:22:46: Info (map "de_mirage") (file "C:\TCAFiles\Users\jean\1\csgo\addons\sourcemod\logs\errors_20200924.log")
L 09/24/2020 - 22:22:46: [kento_rankme.smx] [RankMe] Query Fail: Column count doesn't match value count at row 1
L 09/24/2020 - 22:22:46: [store.smx] Error happened. Error: Duplicate entry '0' for key 'PRIMARY'
L 09/24/2020 - 22:35:55: Error log file session closed.
L 09/24/2020 - 22:36:11: SourceMod error session started
L 09/24/2020 - 22:36:11: Info (map "de_mirage") (file "C:\TCAFiles\Users\jean\1\csgo\addons\sourcemod\logs\errors_20200924.log")
L 09/24/2020 - 22:36:11: [kento_rankme.smx] [RankMe] Query Fail: Column count doesn't match value count at row 1
L 09/24/2020 - 22:36:11: [store.smx] Error happened. Error: Duplicate entry '0' for key 'PRIMARY'
L 09/24/2020 - 22:37:29: [kento_rankme.smx] [RankMe] Query Fail: Column count doesn't match value count at row 1
L 09/24/2020 - 22:39:50: [kento_rankme.smx] [RankMe] Query Fail: Column count doesn't match value count at row 1
L 09/24/2020 - 22:45:47: [store.smx] Error happened. Error: Duplicate entry '0' for key 'PRIMARY'
L 09/24/2020 - 22:55:11: Error log file session closed.
L 09/24/2020 - 22:55:22: SourceMod error session started
L 09/24/2020 - 22:55:22: Info (map "de_dust2") (file "C:\TCAFiles\Users\jean\1\csgo\addons\sourcemod\logs\errors_20200924.log")
L 09/24/2020 - 22:55:22: [kento_rankme.smx] [RankMe] Query Fail: Column count doesn't match value count at row 1
L 09/24/2020 - 22:55:22: [store.smx] Error happened. Error: Duplicate entry '0' for key 'PRIMARY'
L 09/24/2020 - 22:55:24: [kento_rankme.smx] [RankMe] Query Fail: Column count doesn't match value count at row 1
L 09/24/2020 - 22:56:12: [kento_rankme.smx] [RankMe] Query Fail: Column count doesn't match value count at row 1
L 09/24/2020 - 23:03:24: [kento_rankme.smx] [RankMe] Query Fail: Column count doesn't match value count at row 1
L 09/24/2020 - 23:07:06: [kento_rankme.smx] [RankMe] Query Fail: Column count doesn't match value count at row 1
L 09/24/2020 - 23:09:43: [kento_rankme.smx] [RankMe] Query Fail: Column count doesn't match value count at row 1
L 09/24/2020 - 23:09:43: [store.smx] Error happened. Error: Duplicate entry '0' for key 'PRIMARY'
L 09/24/2020 - 23:11:32: [store.smx] Error happened. Error: Duplicate entry '0' for key 'PRIMARY'
L 09/24/2020 - 23:12:08: [store.smx] Error happened. Error: Duplicate entry '0' for key 'PRIMARY'
L 09/24/2020 - 23:13:10: Error log file session closed.
L 09/24/2020 - 23:13:23: SourceMod error session started
L 09/24/2020 - 23:13:23: Info (map "de_train") (file "C:\TCAFiles\Users\jean\1\csgo\addons\sourcemod\logs\errors_20200924.log")
L 09/24/2020 - 23:13:23: [kento_rankme.smx] [RankMe] Query Fail: Column count doesn't match value count at row 1
L 09/24/2020 - 23:13:24: [store.smx] Error happened. Error: Duplicate entry '0' for key 'PRIMARY'
L 09/24/2020 - 23:13:29: [kento_rankme.smx] [RankMe] Query Fail: Column count doesn't match value count at row 1
L 09/24/2020 - 23:13:30: [store.smx] Error happened. Error: Duplicate entry '0' for key 'PRIMARY'
L 09/24/2020 - 23:13:30: [store.smx] Error happened. Error: Duplicate entry '0' for key 'PRIMARY'
L 09/24/2020 - 23:13:32: [kento_rankme.smx] [RankMe] Query Fail: Column count doesn't match value count at row 1
L 09/24/2020 - 23:13:43: [kento_rankme.smx] [RankMe] Query Fail: Column count doesn't match value count at row 1
L 09/24/2020 - 23:16:26: [kento_rankme.smx] [RankMe] Query Fail: Column count doesn't match value count at row 1
L 09/24/2020 - 23:23:42: [kento_rankme.smx] [RankMe] Query Fail: Column count doesn't match value count at row 1
L 09/24/2020 - 23:23:42: [store.smx] Error happened. Error: Duplicate entry '0' for key 'PRIMARY'
L 09/24/2020 - 23:26:41: [kento_rankme.smx] [RankMe] Query Fail: Column count doesn't match value count at row 1
L 09/24/2020 - 23:31:36: Error log file session closed.
L 09/24/2020 - 23:31:47: SourceMod error session started
L 09/24/2020 - 23:31:47: Info (map "de_inferno") (file "C:\TCAFiles\Users\jean\1\csgo\addons\sourcemod\logs\errors_20200924.log")
L 09/24/2020 - 23:31:47: [store.smx] Error happened. Error: Duplicate entry '0' for key 'PRIMARY'
L 09/24/2020 - 23:31:52: [kento_rankme.smx] [RankMe] Query Fail: Column count doesn't match value count at row 1
L 09/24/2020 - 23:31:52: [store.smx] Error happened. Error: Duplicate entry '0' for key 'PRIMARY'
L 09/24/2020 - 23:36:20: [kento_rankme.smx] [RankMe] Query Fail: Column count doesn't match value count at row 1
L 09/24/2020 - 23:36:20: [store.smx] Error happened. Error: Duplicate entry '0' for key 'PRIMARY'
L 09/24/2020 - 23:49:02: Error log file session closed.
L 09/24/2020 - 23:49:17: SourceMod error session started
L 09/24/2020 - 23:49:17: Info (map "de_cache") (file "C:\TCAFiles\Users\jean\1\csgo\addons\sourcemod\logs\errors_20200924.log")
L 09/24/2020 - 23:49:17: [kento_rankme.smx] [RankMe] Query Fail: Column count doesn't match value count at row 1
L 09/24/2020 - 23:49:17: [store.smx] Error happened. Error: Duplicate entry '0' for key 'PRIMARY'
L 09/24/2020 - 23:49:20: [store.smx] Error happened. Error: Duplicate entry '0' for key 'PRIMARY'
L 09/24/2020 - 23:49:23: [kento_rankme.smx] [RankMe] Query Fail: Column count doesn't match value count at row 1
L 09/24/2020 - 23:49:26: [store.smx] Error happened. Error: Duplicate entry '0' for key 'PRIMARY'
L 09/25/2020 - 00:04:02: Error log file session closed.
