L 10/24/2020 - 00:00:56: SourceMod error session started
L 10/24/2020 - 00:00:56: Info (map "de_cache") (file "C:\TCAFiles\Users\jean\1\csgo\addons\sourcemod\logs\errors_20201024.log")
L 10/24/2020 - 00:00:56: [store.smx] Error happened. Error: Duplicate entry '0' for key 'PRIMARY'
L 10/24/2020 - 00:01:17: [store.smx] Error happened. Error: Duplicate entry '0' for key 'PRIMARY'
L 10/24/2020 - 00:02:11: Error log file session closed.
L 10/24/2020 - 00:02:23: SourceMod error session started
L 10/24/2020 - 00:02:23: Info (map "de_nuke") (file "C:\TCAFiles\Users\jean\1\csgo\addons\sourcemod\logs\errors_20201024.log")
L 10/24/2020 - 00:02:23: [store.smx] Error happened. Error: Duplicate entry '0' for key 'PRIMARY'
L 10/24/2020 - 00:02:25: [store.smx] Error happened. Error: Duplicate entry '0' for key 'PRIMARY'
L 10/24/2020 - 00:02:30: [store.smx] Error happened. Error: Duplicate entry '0' for key 'PRIMARY'
L 10/24/2020 - 00:02:33: [store.smx] Error happened. Error: Duplicate entry '0' for key 'PRIMARY'
L 10/24/2020 - 00:21:19: Error log file session closed.
L 10/24/2020 - 00:21:30: SourceMod error session started
L 10/24/2020 - 00:21:30: Info (map "de_vertigo") (file "C:\TCAFiles\Users\jean\1\csgo\addons\sourcemod\logs\errors_20201024.log")
L 10/24/2020 - 00:21:30: [store.smx] Error happened. Error: Duplicate entry '0' for key 'PRIMARY'
L 10/24/2020 - 00:21:30: [store.smx] Error happened. Error: Duplicate entry '0' for key 'PRIMARY'
L 10/24/2020 - 00:21:36: [store.smx] Error happened. Error: Duplicate entry '0' for key 'PRIMARY'
L 10/24/2020 - 00:22:48: [store.smx] Error happened. Error: Duplicate entry '0' for key 'PRIMARY'
L 10/24/2020 - 00:38:20: Error log file session closed.
L 10/24/2020 - 00:38:32: SourceMod error session started
L 10/24/2020 - 00:38:32: Info (map "de_overpass") (file "C:\TCAFiles\Users\jean\1\csgo\addons\sourcemod\logs\errors_20201024.log")
L 10/24/2020 - 00:38:32: [store.smx] Error happened. Error: Duplicate entry '0' for key 'PRIMARY'
L 10/24/2020 - 00:38:32: [store.smx] Error happened. Error: Duplicate entry '0' for key 'PRIMARY'
L 10/24/2020 - 00:38:36: [store.smx] Error happened. Error: Duplicate entry '0' for key 'PRIMARY'
L 10/24/2020 - 00:55:14: Error log file session closed.
L 10/24/2020 - 00:55:41: SourceMod error session started
L 10/24/2020 - 00:55:41: Info (map "de_inferno") (file "C:\TCAFiles\Users\jean\1\csgo\addons\sourcemod\logs\errors_20201024.log")
L 10/24/2020 - 00:55:41: [store.smx] Error happened. Error: Duplicate entry '0' for key 'PRIMARY'
L 10/24/2020 - 01:04:16: [store.smx] Error happened. Error: Duplicate entry '0' for key 'PRIMARY'
L 10/24/2020 - 01:06:39: [store.smx] Error happened. Error: Duplicate entry '0' for key 'PRIMARY'
L 10/24/2020 - 01:14:30: Error log file session closed.
L 10/24/2020 - 01:14:40: SourceMod error session started
L 10/24/2020 - 01:14:40: Info (map "de_mirage") (file "C:\TCAFiles\Users\jean\1\csgo\addons\sourcemod\logs\errors_20201024.log")
L 10/24/2020 - 01:14:40: [store.smx] Error happened. Error: Duplicate entry '0' for key 'PRIMARY'
L 10/24/2020 - 01:26:44: [store.smx] Error happened. Error: Duplicate entry '0' for key 'PRIMARY'
L 10/24/2020 - 01:33:43: Error log file session closed.
L 10/24/2020 - 01:45:56: SourceMod error session started
L 10/24/2020 - 01:45:56: Info (map "de_dust2") (file "C:\TCAFiles\Users\jean\1\csgo\addons\sourcemod\logs\errors_20201024.log")
L 10/24/2020 - 01:45:56: [store.smx] Error happened. Error: Duplicate entry '0' for key 'PRIMARY'
L 10/24/2020 - 01:52:27: [store.smx] Error happened. Error: Duplicate entry '0' for key 'PRIMARY'
L 10/24/2020 - 01:52:44: Error log file session closed.
L 10/24/2020 - 01:53:00: SourceMod error session started
L 10/24/2020 - 01:53:00: Info (map "de_train") (file "C:\TCAFiles\Users\jean\1\csgo\addons\sourcemod\logs\errors_20201024.log")
L 10/24/2020 - 01:53:00: [store.smx] Error happened. Error: Duplicate entry '0' for key 'PRIMARY'
L 10/24/2020 - 01:53:22: [store.smx] Error happened. Error: Duplicate entry '0' for key 'PRIMARY'
L 10/24/2020 - 02:03:14: [store.smx] Error happened. Error: Duplicate entry '0' for key 'PRIMARY'
L 10/24/2020 - 02:03:16: [store.smx] Error happened. Error: Duplicate entry '0' for key 'PRIMARY'
L 10/24/2020 - 02:10:02: Error log file session closed.
L 10/24/2020 - 02:10:18: SourceMod error session started
L 10/24/2020 - 02:10:18: Info (map "de_nuke") (file "C:\TCAFiles\Users\jean\1\csgo\addons\sourcemod\logs\errors_20201024.log")
L 10/24/2020 - 02:10:18: [store.smx] Error happened. Error: Duplicate entry '0' for key 'PRIMARY'
L 10/24/2020 - 02:10:19: [store.smx] Error happened. Error: Duplicate entry '0' for key 'PRIMARY'
L 10/24/2020 - 02:27:06: Error log file session closed.
L 10/24/2020 - 02:29:55: SourceMod error session started
L 10/24/2020 - 02:29:55: Info (map "de_cache") (file "C:\TCAFiles\Users\jean\1\csgo\addons\sourcemod\logs\errors_20201024.log")
L 10/24/2020 - 02:29:55: [store.smx] Error happened. Error: Duplicate entry '0' for key 'PRIMARY'
L 10/24/2020 - 08:36:18: Error log file session closed.
L 10/24/2020 - 08:38:08: SourceMod error session started
L 10/24/2020 - 08:38:08: Info (map "de_cache") (file "C:\TCAFiles\Users\jean\1\csgo\addons\sourcemod\logs\errors_20201024.log")
L 10/24/2020 - 08:38:08: [store.smx] Error happened. Error: Duplicate entry '0' for key 'PRIMARY'
L 10/24/2020 - 08:40:03: Error log file session closed.
L 10/24/2020 - 08:40:35: SourceMod error session started
L 10/24/2020 - 08:40:35: Info (map "de_cache") (file "C:\TCAFiles\Users\jean\1\csgo\addons\sourcemod\logs\errors_20201024.log")
L 10/24/2020 - 08:40:35: [store.smx] Error happened. Error: Duplicate entry '0' for key 'PRIMARY'
L 10/24/2020 - 08:41:00: [store.smx] Error happened. Error: Duplicate entry '0' for key 'PRIMARY'
L 10/24/2020 - 08:47:50: [store.smx] Error happened. Error: Duplicate entry '0' for key 'PRIMARY'
L 10/24/2020 - 08:49:46: [store.smx] Error happened. Error: Duplicate entry '0' for key 'PRIMARY'
L 10/24/2020 - 08:51:23: [store.smx] Error happened. Error: Duplicate entry '0' for key 'PRIMARY'
L 10/24/2020 - 08:52:17: [store.smx] Error happened. Error: Duplicate entry '0' for key 'PRIMARY'
L 10/24/2020 - 08:55:57: [store.smx] Error happened. Error: Duplicate entry '0' for key 'PRIMARY'
L 10/24/2020 - 09:00:05: Error log file session closed.
L 10/24/2020 - 09:00:12: SourceMod error session started
L 10/24/2020 - 09:00:12: Info (map "de_mirage") (file "C:\TCAFiles\Users\jean\1\csgo\addons\sourcemod\logs\errors_20201024.log")
L 10/24/2020 - 09:00:12: [store.smx] Error happened. Error: Duplicate entry '0' for key 'PRIMARY'
L 10/24/2020 - 09:00:14: [store.smx] Error happened. Error: Duplicate entry '0' for key 'PRIMARY'
L 10/24/2020 - 09:00:25: [store.smx] Error happened. Error: Duplicate entry '0' for key 'PRIMARY'
L 10/24/2020 - 09:07:36: [store.smx] Error happened. Error: Duplicate entry '0' for key 'PRIMARY'
L 10/24/2020 - 09:30:11: [store.smx] Error happened. Error: Duplicate entry '0' for key 'PRIMARY'
L 10/24/2020 - 09:31:29: [store.smx] Error happened. Error: Duplicate entry '0' for key 'PRIMARY'
L 10/24/2020 - 09:40:47: Error log file session closed.
L 10/24/2020 - 09:41:01: SourceMod error session started
L 10/24/2020 - 09:41:01: Info (map "de_dust2") (file "C:\TCAFiles\Users\jean\1\csgo\addons\sourcemod\logs\errors_20201024.log")
L 10/24/2020 - 09:41:01: [store.smx] Error happened. Error: Duplicate entry '0' for key 'PRIMARY'
L 10/24/2020 - 09:41:03: [store.smx] Error happened. Error: Duplicate entry '0' for key 'PRIMARY'
L 10/24/2020 - 09:42:54: [store.smx] Error happened. Error: Duplicate entry '0' for key 'PRIMARY'
L 10/24/2020 - 09:45:04: [store.smx] Error happened. Error: Duplicate entry '0' for key 'PRIMARY'
L 10/24/2020 - 09:47:06: [store.smx] Error happened. Error: Duplicate entry '0' for key 'PRIMARY'
L 10/24/2020 - 09:51:30: [store.smx] Error happened. Error: Duplicate entry '0' for key 'PRIMARY'
L 10/24/2020 - 09:54:49: [store.smx] Error happened. Error: Duplicate entry '0' for key 'PRIMARY'
L 10/24/2020 - 09:59:41: Error log file session closed.
L 10/24/2020 - 09:59:53: SourceMod error session started
L 10/24/2020 - 09:59:53: Info (map "de_inferno") (file "C:\TCAFiles\Users\jean\1\csgo\addons\sourcemod\logs\errors_20201024.log")
L 10/24/2020 - 09:59:53: [store.smx] Error happened. Error: Duplicate entry '0' for key 'PRIMARY'
L 10/24/2020 - 09:59:56: [store.smx] Error happened. Error: Duplicate entry '0' for key 'PRIMARY'
L 10/24/2020 - 10:00:04: [store.smx] Error happened. Error: Duplicate entry '0' for key 'PRIMARY'
L 10/24/2020 - 10:02:28: [store.smx] Error happened. Error: Duplicate entry '0' for key 'PRIMARY'
L 10/24/2020 - 10:06:30: [store.smx] Error happened. Error: Duplicate entry '0' for key 'PRIMARY'
L 10/24/2020 - 10:08:57: [store.smx] Error happened. Error: Duplicate entry '0' for key 'PRIMARY'
L 10/24/2020 - 10:15:57: [store.smx] Error happened. Error: Duplicate entry '0' for key 'PRIMARY'
L 10/24/2020 - 10:17:15: Error log file session closed.
L 10/24/2020 - 10:17:28: SourceMod error session started
L 10/24/2020 - 10:17:28: Info (map "de_train") (file "C:\TCAFiles\Users\jean\1\csgo\addons\sourcemod\logs\errors_20201024.log")
L 10/24/2020 - 10:17:28: [store.smx] Error happened. Error: Duplicate entry '0' for key 'PRIMARY'
L 10/24/2020 - 10:17:41: [store.smx] Error happened. Error: Duplicate entry '0' for key 'PRIMARY'
L 10/24/2020 - 10:17:57: [store.smx] Error happened. Error: Duplicate entry '0' for key 'PRIMARY'
L 10/24/2020 - 10:18:58: [store.smx] Error happened. Error: Duplicate entry '0' for key 'PRIMARY'
L 10/24/2020 - 10:35:45: [store.smx] Error happened. Error: Duplicate entry '0' for key 'PRIMARY'
L 10/24/2020 - 10:39:03: Error log file session closed.
L 10/24/2020 - 10:39:14: SourceMod error session started
L 10/24/2020 - 10:39:14: Info (map "de_overpass") (file "C:\TCAFiles\Users\jean\1\csgo\addons\sourcemod\logs\errors_20201024.log")
L 10/24/2020 - 10:39:14: [store.smx] Error happened. Error: Duplicate entry '0' for key 'PRIMARY'
L 10/24/2020 - 10:39:23: [store.smx] Error happened. Error: Duplicate entry '0' for key 'PRIMARY'
L 10/24/2020 - 10:39:41: [store.smx] Error happened. Error: Duplicate entry '0' for key 'PRIMARY'
L 10/24/2020 - 10:45:42: [store.smx] Error happened. Error: Duplicate entry '0' for key 'PRIMARY'
L 10/24/2020 - 10:54:25: Error log file session closed.
L 10/24/2020 - 10:59:31: SourceMod error session started
L 10/24/2020 - 10:59:31: Info (map "de_nuke") (file "C:\TCAFiles\Users\jean\1\csgo\addons\sourcemod\logs\errors_20201024.log")
L 10/24/2020 - 10:59:31: [store.smx] Error happened. Error: Duplicate entry '0' for key 'PRIMARY'
L 10/24/2020 - 11:37:29: Error log file session closed.
L 10/24/2020 - 11:37:41: SourceMod error session started
L 10/24/2020 - 11:37:41: Info (map "de_nuke") (file "C:\TCAFiles\Users\jean\1\csgo\addons\sourcemod\logs\errors_20201024.log")
L 10/24/2020 - 11:37:41: [store.smx] Error happened. Error: Duplicate entry '0' for key 'PRIMARY'
L 10/24/2020 - 11:38:51: [store.smx] Error happened. Error: Duplicate entry '0' for key 'PRIMARY'
L 10/24/2020 - 11:43:05: [store.smx] Error happened. Error: Duplicate entry '0' for key 'PRIMARY'
L 10/24/2020 - 11:49:56: [store.smx] Error happened. Error: Duplicate entry '0' for key 'PRIMARY'
L 10/24/2020 - 11:54:55: Error log file session closed.
L 10/24/2020 - 11:55:04: SourceMod error session started
L 10/24/2020 - 11:55:04: Info (map "de_mirage") (file "C:\TCAFiles\Users\jean\1\csgo\addons\sourcemod\logs\errors_20201024.log")
L 10/24/2020 - 11:55:04: [store.smx] Error happened. Error: Duplicate entry '0' for key 'PRIMARY'
L 10/24/2020 - 11:55:11: [store.smx] Error happened. Error: Duplicate entry '0' for key 'PRIMARY'
L 10/24/2020 - 11:55:13: [store.smx] Error happened. Error: Duplicate entry '0' for key 'PRIMARY'
L 10/24/2020 - 11:57:32: [store.smx] Error happened. Error: Duplicate entry '0' for key 'PRIMARY'
L 10/24/2020 - 12:01:31: [store.smx] Error happened. Error: Duplicate entry '0' for key 'PRIMARY'
L 10/24/2020 - 12:11:06: [store.smx] Error happened. Error: Duplicate entry '0' for key 'PRIMARY'
L 10/24/2020 - 12:13:21: Error log file session closed.
L 10/24/2020 - 12:13:37: SourceMod error session started
L 10/24/2020 - 12:13:37: Info (map "de_dust2") (file "C:\TCAFiles\Users\jean\1\csgo\addons\sourcemod\logs\errors_20201024.log")
L 10/24/2020 - 12:13:37: [store.smx] Error happened. Error: Duplicate entry '0' for key 'PRIMARY'
L 10/24/2020 - 12:13:41: [store.smx] Error happened. Error: Duplicate entry '0' for key 'PRIMARY'
L 10/24/2020 - 12:13:43: [store.smx] Error happened. Error: Duplicate entry '0' for key 'PRIMARY'
L 10/24/2020 - 12:13:59: [store.smx] Error happened. Error: Duplicate entry '0' for key 'PRIMARY'
L 10/24/2020 - 12:23:24: [store.smx] Error happened. Error: Duplicate entry '0' for key 'PRIMARY'
L 10/24/2020 - 12:31:02: Error log file session closed.
L 10/24/2020 - 12:31:26: SourceMod error session started
L 10/24/2020 - 12:31:26: Info (map "de_cache") (file "C:\TCAFiles\Users\jean\1\csgo\addons\sourcemod\logs\errors_20201024.log")
L 10/24/2020 - 12:31:26: [store.smx] Error happened. Error: Duplicate entry '0' for key 'PRIMARY'
L 10/24/2020 - 13:17:28: SourceMod error session started
L 10/24/2020 - 13:17:28: Info (map "de_dust2") (file "C:\TCAFiles\Users\jean\1\csgo\addons\sourcemod\logs\errors_20201024.log")
L 10/24/2020 - 13:17:28: [SM] Unable to load plugin "csgo_dices_shop.smx": Could not find required plugin "shop"
L 10/24/2020 - 13:17:30: [SM] Unable to load plugin "server_redirect.smx": Required extension "dhooks" file("dhooks.ext") not running
L 10/24/2020 - 13:17:30: [store.smx] Gifts! isn't installed or failed to load. Gifts support will be disabled. Please install Gifts. (http://forums.alliedmods.net/showthread.php?t=175185)
L 10/24/2020 - 13:17:30: [store.smx] Simple Chat Processor isn't installed or failed to load. SCP support will be disabled. (http://forums.alliedmods.net/showthread.php?t=198501)
L 10/24/2020 - 13:20:54: SourceMod error session started
L 10/24/2020 - 13:20:54: Info (map "de_dust2") (file "C:\TCAFiles\Users\jean\1\csgo\addons\sourcemod\logs\errors_20201024.log")
L 10/24/2020 - 13:20:54: [SM] Unable to load plugin "csgo_dices_shop.smx": Could not find required plugin "shop"
L 10/24/2020 - 13:20:56: [SM] Unable to load plugin "server_redirect.smx": Required extension "dhooks" file("dhooks.ext") not running
L 10/24/2020 - 13:20:56: [store.smx] Gifts! isn't installed or failed to load. Gifts support will be disabled. Please install Gifts. (http://forums.alliedmods.net/showthread.php?t=175185)
L 10/24/2020 - 13:20:56: [store.smx] Simple Chat Processor isn't installed or failed to load. SCP support will be disabled. (http://forums.alliedmods.net/showthread.php?t=198501)
L 10/24/2020 - 13:24:25: [store.smx] Database connection is lost or not yet initialized.
L 10/24/2020 - 13:24:25: [store.smx] Database connection is lost or not yet initialized.
L 10/24/2020 - 13:24:28: Error log file session closed.
L 10/24/2020 - 13:32:22: SourceMod error session started
L 10/24/2020 - 13:32:22: Info (map "de_dust2") (file "C:\TCAFiles\Users\jean\1\csgo\addons\sourcemod\logs\errors_20201024.log")
L 10/24/2020 - 13:32:22: [store.smx] Error happened. Error: Duplicate entry '0' for key 'PRIMARY'
L 10/24/2020 - 13:33:26: [store.smx] Error happened. Error: Duplicate entry '0' for key 'PRIMARY'
L 10/24/2020 - 13:34:53: [store.smx] Error happened. Error: Duplicate entry '0' for key 'PRIMARY'
L 10/24/2020 - 13:38:51: [store.smx] Error happened. Error: Duplicate entry '0' for key 'PRIMARY'
L 10/24/2020 - 13:45:48: [store.smx] Error happened. Error: Duplicate entry '0' for key 'PRIMARY'
L 10/24/2020 - 13:47:51: Error log file session closed.
L 10/24/2020 - 13:48:07: SourceMod error session started
L 10/24/2020 - 13:48:07: Info (map "de_vertigo") (file "C:\TCAFiles\Users\jean\1\csgo\addons\sourcemod\logs\errors_20201024.log")
L 10/24/2020 - 13:48:07: [store.smx] Error happened. Error: Duplicate entry '0' for key 'PRIMARY'
L 10/24/2020 - 13:48:09: [store.smx] Error happened. Error: Duplicate entry '0' for key 'PRIMARY'
L 10/24/2020 - 13:48:10: [store.smx] Error happened. Error: Duplicate entry '0' for key 'PRIMARY'
L 10/24/2020 - 13:48:12: [store.smx] Error happened. Error: Duplicate entry '0' for key 'PRIMARY'
L 10/24/2020 - 13:48:13: [store.smx] Error happened. Error: Duplicate entry '0' for key 'PRIMARY'
L 10/24/2020 - 13:52:47: SourceMod error session started
L 10/24/2020 - 13:52:47: Info (map "de_dust2") (file "C:\TCAFiles\Users\jean\1\csgo\addons\sourcemod\logs\errors_20201024.log")
L 10/24/2020 - 13:52:47: [SM] Unable to load plugin "csgo_dices_shop.smx": Could not find required plugin "shop"
L 10/24/2020 - 13:52:48: [SM] Unable to load plugin "server_redirect.smx": Required extension "dhooks" file("dhooks.ext") not running
L 10/24/2020 - 13:52:48: [store.smx] Gifts! isn't installed or failed to load. Gifts support will be disabled. Please install Gifts. (http://forums.alliedmods.net/showthread.php?t=175185)
L 10/24/2020 - 13:52:48: [store.smx] Simple Chat Processor isn't installed or failed to load. SCP support will be disabled. (http://forums.alliedmods.net/showthread.php?t=198501)
L 10/24/2020 - 13:58:01: Error log file session closed.
L 10/24/2020 - 14:16:23: SourceMod error session started
L 10/24/2020 - 14:16:23: Info (map "de_dust2") (file "C:\TCAFiles\Users\jean\1\csgo\addons\sourcemod\logs\errors_20201024.log")
L 10/24/2020 - 14:16:23: [store.smx] Error happened. Error: Duplicate entry '0' for key 'PRIMARY'
L 10/24/2020 - 14:18:18: [store.smx] Error happened. Error: Duplicate entry '0' for key 'PRIMARY'
L 10/24/2020 - 14:29:03: Error log file session closed.
L 10/24/2020 - 14:30:46: SourceMod error session started
L 10/24/2020 - 14:30:46: Info (map "de_dust2") (file "C:\TCAFiles\Users\jean\1\csgo\addons\sourcemod\logs\errors_20201024.log")
L 10/24/2020 - 14:30:46: [store.smx] Error happened. Error: Duplicate entry '0' for key 'PRIMARY'
L 10/24/2020 - 14:43:28: Error log file session closed.
L 10/24/2020 - 15:10:22: SourceMod error session started
L 10/24/2020 - 15:10:22: Info (map "de_dust2") (file "C:\TCAFiles\Users\jean\1\csgo\addons\sourcemod\logs\errors_20201024.log")
L 10/24/2020 - 15:10:22: [store.smx] Error happened. Error: Duplicate entry '0' for key 'PRIMARY'
L 10/24/2020 - 15:10:51: [store.smx] Error happened. Error: Duplicate entry '0' for key 'PRIMARY'
L 10/24/2020 - 15:11:18: [store.smx] Error happened. Error: Duplicate entry '0' for key 'PRIMARY'
L 10/24/2020 - 15:11:58: [store.smx] Error happened. Error: Duplicate entry '0' for key 'PRIMARY'
L 10/24/2020 - 15:15:06: Error log file session closed.
L 10/24/2020 - 17:02:08: SourceMod error session started
L 10/24/2020 - 17:02:08: Info (map "de_dust2") (file "C:\TCAFiles\Users\jean\1\csgo\addons\sourcemod\logs\errors_20201024.log")
L 10/24/2020 - 17:02:08: [store.smx] Error happened. Error: Duplicate entry '0' for key 'PRIMARY'
L 10/24/2020 - 17:03:59: [store.smx] Error happened. Error: Duplicate entry '0' for key 'PRIMARY'
L 10/24/2020 - 17:04:16: [store.smx] Error happened. Error: Duplicate entry '0' for key 'PRIMARY'
L 10/24/2020 - 17:05:49: [store.smx] Error happened. Error: Duplicate entry '0' for key 'PRIMARY'
L 10/24/2020 - 17:08:51: [store.smx] Error happened. Error: Duplicate entry '0' for key 'PRIMARY'
L 10/24/2020 - 17:09:46: [store.smx] Error happened. Error: Duplicate entry '0' for key 'PRIMARY'
L 10/24/2020 - 17:17:37: [store.smx] Error happened. Error: Duplicate entry '0' for key 'PRIMARY'
L 10/24/2020 - 17:17:51: [store.smx] Error happened. Error: Duplicate entry '0' for key 'PRIMARY'
L 10/24/2020 - 17:20:32: [store.smx] Error happened. Error: Duplicate entry '0' for key 'PRIMARY'
L 10/24/2020 - 17:23:00: Error log file session closed.
L 10/24/2020 - 17:23:11: SourceMod error session started
L 10/24/2020 - 17:23:11: Info (map "de_mirage") (file "C:\TCAFiles\Users\jean\1\csgo\addons\sourcemod\logs\errors_20201024.log")
L 10/24/2020 - 17:23:11: [store.smx] Error happened. Error: Duplicate entry '0' for key 'PRIMARY'
L 10/24/2020 - 17:23:17: [store.smx] Error happened. Error: Duplicate entry '0' for key 'PRIMARY'
L 10/24/2020 - 17:23:20: [store.smx] Error happened. Error: Duplicate entry '0' for key 'PRIMARY'
L 10/24/2020 - 17:23:25: [store.smx] Error happened. Error: Duplicate entry '0' for key 'PRIMARY'
L 10/24/2020 - 17:45:57: [store.smx] Error happened. Error: Duplicate entry '0' for key 'PRIMARY'
L 10/24/2020 - 17:50:37: Error log file session closed.
L 10/24/2020 - 17:51:00: SourceMod error session started
L 10/24/2020 - 17:51:00: Info (map "de_mirage") (file "C:\TCAFiles\Users\jean\1\csgo\addons\sourcemod\logs\errors_20201024.log")
L 10/24/2020 - 17:51:00: [store.smx] Error happened. Error: Duplicate entry '0' for key 'PRIMARY'
L 10/24/2020 - 18:38:09: Error log file session closed.
L 10/24/2020 - 18:40:39: SourceMod error session started
L 10/24/2020 - 18:40:39: Info (map "de_mirage") (file "C:\TCAFiles\Users\jean\1\csgo\addons\sourcemod\logs\errors_20201024.log")
L 10/24/2020 - 18:40:39: [store.smx] Error happened. Error: Duplicate entry '0' for key 'PRIMARY'
L 10/24/2020 - 18:45:23: [store.smx] Error happened. Error: Duplicate entry '0' for key 'PRIMARY'
L 10/24/2020 - 18:51:06: [store.smx] Error happened. Error: Duplicate entry '0' for key 'PRIMARY'
L 10/24/2020 - 18:57:55: Error log file session closed.
L 10/24/2020 - 18:58:12: SourceMod error session started
L 10/24/2020 - 18:58:12: Info (map "de_inferno") (file "C:\TCAFiles\Users\jean\1\csgo\addons\sourcemod\logs\errors_20201024.log")
L 10/24/2020 - 18:58:12: [store.smx] Error happened. Error: Duplicate entry '0' for key 'PRIMARY'
L 10/24/2020 - 18:58:38: [store.smx] Error happened. Error: Duplicate entry '0' for key 'PRIMARY'
L 10/24/2020 - 19:00:08: [store.smx] Error happened. Error: Duplicate entry '0' for key 'PRIMARY'
L 10/24/2020 - 19:08:22: [store.smx] Error happened. Error: Duplicate entry '0' for key 'PRIMARY'
L 10/24/2020 - 19:09:17: [store.smx] Error happened. Error: Duplicate entry '0' for key 'PRIMARY'
L 10/24/2020 - 19:09:51: [store.smx] Error happened. Error: Duplicate entry '0' for key 'PRIMARY'
L 10/24/2020 - 19:11:04: [store.smx] Error happened. Error: Duplicate entry '0' for key 'PRIMARY'
L 10/24/2020 - 19:17:59: Error log file session closed.
L 10/24/2020 - 19:18:16: SourceMod error session started
L 10/24/2020 - 19:18:16: Info (map "de_cache") (file "C:\TCAFiles\Users\jean\1\csgo\addons\sourcemod\logs\errors_20201024.log")
L 10/24/2020 - 19:18:16: [store.smx] Error happened. Error: Duplicate entry '0' for key 'PRIMARY'
L 10/24/2020 - 19:18:17: [store.smx] Error happened. Error: Duplicate entry '0' for key 'PRIMARY'
L 10/24/2020 - 19:18:35: [store.smx] Error happened. Error: Duplicate entry '0' for key 'PRIMARY'
L 10/24/2020 - 19:23:30: [store.smx] Error happened. Error: Duplicate entry '0' for key 'PRIMARY'
L 10/24/2020 - 19:39:16: Error log file session closed.
L 10/24/2020 - 19:39:26: SourceMod error session started
L 10/24/2020 - 19:39:26: Info (map "de_overpass") (file "C:\TCAFiles\Users\jean\1\csgo\addons\sourcemod\logs\errors_20201024.log")
L 10/24/2020 - 19:39:26: [store.smx] Error happened. Error: Duplicate entry '0' for key 'PRIMARY'
L 10/24/2020 - 19:39:27: [store.smx] Error happened. Error: Duplicate entry '0' for key 'PRIMARY'
L 10/24/2020 - 19:39:29: [store.smx] Error happened. Error: Duplicate entry '0' for key 'PRIMARY'
L 10/24/2020 - 19:45:32: [store.smx] Error happened. Error: Duplicate entry '0' for key 'PRIMARY'
L 10/24/2020 - 19:56:09: Error log file session closed.
L 10/24/2020 - 19:56:23: SourceMod error session started
L 10/24/2020 - 19:56:23: Info (map "de_dust2") (file "C:\TCAFiles\Users\jean\1\csgo\addons\sourcemod\logs\errors_20201024.log")
L 10/24/2020 - 19:56:23: [store.smx] Error happened. Error: Duplicate entry '0' for key 'PRIMARY'
L 10/24/2020 - 19:56:25: [store.smx] Error happened. Error: Duplicate entry '0' for key 'PRIMARY'
L 10/24/2020 - 20:00:14: [store.smx] Error happened. Error: Duplicate entry '0' for key 'PRIMARY'
L 10/24/2020 - 20:06:56: [store.smx] Error happened. Error: Duplicate entry '0' for key 'PRIMARY'
L 10/24/2020 - 20:08:44: [store.smx] Error happened. Error: Duplicate entry '0' for key 'PRIMARY'
L 10/24/2020 - 20:15:08: Error log file session closed.
L 10/24/2020 - 20:22:12: SourceMod error session started
L 10/24/2020 - 20:22:12: Info (map "de_vertigo") (file "C:\TCAFiles\Users\jean\1\csgo\addons\sourcemod\logs\errors_20201024.log")
L 10/24/2020 - 20:22:12: [store.smx] Error happened. Error: Duplicate entry '0' for key 'PRIMARY'
L 10/24/2020 - 20:35:05: Error log file session closed.
L 10/24/2020 - 20:35:18: SourceMod error session started
L 10/24/2020 - 20:35:18: Info (map "de_vertigo") (file "C:\TCAFiles\Users\jean\1\csgo\addons\sourcemod\logs\errors_20201024.log")
L 10/24/2020 - 20:35:18: [store.smx] Error happened. Error: Duplicate entry '0' for key 'PRIMARY'
L 10/24/2020 - 20:37:50: [store.smx] Error happened. Error: Duplicate entry '0' for key 'PRIMARY'
L 10/24/2020 - 20:43:19: [store.smx] Error happened. Error: Duplicate entry '0' for key 'PRIMARY'
L 10/24/2020 - 20:51:27: Error log file session closed.
L 10/24/2020 - 20:51:36: SourceMod error session started
L 10/24/2020 - 20:51:36: Info (map "de_mirage") (file "C:\TCAFiles\Users\jean\1\csgo\addons\sourcemod\logs\errors_20201024.log")
L 10/24/2020 - 20:51:36: [store.smx] Error happened. Error: Duplicate entry '0' for key 'PRIMARY'
L 10/24/2020 - 20:51:38: [store.smx] Error happened. Error: Duplicate entry '0' for key 'PRIMARY'
L 10/24/2020 - 20:51:39: [store.smx] Error happened. Error: Duplicate entry '0' for key 'PRIMARY'
L 10/24/2020 - 20:52:39: [store.smx] Error happened. Error: Duplicate entry '0' for key 'PRIMARY'
L 10/24/2020 - 21:04:19: [store.smx] Error happened. Error: Duplicate entry '0' for key 'PRIMARY'
L 10/24/2020 - 21:06:12: [store.smx] Error happened. Error: Duplicate entry '0' for key 'PRIMARY'
L 10/24/2020 - 21:10:46: Error log file session closed.
L 10/24/2020 - 21:10:56: SourceMod error session started
L 10/24/2020 - 21:10:56: Info (map "de_nuke") (file "C:\TCAFiles\Users\jean\1\csgo\addons\sourcemod\logs\errors_20201024.log")
L 10/24/2020 - 21:10:56: [store.smx] Error happened. Error: Duplicate entry '0' for key 'PRIMARY'
L 10/24/2020 - 21:10:58: [store.smx] Error happened. Error: Duplicate entry '0' for key 'PRIMARY'
L 10/24/2020 - 21:11:01: [store.smx] Error happened. Error: Duplicate entry '0' for key 'PRIMARY'
L 10/24/2020 - 21:11:04: [store.smx] Error happened. Error: Duplicate entry '0' for key 'PRIMARY'
L 10/24/2020 - 21:11:06: [store.smx] Error happened. Error: Duplicate entry '0' for key 'PRIMARY'
L 10/24/2020 - 21:11:09: [store.smx] Error happened. Error: Duplicate entry '0' for key 'PRIMARY'
L 10/24/2020 - 21:33:56: Error log file session closed.
L 10/24/2020 - 21:34:04: SourceMod error session started
L 10/24/2020 - 21:34:04: Info (map "de_overpass") (file "C:\TCAFiles\Users\jean\1\csgo\addons\sourcemod\logs\errors_20201024.log")
L 10/24/2020 - 21:34:04: [store.smx] Error happened. Error: Duplicate entry '0' for key 'PRIMARY'
L 10/24/2020 - 21:34:05: [store.smx] Error happened. Error: Duplicate entry '0' for key 'PRIMARY'
L 10/24/2020 - 21:34:08: [store.smx] Error happened. Error: Duplicate entry '0' for key 'PRIMARY'
L 10/24/2020 - 21:34:14: [store.smx] Error happened. Error: Duplicate entry '0' for key 'PRIMARY'
L 10/24/2020 - 21:42:01: [store.smx] Error happened. Error: Duplicate entry '0' for key 'PRIMARY'
L 10/24/2020 - 21:49:00: [store.smx] Error happened. Error: Duplicate entry '0' for key 'PRIMARY'
L 10/24/2020 - 21:49:52: Error log file session closed.
L 10/24/2020 - 21:50:02: SourceMod error session started
L 10/24/2020 - 21:50:02: Info (map "de_inferno") (file "C:\TCAFiles\Users\jean\1\csgo\addons\sourcemod\logs\errors_20201024.log")
L 10/24/2020 - 21:50:02: [store.smx] Error happened. Error: Duplicate entry '0' for key 'PRIMARY'
L 10/24/2020 - 21:50:05: [store.smx] Error happened. Error: Duplicate entry '0' for key 'PRIMARY'
L 10/24/2020 - 21:50:06: [store.smx] Error happened. Error: Duplicate entry '0' for key 'PRIMARY'
L 10/24/2020 - 21:50:08: [store.smx] Error happened. Error: Duplicate entry '0' for key 'PRIMARY'
L 10/24/2020 - 21:50:22: [store.smx] Error happened. Error: Duplicate entry '0' for key 'PRIMARY'
L 10/24/2020 - 21:50:42: [store.smx] Error happened. Error: Duplicate entry '0' for key 'PRIMARY'
L 10/24/2020 - 21:51:19: [store.smx] Error happened. Error: Duplicate entry '0' for key 'PRIMARY'
L 10/24/2020 - 21:52:11: [store.smx] Error happened. Error: Duplicate entry '0' for key 'PRIMARY'
L 10/24/2020 - 21:57:05: [store.smx] Error happened. Error: Duplicate entry '0' for key 'PRIMARY'
L 10/24/2020 - 22:09:21: Error log file session closed.
L 10/24/2020 - 22:09:30: SourceMod error session started
L 10/24/2020 - 22:09:30: Info (map "de_dust2") (file "C:\TCAFiles\Users\jean\1\csgo\addons\sourcemod\logs\errors_20201024.log")
L 10/24/2020 - 22:09:30: [store.smx] Error happened. Error: Duplicate entry '0' for key 'PRIMARY'
L 10/24/2020 - 22:09:38: [store.smx] Error happened. Error: Duplicate entry '0' for key 'PRIMARY'
L 10/24/2020 - 22:09:43: [store.smx] Error happened. Error: Duplicate entry '0' for key 'PRIMARY'
L 10/24/2020 - 22:23:32: [store.smx] Error happened. Error: Duplicate entry '0' for key 'PRIMARY'
L 10/24/2020 - 22:32:30: [store.smx] Error happened. Error: Duplicate entry '0' for key 'PRIMARY'
L 10/24/2020 - 22:44:19: Error log file session closed.
L 10/24/2020 - 23:14:09: SourceMod error session started
L 10/24/2020 - 23:14:09: Info (map "de_cache") (file "C:\TCAFiles\Users\jean\1\csgo\addons\sourcemod\logs\errors_20201024.log")
L 10/24/2020 - 23:14:09: [store.smx] Error happened. Error: Duplicate entry '0' for key 'PRIMARY'
L 10/24/2020 - 23:31:00: Error log file session closed.
L 10/24/2020 - 23:31:19: SourceMod error session started
L 10/24/2020 - 23:31:19: Info (map "de_cache") (file "C:\TCAFiles\Users\jean\1\csgo\addons\sourcemod\logs\errors_20201024.log")
L 10/24/2020 - 23:31:19: [store.smx] Error happened. Error: Duplicate entry '0' for key 'PRIMARY'
L 10/25/2020 - 07:45:44: Error log file session closed.
