L 09/15/2020 - 00:59:24: SourceMod error session started
L 09/15/2020 - 00:59:24: Info (map "de_train") (file "C:\TCAFiles\Users\jean\1\csgo\addons\sourcemod\logs\errors_20200915.log")
L 09/15/2020 - 00:59:24: [kento_rankme.smx] [RankMe] Query Fail: Column count doesn't match value count at row 1
L 09/15/2020 - 12:04:13: Error log file session closed.
L 09/15/2020 - 12:04:41: SourceMod error session started
L 09/15/2020 - 12:04:41: Info (map "de_train") (file "C:\TCAFiles\Users\jean\1\csgo\addons\sourcemod\logs\errors_20200915.log")
L 09/15/2020 - 12:04:41: [kento_rankme.smx] [RankMe] Query Fail: Column count doesn't match value count at row 1
L 09/15/2020 - 12:04:42: [store.smx] Error happened. Error: Duplicate entry '0' for key 'PRIMARY'
L 09/15/2020 - 13:05:38: Error log file session closed.
L 09/15/2020 - 13:41:14: SourceMod error session started
L 09/15/2020 - 13:41:14: Info (map "de_train") (file "C:\TCAFiles\Users\jean\1\csgo\addons\sourcemod\logs\errors_20200915.log")
L 09/15/2020 - 13:41:14: [kento_rankme.smx] [RankMe] Query Fail: Column count doesn't match value count at row 1
L 09/15/2020 - 13:41:15: [store.smx] Error happened. Error: Duplicate entry '0' for key 'PRIMARY'
L 09/15/2020 - 13:42:26: Error log file session closed.
L 09/15/2020 - 13:42:29: SourceMod error session started
L 09/15/2020 - 13:42:29: Info (map "de_train") (file "C:\TCAFiles\Users\jean\1\csgo\addons\sourcemod\logs\errors_20200915.log")
L 09/15/2020 - 13:42:29: [kento_rankme.smx] [RankMe] Query Fail: Column count doesn't match value count at row 1
L 09/15/2020 - 13:42:30: [store.smx] Error happened. Error: Duplicate entry '0' for key 'PRIMARY'
L 09/15/2020 - 15:06:15: Error log file session closed.
L 09/15/2020 - 17:25:28: SourceMod error session started
L 09/15/2020 - 17:25:28: Info (map "de_train") (file "C:\TCAFiles\Users\jean\1\csgo\addons\sourcemod\logs\errors_20200915.log")
L 09/15/2020 - 17:25:28: [kento_rankme.smx] [RankMe] Query Fail: Column count doesn't match value count at row 1
L 09/15/2020 - 17:25:29: [store.smx] Error happened. Error: Duplicate entry '0' for key 'PRIMARY'
L 09/15/2020 - 17:35:55: [kento_rankme.smx] [RankMe] Query Fail: Column count doesn't match value count at row 1
L 09/15/2020 - 17:38:52: [store.smx] Error happened. Error: Duplicate entry '0' for key 'PRIMARY'
L 09/15/2020 - 17:41:01: Error log file session closed.
L 09/15/2020 - 17:41:12: SourceMod error session started
L 09/15/2020 - 17:41:12: Info (map "de_inferno") (file "C:\TCAFiles\Users\jean\1\csgo\addons\sourcemod\logs\errors_20200915.log")
L 09/15/2020 - 17:41:12: [store.smx] Error happened. Error: Duplicate entry '0' for key 'PRIMARY'
L 09/15/2020 - 17:41:18: [kento_rankme.smx] [RankMe] Query Fail: Column count doesn't match value count at row 1
L 09/15/2020 - 17:42:08: [kento_rankme.smx] [RankMe] Query Fail: Column count doesn't match value count at row 1
L 09/15/2020 - 17:42:09: [store.smx] Error happened. Error: Duplicate entry '0' for key 'PRIMARY'
L 09/15/2020 - 17:51:29: [kento_rankme.smx] [RankMe] Query Fail: Column count doesn't match value count at row 1
L 09/15/2020 - 17:51:29: [store.smx] Error happened. Error: Duplicate entry '0' for key 'PRIMARY'
L 09/15/2020 - 18:03:23: [kento_rankme.smx] [RankMe] Query Fail: Column count doesn't match value count at row 1
L 09/15/2020 - 18:03:24: [store.smx] Error happened. Error: Duplicate entry '0' for key 'PRIMARY'
L 09/15/2020 - 18:06:29: [store.smx] Error happened. Error: Duplicate entry '0' for key 'PRIMARY'
L 09/15/2020 - 18:17:53: Error log file session closed.
L 09/15/2020 - 18:18:08: SourceMod error session started
L 09/15/2020 - 18:18:08: Info (map "de_dust2") (file "C:\TCAFiles\Users\jean\1\csgo\addons\sourcemod\logs\errors_20200915.log")
L 09/15/2020 - 18:18:08: [store.smx] Error happened. Error: Duplicate entry '0' for key 'PRIMARY'
L 09/15/2020 - 18:24:03: [store.smx] Error happened. Error: Duplicate entry '0' for key 'PRIMARY'
L 09/15/2020 - 18:28:11: [kento_rankme.smx] [RankMe] Query Fail: Column count doesn't match value count at row 1
L 09/15/2020 - 18:32:48: [kento_rankme.smx] [RankMe] Query Fail: Column count doesn't match value count at row 1
L 09/15/2020 - 18:34:32: [store.smx] Error happened. Error: Duplicate entry '0' for key 'PRIMARY'
L 09/15/2020 - 18:38:20: [kento_rankme.smx] [RankMe] Query Fail: Column count doesn't match value count at row 1
L 09/15/2020 - 18:38:20: [store.smx] Error happened. Error: Duplicate entry '0' for key 'PRIMARY'
L 09/15/2020 - 18:38:24: Error log file session closed.
L 09/15/2020 - 18:38:35: SourceMod error session started
L 09/15/2020 - 18:38:35: Info (map "de_mirage") (file "C:\TCAFiles\Users\jean\1\csgo\addons\sourcemod\logs\errors_20200915.log")
L 09/15/2020 - 18:38:35: [store.smx] Error happened. Error: Duplicate entry '0' for key 'PRIMARY'
L 09/15/2020 - 18:38:41: [kento_rankme.smx] [RankMe] Query Fail: Column count doesn't match value count at row 1
L 09/15/2020 - 18:38:41: [store.smx] Error happened. Error: Duplicate entry '0' for key 'PRIMARY'
L 09/15/2020 - 18:38:44: [kento_rankme.smx] [RankMe] Query Fail: Column count doesn't match value count at row 1
L 09/15/2020 - 18:39:15: [store.smx] Error happened. Error: Duplicate entry '0' for key 'PRIMARY'
L 09/15/2020 - 18:42:53: [kento_rankme.smx] [RankMe] Query Fail: Column count doesn't match value count at row 1
L 09/15/2020 - 18:42:53: [store.smx] Error happened. Error: Duplicate entry '0' for key 'PRIMARY'
L 09/15/2020 - 18:50:19: [kento_rankme.smx] [RankMe] Query Fail: Column count doesn't match value count at row 1
L 09/15/2020 - 18:50:19: [store.smx] Error happened. Error: Duplicate entry '0' for key 'PRIMARY'
L 09/15/2020 - 18:56:16: Error log file session closed.
L 09/15/2020 - 18:56:32: SourceMod error session started
L 09/15/2020 - 18:56:32: Info (map "de_overpass") (file "C:\TCAFiles\Users\jean\1\csgo\addons\sourcemod\logs\errors_20200915.log")
L 09/15/2020 - 18:56:32: [kento_rankme.smx] [RankMe] Query Fail: Column count doesn't match value count at row 1
L 09/15/2020 - 18:56:33: [store.smx] Error happened. Error: Duplicate entry '0' for key 'PRIMARY'
L 09/15/2020 - 19:03:10: [store.smx] Error happened. Error: Duplicate entry '0' for key 'PRIMARY'
L 09/15/2020 - 19:04:48: [kento_rankme.smx] [RankMe] Query Fail: Column count doesn't match value count at row 1
L 09/15/2020 - 19:05:00: [kento_rankme.smx] [RankMe] Query Fail: Column count doesn't match value count at row 1
L 09/15/2020 - 19:07:30: [kento_rankme.smx] [RankMe] Query Fail: Column count doesn't match value count at row 1
L 09/15/2020 - 19:13:57: [kento_rankme.smx] [RankMe] Query Fail: Column count doesn't match value count at row 1
L 09/15/2020 - 19:13:58: [store.smx] Error happened. Error: Duplicate entry '0' for key 'PRIMARY'
L 09/15/2020 - 19:15:04: Error log file session closed.
L 09/15/2020 - 19:15:16: SourceMod error session started
L 09/15/2020 - 19:15:16: Info (map "de_cache") (file "C:\TCAFiles\Users\jean\1\csgo\addons\sourcemod\logs\errors_20200915.log")
L 09/15/2020 - 19:15:16: [kento_rankme.smx] [RankMe] Query Fail: Column count doesn't match value count at row 1
L 09/15/2020 - 19:15:20: [store.smx] Error happened. Error: Duplicate entry '0' for key 'PRIMARY'
L 09/15/2020 - 19:15:21: [kento_rankme.smx] [RankMe] Query Fail: Column count doesn't match value count at row 1
L 09/15/2020 - 19:17:01: [kento_rankme.smx] [RankMe] Query Fail: Column count doesn't match value count at row 1
L 09/15/2020 - 19:17:01: [store.smx] Error happened. Error: Duplicate entry '0' for key 'PRIMARY'
L 09/15/2020 - 19:18:42: [store.smx] Error happened. Error: Duplicate entry '0' for key 'PRIMARY'
L 09/15/2020 - 19:33:39: [kento_rankme.smx] [RankMe] Query Fail: Column count doesn't match value count at row 1
L 09/15/2020 - 19:33:39: [store.smx] Error happened. Error: Duplicate entry '0' for key 'PRIMARY'
L 09/15/2020 - 19:34:19: [kento_rankme.smx] [RankMe] Query Fail: Column count doesn't match value count at row 1
L 09/15/2020 - 19:34:19: [store.smx] Error happened. Error: Duplicate entry '0' for key 'PRIMARY'
L 09/15/2020 - 19:35:11: Error log file session closed.
L 09/15/2020 - 19:35:18: SourceMod error session started
L 09/15/2020 - 19:35:18: Info (map "de_vertigo") (file "C:\TCAFiles\Users\jean\1\csgo\addons\sourcemod\logs\errors_20200915.log")
L 09/15/2020 - 19:35:18: [kento_rankme.smx] [RankMe] Query Fail: Column count doesn't match value count at row 1
L 09/15/2020 - 19:35:19: [kento_rankme.smx] [RankMe] Query Fail: Column count doesn't match value count at row 1
L 09/15/2020 - 19:35:19: [store.smx] Error happened. Error: Duplicate entry '0' for key 'PRIMARY'
L 09/15/2020 - 19:35:20: [store.smx] Error happened. Error: Duplicate entry '0' for key 'PRIMARY'
L 09/15/2020 - 19:35:20: [kento_rankme.smx] [RankMe] Query Fail: Column count doesn't match value count at row 1
L 09/15/2020 - 19:35:37: [kento_rankme.smx] [RankMe] Query Fail: Column count doesn't match value count at row 1
L 09/15/2020 - 19:35:37: [store.smx] Error happened. Error: Duplicate entry '0' for key 'PRIMARY'
L 09/15/2020 - 19:38:15: [kento_rankme.smx] [RankMe] Query Fail: Column count doesn't match value count at row 1
L 09/15/2020 - 19:38:15: [store.smx] Error happened. Error: Duplicate entry '0' for key 'PRIMARY'
L 09/15/2020 - 19:45:40: [kento_rankme.smx] [RankMe] Query Fail: Column count doesn't match value count at row 1
L 09/15/2020 - 19:45:40: [store.smx] Error happened. Error: Duplicate entry '0' for key 'PRIMARY'
L 09/15/2020 - 19:54:07: Error log file session closed.
L 09/15/2020 - 19:54:15: SourceMod error session started
L 09/15/2020 - 19:54:15: Info (map "de_train") (file "C:\TCAFiles\Users\jean\1\csgo\addons\sourcemod\logs\errors_20200915.log")
L 09/15/2020 - 19:54:15: [kento_rankme.smx] [RankMe] Query Fail: Column count doesn't match value count at row 1
L 09/15/2020 - 19:54:16: [kento_rankme.smx] [RankMe] Query Fail: Column count doesn't match value count at row 1
L 09/15/2020 - 19:54:17: [store.smx] Error happened. Error: Duplicate entry '0' for key 'PRIMARY'
L 09/15/2020 - 19:54:19: [kento_rankme.smx] [RankMe] Query Fail: Column count doesn't match value count at row 1
L 09/15/2020 - 19:54:19: [store.smx] Error happened. Error: Duplicate entry '0' for key 'PRIMARY'
L 09/15/2020 - 19:54:25: [kento_rankme.smx] [RankMe] Query Fail: Column count doesn't match value count at row 1
L 09/15/2020 - 19:54:25: [store.smx] Error happened. Error: Duplicate entry '0' for key 'PRIMARY'
L 09/15/2020 - 19:54:46: [kento_rankme.smx] [RankMe] Query Fail: Column count doesn't match value count at row 1
L 09/15/2020 - 19:54:47: [store.smx] Error happened. Error: Duplicate entry '0' for key 'PRIMARY'
L 09/15/2020 - 19:56:47: [kento_rankme.smx] [RankMe] Query Fail: Column count doesn't match value count at row 1
L 09/15/2020 - 19:56:47: [store.smx] Error happened. Error: Duplicate entry '0' for key 'PRIMARY'
L 09/15/2020 - 20:11:52: Error log file session closed.
L 09/15/2020 - 20:12:06: SourceMod error session started
L 09/15/2020 - 20:12:06: Info (map "de_inferno") (file "C:\TCAFiles\Users\jean\1\csgo\addons\sourcemod\logs\errors_20200915.log")
L 09/15/2020 - 20:12:06: [kento_rankme.smx] [RankMe] Query Fail: Column count doesn't match value count at row 1
L 09/15/2020 - 20:12:06: [store.smx] Error happened. Error: Duplicate entry '0' for key 'PRIMARY'
L 09/15/2020 - 20:12:07: [kento_rankme.smx] [RankMe] Query Fail: Column count doesn't match value count at row 1
L 09/15/2020 - 20:12:07: [store.smx] Error happened. Error: Duplicate entry '0' for key 'PRIMARY'
L 09/15/2020 - 20:12:15: [kento_rankme.smx] [RankMe] Query Fail: Column count doesn't match value count at row 1
L 09/15/2020 - 20:12:15: [store.smx] Error happened. Error: Duplicate entry '0' for key 'PRIMARY'
L 09/15/2020 - 20:30:49: Error log file session closed.
L 09/15/2020 - 20:31:09: SourceMod error session started
L 09/15/2020 - 20:31:09: Info (map "de_dust2") (file "C:\TCAFiles\Users\jean\1\csgo\addons\sourcemod\logs\errors_20200915.log")
L 09/15/2020 - 20:31:09: [kento_rankme.smx] [RankMe] Query Fail: Column count doesn't match value count at row 1
L 09/15/2020 - 20:31:10: [store.smx] Error happened. Error: Duplicate entry '0' for key 'PRIMARY'
L 09/15/2020 - 20:32:09: [kento_rankme.smx] [RankMe] Query Fail: Column count doesn't match value count at row 1
L 09/15/2020 - 20:32:09: [store.smx] Error happened. Error: Duplicate entry '0' for key 'PRIMARY'
L 09/15/2020 - 20:32:20: [kento_rankme.smx] [RankMe] Query Fail: Column count doesn't match value count at row 1
L 09/15/2020 - 20:32:21: [store.smx] Error happened. Error: Duplicate entry '0' for key 'PRIMARY'
L 09/15/2020 - 20:49:49: Error log file session closed.
L 09/15/2020 - 20:50:01: SourceMod error session started
L 09/15/2020 - 20:50:01: Info (map "de_mirage") (file "C:\TCAFiles\Users\jean\1\csgo\addons\sourcemod\logs\errors_20200915.log")
L 09/15/2020 - 20:50:01: [kento_rankme.smx] [RankMe] Query Fail: Column count doesn't match value count at row 1
L 09/15/2020 - 20:50:01: [store.smx] Error happened. Error: Duplicate entry '0' for key 'PRIMARY'
L 09/15/2020 - 20:50:03: [kento_rankme.smx] [RankMe] Query Fail: Column count doesn't match value count at row 1
L 09/15/2020 - 20:50:03: [store.smx] Error happened. Error: Duplicate entry '0' for key 'PRIMARY'
L 09/15/2020 - 20:51:13: [store.smx] Error happened. Error: Duplicate entry '0' for key 'PRIMARY'
L 09/15/2020 - 21:05:11: [kento_rankme.smx] [RankMe] Query Fail: Column count doesn't match value count at row 1
L 09/15/2020 - 21:05:11: [store.smx] Error happened. Error: Duplicate entry '0' for key 'PRIMARY'
L 09/15/2020 - 21:10:32: [store.smx] Error happened. Error: Duplicate entry '0' for key 'PRIMARY'
L 09/15/2020 - 21:18:15: [store.smx] Error happened. Error: Duplicate entry '0' for key 'PRIMARY'
L 09/15/2020 - 21:25:10: [kento_rankme.smx] [RankMe] Query Fail: Column count doesn't match value count at row 1
L 09/15/2020 - 21:35:51: [store.smx] Error happened. Error: Duplicate entry '0' for key 'PRIMARY'
L 09/15/2020 - 21:47:31: Error log file session closed.
L 09/15/2020 - 21:47:57: SourceMod error session started
L 09/15/2020 - 21:47:57: Info (map "de_nuke") (file "C:\TCAFiles\Users\jean\1\csgo\addons\sourcemod\logs\errors_20200915.log")
L 09/15/2020 - 21:47:57: [store.smx] Error happened. Error: Duplicate entry '0' for key 'PRIMARY'
L 09/15/2020 - 21:53:42: [kento_rankme.smx] [RankMe] Query Fail: Column count doesn't match value count at row 1
L 09/15/2020 - 21:53:42: [store.smx] Error happened. Error: Duplicate entry '0' for key 'PRIMARY'
L 09/15/2020 - 21:57:03: [kento_rankme.smx] [RankMe] Query Fail: Column count doesn't match value count at row 1
L 09/15/2020 - 21:57:03: [store.smx] Error happened. Error: Duplicate entry '0' for key 'PRIMARY'
L 09/15/2020 - 21:57:54: Error log file session closed.
L 09/15/2020 - 21:58:17: SourceMod error session started
L 09/15/2020 - 21:58:17: Info (map "de_overpass") (file "C:\TCAFiles\Users\jean\1\csgo\addons\sourcemod\logs\errors_20200915.log")
L 09/15/2020 - 21:58:17: [kento_rankme.smx] [RankMe] Query Fail: Column count doesn't match value count at row 1
L 09/15/2020 - 21:58:17: [store.smx] Error happened. Error: Duplicate entry '0' for key 'PRIMARY'
L 09/15/2020 - 21:58:18: [kento_rankme.smx] [RankMe] Query Fail: Column count doesn't match value count at row 1
L 09/15/2020 - 21:58:18: [store.smx] Error happened. Error: Duplicate entry '0' for key 'PRIMARY'
L 09/15/2020 - 22:55:12: Error log file session closed.
L 09/15/2020 - 22:59:15: SourceMod error session started
L 09/15/2020 - 22:59:15: Info (map "de_cache") (file "C:\TCAFiles\Users\jean\1\csgo\addons\sourcemod\logs\errors_20200915.log")
L 09/15/2020 - 22:59:15: [kento_rankme.smx] [RankMe] Query Fail: Column count doesn't match value count at row 1
L 09/15/2020 - 22:59:15: [store.smx] Error happened. Error: Duplicate entry '0' for key 'PRIMARY'
L 09/15/2020 - 23:02:53: [store.smx] Error happened. Error: Duplicate entry '0' for key 'PRIMARY'
L 09/15/2020 - 23:16:12: Error log file session closed.
L 09/15/2020 - 23:16:32: SourceMod error session started
L 09/15/2020 - 23:16:32: Info (map "de_inferno") (file "C:\TCAFiles\Users\jean\1\csgo\addons\sourcemod\logs\errors_20200915.log")
L 09/15/2020 - 23:16:32: [kento_rankme.smx] [RankMe] Query Fail: Column count doesn't match value count at row 1
L 09/15/2020 - 23:16:33: [store.smx] Error happened. Error: Duplicate entry '0' for key 'PRIMARY'
L 09/15/2020 - 23:16:35: [store.smx] Error happened. Error: Duplicate entry '0' for key 'PRIMARY'
L 09/15/2020 - 23:21:00: [kento_rankme.smx] [RankMe] Query Fail: Column count doesn't match value count at row 1
L 09/15/2020 - 23:38:11: [kento_rankme.smx] [RankMe] Query Fail: Column count doesn't match value count at row 1
L 09/15/2020 - 23:38:11: [store.smx] Error happened. Error: Duplicate entry '0' for key 'PRIMARY'
L 09/15/2020 - 23:40:39: [store.smx] Error happened. Error: Duplicate entry '0' for key 'PRIMARY'
L 09/15/2020 - 23:48:31: [kento_rankme.smx] [RankMe] Query Fail: Column count doesn't match value count at row 1
L 09/15/2020 - 23:52:05: Error log file session closed.
L 09/15/2020 - 23:52:24: SourceMod error session started
L 09/15/2020 - 23:52:24: Info (map "de_vertigo") (file "C:\TCAFiles\Users\jean\1\csgo\addons\sourcemod\logs\errors_20200915.log")
L 09/15/2020 - 23:52:24: [kento_rankme.smx] [RankMe] Query Fail: Column count doesn't match value count at row 1
L 09/15/2020 - 23:52:25: [store.smx] Error happened. Error: Duplicate entry '0' for key 'PRIMARY'
L 09/15/2020 - 23:52:26: [store.smx] Error happened. Error: Duplicate entry '0' for key 'PRIMARY'
L 09/15/2020 - 23:52:36: [kento_rankme.smx] [RankMe] Query Fail: Column count doesn't match value count at row 1
L 09/15/2020 - 23:53:58: [kento_rankme.smx] [RankMe] Query Fail: Column count doesn't match value count at row 1
L 09/15/2020 - 23:54:02: [kento_rankme.smx] [RankMe] Query Fail: Column count doesn't match value count at row 1
L 09/15/2020 - 23:54:02: [store.smx] Error happened. Error: Duplicate entry '0' for key 'PRIMARY'
L 09/15/2020 - 23:56:09: [kento_rankme.smx] [RankMe] Query Fail: Column count doesn't match value count at row 1
L 09/15/2020 - 23:56:09: [store.smx] Error happened. Error: Duplicate entry '0' for key 'PRIMARY'
L 09/15/2020 - 23:58:41: [kento_rankme.smx] [RankMe] Query Fail: Column count doesn't match value count at row 1
L 09/16/2020 - 00:06:23: Error log file session closed.
