L 10/20/2020 - 08:10:18: SourceMod error session started
L 10/20/2020 - 08:10:18: Info (map "de_overpass") (file "C:\TCAFiles\Users\jean\1\csgo\addons\sourcemod\logs\errors_20201020.log")
L 10/20/2020 - 08:10:18: [store.smx] Error happened. Error: Duplicate entry '0' for key 'PRIMARY'
L 10/20/2020 - 08:11:25: [store.smx] Error happened. Error: Duplicate entry '0' for key 'PRIMARY'
L 10/20/2020 - 08:25:02: Error log file session closed.
L 10/20/2020 - 08:25:15: SourceMod error session started
L 10/20/2020 - 08:25:15: Info (map "de_vertigo") (file "C:\TCAFiles\Users\jean\1\csgo\addons\sourcemod\logs\errors_20201020.log")
L 10/20/2020 - 08:25:15: [store.smx] Error happened. Error: Duplicate entry '0' for key 'PRIMARY'
L 10/20/2020 - 08:25:15: [store.smx] Error happened. Error: Duplicate entry '0' for key 'PRIMARY'
L 10/20/2020 - 09:31:20: Error log file session closed.
L 10/20/2020 - 09:31:35: SourceMod error session started
L 10/20/2020 - 09:31:35: Info (map "de_vertigo") (file "C:\TCAFiles\Users\jean\1\csgo\addons\sourcemod\logs\errors_20201020.log")
L 10/20/2020 - 09:31:35: [store.smx] Error happened. Error: Duplicate entry '0' for key 'PRIMARY'
L 10/20/2020 - 11:08:16: Error log file session closed.
L 10/20/2020 - 11:29:40: SourceMod error session started
L 10/20/2020 - 11:29:40: Info (map "de_mirage") (file "C:\TCAFiles\Users\jean\1\csgo\addons\sourcemod\logs\errors_20201020.log")
L 10/20/2020 - 11:29:40: [store.smx] Error happened. Error: Duplicate entry '0' for key 'PRIMARY'
L 10/20/2020 - 11:46:16: Error log file session closed.
L 10/20/2020 - 11:52:35: SourceMod error session started
L 10/20/2020 - 11:52:35: Info (map "de_dust2") (file "C:\TCAFiles\Users\jean\1\csgo\addons\sourcemod\logs\errors_20201020.log")
L 10/20/2020 - 11:52:35: [store.smx] Error happened. Error: Duplicate entry '0' for key 'PRIMARY'
L 10/20/2020 - 11:53:33: [store.smx] Error happened. Error: Duplicate entry '0' for key 'PRIMARY'
L 10/20/2020 - 12:06:13: Error log file session closed.
L 10/20/2020 - 12:06:37: SourceMod error session started
L 10/20/2020 - 12:06:37: Info (map "de_inferno") (file "C:\TCAFiles\Users\jean\1\csgo\addons\sourcemod\logs\errors_20201020.log")
L 10/20/2020 - 12:06:37: [store.smx] Error happened. Error: Duplicate entry '0' for key 'PRIMARY'
L 10/20/2020 - 12:24:31: Error log file session closed.
L 10/20/2020 - 12:25:46: SourceMod error session started
L 10/20/2020 - 12:25:46: Info (map "de_overpass") (file "C:\TCAFiles\Users\jean\1\csgo\addons\sourcemod\logs\errors_20201020.log")
L 10/20/2020 - 12:25:46: [store.smx] Error happened. Error: Duplicate entry '0' for key 'PRIMARY'
L 10/20/2020 - 12:33:39: [store.smx] Error happened. Error: Duplicate entry '0' for key 'PRIMARY'
L 10/20/2020 - 12:41:12: Error log file session closed.
L 10/20/2020 - 12:41:52: SourceMod error session started
L 10/20/2020 - 12:41:52: Info (map "de_train") (file "C:\TCAFiles\Users\jean\1\csgo\addons\sourcemod\logs\errors_20201020.log")
L 10/20/2020 - 12:41:52: [store.smx] Error happened. Error: Duplicate entry '0' for key 'PRIMARY'
L 10/20/2020 - 13:00:29: Error log file session closed.
L 10/20/2020 - 13:01:08: SourceMod error session started
L 10/20/2020 - 13:01:08: Info (map "de_cache") (file "C:\TCAFiles\Users\jean\1\csgo\addons\sourcemod\logs\errors_20201020.log")
L 10/20/2020 - 13:01:08: [store.smx] Error happened. Error: Duplicate entry '0' for key 'PRIMARY'
L 10/20/2020 - 13:12:21: [store.smx] Error happened. Error: Duplicate entry '0' for key 'PRIMARY'
L 10/20/2020 - 13:18:38: Error log file session closed.
L 10/20/2020 - 13:18:59: SourceMod error session started
L 10/20/2020 - 13:18:59: Info (map "de_vertigo") (file "C:\TCAFiles\Users\jean\1\csgo\addons\sourcemod\logs\errors_20201020.log")
L 10/20/2020 - 13:18:59: [store.smx] Error happened. Error: Duplicate entry '0' for key 'PRIMARY'
L 10/20/2020 - 13:20:36: [store.smx] Error happened. Error: Duplicate entry '0' for key 'PRIMARY'
L 10/20/2020 - 13:27:14: [store.smx] Error happened. Error: Duplicate entry '0' for key 'PRIMARY'
L 10/20/2020 - 13:36:35: Error log file session closed.
L 10/20/2020 - 13:36:44: SourceMod error session started
L 10/20/2020 - 13:36:44: Info (map "de_mirage") (file "C:\TCAFiles\Users\jean\1\csgo\addons\sourcemod\logs\errors_20201020.log")
L 10/20/2020 - 13:36:44: [store.smx] Error happened. Error: Duplicate entry '0' for key 'PRIMARY'
L 10/20/2020 - 13:36:58: [store.smx] Error happened. Error: Duplicate entry '0' for key 'PRIMARY'
L 10/20/2020 - 13:49:54: [store.smx] Error happened. Error: Duplicate entry '0' for key 'PRIMARY'
L 10/20/2020 - 13:56:17: Error log file session closed.
L 10/20/2020 - 13:56:36: SourceMod error session started
L 10/20/2020 - 13:56:36: Info (map "de_dust2") (file "C:\TCAFiles\Users\jean\1\csgo\addons\sourcemod\logs\errors_20201020.log")
L 10/20/2020 - 13:56:36: [store.smx] Error happened. Error: Duplicate entry '0' for key 'PRIMARY'
L 10/20/2020 - 13:56:48: [store.smx] Error happened. Error: Duplicate entry '0' for key 'PRIMARY'
L 10/20/2020 - 14:04:14: [store.smx] Error happened. Error: Duplicate entry '0' for key 'PRIMARY'
L 10/20/2020 - 14:05:52: [store.smx] Error happened. Error: Duplicate entry '0' for key 'PRIMARY'
L 10/20/2020 - 14:12:55: [store.smx] Error happened. Error: Duplicate entry '0' for key 'PRIMARY'
L 10/20/2020 - 14:14:05: [store.smx] Error happened. Error: Duplicate entry '0' for key 'PRIMARY'
L 10/20/2020 - 14:14:08: [store.smx] Error happened. Error: Duplicate entry '0' for key 'PRIMARY'
L 10/20/2020 - 14:21:44: [store.smx] Error happened. Error: Duplicate entry '0' for key 'PRIMARY'
L 10/20/2020 - 14:28:29: [store.smx] Error happened. Error: Duplicate entry '0' for key 'PRIMARY'
L 10/20/2020 - 14:28:32: [store.smx] Error happened. Error: Duplicate entry '0' for key 'PRIMARY'
L 10/20/2020 - 14:29:46: Error log file session closed.
L 10/20/2020 - 14:29:56: SourceMod error session started
L 10/20/2020 - 14:29:56: Info (map "de_inferno") (file "C:\TCAFiles\Users\jean\1\csgo\addons\sourcemod\logs\errors_20201020.log")
L 10/20/2020 - 14:29:56: [store.smx] Error happened. Error: Duplicate entry '0' for key 'PRIMARY'
L 10/20/2020 - 14:29:56: [store.smx] Error happened. Error: Duplicate entry '0' for key 'PRIMARY'
L 10/20/2020 - 14:30:05: [store.smx] Error happened. Error: Duplicate entry '0' for key 'PRIMARY'
L 10/20/2020 - 14:30:16: [store.smx] Error happened. Error: Duplicate entry '0' for key 'PRIMARY'
L 10/20/2020 - 14:30:22: [store.smx] Error happened. Error: Duplicate entry '0' for key 'PRIMARY'
L 10/20/2020 - 14:30:25: [store.smx] Error happened. Error: Duplicate entry '0' for key 'PRIMARY'
L 10/20/2020 - 14:35:10: [store.smx] Error happened. Error: Duplicate entry '0' for key 'PRIMARY'
L 10/20/2020 - 14:40:32: [store.smx] Error happened. Error: Duplicate entry '0' for key 'PRIMARY'
L 10/20/2020 - 14:48:38: Error log file session closed.
L 10/20/2020 - 14:48:48: SourceMod error session started
L 10/20/2020 - 14:48:48: Info (map "de_overpass") (file "C:\TCAFiles\Users\jean\1\csgo\addons\sourcemod\logs\errors_20201020.log")
L 10/20/2020 - 14:48:48: [store.smx] Error happened. Error: Duplicate entry '0' for key 'PRIMARY'
L 10/20/2020 - 14:48:51: [store.smx] Error happened. Error: Duplicate entry '0' for key 'PRIMARY'
L 10/20/2020 - 14:48:52: [store.smx] Error happened. Error: Duplicate entry '0' for key 'PRIMARY'
L 10/20/2020 - 14:48:54: [store.smx] Error happened. Error: Duplicate entry '0' for key 'PRIMARY'
L 10/20/2020 - 14:49:14: [store.smx] Error happened. Error: Duplicate entry '0' for key 'PRIMARY'
L 10/20/2020 - 14:49:58: [store.smx] Error happened. Error: Duplicate entry '0' for key 'PRIMARY'
L 10/20/2020 - 14:57:11: [store.smx] Error happened. Error: Duplicate entry '0' for key 'PRIMARY'
L 10/20/2020 - 14:57:22: [store.smx] Error happened. Error: Duplicate entry '0' for key 'PRIMARY'
L 10/20/2020 - 15:01:38: [store.smx] Error happened. Error: Duplicate entry '0' for key 'PRIMARY'
L 10/20/2020 - 15:04:59: Error log file session closed.
L 10/20/2020 - 15:05:09: SourceMod error session started
L 10/20/2020 - 15:05:09: Info (map "de_train") (file "C:\TCAFiles\Users\jean\1\csgo\addons\sourcemod\logs\errors_20201020.log")
L 10/20/2020 - 15:05:09: [store.smx] Error happened. Error: Duplicate entry '0' for key 'PRIMARY'
L 10/20/2020 - 15:05:13: [store.smx] Error happened. Error: Duplicate entry '0' for key 'PRIMARY'
L 10/20/2020 - 15:05:17: [store.smx] Error happened. Error: Duplicate entry '0' for key 'PRIMARY'
L 10/20/2020 - 15:05:33: [store.smx] Error happened. Error: Duplicate entry '0' for key 'PRIMARY'
L 10/20/2020 - 15:09:43: [store.smx] Error happened. Error: Duplicate entry '0' for key 'PRIMARY'
L 10/20/2020 - 15:15:28: [store.smx] Error happened. Error: Duplicate entry '0' for key 'PRIMARY'
L 10/20/2020 - 15:24:33: Error log file session closed.
L 10/20/2020 - 15:24:51: SourceMod error session started
L 10/20/2020 - 15:24:51: Info (map "de_cache") (file "C:\TCAFiles\Users\jean\1\csgo\addons\sourcemod\logs\errors_20201020.log")
L 10/20/2020 - 15:24:51: [store.smx] Error happened. Error: Duplicate entry '0' for key 'PRIMARY'
L 10/20/2020 - 15:24:59: [store.smx] Error happened. Error: Duplicate entry '0' for key 'PRIMARY'
L 10/20/2020 - 15:33:30: [store.smx] Error happened. Error: Duplicate entry '0' for key 'PRIMARY'
L 10/20/2020 - 15:38:48: [store.smx] Error happened. Error: Duplicate entry '0' for key 'PRIMARY'
L 10/20/2020 - 15:42:29: Error log file session closed.
L 10/20/2020 - 15:42:38: SourceMod error session started
L 10/20/2020 - 15:42:38: Info (map "de_vertigo") (file "C:\TCAFiles\Users\jean\1\csgo\addons\sourcemod\logs\errors_20201020.log")
L 10/20/2020 - 15:42:38: [store.smx] Error happened. Error: Duplicate entry '0' for key 'PRIMARY'
L 10/20/2020 - 15:42:40: [store.smx] Error happened. Error: Duplicate entry '0' for key 'PRIMARY'
L 10/20/2020 - 15:42:48: [store.smx] Error happened. Error: Duplicate entry '0' for key 'PRIMARY'
L 10/20/2020 - 15:43:58: [store.smx] Error happened. Error: Duplicate entry '0' for key 'PRIMARY'
L 10/20/2020 - 15:47:13: [store.smx] Error happened. Error: Duplicate entry '0' for key 'PRIMARY'
L 10/20/2020 - 15:52:14: [store.smx] Error happened. Error: Duplicate entry '0' for key 'PRIMARY'
L 10/20/2020 - 15:57:54: [store.smx] Error happened. Error: Duplicate entry '0' for key 'PRIMARY'
L 10/20/2020 - 16:01:03: Error log file session closed.
L 10/20/2020 - 16:01:12: SourceMod error session started
L 10/20/2020 - 16:01:12: Info (map "de_mirage") (file "C:\TCAFiles\Users\jean\1\csgo\addons\sourcemod\logs\errors_20201020.log")
L 10/20/2020 - 16:01:12: [store.smx] Error happened. Error: Duplicate entry '0' for key 'PRIMARY'
L 10/20/2020 - 16:01:14: [store.smx] Error happened. Error: Duplicate entry '0' for key 'PRIMARY'
L 10/20/2020 - 16:01:15: [store.smx] Error happened. Error: Duplicate entry '0' for key 'PRIMARY'
L 10/20/2020 - 16:01:20: [store.smx] Error happened. Error: Duplicate entry '0' for key 'PRIMARY'
L 10/20/2020 - 16:01:24: [store.smx] Error happened. Error: Duplicate entry '0' for key 'PRIMARY'
L 10/20/2020 - 16:02:46: [store.smx] Error happened. Error: Duplicate entry '0' for key 'PRIMARY'
L 10/20/2020 - 16:06:18: [store.smx] Error happened. Error: Duplicate entry '0' for key 'PRIMARY'
L 10/20/2020 - 16:07:51: [store.smx] Error happened. Error: Duplicate entry '0' for key 'PRIMARY'
L 10/20/2020 - 16:14:49: [store.smx] Error happened. Error: Duplicate entry '0' for key 'PRIMARY'
L 10/20/2020 - 16:19:30: [store.smx] Error happened. Error: Duplicate entry '0' for key 'PRIMARY'
L 10/20/2020 - 16:20:21: Error log file session closed.
L 10/20/2020 - 16:20:33: SourceMod error session started
L 10/20/2020 - 16:20:33: Info (map "de_dust2") (file "C:\TCAFiles\Users\jean\1\csgo\addons\sourcemod\logs\errors_20201020.log")
L 10/20/2020 - 16:20:33: [store.smx] Error happened. Error: Duplicate entry '0' for key 'PRIMARY'
L 10/20/2020 - 16:20:34: [store.smx] Error happened. Error: Duplicate entry '0' for key 'PRIMARY'
L 10/20/2020 - 16:20:35: [store.smx] Error happened. Error: Duplicate entry '0' for key 'PRIMARY'
L 10/20/2020 - 16:20:36: [store.smx] Error happened. Error: Duplicate entry '0' for key 'PRIMARY'
L 10/20/2020 - 16:21:13: [store.smx] Error happened. Error: Duplicate entry '0' for key 'PRIMARY'
L 10/20/2020 - 16:28:41: [store.smx] Error happened. Error: Duplicate entry '0' for key 'PRIMARY'
L 10/20/2020 - 16:31:59: [store.smx] Error happened. Error: Duplicate entry '0' for key 'PRIMARY'
L 10/20/2020 - 16:32:48: [store.smx] Error happened. Error: Duplicate entry '0' for key 'PRIMARY'
L 10/20/2020 - 16:34:30: [store.smx] Error happened. Error: Duplicate entry '0' for key 'PRIMARY'
L 10/20/2020 - 16:36:39: [store.smx] Error happened. Error: Duplicate entry '0' for key 'PRIMARY'
L 10/20/2020 - 16:37:06: Error log file session closed.
L 10/20/2020 - 16:37:20: SourceMod error session started
L 10/20/2020 - 16:37:20: Info (map "de_inferno") (file "C:\TCAFiles\Users\jean\1\csgo\addons\sourcemod\logs\errors_20201020.log")
L 10/20/2020 - 16:37:20: [store.smx] Error happened. Error: Duplicate entry '0' for key 'PRIMARY'
L 10/20/2020 - 16:37:26: [store.smx] Error happened. Error: Duplicate entry '0' for key 'PRIMARY'
L 10/20/2020 - 16:37:26: [store.smx] Error happened. Error: Duplicate entry '0' for key 'PRIMARY'
L 10/20/2020 - 16:37:40: [store.smx] Error happened. Error: Duplicate entry '0' for key 'PRIMARY'
L 10/20/2020 - 16:49:36: [store.smx] Error happened. Error: Duplicate entry '0' for key 'PRIMARY'
L 10/20/2020 - 16:54:03: Error log file session closed.
L 10/20/2020 - 16:54:22: SourceMod error session started
L 10/20/2020 - 16:54:22: Info (map "de_overpass") (file "C:\TCAFiles\Users\jean\1\csgo\addons\sourcemod\logs\errors_20201020.log")
L 10/20/2020 - 16:54:22: [store.smx] Error happened. Error: Duplicate entry '0' for key 'PRIMARY'
L 10/20/2020 - 16:54:31: [store.smx] Error happened. Error: Duplicate entry '0' for key 'PRIMARY'
L 10/20/2020 - 16:59:42: [store.smx] Error happened. Error: Duplicate entry '0' for key 'PRIMARY'
L 10/20/2020 - 17:02:55: [store.smx] Error happened. Error: Duplicate entry '0' for key 'PRIMARY'
L 10/20/2020 - 17:12:18: Error log file session closed.
L 10/20/2020 - 17:12:30: SourceMod error session started
L 10/20/2020 - 17:12:30: Info (map "de_train") (file "C:\TCAFiles\Users\jean\1\csgo\addons\sourcemod\logs\errors_20201020.log")
L 10/20/2020 - 17:12:30: [store.smx] Error happened. Error: Duplicate entry '0' for key 'PRIMARY'
L 10/20/2020 - 17:12:42: [store.smx] Error happened. Error: Duplicate entry '0' for key 'PRIMARY'
L 10/20/2020 - 17:13:21: [store.smx] Error happened. Error: Duplicate entry '0' for key 'PRIMARY'
L 10/20/2020 - 17:14:14: [store.smx] Error happened. Error: Duplicate entry '0' for key 'PRIMARY'
L 10/20/2020 - 17:14:39: [store.smx] Error happened. Error: Duplicate entry '0' for key 'PRIMARY'
L 10/20/2020 - 17:15:47: [store.smx] Error happened. Error: Duplicate entry '0' for key 'PRIMARY'
L 10/20/2020 - 17:30:58: Error log file session closed.
L 10/20/2020 - 17:31:12: SourceMod error session started
L 10/20/2020 - 17:31:12: Info (map "de_cache") (file "C:\TCAFiles\Users\jean\1\csgo\addons\sourcemod\logs\errors_20201020.log")
L 10/20/2020 - 17:31:12: [store.smx] Error happened. Error: Duplicate entry '0' for key 'PRIMARY'
L 10/20/2020 - 17:31:16: [store.smx] Error happened. Error: Duplicate entry '0' for key 'PRIMARY'
L 10/20/2020 - 17:31:23: [store.smx] Error happened. Error: Duplicate entry '0' for key 'PRIMARY'
L 10/20/2020 - 17:33:46: [store.smx] Error happened. Error: Duplicate entry '0' for key 'PRIMARY'
L 10/20/2020 - 17:34:58: [store.smx] Error happened. Error: Duplicate entry '0' for key 'PRIMARY'
L 10/20/2020 - 17:38:24: [store.smx] Error happened. Error: Duplicate entry '0' for key 'PRIMARY'
L 10/20/2020 - 17:38:37: [store.smx] Error happened. Error: Duplicate entry '0' for key 'PRIMARY'
L 10/20/2020 - 17:43:02: [store.smx] Error happened. Error: Duplicate entry '0' for key 'PRIMARY'
L 10/20/2020 - 17:50:25: Error log file session closed.
L 10/20/2020 - 17:50:32: SourceMod error session started
L 10/20/2020 - 17:50:32: Info (map "de_vertigo") (file "C:\TCAFiles\Users\jean\1\csgo\addons\sourcemod\logs\errors_20201020.log")
L 10/20/2020 - 17:50:32: [store.smx] Error happened. Error: Duplicate entry '0' for key 'PRIMARY'
L 10/20/2020 - 17:50:34: [store.smx] Error happened. Error: Duplicate entry '0' for key 'PRIMARY'
L 10/20/2020 - 17:50:39: [store.smx] Error happened. Error: Duplicate entry '0' for key 'PRIMARY'
L 10/20/2020 - 17:50:41: [store.smx] Error happened. Error: Duplicate entry '0' for key 'PRIMARY'
L 10/20/2020 - 17:53:49: [store.smx] Error happened. Error: Duplicate entry '0' for key 'PRIMARY'
L 10/20/2020 - 18:07:13: Error log file session closed.
L 10/20/2020 - 18:07:21: SourceMod error session started
L 10/20/2020 - 18:07:21: Info (map "de_mirage") (file "C:\TCAFiles\Users\jean\1\csgo\addons\sourcemod\logs\errors_20201020.log")
L 10/20/2020 - 18:07:21: [store.smx] Error happened. Error: Duplicate entry '0' for key 'PRIMARY'
L 10/20/2020 - 18:07:28: [store.smx] Error happened. Error: Duplicate entry '0' for key 'PRIMARY'
L 10/20/2020 - 18:07:31: [store.smx] Error happened. Error: Duplicate entry '0' for key 'PRIMARY'
L 10/20/2020 - 18:07:58: [store.smx] Error happened. Error: Duplicate entry '0' for key 'PRIMARY'
L 10/20/2020 - 18:14:11: [store.smx] Error happened. Error: Duplicate entry '0' for key 'PRIMARY'
L 10/20/2020 - 18:15:40: [store.smx] Error happened. Error: Duplicate entry '0' for key 'PRIMARY'
L 10/20/2020 - 18:16:37: [store.smx] Error happened. Error: Duplicate entry '0' for key 'PRIMARY'
L 10/20/2020 - 18:21:15: [store.smx] Error happened. Error: Duplicate entry '0' for key 'PRIMARY'
L 10/20/2020 - 18:25:20: Error log file session closed.
L 10/20/2020 - 18:25:29: SourceMod error session started
L 10/20/2020 - 18:25:29: Info (map "de_dust2") (file "C:\TCAFiles\Users\jean\1\csgo\addons\sourcemod\logs\errors_20201020.log")
L 10/20/2020 - 18:25:29: [store.smx] Error happened. Error: Duplicate entry '0' for key 'PRIMARY'
L 10/20/2020 - 18:26:06: [store.smx] Error happened. Error: Duplicate entry '0' for key 'PRIMARY'
L 10/20/2020 - 18:37:04: [store.smx] Error happened. Error: Duplicate entry '0' for key 'PRIMARY'
L 10/20/2020 - 18:37:44: [store.smx] Error happened. Error: Duplicate entry '0' for key 'PRIMARY'
L 10/20/2020 - 18:38:43: [store.smx] Error happened. Error: Duplicate entry '0' for key 'PRIMARY'
L 10/20/2020 - 18:42:27: [store.smx] Error happened. Error: Duplicate entry '0' for key 'PRIMARY'
L 10/20/2020 - 18:43:29: Error log file session closed.
L 10/20/2020 - 18:43:39: SourceMod error session started
L 10/20/2020 - 18:43:39: Info (map "de_inferno") (file "C:\TCAFiles\Users\jean\1\csgo\addons\sourcemod\logs\errors_20201020.log")
L 10/20/2020 - 18:43:39: [store.smx] Error happened. Error: Duplicate entry '0' for key 'PRIMARY'
L 10/20/2020 - 18:43:44: [store.smx] Error happened. Error: Duplicate entry '0' for key 'PRIMARY'
L 10/20/2020 - 18:43:44: [store.smx] Error happened. Error: Duplicate entry '0' for key 'PRIMARY'
L 10/20/2020 - 18:43:55: [store.smx] Error happened. Error: Duplicate entry '0' for key 'PRIMARY'
L 10/20/2020 - 18:56:38: [store.smx] Error happened. Error: Duplicate entry '0' for key 'PRIMARY'
L 10/20/2020 - 19:06:12: Error log file session closed.
L 10/20/2020 - 19:06:38: SourceMod error session started
L 10/20/2020 - 19:06:38: Info (map "de_overpass") (file "C:\TCAFiles\Users\jean\1\csgo\addons\sourcemod\logs\errors_20201020.log")
L 10/20/2020 - 19:06:38: [store.smx] Error happened. Error: Duplicate entry '0' for key 'PRIMARY'
L 10/20/2020 - 19:07:28: [store.smx] Error happened. Error: Duplicate entry '0' for key 'PRIMARY'
L 10/20/2020 - 19:09:49: [store.smx] Error happened. Error: Duplicate entry '0' for key 'PRIMARY'
L 10/20/2020 - 19:13:45: [store.smx] Error happened. Error: Duplicate entry '0' for key 'PRIMARY'
L 10/20/2020 - 19:15:51: [store.smx] Error happened. Error: Duplicate entry '0' for key 'PRIMARY'
L 10/20/2020 - 19:18:03: [store.smx] Error happened. Error: Duplicate entry '0' for key 'PRIMARY'
L 10/20/2020 - 19:24:03: Error log file session closed.
L 10/20/2020 - 19:24:17: SourceMod error session started
L 10/20/2020 - 19:24:17: Info (map "de_train") (file "C:\TCAFiles\Users\jean\1\csgo\addons\sourcemod\logs\errors_20201020.log")
L 10/20/2020 - 19:24:17: [store.smx] Error happened. Error: Duplicate entry '0' for key 'PRIMARY'
L 10/20/2020 - 19:24:18: [store.smx] Error happened. Error: Duplicate entry '0' for key 'PRIMARY'
L 10/20/2020 - 19:24:30: [store.smx] Error happened. Error: Duplicate entry '0' for key 'PRIMARY'
L 10/20/2020 - 19:25:46: [store.smx] Error happened. Error: Duplicate entry '0' for key 'PRIMARY'
L 10/20/2020 - 19:36:17: [store.smx] Error happened. Error: Duplicate entry '0' for key 'PRIMARY'
L 10/20/2020 - 19:36:51: [store.smx] Error happened. Error: Duplicate entry '0' for key 'PRIMARY'
L 10/20/2020 - 19:39:15: [store.smx] Error happened. Error: Duplicate entry '0' for key 'PRIMARY'
L 10/20/2020 - 19:45:34: [store.smx] Error happened. Error: Duplicate entry '0' for key 'PRIMARY'
L 10/20/2020 - 19:45:51: Error log file session closed.
L 10/20/2020 - 19:46:06: SourceMod error session started
L 10/20/2020 - 19:46:06: Info (map "de_cache") (file "C:\TCAFiles\Users\jean\1\csgo\addons\sourcemod\logs\errors_20201020.log")
L 10/20/2020 - 19:46:06: [store.smx] Error happened. Error: Duplicate entry '0' for key 'PRIMARY'
L 10/20/2020 - 19:46:08: [store.smx] Error happened. Error: Duplicate entry '0' for key 'PRIMARY'
L 10/20/2020 - 19:46:11: [store.smx] Error happened. Error: Duplicate entry '0' for key 'PRIMARY'
L 10/20/2020 - 19:46:19: [store.smx] Error happened. Error: Duplicate entry '0' for key 'PRIMARY'
L 10/20/2020 - 19:55:43: [store.smx] Error happened. Error: Duplicate entry '0' for key 'PRIMARY'
L 10/20/2020 - 20:00:05: [store.smx] Error happened. Error: Duplicate entry '0' for key 'PRIMARY'
L 10/20/2020 - 20:04:34: [store.smx] Error happened. Error: Duplicate entry '0' for key 'PRIMARY'
L 10/20/2020 - 20:04:50: Error log file session closed.
L 10/20/2020 - 20:05:00: SourceMod error session started
L 10/20/2020 - 20:05:00: Info (map "de_vertigo") (file "C:\TCAFiles\Users\jean\1\csgo\addons\sourcemod\logs\errors_20201020.log")
L 10/20/2020 - 20:05:00: [store.smx] Error happened. Error: Duplicate entry '0' for key 'PRIMARY'
L 10/20/2020 - 20:05:15: [store.smx] Error happened. Error: Duplicate entry '0' for key 'PRIMARY'
L 10/20/2020 - 20:05:24: [store.smx] Error happened. Error: Duplicate entry '0' for key 'PRIMARY'
L 10/20/2020 - 20:08:35: [store.smx] Error happened. Error: Duplicate entry '0' for key 'PRIMARY'
L 10/20/2020 - 20:11:34: [store.smx] Error happened. Error: Duplicate entry '0' for key 'PRIMARY'
L 10/20/2020 - 20:16:46: [store.smx] Error happened. Error: Duplicate entry '0' for key 'PRIMARY'
L 10/20/2020 - 20:20:09: Error log file session closed.
L 10/20/2020 - 20:20:18: SourceMod error session started
L 10/20/2020 - 20:20:18: Info (map "de_mirage") (file "C:\TCAFiles\Users\jean\1\csgo\addons\sourcemod\logs\errors_20201020.log")
L 10/20/2020 - 20:20:18: [store.smx] Error happened. Error: Duplicate entry '0' for key 'PRIMARY'
L 10/20/2020 - 20:20:20: [store.smx] Error happened. Error: Duplicate entry '0' for key 'PRIMARY'
L 10/20/2020 - 20:30:39: [store.smx] Error happened. Error: Duplicate entry '0' for key 'PRIMARY'
L 10/20/2020 - 20:30:43: [store.smx] Error happened. Error: Duplicate entry '0' for key 'PRIMARY'
L 10/20/2020 - 20:35:03: [store.smx] Error happened. Error: Duplicate entry '0' for key 'PRIMARY'
L 10/20/2020 - 20:40:07: Error log file session closed.
L 10/20/2020 - 20:40:27: SourceMod error session started
L 10/20/2020 - 20:40:27: Info (map "de_dust2") (file "C:\TCAFiles\Users\jean\1\csgo\addons\sourcemod\logs\errors_20201020.log")
L 10/20/2020 - 20:40:27: [store.smx] Error happened. Error: Duplicate entry '0' for key 'PRIMARY'
L 10/20/2020 - 20:40:29: [store.smx] Error happened. Error: Duplicate entry '0' for key 'PRIMARY'
L 10/20/2020 - 20:40:34: [store.smx] Error happened. Error: Duplicate entry '0' for key 'PRIMARY'
L 10/20/2020 - 20:40:46: [store.smx] Error happened. Error: Duplicate entry '0' for key 'PRIMARY'
L 10/20/2020 - 20:43:43: [store.smx] Error happened. Error: Duplicate entry '0' for key 'PRIMARY'
L 10/20/2020 - 20:49:08: [store.smx] Error happened. Error: Duplicate entry '0' for key 'PRIMARY'
L 10/20/2020 - 20:53:32: [store.smx] Error happened. Error: Duplicate entry '0' for key 'PRIMARY'
L 10/20/2020 - 20:58:53: Error log file session closed.
L 10/20/2020 - 20:59:04: SourceMod error session started
L 10/20/2020 - 20:59:04: Info (map "de_inferno") (file "C:\TCAFiles\Users\jean\1\csgo\addons\sourcemod\logs\errors_20201020.log")
L 10/20/2020 - 20:59:04: [store.smx] Error happened. Error: Duplicate entry '0' for key 'PRIMARY'
L 10/20/2020 - 20:59:17: [store.smx] Error happened. Error: Duplicate entry '0' for key 'PRIMARY'
L 10/20/2020 - 21:04:24: [store.smx] Error happened. Error: Duplicate entry '0' for key 'PRIMARY'
L 10/20/2020 - 21:05:57: [store.smx] Error happened. Error: Duplicate entry '0' for key 'PRIMARY'
L 10/20/2020 - 21:08:02: [store.smx] Error happened. Error: Duplicate entry '0' for key 'PRIMARY'
L 10/20/2020 - 21:10:05: [store.smx] Error happened. Error: Duplicate entry '0' for key 'PRIMARY'
L 10/20/2020 - 21:13:34: [store.smx] Error happened. Error: Duplicate entry '0' for key 'PRIMARY'
L 10/20/2020 - 21:48:57: Error log file session closed.
L 10/20/2020 - 21:49:33: SourceMod error session started
L 10/20/2020 - 21:49:33: Info (map "de_inferno") (file "C:\TCAFiles\Users\jean\1\csgo\addons\sourcemod\logs\errors_20201020.log")
L 10/20/2020 - 21:49:33: [store.smx] Error happened. Error: Duplicate entry '0' for key 'PRIMARY'
L 10/20/2020 - 21:50:20: [store.smx] Error happened. Error: Duplicate entry '0' for key 'PRIMARY'
L 10/20/2020 - 21:55:20: [store.smx] Error happened. Error: Duplicate entry '0' for key 'PRIMARY'
L 10/20/2020 - 22:05:25: [store.smx] Error happened. Error: Duplicate entry '0' for key 'PRIMARY'
L 10/20/2020 - 22:11:53: Error log file session closed.
L 10/20/2020 - 22:12:06: SourceMod error session started
L 10/20/2020 - 22:12:06: Info (map "de_overpass") (file "C:\TCAFiles\Users\jean\1\csgo\addons\sourcemod\logs\errors_20201020.log")
L 10/20/2020 - 22:12:06: [store.smx] Error happened. Error: Duplicate entry '0' for key 'PRIMARY'
L 10/20/2020 - 22:12:13: [store.smx] Error happened. Error: Duplicate entry '0' for key 'PRIMARY'
L 10/20/2020 - 22:30:04: Error log file session closed.
L 10/20/2020 - 22:30:17: SourceMod error session started
L 10/20/2020 - 22:30:17: Info (map "de_train") (file "C:\TCAFiles\Users\jean\1\csgo\addons\sourcemod\logs\errors_20201020.log")
L 10/20/2020 - 22:30:17: [store.smx] Error happened. Error: Duplicate entry '0' for key 'PRIMARY'
L 10/20/2020 - 22:30:22: [store.smx] Error happened. Error: Duplicate entry '0' for key 'PRIMARY'
L 10/20/2020 - 22:48:56: Error log file session closed.
L 10/20/2020 - 23:01:05: SourceMod error session started
L 10/20/2020 - 23:01:05: Info (map "de_vertigo") (file "C:\TCAFiles\Users\jean\1\csgo\addons\sourcemod\logs\errors_20201020.log")
L 10/20/2020 - 23:01:05: [store.smx] Error happened. Error: Duplicate entry '0' for key 'PRIMARY'
L 10/20/2020 - 23:04:45: Error log file session closed.
L 10/20/2020 - 23:04:55: SourceMod error session started
L 10/20/2020 - 23:04:55: Info (map "de_mirage") (file "C:\TCAFiles\Users\jean\1\csgo\addons\sourcemod\logs\errors_20201020.log")
L 10/20/2020 - 23:04:55: [store.smx] Error happened. Error: Duplicate entry '0' for key 'PRIMARY'
L 10/21/2020 - 05:24:00: Error log file session closed.
