L 05/24/2020 - 04:35:57: SourceMod error session started
L 05/24/2020 - 04:35:57: Info (map "de_inferno") (file "C:\TCAFiles\Users\jeanv\438\csgo\addons\sourcemod\logs\errors_20200524.log")
L 05/24/2020 - 04:35:57: [SM] Exception reported: Client index 0 is invalid
L 05/24/2020 - 04:35:57: [SM] Blaming: kento_rankme.smx
L 05/24/2020 - 04:35:57: [SM] Call stack trace:
L 05/24/2020 - 04:35:57: [SM]   [0] IsClientInGame
L 05/24/2020 - 04:35:57: [SM]   [1] Line 615, d:\csgoserver\csgo\addons\sourcemod\scripting\kento_rankme.sp::Event_RoundMVP
L 05/24/2020 - 04:35:57: [SM]   [3] CS_TerminateRound
L 05/24/2020 - 04:35:57: [SM]   [4] Line 896, ././scripting/retakes.sp::CheckRoundDone
L 05/24/2020 - 04:35:57: [SM]   [5] Line 311, ././scripting/retakes.sp::OnClientDisconnect
L 05/24/2020 - 04:35:58: Error log file session closed.
L 05/24/2020 - 23:45:59: SourceMod error session started
L 05/24/2020 - 23:45:59: Info (map "de_nuke") (file "C:\TCAFiles\Users\jeanv\438\csgo\addons\sourcemod\logs\errors_20200524.log")
L 05/24/2020 - 23:45:59: [SM] Exception reported: Client index 0 is invalid
L 05/24/2020 - 23:45:59: [SM] Blaming: kento_rankme.smx
L 05/24/2020 - 23:45:59: [SM] Call stack trace:
L 05/24/2020 - 23:45:59: [SM]   [0] IsClientInGame
L 05/24/2020 - 23:45:59: [SM]   [1] Line 615, d:\csgoserver\csgo\addons\sourcemod\scripting\kento_rankme.sp::Event_RoundMVP
L 05/24/2020 - 23:45:59: [SM]   [3] CS_TerminateRound
L 05/24/2020 - 23:45:59: [SM]   [4] Line 896, ././scripting/retakes.sp::CheckRoundDone
L 05/24/2020 - 23:45:59: [SM]   [5] Line 311, ././scripting/retakes.sp::OnClientDisconnect
L 05/24/2020 - 23:46:00: Error log file session closed.
