L 10/04/2020 - 00:48:13: SourceMod error session started
L 10/04/2020 - 00:48:13: Info (map "de_nuke") (file "C:\TCAFiles\Users\jean\1\csgo\addons\sourcemod\logs\errors_20201004.log")
L 10/04/2020 - 00:48:13: [store.smx] Error happened. Error: Duplicate entry '0' for key 'PRIMARY'
L 10/04/2020 - 00:55:01: Error log file session closed.
L 10/04/2020 - 00:55:10: SourceMod error session started
L 10/04/2020 - 00:55:10: Info (map "de_mirage") (file "C:\TCAFiles\Users\jean\1\csgo\addons\sourcemod\logs\errors_20201004.log")
L 10/04/2020 - 00:55:10: [store.smx] Error happened. Error: Duplicate entry '0' for key 'PRIMARY'
L 10/04/2020 - 06:44:29: Error log file session closed.
L 10/04/2020 - 07:35:33: SourceMod error session started
L 10/04/2020 - 07:35:33: Info (map "de_mirage") (file "C:\TCAFiles\Users\jean\1\csgo\addons\sourcemod\logs\errors_20201004.log")
L 10/04/2020 - 07:35:33: [store.smx] Error happened. Error: Duplicate entry '0' for key 'PRIMARY'
L 10/04/2020 - 07:50:13: [store.smx] Error happened. Error: Duplicate entry '0' for key 'PRIMARY'
L 10/04/2020 - 07:52:09: Error log file session closed.
L 10/04/2020 - 07:52:26: SourceMod error session started
L 10/04/2020 - 07:52:26: Info (map "de_dust2") (file "C:\TCAFiles\Users\jean\1\csgo\addons\sourcemod\logs\errors_20201004.log")
L 10/04/2020 - 07:52:26: [store.smx] Error happened. Error: Duplicate entry '0' for key 'PRIMARY'
L 10/04/2020 - 08:05:50: Error log file session closed.
L 10/04/2020 - 08:35:46: SourceMod error session started
L 10/04/2020 - 08:35:46: Info (map "de_dust2") (file "C:\TCAFiles\Users\jean\1\csgo\addons\sourcemod\logs\errors_20201004.log")
L 10/04/2020 - 08:35:46: [store.smx] Error happened. Error: Duplicate entry '0' for key 'PRIMARY'
L 10/04/2020 - 08:36:35: [store.smx] Error happened. Error: Duplicate entry '0' for key 'PRIMARY'
L 10/04/2020 - 08:41:41: Error log file session closed.
L 10/04/2020 - 08:41:50: SourceMod error session started
L 10/04/2020 - 08:41:50: Info (map "de_overpass") (file "C:\TCAFiles\Users\jean\1\csgo\addons\sourcemod\logs\errors_20201004.log")
L 10/04/2020 - 08:41:50: [store.smx] Error happened. Error: Duplicate entry '0' for key 'PRIMARY'
L 10/04/2020 - 08:42:00: [store.smx] Error happened. Error: Duplicate entry '0' for key 'PRIMARY'
L 10/04/2020 - 08:51:28: [store.smx] Error happened. Error: Duplicate entry '0' for key 'PRIMARY'
L 10/04/2020 - 08:54:18: [store.smx] Error happened. Error: Duplicate entry '0' for key 'PRIMARY'
L 10/04/2020 - 08:57:59: [store.smx] Error happened. Error: Duplicate entry '0' for key 'PRIMARY'
L 10/04/2020 - 09:00:09: Error log file session closed.
L 10/04/2020 - 09:00:21: SourceMod error session started
L 10/04/2020 - 09:00:21: Info (map "de_nuke") (file "C:\TCAFiles\Users\jean\1\csgo\addons\sourcemod\logs\errors_20201004.log")
L 10/04/2020 - 09:00:21: [store.smx] Error happened. Error: Duplicate entry '0' for key 'PRIMARY'
L 10/04/2020 - 09:01:04: [store.smx] Error happened. Error: Duplicate entry '0' for key 'PRIMARY'
L 10/04/2020 - 09:19:58: Error log file session closed.
L 10/04/2020 - 09:20:08: SourceMod error session started
L 10/04/2020 - 09:20:08: Info (map "de_mirage") (file "C:\TCAFiles\Users\jean\1\csgo\addons\sourcemod\logs\errors_20201004.log")
L 10/04/2020 - 09:20:08: [store.smx] Error happened. Error: Duplicate entry '0' for key 'PRIMARY'
L 10/04/2020 - 09:38:14: Error log file session closed.
L 10/04/2020 - 10:08:35: SourceMod error session started
L 10/04/2020 - 10:08:35: Info (map "de_inferno") (file "C:\TCAFiles\Users\jean\1\csgo\addons\sourcemod\logs\errors_20201004.log")
L 10/04/2020 - 10:08:35: [store.smx] Error happened. Error: Duplicate entry '0' for key 'PRIMARY'
L 10/04/2020 - 10:17:24: Error log file session closed.
L 10/04/2020 - 10:32:32: SourceMod error session started
L 10/04/2020 - 10:32:32: Info (map "de_vertigo") (file "C:\TCAFiles\Users\jean\1\csgo\addons\sourcemod\logs\errors_20201004.log")
L 10/04/2020 - 10:32:32: [store.smx] Error happened. Error: Duplicate entry '0' for key 'PRIMARY'
L 10/04/2020 - 10:33:48: Error log file session closed.
L 10/04/2020 - 10:34:12: SourceMod error session started
L 10/04/2020 - 10:34:12: Info (map "de_cache") (file "C:\TCAFiles\Users\jean\1\csgo\addons\sourcemod\logs\errors_20201004.log")
L 10/04/2020 - 10:34:12: [store.smx] Error happened. Error: Duplicate entry '0' for key 'PRIMARY'
L 10/04/2020 - 10:48:11: [store.smx] Error happened. Error: Duplicate entry '0' for key 'PRIMARY'
L 10/04/2020 - 10:49:17: [store.smx] Error happened. Error: Duplicate entry '0' for key 'PRIMARY'
L 10/04/2020 - 10:51:50: Error log file session closed.
L 10/04/2020 - 10:52:44: SourceMod error session started
L 10/04/2020 - 10:52:44: Info (map "de_train") (file "C:\TCAFiles\Users\jean\1\csgo\addons\sourcemod\logs\errors_20201004.log")
L 10/04/2020 - 10:52:44: [store.smx] Error happened. Error: Duplicate entry '0' for key 'PRIMARY'
L 10/04/2020 - 10:54:50: [store.smx] Error happened. Error: Duplicate entry '0' for key 'PRIMARY'
L 10/04/2020 - 10:55:58: [store.smx] Error happened. Error: Duplicate entry '0' for key 'PRIMARY'
L 10/04/2020 - 10:56:52: [store.smx] Error happened. Error: Duplicate entry '0' for key 'PRIMARY'
L 10/04/2020 - 10:59:06: [store.smx] Error happened. Error: Duplicate entry '0' for key 'PRIMARY'
L 10/04/2020 - 11:03:32: [store.smx] Error happened. Error: Duplicate entry '0' for key 'PRIMARY'
L 10/04/2020 - 11:11:24: Error log file session closed.
L 10/04/2020 - 11:16:08: SourceMod error session started
L 10/04/2020 - 11:16:08: Info (map "de_overpass") (file "C:\TCAFiles\Users\jean\1\csgo\addons\sourcemod\logs\errors_20201004.log")
L 10/04/2020 - 11:16:08: [store.smx] Error happened. Error: Duplicate entry '0' for key 'PRIMARY'
L 10/04/2020 - 11:18:34: [store.smx] Error happened. Error: Duplicate entry '0' for key 'PRIMARY'
L 10/04/2020 - 11:19:21: [store.smx] Error happened. Error: Duplicate entry '0' for key 'PRIMARY'
L 10/04/2020 - 11:23:35: [store.smx] Error happened. Error: Duplicate entry '0' for key 'PRIMARY'
L 10/04/2020 - 11:25:34: [store.smx] Error happened. Error: Duplicate entry '0' for key 'PRIMARY'
L 10/04/2020 - 11:27:34: Error log file session closed.
L 10/04/2020 - 11:27:43: SourceMod error session started
L 10/04/2020 - 11:27:43: Info (map "de_mirage") (file "C:\TCAFiles\Users\jean\1\csgo\addons\sourcemod\logs\errors_20201004.log")
L 10/04/2020 - 11:27:43: [store.smx] Error happened. Error: Duplicate entry '0' for key 'PRIMARY'
L 10/04/2020 - 11:27:44: [store.smx] Error happened. Error: Duplicate entry '0' for key 'PRIMARY'
L 10/04/2020 - 11:27:53: [store.smx] Error happened. Error: Duplicate entry '0' for key 'PRIMARY'
L 10/04/2020 - 11:28:03: [store.smx] Error happened. Error: Duplicate entry '0' for key 'PRIMARY'
L 10/04/2020 - 11:29:50: [store.smx] Error happened. Error: Duplicate entry '0' for key 'PRIMARY'
L 10/04/2020 - 12:04:13: Error log file session closed.
L 10/04/2020 - 12:04:26: SourceMod error session started
L 10/04/2020 - 12:04:26: Info (map "de_dust2") (file "C:\TCAFiles\Users\jean\1\csgo\addons\sourcemod\logs\errors_20201004.log")
L 10/04/2020 - 12:04:26: [store.smx] Error happened. Error: Duplicate entry '0' for key 'PRIMARY'
L 10/04/2020 - 12:10:21: [store.smx] Error happened. Error: Duplicate entry '0' for key 'PRIMARY'
L 10/04/2020 - 12:22:16: Error log file session closed.
L 10/04/2020 - 12:54:19: SourceMod error session started
L 10/04/2020 - 12:54:19: Info (map "de_inferno") (file "C:\TCAFiles\Users\jean\1\csgo\addons\sourcemod\logs\errors_20201004.log")
L 10/04/2020 - 12:54:19: [store.smx] Error happened. Error: Duplicate entry '0' for key 'PRIMARY'
L 10/04/2020 - 13:00:05: [store.smx] Error happened. Error: Duplicate entry '0' for key 'PRIMARY'
L 10/04/2020 - 13:00:55: Error log file session closed.
L 10/04/2020 - 13:02:42: SourceMod error session started
L 10/04/2020 - 13:02:42: Info (map "de_vertigo") (file "C:\TCAFiles\Users\jean\1\csgo\addons\sourcemod\logs\errors_20201004.log")
L 10/04/2020 - 13:02:42: [store.smx] Error happened. Error: Duplicate entry '0' for key 'PRIMARY'
L 10/04/2020 - 13:17:15: Error log file session closed.
L 10/04/2020 - 13:17:33: SourceMod error session started
L 10/04/2020 - 13:17:33: Info (map "de_cache") (file "C:\TCAFiles\Users\jean\1\csgo\addons\sourcemod\logs\errors_20201004.log")
L 10/04/2020 - 13:17:33: [store.smx] Error happened. Error: Duplicate entry '0' for key 'PRIMARY'
L 10/04/2020 - 13:28:34: Error log file session closed.
L 10/04/2020 - 14:21:43: SourceMod error session started
L 10/04/2020 - 14:21:43: Info (map "de_train") (file "C:\TCAFiles\Users\jean\1\csgo\addons\sourcemod\logs\errors_20201004.log")
L 10/04/2020 - 14:21:43: [store.smx] Error happened. Error: Duplicate entry '0' for key 'PRIMARY'
L 10/04/2020 - 14:38:44: Error log file session closed.
L 10/04/2020 - 14:41:02: SourceMod error session started
L 10/04/2020 - 14:41:02: Info (map "de_train") (file "C:\TCAFiles\Users\jean\1\csgo\addons\sourcemod\logs\errors_20201004.log")
L 10/04/2020 - 14:41:02: [store.smx] Error happened. Error: Duplicate entry '0' for key 'PRIMARY'
L 10/04/2020 - 14:42:07: [store.smx] Error happened. Error: Duplicate entry '0' for key 'PRIMARY'
L 10/04/2020 - 14:46:39: [store.smx] Error happened. Error: Duplicate entry '0' for key 'PRIMARY'
L 10/04/2020 - 14:47:26: [store.smx] Error happened. Error: Duplicate entry '0' for key 'PRIMARY'
L 10/04/2020 - 14:48:00: [store.smx] Error happened. Error: Duplicate entry '0' for key 'PRIMARY'
L 10/04/2020 - 14:49:09: [store.smx] Error happened. Error: Duplicate entry '0' for key 'PRIMARY'
L 10/04/2020 - 14:53:44: [store.smx] Error happened. Error: Duplicate entry '0' for key 'PRIMARY'
L 10/04/2020 - 14:57:52: [store.smx] Error happened. Error: Duplicate entry '0' for key 'PRIMARY'
L 10/04/2020 - 14:57:53: [store.smx] Error happened. Error: Duplicate entry '0' for key 'PRIMARY'
L 10/04/2020 - 14:58:45: Error log file session closed.
L 10/04/2020 - 14:58:56: SourceMod error session started
L 10/04/2020 - 14:58:56: Info (map "de_mirage") (file "C:\TCAFiles\Users\jean\1\csgo\addons\sourcemod\logs\errors_20201004.log")
L 10/04/2020 - 14:58:56: [store.smx] Error happened. Error: Duplicate entry '0' for key 'PRIMARY'
L 10/04/2020 - 14:59:00: [store.smx] Error happened. Error: Duplicate entry '0' for key 'PRIMARY'
L 10/04/2020 - 14:59:41: [store.smx] Error happened. Error: Duplicate entry '0' for key 'PRIMARY'
L 10/04/2020 - 15:03:27: [store.smx] Error happened. Error: Duplicate entry '0' for key 'PRIMARY'
L 10/04/2020 - 15:05:41: [store.smx] Error happened. Error: Duplicate entry '0' for key 'PRIMARY'
L 10/04/2020 - 15:07:50: [store.smx] Error happened. Error: Duplicate entry '0' for key 'PRIMARY'
L 10/04/2020 - 15:08:58: [store.smx] Error happened. Error: Duplicate entry '0' for key 'PRIMARY'
L 10/04/2020 - 15:12:24: [store.smx] Error happened. Error: Duplicate entry '0' for key 'PRIMARY'
L 10/04/2020 - 15:17:02: Error log file session closed.
L 10/04/2020 - 15:17:35: SourceMod error session started
L 10/04/2020 - 15:17:35: Info (map "de_inferno") (file "C:\TCAFiles\Users\jean\1\csgo\addons\sourcemod\logs\errors_20201004.log")
L 10/04/2020 - 15:17:35: [store.smx] Error happened. Error: Duplicate entry '0' for key 'PRIMARY'
L 10/04/2020 - 15:17:37: [store.smx] Error happened. Error: Duplicate entry '0' for key 'PRIMARY'
L 10/04/2020 - 15:22:59: [store.smx] Error happened. Error: Duplicate entry '0' for key 'PRIMARY'
L 10/04/2020 - 15:23:54: [store.smx] Error happened. Error: Duplicate entry '0' for key 'PRIMARY'
L 10/04/2020 - 15:24:45: [store.smx] Error happened. Error: Duplicate entry '0' for key 'PRIMARY'
L 10/04/2020 - 15:31:25: [store.smx] Error happened. Error: Duplicate entry '0' for key 'PRIMARY'
L 10/04/2020 - 15:35:06: [store.smx] Error happened. Error: Duplicate entry '0' for key 'PRIMARY'
L 10/04/2020 - 15:36:25: [store.smx] Error happened. Error: Duplicate entry '0' for key 'PRIMARY'
L 10/04/2020 - 15:37:16: Error log file session closed.
L 10/04/2020 - 15:37:25: SourceMod error session started
L 10/04/2020 - 15:37:25: Info (map "de_vertigo") (file "C:\TCAFiles\Users\jean\1\csgo\addons\sourcemod\logs\errors_20201004.log")
L 10/04/2020 - 15:37:25: [store.smx] Error happened. Error: Duplicate entry '0' for key 'PRIMARY'
L 10/04/2020 - 15:37:26: [store.smx] Error happened. Error: Duplicate entry '0' for key 'PRIMARY'
L 10/04/2020 - 15:37:27: [store.smx] Error happened. Error: Duplicate entry '0' for key 'PRIMARY'
L 10/04/2020 - 15:54:22: Error log file session closed.
L 10/04/2020 - 16:49:32: SourceMod error session started
L 10/04/2020 - 16:49:32: Info (map "de_train") (file "C:\TCAFiles\Users\jean\1\csgo\addons\sourcemod\logs\errors_20201004.log")
L 10/04/2020 - 16:49:32: [store.smx] Error happened. Error: Duplicate entry '0' for key 'PRIMARY'
L 10/04/2020 - 16:51:12: [store.smx] Error happened. Error: Duplicate entry '0' for key 'PRIMARY'
L 10/04/2020 - 17:05:58: Error log file session closed.
L 10/04/2020 - 17:06:14: SourceMod error session started
L 10/04/2020 - 17:06:14: Info (map "de_dust2") (file "C:\TCAFiles\Users\jean\1\csgo\addons\sourcemod\logs\errors_20201004.log")
L 10/04/2020 - 17:06:14: [store.smx] Error happened. Error: Duplicate entry '0' for key 'PRIMARY'
L 10/04/2020 - 17:11:36: [store.smx] Error happened. Error: Duplicate entry '0' for key 'PRIMARY'
L 10/04/2020 - 17:26:06: Error log file session closed.
L 10/04/2020 - 18:16:50: SourceMod error session started
L 10/04/2020 - 18:16:50: Info (map "de_mirage") (file "C:\TCAFiles\Users\jean\1\csgo\addons\sourcemod\logs\errors_20201004.log")
L 10/04/2020 - 18:16:50: [store.smx] Error happened. Error: Duplicate entry '0' for key 'PRIMARY'
L 10/04/2020 - 18:25:46: Error log file session closed.
L 10/04/2020 - 18:51:36: SourceMod error session started
L 10/04/2020 - 18:51:36: Info (map "de_mirage") (file "C:\TCAFiles\Users\jean\1\csgo\addons\sourcemod\logs\errors_20201004.log")
L 10/04/2020 - 18:51:36: [store.smx] Error happened. Error: Duplicate entry '0' for key 'PRIMARY'
L 10/04/2020 - 18:52:25: [store.smx] Error happened. Error: Duplicate entry '0' for key 'PRIMARY'
L 10/04/2020 - 18:56:17: Error log file session closed.
L 10/04/2020 - 18:56:24: SourceMod error session started
L 10/04/2020 - 18:56:24: Info (map "de_mirage") (file "C:\TCAFiles\Users\jean\1\csgo\addons\sourcemod\logs\errors_20201004.log")
L 10/04/2020 - 18:56:24: [store.smx] Error happened. Error: Duplicate entry '0' for key 'PRIMARY'
L 10/04/2020 - 18:57:47: Error log file session closed.
L 10/04/2020 - 18:57:51: SourceMod error session started
L 10/04/2020 - 18:57:51: Info (map "de_mirage") (file "C:\TCAFiles\Users\jean\1\csgo\addons\sourcemod\logs\errors_20201004.log")
L 10/04/2020 - 18:57:51: [store.smx] Error happened. Error: Duplicate entry '0' for key 'PRIMARY'
L 10/04/2020 - 18:59:12: [store.smx] Error happened. Error: Duplicate entry '0' for key 'PRIMARY'
L 10/04/2020 - 19:13:29: Error log file session closed.
L 10/04/2020 - 19:24:09: SourceMod error session started
L 10/04/2020 - 19:24:09: Info (map "de_mirage") (file "C:\TCAFiles\Users\jean\1\csgo\addons\sourcemod\logs\errors_20201004.log")
L 10/04/2020 - 19:24:09: [store.smx] Error happened. Error: Duplicate entry '0' for key 'PRIMARY'
L 10/04/2020 - 19:32:56: Error log file session closed.
L 10/04/2020 - 19:33:11: SourceMod error session started
L 10/04/2020 - 19:33:11: Info (map "de_inferno") (file "C:\TCAFiles\Users\jean\1\csgo\addons\sourcemod\logs\errors_20201004.log")
L 10/04/2020 - 19:33:11: [store.smx] Error happened. Error: Duplicate entry '0' for key 'PRIMARY'
L 10/04/2020 - 19:34:24: [store.smx] Error happened. Error: Duplicate entry '0' for key 'PRIMARY'
L 10/04/2020 - 19:51:16: Error log file session closed.
L 10/04/2020 - 19:51:35: SourceMod error session started
L 10/04/2020 - 19:51:35: Info (map "de_dust2") (file "C:\TCAFiles\Users\jean\1\csgo\addons\sourcemod\logs\errors_20201004.log")
L 10/04/2020 - 19:51:35: [store.smx] Error happened. Error: Duplicate entry '0' for key 'PRIMARY'
L 10/04/2020 - 19:53:17: [store.smx] Error happened. Error: Duplicate entry '0' for key 'PRIMARY'
L 10/04/2020 - 20:01:36: [store.smx] Error happened. Error: Duplicate entry '0' for key 'PRIMARY'
L 10/04/2020 - 20:08:41: [store.smx] Error happened. Error: Duplicate entry '0' for key 'PRIMARY'
L 10/04/2020 - 20:10:00: Error log file session closed.
L 10/04/2020 - 20:10:16: SourceMod error session started
L 10/04/2020 - 20:10:16: Info (map "de_overpass") (file "C:\TCAFiles\Users\jean\1\csgo\addons\sourcemod\logs\errors_20201004.log")
L 10/04/2020 - 20:10:16: [store.smx] Error happened. Error: Duplicate entry '0' for key 'PRIMARY'
L 10/04/2020 - 20:15:04: [store.smx] Error happened. Error: Duplicate entry '0' for key 'PRIMARY'
L 10/04/2020 - 20:29:16: Error log file session closed.
L 10/04/2020 - 20:29:34: SourceMod error session started
L 10/04/2020 - 20:29:34: Info (map "de_nuke") (file "C:\TCAFiles\Users\jean\1\csgo\addons\sourcemod\logs\errors_20201004.log")
L 10/04/2020 - 20:29:34: [store.smx] Error happened. Error: Duplicate entry '0' for key 'PRIMARY'
L 10/04/2020 - 20:29:40: [store.smx] Error happened. Error: Duplicate entry '0' for key 'PRIMARY'
L 10/04/2020 - 20:32:30: [store.smx] Error happened. Error: Duplicate entry '0' for key 'PRIMARY'
L 10/04/2020 - 20:37:05: [store.smx] Error happened. Error: Duplicate entry '0' for key 'PRIMARY'
L 10/04/2020 - 20:48:27: Error log file session closed.
L 10/04/2020 - 21:08:23: SourceMod error session started
L 10/04/2020 - 21:08:23: Info (map "de_train") (file "C:\TCAFiles\Users\jean\1\csgo\addons\sourcemod\logs\errors_20201004.log")
L 10/04/2020 - 21:08:23: [store.smx] Error happened. Error: Duplicate entry '0' for key 'PRIMARY'
L 10/04/2020 - 21:16:15: [store.smx] Error happened. Error: Duplicate entry '0' for key 'PRIMARY'
L 10/04/2020 - 21:26:28: Error log file session closed.
L 10/04/2020 - 21:26:39: SourceMod error session started
L 10/04/2020 - 21:26:39: Info (map "de_mirage") (file "C:\TCAFiles\Users\jean\1\csgo\addons\sourcemod\logs\errors_20201004.log")
L 10/04/2020 - 21:26:39: [store.smx] Error happened. Error: Duplicate entry '0' for key 'PRIMARY'
L 10/04/2020 - 21:26:41: [store.smx] Error happened. Error: Duplicate entry '0' for key 'PRIMARY'
L 10/04/2020 - 21:46:13: Error log file session closed.
L 10/04/2020 - 21:46:26: SourceMod error session started
L 10/04/2020 - 21:46:26: Info (map "de_inferno") (file "C:\TCAFiles\Users\jean\1\csgo\addons\sourcemod\logs\errors_20201004.log")
L 10/04/2020 - 21:46:26: [store.smx] Error happened. Error: Duplicate entry '0' for key 'PRIMARY'
L 10/04/2020 - 21:50:26: [store.smx] Error happened. Error: Duplicate entry '0' for key 'PRIMARY'
L 10/04/2020 - 22:07:46: Error log file session closed.
L 10/04/2020 - 22:07:57: SourceMod error session started
L 10/04/2020 - 22:07:57: Info (map "de_dust2") (file "C:\TCAFiles\Users\jean\1\csgo\addons\sourcemod\logs\errors_20201004.log")
L 10/04/2020 - 22:07:57: [store.smx] Error happened. Error: Duplicate entry '0' for key 'PRIMARY'
L 10/04/2020 - 22:23:39: Error log file session closed.
L 10/04/2020 - 22:26:08: SourceMod error session started
L 10/04/2020 - 22:26:08: Info (map "de_overpass") (file "C:\TCAFiles\Users\jean\1\csgo\addons\sourcemod\logs\errors_20201004.log")
L 10/04/2020 - 22:26:08: [store.smx] Error happened. Error: Duplicate entry '0' for key 'PRIMARY'
L 10/04/2020 - 22:32:09: [store.smx] Error happened. Error: Duplicate entry '0' for key 'PRIMARY'
L 10/04/2020 - 22:32:41: [store.smx] Error happened. Error: Duplicate entry '0' for key 'PRIMARY'
L 10/04/2020 - 22:38:47: [store.smx] Error happened. Error: Duplicate entry '0' for key 'PRIMARY'
L 10/04/2020 - 22:40:50: Error log file session closed.
L 10/04/2020 - 22:41:04: SourceMod error session started
L 10/04/2020 - 22:41:04: Info (map "de_nuke") (file "C:\TCAFiles\Users\jean\1\csgo\addons\sourcemod\logs\errors_20201004.log")
L 10/04/2020 - 22:41:04: [store.smx] Error happened. Error: Duplicate entry '0' for key 'PRIMARY'
L 10/04/2020 - 22:41:13: [store.smx] Error happened. Error: Duplicate entry '0' for key 'PRIMARY'
L 10/04/2020 - 22:42:06: [store.smx] Error happened. Error: Duplicate entry '0' for key 'PRIMARY'
L 10/04/2020 - 22:54:53: [store.smx] Error happened. Error: Duplicate entry '0' for key 'PRIMARY'
L 10/04/2020 - 22:59:01: Error log file session closed.
L 10/04/2020 - 22:59:15: SourceMod error session started
L 10/04/2020 - 22:59:15: Info (map "de_cache") (file "C:\TCAFiles\Users\jean\1\csgo\addons\sourcemod\logs\errors_20201004.log")
L 10/04/2020 - 22:59:15: [store.smx] Error happened. Error: Duplicate entry '0' for key 'PRIMARY'
L 10/04/2020 - 23:53:23: Error log file session closed.
