L 05/11/2020 - 20:21:03: SourceMod error session started
L 05/11/2020 - 20:21:03: Info (map "de_nuke") (file "C:\TCAFiles\Users\jeanv\438\csgo\addons\sourcemod\logs\errors_20200511.log")
L 05/11/2020 - 20:21:03: [retakes.smx] The retakes config file (addons\sourcemod\configs\retakes\de_nuke.cfg) does not exist
L 05/11/2020 - 20:21:06: Error log file session closed.
L 05/11/2020 - 20:21:09: SourceMod error session started
L 05/11/2020 - 20:21:09: Info (map "de_nuke") (file "C:\TCAFiles\Users\jeanv\438\csgo\addons\sourcemod\logs\errors_20200511.log")
L 05/11/2020 - 20:21:09: [retakes.smx] The retakes config file (addons\sourcemod\configs\retakes\de_nuke.cfg) does not exist
L 05/11/2020 - 20:21:39: [retakes.smx] This map does not have enough spawns!
L 05/11/2020 - 20:21:39: [retakes.smx] Failed to get any spawn on de_nuke, site=0, team=1
L 05/11/2020 - 20:21:55: [retakes.smx] This map does not have enough spawns!
L 05/11/2020 - 20:21:55: [retakes.smx] Failed to get any spawn on de_nuke, site=0, team=1
L 05/11/2020 - 20:21:55: [retakes.smx] This map does not have enough spawns!
L 05/11/2020 - 20:21:55: [retakes.smx] Failed to get any spawn on de_nuke, site=0, team=1
L 05/11/2020 - 20:21:59: [retakes.smx] This map does not have enough spawns!
L 05/11/2020 - 20:21:59: [retakes.smx] Failed to get any spawn on de_nuke, site=0, team=1
L 05/11/2020 - 20:21:59: [retakes.smx] This map does not have enough spawns!
L 05/11/2020 - 20:21:59: [retakes.smx] Failed to get any spawn on de_nuke, site=0, team=1
L 05/11/2020 - 20:22:01: [retakes.smx] This map does not have enough spawns!
L 05/11/2020 - 20:22:01: [retakes.smx] Failed to get any spawn on de_nuke, site=0, team=1
L 05/11/2020 - 20:22:01: [retakes.smx] This map does not have enough spawns!
L 05/11/2020 - 20:22:01: [retakes.smx] Failed to get any spawn on de_nuke, site=0, team=1
L 05/11/2020 - 20:22:01: [retakes.smx] This map does not have enough spawns!
L 05/11/2020 - 20:22:01: [retakes.smx] Failed to get any spawn on de_nuke, site=0, team=1
L 05/11/2020 - 20:22:02: [retakes.smx] This map does not have enough spawns!
L 05/11/2020 - 20:22:02: [retakes.smx] Failed to get any spawn on de_nuke, site=0, team=1
L 05/11/2020 - 20:22:07: [retakes.smx] This map does not have enough spawns!
L 05/11/2020 - 20:22:07: [retakes.smx] Failed to get any spawn on de_nuke, site=0, team=1
L 05/11/2020 - 20:22:07: [retakes.smx] This map does not have enough spawns!
L 05/11/2020 - 20:22:07: [retakes.smx] Failed to get any spawn on de_nuke, site=0, team=1
L 05/11/2020 - 20:22:09: [retakes.smx] This map does not have enough spawns!
L 05/11/2020 - 20:22:09: [retakes.smx] Failed to get any spawn on de_nuke, site=0, team=1
L 05/11/2020 - 20:22:09: [retakes.smx] This map does not have enough spawns!
L 05/11/2020 - 20:22:09: [retakes.smx] Failed to get any spawn on de_nuke, site=0, team=1
L 05/11/2020 - 20:22:10: [retakes.smx] This map does not have enough spawns!
L 05/11/2020 - 20:22:10: [retakes.smx] Failed to get any spawn on de_nuke, site=0, team=1
L 05/11/2020 - 20:22:10: [retakes.smx] This map does not have enough spawns!
L 05/11/2020 - 20:22:10: [retakes.smx] Failed to get any spawn on de_nuke, site=0, team=1
L 05/11/2020 - 20:22:10: [retakes.smx] This map does not have enough spawns!
L 05/11/2020 - 20:22:10: [retakes.smx] Failed to get any spawn on de_nuke, site=0, team=1
L 05/11/2020 - 20:22:23: Error log file session closed.
