L 09/10/2020 - 05:00:48: SourceMod error session started
L 09/10/2020 - 05:00:48: Info (map "de_dust2") (file "C:\TCAFiles\Users\jean\1\csgo\addons\sourcemod\logs\errors_20200910.log")
L 09/10/2020 - 05:00:48: [SM] Unable to load plugin "csgo_dices_shop.smx": Could not find required plugin "shop"
L 09/10/2020 - 05:00:49: [store.smx] Gifts! isn't installed or failed to load. Gifts support will be disabled. Please install Gifts. (http://forums.alliedmods.net/showthread.php?t=175185)
L 09/10/2020 - 05:00:49: [store.smx] Simple Chat Processor isn't installed or failed to load. SCP support will be disabled. (http://forums.alliedmods.net/showthread.php?t=198501)
L 09/10/2020 - 05:01:16: Error log file session closed.
L 09/10/2020 - 05:01:35: SourceMod error session started
L 09/10/2020 - 05:01:35: Info (map "de_dust2") (file "C:\TCAFiles\Users\jean\1\csgo\addons\sourcemod\logs\errors_20200910.log")
L 09/10/2020 - 05:01:35: [SM] Unable to load plugin "csgo_dices_shop.smx": Could not find required plugin "shop"
L 09/10/2020 - 05:01:35: [store.smx] Gifts! isn't installed or failed to load. Gifts support will be disabled. Please install Gifts. (http://forums.alliedmods.net/showthread.php?t=175185)
L 09/10/2020 - 05:01:35: [store.smx] Simple Chat Processor isn't installed or failed to load. SCP support will be disabled. (http://forums.alliedmods.net/showthread.php?t=198501)
L 09/10/2020 - 05:02:02: Error log file session closed.
L 09/10/2020 - 05:02:21: SourceMod error session started
L 09/10/2020 - 05:02:21: Info (map "de_dust2") (file "C:\TCAFiles\Users\jean\1\csgo\addons\sourcemod\logs\errors_20200910.log")
L 09/10/2020 - 05:02:21: [SM] Unable to load plugin "csgo_dices_shop.smx": Could not find required plugin "shop"
L 09/10/2020 - 05:02:21: [store.smx] Gifts! isn't installed or failed to load. Gifts support will be disabled. Please install Gifts. (http://forums.alliedmods.net/showthread.php?t=175185)
L 09/10/2020 - 05:02:21: [store.smx] Simple Chat Processor isn't installed or failed to load. SCP support will be disabled. (http://forums.alliedmods.net/showthread.php?t=198501)
L 09/10/2020 - 05:02:48: Error log file session closed.
L 09/10/2020 - 05:03:09: SourceMod error session started
L 09/10/2020 - 05:03:09: Info (map "de_dust2") (file "C:\TCAFiles\Users\jean\1\csgo\addons\sourcemod\logs\errors_20200910.log")
L 09/10/2020 - 05:03:09: [SM] Unable to load plugin "csgo_dices_shop.smx": Could not find required plugin "shop"
L 09/10/2020 - 05:03:10: [store.smx] Gifts! isn't installed or failed to load. Gifts support will be disabled. Please install Gifts. (http://forums.alliedmods.net/showthread.php?t=175185)
L 09/10/2020 - 05:03:10: [store.smx] Simple Chat Processor isn't installed or failed to load. SCP support will be disabled. (http://forums.alliedmods.net/showthread.php?t=198501)
L 09/10/2020 - 08:22:26: Error log file session closed.
L 09/10/2020 - 09:28:40: SourceMod error session started
L 09/10/2020 - 09:28:40: Info (map "de_dust2") (file "C:\TCAFiles\Users\jean\1\csgo\addons\sourcemod\logs\errors_20200910.log")
L 09/10/2020 - 09:28:40: [SM] Unable to load plugin "csgo_dices_shop.smx": Could not find required plugin "shop"
L 09/10/2020 - 09:28:40: [store.smx] Gifts! isn't installed or failed to load. Gifts support will be disabled. Please install Gifts. (http://forums.alliedmods.net/showthread.php?t=175185)
L 09/10/2020 - 09:28:40: [store.smx] Simple Chat Processor isn't installed or failed to load. SCP support will be disabled. (http://forums.alliedmods.net/showthread.php?t=198501)
L 09/10/2020 - 09:29:08: Error log file session closed.
L 09/10/2020 - 09:29:27: SourceMod error session started
L 09/10/2020 - 09:29:27: Info (map "de_dust2") (file "C:\TCAFiles\Users\jean\1\csgo\addons\sourcemod\logs\errors_20200910.log")
L 09/10/2020 - 09:29:27: [SM] Unable to load plugin "csgo_dices_shop.smx": Could not find required plugin "shop"
L 09/10/2020 - 09:29:27: [store.smx] Gifts! isn't installed or failed to load. Gifts support will be disabled. Please install Gifts. (http://forums.alliedmods.net/showthread.php?t=175185)
L 09/10/2020 - 09:29:27: [store.smx] Simple Chat Processor isn't installed or failed to load. SCP support will be disabled. (http://forums.alliedmods.net/showthread.php?t=198501)
L 09/10/2020 - 09:29:54: Error log file session closed.
L 09/10/2020 - 09:30:13: SourceMod error session started
L 09/10/2020 - 09:30:13: Info (map "de_dust2") (file "C:\TCAFiles\Users\jean\1\csgo\addons\sourcemod\logs\errors_20200910.log")
L 09/10/2020 - 09:30:13: [SM] Unable to load plugin "csgo_dices_shop.smx": Could not find required plugin "shop"
L 09/10/2020 - 09:30:14: [store.smx] Gifts! isn't installed or failed to load. Gifts support will be disabled. Please install Gifts. (http://forums.alliedmods.net/showthread.php?t=175185)
L 09/10/2020 - 09:30:14: [store.smx] Simple Chat Processor isn't installed or failed to load. SCP support will be disabled. (http://forums.alliedmods.net/showthread.php?t=198501)
L 09/10/2020 - 09:30:41: Error log file session closed.
L 09/10/2020 - 09:31:39: SourceMod error session started
L 09/10/2020 - 09:31:39: Info (map "de_dust2") (file "C:\TCAFiles\Users\jean\1\csgo\addons\sourcemod\logs\errors_20200910.log")
L 09/10/2020 - 09:31:39: [SM] Unable to load plugin "csgo_dices_shop.smx": Could not find required plugin "shop"
L 09/10/2020 - 09:31:40: [store.smx] Gifts! isn't installed or failed to load. Gifts support will be disabled. Please install Gifts. (http://forums.alliedmods.net/showthread.php?t=175185)
L 09/10/2020 - 09:31:40: [store.smx] Simple Chat Processor isn't installed or failed to load. SCP support will be disabled. (http://forums.alliedmods.net/showthread.php?t=198501)
L 09/10/2020 - 11:01:19: [store.smx] Database connection is lost or not yet initialized.
L 09/10/2020 - 11:01:19: [store.smx] Database connection is lost or not yet initialized.
L 09/10/2020 - 11:01:23: Error log file session closed.
L 09/10/2020 - 11:02:02: SourceMod error session started
L 09/10/2020 - 11:02:02: Info (map "de_dust2") (file "C:\TCAFiles\Users\jean\1\csgo\addons\sourcemod\logs\errors_20200910.log")
L 09/10/2020 - 11:02:02: [store.smx] Error happened. Error: Duplicate entry '0' for key 'PRIMARY'
L 09/10/2020 - 11:19:29: Error log file session closed.
L 09/10/2020 - 11:20:00: SourceMod error session started
L 09/10/2020 - 11:20:00: Info (map "de_inferno") (file "C:\TCAFiles\Users\jean\1\csgo\addons\sourcemod\logs\errors_20200910.log")
L 09/10/2020 - 11:20:00: [store.smx] Error happened. Error: Duplicate entry '0' for key 'PRIMARY'
L 09/10/2020 - 11:26:34: [kento_rankme.smx] [RankMe] Query Fail: Column count doesn't match value count at row 1
L 09/10/2020 - 11:26:35: [store.smx] Error happened. Error: Duplicate entry '0' for key 'PRIMARY'
L 09/10/2020 - 11:35:55: Error log file session closed.
L 09/10/2020 - 11:36:03: SourceMod error session started
L 09/10/2020 - 11:36:03: Info (map "de_mirage") (file "C:\TCAFiles\Users\jean\1\csgo\addons\sourcemod\logs\errors_20200910.log")
L 09/10/2020 - 11:36:03: [kento_rankme.smx] [RankMe] Query Fail: Column count doesn't match value count at row 1
L 09/10/2020 - 11:36:03: [store.smx] Error happened. Error: Duplicate entry '0' for key 'PRIMARY'
L 09/10/2020 - 11:36:22: [store.smx] Error happened. Error: Duplicate entry '0' for key 'PRIMARY'
L 09/10/2020 - 13:05:57: Error log file session closed.
L 09/10/2020 - 13:51:34: SourceMod error session started
L 09/10/2020 - 13:51:34: Info (map "de_mirage") (file "C:\TCAFiles\Users\jean\1\csgo\addons\sourcemod\logs\errors_20200910.log")
L 09/10/2020 - 13:51:34: [store.smx] Error happened. Error: Duplicate entry '0' for key 'PRIMARY'
L 09/10/2020 - 13:55:34: [store.smx] Error happened. Error: Duplicate entry '0' for key 'PRIMARY'
L 09/10/2020 - 14:04:37: Error log file session closed.
L 09/10/2020 - 14:32:07: SourceMod error session started
L 09/10/2020 - 14:32:07: Info (map "de_overpass") (file "C:\TCAFiles\Users\jean\1\csgo\addons\sourcemod\logs\errors_20200910.log")
L 09/10/2020 - 14:32:07: [kento_rankme.smx] [RankMe] Query Fail: Column count doesn't match value count at row 1
L 09/10/2020 - 14:33:11: [kento_rankme.smx] [RankMe] Query Fail: Column count doesn't match value count at row 1
L 09/10/2020 - 14:47:17: Error log file session closed.
L 09/10/2020 - 15:04:28: SourceMod error session started
L 09/10/2020 - 15:04:28: Info (map "de_overpass") (file "C:\TCAFiles\Users\jean\1\csgo\addons\sourcemod\logs\errors_20200910.log")
L 09/10/2020 - 15:04:28: [kento_rankme.smx] [RankMe] Query Fail: Column count doesn't match value count at row 1
L 09/10/2020 - 15:10:11: Error log file session closed.
L 09/10/2020 - 15:15:29: SourceMod error session started
L 09/10/2020 - 15:15:29: Info (map "de_overpass") (file "C:\TCAFiles\Users\jean\1\csgo\addons\sourcemod\logs\errors_20200910.log")
L 09/10/2020 - 15:15:29: [kento_rankme.smx] [RankMe] Query Fail: Column count doesn't match value count at row 1
L 09/10/2020 - 15:18:37: [store.smx] Error happened. Error: Duplicate entry '0' for key 'PRIMARY'
L 09/10/2020 - 15:26:37: Error log file session closed.
L 09/10/2020 - 15:26:52: SourceMod error session started
L 09/10/2020 - 15:26:52: Info (map "de_train") (file "C:\TCAFiles\Users\jean\1\csgo\addons\sourcemod\logs\errors_20200910.log")
L 09/10/2020 - 15:26:52: [store.smx] Error happened. Error: Duplicate entry '0' for key 'PRIMARY'
L 09/10/2020 - 15:27:08: [kento_rankme.smx] [RankMe] Query Fail: Column count doesn't match value count at row 1
L 09/10/2020 - 15:27:08: [store.smx] Error happened. Error: Duplicate entry '0' for key 'PRIMARY'
L 09/10/2020 - 15:30:32: [kento_rankme.smx] [RankMe] Query Fail: Column count doesn't match value count at row 1
L 09/10/2020 - 15:45:06: Error log file session closed.
L 09/10/2020 - 15:46:41: SourceMod error session started
L 09/10/2020 - 15:46:41: Info (map "de_dust2") (file "C:\TCAFiles\Users\jean\1\csgo\addons\sourcemod\logs\errors_20200910.log")
L 09/10/2020 - 15:46:41: [store.smx] Error happened. Error: Duplicate entry '0' for key 'PRIMARY'
L 09/10/2020 - 15:58:07: [kento_rankme.smx] [RankMe] Query Fail: Column count doesn't match value count at row 1
L 09/10/2020 - 15:59:52: [kento_rankme.smx] [RankMe] Query Fail: Column count doesn't match value count at row 1
L 09/10/2020 - 16:05:59: [kento_rankme.smx] [RankMe] Query Fail: Column count doesn't match value count at row 1
L 09/10/2020 - 16:06:13: Error log file session closed.
L 09/10/2020 - 16:07:00: SourceMod error session started
L 09/10/2020 - 16:07:00: Info (map "de_inferno") (file "C:\TCAFiles\Users\jean\1\csgo\addons\sourcemod\logs\errors_20200910.log")
L 09/10/2020 - 16:07:00: [kento_rankme.smx] [RankMe] Query Fail: Column count doesn't match value count at row 1
L 09/10/2020 - 16:08:25: [kento_rankme.smx] [RankMe] Query Fail: Column count doesn't match value count at row 1
L 09/10/2020 - 16:25:59: Error log file session closed.
L 09/10/2020 - 16:26:14: SourceMod error session started
L 09/10/2020 - 16:26:14: Info (map "de_mirage") (file "C:\TCAFiles\Users\jean\1\csgo\addons\sourcemod\logs\errors_20200910.log")
L 09/10/2020 - 16:26:14: [kento_rankme.smx] [RankMe] Query Fail: Column count doesn't match value count at row 1
L 09/10/2020 - 16:33:31: [store.smx] Error happened. Error: Duplicate entry '0' for key 'PRIMARY'
L 09/10/2020 - 16:47:38: Error log file session closed.
L 09/10/2020 - 16:49:46: SourceMod error session started
L 09/10/2020 - 16:49:46: Info (map "de_vertigo") (file "C:\TCAFiles\Users\jean\1\csgo\addons\sourcemod\logs\errors_20200910.log")
L 09/10/2020 - 16:49:46: [kento_rankme.smx] [RankMe] Query Fail: Column count doesn't match value count at row 1
L 09/10/2020 - 16:49:46: [store.smx] Error happened. Error: Duplicate entry '0' for key 'PRIMARY'
L 09/10/2020 - 16:58:12: Error log file session closed.
L 09/10/2020 - 16:58:29: SourceMod error session started
L 09/10/2020 - 16:58:29: Info (map "de_vertigo") (file "C:\TCAFiles\Users\jean\1\csgo\addons\sourcemod\logs\errors_20200910.log")
L 09/10/2020 - 16:58:29: [kento_rankme.smx] [RankMe] Query Fail: Column count doesn't match value count at row 1
L 09/10/2020 - 17:16:27: Error log file session closed.
L 09/10/2020 - 17:17:05: SourceMod error session started
L 09/10/2020 - 17:17:05: Info (map "de_vertigo") (file "C:\TCAFiles\Users\jean\1\csgo\addons\sourcemod\logs\errors_20200910.log")
L 09/10/2020 - 17:17:05: [kento_rankme.smx] [RankMe] Query Fail: Column count doesn't match value count at row 1
L 09/10/2020 - 17:17:11: [kento_rankme.smx] [RankMe] Query Fail: Column count doesn't match value count at row 1
L 09/10/2020 - 17:17:11: [store.smx] Error happened. Error: Duplicate entry '0' for key 'PRIMARY'
L 09/10/2020 - 17:20:52: [kento_rankme.smx] [RankMe] Query Fail: Column count doesn't match value count at row 1
L 09/10/2020 - 17:33:34: Error log file session closed.
L 09/10/2020 - 17:33:59: SourceMod error session started
L 09/10/2020 - 17:33:59: Info (map "de_train") (file "C:\TCAFiles\Users\jean\1\csgo\addons\sourcemod\logs\errors_20200910.log")
L 09/10/2020 - 17:33:59: [kento_rankme.smx] [RankMe] Query Fail: Column count doesn't match value count at row 1
L 09/10/2020 - 17:34:14: [kento_rankme.smx] [RankMe] Query Fail: Column count doesn't match value count at row 1
L 09/10/2020 - 17:34:28: [kento_rankme.smx] [RankMe] Query Fail: Column count doesn't match value count at row 1
L 09/10/2020 - 17:34:28: [store.smx] Error happened. Error: Duplicate entry '0' for key 'PRIMARY'
L 09/10/2020 - 17:43:11: [kento_rankme.smx] [RankMe] Query Fail: Column count doesn't match value count at row 1
L 09/10/2020 - 17:43:11: [store.smx] Error happened. Error: Duplicate entry '0' for key 'PRIMARY'
L 09/10/2020 - 17:53:32: Error log file session closed.
L 09/10/2020 - 17:53:51: SourceMod error session started
L 09/10/2020 - 17:53:51: Info (map "de_nuke") (file "C:\TCAFiles\Users\jean\1\csgo\addons\sourcemod\logs\errors_20200910.log")
L 09/10/2020 - 17:53:51: [kento_rankme.smx] [RankMe] Query Fail: Column count doesn't match value count at row 1
L 09/10/2020 - 17:53:51: [store.smx] Error happened. Error: Duplicate entry '0' for key 'PRIMARY'
L 09/10/2020 - 17:53:57: [kento_rankme.smx] [RankMe] Query Fail: Column count doesn't match value count at row 1
L 09/10/2020 - 17:54:34: [kento_rankme.smx] [RankMe] Query Fail: Column count doesn't match value count at row 1
L 09/10/2020 - 17:54:34: [store.smx] Error happened. Error: Duplicate entry '0' for key 'PRIMARY'
L 09/10/2020 - 17:55:00: [kento_rankme.smx] [RankMe] Query Fail: Column count doesn't match value count at row 1
L 09/10/2020 - 17:59:37: [kento_rankme.smx] [RankMe] Query Fail: Column count doesn't match value count at row 1
L 09/10/2020 - 18:14:32: Error log file session closed.
L 09/10/2020 - 18:14:54: SourceMod error session started
L 09/10/2020 - 18:14:54: Info (map "de_cache") (file "C:\TCAFiles\Users\jean\1\csgo\addons\sourcemod\logs\errors_20200910.log")
L 09/10/2020 - 18:14:54: [kento_rankme.smx] [RankMe] Query Fail: Column count doesn't match value count at row 1
L 09/10/2020 - 18:14:54: [store.smx] Error happened. Error: Duplicate entry '0' for key 'PRIMARY'
L 09/10/2020 - 18:16:34: [store.smx] Error happened. Error: Duplicate entry '0' for key 'PRIMARY'
L 09/10/2020 - 18:18:49: Error log file session closed.
L 09/10/2020 - 18:19:26: SourceMod error session started
L 09/10/2020 - 18:19:26: Info (map "de_cache") (file "C:\TCAFiles\Users\jean\1\csgo\addons\sourcemod\logs\errors_20200910.log")
L 09/10/2020 - 18:19:26: [kento_rankme.smx] [RankMe] Query Fail: Column count doesn't match value count at row 1
L 09/10/2020 - 18:38:14: Error log file session closed.
L 09/10/2020 - 18:38:37: SourceMod error session started
L 09/10/2020 - 18:38:37: Info (map "de_dust2") (file "C:\TCAFiles\Users\jean\1\csgo\addons\sourcemod\logs\errors_20200910.log")
L 09/10/2020 - 18:38:37: [store.smx] Error happened. Error: Duplicate entry '0' for key 'PRIMARY'
L 09/10/2020 - 18:43:03: [kento_rankme.smx] [RankMe] Query Fail: Column count doesn't match value count at row 1
L 09/10/2020 - 18:43:04: [store.smx] Error happened. Error: Duplicate entry '0' for key 'PRIMARY'
L 09/10/2020 - 18:56:53: Error log file session closed.
L 09/10/2020 - 19:00:20: SourceMod error session started
L 09/10/2020 - 19:00:20: Info (map "de_mirage") (file "C:\TCAFiles\Users\jean\1\csgo\addons\sourcemod\logs\errors_20200910.log")
L 09/10/2020 - 19:00:20: [store.smx] Error happened. Error: Duplicate entry '0' for key 'PRIMARY'
L 09/10/2020 - 19:00:46: [store.smx] Error happened. Error: Duplicate entry '0' for key 'PRIMARY'
L 09/10/2020 - 19:16:52: Error log file session closed.
L 09/10/2020 - 19:17:08: SourceMod error session started
L 09/10/2020 - 19:17:08: Info (map "de_vertigo") (file "C:\TCAFiles\Users\jean\1\csgo\addons\sourcemod\logs\errors_20200910.log")
L 09/10/2020 - 19:17:08: [store.smx] Error happened. Error: Duplicate entry '0' for key 'PRIMARY'
L 09/10/2020 - 19:17:17: [store.smx] Error happened. Error: Duplicate entry '0' for key 'PRIMARY'
L 09/10/2020 - 19:21:26: [kento_rankme.smx] [RankMe] Query Fail: Column count doesn't match value count at row 1
L 09/10/2020 - 19:21:26: [store.smx] Error happened. Error: Duplicate entry '0' for key 'PRIMARY'
L 09/10/2020 - 19:32:34: Error log file session closed.
L 09/10/2020 - 19:32:54: SourceMod error session started
L 09/10/2020 - 19:32:54: Info (map "de_train") (file "C:\TCAFiles\Users\jean\1\csgo\addons\sourcemod\logs\errors_20200910.log")
L 09/10/2020 - 19:32:54: [store.smx] Error happened. Error: Duplicate entry '0' for key 'PRIMARY'
L 09/10/2020 - 19:33:04: [store.smx] Error happened. Error: Duplicate entry '0' for key 'PRIMARY'
L 09/10/2020 - 19:49:11: [store.smx] Error happened. Error: Duplicate entry '0' for key 'PRIMARY'
L 09/10/2020 - 19:50:28: Error log file session closed.
L 09/10/2020 - 19:50:38: SourceMod error session started
L 09/10/2020 - 19:50:38: Info (map "de_overpass") (file "C:\TCAFiles\Users\jean\1\csgo\addons\sourcemod\logs\errors_20200910.log")
L 09/10/2020 - 19:50:38: [store.smx] Error happened. Error: Duplicate entry '0' for key 'PRIMARY'
L 09/10/2020 - 20:07:06: Error log file session closed.
L 09/10/2020 - 20:07:19: SourceMod error session started
L 09/10/2020 - 20:07:19: Info (map "de_inferno") (file "C:\TCAFiles\Users\jean\1\csgo\addons\sourcemod\logs\errors_20200910.log")
L 09/10/2020 - 20:07:19: [store.smx] Error happened. Error: Duplicate entry '0' for key 'PRIMARY'
L 09/10/2020 - 20:09:46: [store.smx] Error happened. Error: Duplicate entry '0' for key 'PRIMARY'
L 09/10/2020 - 20:18:25: [kento_rankme.smx] [RankMe] Query Fail: Column count doesn't match value count at row 1
L 09/10/2020 - 20:18:26: [store.smx] Error happened. Error: Duplicate entry '0' for key 'PRIMARY'
L 09/10/2020 - 20:25:07: Error log file session closed.
L 09/10/2020 - 20:25:25: SourceMod error session started
L 09/10/2020 - 20:25:25: Info (map "de_cache") (file "C:\TCAFiles\Users\jean\1\csgo\addons\sourcemod\logs\errors_20200910.log")
L 09/10/2020 - 20:25:25: [kento_rankme.smx] [RankMe] Query Fail: Column count doesn't match value count at row 1
L 09/10/2020 - 20:25:25: [store.smx] Error happened. Error: Duplicate entry '0' for key 'PRIMARY'
L 09/10/2020 - 20:25:28: [store.smx] Error happened. Error: Duplicate entry '0' for key 'PRIMARY'
L 09/10/2020 - 20:27:42: [store.smx] Error happened. Error: Duplicate entry '0' for key 'PRIMARY'
L 09/10/2020 - 20:28:04: [kento_rankme.smx] [RankMe] Query Fail: Column count doesn't match value count at row 1
L 09/10/2020 - 20:28:05: [store.smx] Error happened. Error: Duplicate entry '0' for key 'PRIMARY'
L 09/10/2020 - 20:33:14: [kento_rankme.smx] [RankMe] Query Fail: Column count doesn't match value count at row 1
L 09/10/2020 - 20:33:15: [store.smx] Error happened. Error: Duplicate entry '0' for key 'PRIMARY'
L 09/10/2020 - 20:38:43: [kento_rankme.smx] [RankMe] Query Fail: Column count doesn't match value count at row 1
L 09/10/2020 - 20:38:43: [store.smx] Error happened. Error: Duplicate entry '0' for key 'PRIMARY'
L 09/10/2020 - 20:40:38: Error log file session closed.
L 09/10/2020 - 20:40:51: SourceMod error session started
L 09/10/2020 - 20:40:51: Info (map "de_dust2") (file "C:\TCAFiles\Users\jean\1\csgo\addons\sourcemod\logs\errors_20200910.log")
L 09/10/2020 - 20:40:51: [kento_rankme.smx] [RankMe] Query Fail: Column count doesn't match value count at row 1
L 09/10/2020 - 20:40:51: [store.smx] Error happened. Error: Duplicate entry '0' for key 'PRIMARY'
L 09/10/2020 - 20:40:57: [store.smx] Error happened. Error: Duplicate entry '0' for key 'PRIMARY'
L 09/10/2020 - 20:41:36: [kento_rankme.smx] [RankMe] Query Fail: Column count doesn't match value count at row 1
L 09/10/2020 - 20:41:37: [store.smx] Error happened. Error: Duplicate entry '0' for key 'PRIMARY'
L 09/10/2020 - 20:41:58: [kento_rankme.smx] [RankMe] Query Fail: Column count doesn't match value count at row 1
L 09/10/2020 - 20:41:58: [store.smx] Error happened. Error: Duplicate entry '0' for key 'PRIMARY'
L 09/10/2020 - 20:49:21: [store.smx] Error happened. Error: Duplicate entry '0' for key 'PRIMARY'
L 09/10/2020 - 20:58:36: Error log file session closed.
L 09/10/2020 - 20:58:44: SourceMod error session started
L 09/10/2020 - 20:58:44: Info (map "de_mirage") (file "C:\TCAFiles\Users\jean\1\csgo\addons\sourcemod\logs\errors_20200910.log")
L 09/10/2020 - 20:58:44: [kento_rankme.smx] [RankMe] Query Fail: Column count doesn't match value count at row 1
L 09/10/2020 - 20:58:44: [store.smx] Error happened. Error: Duplicate entry '0' for key 'PRIMARY'
L 09/10/2020 - 20:58:50: [store.smx] Error happened. Error: Duplicate entry '0' for key 'PRIMARY'
L 09/10/2020 - 20:58:57: [kento_rankme.smx] [RankMe] Query Fail: Column count doesn't match value count at row 1
L 09/10/2020 - 20:58:57: [store.smx] Error happened. Error: Duplicate entry '0' for key 'PRIMARY'
L 09/10/2020 - 20:59:46: [kento_rankme.smx] [RankMe] Query Fail: Column count doesn't match value count at row 1
L 09/10/2020 - 20:59:47: [store.smx] Error happened. Error: Duplicate entry '0' for key 'PRIMARY'
L 09/10/2020 - 21:18:39: Error log file session closed.
L 09/10/2020 - 22:20:33: SourceMod error session started
L 09/10/2020 - 22:20:33: Info (map "de_vertigo") (file "C:\TCAFiles\Users\jean\1\csgo\addons\sourcemod\logs\errors_20200910.log")
L 09/10/2020 - 22:20:33: [kento_rankme.smx] [RankMe] Query Fail: Column count doesn't match value count at row 1
L 09/10/2020 - 22:28:48: [kento_rankme.smx] [RankMe] Query Fail: Column count doesn't match value count at row 1
L 09/10/2020 - 22:28:49: [store.smx] Error happened. Error: Duplicate entry '0' for key 'PRIMARY'
L 09/10/2020 - 22:32:06: Error log file session closed.
L 09/10/2020 - 22:32:15: SourceMod error session started
L 09/10/2020 - 22:32:15: Info (map "de_train") (file "C:\TCAFiles\Users\jean\1\csgo\addons\sourcemod\logs\errors_20200910.log")
L 09/10/2020 - 22:32:15: [kento_rankme.smx] [RankMe] Query Fail: Column count doesn't match value count at row 1
L 09/10/2020 - 22:34:02: Error log file session closed.
L 09/10/2020 - 22:34:11: SourceMod error session started
L 09/10/2020 - 22:34:11: Info (map "de_inferno") (file "C:\TCAFiles\Users\jean\1\csgo\addons\sourcemod\logs\errors_20200910.log")
L 09/10/2020 - 22:34:11: [kento_rankme.smx] [RankMe] Query Fail: Column count doesn't match value count at row 1
L 09/10/2020 - 22:37:30: [kento_rankme.smx] [RankMe] Query Fail: Column count doesn't match value count at row 1
L 09/10/2020 - 22:38:32: [kento_rankme.smx] [RankMe] Query Fail: Column count doesn't match value count at row 1
L 09/10/2020 - 22:38:33: [store.smx] Error happened. Error: Duplicate entry '0' for key 'PRIMARY'
L 09/10/2020 - 22:38:52: [kento_rankme.smx] [RankMe] Query Fail: Column count doesn't match value count at row 1
L 09/10/2020 - 22:50:36: Error log file session closed.
L 09/10/2020 - 23:02:03: SourceMod error session started
L 09/10/2020 - 23:02:03: Info (map "de_mirage") (file "C:\TCAFiles\Users\jean\1\csgo\addons\sourcemod\logs\errors_20200910.log")
L 09/10/2020 - 23:02:03: [store.smx] Error happened. Error: Duplicate entry '0' for key 'PRIMARY'
L 09/10/2020 - 23:07:41: [kento_rankme.smx] [RankMe] Query Fail: Column count doesn't match value count at row 1
L 09/10/2020 - 23:07:41: [store.smx] Error happened. Error: Duplicate entry '0' for key 'PRIMARY'
L 09/10/2020 - 23:10:38: Error log file session closed.
L 09/10/2020 - 23:11:01: SourceMod error session started
L 09/10/2020 - 23:11:01: Info (map "de_nuke") (file "C:\TCAFiles\Users\jean\1\csgo\addons\sourcemod\logs\errors_20200910.log")
L 09/10/2020 - 23:11:01: [kento_rankme.smx] [RankMe] Query Fail: Column count doesn't match value count at row 1
L 09/10/2020 - 23:11:01: [store.smx] Error happened. Error: Duplicate entry '0' for key 'PRIMARY'
L 09/10/2020 - 23:14:11: [kento_rankme.smx] [RankMe] Query Fail: Column count doesn't match value count at row 1
L 09/10/2020 - 23:14:11: [store.smx] Error happened. Error: Duplicate entry '0' for key 'PRIMARY'
L 09/10/2020 - 23:28:32: Error log file session closed.
L 09/10/2020 - 23:49:37: SourceMod error session started
L 09/10/2020 - 23:49:37: Info (map "de_dust2") (file "C:\TCAFiles\Users\jean\1\csgo\addons\sourcemod\logs\errors_20200910.log")
L 09/10/2020 - 23:49:37: [kento_rankme.smx] [RankMe] Query Fail: Column count doesn't match value count at row 1
L 09/10/2020 - 23:49:37: [store.smx] Error happened. Error: Duplicate entry '0' for key 'PRIMARY'
L 09/10/2020 - 23:56:48: Error log file session closed.
