L 10/02/2020 - 02:58:46: SourceMod error session started
L 10/02/2020 - 02:58:46: Info (map "de_dust2") (file "C:\TCAFiles\Users\jean\1\csgo\addons\sourcemod\logs\errors_20201002.log")
L 10/02/2020 - 02:58:46: [kento_rankme.smx] [RankMe] Query Fail: Column count doesn't match value count at row 1
L 10/02/2020 - 03:01:19: [kento_rankme.smx] [RankMe] Query Fail: Column count doesn't match value count at row 1
L 10/02/2020 - 03:01:19: [store.smx] Error happened. Error: Duplicate entry '0' for key 'PRIMARY'
L 10/02/2020 - 03:14:49: Error log file session closed.
L 10/02/2020 - 03:15:12: SourceMod error session started
L 10/02/2020 - 03:15:12: Info (map "de_inferno") (file "C:\TCAFiles\Users\jean\1\csgo\addons\sourcemod\logs\errors_20201002.log")
L 10/02/2020 - 03:15:12: [kento_rankme.smx] [RankMe] Query Fail: Column count doesn't match value count at row 1
L 10/02/2020 - 03:15:12: [store.smx] Error happened. Error: Duplicate entry '0' for key 'PRIMARY'
L 10/02/2020 - 03:27:50: [kento_rankme.smx] [RankMe] Query Fail: Column count doesn't match value count at row 1
L 10/02/2020 - 03:29:37: [store.smx] Error happened. Error: Duplicate entry '0' for key 'PRIMARY'
L 10/02/2020 - 03:34:37: Error log file session closed.
L 10/02/2020 - 07:37:29: SourceMod error session started
L 10/02/2020 - 07:37:29: Info (map "de_inferno") (file "C:\TCAFiles\Users\jean\1\csgo\addons\sourcemod\logs\errors_20201002.log")
L 10/02/2020 - 07:37:29: [store.smx] Error happened. Error: Duplicate entry '0' for key 'PRIMARY'
L 10/02/2020 - 07:39:40: Error log file session closed.
L 10/02/2020 - 07:39:59: SourceMod error session started
L 10/02/2020 - 07:39:59: Info (map "de_inferno") (file "C:\TCAFiles\Users\jean\1\csgo\addons\sourcemod\logs\errors_20201002.log")
L 10/02/2020 - 07:39:59: [store.smx] Error happened. Error: Duplicate entry '0' for key 'PRIMARY'
L 10/02/2020 - 09:39:27: Error log file session closed.
L 10/02/2020 - 09:39:44: SourceMod error session started
L 10/02/2020 - 09:39:44: Info (map "de_inferno") (file "C:\TCAFiles\Users\jean\1\csgo\addons\sourcemod\logs\errors_20201002.log")
L 10/02/2020 - 09:39:44: [kento_rankme.smx] [RankMe] Query Fail: Column count doesn't match value count at row 1
L 10/02/2020 - 09:39:44: [store.smx] Error happened. Error: Duplicate entry '0' for key 'PRIMARY'
L 10/02/2020 - 09:44:41: Error log file session closed.
L 10/02/2020 - 09:45:09: SourceMod error session started
L 10/02/2020 - 09:45:09: Info (map "de_inferno") (file "C:\TCAFiles\Users\jean\1\csgo\addons\sourcemod\logs\errors_20201002.log")
L 10/02/2020 - 09:45:09: [kento_rankme.smx] [RankMe] Query Fail: Column count doesn't match value count at row 1
L 10/02/2020 - 09:45:09: [store.smx] Error happened. Error: Duplicate entry '0' for key 'PRIMARY'
L 10/02/2020 - 09:48:06: Error log file session closed.
L 10/02/2020 - 09:48:20: SourceMod error session started
L 10/02/2020 - 09:48:20: Info (map "de_inferno") (file "C:\TCAFiles\Users\jean\1\csgo\addons\sourcemod\logs\errors_20201002.log")
L 10/02/2020 - 09:48:20: [kento_rankme.smx] [RankMe] Query Fail: Column count doesn't match value count at row 1
L 10/02/2020 - 09:48:27: [kento_rankme.smx] [RankMe] Query Fail: Column count doesn't match value count at row 1
L 10/02/2020 - 09:48:27: [store.smx] Error happened. Error: Duplicate entry '0' for key 'PRIMARY'
L 10/02/2020 - 11:04:19: Error log file session closed.
L 10/02/2020 - 11:04:40: SourceMod error session started
L 10/02/2020 - 11:04:40: Info (map "de_inferno") (file "C:\TCAFiles\Users\jean\1\csgo\addons\sourcemod\logs\errors_20201002.log")
L 10/02/2020 - 11:04:40: [kento_rankme.smx] [RankMe] Query Fail: Column count doesn't match value count at row 1
L 10/02/2020 - 11:04:40: [store.smx] Error happened. Error: Duplicate entry '0' for key 'PRIMARY'
L 10/02/2020 - 11:35:25: Error log file session closed.
L 10/02/2020 - 11:35:42: SourceMod error session started
L 10/02/2020 - 11:35:42: Info (map "de_inferno") (file "C:\TCAFiles\Users\jean\1\csgo\addons\sourcemod\logs\errors_20201002.log")
L 10/02/2020 - 11:35:42: [kento_rankme.smx] [RankMe] Query Fail: Column count doesn't match value count at row 1
L 10/02/2020 - 11:35:42: [store.smx] Error happened. Error: Duplicate entry '0' for key 'PRIMARY'
L 10/02/2020 - 11:36:29: [kento_rankme.smx] [RankMe] Query Fail: Column count doesn't match value count at row 1
L 10/02/2020 - 11:36:30: [store.smx] Error happened. Error: Duplicate entry '0' for key 'PRIMARY'
L 10/02/2020 - 11:51:43: Error log file session closed.
L 10/02/2020 - 11:52:05: SourceMod error session started
L 10/02/2020 - 11:52:05: Info (map "de_inferno") (file "C:\TCAFiles\Users\jean\1\csgo\addons\sourcemod\logs\errors_20201002.log")
L 10/02/2020 - 11:52:05: [kento_rankme.smx] [RankMe] Query Fail: Column count doesn't match value count at row 1
L 10/02/2020 - 11:52:06: [store.smx] Error happened. Error: Duplicate entry '0' for key 'PRIMARY'
L 10/02/2020 - 11:54:22: [kento_rankme.smx] [RankMe] Query Fail: Column count doesn't match value count at row 1
L 10/02/2020 - 11:54:23: [store.smx] Error happened. Error: Duplicate entry '0' for key 'PRIMARY'
L 10/02/2020 - 12:40:51: Error log file session closed.
L 10/02/2020 - 13:18:00: SourceMod error session started
L 10/02/2020 - 13:18:00: Info (map "de_inferno") (file "C:\TCAFiles\Users\jean\1\csgo\addons\sourcemod\logs\errors_20201002.log")
L 10/02/2020 - 13:18:00: [kento_rankme.smx] [RankMe] Query Fail: Column count doesn't match value count at row 1
L 10/02/2020 - 13:33:56: Error log file session closed.
L 10/02/2020 - 13:48:23: SourceMod error session started
L 10/02/2020 - 13:48:23: Info (map "de_inferno") (file "C:\TCAFiles\Users\jean\1\csgo\addons\sourcemod\logs\errors_20201002.log")
L 10/02/2020 - 13:48:23: [kento_rankme.smx] [RankMe] Query Fail: Column count doesn't match value count at row 1
L 10/02/2020 - 13:49:00: [kento_rankme.smx] [RankMe] Query Fail: Column count doesn't match value count at row 1
L 10/02/2020 - 13:49:00: [store.smx] Error happened. Error: Duplicate entry '0' for key 'PRIMARY'
L 10/02/2020 - 13:49:50: [kento_rankme.smx] [RankMe] Query Fail: Column count doesn't match value count at row 1
L 10/02/2020 - 13:49:50: [store.smx] Error happened. Error: Duplicate entry '0' for key 'PRIMARY'
L 10/02/2020 - 13:54:26: [kento_rankme.smx] [RankMe] Query Fail: Column count doesn't match value count at row 1
L 10/02/2020 - 13:54:26: [store.smx] Error happened. Error: Duplicate entry '0' for key 'PRIMARY'
L 10/02/2020 - 13:55:47: Error log file session closed.
L 10/02/2020 - 13:56:04: SourceMod error session started
L 10/02/2020 - 13:56:04: Info (map "de_mirage") (file "C:\TCAFiles\Users\jean\1\csgo\addons\sourcemod\logs\errors_20201002.log")
L 10/02/2020 - 13:56:04: [kento_rankme.smx] [RankMe] Query Fail: Column count doesn't match value count at row 1
L 10/02/2020 - 14:15:13: Error log file session closed.
L 10/02/2020 - 15:14:15: SourceMod error session started
L 10/02/2020 - 15:14:15: Info (map "de_mirage") (file "C:\TCAFiles\Users\jean\1\csgo\addons\sourcemod\logs\errors_20201002.log")
L 10/02/2020 - 15:14:15: [kento_rankme.smx] [RankMe] Query Fail: Column count doesn't match value count at row 1
L 10/02/2020 - 15:14:16: [store.smx] Error happened. Error: Duplicate entry '0' for key 'PRIMARY'
L 10/02/2020 - 15:28:42: Error log file session closed.
L 10/02/2020 - 15:30:04: SourceMod error session started
L 10/02/2020 - 15:30:04: Info (map "de_mirage") (file "C:\TCAFiles\Users\jean\1\csgo\addons\sourcemod\logs\errors_20201002.log")
L 10/02/2020 - 15:30:04: [kento_rankme.smx] [RankMe] Query Fail: Column count doesn't match value count at row 1
L 10/02/2020 - 15:38:03: [kento_rankme.smx] [RankMe] Query Fail: Column count doesn't match value count at row 1
L 10/02/2020 - 15:38:04: [store.smx] Error happened. Error: Duplicate entry '0' for key 'PRIMARY'
L 10/02/2020 - 15:45:27: Error log file session closed.
L 10/02/2020 - 15:45:39: SourceMod error session started
L 10/02/2020 - 15:45:39: Info (map "de_train") (file "C:\TCAFiles\Users\jean\1\csgo\addons\sourcemod\logs\errors_20201002.log")
L 10/02/2020 - 15:45:39: [kento_rankme.smx] [RankMe] Query Fail: Column count doesn't match value count at row 1
L 10/02/2020 - 15:45:39: [store.smx] Error happened. Error: Duplicate entry '0' for key 'PRIMARY'
L 10/02/2020 - 15:55:13: [kento_rankme.smx] [RankMe] Query Fail: Column count doesn't match value count at row 1
L 10/02/2020 - 15:55:13: [store.smx] Error happened. Error: Duplicate entry '0' for key 'PRIMARY'
L 10/02/2020 - 15:57:17: [kento_rankme.smx] [RankMe] Query Fail: Column count doesn't match value count at row 1
L 10/02/2020 - 16:03:49: Error log file session closed.
L 10/02/2020 - 16:03:57: SourceMod error session started
L 10/02/2020 - 16:03:57: Info (map "de_vertigo") (file "C:\TCAFiles\Users\jean\1\csgo\addons\sourcemod\logs\errors_20201002.log")
L 10/02/2020 - 16:03:57: [kento_rankme.smx] [RankMe] Query Fail: Column count doesn't match value count at row 1
L 10/02/2020 - 16:12:27: [store.smx] Error happened. Error: Duplicate entry '0' for key 'PRIMARY'
L 10/02/2020 - 16:16:05: [store.smx] Error happened. Error: Duplicate entry '0' for key 'PRIMARY'
L 10/02/2020 - 16:17:47: [kento_rankme.smx] [RankMe] Query Fail: Column count doesn't match value count at row 1
L 10/02/2020 - 16:20:14: Error log file session closed.
L 10/02/2020 - 16:20:22: SourceMod error session started
L 10/02/2020 - 16:20:22: Info (map "de_inferno") (file "C:\TCAFiles\Users\jean\1\csgo\addons\sourcemod\logs\errors_20201002.log")
L 10/02/2020 - 16:20:22: [store.smx] Error happened. Error: Duplicate entry '0' for key 'PRIMARY'
L 10/02/2020 - 16:21:04: [kento_rankme.smx] [RankMe] Query Fail: Column count doesn't match value count at row 1
L 10/02/2020 - 16:35:10: [kento_rankme.smx] [RankMe] Query Fail: Column count doesn't match value count at row 1
L 10/02/2020 - 16:35:10: [store.smx] Error happened. Error: Duplicate entry '0' for key 'PRIMARY'
L 10/02/2020 - 16:35:40: [kento_rankme.smx] [RankMe] Query Fail: Column count doesn't match value count at row 1
L 10/02/2020 - 16:35:41: [store.smx] Error happened. Error: Duplicate entry '0' for key 'PRIMARY'
L 10/02/2020 - 16:38:41: [kento_rankme.smx] [RankMe] Query Fail: Column count doesn't match value count at row 1
L 10/02/2020 - 16:40:17: Error log file session closed.
L 10/02/2020 - 16:40:36: SourceMod error session started
L 10/02/2020 - 16:40:36: Info (map "de_dust2") (file "C:\TCAFiles\Users\jean\1\csgo\addons\sourcemod\logs\errors_20201002.log")
L 10/02/2020 - 16:40:36: [kento_rankme.smx] [RankMe] Query Fail: Column count doesn't match value count at row 1
L 10/02/2020 - 16:52:08: [kento_rankme.smx] [RankMe] Query Fail: Column count doesn't match value count at row 1
L 10/02/2020 - 16:59:31: Error log file session closed.
L 10/02/2020 - 16:59:51: SourceMod error session started
L 10/02/2020 - 16:59:51: Info (map "de_nuke") (file "C:\TCAFiles\Users\jean\1\csgo\addons\sourcemod\logs\errors_20201002.log")
L 10/02/2020 - 16:59:51: [kento_rankme.smx] [RankMe] Query Fail: Column count doesn't match value count at row 1
L 10/02/2020 - 17:19:11: Error log file session closed.
L 10/02/2020 - 17:19:33: SourceMod error session started
L 10/02/2020 - 17:19:33: Info (map "de_cache") (file "C:\TCAFiles\Users\jean\1\csgo\addons\sourcemod\logs\errors_20201002.log")
L 10/02/2020 - 17:19:33: [kento_rankme.smx] [RankMe] Query Fail: Column count doesn't match value count at row 1
L 10/02/2020 - 17:22:23: [kento_rankme.smx] [RankMe] Query Fail: Column count doesn't match value count at row 1
L 10/02/2020 - 17:30:22: [store.smx] Error happened. Error: Duplicate entry '0' for key 'PRIMARY'
L 10/02/2020 - 17:36:40: [kento_rankme.smx] [RankMe] Query Fail: Column count doesn't match value count at row 1
L 10/02/2020 - 17:36:40: [store.smx] Error happened. Error: Duplicate entry '0' for key 'PRIMARY'
L 10/02/2020 - 17:38:53: Error log file session closed.
L 10/02/2020 - 17:39:42: SourceMod error session started
L 10/02/2020 - 17:39:42: Info (map "de_mirage") (file "C:\TCAFiles\Users\jean\1\csgo\addons\sourcemod\logs\errors_20201002.log")
L 10/02/2020 - 17:39:42: [store.smx] Error happened. Error: Duplicate entry '0' for key 'PRIMARY'
L 10/02/2020 - 17:43:36: [store.smx] Error happened. Error: Duplicate entry '0' for key 'PRIMARY'
L 10/02/2020 - 17:44:01: [kento_rankme.smx] [RankMe] Query Fail: Column count doesn't match value count at row 1
L 10/02/2020 - 17:44:01: [store.smx] Error happened. Error: Duplicate entry '0' for key 'PRIMARY'
L 10/02/2020 - 17:57:10: [SM] Exception reported: Client index 0 is invalid
L 10/02/2020 - 17:57:10: [SM] Blaming: kento_rankme.smx
L 10/02/2020 - 17:57:10: [SM] Call stack trace:
L 10/02/2020 - 17:57:10: [SM]   [0] IsClientInGame
L 10/02/2020 - 17:57:10: [SM]   [1] Line 615, d:\csgoserver\csgo\addons\sourcemod\scripting\kento_rankme.sp::Event_RoundMVP
L 10/02/2020 - 17:57:10: [SM]   [3] CS_TerminateRound
L 10/02/2020 - 17:57:10: [SM]   [4] Line 896, ././scripting/retakes.sp::CheckRoundDone
L 10/02/2020 - 17:57:10: [SM]   [5] Line 311, ././scripting/retakes.sp::OnClientDisconnect
L 10/02/2020 - 17:57:12: Error log file session closed.
L 10/02/2020 - 17:58:06: SourceMod error session started
L 10/02/2020 - 17:58:06: Info (map "de_train") (file "C:\TCAFiles\Users\jean\1\csgo\addons\sourcemod\logs\errors_20201002.log")
L 10/02/2020 - 17:58:06: [store.smx] Error happened. Error: Duplicate entry '0' for key 'PRIMARY'
L 10/02/2020 - 17:59:17: [store.smx] Error happened. Error: Duplicate entry '0' for key 'PRIMARY'
L 10/02/2020 - 18:14:35: Error log file session closed.
L 10/02/2020 - 18:17:11: SourceMod error session started
L 10/02/2020 - 18:17:11: Info (map "de_overpass") (file "C:\TCAFiles\Users\jean\1\csgo\addons\sourcemod\logs\errors_20201002.log")
L 10/02/2020 - 18:17:11: [kento_rankme.smx] [RankMe] Query Fail: Column count doesn't match value count at row 1
L 10/02/2020 - 18:17:11: [store.smx] Error happened. Error: Duplicate entry '0' for key 'PRIMARY'
L 10/02/2020 - 18:21:57: [kento_rankme.smx] [RankMe] Query Fail: Column count doesn't match value count at row 1
L 10/02/2020 - 18:32:42: Error log file session closed.
L 10/02/2020 - 18:32:51: SourceMod error session started
L 10/02/2020 - 18:32:51: Info (map "de_inferno") (file "C:\TCAFiles\Users\jean\1\csgo\addons\sourcemod\logs\errors_20201002.log")
L 10/02/2020 - 18:32:51: [kento_rankme.smx] [RankMe] Query Fail: Column count doesn't match value count at row 1
L 10/02/2020 - 18:32:53: [kento_rankme.smx] [RankMe] Query Fail: Column count doesn't match value count at row 1
L 10/02/2020 - 18:32:53: [store.smx] Error happened. Error: Duplicate entry '0' for key 'PRIMARY'
L 10/02/2020 - 18:53:42: Error log file session closed.
L 10/02/2020 - 18:53:53: SourceMod error session started
L 10/02/2020 - 18:53:53: Info (map "de_dust2") (file "C:\TCAFiles\Users\jean\1\csgo\addons\sourcemod\logs\errors_20201002.log")
L 10/02/2020 - 18:53:53: [kento_rankme.smx] [RankMe] Query Fail: Column count doesn't match value count at row 1
L 10/02/2020 - 18:53:55: [kento_rankme.smx] [RankMe] Query Fail: Column count doesn't match value count at row 1
L 10/02/2020 - 18:53:56: [store.smx] Error happened. Error: Duplicate entry '0' for key 'PRIMARY'
L 10/02/2020 - 18:59:10: [kento_rankme.smx] [RankMe] Query Fail: Column count doesn't match value count at row 1
L 10/02/2020 - 18:59:10: [store.smx] Error happened. Error: Duplicate entry '0' for key 'PRIMARY'
L 10/02/2020 - 19:08:14: [kento_rankme.smx] [RankMe] Query Fail: Column count doesn't match value count at row 1
L 10/02/2020 - 19:13:09: Error log file session closed.
L 10/02/2020 - 19:13:19: SourceMod error session started
L 10/02/2020 - 19:13:19: Info (map "de_vertigo") (file "C:\TCAFiles\Users\jean\1\csgo\addons\sourcemod\logs\errors_20201002.log")
L 10/02/2020 - 19:13:19: [kento_rankme.smx] [RankMe] Query Fail: Column count doesn't match value count at row 1
L 10/02/2020 - 19:13:19: [store.smx] Error happened. Error: Duplicate entry '0' for key 'PRIMARY'
L 10/02/2020 - 19:29:22: Error log file session closed.
L 10/02/2020 - 19:35:33: SourceMod error session started
L 10/02/2020 - 19:35:33: Info (map "de_cache") (file "C:\TCAFiles\Users\jean\1\csgo\addons\sourcemod\logs\errors_20201002.log")
L 10/02/2020 - 19:35:33: [kento_rankme.smx] [RankMe] Query Fail: Column count doesn't match value count at row 1
L 10/02/2020 - 19:48:46: Error log file session closed.
L 10/02/2020 - 19:49:15: SourceMod error session started
L 10/02/2020 - 19:49:15: Info (map "de_mirage") (file "C:\TCAFiles\Users\jean\1\csgo\addons\sourcemod\logs\errors_20201002.log")
L 10/02/2020 - 19:49:15: [kento_rankme.smx] [RankMe] Query Fail: Column count doesn't match value count at row 1
L 10/02/2020 - 19:51:13: [kento_rankme.smx] [RankMe] Query Fail: Column count doesn't match value count at row 1
L 10/02/2020 - 20:07:44: Error log file session closed.
L 10/02/2020 - 20:08:01: SourceMod error session started
L 10/02/2020 - 20:08:01: Info (map "de_train") (file "C:\TCAFiles\Users\jean\1\csgo\addons\sourcemod\logs\errors_20201002.log")
L 10/02/2020 - 20:08:01: [kento_rankme.smx] [RankMe] Query Fail: Column count doesn't match value count at row 1
L 10/02/2020 - 20:24:29: Error log file session closed.
L 10/02/2020 - 20:24:53: SourceMod error session started
L 10/02/2020 - 20:24:53: Info (map "de_train") (file "C:\TCAFiles\Users\jean\1\csgo\addons\sourcemod\logs\errors_20201002.log")
L 10/02/2020 - 20:24:53: [kento_rankme.smx] [RankMe] Query Fail: Column count doesn't match value count at row 1
L 10/02/2020 - 20:24:53: [store.smx] Error happened. Error: Duplicate entry '0' for key 'PRIMARY'
L 10/02/2020 - 20:36:27: Error log file session closed.
L 10/02/2020 - 20:36:45: SourceMod error session started
L 10/02/2020 - 20:36:45: Info (map "de_train") (file "C:\TCAFiles\Users\jean\1\csgo\addons\sourcemod\logs\errors_20201002.log")
L 10/02/2020 - 20:36:45: [kento_rankme.smx] [RankMe] Query Fail: Column count doesn't match value count at row 1
L 10/02/2020 - 20:36:46: [store.smx] Error happened. Error: Duplicate entry '0' for key 'PRIMARY'
L 10/02/2020 - 20:42:24: Error log file session closed.
L 10/02/2020 - 20:47:26: SourceMod error session started
L 10/02/2020 - 20:47:26: Info (map "de_train") (file "C:\TCAFiles\Users\jean\1\csgo\addons\sourcemod\logs\errors_20201002.log")
L 10/02/2020 - 20:47:26: [kento_rankme.smx] [RankMe] Query Fail: Column count doesn't match value count at row 1
L 10/02/2020 - 20:47:27: [store.smx] Error happened. Error: Duplicate entry '0' for key 'PRIMARY'
L 10/02/2020 - 20:51:31: [store.smx] Error happened. Error: Duplicate entry '0' for key 'PRIMARY'
L 10/02/2020 - 20:54:56: [kento_rankme.smx] [RankMe] Query Fail: Column count doesn't match value count at row 1
L 10/02/2020 - 20:54:57: [store.smx] Error happened. Error: Duplicate entry '0' for key 'PRIMARY'
L 10/02/2020 - 21:02:20: [kento_rankme.smx] [RankMe] Query Fail: Column count doesn't match value count at row 1
L 10/02/2020 - 21:07:24: Error log file session closed.
L 10/02/2020 - 21:11:34: SourceMod error session started
L 10/02/2020 - 21:11:34: Info (map "de_overpass") (file "C:\TCAFiles\Users\jean\1\csgo\addons\sourcemod\logs\errors_20201002.log")
L 10/02/2020 - 21:11:34: [store.smx] Error happened. Error: Duplicate entry '0' for key 'PRIMARY'
L 10/02/2020 - 21:12:13: [kento_rankme.smx] [RankMe] Query Fail: Column count doesn't match value count at row 1
L 10/02/2020 - 21:12:14: [store.smx] Error happened. Error: Duplicate entry '0' for key 'PRIMARY'
L 10/02/2020 - 21:24:51: Error log file session closed.
L 10/02/2020 - 21:25:10: SourceMod error session started
L 10/02/2020 - 21:25:10: Info (map "de_inferno") (file "C:\TCAFiles\Users\jean\1\csgo\addons\sourcemod\logs\errors_20201002.log")
L 10/02/2020 - 21:25:10: [store.smx] Error happened. Error: Duplicate entry '0' for key 'PRIMARY'
L 10/02/2020 - 21:35:23: [kento_rankme.smx] [RankMe] Query Fail: Column count doesn't match value count at row 1
L 10/02/2020 - 21:35:23: [store.smx] Error happened. Error: Duplicate entry '0' for key 'PRIMARY'
L 10/02/2020 - 21:37:11: [kento_rankme.smx] [RankMe] Query Fail: Column count doesn't match value count at row 1
L 10/02/2020 - 21:38:46: [kento_rankme.smx] [RankMe] Query Fail: Column count doesn't match value count at row 1
L 10/02/2020 - 21:42:00: [kento_rankme.smx] [RankMe] Query Fail: Column count doesn't match value count at row 1
L 10/02/2020 - 21:42:00: [store.smx] Error happened. Error: Duplicate entry '0' for key 'PRIMARY'
L 10/02/2020 - 21:46:47: [kento_rankme.smx] [RankMe] Query Fail: Column count doesn't match value count at row 1
L 10/02/2020 - 21:46:53: [kento_rankme.smx] [RankMe] Query Fail: Column count doesn't match value count at row 1
L 10/02/2020 - 21:46:53: [store.smx] Error happened. Error: Duplicate entry '0' for key 'PRIMARY'
L 10/02/2020 - 21:52:12: [kento_rankme.smx] [RankMe] Query Fail: Column count doesn't match value count at row 1
L 10/02/2020 - 21:53:56: [kento_rankme.smx] [RankMe] Query Fail: Column count doesn't match value count at row 1
L 10/02/2020 - 21:54:27: [kento_rankme.smx] [RankMe] Query Fail: Column count doesn't match value count at row 1
L 10/02/2020 - 22:04:28: [kento_rankme.smx] [RankMe] Query Fail: Column count doesn't match value count at row 1
L 10/02/2020 - 22:04:28: [store.smx] Error happened. Error: Duplicate entry '0' for key 'PRIMARY'
L 10/02/2020 - 22:05:36: Error log file session closed.
L 10/02/2020 - 22:05:44: SourceMod error session started
L 10/02/2020 - 22:05:44: Info (map "de_mirage") (file "C:\TCAFiles\Users\jean\1\csgo\addons\sourcemod\logs\errors_20201002.log")
L 10/02/2020 - 22:05:44: [kento_rankme.smx] [RankMe] Query Fail: Column count doesn't match value count at row 1
L 10/02/2020 - 22:05:44: [store.smx] Error happened. Error: Duplicate entry '0' for key 'PRIMARY'
L 10/02/2020 - 22:05:46: [kento_rankme.smx] [RankMe] Query Fail: Column count doesn't match value count at row 1
L 10/02/2020 - 22:05:46: [store.smx] Error happened. Error: Duplicate entry '0' for key 'PRIMARY'
L 10/02/2020 - 22:06:16: [kento_rankme.smx] [RankMe] Query Fail: Column count doesn't match value count at row 1
L 10/02/2020 - 22:09:14: Error log file session closed.
L 10/02/2020 - 22:09:46: SourceMod error session started
L 10/02/2020 - 22:09:46: Info (map "de_mirage") (file "C:\TCAFiles\Users\jean\1\csgo\addons\sourcemod\logs\errors_20201002.log")
L 10/02/2020 - 22:09:46: [kento_rankme.smx] [RankMe] Query Fail: Column count doesn't match value count at row 1
L 10/02/2020 - 22:09:46: [store.smx] Error happened. Error: Duplicate entry '0' for key 'PRIMARY'
L 10/02/2020 - 22:19:58: Error log file session closed.
L 10/02/2020 - 22:20:11: SourceMod error session started
L 10/02/2020 - 22:20:11: Info (map "de_mirage") (file "C:\TCAFiles\Users\jean\1\csgo\addons\sourcemod\logs\errors_20201002.log")
L 10/02/2020 - 22:20:11: [kento_rankme.smx] [RankMe] Query Fail: Column count doesn't match value count at row 1
L 10/02/2020 - 22:47:50: Error log file session closed.
L 10/02/2020 - 22:48:10: SourceMod error session started
L 10/02/2020 - 22:48:10: Info (map "de_mirage") (file "C:\TCAFiles\Users\jean\1\csgo\addons\sourcemod\logs\errors_20201002.log")
L 10/02/2020 - 22:48:10: [kento_rankme.smx] [RankMe] Query Fail: Column count doesn't match value count at row 1
L 10/02/2020 - 22:48:40: [kento_rankme.smx] [RankMe] Query Fail: Column count doesn't match value count at row 1
L 10/02/2020 - 22:55:58: [kento_rankme.smx] [RankMe] Query Fail: Column count doesn't match value count at row 1
L 10/02/2020 - 23:04:12: Error log file session closed.
L 10/02/2020 - 23:04:26: SourceMod error session started
L 10/02/2020 - 23:04:26: Info (map "de_dust2") (file "C:\TCAFiles\Users\jean\1\csgo\addons\sourcemod\logs\errors_20201002.log")
L 10/02/2020 - 23:04:26: [kento_rankme.smx] [RankMe] Query Fail: Column count doesn't match value count at row 1
L 10/02/2020 - 23:04:32: [kento_rankme.smx] [RankMe] Query Fail: Column count doesn't match value count at row 1
L 10/02/2020 - 23:29:34: Error log file session closed.
L 10/02/2020 - 23:29:47: SourceMod error session started
L 10/02/2020 - 23:29:47: Info (map "de_dust2") (file "C:\TCAFiles\Users\jean\1\csgo\addons\sourcemod\logs\errors_20201002.log")
L 10/02/2020 - 23:29:47: [kento_rankme.smx] [RankMe] Query Fail: Column count doesn't match value count at row 1
L 10/02/2020 - 23:29:51: [kento_rankme.smx] [RankMe] Query Fail: Column count doesn't match value count at row 1
L 10/02/2020 - 23:48:35: Error log file session closed.
L 10/02/2020 - 23:48:51: SourceMod error session started
L 10/02/2020 - 23:48:51: Info (map "de_dust2") (file "C:\TCAFiles\Users\jean\1\csgo\addons\sourcemod\logs\errors_20201002.log")
L 10/02/2020 - 23:48:51: [kento_rankme.smx] [RankMe] Query Fail: Column count doesn't match value count at row 1
L 10/02/2020 - 23:48:52: [store.smx] Error happened. Error: Duplicate entry '0' for key 'PRIMARY'
L 10/03/2020 - 00:01:17: Error log file session closed.
