L 11/02/2020 - 08:41:04: SourceMod error session started
L 11/02/2020 - 08:41:04: Info (map "de_inferno") (file "C:\TCAFiles\Users\jean\3\csgo\addons\sourcemod\logs\errors_20201102.log")
L 11/02/2020 - 08:41:04: [store.smx] Error happened. Error: Duplicate entry '0' for key 'PRIMARY'
L 11/02/2020 - 08:41:27: [store.smx] Error happened. Error: Duplicate entry '0' for key 'PRIMARY'
L 11/02/2020 - 08:45:02: [store.smx] Error happened. Error: Duplicate entry '0' for key 'PRIMARY'
L 11/02/2020 - 08:50:33: [store.smx] Error happened. Error: Duplicate entry '0' for key 'PRIMARY'
L 11/02/2020 - 08:54:03: [store.smx] Error happened. Error: Duplicate entry '0' for key 'PRIMARY'
L 11/02/2020 - 09:09:06: [store.smx] Error happened. Error: Duplicate entry '0' for key 'PRIMARY'
L 11/02/2020 - 09:13:53: Error log file session closed.
L 11/02/2020 - 09:14:04: SourceMod error session started
L 11/02/2020 - 09:14:04: Info (map "de_dust2") (file "C:\TCAFiles\Users\jean\3\csgo\addons\sourcemod\logs\errors_20201102.log")
L 11/02/2020 - 09:14:04: [store.smx] Error happened. Error: Duplicate entry '0' for key 'PRIMARY'
L 11/02/2020 - 09:26:20: [store.smx] Error happened. Error: Duplicate entry '0' for key 'PRIMARY'
L 11/02/2020 - 09:31:28: [store.smx] Error happened. Error: Duplicate entry '0' for key 'PRIMARY'
L 11/02/2020 - 09:36:38: Error log file session closed.
L 11/02/2020 - 09:36:51: SourceMod error session started
L 11/02/2020 - 09:36:51: Info (map "de_mirage") (file "C:\TCAFiles\Users\jean\3\csgo\addons\sourcemod\logs\errors_20201102.log")
L 11/02/2020 - 09:36:51: [store.smx] Error happened. Error: Duplicate entry '0' for key 'PRIMARY'
L 11/02/2020 - 09:36:53: [store.smx] Error happened. Error: Duplicate entry '0' for key 'PRIMARY'
L 11/02/2020 - 09:49:31: [store.smx] Error happened. Error: Duplicate entry '0' for key 'PRIMARY'
L 11/02/2020 - 09:54:32: Error log file session closed.
L 11/02/2020 - 09:54:44: SourceMod error session started
L 11/02/2020 - 09:54:44: Info (map "de_nuke") (file "C:\TCAFiles\Users\jean\3\csgo\addons\sourcemod\logs\errors_20201102.log")
L 11/02/2020 - 09:54:44: [store.smx] Error happened. Error: Duplicate entry '0' for key 'PRIMARY'
L 11/02/2020 - 09:54:51: [store.smx] Error happened. Error: Duplicate entry '0' for key 'PRIMARY'
L 11/02/2020 - 09:55:34: [store.smx] Error happened. Error: Duplicate entry '0' for key 'PRIMARY'
L 11/02/2020 - 09:55:51: [store.smx] Error happened. Error: Duplicate entry '0' for key 'PRIMARY'
L 11/02/2020 - 09:56:32: [store.smx] Error happened. Error: Duplicate entry '0' for key 'PRIMARY'
L 11/02/2020 - 09:57:02: [store.smx] Error happened. Error: Duplicate entry '0' for key 'PRIMARY'
L 11/02/2020 - 09:57:37: [store.smx] Error happened. Error: Duplicate entry '0' for key 'PRIMARY'
L 11/02/2020 - 10:12:19: Error log file session closed.
L 11/02/2020 - 10:12:30: SourceMod error session started
L 11/02/2020 - 10:12:30: Info (map "de_train") (file "C:\TCAFiles\Users\jean\3\csgo\addons\sourcemod\logs\errors_20201102.log")
L 11/02/2020 - 10:12:30: [store.smx] Error happened. Error: Duplicate entry '0' for key 'PRIMARY'
L 11/02/2020 - 10:12:32: [store.smx] Error happened. Error: Duplicate entry '0' for key 'PRIMARY'
L 11/02/2020 - 11:26:32: Error log file session closed.
L 11/02/2020 - 11:26:57: SourceMod error session started
L 11/02/2020 - 11:26:57: Info (map "de_train") (file "C:\TCAFiles\Users\jean\3\csgo\addons\sourcemod\logs\errors_20201102.log")
L 11/02/2020 - 11:26:57: [store.smx] Error happened. Error: Duplicate entry '0' for key 'PRIMARY'
L 11/02/2020 - 11:27:30: Error log file session closed.
L 11/02/2020 - 11:28:14: SourceMod error session started
L 11/02/2020 - 11:28:14: Info (map "de_train") (file "C:\TCAFiles\Users\jean\3\csgo\addons\sourcemod\logs\errors_20201102.log")
L 11/02/2020 - 11:28:14: [store.smx] Error happened. Error: Duplicate entry '0' for key 'PRIMARY'
L 11/02/2020 - 14:26:55: SourceMod error session started
L 11/02/2020 - 14:26:55: Info (map "de_dust2") (file "C:\TCAFiles\Users\jean\3\csgo\addons\sourcemod\logs\errors_20201102.log")
L 11/02/2020 - 14:26:55: [SM] Unable to load plugin "csgo_dices_shop.smx": Could not find required plugin "shop"
L 11/02/2020 - 14:26:55: [SM] Unable to load plugin "server_redirect.smx": Required extension "dhooks" file("dhooks.ext") not running
L 11/02/2020 - 14:26:55: [store.smx] Gifts! isn't installed or failed to load. Gifts support will be disabled. Please install Gifts. (http://forums.alliedmods.net/showthread.php?t=175185)
L 11/02/2020 - 14:26:55: [store.smx] Simple Chat Processor isn't installed or failed to load. SCP support will be disabled. (http://forums.alliedmods.net/showthread.php?t=198501)
L 11/02/2020 - 15:27:30: [store.smx] Database connection is lost or not yet initialized.
L 11/02/2020 - 15:27:30: [store.smx] Database connection is lost or not yet initialized.
L 11/02/2020 - 15:27:32: Error log file session closed.
L 11/02/2020 - 15:27:42: SourceMod error session started
L 11/02/2020 - 15:27:42: Info (map "de_dust2") (file "C:\TCAFiles\Users\jean\3\csgo\addons\sourcemod\logs\errors_20201102.log")
L 11/02/2020 - 15:27:42: [store.smx] Error happened. Error: Duplicate entry '0' for key 'PRIMARY'
L 11/02/2020 - 15:27:43: [store.smx] Error happened. Error: Duplicate entry '0' for key 'PRIMARY'
L 11/02/2020 - 15:33:43: [store.smx] Error happened. Error: Duplicate entry '0' for key 'PRIMARY'
L 11/02/2020 - 15:35:24: [store.smx] Error happened. Error: Duplicate entry '0' for key 'PRIMARY'
L 11/02/2020 - 15:38:10: [store.smx] Error happened. Error: Duplicate entry '0' for key 'PRIMARY'
L 11/02/2020 - 15:38:25: [store.smx] Error happened. Error: Duplicate entry '0' for key 'PRIMARY'
L 11/02/2020 - 15:42:05: Error log file session closed.
L 11/02/2020 - 15:42:17: SourceMod error session started
L 11/02/2020 - 15:42:17: Info (map "de_cache") (file "C:\TCAFiles\Users\jean\3\csgo\addons\sourcemod\logs\errors_20201102.log")
L 11/02/2020 - 15:42:17: [store.smx] Error happened. Error: Duplicate entry '0' for key 'PRIMARY'
L 11/02/2020 - 15:42:20: [store.smx] Error happened. Error: Duplicate entry '0' for key 'PRIMARY'
L 11/02/2020 - 15:42:22: [store.smx] Error happened. Error: Duplicate entry '0' for key 'PRIMARY'
L 11/02/2020 - 15:44:01: [store.smx] Error happened. Error: Duplicate entry '0' for key 'PRIMARY'
L 11/02/2020 - 15:44:50: [store.smx] Error happened. Error: Duplicate entry '0' for key 'PRIMARY'
L 11/02/2020 - 15:46:43: [store.smx] Error happened. Error: Duplicate entry '0' for key 'PRIMARY'
L 11/02/2020 - 15:58:03: Error log file session closed.
L 11/02/2020 - 15:58:13: SourceMod error session started
L 11/02/2020 - 15:58:13: Info (map "de_vertigo") (file "C:\TCAFiles\Users\jean\3\csgo\addons\sourcemod\logs\errors_20201102.log")
L 11/02/2020 - 15:58:13: [store.smx] Error happened. Error: Duplicate entry '0' for key 'PRIMARY'
L 11/02/2020 - 15:58:15: [store.smx] Error happened. Error: Duplicate entry '0' for key 'PRIMARY'
L 11/02/2020 - 15:58:36: [store.smx] Error happened. Error: Duplicate entry '0' for key 'PRIMARY'
L 11/02/2020 - 16:11:16: Error log file session closed.
L 11/02/2020 - 16:37:18: SourceMod error session started
L 11/02/2020 - 16:37:18: Info (map "de_vertigo") (file "C:\TCAFiles\Users\jean\3\csgo\addons\sourcemod\logs\errors_20201102.log")
L 11/02/2020 - 16:37:18: [store.smx] Error happened. Error: Duplicate entry '0' for key 'PRIMARY'
L 11/02/2020 - 16:44:15: [store.smx] Error happened. Error: Duplicate entry '0' for key 'PRIMARY'
L 11/02/2020 - 16:46:42: [store.smx] Error happened. Error: Duplicate entry '0' for key 'PRIMARY'
L 11/02/2020 - 16:53:42: Error log file session closed.
L 11/02/2020 - 16:53:51: SourceMod error session started
L 11/02/2020 - 16:53:51: Info (map "de_mirage") (file "C:\TCAFiles\Users\jean\3\csgo\addons\sourcemod\logs\errors_20201102.log")
L 11/02/2020 - 16:53:51: [store.smx] Error happened. Error: Duplicate entry '0' for key 'PRIMARY'
L 11/02/2020 - 16:53:56: [store.smx] Error happened. Error: Duplicate entry '0' for key 'PRIMARY'
L 11/02/2020 - 16:54:09: [store.smx] Error happened. Error: Duplicate entry '0' for key 'PRIMARY'
L 11/02/2020 - 16:54:32: [store.smx] Error happened. Error: Duplicate entry '0' for key 'PRIMARY'
L 11/02/2020 - 16:56:01: [store.smx] Error happened. Error: Duplicate entry '0' for key 'PRIMARY'
L 11/02/2020 - 17:08:49: [store.smx] Error happened. Error: Duplicate entry '0' for key 'PRIMARY'
L 11/02/2020 - 17:12:34: Error log file session closed.
L 11/02/2020 - 17:12:48: SourceMod error session started
L 11/02/2020 - 17:12:48: Info (map "de_inferno") (file "C:\TCAFiles\Users\jean\3\csgo\addons\sourcemod\logs\errors_20201102.log")
L 11/02/2020 - 17:12:48: [store.smx] Error happened. Error: Duplicate entry '0' for key 'PRIMARY'
L 11/02/2020 - 17:18:43: [store.smx] Error happened. Error: Duplicate entry '0' for key 'PRIMARY'
L 11/02/2020 - 17:19:45: [store.smx] Error happened. Error: Duplicate entry '0' for key 'PRIMARY'
L 11/02/2020 - 17:20:31: [store.smx] Error happened. Error: Duplicate entry '0' for key 'PRIMARY'
L 11/02/2020 - 17:22:19: [store.smx] Error happened. Error: Duplicate entry '0' for key 'PRIMARY'
L 11/02/2020 - 17:27:06: [store.smx] Error happened. Error: Duplicate entry '0' for key 'PRIMARY'
L 11/02/2020 - 17:28:40: [store.smx] Error happened. Error: Duplicate entry '0' for key 'PRIMARY'
L 11/02/2020 - 17:30:56: [store.smx] Error happened. Error: Duplicate entry '0' for key 'PRIMARY'
L 11/02/2020 - 17:32:00: Error log file session closed.
L 11/02/2020 - 17:32:13: SourceMod error session started
L 11/02/2020 - 17:32:13: Info (map "de_nuke") (file "C:\TCAFiles\Users\jean\3\csgo\addons\sourcemod\logs\errors_20201102.log")
L 11/02/2020 - 17:32:13: [store.smx] Error happened. Error: Duplicate entry '0' for key 'PRIMARY'
L 11/02/2020 - 17:32:19: [store.smx] Error happened. Error: Duplicate entry '0' for key 'PRIMARY'
L 11/02/2020 - 17:32:43: [store.smx] Error happened. Error: Duplicate entry '0' for key 'PRIMARY'
L 11/02/2020 - 17:36:25: [store.smx] Error happened. Error: Duplicate entry '0' for key 'PRIMARY'
L 11/02/2020 - 17:50:25: Error log file session closed.
L 11/02/2020 - 17:50:41: SourceMod error session started
L 11/02/2020 - 17:50:41: Info (map "de_train") (file "C:\TCAFiles\Users\jean\3\csgo\addons\sourcemod\logs\errors_20201102.log")
L 11/02/2020 - 17:50:41: [store.smx] Error happened. Error: Duplicate entry '0' for key 'PRIMARY'
L 11/02/2020 - 18:03:43: Error log file session closed.
L 11/02/2020 - 18:28:51: SourceMod error session started
L 11/02/2020 - 18:28:51: Info (map "de_dust2") (file "C:\TCAFiles\Users\jean\3\csgo\addons\sourcemod\logs\errors_20201102.log")
L 11/02/2020 - 18:28:51: [SM] Unable to load plugin "csgo_dices_shop.smx": Could not find required plugin "shop"
L 11/02/2020 - 18:28:51: [SM] Unable to load plugin "server_redirect.smx": Required extension "dhooks" file("dhooks.ext") not running
L 11/02/2020 - 18:28:52: [store.smx] Gifts! isn't installed or failed to load. Gifts support will be disabled. Please install Gifts. (http://forums.alliedmods.net/showthread.php?t=175185)
L 11/02/2020 - 18:28:52: [store.smx] Simple Chat Processor isn't installed or failed to load. SCP support will be disabled. (http://forums.alliedmods.net/showthread.php?t=198501)
L 11/02/2020 - 18:29:06: [store.smx] Database connection is lost or not yet initialized.
L 11/02/2020 - 18:29:06: [store.smx] Database connection is lost or not yet initialized.
L 11/02/2020 - 18:29:08: Error log file session closed.
L 11/02/2020 - 18:35:11: SourceMod error session started
L 11/02/2020 - 18:35:11: Info (map "de_dust2") (file "C:\TCAFiles\Users\jean\3\csgo\addons\sourcemod\logs\errors_20201102.log")
L 11/02/2020 - 18:35:11: [store.smx] Error happened. Error: Duplicate entry '0' for key 'PRIMARY'
L 11/02/2020 - 18:35:32: [store.smx] Error happened. Error: Duplicate entry '0' for key 'PRIMARY'
L 11/02/2020 - 18:37:29: [store.smx] Error happened. Error: Duplicate entry '0' for key 'PRIMARY'
L 11/02/2020 - 18:38:18: [store.smx] Error happened. Error: Duplicate entry '0' for key 'PRIMARY'
L 11/02/2020 - 18:41:29: [store.smx] Error happened. Error: Duplicate entry '0' for key 'PRIMARY'
L 11/02/2020 - 18:45:24: [store.smx] Error happened. Error: Duplicate entry '0' for key 'PRIMARY'
L 11/02/2020 - 18:46:30: [store.smx] Error happened. Error: Duplicate entry '0' for key 'PRIMARY'
L 11/02/2020 - 18:47:07: [store.smx] Error happened. Error: Duplicate entry '0' for key 'PRIMARY'
L 11/02/2020 - 18:48:39: Error log file session closed.
L 11/02/2020 - 18:48:47: SourceMod error session started
L 11/02/2020 - 18:48:47: Info (map "de_mirage") (file "C:\TCAFiles\Users\jean\3\csgo\addons\sourcemod\logs\errors_20201102.log")
L 11/02/2020 - 18:48:47: [store.smx] Error happened. Error: Duplicate entry '0' for key 'PRIMARY'
L 11/02/2020 - 18:48:49: [store.smx] Error happened. Error: Duplicate entry '0' for key 'PRIMARY'
L 11/02/2020 - 18:48:49: [store.smx] Error happened. Error: Duplicate entry '0' for key 'PRIMARY'
L 11/02/2020 - 18:48:51: [store.smx] Error happened. Error: Duplicate entry '0' for key 'PRIMARY'
L 11/02/2020 - 18:49:13: [store.smx] Error happened. Error: Duplicate entry '0' for key 'PRIMARY'
L 11/02/2020 - 18:49:33: [store.smx] Error happened. Error: Duplicate entry '0' for key 'PRIMARY'
L 11/02/2020 - 18:54:18: [store.smx] Error happened. Error: Duplicate entry '0' for key 'PRIMARY'
L 11/02/2020 - 18:57:06: [store.smx] Error happened. Error: Duplicate entry '0' for key 'PRIMARY'
L 11/02/2020 - 19:04:07: [store.smx] Error happened. Error: Duplicate entry '0' for key 'PRIMARY'
L 11/02/2020 - 19:09:02: Error log file session closed.
L 11/02/2020 - 19:09:11: SourceMod error session started
L 11/02/2020 - 19:09:11: Info (map "de_vertigo") (file "C:\TCAFiles\Users\jean\3\csgo\addons\sourcemod\logs\errors_20201102.log")
L 11/02/2020 - 19:09:11: [store.smx] Error happened. Error: Duplicate entry '0' for key 'PRIMARY'
L 11/02/2020 - 19:09:12: [store.smx] Error happened. Error: Duplicate entry '0' for key 'PRIMARY'
L 11/02/2020 - 19:09:12: [store.smx] Error happened. Error: Duplicate entry '0' for key 'PRIMARY'
L 11/02/2020 - 19:09:18: [store.smx] Error happened. Error: Duplicate entry '0' for key 'PRIMARY'
L 11/02/2020 - 19:10:14: [store.smx] Error happened. Error: Duplicate entry '0' for key 'PRIMARY'
L 11/02/2020 - 19:14:42: [store.smx] Error happened. Error: Duplicate entry '0' for key 'PRIMARY'
L 11/02/2020 - 19:27:17: Error log file session closed.
L 11/02/2020 - 19:27:45: SourceMod error session started
L 11/02/2020 - 19:27:45: Info (map "de_cache") (file "C:\TCAFiles\Users\jean\3\csgo\addons\sourcemod\logs\errors_20201102.log")
L 11/02/2020 - 19:27:45: [store.smx] Error happened. Error: Duplicate entry '0' for key 'PRIMARY'
L 11/02/2020 - 19:42:13: Error log file session closed.
L 11/02/2020 - 19:57:47: SourceMod error session started
L 11/02/2020 - 19:57:47: Info (map "de_cache") (file "C:\TCAFiles\Users\jean\3\csgo\addons\sourcemod\logs\errors_20201102.log")
L 11/02/2020 - 19:57:47: [store.smx] Error happened. Error: Duplicate entry '0' for key 'PRIMARY'
L 11/02/2020 - 19:58:32: [store.smx] Error happened. Error: Duplicate entry '0' for key 'PRIMARY'
L 11/02/2020 - 20:00:12: [store.smx] Error happened. Error: Duplicate entry '0' for key 'PRIMARY'
L 11/02/2020 - 20:15:17: [store.smx] Error happened. Error: Duplicate entry '0' for key 'PRIMARY'
L 11/02/2020 - 20:15:59: Error log file session closed.
L 11/02/2020 - 20:16:11: SourceMod error session started
L 11/02/2020 - 20:16:11: Info (map "de_inferno") (file "C:\TCAFiles\Users\jean\3\csgo\addons\sourcemod\logs\errors_20201102.log")
L 11/02/2020 - 20:16:11: [store.smx] Error happened. Error: Duplicate entry '0' for key 'PRIMARY'
L 11/02/2020 - 20:16:12: [store.smx] Error happened. Error: Duplicate entry '0' for key 'PRIMARY'
L 11/02/2020 - 20:16:35: [store.smx] Error happened. Error: Duplicate entry '0' for key 'PRIMARY'
L 11/02/2020 - 20:17:55: [store.smx] Error happened. Error: Duplicate entry '0' for key 'PRIMARY'
L 11/02/2020 - 20:17:57: [store.smx] Error happened. Error: Duplicate entry '0' for key 'PRIMARY'
L 11/02/2020 - 20:18:41: [store.smx] Error happened. Error: Duplicate entry '0' for key 'PRIMARY'
L 11/02/2020 - 20:26:36: [store.smx] Error happened. Error: Duplicate entry '0' for key 'PRIMARY'
L 11/02/2020 - 20:36:57: [store.smx] Error happened. Error: Duplicate entry '0' for key 'PRIMARY'
L 11/02/2020 - 20:37:18: [store.smx] Error happened. Error: Duplicate entry '0' for key 'PRIMARY'
L 11/02/2020 - 20:37:21: [store.smx] Error happened. Error: Duplicate entry '0' for key 'PRIMARY'
L 11/02/2020 - 20:46:51: [store.smx] Error happened. Error: Duplicate entry '0' for key 'PRIMARY'
L 11/02/2020 - 20:54:01: Error log file session closed.
L 11/02/2020 - 20:54:12: SourceMod error session started
L 11/02/2020 - 20:54:12: Info (map "de_overpass") (file "C:\TCAFiles\Users\jean\3\csgo\addons\sourcemod\logs\errors_20201102.log")
L 11/02/2020 - 20:54:12: [store.smx] Error happened. Error: Duplicate entry '0' for key 'PRIMARY'
L 11/02/2020 - 21:01:20: [store.smx] Error happened. Error: Duplicate entry '0' for key 'PRIMARY'
L 11/02/2020 - 21:03:08: [store.smx] Error happened. Error: Duplicate entry '0' for key 'PRIMARY'
L 11/02/2020 - 21:04:50: [store.smx] Error happened. Error: Duplicate entry '0' for key 'PRIMARY'
L 11/02/2020 - 21:10:21: Error log file session closed.
L 11/02/2020 - 21:10:33: SourceMod error session started
L 11/02/2020 - 21:10:33: Info (map "de_dust2") (file "C:\TCAFiles\Users\jean\3\csgo\addons\sourcemod\logs\errors_20201102.log")
L 11/02/2020 - 21:10:33: [store.smx] Error happened. Error: Duplicate entry '0' for key 'PRIMARY'
L 11/02/2020 - 21:10:35: [store.smx] Error happened. Error: Duplicate entry '0' for key 'PRIMARY'
L 11/02/2020 - 21:10:35: [store.smx] Error happened. Error: Duplicate entry '0' for key 'PRIMARY'
L 11/02/2020 - 21:28:40: Error log file session closed.
L 11/02/2020 - 21:28:48: SourceMod error session started
L 11/02/2020 - 21:28:48: Info (map "de_mirage") (file "C:\TCAFiles\Users\jean\3\csgo\addons\sourcemod\logs\errors_20201102.log")
L 11/02/2020 - 21:28:48: [store.smx] Error happened. Error: Duplicate entry '0' for key 'PRIMARY'
L 11/02/2020 - 21:28:51: [store.smx] Error happened. Error: Duplicate entry '0' for key 'PRIMARY'
L 11/02/2020 - 21:29:39: [store.smx] Error happened. Error: Duplicate entry '0' for key 'PRIMARY'
L 11/02/2020 - 21:33:14: [store.smx] Error happened. Error: Duplicate entry '0' for key 'PRIMARY'
L 11/02/2020 - 21:39:53: [store.smx] Error happened. Error: Duplicate entry '0' for key 'PRIMARY'
L 11/02/2020 - 21:40:40: [store.smx] Error happened. Error: Duplicate entry '0' for key 'PRIMARY'
L 11/02/2020 - 21:47:49: [store.smx] Error happened. Error: Duplicate entry '0' for key 'PRIMARY'
L 11/02/2020 - 21:55:42: [store.smx] Error happened. Error: Duplicate entry '0' for key 'PRIMARY'
L 11/02/2020 - 21:56:12: [store.smx] Error happened. Error: Duplicate entry '0' for key 'PRIMARY'
L 11/02/2020 - 21:59:38: [store.smx] Error happened. Error: Duplicate entry '0' for key 'PRIMARY'
L 11/02/2020 - 22:00:40: [store.smx] Error happened. Error: Duplicate entry '0' for key 'PRIMARY'
L 11/02/2020 - 22:07:07: Error log file session closed.
L 11/02/2020 - 22:07:17: SourceMod error session started
L 11/02/2020 - 22:07:17: Info (map "de_train") (file "C:\TCAFiles\Users\jean\3\csgo\addons\sourcemod\logs\errors_20201102.log")
L 11/02/2020 - 22:07:17: [store.smx] Error happened. Error: Duplicate entry '0' for key 'PRIMARY'
L 11/02/2020 - 22:07:33: [store.smx] Error happened. Error: Duplicate entry '0' for key 'PRIMARY'
L 11/02/2020 - 22:11:46: [store.smx] Error happened. Error: Duplicate entry '0' for key 'PRIMARY'
L 11/02/2020 - 22:14:40: [store.smx] Error happened. Error: Duplicate entry '0' for key 'PRIMARY'
L 11/02/2020 - 22:25:27: Error log file session closed.
L 11/02/2020 - 22:44:58: SourceMod error session started
L 11/02/2020 - 22:44:58: Info (map "de_vertigo") (file "C:\TCAFiles\Users\jean\3\csgo\addons\sourcemod\logs\errors_20201102.log")
L 11/02/2020 - 22:44:58: [store.smx] Error happened. Error: Duplicate entry '0' for key 'PRIMARY'
L 11/02/2020 - 23:01:45: Error log file session closed.
