L 06/21/2020 - 00:15:15: SourceMod log file session started (file "C:\TCAFiles\Users\jeanv\438\csgo\addons\sourcemod\logs\L20200621.log") (Version "1.10.0.6488")
L 06/21/2020 - 00:15:15: [mapchooser.smx] Voting for next map has started.
L 06/21/2020 - 00:15:24: [mapchooser.smx] Voting for next map has finished. Nextmap: de_overpass.
L 06/21/2020 - 00:18:35: [SM] Changed map to "de_overpass"
L 06/21/2020 - 00:18:36: -------- Mapchange to de_overpass --------
L 06/21/2020 - 00:18:38: [basecommands.smx] "Console<0><Console><Console>" changed cvar (cvar "sv_maxrate") (value "128000")
L 06/21/2020 - 00:18:38: [basecommands.smx] "Console<0><Console><Console>" changed cvar (cvar "sv_minrate") (value "128000")
L 06/21/2020 - 00:18:38: [basecommands.smx] "Console<0><Console><Console>" changed cvar (cvar "sv_maxcmdrate") (value "128")
L 06/21/2020 - 00:18:38: [basecommands.smx] "Console<0><Console><Console>" changed cvar (cvar "sv_mincmdrate") (value "128")
L 06/21/2020 - 00:18:38: [basecommands.smx] "Console<0><Console><Console>" changed cvar (cvar "sv_minupdaterate") (value "128")
L 06/21/2020 - 00:18:38: [basecommands.smx] "Console<0><Console><Console>" changed cvar (cvar "sv_maxupdaterate") (value "128")
L 06/21/2020 - 00:18:38: [basecommands.smx] "Console<0><Console><Console>" changed cvar (cvar "sv_maxunlag") (value "0.5")
L 06/21/2020 - 00:18:38: [basecommands.smx] "Console<0><Console><Console>" changed cvar (cvar "sv_unlag") (value "1")
L 06/21/2020 - 00:18:39: [afk_manager4.smx] [AFK Manager] Log File: addons\sourcemod\logs\afkm_20200621.log
L 06/21/2020 - 00:18:39: [chat-processor.smx] Message formats generated for game 'csgo'.
L 06/21/2020 - 00:18:39: [chat-processor.smx] Successfully hooked a SayText2 chat hook.
L 06/21/2020 - 00:18:41: [weapons.smx] Inactive players' data has been deleted
L 06/21/2020 - 00:35:37: [mapchooser.smx] Voting for next map has started.
L 06/21/2020 - 00:35:45: [mapchooser.smx] Voting for next map has finished. Nextmap: de_dust2.
L 06/21/2020 - 00:37:29: [SM] Changed map to "de_dust2"
L 06/21/2020 - 00:37:32: -------- Mapchange to de_dust2 --------
L 06/21/2020 - 00:37:35: [basecommands.smx] "Console<0><Console><Console>" changed cvar (cvar "sv_maxrate") (value "128000")
L 06/21/2020 - 00:37:35: [basecommands.smx] "Console<0><Console><Console>" changed cvar (cvar "sv_minrate") (value "128000")
L 06/21/2020 - 00:37:35: [basecommands.smx] "Console<0><Console><Console>" changed cvar (cvar "sv_maxcmdrate") (value "128")
L 06/21/2020 - 00:37:35: [basecommands.smx] "Console<0><Console><Console>" changed cvar (cvar "sv_mincmdrate") (value "128")
L 06/21/2020 - 00:37:35: [basecommands.smx] "Console<0><Console><Console>" changed cvar (cvar "sv_minupdaterate") (value "128")
L 06/21/2020 - 00:37:35: [basecommands.smx] "Console<0><Console><Console>" changed cvar (cvar "sv_maxupdaterate") (value "128")
L 06/21/2020 - 00:37:35: [basecommands.smx] "Console<0><Console><Console>" changed cvar (cvar "sv_maxunlag") (value "0.5")
L 06/21/2020 - 00:37:35: [basecommands.smx] "Console<0><Console><Console>" changed cvar (cvar "sv_unlag") (value "1")
L 06/21/2020 - 00:37:35: [chat-processor.smx] Message formats generated for game 'csgo'.
L 06/21/2020 - 00:37:35: [chat-processor.smx] Successfully hooked a SayText2 chat hook.
L 06/21/2020 - 00:37:37: [weapons.smx] Inactive players' data has been deleted
L 06/21/2020 - 00:54:22: [mapchooser.smx] Voting for next map has started.
L 06/21/2020 - 00:54:42: [mapchooser.smx] Voting for next map has finished. Nextmap: de_vertigo.
L 06/21/2020 - 00:56:43: [SM] Changed map to "de_vertigo"
L 06/21/2020 - 00:56:44: -------- Mapchange to de_vertigo --------
L 06/21/2020 - 00:56:46: [basecommands.smx] "Console<0><Console><Console>" changed cvar (cvar "sv_maxrate") (value "128000")
L 06/21/2020 - 00:56:46: [basecommands.smx] "Console<0><Console><Console>" changed cvar (cvar "sv_minrate") (value "128000")
L 06/21/2020 - 00:56:46: [basecommands.smx] "Console<0><Console><Console>" changed cvar (cvar "sv_maxcmdrate") (value "128")
L 06/21/2020 - 00:56:46: [basecommands.smx] "Console<0><Console><Console>" changed cvar (cvar "sv_mincmdrate") (value "128")
L 06/21/2020 - 00:56:46: [basecommands.smx] "Console<0><Console><Console>" changed cvar (cvar "sv_minupdaterate") (value "128")
L 06/21/2020 - 00:56:46: [basecommands.smx] "Console<0><Console><Console>" changed cvar (cvar "sv_maxupdaterate") (value "128")
L 06/21/2020 - 00:56:46: [basecommands.smx] "Console<0><Console><Console>" changed cvar (cvar "sv_maxunlag") (value "0.5")
L 06/21/2020 - 00:56:46: [basecommands.smx] "Console<0><Console><Console>" changed cvar (cvar "sv_unlag") (value "1")
L 06/21/2020 - 00:56:47: [chat-processor.smx] Message formats generated for game 'csgo'.
L 06/21/2020 - 00:56:47: [chat-processor.smx] Successfully hooked a SayText2 chat hook.
L 06/21/2020 - 00:56:49: [weapons.smx] Inactive players' data has been deleted
L 06/21/2020 - 01:13:21: [mapchooser.smx] Voting for next map has started.
L 06/21/2020 - 01:13:28: [mapchooser.smx] Voting for next map has finished. Nextmap: de_nuke.
L 06/21/2020 - 01:15:13: [SM] Changed map to "de_nuke"
L 06/21/2020 - 01:15:16: -------- Mapchange to de_nuke --------
L 06/21/2020 - 01:15:18: [basecommands.smx] "Console<0><Console><Console>" changed cvar (cvar "sv_maxrate") (value "128000")
L 06/21/2020 - 01:15:18: [basecommands.smx] "Console<0><Console><Console>" changed cvar (cvar "sv_minrate") (value "128000")
L 06/21/2020 - 01:15:18: [basecommands.smx] "Console<0><Console><Console>" changed cvar (cvar "sv_maxcmdrate") (value "128")
L 06/21/2020 - 01:15:18: [basecommands.smx] "Console<0><Console><Console>" changed cvar (cvar "sv_mincmdrate") (value "128")
L 06/21/2020 - 01:15:18: [basecommands.smx] "Console<0><Console><Console>" changed cvar (cvar "sv_minupdaterate") (value "128")
L 06/21/2020 - 01:15:18: [basecommands.smx] "Console<0><Console><Console>" changed cvar (cvar "sv_maxupdaterate") (value "128")
L 06/21/2020 - 01:15:18: [basecommands.smx] "Console<0><Console><Console>" changed cvar (cvar "sv_maxunlag") (value "0.5")
L 06/21/2020 - 01:15:18: [basecommands.smx] "Console<0><Console><Console>" changed cvar (cvar "sv_unlag") (value "1")
L 06/21/2020 - 01:15:19: [chat-processor.smx] Message formats generated for game 'csgo'.
L 06/21/2020 - 01:15:19: [chat-processor.smx] Successfully hooked a SayText2 chat hook.
L 06/21/2020 - 01:15:21: [weapons.smx] Inactive players' data has been deleted
L 06/21/2020 - 01:31:52: [mapchooser.smx] Voting for next map has started.
L 06/21/2020 - 01:32:12: [mapchooser.smx] Voting for next map has finished. Nextmap: de_mirage.
L 06/21/2020 - 01:34:33: [SM] Changed map to "de_mirage"
L 06/21/2020 - 01:34:34: -------- Mapchange to de_mirage --------
L 06/21/2020 - 01:34:36: [basecommands.smx] "Console<0><Console><Console>" changed cvar (cvar "sv_maxrate") (value "128000")
L 06/21/2020 - 01:34:36: [basecommands.smx] "Console<0><Console><Console>" changed cvar (cvar "sv_minrate") (value "128000")
L 06/21/2020 - 01:34:36: [basecommands.smx] "Console<0><Console><Console>" changed cvar (cvar "sv_maxcmdrate") (value "128")
L 06/21/2020 - 01:34:36: [basecommands.smx] "Console<0><Console><Console>" changed cvar (cvar "sv_mincmdrate") (value "128")
L 06/21/2020 - 01:34:36: [basecommands.smx] "Console<0><Console><Console>" changed cvar (cvar "sv_minupdaterate") (value "128")
L 06/21/2020 - 01:34:36: [basecommands.smx] "Console<0><Console><Console>" changed cvar (cvar "sv_maxupdaterate") (value "128")
L 06/21/2020 - 01:34:36: [basecommands.smx] "Console<0><Console><Console>" changed cvar (cvar "sv_maxunlag") (value "0.5")
L 06/21/2020 - 01:34:36: [basecommands.smx] "Console<0><Console><Console>" changed cvar (cvar "sv_unlag") (value "1")
L 06/21/2020 - 01:34:37: [chat-processor.smx] Message formats generated for game 'csgo'.
L 06/21/2020 - 01:34:37: [chat-processor.smx] Successfully hooked a SayText2 chat hook.
L 06/21/2020 - 01:34:38: [weapons.smx] Inactive players' data has been deleted
L 06/21/2020 - 01:51:24: [mapchooser.smx] Voting for next map has started.
L 06/21/2020 - 01:51:27: [mapchooser.smx] Voting for next map has finished. Nextmap: de_cache.
L 06/21/2020 - 02:22:30: [rockthevote.smx] RTV changing map manually
L 06/21/2020 - 02:22:30: [SM] Changed map to "de_cache"
L 06/21/2020 - 02:22:34: -------- Mapchange to de_cache --------
L 06/21/2020 - 02:22:37: [basecommands.smx] "Console<0><Console><Console>" changed cvar (cvar "sv_maxrate") (value "128000")
L 06/21/2020 - 02:22:37: [basecommands.smx] "Console<0><Console><Console>" changed cvar (cvar "sv_minrate") (value "128000")
L 06/21/2020 - 02:22:37: [basecommands.smx] "Console<0><Console><Console>" changed cvar (cvar "sv_maxcmdrate") (value "128")
L 06/21/2020 - 02:22:37: [basecommands.smx] "Console<0><Console><Console>" changed cvar (cvar "sv_mincmdrate") (value "128")
L 06/21/2020 - 02:22:37: [basecommands.smx] "Console<0><Console><Console>" changed cvar (cvar "sv_minupdaterate") (value "128")
L 06/21/2020 - 02:22:37: [basecommands.smx] "Console<0><Console><Console>" changed cvar (cvar "sv_maxupdaterate") (value "128")
L 06/21/2020 - 02:22:37: [basecommands.smx] "Console<0><Console><Console>" changed cvar (cvar "sv_maxunlag") (value "0.5")
L 06/21/2020 - 02:22:37: [basecommands.smx] "Console<0><Console><Console>" changed cvar (cvar "sv_unlag") (value "1")
L 06/21/2020 - 02:22:37: [chat-processor.smx] Message formats generated for game 'csgo'.
L 06/21/2020 - 02:22:37: [chat-processor.smx] Successfully hooked a SayText2 chat hook.
L 06/21/2020 - 02:22:38: [weapons.smx] Inactive players' data has been deleted
L 06/21/2020 - 02:52:47: [mapchooser.smx] Voting for next map has started.
L 06/21/2020 - 02:57:22: [SM] Changed map to "de_train"
L 06/21/2020 - 02:57:23: -------- Mapchange to de_train --------
L 06/21/2020 - 02:57:25: [basecommands.smx] "Console<0><Console><Console>" changed cvar (cvar "sv_maxrate") (value "128000")
L 06/21/2020 - 02:57:25: [basecommands.smx] "Console<0><Console><Console>" changed cvar (cvar "sv_minrate") (value "128000")
L 06/21/2020 - 02:57:25: [basecommands.smx] "Console<0><Console><Console>" changed cvar (cvar "sv_maxcmdrate") (value "128")
L 06/21/2020 - 02:57:25: [basecommands.smx] "Console<0><Console><Console>" changed cvar (cvar "sv_mincmdrate") (value "128")
L 06/21/2020 - 02:57:25: [basecommands.smx] "Console<0><Console><Console>" changed cvar (cvar "sv_minupdaterate") (value "128")
L 06/21/2020 - 02:57:25: [basecommands.smx] "Console<0><Console><Console>" changed cvar (cvar "sv_maxupdaterate") (value "128")
L 06/21/2020 - 02:57:25: [basecommands.smx] "Console<0><Console><Console>" changed cvar (cvar "sv_maxunlag") (value "0.5")
L 06/21/2020 - 02:57:25: [basecommands.smx] "Console<0><Console><Console>" changed cvar (cvar "sv_unlag") (value "1")
L 06/21/2020 - 02:57:26: [chat-processor.smx] Message formats generated for game 'csgo'.
L 06/21/2020 - 02:57:26: [chat-processor.smx] Successfully hooked a SayText2 chat hook.
L 06/21/2020 - 02:57:27: [weapons.smx] Inactive players' data has been deleted
L 06/21/2020 - 03:13:32: -------- Mapchange to de_train --------
L 06/21/2020 - 03:13:35: [basecommands.smx] "Console<0><Console><Console>" changed cvar (cvar "sv_maxrate") (value "128000")
L 06/21/2020 - 03:13:35: [basecommands.smx] "Console<0><Console><Console>" changed cvar (cvar "sv_minrate") (value "128000")
L 06/21/2020 - 03:13:35: [basecommands.smx] "Console<0><Console><Console>" changed cvar (cvar "sv_maxcmdrate") (value "128")
L 06/21/2020 - 03:13:35: [basecommands.smx] "Console<0><Console><Console>" changed cvar (cvar "sv_mincmdrate") (value "128")
L 06/21/2020 - 03:13:35: [basecommands.smx] "Console<0><Console><Console>" changed cvar (cvar "sv_minupdaterate") (value "128")
L 06/21/2020 - 03:13:35: [basecommands.smx] "Console<0><Console><Console>" changed cvar (cvar "sv_maxupdaterate") (value "128")
L 06/21/2020 - 03:13:35: [basecommands.smx] "Console<0><Console><Console>" changed cvar (cvar "sv_maxunlag") (value "0.5")
L 06/21/2020 - 03:13:35: [basecommands.smx] "Console<0><Console><Console>" changed cvar (cvar "sv_unlag") (value "1")
L 06/21/2020 - 03:13:35: [chat-processor.smx] Message formats generated for game 'csgo'.
L 06/21/2020 - 03:13:35: [chat-processor.smx] Successfully hooked a SayText2 chat hook.
L 06/21/2020 - 03:13:36: [weapons.smx] Inactive players' data has been deleted
L 06/21/2020 - 03:28:06: -------- Mapchange to de_train --------
L 06/21/2020 - 03:28:09: [basecommands.smx] "Console<0><Console><Console>" changed cvar (cvar "sv_maxrate") (value "128000")
L 06/21/2020 - 03:28:09: [basecommands.smx] "Console<0><Console><Console>" changed cvar (cvar "sv_minrate") (value "128000")
L 06/21/2020 - 03:28:09: [basecommands.smx] "Console<0><Console><Console>" changed cvar (cvar "sv_maxcmdrate") (value "128")
L 06/21/2020 - 03:28:09: [basecommands.smx] "Console<0><Console><Console>" changed cvar (cvar "sv_mincmdrate") (value "128")
L 06/21/2020 - 03:28:09: [basecommands.smx] "Console<0><Console><Console>" changed cvar (cvar "sv_minupdaterate") (value "128")
L 06/21/2020 - 03:28:09: [basecommands.smx] "Console<0><Console><Console>" changed cvar (cvar "sv_maxupdaterate") (value "128")
L 06/21/2020 - 03:28:09: [basecommands.smx] "Console<0><Console><Console>" changed cvar (cvar "sv_maxunlag") (value "0.5")
L 06/21/2020 - 03:28:09: [basecommands.smx] "Console<0><Console><Console>" changed cvar (cvar "sv_unlag") (value "1")
L 06/21/2020 - 03:28:09: [chat-processor.smx] Message formats generated for game 'csgo'.
L 06/21/2020 - 03:28:09: [chat-processor.smx] Successfully hooked a SayText2 chat hook.
L 06/21/2020 - 03:28:10: [weapons.smx] Inactive players' data has been deleted
L 06/21/2020 - 03:51:36: -------- Mapchange to de_train --------
L 06/21/2020 - 03:51:39: [basecommands.smx] "Console<0><Console><Console>" changed cvar (cvar "sv_maxrate") (value "128000")
L 06/21/2020 - 03:51:39: [basecommands.smx] "Console<0><Console><Console>" changed cvar (cvar "sv_minrate") (value "128000")
L 06/21/2020 - 03:51:39: [basecommands.smx] "Console<0><Console><Console>" changed cvar (cvar "sv_maxcmdrate") (value "128")
L 06/21/2020 - 03:51:39: [basecommands.smx] "Console<0><Console><Console>" changed cvar (cvar "sv_mincmdrate") (value "128")
L 06/21/2020 - 03:51:39: [basecommands.smx] "Console<0><Console><Console>" changed cvar (cvar "sv_minupdaterate") (value "128")
L 06/21/2020 - 03:51:39: [basecommands.smx] "Console<0><Console><Console>" changed cvar (cvar "sv_maxupdaterate") (value "128")
L 06/21/2020 - 03:51:39: [basecommands.smx] "Console<0><Console><Console>" changed cvar (cvar "sv_maxunlag") (value "0.5")
L 06/21/2020 - 03:51:39: [basecommands.smx] "Console<0><Console><Console>" changed cvar (cvar "sv_unlag") (value "1")
L 06/21/2020 - 03:51:40: [chat-processor.smx] Message formats generated for game 'csgo'.
L 06/21/2020 - 03:51:40: [chat-processor.smx] Successfully hooked a SayText2 chat hook.
L 06/21/2020 - 03:51:40: [weapons.smx] Inactive players' data has been deleted
L 06/21/2020 - 03:53:03: -------- Mapchange to de_train --------
L 06/21/2020 - 03:53:06: [basecommands.smx] "Console<0><Console><Console>" changed cvar (cvar "sv_maxrate") (value "128000")
L 06/21/2020 - 03:53:06: [basecommands.smx] "Console<0><Console><Console>" changed cvar (cvar "sv_minrate") (value "128000")
L 06/21/2020 - 03:53:06: [basecommands.smx] "Console<0><Console><Console>" changed cvar (cvar "sv_maxcmdrate") (value "128")
L 06/21/2020 - 03:53:06: [basecommands.smx] "Console<0><Console><Console>" changed cvar (cvar "sv_mincmdrate") (value "128")
L 06/21/2020 - 03:53:06: [basecommands.smx] "Console<0><Console><Console>" changed cvar (cvar "sv_minupdaterate") (value "128")
L 06/21/2020 - 03:53:06: [basecommands.smx] "Console<0><Console><Console>" changed cvar (cvar "sv_maxupdaterate") (value "128")
L 06/21/2020 - 03:53:06: [basecommands.smx] "Console<0><Console><Console>" changed cvar (cvar "sv_maxunlag") (value "0.5")
L 06/21/2020 - 03:53:06: [basecommands.smx] "Console<0><Console><Console>" changed cvar (cvar "sv_unlag") (value "1")
L 06/21/2020 - 03:53:06: [chat-processor.smx] Message formats generated for game 'csgo'.
L 06/21/2020 - 03:53:06: [chat-processor.smx] Successfully hooked a SayText2 chat hook.
L 06/21/2020 - 03:53:07: [weapons.smx] Inactive players' data has been deleted
L 06/21/2020 - 04:08:27: [mapchooser.smx] Voting for next map has started.
L 06/21/2020 - 10:23:35: -------- Mapchange to de_train --------
L 06/21/2020 - 10:23:38: [basecommands.smx] "Console<0><Console><Console>" changed cvar (cvar "sv_maxrate") (value "128000")
L 06/21/2020 - 10:23:38: [basecommands.smx] "Console<0><Console><Console>" changed cvar (cvar "sv_minrate") (value "128000")
L 06/21/2020 - 10:23:38: [basecommands.smx] "Console<0><Console><Console>" changed cvar (cvar "sv_maxcmdrate") (value "128")
L 06/21/2020 - 10:23:38: [basecommands.smx] "Console<0><Console><Console>" changed cvar (cvar "sv_mincmdrate") (value "128")
L 06/21/2020 - 10:23:38: [basecommands.smx] "Console<0><Console><Console>" changed cvar (cvar "sv_minupdaterate") (value "128")
L 06/21/2020 - 10:23:38: [basecommands.smx] "Console<0><Console><Console>" changed cvar (cvar "sv_maxupdaterate") (value "128")
L 06/21/2020 - 10:23:38: [basecommands.smx] "Console<0><Console><Console>" changed cvar (cvar "sv_maxunlag") (value "0.5")
L 06/21/2020 - 10:23:38: [basecommands.smx] "Console<0><Console><Console>" changed cvar (cvar "sv_unlag") (value "1")
L 06/21/2020 - 10:23:39: [chat-processor.smx] Message formats generated for game 'csgo'.
L 06/21/2020 - 10:23:39: [chat-processor.smx] Successfully hooked a SayText2 chat hook.
L 06/21/2020 - 10:23:39: [weapons.smx] Inactive players' data has been deleted
L 06/21/2020 - 10:43:47: -------- Mapchange to de_train --------
L 06/21/2020 - 10:43:50: [basecommands.smx] "Console<0><Console><Console>" changed cvar (cvar "sv_maxrate") (value "128000")
L 06/21/2020 - 10:43:50: [basecommands.smx] "Console<0><Console><Console>" changed cvar (cvar "sv_minrate") (value "128000")
L 06/21/2020 - 10:43:50: [basecommands.smx] "Console<0><Console><Console>" changed cvar (cvar "sv_maxcmdrate") (value "128")
L 06/21/2020 - 10:43:50: [basecommands.smx] "Console<0><Console><Console>" changed cvar (cvar "sv_mincmdrate") (value "128")
L 06/21/2020 - 10:43:50: [basecommands.smx] "Console<0><Console><Console>" changed cvar (cvar "sv_minupdaterate") (value "128")
L 06/21/2020 - 10:43:50: [basecommands.smx] "Console<0><Console><Console>" changed cvar (cvar "sv_maxupdaterate") (value "128")
L 06/21/2020 - 10:43:50: [basecommands.smx] "Console<0><Console><Console>" changed cvar (cvar "sv_maxunlag") (value "0.5")
L 06/21/2020 - 10:43:50: [basecommands.smx] "Console<0><Console><Console>" changed cvar (cvar "sv_unlag") (value "1")
L 06/21/2020 - 10:43:50: [chat-processor.smx] Message formats generated for game 'csgo'.
L 06/21/2020 - 10:43:50: [chat-processor.smx] Successfully hooked a SayText2 chat hook.
L 06/21/2020 - 10:43:51: [weapons.smx] Inactive players' data has been deleted
L 06/21/2020 - 11:06:43: -------- Mapchange to de_train --------
L 06/21/2020 - 11:06:45: [basecommands.smx] "Console<0><Console><Console>" changed cvar (cvar "sv_maxrate") (value "128000")
L 06/21/2020 - 11:06:45: [basecommands.smx] "Console<0><Console><Console>" changed cvar (cvar "sv_minrate") (value "128000")
L 06/21/2020 - 11:06:45: [basecommands.smx] "Console<0><Console><Console>" changed cvar (cvar "sv_maxcmdrate") (value "128")
L 06/21/2020 - 11:06:45: [basecommands.smx] "Console<0><Console><Console>" changed cvar (cvar "sv_mincmdrate") (value "128")
L 06/21/2020 - 11:06:45: [basecommands.smx] "Console<0><Console><Console>" changed cvar (cvar "sv_minupdaterate") (value "128")
L 06/21/2020 - 11:06:45: [basecommands.smx] "Console<0><Console><Console>" changed cvar (cvar "sv_maxupdaterate") (value "128")
L 06/21/2020 - 11:06:45: [basecommands.smx] "Console<0><Console><Console>" changed cvar (cvar "sv_maxunlag") (value "0.5")
L 06/21/2020 - 11:06:45: [basecommands.smx] "Console<0><Console><Console>" changed cvar (cvar "sv_unlag") (value "1")
L 06/21/2020 - 11:06:46: [chat-processor.smx] Message formats generated for game 'csgo'.
L 06/21/2020 - 11:06:46: [chat-processor.smx] Successfully hooked a SayText2 chat hook.
L 06/21/2020 - 11:06:47: [weapons.smx] Inactive players' data has been deleted
L 06/21/2020 - 11:22:09: -------- Mapchange to de_train --------
L 06/21/2020 - 11:22:12: [basecommands.smx] "Console<0><Console><Console>" changed cvar (cvar "sv_maxrate") (value "128000")
L 06/21/2020 - 11:22:12: [basecommands.smx] "Console<0><Console><Console>" changed cvar (cvar "sv_minrate") (value "128000")
L 06/21/2020 - 11:22:12: [basecommands.smx] "Console<0><Console><Console>" changed cvar (cvar "sv_maxcmdrate") (value "128")
L 06/21/2020 - 11:22:12: [basecommands.smx] "Console<0><Console><Console>" changed cvar (cvar "sv_mincmdrate") (value "128")
L 06/21/2020 - 11:22:12: [basecommands.smx] "Console<0><Console><Console>" changed cvar (cvar "sv_minupdaterate") (value "128")
L 06/21/2020 - 11:22:12: [basecommands.smx] "Console<0><Console><Console>" changed cvar (cvar "sv_maxupdaterate") (value "128")
L 06/21/2020 - 11:22:12: [basecommands.smx] "Console<0><Console><Console>" changed cvar (cvar "sv_maxunlag") (value "0.5")
L 06/21/2020 - 11:22:12: [basecommands.smx] "Console<0><Console><Console>" changed cvar (cvar "sv_unlag") (value "1")
L 06/21/2020 - 11:22:13: [chat-processor.smx] Message formats generated for game 'csgo'.
L 06/21/2020 - 11:22:13: [chat-processor.smx] Successfully hooked a SayText2 chat hook.
L 06/21/2020 - 11:22:13: [weapons.smx] Inactive players' data has been deleted
L 06/21/2020 - 11:36:35: [mapchooser.smx] Voting for next map has started.
L 06/21/2020 - 11:36:56: [mapchooser.smx] Voting for next map has finished. Nextmap: de_inferno.
L 06/21/2020 - 11:40:09: [rockthevote.smx] RTV changing map manually
L 06/21/2020 - 11:40:09: [SM] Changed map to "de_inferno"
L 06/21/2020 - 11:40:11: -------- Mapchange to de_inferno --------
L 06/21/2020 - 11:40:13: [basecommands.smx] "Console<0><Console><Console>" changed cvar (cvar "sv_maxrate") (value "128000")
L 06/21/2020 - 11:40:13: [basecommands.smx] "Console<0><Console><Console>" changed cvar (cvar "sv_minrate") (value "128000")
L 06/21/2020 - 11:40:13: [basecommands.smx] "Console<0><Console><Console>" changed cvar (cvar "sv_maxcmdrate") (value "128")
L 06/21/2020 - 11:40:13: [basecommands.smx] "Console<0><Console><Console>" changed cvar (cvar "sv_mincmdrate") (value "128")
L 06/21/2020 - 11:40:13: [basecommands.smx] "Console<0><Console><Console>" changed cvar (cvar "sv_minupdaterate") (value "128")
L 06/21/2020 - 11:40:13: [basecommands.smx] "Console<0><Console><Console>" changed cvar (cvar "sv_maxupdaterate") (value "128")
L 06/21/2020 - 11:40:13: [basecommands.smx] "Console<0><Console><Console>" changed cvar (cvar "sv_maxunlag") (value "0.5")
L 06/21/2020 - 11:40:13: [basecommands.smx] "Console<0><Console><Console>" changed cvar (cvar "sv_unlag") (value "1")
L 06/21/2020 - 11:40:14: [chat-processor.smx] Message formats generated for game 'csgo'.
L 06/21/2020 - 11:40:14: [chat-processor.smx] Successfully hooked a SayText2 chat hook.
L 06/21/2020 - 11:40:16: [weapons.smx] Inactive players' data has been deleted
L 06/21/2020 - 11:56:42: [mapchooser.smx] Voting for next map has started.
L 06/21/2020 - 11:57:03: [mapchooser.smx] Voting for next map has finished. Nextmap: de_mirage.
L 06/21/2020 - 12:13:39: [rockthevote.smx] RTV changing map manually
L 06/21/2020 - 12:13:39: [SM] Changed map to "de_mirage"
L 06/21/2020 - 12:13:41: -------- Mapchange to de_mirage --------
L 06/21/2020 - 12:13:43: [basecommands.smx] "Console<0><Console><Console>" changed cvar (cvar "sv_maxrate") (value "128000")
L 06/21/2020 - 12:13:43: [basecommands.smx] "Console<0><Console><Console>" changed cvar (cvar "sv_minrate") (value "128000")
L 06/21/2020 - 12:13:43: [basecommands.smx] "Console<0><Console><Console>" changed cvar (cvar "sv_maxcmdrate") (value "128")
L 06/21/2020 - 12:13:43: [basecommands.smx] "Console<0><Console><Console>" changed cvar (cvar "sv_mincmdrate") (value "128")
L 06/21/2020 - 12:13:43: [basecommands.smx] "Console<0><Console><Console>" changed cvar (cvar "sv_minupdaterate") (value "128")
L 06/21/2020 - 12:13:43: [basecommands.smx] "Console<0><Console><Console>" changed cvar (cvar "sv_maxupdaterate") (value "128")
L 06/21/2020 - 12:13:43: [basecommands.smx] "Console<0><Console><Console>" changed cvar (cvar "sv_maxunlag") (value "0.5")
L 06/21/2020 - 12:13:43: [basecommands.smx] "Console<0><Console><Console>" changed cvar (cvar "sv_unlag") (value "1")
L 06/21/2020 - 12:13:44: [chat-processor.smx] Message formats generated for game 'csgo'.
L 06/21/2020 - 12:13:44: [chat-processor.smx] Successfully hooked a SayText2 chat hook.
L 06/21/2020 - 12:13:45: [weapons.smx] Inactive players' data has been deleted
L 06/21/2020 - 12:30:09: [mapchooser.smx] Voting for next map has started.
L 06/21/2020 - 12:30:15: [mapchooser.smx] Voting for next map has finished. Nextmap: de_overpass.
L 06/21/2020 - 12:32:20: [SM] Changed map to "de_overpass"
L 06/21/2020 - 12:32:21: -------- Mapchange to de_overpass --------
L 06/21/2020 - 12:32:23: [basecommands.smx] "Console<0><Console><Console>" changed cvar (cvar "sv_maxrate") (value "128000")
L 06/21/2020 - 12:32:23: [basecommands.smx] "Console<0><Console><Console>" changed cvar (cvar "sv_minrate") (value "128000")
L 06/21/2020 - 12:32:23: [basecommands.smx] "Console<0><Console><Console>" changed cvar (cvar "sv_maxcmdrate") (value "128")
L 06/21/2020 - 12:32:23: [basecommands.smx] "Console<0><Console><Console>" changed cvar (cvar "sv_mincmdrate") (value "128")
L 06/21/2020 - 12:32:23: [basecommands.smx] "Console<0><Console><Console>" changed cvar (cvar "sv_minupdaterate") (value "128")
L 06/21/2020 - 12:32:23: [basecommands.smx] "Console<0><Console><Console>" changed cvar (cvar "sv_maxupdaterate") (value "128")
L 06/21/2020 - 12:32:23: [basecommands.smx] "Console<0><Console><Console>" changed cvar (cvar "sv_maxunlag") (value "0.5")
L 06/21/2020 - 12:32:23: [basecommands.smx] "Console<0><Console><Console>" changed cvar (cvar "sv_unlag") (value "1")
L 06/21/2020 - 12:32:24: [chat-processor.smx] Message formats generated for game 'csgo'.
L 06/21/2020 - 12:32:24: [chat-processor.smx] Successfully hooked a SayText2 chat hook.
L 06/21/2020 - 12:32:26: [weapons.smx] Inactive players' data has been deleted
L 06/21/2020 - 12:40:09: [mapchooser.smx] Starting map vote because outside request
L 06/21/2020 - 12:40:09: [mapchooser.smx] Voting for next map has started.
L 06/21/2020 - 12:40:29: [mapchooser.smx] Voting for next map has finished. Nextmap: de_vertigo.
L 06/21/2020 - 12:40:31: [SM] Changed map to "de_vertigo"
L 06/21/2020 - 12:40:32: -------- Mapchange to de_vertigo --------
L 06/21/2020 - 12:40:35: [basecommands.smx] "Console<0><Console><Console>" changed cvar (cvar "sv_maxrate") (value "128000")
L 06/21/2020 - 12:40:35: [basecommands.smx] "Console<0><Console><Console>" changed cvar (cvar "sv_minrate") (value "128000")
L 06/21/2020 - 12:40:35: [basecommands.smx] "Console<0><Console><Console>" changed cvar (cvar "sv_maxcmdrate") (value "128")
L 06/21/2020 - 12:40:35: [basecommands.smx] "Console<0><Console><Console>" changed cvar (cvar "sv_mincmdrate") (value "128")
L 06/21/2020 - 12:40:35: [basecommands.smx] "Console<0><Console><Console>" changed cvar (cvar "sv_minupdaterate") (value "128")
L 06/21/2020 - 12:40:35: [basecommands.smx] "Console<0><Console><Console>" changed cvar (cvar "sv_maxupdaterate") (value "128")
L 06/21/2020 - 12:40:35: [basecommands.smx] "Console<0><Console><Console>" changed cvar (cvar "sv_maxunlag") (value "0.5")
L 06/21/2020 - 12:40:35: [basecommands.smx] "Console<0><Console><Console>" changed cvar (cvar "sv_unlag") (value "1")
L 06/21/2020 - 12:40:36: [chat-processor.smx] Message formats generated for game 'csgo'.
L 06/21/2020 - 12:40:36: [chat-processor.smx] Successfully hooked a SayText2 chat hook.
L 06/21/2020 - 12:40:38: [weapons.smx] Inactive players' data has been deleted
L 06/21/2020 - 12:57:03: [mapchooser.smx] Voting for next map has started.
L 06/21/2020 - 12:57:12: [mapchooser.smx] Voting for next map has finished. Nextmap: de_dust2.
L 06/21/2020 - 12:59:10: [SM] Changed map to "de_dust2"
L 06/21/2020 - 12:59:15: -------- Mapchange to de_dust2 --------
L 06/21/2020 - 12:59:17: [basecommands.smx] "Console<0><Console><Console>" changed cvar (cvar "sv_maxrate") (value "128000")
L 06/21/2020 - 12:59:17: [basecommands.smx] "Console<0><Console><Console>" changed cvar (cvar "sv_minrate") (value "128000")
L 06/21/2020 - 12:59:17: [basecommands.smx] "Console<0><Console><Console>" changed cvar (cvar "sv_maxcmdrate") (value "128")
L 06/21/2020 - 12:59:17: [basecommands.smx] "Console<0><Console><Console>" changed cvar (cvar "sv_mincmdrate") (value "128")
L 06/21/2020 - 12:59:17: [basecommands.smx] "Console<0><Console><Console>" changed cvar (cvar "sv_minupdaterate") (value "128")
L 06/21/2020 - 12:59:17: [basecommands.smx] "Console<0><Console><Console>" changed cvar (cvar "sv_maxupdaterate") (value "128")
L 06/21/2020 - 12:59:17: [basecommands.smx] "Console<0><Console><Console>" changed cvar (cvar "sv_maxunlag") (value "0.5")
L 06/21/2020 - 12:59:17: [basecommands.smx] "Console<0><Console><Console>" changed cvar (cvar "sv_unlag") (value "1")
L 06/21/2020 - 12:59:18: [chat-processor.smx] Message formats generated for game 'csgo'.
L 06/21/2020 - 12:59:18: [chat-processor.smx] Successfully hooked a SayText2 chat hook.
L 06/21/2020 - 12:59:19: [weapons.smx] Inactive players' data has been deleted
L 06/21/2020 - 13:13:27: [mapchooser.smx] Voting for next map has started.
L 06/21/2020 - 13:13:40: [mapchooser.smx] Voting for next map has finished. Nextmap: de_cache.
L 06/21/2020 - 13:15:48: [SM] Changed map to "de_cache"
L 06/21/2020 - 13:15:53: -------- Mapchange to de_cache --------
L 06/21/2020 - 13:15:56: [basecommands.smx] "Console<0><Console><Console>" changed cvar (cvar "sv_maxrate") (value "128000")
L 06/21/2020 - 13:15:56: [basecommands.smx] "Console<0><Console><Console>" changed cvar (cvar "sv_minrate") (value "128000")
L 06/21/2020 - 13:15:56: [basecommands.smx] "Console<0><Console><Console>" changed cvar (cvar "sv_maxcmdrate") (value "128")
L 06/21/2020 - 13:15:56: [basecommands.smx] "Console<0><Console><Console>" changed cvar (cvar "sv_mincmdrate") (value "128")
L 06/21/2020 - 13:15:56: [basecommands.smx] "Console<0><Console><Console>" changed cvar (cvar "sv_minupdaterate") (value "128")
L 06/21/2020 - 13:15:56: [basecommands.smx] "Console<0><Console><Console>" changed cvar (cvar "sv_maxupdaterate") (value "128")
L 06/21/2020 - 13:15:56: [basecommands.smx] "Console<0><Console><Console>" changed cvar (cvar "sv_maxunlag") (value "0.5")
L 06/21/2020 - 13:15:56: [basecommands.smx] "Console<0><Console><Console>" changed cvar (cvar "sv_unlag") (value "1")
L 06/21/2020 - 13:15:56: [chat-processor.smx] Message formats generated for game 'csgo'.
L 06/21/2020 - 13:15:56: [chat-processor.smx] Successfully hooked a SayText2 chat hook.
L 06/21/2020 - 13:15:58: [weapons.smx] Inactive players' data has been deleted
L 06/21/2020 - 13:32:13: [mapchooser.smx] Voting for next map has started.
L 06/21/2020 - 13:32:34: [mapchooser.smx] Voting for next map has finished. Nextmap: de_nuke.
L 06/21/2020 - 13:33:51: [SM] Changed map to "de_nuke"
L 06/21/2020 - 13:33:55: -------- Mapchange to de_nuke --------
L 06/21/2020 - 13:33:58: [basecommands.smx] "Console<0><Console><Console>" changed cvar (cvar "sv_maxrate") (value "128000")
L 06/21/2020 - 13:33:58: [basecommands.smx] "Console<0><Console><Console>" changed cvar (cvar "sv_minrate") (value "128000")
L 06/21/2020 - 13:33:58: [basecommands.smx] "Console<0><Console><Console>" changed cvar (cvar "sv_maxcmdrate") (value "128")
L 06/21/2020 - 13:33:58: [basecommands.smx] "Console<0><Console><Console>" changed cvar (cvar "sv_mincmdrate") (value "128")
L 06/21/2020 - 13:33:58: [basecommands.smx] "Console<0><Console><Console>" changed cvar (cvar "sv_minupdaterate") (value "128")
L 06/21/2020 - 13:33:58: [basecommands.smx] "Console<0><Console><Console>" changed cvar (cvar "sv_maxupdaterate") (value "128")
L 06/21/2020 - 13:33:58: [basecommands.smx] "Console<0><Console><Console>" changed cvar (cvar "sv_maxunlag") (value "0.5")
L 06/21/2020 - 13:33:58: [basecommands.smx] "Console<0><Console><Console>" changed cvar (cvar "sv_unlag") (value "1")
L 06/21/2020 - 13:33:58: [chat-processor.smx] Message formats generated for game 'csgo'.
L 06/21/2020 - 13:33:58: [chat-processor.smx] Successfully hooked a SayText2 chat hook.
L 06/21/2020 - 13:34:00: [weapons.smx] Inactive players' data has been deleted
L 06/21/2020 - 13:49:54: [mapchooser.smx] Voting for next map has started.
L 06/21/2020 - 13:50:00: [mapchooser.smx] Voting for next map has finished. Nextmap: de_train.
L 06/21/2020 - 13:51:19: [SM] Changed map to "de_train"
L 06/21/2020 - 13:51:21: -------- Mapchange to de_train --------
L 06/21/2020 - 13:51:23: [basecommands.smx] "Console<0><Console><Console>" changed cvar (cvar "sv_maxrate") (value "128000")
L 06/21/2020 - 13:51:23: [basecommands.smx] "Console<0><Console><Console>" changed cvar (cvar "sv_minrate") (value "128000")
L 06/21/2020 - 13:51:23: [basecommands.smx] "Console<0><Console><Console>" changed cvar (cvar "sv_maxcmdrate") (value "128")
L 06/21/2020 - 13:51:23: [basecommands.smx] "Console<0><Console><Console>" changed cvar (cvar "sv_mincmdrate") (value "128")
L 06/21/2020 - 13:51:23: [basecommands.smx] "Console<0><Console><Console>" changed cvar (cvar "sv_minupdaterate") (value "128")
L 06/21/2020 - 13:51:23: [basecommands.smx] "Console<0><Console><Console>" changed cvar (cvar "sv_maxupdaterate") (value "128")
L 06/21/2020 - 13:51:23: [basecommands.smx] "Console<0><Console><Console>" changed cvar (cvar "sv_maxunlag") (value "0.5")
L 06/21/2020 - 13:51:23: [basecommands.smx] "Console<0><Console><Console>" changed cvar (cvar "sv_unlag") (value "1")
L 06/21/2020 - 13:51:24: [chat-processor.smx] Message formats generated for game 'csgo'.
L 06/21/2020 - 13:51:24: [chat-processor.smx] Successfully hooked a SayText2 chat hook.
L 06/21/2020 - 13:51:25: [weapons.smx] Inactive players' data has been deleted
L 06/21/2020 - 14:08:17: [mapchooser.smx] Voting for next map has started.
L 06/21/2020 - 14:08:21: [mapchooser.smx] Voting for next map has finished. Nextmap: de_mirage.
L 06/21/2020 - 14:10:53: [SM] Changed map to "de_mirage"
L 06/21/2020 - 14:10:54: -------- Mapchange to de_mirage --------
L 06/21/2020 - 14:10:56: [basecommands.smx] "Console<0><Console><Console>" changed cvar (cvar "sv_maxrate") (value "128000")
L 06/21/2020 - 14:10:56: [basecommands.smx] "Console<0><Console><Console>" changed cvar (cvar "sv_minrate") (value "128000")
L 06/21/2020 - 14:10:56: [basecommands.smx] "Console<0><Console><Console>" changed cvar (cvar "sv_maxcmdrate") (value "128")
L 06/21/2020 - 14:10:56: [basecommands.smx] "Console<0><Console><Console>" changed cvar (cvar "sv_mincmdrate") (value "128")
L 06/21/2020 - 14:10:56: [basecommands.smx] "Console<0><Console><Console>" changed cvar (cvar "sv_minupdaterate") (value "128")
L 06/21/2020 - 14:10:56: [basecommands.smx] "Console<0><Console><Console>" changed cvar (cvar "sv_maxupdaterate") (value "128")
L 06/21/2020 - 14:10:56: [basecommands.smx] "Console<0><Console><Console>" changed cvar (cvar "sv_maxunlag") (value "0.5")
L 06/21/2020 - 14:10:56: [basecommands.smx] "Console<0><Console><Console>" changed cvar (cvar "sv_unlag") (value "1")
L 06/21/2020 - 14:10:57: [chat-processor.smx] Message formats generated for game 'csgo'.
L 06/21/2020 - 14:10:57: [chat-processor.smx] Successfully hooked a SayText2 chat hook.
L 06/21/2020 - 14:10:59: [weapons.smx] Inactive players' data has been deleted
L 06/21/2020 - 14:14:54: [basecomm.smx] "JAMES<2975><STEAM_1:1:78731091><>" gagged "snorkyyy^<2990><STEAM_1:1:487977204><>"
L 06/21/2020 - 14:27:36: [mapchooser.smx] Voting for next map has started.
L 06/21/2020 - 14:27:45: [mapchooser.smx] Voting for next map has finished. Nextmap: de_inferno.
L 06/21/2020 - 14:29:52: [SM] Changed map to "de_inferno"
L 06/21/2020 - 14:29:53: -------- Mapchange to de_inferno --------
L 06/21/2020 - 14:29:56: [basecommands.smx] "Console<0><Console><Console>" changed cvar (cvar "sv_maxrate") (value "128000")
L 06/21/2020 - 14:29:56: [basecommands.smx] "Console<0><Console><Console>" changed cvar (cvar "sv_minrate") (value "128000")
L 06/21/2020 - 14:29:56: [basecommands.smx] "Console<0><Console><Console>" changed cvar (cvar "sv_maxcmdrate") (value "128")
L 06/21/2020 - 14:29:56: [basecommands.smx] "Console<0><Console><Console>" changed cvar (cvar "sv_mincmdrate") (value "128")
L 06/21/2020 - 14:29:56: [basecommands.smx] "Console<0><Console><Console>" changed cvar (cvar "sv_minupdaterate") (value "128")
L 06/21/2020 - 14:29:56: [basecommands.smx] "Console<0><Console><Console>" changed cvar (cvar "sv_maxupdaterate") (value "128")
L 06/21/2020 - 14:29:56: [basecommands.smx] "Console<0><Console><Console>" changed cvar (cvar "sv_maxunlag") (value "0.5")
L 06/21/2020 - 14:29:56: [basecommands.smx] "Console<0><Console><Console>" changed cvar (cvar "sv_unlag") (value "1")
L 06/21/2020 - 14:29:56: [chat-processor.smx] Message formats generated for game 'csgo'.
L 06/21/2020 - 14:29:56: [chat-processor.smx] Successfully hooked a SayText2 chat hook.
L 06/21/2020 - 14:29:58: [weapons.smx] Inactive players' data has been deleted
L 06/21/2020 - 14:46:37: [mapchooser.smx] Voting for next map has started.
L 06/21/2020 - 14:46:44: [mapchooser.smx] Voting for next map has finished. Nextmap: de_overpass.
L 06/21/2020 - 14:48:17: [SM] Changed map to "de_overpass"
L 06/21/2020 - 14:48:18: -------- Mapchange to de_overpass --------
L 06/21/2020 - 14:48:21: [basecommands.smx] "Console<0><Console><Console>" changed cvar (cvar "sv_maxrate") (value "128000")
L 06/21/2020 - 14:48:21: [basecommands.smx] "Console<0><Console><Console>" changed cvar (cvar "sv_minrate") (value "128000")
L 06/21/2020 - 14:48:21: [basecommands.smx] "Console<0><Console><Console>" changed cvar (cvar "sv_maxcmdrate") (value "128")
L 06/21/2020 - 14:48:21: [basecommands.smx] "Console<0><Console><Console>" changed cvar (cvar "sv_mincmdrate") (value "128")
L 06/21/2020 - 14:48:21: [basecommands.smx] "Console<0><Console><Console>" changed cvar (cvar "sv_minupdaterate") (value "128")
L 06/21/2020 - 14:48:21: [basecommands.smx] "Console<0><Console><Console>" changed cvar (cvar "sv_maxupdaterate") (value "128")
L 06/21/2020 - 14:48:21: [basecommands.smx] "Console<0><Console><Console>" changed cvar (cvar "sv_maxunlag") (value "0.5")
L 06/21/2020 - 14:48:21: [basecommands.smx] "Console<0><Console><Console>" changed cvar (cvar "sv_unlag") (value "1")
L 06/21/2020 - 14:48:22: [chat-processor.smx] Message formats generated for game 'csgo'.
L 06/21/2020 - 14:48:22: [chat-processor.smx] Successfully hooked a SayText2 chat hook.
L 06/21/2020 - 14:48:22: [weapons.smx] Inactive players' data has been deleted
L 06/21/2020 - 15:03:34: [mapchooser.smx] Voting for next map has started.
L 06/21/2020 - 15:03:44: [mapchooser.smx] Voting for next map has finished. Nextmap: de_dust2.
L 06/21/2020 - 15:06:06: [SM] Changed map to "de_dust2"
L 06/21/2020 - 15:06:09: -------- Mapchange to de_dust2 --------
L 06/21/2020 - 15:06:12: [basecommands.smx] "Console<0><Console><Console>" changed cvar (cvar "sv_maxrate") (value "128000")
L 06/21/2020 - 15:06:12: [basecommands.smx] "Console<0><Console><Console>" changed cvar (cvar "sv_minrate") (value "128000")
L 06/21/2020 - 15:06:12: [basecommands.smx] "Console<0><Console><Console>" changed cvar (cvar "sv_maxcmdrate") (value "128")
L 06/21/2020 - 15:06:12: [basecommands.smx] "Console<0><Console><Console>" changed cvar (cvar "sv_mincmdrate") (value "128")
L 06/21/2020 - 15:06:12: [basecommands.smx] "Console<0><Console><Console>" changed cvar (cvar "sv_minupdaterate") (value "128")
L 06/21/2020 - 15:06:12: [basecommands.smx] "Console<0><Console><Console>" changed cvar (cvar "sv_maxupdaterate") (value "128")
L 06/21/2020 - 15:06:12: [basecommands.smx] "Console<0><Console><Console>" changed cvar (cvar "sv_maxunlag") (value "0.5")
L 06/21/2020 - 15:06:12: [basecommands.smx] "Console<0><Console><Console>" changed cvar (cvar "sv_unlag") (value "1")
L 06/21/2020 - 15:06:12: [chat-processor.smx] Message formats generated for game 'csgo'.
L 06/21/2020 - 15:06:12: [chat-processor.smx] Successfully hooked a SayText2 chat hook.
L 06/21/2020 - 15:06:14: [weapons.smx] Inactive players' data has been deleted
L 06/21/2020 - 15:21:58: [mapchooser.smx] Voting for next map has started.
L 06/21/2020 - 15:22:19: [mapchooser.smx] Voting for next map has finished. Nextmap: de_vertigo.
L 06/21/2020 - 15:26:25: [rockthevote.smx] RTV changing map manually
L 06/21/2020 - 15:26:25: [SM] Changed map to "de_vertigo"
L 06/21/2020 - 15:26:26: -------- Mapchange to de_vertigo --------
L 06/21/2020 - 15:26:28: [basecommands.smx] "Console<0><Console><Console>" changed cvar (cvar "sv_maxrate") (value "128000")
L 06/21/2020 - 15:26:28: [basecommands.smx] "Console<0><Console><Console>" changed cvar (cvar "sv_minrate") (value "128000")
L 06/21/2020 - 15:26:28: [basecommands.smx] "Console<0><Console><Console>" changed cvar (cvar "sv_maxcmdrate") (value "128")
L 06/21/2020 - 15:26:28: [basecommands.smx] "Console<0><Console><Console>" changed cvar (cvar "sv_mincmdrate") (value "128")
L 06/21/2020 - 15:26:28: [basecommands.smx] "Console<0><Console><Console>" changed cvar (cvar "sv_minupdaterate") (value "128")
L 06/21/2020 - 15:26:28: [basecommands.smx] "Console<0><Console><Console>" changed cvar (cvar "sv_maxupdaterate") (value "128")
L 06/21/2020 - 15:26:28: [basecommands.smx] "Console<0><Console><Console>" changed cvar (cvar "sv_maxunlag") (value "0.5")
L 06/21/2020 - 15:26:28: [basecommands.smx] "Console<0><Console><Console>" changed cvar (cvar "sv_unlag") (value "1")
L 06/21/2020 - 15:26:29: [chat-processor.smx] Message formats generated for game 'csgo'.
L 06/21/2020 - 15:26:29: [chat-processor.smx] Successfully hooked a SayText2 chat hook.
L 06/21/2020 - 15:26:30: [weapons.smx] Inactive players' data has been deleted
L 06/21/2020 - 15:41:11: [mapchooser.smx] Voting for next map has started.
L 06/21/2020 - 15:41:32: [mapchooser.smx] Voting for next map has finished. Nextmap: de_nuke.
L 06/21/2020 - 15:43:16: [SM] Changed map to "de_nuke"
L 06/21/2020 - 15:43:19: -------- Mapchange to de_nuke --------
L 06/21/2020 - 15:43:21: [basecommands.smx] "Console<0><Console><Console>" changed cvar (cvar "sv_maxrate") (value "128000")
L 06/21/2020 - 15:43:21: [basecommands.smx] "Console<0><Console><Console>" changed cvar (cvar "sv_minrate") (value "128000")
L 06/21/2020 - 15:43:21: [basecommands.smx] "Console<0><Console><Console>" changed cvar (cvar "sv_maxcmdrate") (value "128")
L 06/21/2020 - 15:43:21: [basecommands.smx] "Console<0><Console><Console>" changed cvar (cvar "sv_mincmdrate") (value "128")
L 06/21/2020 - 15:43:21: [basecommands.smx] "Console<0><Console><Console>" changed cvar (cvar "sv_minupdaterate") (value "128")
L 06/21/2020 - 15:43:21: [basecommands.smx] "Console<0><Console><Console>" changed cvar (cvar "sv_maxupdaterate") (value "128")
L 06/21/2020 - 15:43:21: [basecommands.smx] "Console<0><Console><Console>" changed cvar (cvar "sv_maxunlag") (value "0.5")
L 06/21/2020 - 15:43:21: [basecommands.smx] "Console<0><Console><Console>" changed cvar (cvar "sv_unlag") (value "1")
L 06/21/2020 - 15:43:22: [chat-processor.smx] Message formats generated for game 'csgo'.
L 06/21/2020 - 15:43:22: [chat-processor.smx] Successfully hooked a SayText2 chat hook.
L 06/21/2020 - 15:43:23: [weapons.smx] Inactive players' data has been deleted
L 06/21/2020 - 15:59:51: [mapchooser.smx] Voting for next map has started.
L 06/21/2020 - 16:00:11: [mapchooser.smx] Voting for next map has finished. Nextmap: de_cache.
L 06/21/2020 - 16:02:13: [SM] Changed map to "de_cache"
L 06/21/2020 - 16:02:17: -------- Mapchange to de_cache --------
L 06/21/2020 - 16:02:20: [basecommands.smx] "Console<0><Console><Console>" changed cvar (cvar "sv_maxrate") (value "128000")
L 06/21/2020 - 16:02:20: [basecommands.smx] "Console<0><Console><Console>" changed cvar (cvar "sv_minrate") (value "128000")
L 06/21/2020 - 16:02:20: [basecommands.smx] "Console<0><Console><Console>" changed cvar (cvar "sv_maxcmdrate") (value "128")
L 06/21/2020 - 16:02:20: [basecommands.smx] "Console<0><Console><Console>" changed cvar (cvar "sv_mincmdrate") (value "128")
L 06/21/2020 - 16:02:20: [basecommands.smx] "Console<0><Console><Console>" changed cvar (cvar "sv_minupdaterate") (value "128")
L 06/21/2020 - 16:02:20: [basecommands.smx] "Console<0><Console><Console>" changed cvar (cvar "sv_maxupdaterate") (value "128")
L 06/21/2020 - 16:02:20: [basecommands.smx] "Console<0><Console><Console>" changed cvar (cvar "sv_maxunlag") (value "0.5")
L 06/21/2020 - 16:02:20: [basecommands.smx] "Console<0><Console><Console>" changed cvar (cvar "sv_unlag") (value "1")
L 06/21/2020 - 16:02:20: [chat-processor.smx] Message formats generated for game 'csgo'.
L 06/21/2020 - 16:02:20: [chat-processor.smx] Successfully hooked a SayText2 chat hook.
L 06/21/2020 - 16:02:22: [weapons.smx] Inactive players' data has been deleted
L 06/21/2020 - 16:18:13: [mapchooser.smx] Voting for next map has started.
L 06/21/2020 - 16:18:15: [mapchooser.smx] Voting for next map has finished. Nextmap: de_mirage.
L 06/21/2020 - 16:20:35: [SM] Changed map to "de_mirage"
L 06/21/2020 - 16:20:36: -------- Mapchange to de_mirage --------
L 06/21/2020 - 16:20:38: [basecommands.smx] "Console<0><Console><Console>" changed cvar (cvar "sv_maxrate") (value "128000")
L 06/21/2020 - 16:20:38: [basecommands.smx] "Console<0><Console><Console>" changed cvar (cvar "sv_minrate") (value "128000")
L 06/21/2020 - 16:20:38: [basecommands.smx] "Console<0><Console><Console>" changed cvar (cvar "sv_maxcmdrate") (value "128")
L 06/21/2020 - 16:20:38: [basecommands.smx] "Console<0><Console><Console>" changed cvar (cvar "sv_mincmdrate") (value "128")
L 06/21/2020 - 16:20:38: [basecommands.smx] "Console<0><Console><Console>" changed cvar (cvar "sv_minupdaterate") (value "128")
L 06/21/2020 - 16:20:38: [basecommands.smx] "Console<0><Console><Console>" changed cvar (cvar "sv_maxupdaterate") (value "128")
L 06/21/2020 - 16:20:38: [basecommands.smx] "Console<0><Console><Console>" changed cvar (cvar "sv_maxunlag") (value "0.5")
L 06/21/2020 - 16:20:38: [basecommands.smx] "Console<0><Console><Console>" changed cvar (cvar "sv_unlag") (value "1")
L 06/21/2020 - 16:20:39: [chat-processor.smx] Message formats generated for game 'csgo'.
L 06/21/2020 - 16:20:39: [chat-processor.smx] Successfully hooked a SayText2 chat hook.
L 06/21/2020 - 16:20:40: [weapons.smx] Inactive players' data has been deleted
L 06/21/2020 - 16:33:32: [mapchooser.smx] Voting for next map has started.
L 06/21/2020 - 16:33:37: [mapchooser.smx] Voting for next map has finished. Nextmap: de_inferno.
L 06/21/2020 - 17:13:53: [SM] Changed map to "de_inferno"
L 06/21/2020 - 17:13:54: -------- Mapchange to de_inferno --------
L 06/21/2020 - 17:13:56: [basecommands.smx] "Console<0><Console><Console>" changed cvar (cvar "sv_maxrate") (value "128000")
L 06/21/2020 - 17:13:56: [basecommands.smx] "Console<0><Console><Console>" changed cvar (cvar "sv_minrate") (value "128000")
L 06/21/2020 - 17:13:56: [basecommands.smx] "Console<0><Console><Console>" changed cvar (cvar "sv_maxcmdrate") (value "128")
L 06/21/2020 - 17:13:56: [basecommands.smx] "Console<0><Console><Console>" changed cvar (cvar "sv_mincmdrate") (value "128")
L 06/21/2020 - 17:13:56: [basecommands.smx] "Console<0><Console><Console>" changed cvar (cvar "sv_minupdaterate") (value "128")
L 06/21/2020 - 17:13:56: [basecommands.smx] "Console<0><Console><Console>" changed cvar (cvar "sv_maxupdaterate") (value "128")
L 06/21/2020 - 17:13:56: [basecommands.smx] "Console<0><Console><Console>" changed cvar (cvar "sv_maxunlag") (value "0.5")
L 06/21/2020 - 17:13:56: [basecommands.smx] "Console<0><Console><Console>" changed cvar (cvar "sv_unlag") (value "1")
L 06/21/2020 - 17:13:57: [chat-processor.smx] Message formats generated for game 'csgo'.
L 06/21/2020 - 17:13:57: [chat-processor.smx] Successfully hooked a SayText2 chat hook.
L 06/21/2020 - 17:13:59: [weapons.smx] Inactive players' data has been deleted
L 06/21/2020 - 17:32:15: [mapchooser.smx] Voting for next map has started.
L 06/21/2020 - 17:32:35: [mapchooser.smx] Voting for next map has finished. Nextmap: de_overpass.
L 06/21/2020 - 17:35:25: [SM] Changed map to "de_overpass"
L 06/21/2020 - 17:35:26: -------- Mapchange to de_overpass --------
L 06/21/2020 - 17:35:28: [basecommands.smx] "Console<0><Console><Console>" changed cvar (cvar "sv_maxrate") (value "128000")
L 06/21/2020 - 17:35:28: [basecommands.smx] "Console<0><Console><Console>" changed cvar (cvar "sv_minrate") (value "128000")
L 06/21/2020 - 17:35:28: [basecommands.smx] "Console<0><Console><Console>" changed cvar (cvar "sv_maxcmdrate") (value "128")
L 06/21/2020 - 17:35:28: [basecommands.smx] "Console<0><Console><Console>" changed cvar (cvar "sv_mincmdrate") (value "128")
L 06/21/2020 - 17:35:28: [basecommands.smx] "Console<0><Console><Console>" changed cvar (cvar "sv_minupdaterate") (value "128")
L 06/21/2020 - 17:35:28: [basecommands.smx] "Console<0><Console><Console>" changed cvar (cvar "sv_maxupdaterate") (value "128")
L 06/21/2020 - 17:35:28: [basecommands.smx] "Console<0><Console><Console>" changed cvar (cvar "sv_maxunlag") (value "0.5")
L 06/21/2020 - 17:35:28: [basecommands.smx] "Console<0><Console><Console>" changed cvar (cvar "sv_unlag") (value "1")
L 06/21/2020 - 17:35:29: [chat-processor.smx] Message formats generated for game 'csgo'.
L 06/21/2020 - 17:35:29: [chat-processor.smx] Successfully hooked a SayText2 chat hook.
L 06/21/2020 - 17:35:32: [weapons.smx] Inactive players' data has been deleted
L 06/21/2020 - 17:50:35: [mapchooser.smx] Voting for next map has started.
L 06/21/2020 - 17:50:39: [mapchooser.smx] Voting for next map has finished. Nextmap: de_dust2.
L 06/21/2020 - 17:52:16: [SM] Changed map to "de_dust2"
L 06/21/2020 - 17:52:19: -------- Mapchange to de_dust2 --------
L 06/21/2020 - 17:52:22: [basecommands.smx] "Console<0><Console><Console>" changed cvar (cvar "sv_maxrate") (value "128000")
L 06/21/2020 - 17:52:22: [basecommands.smx] "Console<0><Console><Console>" changed cvar (cvar "sv_minrate") (value "128000")
L 06/21/2020 - 17:52:22: [basecommands.smx] "Console<0><Console><Console>" changed cvar (cvar "sv_maxcmdrate") (value "128")
L 06/21/2020 - 17:52:22: [basecommands.smx] "Console<0><Console><Console>" changed cvar (cvar "sv_mincmdrate") (value "128")
L 06/21/2020 - 17:52:22: [basecommands.smx] "Console<0><Console><Console>" changed cvar (cvar "sv_minupdaterate") (value "128")
L 06/21/2020 - 17:52:22: [basecommands.smx] "Console<0><Console><Console>" changed cvar (cvar "sv_maxupdaterate") (value "128")
L 06/21/2020 - 17:52:22: [basecommands.smx] "Console<0><Console><Console>" changed cvar (cvar "sv_maxunlag") (value "0.5")
L 06/21/2020 - 17:52:22: [basecommands.smx] "Console<0><Console><Console>" changed cvar (cvar "sv_unlag") (value "1")
L 06/21/2020 - 17:52:22: [chat-processor.smx] Message formats generated for game 'csgo'.
L 06/21/2020 - 17:52:22: [chat-processor.smx] Successfully hooked a SayText2 chat hook.
L 06/21/2020 - 17:52:24: [weapons.smx] Inactive players' data has been deleted
L 06/21/2020 - 18:09:12: [mapchooser.smx] Voting for next map has started.
L 06/21/2020 - 18:09:19: [mapchooser.smx] Voting for next map has finished. Nextmap: de_train.
L 06/21/2020 - 18:11:33: [SM] Changed map to "de_train"
L 06/21/2020 - 18:11:34: -------- Mapchange to de_train --------
L 06/21/2020 - 18:11:37: [basecommands.smx] "Console<0><Console><Console>" changed cvar (cvar "sv_maxrate") (value "128000")
L 06/21/2020 - 18:11:37: [basecommands.smx] "Console<0><Console><Console>" changed cvar (cvar "sv_minrate") (value "128000")
L 06/21/2020 - 18:11:37: [basecommands.smx] "Console<0><Console><Console>" changed cvar (cvar "sv_maxcmdrate") (value "128")
L 06/21/2020 - 18:11:37: [basecommands.smx] "Console<0><Console><Console>" changed cvar (cvar "sv_mincmdrate") (value "128")
L 06/21/2020 - 18:11:37: [basecommands.smx] "Console<0><Console><Console>" changed cvar (cvar "sv_minupdaterate") (value "128")
L 06/21/2020 - 18:11:37: [basecommands.smx] "Console<0><Console><Console>" changed cvar (cvar "sv_maxupdaterate") (value "128")
L 06/21/2020 - 18:11:37: [basecommands.smx] "Console<0><Console><Console>" changed cvar (cvar "sv_maxunlag") (value "0.5")
L 06/21/2020 - 18:11:37: [basecommands.smx] "Console<0><Console><Console>" changed cvar (cvar "sv_unlag") (value "1")
L 06/21/2020 - 18:11:37: [chat-processor.smx] Message formats generated for game 'csgo'.
L 06/21/2020 - 18:11:37: [chat-processor.smx] Successfully hooked a SayText2 chat hook.
L 06/21/2020 - 18:11:39: [weapons.smx] Inactive players' data has been deleted
L 06/21/2020 - 18:26:49: [mapchooser.smx] Voting for next map has started.
L 06/21/2020 - 18:27:05: [mapchooser.smx] Voting for next map has finished. Nextmap: de_nuke.
L 06/21/2020 - 18:48:36: [SM] Changed map to "de_nuke"
L 06/21/2020 - 18:48:39: -------- Mapchange to de_nuke --------
L 06/21/2020 - 18:48:41: [basecommands.smx] "Console<0><Console><Console>" changed cvar (cvar "sv_maxrate") (value "128000")
L 06/21/2020 - 18:48:41: [basecommands.smx] "Console<0><Console><Console>" changed cvar (cvar "sv_minrate") (value "128000")
L 06/21/2020 - 18:48:41: [basecommands.smx] "Console<0><Console><Console>" changed cvar (cvar "sv_maxcmdrate") (value "128")
L 06/21/2020 - 18:48:41: [basecommands.smx] "Console<0><Console><Console>" changed cvar (cvar "sv_mincmdrate") (value "128")
L 06/21/2020 - 18:48:41: [basecommands.smx] "Console<0><Console><Console>" changed cvar (cvar "sv_minupdaterate") (value "128")
L 06/21/2020 - 18:48:41: [basecommands.smx] "Console<0><Console><Console>" changed cvar (cvar "sv_maxupdaterate") (value "128")
L 06/21/2020 - 18:48:41: [basecommands.smx] "Console<0><Console><Console>" changed cvar (cvar "sv_maxunlag") (value "0.5")
L 06/21/2020 - 18:48:41: [basecommands.smx] "Console<0><Console><Console>" changed cvar (cvar "sv_unlag") (value "1")
L 06/21/2020 - 18:48:42: [chat-processor.smx] Message formats generated for game 'csgo'.
L 06/21/2020 - 18:48:42: [chat-processor.smx] Successfully hooked a SayText2 chat hook.
L 06/21/2020 - 18:48:43: [weapons.smx] Inactive players' data has been deleted
L 06/21/2020 - 19:06:57: [mapchooser.smx] Voting for next map has started.
L 06/21/2020 - 19:07:18: [mapchooser.smx] Voting for next map has finished. Nextmap: de_cache.
L 06/21/2020 - 19:08:38: [SM] Changed map to "de_cache"
L 06/21/2020 - 19:08:43: -------- Mapchange to de_cache --------
L 06/21/2020 - 19:08:45: [basecommands.smx] "Console<0><Console><Console>" changed cvar (cvar "sv_maxrate") (value "128000")
L 06/21/2020 - 19:08:45: [basecommands.smx] "Console<0><Console><Console>" changed cvar (cvar "sv_minrate") (value "128000")
L 06/21/2020 - 19:08:45: [basecommands.smx] "Console<0><Console><Console>" changed cvar (cvar "sv_maxcmdrate") (value "128")
L 06/21/2020 - 19:08:45: [basecommands.smx] "Console<0><Console><Console>" changed cvar (cvar "sv_mincmdrate") (value "128")
L 06/21/2020 - 19:08:45: [basecommands.smx] "Console<0><Console><Console>" changed cvar (cvar "sv_minupdaterate") (value "128")
L 06/21/2020 - 19:08:45: [basecommands.smx] "Console<0><Console><Console>" changed cvar (cvar "sv_maxupdaterate") (value "128")
L 06/21/2020 - 19:08:45: [basecommands.smx] "Console<0><Console><Console>" changed cvar (cvar "sv_maxunlag") (value "0.5")
L 06/21/2020 - 19:08:45: [basecommands.smx] "Console<0><Console><Console>" changed cvar (cvar "sv_unlag") (value "1")
L 06/21/2020 - 19:08:46: [chat-processor.smx] Message formats generated for game 'csgo'.
L 06/21/2020 - 19:08:46: [chat-processor.smx] Successfully hooked a SayText2 chat hook.
L 06/21/2020 - 19:08:48: [weapons.smx] Inactive players' data has been deleted
L 06/21/2020 - 19:25:35: [mapchooser.smx] Voting for next map has started.
L 06/21/2020 - 19:25:44: [mapchooser.smx] Voting for next map has finished. Nextmap: de_mirage.
L 06/21/2020 - 19:27:17: [SM] Changed map to "de_mirage"
L 06/21/2020 - 19:27:18: -------- Mapchange to de_mirage --------
L 06/21/2020 - 19:27:20: [basecommands.smx] "Console<0><Console><Console>" changed cvar (cvar "sv_maxrate") (value "128000")
L 06/21/2020 - 19:27:20: [basecommands.smx] "Console<0><Console><Console>" changed cvar (cvar "sv_minrate") (value "128000")
L 06/21/2020 - 19:27:20: [basecommands.smx] "Console<0><Console><Console>" changed cvar (cvar "sv_maxcmdrate") (value "128")
L 06/21/2020 - 19:27:20: [basecommands.smx] "Console<0><Console><Console>" changed cvar (cvar "sv_mincmdrate") (value "128")
L 06/21/2020 - 19:27:20: [basecommands.smx] "Console<0><Console><Console>" changed cvar (cvar "sv_minupdaterate") (value "128")
L 06/21/2020 - 19:27:20: [basecommands.smx] "Console<0><Console><Console>" changed cvar (cvar "sv_maxupdaterate") (value "128")
L 06/21/2020 - 19:27:20: [basecommands.smx] "Console<0><Console><Console>" changed cvar (cvar "sv_maxunlag") (value "0.5")
L 06/21/2020 - 19:27:20: [basecommands.smx] "Console<0><Console><Console>" changed cvar (cvar "sv_unlag") (value "1")
L 06/21/2020 - 19:27:21: [chat-processor.smx] Message formats generated for game 'csgo'.
L 06/21/2020 - 19:27:21: [chat-processor.smx] Successfully hooked a SayText2 chat hook.
L 06/21/2020 - 19:27:25: [weapons.smx] Inactive players' data has been deleted
L 06/21/2020 - 19:44:49: [mapchooser.smx] Voting for next map has started.
L 06/21/2020 - 19:45:10: [mapchooser.smx] Voting for next map has finished. Nextmap: de_inferno.
L 06/21/2020 - 19:47:02: [SM] Changed map to "de_inferno"
L 06/21/2020 - 19:47:03: -------- Mapchange to de_inferno --------
L 06/21/2020 - 19:47:05: [basecommands.smx] "Console<0><Console><Console>" changed cvar (cvar "sv_maxrate") (value "128000")
L 06/21/2020 - 19:47:05: [basecommands.smx] "Console<0><Console><Console>" changed cvar (cvar "sv_minrate") (value "128000")
L 06/21/2020 - 19:47:05: [basecommands.smx] "Console<0><Console><Console>" changed cvar (cvar "sv_maxcmdrate") (value "128")
L 06/21/2020 - 19:47:05: [basecommands.smx] "Console<0><Console><Console>" changed cvar (cvar "sv_mincmdrate") (value "128")
L 06/21/2020 - 19:47:05: [basecommands.smx] "Console<0><Console><Console>" changed cvar (cvar "sv_minupdaterate") (value "128")
L 06/21/2020 - 19:47:05: [basecommands.smx] "Console<0><Console><Console>" changed cvar (cvar "sv_maxupdaterate") (value "128")
L 06/21/2020 - 19:47:05: [basecommands.smx] "Console<0><Console><Console>" changed cvar (cvar "sv_maxunlag") (value "0.5")
L 06/21/2020 - 19:47:05: [basecommands.smx] "Console<0><Console><Console>" changed cvar (cvar "sv_unlag") (value "1")
L 06/21/2020 - 19:47:06: [chat-processor.smx] Message formats generated for game 'csgo'.
L 06/21/2020 - 19:47:06: [chat-processor.smx] Successfully hooked a SayText2 chat hook.
L 06/21/2020 - 19:47:08: [weapons.smx] Inactive players' data has been deleted
L 06/21/2020 - 20:03:39: [mapchooser.smx] Voting for next map has started.
L 06/21/2020 - 20:03:47: [mapchooser.smx] Voting for next map has finished. Nextmap: de_overpass.
L 06/21/2020 - 20:05:36: [SM] Changed map to "de_overpass"
L 06/21/2020 - 20:05:37: -------- Mapchange to de_overpass --------
L 06/21/2020 - 20:05:39: [basecommands.smx] "Console<0><Console><Console>" changed cvar (cvar "sv_maxrate") (value "128000")
L 06/21/2020 - 20:05:39: [basecommands.smx] "Console<0><Console><Console>" changed cvar (cvar "sv_minrate") (value "128000")
L 06/21/2020 - 20:05:39: [basecommands.smx] "Console<0><Console><Console>" changed cvar (cvar "sv_maxcmdrate") (value "128")
L 06/21/2020 - 20:05:39: [basecommands.smx] "Console<0><Console><Console>" changed cvar (cvar "sv_mincmdrate") (value "128")
L 06/21/2020 - 20:05:39: [basecommands.smx] "Console<0><Console><Console>" changed cvar (cvar "sv_minupdaterate") (value "128")
L 06/21/2020 - 20:05:39: [basecommands.smx] "Console<0><Console><Console>" changed cvar (cvar "sv_maxupdaterate") (value "128")
L 06/21/2020 - 20:05:39: [basecommands.smx] "Console<0><Console><Console>" changed cvar (cvar "sv_maxunlag") (value "0.5")
L 06/21/2020 - 20:05:39: [basecommands.smx] "Console<0><Console><Console>" changed cvar (cvar "sv_unlag") (value "1")
L 06/21/2020 - 20:05:40: [chat-processor.smx] Message formats generated for game 'csgo'.
L 06/21/2020 - 20:05:40: [chat-processor.smx] Successfully hooked a SayText2 chat hook.
L 06/21/2020 - 20:05:41: [weapons.smx] Inactive players' data has been deleted
L 06/21/2020 - 20:21:47: [mapchooser.smx] Voting for next map has started.
L 06/21/2020 - 20:22:07: [mapchooser.smx] Voting for next map has finished. Nextmap: de_dust2.
L 06/21/2020 - 20:23:26: [SM] Changed map to "de_dust2"
L 06/21/2020 - 20:23:29: -------- Mapchange to de_dust2 --------
L 06/21/2020 - 20:23:32: [basecommands.smx] "Console<0><Console><Console>" changed cvar (cvar "sv_maxrate") (value "128000")
L 06/21/2020 - 20:23:32: [basecommands.smx] "Console<0><Console><Console>" changed cvar (cvar "sv_minrate") (value "128000")
L 06/21/2020 - 20:23:32: [basecommands.smx] "Console<0><Console><Console>" changed cvar (cvar "sv_maxcmdrate") (value "128")
L 06/21/2020 - 20:23:32: [basecommands.smx] "Console<0><Console><Console>" changed cvar (cvar "sv_mincmdrate") (value "128")
L 06/21/2020 - 20:23:32: [basecommands.smx] "Console<0><Console><Console>" changed cvar (cvar "sv_minupdaterate") (value "128")
L 06/21/2020 - 20:23:32: [basecommands.smx] "Console<0><Console><Console>" changed cvar (cvar "sv_maxupdaterate") (value "128")
L 06/21/2020 - 20:23:32: [basecommands.smx] "Console<0><Console><Console>" changed cvar (cvar "sv_maxunlag") (value "0.5")
L 06/21/2020 - 20:23:32: [basecommands.smx] "Console<0><Console><Console>" changed cvar (cvar "sv_unlag") (value "1")
L 06/21/2020 - 20:23:32: [chat-processor.smx] Message formats generated for game 'csgo'.
L 06/21/2020 - 20:23:32: [chat-processor.smx] Successfully hooked a SayText2 chat hook.
L 06/21/2020 - 20:23:34: [weapons.smx] Inactive players' data has been deleted
L 06/21/2020 - 20:41:27: [mapchooser.smx] Voting for next map has started.
L 06/21/2020 - 20:41:33: [mapchooser.smx] Voting for next map has finished. Nextmap: de_vertigo.
L 06/21/2020 - 20:43:44: [SM] Changed map to "de_vertigo"
L 06/21/2020 - 20:43:46: -------- Mapchange to de_vertigo --------
L 06/21/2020 - 20:43:48: [basecommands.smx] "Console<0><Console><Console>" changed cvar (cvar "sv_maxrate") (value "128000")
L 06/21/2020 - 20:43:48: [basecommands.smx] "Console<0><Console><Console>" changed cvar (cvar "sv_minrate") (value "128000")
L 06/21/2020 - 20:43:48: [basecommands.smx] "Console<0><Console><Console>" changed cvar (cvar "sv_maxcmdrate") (value "128")
L 06/21/2020 - 20:43:48: [basecommands.smx] "Console<0><Console><Console>" changed cvar (cvar "sv_mincmdrate") (value "128")
L 06/21/2020 - 20:43:48: [basecommands.smx] "Console<0><Console><Console>" changed cvar (cvar "sv_minupdaterate") (value "128")
L 06/21/2020 - 20:43:48: [basecommands.smx] "Console<0><Console><Console>" changed cvar (cvar "sv_maxupdaterate") (value "128")
L 06/21/2020 - 20:43:48: [basecommands.smx] "Console<0><Console><Console>" changed cvar (cvar "sv_maxunlag") (value "0.5")
L 06/21/2020 - 20:43:48: [basecommands.smx] "Console<0><Console><Console>" changed cvar (cvar "sv_unlag") (value "1")
L 06/21/2020 - 20:43:49: [chat-processor.smx] Message formats generated for game 'csgo'.
L 06/21/2020 - 20:43:49: [chat-processor.smx] Successfully hooked a SayText2 chat hook.
L 06/21/2020 - 20:43:50: [weapons.smx] Inactive players' data has been deleted
L 06/21/2020 - 20:58:29: [mapchooser.smx] Voting for next map has started.
L 06/21/2020 - 20:58:40: [mapchooser.smx] Voting for next map has finished. Nextmap: de_nuke.
L 06/21/2020 - 21:00:24: [SM] Changed map to "de_nuke"
L 06/21/2020 - 21:00:26: -------- Mapchange to de_nuke --------
L 06/21/2020 - 21:00:29: [basecommands.smx] "Console<0><Console><Console>" changed cvar (cvar "sv_maxrate") (value "128000")
L 06/21/2020 - 21:00:29: [basecommands.smx] "Console<0><Console><Console>" changed cvar (cvar "sv_minrate") (value "128000")
L 06/21/2020 - 21:00:29: [basecommands.smx] "Console<0><Console><Console>" changed cvar (cvar "sv_maxcmdrate") (value "128")
L 06/21/2020 - 21:00:29: [basecommands.smx] "Console<0><Console><Console>" changed cvar (cvar "sv_mincmdrate") (value "128")
L 06/21/2020 - 21:00:29: [basecommands.smx] "Console<0><Console><Console>" changed cvar (cvar "sv_minupdaterate") (value "128")
L 06/21/2020 - 21:00:29: [basecommands.smx] "Console<0><Console><Console>" changed cvar (cvar "sv_maxupdaterate") (value "128")
L 06/21/2020 - 21:00:29: [basecommands.smx] "Console<0><Console><Console>" changed cvar (cvar "sv_maxunlag") (value "0.5")
L 06/21/2020 - 21:00:29: [basecommands.smx] "Console<0><Console><Console>" changed cvar (cvar "sv_unlag") (value "1")
L 06/21/2020 - 21:00:29: [chat-processor.smx] Message formats generated for game 'csgo'.
L 06/21/2020 - 21:00:29: [chat-processor.smx] Successfully hooked a SayText2 chat hook.
L 06/21/2020 - 21:00:31: [weapons.smx] Inactive players' data has been deleted
L 06/21/2020 - 21:17:28: [mapchooser.smx] Voting for next map has started.
L 06/21/2020 - 21:17:35: [mapchooser.smx] Voting for next map has finished. Nextmap: de_cache.
L 06/21/2020 - 21:19:19: [SM] Changed map to "de_cache"
L 06/21/2020 - 21:19:23: -------- Mapchange to de_cache --------
L 06/21/2020 - 21:19:26: [basecommands.smx] "Console<0><Console><Console>" changed cvar (cvar "sv_maxrate") (value "128000")
L 06/21/2020 - 21:19:26: [basecommands.smx] "Console<0><Console><Console>" changed cvar (cvar "sv_minrate") (value "128000")
L 06/21/2020 - 21:19:26: [basecommands.smx] "Console<0><Console><Console>" changed cvar (cvar "sv_maxcmdrate") (value "128")
L 06/21/2020 - 21:19:26: [basecommands.smx] "Console<0><Console><Console>" changed cvar (cvar "sv_mincmdrate") (value "128")
L 06/21/2020 - 21:19:26: [basecommands.smx] "Console<0><Console><Console>" changed cvar (cvar "sv_minupdaterate") (value "128")
L 06/21/2020 - 21:19:26: [basecommands.smx] "Console<0><Console><Console>" changed cvar (cvar "sv_maxupdaterate") (value "128")
L 06/21/2020 - 21:19:26: [basecommands.smx] "Console<0><Console><Console>" changed cvar (cvar "sv_maxunlag") (value "0.5")
L 06/21/2020 - 21:19:26: [basecommands.smx] "Console<0><Console><Console>" changed cvar (cvar "sv_unlag") (value "1")
L 06/21/2020 - 21:19:27: [chat-processor.smx] Message formats generated for game 'csgo'.
L 06/21/2020 - 21:19:27: [chat-processor.smx] Successfully hooked a SayText2 chat hook.
L 06/21/2020 - 21:19:29: [weapons.smx] Inactive players' data has been deleted
L 06/21/2020 - 21:35:35: [mapchooser.smx] Voting for next map has started.
L 06/21/2020 - 21:35:56: [mapchooser.smx] Voting for next map has finished. Nextmap: de_mirage.
L 06/21/2020 - 21:37:19: [SM] Changed map to "de_mirage"
L 06/21/2020 - 21:37:20: -------- Mapchange to de_mirage --------
L 06/21/2020 - 21:37:22: [basecommands.smx] "Console<0><Console><Console>" changed cvar (cvar "sv_maxrate") (value "128000")
L 06/21/2020 - 21:37:22: [basecommands.smx] "Console<0><Console><Console>" changed cvar (cvar "sv_minrate") (value "128000")
L 06/21/2020 - 21:37:22: [basecommands.smx] "Console<0><Console><Console>" changed cvar (cvar "sv_maxcmdrate") (value "128")
L 06/21/2020 - 21:37:22: [basecommands.smx] "Console<0><Console><Console>" changed cvar (cvar "sv_mincmdrate") (value "128")
L 06/21/2020 - 21:37:22: [basecommands.smx] "Console<0><Console><Console>" changed cvar (cvar "sv_minupdaterate") (value "128")
L 06/21/2020 - 21:37:22: [basecommands.smx] "Console<0><Console><Console>" changed cvar (cvar "sv_maxupdaterate") (value "128")
L 06/21/2020 - 21:37:22: [basecommands.smx] "Console<0><Console><Console>" changed cvar (cvar "sv_maxunlag") (value "0.5")
L 06/21/2020 - 21:37:22: [basecommands.smx] "Console<0><Console><Console>" changed cvar (cvar "sv_unlag") (value "1")
L 06/21/2020 - 21:37:23: [chat-processor.smx] Message formats generated for game 'csgo'.
L 06/21/2020 - 21:37:23: [chat-processor.smx] Successfully hooked a SayText2 chat hook.
L 06/21/2020 - 21:37:24: [weapons.smx] Inactive players' data has been deleted
L 06/21/2020 - 21:54:22: [mapchooser.smx] Voting for next map has started.
L 06/21/2020 - 21:54:26: [mapchooser.smx] Voting for next map has finished. Nextmap: de_inferno.
L 06/21/2020 - 21:56:40: [SM] Changed map to "de_inferno"
L 06/21/2020 - 21:56:41: -------- Mapchange to de_inferno --------
L 06/21/2020 - 21:56:43: [basecommands.smx] "Console<0><Console><Console>" changed cvar (cvar "sv_maxrate") (value "128000")
L 06/21/2020 - 21:56:43: [basecommands.smx] "Console<0><Console><Console>" changed cvar (cvar "sv_minrate") (value "128000")
L 06/21/2020 - 21:56:43: [basecommands.smx] "Console<0><Console><Console>" changed cvar (cvar "sv_maxcmdrate") (value "128")
L 06/21/2020 - 21:56:43: [basecommands.smx] "Console<0><Console><Console>" changed cvar (cvar "sv_mincmdrate") (value "128")
L 06/21/2020 - 21:56:43: [basecommands.smx] "Console<0><Console><Console>" changed cvar (cvar "sv_minupdaterate") (value "128")
L 06/21/2020 - 21:56:43: [basecommands.smx] "Console<0><Console><Console>" changed cvar (cvar "sv_maxupdaterate") (value "128")
L 06/21/2020 - 21:56:43: [basecommands.smx] "Console<0><Console><Console>" changed cvar (cvar "sv_maxunlag") (value "0.5")
L 06/21/2020 - 21:56:43: [basecommands.smx] "Console<0><Console><Console>" changed cvar (cvar "sv_unlag") (value "1")
L 06/21/2020 - 21:56:44: [chat-processor.smx] Message formats generated for game 'csgo'.
L 06/21/2020 - 21:56:44: [chat-processor.smx] Successfully hooked a SayText2 chat hook.
L 06/21/2020 - 21:56:45: [weapons.smx] Inactive players' data has been deleted
L 06/21/2020 - 22:12:03: [mapchooser.smx] Voting for next map has started.
L 06/21/2020 - 22:12:22: [mapchooser.smx] Voting for next map has finished. Nextmap: de_train.
L 06/21/2020 - 22:14:47: [rockthevote.smx] RTV changing map manually
L 06/21/2020 - 22:14:47: [SM] Changed map to "de_train"
L 06/21/2020 - 22:14:48: -------- Mapchange to de_train --------
L 06/21/2020 - 22:14:51: [basecommands.smx] "Console<0><Console><Console>" changed cvar (cvar "sv_maxrate") (value "128000")
L 06/21/2020 - 22:14:51: [basecommands.smx] "Console<0><Console><Console>" changed cvar (cvar "sv_minrate") (value "128000")
L 06/21/2020 - 22:14:51: [basecommands.smx] "Console<0><Console><Console>" changed cvar (cvar "sv_maxcmdrate") (value "128")
L 06/21/2020 - 22:14:51: [basecommands.smx] "Console<0><Console><Console>" changed cvar (cvar "sv_mincmdrate") (value "128")
L 06/21/2020 - 22:14:51: [basecommands.smx] "Console<0><Console><Console>" changed cvar (cvar "sv_minupdaterate") (value "128")
L 06/21/2020 - 22:14:51: [basecommands.smx] "Console<0><Console><Console>" changed cvar (cvar "sv_maxupdaterate") (value "128")
L 06/21/2020 - 22:14:51: [basecommands.smx] "Console<0><Console><Console>" changed cvar (cvar "sv_maxunlag") (value "0.5")
L 06/21/2020 - 22:14:51: [basecommands.smx] "Console<0><Console><Console>" changed cvar (cvar "sv_unlag") (value "1")
L 06/21/2020 - 22:14:52: [chat-processor.smx] Message formats generated for game 'csgo'.
L 06/21/2020 - 22:14:52: [chat-processor.smx] Successfully hooked a SayText2 chat hook.
L 06/21/2020 - 22:14:53: [weapons.smx] Inactive players' data has been deleted
L 06/21/2020 - 22:32:28: [mapchooser.smx] Voting for next map has started.
L 06/21/2020 - 22:32:33: [mapchooser.smx] Voting for next map has finished. Nextmap: de_overpass.
L 06/21/2020 - 22:35:54: [rockthevote.smx] RTV changing map manually
L 06/21/2020 - 22:35:54: [SM] Changed map to "de_overpass"
L 06/21/2020 - 22:35:55: -------- Mapchange to de_overpass --------
L 06/21/2020 - 22:35:57: [basecommands.smx] "Console<0><Console><Console>" changed cvar (cvar "sv_maxrate") (value "128000")
L 06/21/2020 - 22:35:57: [basecommands.smx] "Console<0><Console><Console>" changed cvar (cvar "sv_minrate") (value "128000")
L 06/21/2020 - 22:35:57: [basecommands.smx] "Console<0><Console><Console>" changed cvar (cvar "sv_maxcmdrate") (value "128")
L 06/21/2020 - 22:35:57: [basecommands.smx] "Console<0><Console><Console>" changed cvar (cvar "sv_mincmdrate") (value "128")
L 06/21/2020 - 22:35:57: [basecommands.smx] "Console<0><Console><Console>" changed cvar (cvar "sv_minupdaterate") (value "128")
L 06/21/2020 - 22:35:57: [basecommands.smx] "Console<0><Console><Console>" changed cvar (cvar "sv_maxupdaterate") (value "128")
L 06/21/2020 - 22:35:57: [basecommands.smx] "Console<0><Console><Console>" changed cvar (cvar "sv_maxunlag") (value "0.5")
L 06/21/2020 - 22:35:57: [basecommands.smx] "Console<0><Console><Console>" changed cvar (cvar "sv_unlag") (value "1")
L 06/21/2020 - 22:35:58: [chat-processor.smx] Message formats generated for game 'csgo'.
L 06/21/2020 - 22:35:58: [chat-processor.smx] Successfully hooked a SayText2 chat hook.
L 06/21/2020 - 22:36:00: [weapons.smx] Inactive players' data has been deleted
L 06/21/2020 - 22:52:45: [mapchooser.smx] Voting for next map has started.
L 06/21/2020 - 22:52:52: [mapchooser.smx] Voting for next map has finished. Nextmap: de_dust2.
L 06/21/2020 - 22:54:32: [SM] Changed map to "de_dust2"
L 06/21/2020 - 22:54:36: -------- Mapchange to de_dust2 --------
L 06/21/2020 - 22:54:38: [basecommands.smx] "Console<0><Console><Console>" changed cvar (cvar "sv_maxrate") (value "128000")
L 06/21/2020 - 22:54:38: [basecommands.smx] "Console<0><Console><Console>" changed cvar (cvar "sv_minrate") (value "128000")
L 06/21/2020 - 22:54:38: [basecommands.smx] "Console<0><Console><Console>" changed cvar (cvar "sv_maxcmdrate") (value "128")
L 06/21/2020 - 22:54:38: [basecommands.smx] "Console<0><Console><Console>" changed cvar (cvar "sv_mincmdrate") (value "128")
L 06/21/2020 - 22:54:38: [basecommands.smx] "Console<0><Console><Console>" changed cvar (cvar "sv_minupdaterate") (value "128")
L 06/21/2020 - 22:54:38: [basecommands.smx] "Console<0><Console><Console>" changed cvar (cvar "sv_maxupdaterate") (value "128")
L 06/21/2020 - 22:54:38: [basecommands.smx] "Console<0><Console><Console>" changed cvar (cvar "sv_maxunlag") (value "0.5")
L 06/21/2020 - 22:54:38: [basecommands.smx] "Console<0><Console><Console>" changed cvar (cvar "sv_unlag") (value "1")
L 06/21/2020 - 22:54:39: [chat-processor.smx] Message formats generated for game 'csgo'.
L 06/21/2020 - 22:54:39: [chat-processor.smx] Successfully hooked a SayText2 chat hook.
L 06/21/2020 - 22:54:40: [weapons.smx] Inactive players' data has been deleted
L 06/21/2020 - 23:10:22: [mapchooser.smx] Voting for next map has started.
L 06/21/2020 - 23:10:42: [mapchooser.smx] Voting for next map has finished. Nextmap: de_vertigo.
L 06/21/2020 - 23:11:51: [SM] Changed map to "de_vertigo"
L 06/21/2020 - 23:11:52: -------- Mapchange to de_vertigo --------
L 06/21/2020 - 23:11:54: [basecommands.smx] "Console<0><Console><Console>" changed cvar (cvar "sv_maxrate") (value "128000")
L 06/21/2020 - 23:11:54: [basecommands.smx] "Console<0><Console><Console>" changed cvar (cvar "sv_minrate") (value "128000")
L 06/21/2020 - 23:11:54: [basecommands.smx] "Console<0><Console><Console>" changed cvar (cvar "sv_maxcmdrate") (value "128")
L 06/21/2020 - 23:11:54: [basecommands.smx] "Console<0><Console><Console>" changed cvar (cvar "sv_mincmdrate") (value "128")
L 06/21/2020 - 23:11:54: [basecommands.smx] "Console<0><Console><Console>" changed cvar (cvar "sv_minupdaterate") (value "128")
L 06/21/2020 - 23:11:54: [basecommands.smx] "Console<0><Console><Console>" changed cvar (cvar "sv_maxupdaterate") (value "128")
L 06/21/2020 - 23:11:54: [basecommands.smx] "Console<0><Console><Console>" changed cvar (cvar "sv_maxunlag") (value "0.5")
L 06/21/2020 - 23:11:54: [basecommands.smx] "Console<0><Console><Console>" changed cvar (cvar "sv_unlag") (value "1")
L 06/21/2020 - 23:11:55: [chat-processor.smx] Message formats generated for game 'csgo'.
L 06/21/2020 - 23:11:55: [chat-processor.smx] Successfully hooked a SayText2 chat hook.
L 06/21/2020 - 23:11:56: [weapons.smx] Inactive players' data has been deleted
L 06/21/2020 - 23:26:31: [mapchooser.smx] Voting for next map has started.
L 06/21/2020 - 23:26:37: [mapchooser.smx] Voting for next map has finished. Nextmap: de_cache.
L 06/22/2020 - 00:01:34: Log file closed.
