L 05/29/2020 - 00:01:26: SourceMod log file session started (file "C:\TCAFiles\Users\jeanv\438\csgo\addons\sourcemod\logs\L20200529.log") (Version "1.10.0.6488")
L 05/29/2020 - 00:01:26: [mapchooser.smx] Voting for next map has started.
L 05/29/2020 - 00:01:47: [mapchooser.smx] Voting for next map has finished. Nextmap: de_vertigo.
L 05/29/2020 - 00:03:10: [SM] Changed map to "de_vertigo"
L 05/29/2020 - 00:03:11: -------- Mapchange to de_vertigo --------
L 05/29/2020 - 00:03:14: [basecommands.smx] "Console<0><Console><Console>" changed cvar (cvar "sv_maxrate") (value "128000")
L 05/29/2020 - 00:03:14: [basecommands.smx] "Console<0><Console><Console>" changed cvar (cvar "sv_minrate") (value "128000")
L 05/29/2020 - 00:03:14: [basecommands.smx] "Console<0><Console><Console>" changed cvar (cvar "sv_maxcmdrate") (value "128")
L 05/29/2020 - 00:03:14: [basecommands.smx] "Console<0><Console><Console>" changed cvar (cvar "sv_mincmdrate") (value "128")
L 05/29/2020 - 00:03:14: [basecommands.smx] "Console<0><Console><Console>" changed cvar (cvar "sv_minupdaterate") (value "128")
L 05/29/2020 - 00:03:14: [basecommands.smx] "Console<0><Console><Console>" changed cvar (cvar "sv_maxupdaterate") (value "128")
L 05/29/2020 - 00:03:14: [basecommands.smx] "Console<0><Console><Console>" changed cvar (cvar "sv_maxunlag") (value "0.5")
L 05/29/2020 - 00:03:14: [basecommands.smx] "Console<0><Console><Console>" changed cvar (cvar "sv_unlag") (value "1")
L 05/29/2020 - 00:03:14: [afk_manager4.smx] [AFK Manager] Log File: addons\sourcemod\logs\afkm_20200529.log
L 05/29/2020 - 00:03:14: [chat-processor.smx] Message formats generated for game 'csgo'.
L 05/29/2020 - 00:03:14: [chat-processor.smx] Successfully hooked a SayText2 chat hook.
L 05/29/2020 - 00:03:16: [weapons.smx] Inactive players' data has been deleted
L 05/29/2020 - 00:19:17: [mapchooser.smx] Voting for next map has started.
L 05/29/2020 - 00:19:38: [mapchooser.smx] Voting for next map has finished. Nextmap: de_overpass.
L 05/29/2020 - 00:20:44: [SM] Changed map to "de_overpass"
L 05/29/2020 - 00:20:45: -------- Mapchange to de_overpass --------
L 05/29/2020 - 00:20:47: [basecommands.smx] "Console<0><Console><Console>" changed cvar (cvar "sv_maxrate") (value "128000")
L 05/29/2020 - 00:20:47: [basecommands.smx] "Console<0><Console><Console>" changed cvar (cvar "sv_minrate") (value "128000")
L 05/29/2020 - 00:20:47: [basecommands.smx] "Console<0><Console><Console>" changed cvar (cvar "sv_maxcmdrate") (value "128")
L 05/29/2020 - 00:20:47: [basecommands.smx] "Console<0><Console><Console>" changed cvar (cvar "sv_mincmdrate") (value "128")
L 05/29/2020 - 00:20:47: [basecommands.smx] "Console<0><Console><Console>" changed cvar (cvar "sv_minupdaterate") (value "128")
L 05/29/2020 - 00:20:47: [basecommands.smx] "Console<0><Console><Console>" changed cvar (cvar "sv_maxupdaterate") (value "128")
L 05/29/2020 - 00:20:47: [basecommands.smx] "Console<0><Console><Console>" changed cvar (cvar "sv_maxunlag") (value "0.5")
L 05/29/2020 - 00:20:47: [basecommands.smx] "Console<0><Console><Console>" changed cvar (cvar "sv_unlag") (value "1")
L 05/29/2020 - 00:20:48: [chat-processor.smx] Message formats generated for game 'csgo'.
L 05/29/2020 - 00:20:48: [chat-processor.smx] Successfully hooked a SayText2 chat hook.
L 05/29/2020 - 00:20:50: [weapons.smx] Inactive players' data has been deleted
L 05/29/2020 - 00:36:36: [mapchooser.smx] Voting for next map has started.
L 05/29/2020 - 00:36:41: [mapchooser.smx] Voting for next map has finished. Nextmap: de_mirage.
L 05/29/2020 - 00:40:11: [SM] Changed map to "de_mirage"
L 05/29/2020 - 00:40:12: -------- Mapchange to de_mirage --------
L 05/29/2020 - 00:40:14: [basecommands.smx] "Console<0><Console><Console>" changed cvar (cvar "sv_maxrate") (value "128000")
L 05/29/2020 - 00:40:14: [basecommands.smx] "Console<0><Console><Console>" changed cvar (cvar "sv_minrate") (value "128000")
L 05/29/2020 - 00:40:14: [basecommands.smx] "Console<0><Console><Console>" changed cvar (cvar "sv_maxcmdrate") (value "128")
L 05/29/2020 - 00:40:14: [basecommands.smx] "Console<0><Console><Console>" changed cvar (cvar "sv_mincmdrate") (value "128")
L 05/29/2020 - 00:40:14: [basecommands.smx] "Console<0><Console><Console>" changed cvar (cvar "sv_minupdaterate") (value "128")
L 05/29/2020 - 00:40:14: [basecommands.smx] "Console<0><Console><Console>" changed cvar (cvar "sv_maxupdaterate") (value "128")
L 05/29/2020 - 00:40:14: [basecommands.smx] "Console<0><Console><Console>" changed cvar (cvar "sv_maxunlag") (value "0.5")
L 05/29/2020 - 00:40:14: [basecommands.smx] "Console<0><Console><Console>" changed cvar (cvar "sv_unlag") (value "1")
L 05/29/2020 - 00:40:15: [chat-processor.smx] Message formats generated for game 'csgo'.
L 05/29/2020 - 00:40:15: [chat-processor.smx] Successfully hooked a SayText2 chat hook.
L 05/29/2020 - 00:40:17: [weapons.smx] Inactive players' data has been deleted
L 05/29/2020 - 00:58:14: [mapchooser.smx] Voting for next map has started.
L 05/29/2020 - 00:58:30: [mapchooser.smx] Voting for next map has finished. Nextmap: de_inferno.
L 05/29/2020 - 00:58:33: [funcommands.smx] "RIDIC<444><STEAM_1:1:101827481><>" drugged "JAMES<442><STEAM_1:1:78731091><>"
L 05/29/2020 - 00:59:57: [SM] Changed map to "de_inferno"
L 05/29/2020 - 00:59:58: -------- Mapchange to de_inferno --------
L 05/29/2020 - 01:00:01: [basecommands.smx] "Console<0><Console><Console>" changed cvar (cvar "sv_maxrate") (value "128000")
L 05/29/2020 - 01:00:01: [basecommands.smx] "Console<0><Console><Console>" changed cvar (cvar "sv_minrate") (value "128000")
L 05/29/2020 - 01:00:01: [basecommands.smx] "Console<0><Console><Console>" changed cvar (cvar "sv_maxcmdrate") (value "128")
L 05/29/2020 - 01:00:01: [basecommands.smx] "Console<0><Console><Console>" changed cvar (cvar "sv_mincmdrate") (value "128")
L 05/29/2020 - 01:00:01: [basecommands.smx] "Console<0><Console><Console>" changed cvar (cvar "sv_minupdaterate") (value "128")
L 05/29/2020 - 01:00:01: [basecommands.smx] "Console<0><Console><Console>" changed cvar (cvar "sv_maxupdaterate") (value "128")
L 05/29/2020 - 01:00:01: [basecommands.smx] "Console<0><Console><Console>" changed cvar (cvar "sv_maxunlag") (value "0.5")
L 05/29/2020 - 01:00:01: [basecommands.smx] "Console<0><Console><Console>" changed cvar (cvar "sv_unlag") (value "1")
L 05/29/2020 - 01:00:01: [chat-processor.smx] Message formats generated for game 'csgo'.
L 05/29/2020 - 01:00:01: [chat-processor.smx] Successfully hooked a SayText2 chat hook.
L 05/29/2020 - 01:00:03: [weapons.smx] Inactive players' data has been deleted
L 05/29/2020 - 01:16:22: [mapchooser.smx] Voting for next map has started.
L 05/29/2020 - 01:16:28: [mapchooser.smx] Voting for next map has finished. Nextmap: de_train.
L 05/29/2020 - 01:18:02: -------- Mapchange to de_inferno --------
L 05/29/2020 - 01:18:05: [basecommands.smx] "Console<0><Console><Console>" changed cvar (cvar "sv_maxrate") (value "128000")
L 05/29/2020 - 01:18:05: [basecommands.smx] "Console<0><Console><Console>" changed cvar (cvar "sv_minrate") (value "128000")
L 05/29/2020 - 01:18:05: [basecommands.smx] "Console<0><Console><Console>" changed cvar (cvar "sv_maxcmdrate") (value "128")
L 05/29/2020 - 01:18:05: [basecommands.smx] "Console<0><Console><Console>" changed cvar (cvar "sv_mincmdrate") (value "128")
L 05/29/2020 - 01:18:05: [basecommands.smx] "Console<0><Console><Console>" changed cvar (cvar "sv_minupdaterate") (value "128")
L 05/29/2020 - 01:18:05: [basecommands.smx] "Console<0><Console><Console>" changed cvar (cvar "sv_maxupdaterate") (value "128")
L 05/29/2020 - 01:18:05: [basecommands.smx] "Console<0><Console><Console>" changed cvar (cvar "sv_maxunlag") (value "0.5")
L 05/29/2020 - 01:18:05: [basecommands.smx] "Console<0><Console><Console>" changed cvar (cvar "sv_unlag") (value "1")
L 05/29/2020 - 01:18:05: [chat-processor.smx] Message formats generated for game 'csgo'.
L 05/29/2020 - 01:18:05: [chat-processor.smx] Successfully hooked a SayText2 chat hook.
L 05/29/2020 - 01:18:06: [weapons.smx] Inactive players' data has been deleted
L 05/29/2020 - 01:37:57: -------- Mapchange to de_inferno --------
L 05/29/2020 - 01:37:59: [basecommands.smx] "Console<0><Console><Console>" changed cvar (cvar "sv_maxrate") (value "128000")
L 05/29/2020 - 01:37:59: [basecommands.smx] "Console<0><Console><Console>" changed cvar (cvar "sv_minrate") (value "128000")
L 05/29/2020 - 01:37:59: [basecommands.smx] "Console<0><Console><Console>" changed cvar (cvar "sv_maxcmdrate") (value "128")
L 05/29/2020 - 01:37:59: [basecommands.smx] "Console<0><Console><Console>" changed cvar (cvar "sv_mincmdrate") (value "128")
L 05/29/2020 - 01:37:59: [basecommands.smx] "Console<0><Console><Console>" changed cvar (cvar "sv_minupdaterate") (value "128")
L 05/29/2020 - 01:37:59: [basecommands.smx] "Console<0><Console><Console>" changed cvar (cvar "sv_maxupdaterate") (value "128")
L 05/29/2020 - 01:37:59: [basecommands.smx] "Console<0><Console><Console>" changed cvar (cvar "sv_maxunlag") (value "0.5")
L 05/29/2020 - 01:37:59: [basecommands.smx] "Console<0><Console><Console>" changed cvar (cvar "sv_unlag") (value "1")
L 05/29/2020 - 01:38:00: [chat-processor.smx] Message formats generated for game 'csgo'.
L 05/29/2020 - 01:38:00: [chat-processor.smx] Successfully hooked a SayText2 chat hook.
L 05/29/2020 - 01:38:00: [weapons.smx] Inactive players' data has been deleted
L 05/29/2020 - 01:39:41: [playercommands.smx] "RIDIC<450><STEAM_1:1:101827481><>" slapped "blue<452><STEAM_1:0:155392032><>" (damage "0")
L 05/29/2020 - 01:39:42: [playercommands.smx] "RIDIC<450><STEAM_1:1:101827481><>" slapped "blue<452><STEAM_1:0:155392032><>" (damage "0")
L 05/29/2020 - 01:39:43: [playercommands.smx] "RIDIC<450><STEAM_1:1:101827481><>" slapped "blue<452><STEAM_1:0:155392032><>" (damage "0")
L 05/29/2020 - 01:39:44: [playercommands.smx] "RIDIC<450><STEAM_1:1:101827481><>" slapped "blue<452><STEAM_1:0:155392032><>" (damage "0")
L 05/29/2020 - 01:39:45: [playercommands.smx] "RIDIC<450><STEAM_1:1:101827481><>" slapped "blue<452><STEAM_1:0:155392032><>" (damage "0")
L 05/29/2020 - 01:39:46: [playercommands.smx] "RIDIC<450><STEAM_1:1:101827481><>" slapped "blue<452><STEAM_1:0:155392032><>" (damage "0")
L 05/29/2020 - 01:39:47: [playercommands.smx] "RIDIC<450><STEAM_1:1:101827481><>" slapped "blue<452><STEAM_1:0:155392032><>" (damage "0")
L 05/29/2020 - 01:39:48: [playercommands.smx] "RIDIC<450><STEAM_1:1:101827481><>" slapped "blue<452><STEAM_1:0:155392032><>" (damage "0")
L 05/29/2020 - 01:39:49: [playercommands.smx] "RIDIC<450><STEAM_1:1:101827481><>" slapped "blue<452><STEAM_1:0:155392032><>" (damage "0")
L 05/29/2020 - 01:39:50: [playercommands.smx] "RIDIC<450><STEAM_1:1:101827481><>" slapped "blue<452><STEAM_1:0:155392032><>" (damage "0")
L 05/29/2020 - 01:39:50: [playercommands.smx] "RIDIC<450><STEAM_1:1:101827481><>" slapped "blue<452><STEAM_1:0:155392032><>" (damage "0")
L 05/29/2020 - 01:39:52: [playercommands.smx] "RIDIC<450><STEAM_1:1:101827481><>" slapped "blue<452><STEAM_1:0:155392032><>" (damage "0")
L 05/29/2020 - 01:39:52: [playercommands.smx] "RIDIC<450><STEAM_1:1:101827481><>" slapped "blue<452><STEAM_1:0:155392032><>" (damage "0")
L 05/29/2020 - 01:39:53: [playercommands.smx] "RIDIC<450><STEAM_1:1:101827481><>" slapped "blue<452><STEAM_1:0:155392032><>" (damage "0")
L 05/29/2020 - 01:40:04: [playercommands.smx] "RIDIC<450><STEAM_1:1:101827481><>" slapped "blue<452><STEAM_1:0:155392032><>" (damage "20")
L 05/29/2020 - 01:40:07: [playercommands.smx] "RIDIC<450><STEAM_1:1:101827481><>" slapped "Jeannas<451><STEAM_1:1:207044536><>" (damage "20")
L 05/29/2020 - 01:40:30: [playercommands.smx] "RIDIC<450><STEAM_1:1:101827481><>" slapped "blue<452><STEAM_1:0:155392032><>" (damage "1")
L 05/29/2020 - 01:40:31: [playercommands.smx] "RIDIC<450><STEAM_1:1:101827481><>" slapped "blue<452><STEAM_1:0:155392032><>" (damage "1")
L 05/29/2020 - 01:40:32: [playercommands.smx] "RIDIC<450><STEAM_1:1:101827481><>" slapped "blue<452><STEAM_1:0:155392032><>" (damage "1")
L 05/29/2020 - 01:40:33: [playercommands.smx] "RIDIC<450><STEAM_1:1:101827481><>" slapped "blue<452><STEAM_1:0:155392032><>" (damage "1")
L 05/29/2020 - 01:40:34: [playercommands.smx] "RIDIC<450><STEAM_1:1:101827481><>" slapped "blue<452><STEAM_1:0:155392032><>" (damage "1")
L 05/29/2020 - 01:40:35: [playercommands.smx] "RIDIC<450><STEAM_1:1:101827481><>" slapped "blue<452><STEAM_1:0:155392032><>" (damage "1")
L 05/29/2020 - 01:40:35: [playercommands.smx] "RIDIC<450><STEAM_1:1:101827481><>" slapped "blue<452><STEAM_1:0:155392032><>" (damage "1")
L 05/29/2020 - 01:40:36: [playercommands.smx] "RIDIC<450><STEAM_1:1:101827481><>" slapped "blue<452><STEAM_1:0:155392032><>" (damage "1")
L 05/29/2020 - 01:40:37: [playercommands.smx] "RIDIC<450><STEAM_1:1:101827481><>" slapped "blue<452><STEAM_1:0:155392032><>" (damage "1")
L 05/29/2020 - 01:40:40: [playercommands.smx] "RIDIC<450><STEAM_1:1:101827481><>" slapped "blue<452><STEAM_1:0:155392032><>" (damage "1")
L 05/29/2020 - 01:40:44: [playercommands.smx] "RIDIC<450><STEAM_1:1:101827481><>" slapped "blue<452><STEAM_1:0:155392032><>" (damage "1")
L 05/29/2020 - 01:40:45: [playercommands.smx] "RIDIC<450><STEAM_1:1:101827481><>" slapped "blue<452><STEAM_1:0:155392032><>" (damage "1")
L 05/29/2020 - 01:40:46: [playercommands.smx] "RIDIC<450><STEAM_1:1:101827481><>" slapped "blue<452><STEAM_1:0:155392032><>" (damage "1")
L 05/29/2020 - 01:40:59: [playercommands.smx] "RIDIC<450><STEAM_1:1:101827481><>" slayed "blue<452><STEAM_1:0:155392032><>"
L 05/29/2020 - 01:41:25: [funcommands.smx] "RIDIC<450><STEAM_1:1:101827481><>" set a FireBomb on "blue<452><STEAM_1:0:155392032><>"
L 05/29/2020 - 01:41:51: [funcommands.smx] "Jeannas<451><STEAM_1:1:207044536><>" set a beacon on "RIDIC<450><STEAM_1:1:101827481><>"
L 05/29/2020 - 01:41:51: [funcommands.smx] "Jeannas<451><STEAM_1:1:207044536><>" set a beacon on "blue<452><STEAM_1:0:155392032><>"
L 05/29/2020 - 01:41:58: [funcommands.smx] "RIDIC<450><STEAM_1:1:101827481><>" ignited "blue<452><STEAM_1:0:155392032><>" (seconds "20.000000")
L 05/29/2020 - 01:41:59: [funcommands.smx] "RIDIC<450><STEAM_1:1:101827481><>" ignited "Jeannas<451><STEAM_1:1:207044536><>" (seconds "20.000000")
L 05/29/2020 - 01:42:27: [funcommands.smx] "RIDIC<450><STEAM_1:1:101827481><>" ignited "blue<452><STEAM_1:0:155392032><>" (seconds "20.000000")
L 05/29/2020 - 01:43:00: [funcommands.smx] "RIDIC<450><STEAM_1:1:101827481><>" ignited "Jeannas<451><STEAM_1:1:207044536><>" (seconds "20.000000")
L 05/29/2020 - 01:43:10: [playercommands.smx] "RIDIC<450><STEAM_1:1:101827481><>" slapped "blue<452><STEAM_1:0:155392032><>" (damage "0")
L 05/29/2020 - 01:43:16: [playercommands.smx] "RIDIC<450><STEAM_1:1:101827481><>" slapped "blue<452><STEAM_1:0:155392032><>" (damage "0")
L 05/29/2020 - 01:44:51: [playercommands.smx] "RIDIC<450><STEAM_1:1:101827481><>" slapped "RIDIC<450><STEAM_1:1:101827481><>" (damage "0")
L 05/29/2020 - 01:44:52: [playercommands.smx] "RIDIC<450><STEAM_1:1:101827481><>" slapped "RIDIC<450><STEAM_1:1:101827481><>" (damage "0")
L 05/29/2020 - 01:45:02: [playercommands.smx] "RIDIC<450><STEAM_1:1:101827481><>" slapped "RIDIC<450><STEAM_1:1:101827481><>" (damage "0")
L 05/29/2020 - 01:45:12: [playercommands.smx] "RIDIC<450><STEAM_1:1:101827481><>" slapped "RIDIC<450><STEAM_1:1:101827481><>" (damage "0")
L 05/29/2020 - 01:45:15: [playercommands.smx] "RIDIC<450><STEAM_1:1:101827481><>" slapped "Jeannas<451><STEAM_1:1:207044536><>" (damage "0")
L 05/29/2020 - 01:45:16: [playercommands.smx] "RIDIC<450><STEAM_1:1:101827481><>" slapped "Jeannas<451><STEAM_1:1:207044536><>" (damage "0")
L 05/29/2020 - 01:45:17: [playercommands.smx] "RIDIC<450><STEAM_1:1:101827481><>" slapped "Jeannas<451><STEAM_1:1:207044536><>" (damage "0")
L 05/29/2020 - 01:45:21: [playercommands.smx] "RIDIC<450><STEAM_1:1:101827481><>" slapped "Jeannas<451><STEAM_1:1:207044536><>" (damage "0")
L 05/29/2020 - 01:46:16: [funcommands.smx] "RIDIC<450><STEAM_1:1:101827481><>" set a TimeBomb on "Jeannas<451><STEAM_1:1:207044536><>"
L 05/29/2020 - 01:47:10: [playercommands.smx] "RIDIC<450><STEAM_1:1:101827481><>" slapped "Kwackr<454><STEAM_1:1:426259392><>" (damage "0")
L 05/29/2020 - 01:47:11: [playercommands.smx] "RIDIC<450><STEAM_1:1:101827481><>" slapped "Kwackr<454><STEAM_1:1:426259392><>" (damage "0")
L 05/29/2020 - 01:47:15: [playercommands.smx] "RIDIC<450><STEAM_1:1:101827481><>" slapped "Kwackr<454><STEAM_1:1:426259392><>" (damage "0")
L 05/29/2020 - 01:47:28: [playercommands.smx] "RIDIC<450><STEAM_1:1:101827481><>" slapped "Kwackr<454><STEAM_1:1:426259392><>" (damage "0")
L 05/29/2020 - 01:51:16: [playercommands.smx] "RIDIC<450><STEAM_1:1:101827481><>" slapped "Void<455><STEAM_1:0:223404915><>" (damage "0")
L 05/29/2020 - 01:54:08: [playercommands.smx] "Void<455><STEAM_1:0:223404915><>" slapped "Jeannas<451><STEAM_1:1:207044536><>" (damage "0")
L 05/29/2020 - 01:54:13: [playercommands.smx] "Void<455><STEAM_1:0:223404915><>" slapped "Jeannas<451><STEAM_1:1:207044536><>" (damage "0")
L 05/29/2020 - 01:54:17: [mapchooser.smx] Voting for next map has started.
L 05/29/2020 - 01:54:28: [mapchooser.smx] Voting for next map has finished. Nextmap: de_train.
L 05/29/2020 - 01:54:30: [funcommands.smx] "RIDIC<450><STEAM_1:1:101827481><>" toggled noclip on "RIDIC<450><STEAM_1:1:101827481><>"
L 05/29/2020 - 01:54:35: [funcommands.smx] "RIDIC<450><STEAM_1:1:101827481><>" toggled noclip on "RIDIC<450><STEAM_1:1:101827481><>"
L 05/29/2020 - 01:54:42: [funcommands.smx] "RIDIC<450><STEAM_1:1:101827481><>" toggled noclip on "RIDIC<450><STEAM_1:1:101827481><>"
L 05/29/2020 - 01:54:43: [funcommands.smx] "RIDIC<450><STEAM_1:1:101827481><>" toggled noclip on "RIDIC<450><STEAM_1:1:101827481><>"
L 05/29/2020 - 01:54:45: [funcommands.smx] "RIDIC<450><STEAM_1:1:101827481><>" toggled noclip on "RIDIC<450><STEAM_1:1:101827481><>"
L 05/29/2020 - 01:55:22: [funcommands.smx] "RIDIC<450><STEAM_1:1:101827481><>" toggled noclip on "Void<455><STEAM_1:0:223404915><>"
L 05/29/2020 - 01:55:23: [funcommands.smx] "RIDIC<450><STEAM_1:1:101827481><>" toggled noclip on "Void<455><STEAM_1:0:223404915><>"
L 05/29/2020 - 01:55:35: [funcommands.smx] "Void<455><STEAM_1:0:223404915><>" toggled noclip on "Void<455><STEAM_1:0:223404915><>"
L 05/29/2020 - 01:55:41: [funcommands.smx] "Void<455><STEAM_1:0:223404915><>" toggled noclip on "Void<455><STEAM_1:0:223404915><>"
L 05/29/2020 - 01:57:08: [SM] Changed map to "de_train"
L 05/29/2020 - 01:57:10: -------- Mapchange to de_train --------
L 05/29/2020 - 01:57:12: [basecommands.smx] "Console<0><Console><Console>" changed cvar (cvar "sv_maxrate") (value "128000")
L 05/29/2020 - 01:57:12: [basecommands.smx] "Console<0><Console><Console>" changed cvar (cvar "sv_minrate") (value "128000")
L 05/29/2020 - 01:57:12: [basecommands.smx] "Console<0><Console><Console>" changed cvar (cvar "sv_maxcmdrate") (value "128")
L 05/29/2020 - 01:57:12: [basecommands.smx] "Console<0><Console><Console>" changed cvar (cvar "sv_mincmdrate") (value "128")
L 05/29/2020 - 01:57:12: [basecommands.smx] "Console<0><Console><Console>" changed cvar (cvar "sv_minupdaterate") (value "128")
L 05/29/2020 - 01:57:12: [basecommands.smx] "Console<0><Console><Console>" changed cvar (cvar "sv_maxupdaterate") (value "128")
L 05/29/2020 - 01:57:12: [basecommands.smx] "Console<0><Console><Console>" changed cvar (cvar "sv_maxunlag") (value "0.5")
L 05/29/2020 - 01:57:12: [basecommands.smx] "Console<0><Console><Console>" changed cvar (cvar "sv_unlag") (value "1")
L 05/29/2020 - 01:57:13: [chat-processor.smx] Message formats generated for game 'csgo'.
L 05/29/2020 - 01:57:13: [chat-processor.smx] Successfully hooked a SayText2 chat hook.
L 05/29/2020 - 01:57:14: [weapons.smx] Inactive players' data has been deleted
L 05/29/2020 - 02:14:26: [mapchooser.smx] Voting for next map has started.
L 05/29/2020 - 02:14:32: [mapchooser.smx] Voting for next map has finished. Nextmap: de_nuke.
L 05/29/2020 - 02:16:33: [SM] Changed map to "de_nuke"
L 05/29/2020 - 02:16:36: -------- Mapchange to de_nuke --------
L 05/29/2020 - 02:16:38: [basecommands.smx] "Console<0><Console><Console>" changed cvar (cvar "sv_maxrate") (value "128000")
L 05/29/2020 - 02:16:38: [basecommands.smx] "Console<0><Console><Console>" changed cvar (cvar "sv_minrate") (value "128000")
L 05/29/2020 - 02:16:38: [basecommands.smx] "Console<0><Console><Console>" changed cvar (cvar "sv_maxcmdrate") (value "128")
L 05/29/2020 - 02:16:38: [basecommands.smx] "Console<0><Console><Console>" changed cvar (cvar "sv_mincmdrate") (value "128")
L 05/29/2020 - 02:16:38: [basecommands.smx] "Console<0><Console><Console>" changed cvar (cvar "sv_minupdaterate") (value "128")
L 05/29/2020 - 02:16:38: [basecommands.smx] "Console<0><Console><Console>" changed cvar (cvar "sv_maxupdaterate") (value "128")
L 05/29/2020 - 02:16:38: [basecommands.smx] "Console<0><Console><Console>" changed cvar (cvar "sv_maxunlag") (value "0.5")
L 05/29/2020 - 02:16:38: [basecommands.smx] "Console<0><Console><Console>" changed cvar (cvar "sv_unlag") (value "1")
L 05/29/2020 - 02:16:39: [chat-processor.smx] Message formats generated for game 'csgo'.
L 05/29/2020 - 02:16:39: [chat-processor.smx] Successfully hooked a SayText2 chat hook.
L 05/29/2020 - 02:16:40: [weapons.smx] Inactive players' data has been deleted
L 05/29/2020 - 02:32:28: [mapchooser.smx] Voting for next map has started.
L 05/29/2020 - 02:32:32: [mapchooser.smx] Voting for next map has finished. Nextmap: de_vertigo.
L 05/29/2020 - 02:35:00: [SM] Changed map to "de_vertigo"
L 05/29/2020 - 02:35:01: -------- Mapchange to de_vertigo --------
L 05/29/2020 - 02:35:04: [basecommands.smx] "Console<0><Console><Console>" changed cvar (cvar "sv_maxrate") (value "128000")
L 05/29/2020 - 02:35:04: [basecommands.smx] "Console<0><Console><Console>" changed cvar (cvar "sv_minrate") (value "128000")
L 05/29/2020 - 02:35:04: [basecommands.smx] "Console<0><Console><Console>" changed cvar (cvar "sv_maxcmdrate") (value "128")
L 05/29/2020 - 02:35:04: [basecommands.smx] "Console<0><Console><Console>" changed cvar (cvar "sv_mincmdrate") (value "128")
L 05/29/2020 - 02:35:04: [basecommands.smx] "Console<0><Console><Console>" changed cvar (cvar "sv_minupdaterate") (value "128")
L 05/29/2020 - 02:35:04: [basecommands.smx] "Console<0><Console><Console>" changed cvar (cvar "sv_maxupdaterate") (value "128")
L 05/29/2020 - 02:35:04: [basecommands.smx] "Console<0><Console><Console>" changed cvar (cvar "sv_maxunlag") (value "0.5")
L 05/29/2020 - 02:35:04: [basecommands.smx] "Console<0><Console><Console>" changed cvar (cvar "sv_unlag") (value "1")
L 05/29/2020 - 02:35:04: [chat-processor.smx] Message formats generated for game 'csgo'.
L 05/29/2020 - 02:35:04: [chat-processor.smx] Successfully hooked a SayText2 chat hook.
L 05/29/2020 - 02:35:05: [weapons.smx] Inactive players' data has been deleted
L 05/29/2020 - 02:50:51: [mapchooser.smx] Voting for next map has started.
L 05/29/2020 - 02:50:54: [mapchooser.smx] Voting for next map has finished. Nextmap: de_mirage.
L 05/29/2020 - 03:28:59: -------- Mapchange to de_vertigo --------
L 05/29/2020 - 03:29:01: [basecommands.smx] "Console<0><Console><Console>" changed cvar (cvar "sv_maxrate") (value "128000")
L 05/29/2020 - 03:29:01: [basecommands.smx] "Console<0><Console><Console>" changed cvar (cvar "sv_minrate") (value "128000")
L 05/29/2020 - 03:29:01: [basecommands.smx] "Console<0><Console><Console>" changed cvar (cvar "sv_maxcmdrate") (value "128")
L 05/29/2020 - 03:29:01: [basecommands.smx] "Console<0><Console><Console>" changed cvar (cvar "sv_mincmdrate") (value "128")
L 05/29/2020 - 03:29:01: [basecommands.smx] "Console<0><Console><Console>" changed cvar (cvar "sv_minupdaterate") (value "128")
L 05/29/2020 - 03:29:01: [basecommands.smx] "Console<0><Console><Console>" changed cvar (cvar "sv_maxupdaterate") (value "128")
L 05/29/2020 - 03:29:01: [basecommands.smx] "Console<0><Console><Console>" changed cvar (cvar "sv_maxunlag") (value "0.5")
L 05/29/2020 - 03:29:01: [basecommands.smx] "Console<0><Console><Console>" changed cvar (cvar "sv_unlag") (value "1")
L 05/29/2020 - 03:29:02: [chat-processor.smx] Message formats generated for game 'csgo'.
L 05/29/2020 - 03:29:02: [chat-processor.smx] Successfully hooked a SayText2 chat hook.
L 05/29/2020 - 03:29:02: [weapons.smx] Inactive players' data has been deleted
L 05/29/2020 - 08:22:09: -------- Mapchange to de_vertigo --------
L 05/29/2020 - 08:22:12: [basecommands.smx] "Console<0><Console><Console>" changed cvar (cvar "sv_maxrate") (value "128000")
L 05/29/2020 - 08:22:12: [basecommands.smx] "Console<0><Console><Console>" changed cvar (cvar "sv_minrate") (value "128000")
L 05/29/2020 - 08:22:12: [basecommands.smx] "Console<0><Console><Console>" changed cvar (cvar "sv_maxcmdrate") (value "128")
L 05/29/2020 - 08:22:12: [basecommands.smx] "Console<0><Console><Console>" changed cvar (cvar "sv_mincmdrate") (value "128")
L 05/29/2020 - 08:22:12: [basecommands.smx] "Console<0><Console><Console>" changed cvar (cvar "sv_minupdaterate") (value "128")
L 05/29/2020 - 08:22:12: [basecommands.smx] "Console<0><Console><Console>" changed cvar (cvar "sv_maxupdaterate") (value "128")
L 05/29/2020 - 08:22:12: [basecommands.smx] "Console<0><Console><Console>" changed cvar (cvar "sv_maxunlag") (value "0.5")
L 05/29/2020 - 08:22:12: [basecommands.smx] "Console<0><Console><Console>" changed cvar (cvar "sv_unlag") (value "1")
L 05/29/2020 - 08:22:12: [chat-processor.smx] Message formats generated for game 'csgo'.
L 05/29/2020 - 08:22:12: [chat-processor.smx] Successfully hooked a SayText2 chat hook.
L 05/29/2020 - 08:22:13: [weapons.smx] Inactive players' data has been deleted
L 05/29/2020 - 08:42:26: -------- Mapchange to de_vertigo --------
L 05/29/2020 - 08:42:29: [basecommands.smx] "Console<0><Console><Console>" changed cvar (cvar "sv_maxrate") (value "128000")
L 05/29/2020 - 08:42:29: [basecommands.smx] "Console<0><Console><Console>" changed cvar (cvar "sv_minrate") (value "128000")
L 05/29/2020 - 08:42:29: [basecommands.smx] "Console<0><Console><Console>" changed cvar (cvar "sv_maxcmdrate") (value "128")
L 05/29/2020 - 08:42:29: [basecommands.smx] "Console<0><Console><Console>" changed cvar (cvar "sv_mincmdrate") (value "128")
L 05/29/2020 - 08:42:29: [basecommands.smx] "Console<0><Console><Console>" changed cvar (cvar "sv_minupdaterate") (value "128")
L 05/29/2020 - 08:42:29: [basecommands.smx] "Console<0><Console><Console>" changed cvar (cvar "sv_maxupdaterate") (value "128")
L 05/29/2020 - 08:42:29: [basecommands.smx] "Console<0><Console><Console>" changed cvar (cvar "sv_maxunlag") (value "0.5")
L 05/29/2020 - 08:42:29: [basecommands.smx] "Console<0><Console><Console>" changed cvar (cvar "sv_unlag") (value "1")
L 05/29/2020 - 08:42:29: [chat-processor.smx] Message formats generated for game 'csgo'.
L 05/29/2020 - 08:42:29: [chat-processor.smx] Successfully hooked a SayText2 chat hook.
L 05/29/2020 - 08:42:30: [weapons.smx] Inactive players' data has been deleted
L 05/29/2020 - 08:59:44: [mapchooser.smx] Voting for next map has started.
L 05/29/2020 - 08:59:47: [mapchooser.smx] Voting for next map has finished. Nextmap: de_overpass.
L 05/29/2020 - 09:02:03: [SM] Changed map to "de_overpass"
L 05/29/2020 - 09:02:04: -------- Mapchange to de_overpass --------
L 05/29/2020 - 09:02:07: [basecommands.smx] "Console<0><Console><Console>" changed cvar (cvar "sv_maxrate") (value "128000")
L 05/29/2020 - 09:02:07: [basecommands.smx] "Console<0><Console><Console>" changed cvar (cvar "sv_minrate") (value "128000")
L 05/29/2020 - 09:02:07: [basecommands.smx] "Console<0><Console><Console>" changed cvar (cvar "sv_maxcmdrate") (value "128")
L 05/29/2020 - 09:02:07: [basecommands.smx] "Console<0><Console><Console>" changed cvar (cvar "sv_mincmdrate") (value "128")
L 05/29/2020 - 09:02:07: [basecommands.smx] "Console<0><Console><Console>" changed cvar (cvar "sv_minupdaterate") (value "128")
L 05/29/2020 - 09:02:07: [basecommands.smx] "Console<0><Console><Console>" changed cvar (cvar "sv_maxupdaterate") (value "128")
L 05/29/2020 - 09:02:07: [basecommands.smx] "Console<0><Console><Console>" changed cvar (cvar "sv_maxunlag") (value "0.5")
L 05/29/2020 - 09:02:07: [basecommands.smx] "Console<0><Console><Console>" changed cvar (cvar "sv_unlag") (value "1")
L 05/29/2020 - 09:02:08: [chat-processor.smx] Message formats generated for game 'csgo'.
L 05/29/2020 - 09:02:08: [chat-processor.smx] Successfully hooked a SayText2 chat hook.
L 05/29/2020 - 09:02:09: [weapons.smx] Inactive players' data has been deleted
L 05/29/2020 - 09:18:02: [mapchooser.smx] Voting for next map has started.
L 05/29/2020 - 09:18:10: [mapchooser.smx] Voting for next map has finished. Nextmap: de_inferno.
L 05/29/2020 - 09:19:50: [SM] Changed map to "de_inferno"
L 05/29/2020 - 09:19:52: -------- Mapchange to de_inferno --------
L 05/29/2020 - 09:19:54: [basecommands.smx] "Console<0><Console><Console>" changed cvar (cvar "sv_maxrate") (value "128000")
L 05/29/2020 - 09:19:54: [basecommands.smx] "Console<0><Console><Console>" changed cvar (cvar "sv_minrate") (value "128000")
L 05/29/2020 - 09:19:54: [basecommands.smx] "Console<0><Console><Console>" changed cvar (cvar "sv_maxcmdrate") (value "128")
L 05/29/2020 - 09:19:54: [basecommands.smx] "Console<0><Console><Console>" changed cvar (cvar "sv_mincmdrate") (value "128")
L 05/29/2020 - 09:19:54: [basecommands.smx] "Console<0><Console><Console>" changed cvar (cvar "sv_minupdaterate") (value "128")
L 05/29/2020 - 09:19:54: [basecommands.smx] "Console<0><Console><Console>" changed cvar (cvar "sv_maxupdaterate") (value "128")
L 05/29/2020 - 09:19:54: [basecommands.smx] "Console<0><Console><Console>" changed cvar (cvar "sv_maxunlag") (value "0.5")
L 05/29/2020 - 09:19:54: [basecommands.smx] "Console<0><Console><Console>" changed cvar (cvar "sv_unlag") (value "1")
L 05/29/2020 - 09:19:55: [chat-processor.smx] Message formats generated for game 'csgo'.
L 05/29/2020 - 09:19:55: [chat-processor.smx] Successfully hooked a SayText2 chat hook.
L 05/29/2020 - 09:19:56: [weapons.smx] Inactive players' data has been deleted
L 05/29/2020 - 09:37:02: [mapchooser.smx] Voting for next map has started.
L 05/29/2020 - 09:37:09: [mapchooser.smx] Voting for next map has finished. Nextmap: de_dust2.
L 05/29/2020 - 09:58:03: [SM] Changed map to "de_dust2"
L 05/29/2020 - 09:58:07: -------- Mapchange to de_dust2 --------
L 05/29/2020 - 09:58:09: [basecommands.smx] "Console<0><Console><Console>" changed cvar (cvar "sv_maxrate") (value "128000")
L 05/29/2020 - 09:58:09: [basecommands.smx] "Console<0><Console><Console>" changed cvar (cvar "sv_minrate") (value "128000")
L 05/29/2020 - 09:58:09: [basecommands.smx] "Console<0><Console><Console>" changed cvar (cvar "sv_maxcmdrate") (value "128")
L 05/29/2020 - 09:58:09: [basecommands.smx] "Console<0><Console><Console>" changed cvar (cvar "sv_mincmdrate") (value "128")
L 05/29/2020 - 09:58:09: [basecommands.smx] "Console<0><Console><Console>" changed cvar (cvar "sv_minupdaterate") (value "128")
L 05/29/2020 - 09:58:09: [basecommands.smx] "Console<0><Console><Console>" changed cvar (cvar "sv_maxupdaterate") (value "128")
L 05/29/2020 - 09:58:09: [basecommands.smx] "Console<0><Console><Console>" changed cvar (cvar "sv_maxunlag") (value "0.5")
L 05/29/2020 - 09:58:09: [basecommands.smx] "Console<0><Console><Console>" changed cvar (cvar "sv_unlag") (value "1")
L 05/29/2020 - 09:58:10: [chat-processor.smx] Message formats generated for game 'csgo'.
L 05/29/2020 - 09:58:10: [chat-processor.smx] Successfully hooked a SayText2 chat hook.
L 05/29/2020 - 09:58:11: [weapons.smx] Inactive players' data has been deleted
L 05/29/2020 - 10:10:41: [mapchooser.smx] Starting map vote because outside request
L 05/29/2020 - 10:10:41: [mapchooser.smx] Voting for next map has started.
L 05/29/2020 - 10:11:02: [mapchooser.smx] Voting for next map has finished. Nextmap: de_mirage.
L 05/29/2020 - 10:11:04: [SM] Changed map to "de_mirage"
L 05/29/2020 - 10:11:05: -------- Mapchange to de_mirage --------
L 05/29/2020 - 10:11:08: [basecommands.smx] "Console<0><Console><Console>" changed cvar (cvar "sv_maxrate") (value "128000")
L 05/29/2020 - 10:11:08: [basecommands.smx] "Console<0><Console><Console>" changed cvar (cvar "sv_minrate") (value "128000")
L 05/29/2020 - 10:11:08: [basecommands.smx] "Console<0><Console><Console>" changed cvar (cvar "sv_maxcmdrate") (value "128")
L 05/29/2020 - 10:11:08: [basecommands.smx] "Console<0><Console><Console>" changed cvar (cvar "sv_mincmdrate") (value "128")
L 05/29/2020 - 10:11:08: [basecommands.smx] "Console<0><Console><Console>" changed cvar (cvar "sv_minupdaterate") (value "128")
L 05/29/2020 - 10:11:08: [basecommands.smx] "Console<0><Console><Console>" changed cvar (cvar "sv_maxupdaterate") (value "128")
L 05/29/2020 - 10:11:08: [basecommands.smx] "Console<0><Console><Console>" changed cvar (cvar "sv_maxunlag") (value "0.5")
L 05/29/2020 - 10:11:08: [basecommands.smx] "Console<0><Console><Console>" changed cvar (cvar "sv_unlag") (value "1")
L 05/29/2020 - 10:11:08: [chat-processor.smx] Message formats generated for game 'csgo'.
L 05/29/2020 - 10:11:08: [chat-processor.smx] Successfully hooked a SayText2 chat hook.
L 05/29/2020 - 10:11:10: [weapons.smx] Inactive players' data has been deleted
L 05/29/2020 - 10:28:20: [mapchooser.smx] Voting for next map has started.
L 05/29/2020 - 10:28:27: [mapchooser.smx] Voting for next map has finished. Nextmap: de_train.
L 05/29/2020 - 10:31:04: [SM] Changed map to "de_train"
L 05/29/2020 - 10:31:05: -------- Mapchange to de_train --------
L 05/29/2020 - 10:31:08: [basecommands.smx] "Console<0><Console><Console>" changed cvar (cvar "sv_maxrate") (value "128000")
L 05/29/2020 - 10:31:08: [basecommands.smx] "Console<0><Console><Console>" changed cvar (cvar "sv_minrate") (value "128000")
L 05/29/2020 - 10:31:08: [basecommands.smx] "Console<0><Console><Console>" changed cvar (cvar "sv_maxcmdrate") (value "128")
L 05/29/2020 - 10:31:08: [basecommands.smx] "Console<0><Console><Console>" changed cvar (cvar "sv_mincmdrate") (value "128")
L 05/29/2020 - 10:31:08: [basecommands.smx] "Console<0><Console><Console>" changed cvar (cvar "sv_minupdaterate") (value "128")
L 05/29/2020 - 10:31:08: [basecommands.smx] "Console<0><Console><Console>" changed cvar (cvar "sv_maxupdaterate") (value "128")
L 05/29/2020 - 10:31:08: [basecommands.smx] "Console<0><Console><Console>" changed cvar (cvar "sv_maxunlag") (value "0.5")
L 05/29/2020 - 10:31:08: [basecommands.smx] "Console<0><Console><Console>" changed cvar (cvar "sv_unlag") (value "1")
L 05/29/2020 - 10:31:09: [chat-processor.smx] Message formats generated for game 'csgo'.
L 05/29/2020 - 10:31:09: [chat-processor.smx] Successfully hooked a SayText2 chat hook.
L 05/29/2020 - 10:31:10: [weapons.smx] Inactive players' data has been deleted
L 05/29/2020 - 10:48:03: [mapchooser.smx] Voting for next map has started.
L 05/29/2020 - 10:48:10: [mapchooser.smx] Voting for next map has finished. Nextmap: de_cache.
L 05/29/2020 - 10:49:58: [SM] Changed map to "de_cache"
L 05/29/2020 - 10:50:03: -------- Mapchange to de_cache --------
L 05/29/2020 - 10:50:06: [basecommands.smx] "Console<0><Console><Console>" changed cvar (cvar "sv_maxrate") (value "128000")
L 05/29/2020 - 10:50:06: [basecommands.smx] "Console<0><Console><Console>" changed cvar (cvar "sv_minrate") (value "128000")
L 05/29/2020 - 10:50:06: [basecommands.smx] "Console<0><Console><Console>" changed cvar (cvar "sv_maxcmdrate") (value "128")
L 05/29/2020 - 10:50:06: [basecommands.smx] "Console<0><Console><Console>" changed cvar (cvar "sv_mincmdrate") (value "128")
L 05/29/2020 - 10:50:06: [basecommands.smx] "Console<0><Console><Console>" changed cvar (cvar "sv_minupdaterate") (value "128")
L 05/29/2020 - 10:50:06: [basecommands.smx] "Console<0><Console><Console>" changed cvar (cvar "sv_maxupdaterate") (value "128")
L 05/29/2020 - 10:50:06: [basecommands.smx] "Console<0><Console><Console>" changed cvar (cvar "sv_maxunlag") (value "0.5")
L 05/29/2020 - 10:50:06: [basecommands.smx] "Console<0><Console><Console>" changed cvar (cvar "sv_unlag") (value "1")
L 05/29/2020 - 10:50:06: [chat-processor.smx] Message formats generated for game 'csgo'.
L 05/29/2020 - 10:50:06: [chat-processor.smx] Successfully hooked a SayText2 chat hook.
L 05/29/2020 - 10:50:07: [weapons.smx] Inactive players' data has been deleted
L 05/29/2020 - 11:06:20: [mapchooser.smx] Voting for next map has started.
L 05/29/2020 - 11:06:40: [mapchooser.smx] Voting for next map has finished. Nextmap: de_vertigo.
L 05/29/2020 - 11:09:18: [SM] Changed map to "de_vertigo"
L 05/29/2020 - 11:09:19: -------- Mapchange to de_vertigo --------
L 05/29/2020 - 11:09:21: [basecommands.smx] "Console<0><Console><Console>" changed cvar (cvar "sv_maxrate") (value "128000")
L 05/29/2020 - 11:09:21: [basecommands.smx] "Console<0><Console><Console>" changed cvar (cvar "sv_minrate") (value "128000")
L 05/29/2020 - 11:09:21: [basecommands.smx] "Console<0><Console><Console>" changed cvar (cvar "sv_maxcmdrate") (value "128")
L 05/29/2020 - 11:09:21: [basecommands.smx] "Console<0><Console><Console>" changed cvar (cvar "sv_mincmdrate") (value "128")
L 05/29/2020 - 11:09:21: [basecommands.smx] "Console<0><Console><Console>" changed cvar (cvar "sv_minupdaterate") (value "128")
L 05/29/2020 - 11:09:21: [basecommands.smx] "Console<0><Console><Console>" changed cvar (cvar "sv_maxupdaterate") (value "128")
L 05/29/2020 - 11:09:21: [basecommands.smx] "Console<0><Console><Console>" changed cvar (cvar "sv_maxunlag") (value "0.5")
L 05/29/2020 - 11:09:21: [basecommands.smx] "Console<0><Console><Console>" changed cvar (cvar "sv_unlag") (value "1")
L 05/29/2020 - 11:09:22: [chat-processor.smx] Message formats generated for game 'csgo'.
L 05/29/2020 - 11:09:22: [chat-processor.smx] Successfully hooked a SayText2 chat hook.
L 05/29/2020 - 11:09:23: [weapons.smx] Inactive players' data has been deleted
L 05/29/2020 - 11:25:55: [mapchooser.smx] Voting for next map has started.
L 05/29/2020 - 11:26:15: [mapchooser.smx] Voting for next map has finished. Nextmap: de_overpass.
L 05/29/2020 - 11:28:03: [SM] Changed map to "de_overpass"
L 05/29/2020 - 11:28:04: -------- Mapchange to de_overpass --------
L 05/29/2020 - 11:28:06: [basecommands.smx] "Console<0><Console><Console>" changed cvar (cvar "sv_maxrate") (value "128000")
L 05/29/2020 - 11:28:06: [basecommands.smx] "Console<0><Console><Console>" changed cvar (cvar "sv_minrate") (value "128000")
L 05/29/2020 - 11:28:06: [basecommands.smx] "Console<0><Console><Console>" changed cvar (cvar "sv_maxcmdrate") (value "128")
L 05/29/2020 - 11:28:06: [basecommands.smx] "Console<0><Console><Console>" changed cvar (cvar "sv_mincmdrate") (value "128")
L 05/29/2020 - 11:28:06: [basecommands.smx] "Console<0><Console><Console>" changed cvar (cvar "sv_minupdaterate") (value "128")
L 05/29/2020 - 11:28:06: [basecommands.smx] "Console<0><Console><Console>" changed cvar (cvar "sv_maxupdaterate") (value "128")
L 05/29/2020 - 11:28:06: [basecommands.smx] "Console<0><Console><Console>" changed cvar (cvar "sv_maxunlag") (value "0.5")
L 05/29/2020 - 11:28:06: [basecommands.smx] "Console<0><Console><Console>" changed cvar (cvar "sv_unlag") (value "1")
L 05/29/2020 - 11:28:07: [chat-processor.smx] Message formats generated for game 'csgo'.
L 05/29/2020 - 11:28:07: [chat-processor.smx] Successfully hooked a SayText2 chat hook.
L 05/29/2020 - 11:28:08: [weapons.smx] Inactive players' data has been deleted
L 05/29/2020 - 11:45:26: [mapchooser.smx] Voting for next map has started.
L 05/29/2020 - 11:45:35: [mapchooser.smx] Voting for next map has finished. Nextmap: de_inferno.
L 05/29/2020 - 11:47:19: [SM] Changed map to "de_inferno"
L 05/29/2020 - 11:47:20: -------- Mapchange to de_inferno --------
L 05/29/2020 - 11:47:22: [basecommands.smx] "Console<0><Console><Console>" changed cvar (cvar "sv_maxrate") (value "128000")
L 05/29/2020 - 11:47:22: [basecommands.smx] "Console<0><Console><Console>" changed cvar (cvar "sv_minrate") (value "128000")
L 05/29/2020 - 11:47:22: [basecommands.smx] "Console<0><Console><Console>" changed cvar (cvar "sv_maxcmdrate") (value "128")
L 05/29/2020 - 11:47:22: [basecommands.smx] "Console<0><Console><Console>" changed cvar (cvar "sv_mincmdrate") (value "128")
L 05/29/2020 - 11:47:22: [basecommands.smx] "Console<0><Console><Console>" changed cvar (cvar "sv_minupdaterate") (value "128")
L 05/29/2020 - 11:47:22: [basecommands.smx] "Console<0><Console><Console>" changed cvar (cvar "sv_maxupdaterate") (value "128")
L 05/29/2020 - 11:47:22: [basecommands.smx] "Console<0><Console><Console>" changed cvar (cvar "sv_maxunlag") (value "0.5")
L 05/29/2020 - 11:47:22: [basecommands.smx] "Console<0><Console><Console>" changed cvar (cvar "sv_unlag") (value "1")
L 05/29/2020 - 11:47:23: [chat-processor.smx] Message formats generated for game 'csgo'.
L 05/29/2020 - 11:47:23: [chat-processor.smx] Successfully hooked a SayText2 chat hook.
L 05/29/2020 - 11:47:24: [weapons.smx] Inactive players' data has been deleted
L 05/29/2020 - 12:05:07: [mapchooser.smx] Voting for next map has started.
L 05/29/2020 - 12:05:27: [mapchooser.smx] Voting for next map has finished. Nextmap: de_nuke.
L 05/29/2020 - 12:10:12: [SM] Changed map to "de_nuke"
L 05/29/2020 - 12:10:16: -------- Mapchange to de_nuke --------
L 05/29/2020 - 12:10:19: [basecommands.smx] "Console<0><Console><Console>" changed cvar (cvar "sv_maxrate") (value "128000")
L 05/29/2020 - 12:10:19: [basecommands.smx] "Console<0><Console><Console>" changed cvar (cvar "sv_minrate") (value "128000")
L 05/29/2020 - 12:10:19: [basecommands.smx] "Console<0><Console><Console>" changed cvar (cvar "sv_maxcmdrate") (value "128")
L 05/29/2020 - 12:10:19: [basecommands.smx] "Console<0><Console><Console>" changed cvar (cvar "sv_mincmdrate") (value "128")
L 05/29/2020 - 12:10:19: [basecommands.smx] "Console<0><Console><Console>" changed cvar (cvar "sv_minupdaterate") (value "128")
L 05/29/2020 - 12:10:19: [basecommands.smx] "Console<0><Console><Console>" changed cvar (cvar "sv_maxupdaterate") (value "128")
L 05/29/2020 - 12:10:19: [basecommands.smx] "Console<0><Console><Console>" changed cvar (cvar "sv_maxunlag") (value "0.5")
L 05/29/2020 - 12:10:19: [basecommands.smx] "Console<0><Console><Console>" changed cvar (cvar "sv_unlag") (value "1")
L 05/29/2020 - 12:10:19: [chat-processor.smx] Message formats generated for game 'csgo'.
L 05/29/2020 - 12:10:19: [chat-processor.smx] Successfully hooked a SayText2 chat hook.
L 05/29/2020 - 12:10:20: [weapons.smx] Inactive players' data has been deleted
L 05/29/2020 - 12:27:01: [mapchooser.smx] Voting for next map has started.
L 05/29/2020 - 12:27:09: [mapchooser.smx] Voting for next map has finished. Nextmap: de_mirage.
L 05/29/2020 - 12:28:37: [SM] Changed map to "de_mirage"
L 05/29/2020 - 12:28:38: -------- Mapchange to de_mirage --------
L 05/29/2020 - 12:28:40: [basecommands.smx] "Console<0><Console><Console>" changed cvar (cvar "sv_maxrate") (value "128000")
L 05/29/2020 - 12:28:40: [basecommands.smx] "Console<0><Console><Console>" changed cvar (cvar "sv_minrate") (value "128000")
L 05/29/2020 - 12:28:40: [basecommands.smx] "Console<0><Console><Console>" changed cvar (cvar "sv_maxcmdrate") (value "128")
L 05/29/2020 - 12:28:40: [basecommands.smx] "Console<0><Console><Console>" changed cvar (cvar "sv_mincmdrate") (value "128")
L 05/29/2020 - 12:28:40: [basecommands.smx] "Console<0><Console><Console>" changed cvar (cvar "sv_minupdaterate") (value "128")
L 05/29/2020 - 12:28:40: [basecommands.smx] "Console<0><Console><Console>" changed cvar (cvar "sv_maxupdaterate") (value "128")
L 05/29/2020 - 12:28:40: [basecommands.smx] "Console<0><Console><Console>" changed cvar (cvar "sv_maxunlag") (value "0.5")
L 05/29/2020 - 12:28:40: [basecommands.smx] "Console<0><Console><Console>" changed cvar (cvar "sv_unlag") (value "1")
L 05/29/2020 - 12:28:41: [chat-processor.smx] Message formats generated for game 'csgo'.
L 05/29/2020 - 12:28:41: [chat-processor.smx] Successfully hooked a SayText2 chat hook.
L 05/29/2020 - 12:28:43: [weapons.smx] Inactive players' data has been deleted
L 05/29/2020 - 12:45:49: [mapchooser.smx] Voting for next map has started.
L 05/29/2020 - 12:46:02: [mapchooser.smx] Voting for next map has finished. Nextmap: de_train.
L 05/29/2020 - 12:47:48: [SM] Changed map to "de_train"
L 05/29/2020 - 12:47:49: -------- Mapchange to de_train --------
L 05/29/2020 - 12:47:52: [basecommands.smx] "Console<0><Console><Console>" changed cvar (cvar "sv_maxrate") (value "128000")
L 05/29/2020 - 12:47:52: [basecommands.smx] "Console<0><Console><Console>" changed cvar (cvar "sv_minrate") (value "128000")
L 05/29/2020 - 12:47:52: [basecommands.smx] "Console<0><Console><Console>" changed cvar (cvar "sv_maxcmdrate") (value "128")
L 05/29/2020 - 12:47:52: [basecommands.smx] "Console<0><Console><Console>" changed cvar (cvar "sv_mincmdrate") (value "128")
L 05/29/2020 - 12:47:52: [basecommands.smx] "Console<0><Console><Console>" changed cvar (cvar "sv_minupdaterate") (value "128")
L 05/29/2020 - 12:47:52: [basecommands.smx] "Console<0><Console><Console>" changed cvar (cvar "sv_maxupdaterate") (value "128")
L 05/29/2020 - 12:47:52: [basecommands.smx] "Console<0><Console><Console>" changed cvar (cvar "sv_maxunlag") (value "0.5")
L 05/29/2020 - 12:47:52: [basecommands.smx] "Console<0><Console><Console>" changed cvar (cvar "sv_unlag") (value "1")
L 05/29/2020 - 12:47:52: [chat-processor.smx] Message formats generated for game 'csgo'.
L 05/29/2020 - 12:47:52: [chat-processor.smx] Successfully hooked a SayText2 chat hook.
L 05/29/2020 - 12:47:54: [weapons.smx] Inactive players' data has been deleted
L 05/29/2020 - 13:05:14: [mapchooser.smx] Voting for next map has started.
L 05/29/2020 - 13:05:21: [mapchooser.smx] Voting for next map has finished. Nextmap: de_dust2.
L 05/29/2020 - 13:07:01: [SM] Changed map to "de_dust2"
L 05/29/2020 - 13:07:05: -------- Mapchange to de_dust2 --------
L 05/29/2020 - 13:07:07: [basecommands.smx] "Console<0><Console><Console>" changed cvar (cvar "sv_maxrate") (value "128000")
L 05/29/2020 - 13:07:07: [basecommands.smx] "Console<0><Console><Console>" changed cvar (cvar "sv_minrate") (value "128000")
L 05/29/2020 - 13:07:07: [basecommands.smx] "Console<0><Console><Console>" changed cvar (cvar "sv_maxcmdrate") (value "128")
L 05/29/2020 - 13:07:07: [basecommands.smx] "Console<0><Console><Console>" changed cvar (cvar "sv_mincmdrate") (value "128")
L 05/29/2020 - 13:07:07: [basecommands.smx] "Console<0><Console><Console>" changed cvar (cvar "sv_minupdaterate") (value "128")
L 05/29/2020 - 13:07:07: [basecommands.smx] "Console<0><Console><Console>" changed cvar (cvar "sv_maxupdaterate") (value "128")
L 05/29/2020 - 13:07:07: [basecommands.smx] "Console<0><Console><Console>" changed cvar (cvar "sv_maxunlag") (value "0.5")
L 05/29/2020 - 13:07:07: [basecommands.smx] "Console<0><Console><Console>" changed cvar (cvar "sv_unlag") (value "1")
L 05/29/2020 - 13:07:08: [chat-processor.smx] Message formats generated for game 'csgo'.
L 05/29/2020 - 13:07:08: [chat-processor.smx] Successfully hooked a SayText2 chat hook.
L 05/29/2020 - 13:07:09: [weapons.smx] Inactive players' data has been deleted
L 05/29/2020 - 13:24:03: [mapchooser.smx] Voting for next map has started.
L 05/29/2020 - 13:24:09: [mapchooser.smx] Voting for next map has finished. Nextmap: de_vertigo.
L 05/29/2020 - 13:26:30: [SM] Changed map to "de_vertigo"
L 05/29/2020 - 13:26:31: -------- Mapchange to de_vertigo --------
L 05/29/2020 - 13:26:34: [basecommands.smx] "Console<0><Console><Console>" changed cvar (cvar "sv_maxrate") (value "128000")
L 05/29/2020 - 13:26:34: [basecommands.smx] "Console<0><Console><Console>" changed cvar (cvar "sv_minrate") (value "128000")
L 05/29/2020 - 13:26:34: [basecommands.smx] "Console<0><Console><Console>" changed cvar (cvar "sv_maxcmdrate") (value "128")
L 05/29/2020 - 13:26:34: [basecommands.smx] "Console<0><Console><Console>" changed cvar (cvar "sv_mincmdrate") (value "128")
L 05/29/2020 - 13:26:34: [basecommands.smx] "Console<0><Console><Console>" changed cvar (cvar "sv_minupdaterate") (value "128")
L 05/29/2020 - 13:26:34: [basecommands.smx] "Console<0><Console><Console>" changed cvar (cvar "sv_maxupdaterate") (value "128")
L 05/29/2020 - 13:26:34: [basecommands.smx] "Console<0><Console><Console>" changed cvar (cvar "sv_maxunlag") (value "0.5")
L 05/29/2020 - 13:26:34: [basecommands.smx] "Console<0><Console><Console>" changed cvar (cvar "sv_unlag") (value "1")
L 05/29/2020 - 13:26:34: [chat-processor.smx] Message formats generated for game 'csgo'.
L 05/29/2020 - 13:26:34: [chat-processor.smx] Successfully hooked a SayText2 chat hook.
L 05/29/2020 - 13:26:36: [weapons.smx] Inactive players' data has been deleted
L 05/29/2020 - 13:41:49: [mapchooser.smx] Voting for next map has started.
L 05/29/2020 - 13:42:09: [mapchooser.smx] Voting for next map has finished. Nextmap: de_cache.
L 05/29/2020 - 13:43:23: [SM] Changed map to "de_cache"
L 05/29/2020 - 13:43:26: -------- Mapchange to de_cache --------
L 05/29/2020 - 13:43:29: [basecommands.smx] "Console<0><Console><Console>" changed cvar (cvar "sv_maxrate") (value "128000")
L 05/29/2020 - 13:43:29: [basecommands.smx] "Console<0><Console><Console>" changed cvar (cvar "sv_minrate") (value "128000")
L 05/29/2020 - 13:43:29: [basecommands.smx] "Console<0><Console><Console>" changed cvar (cvar "sv_maxcmdrate") (value "128")
L 05/29/2020 - 13:43:29: [basecommands.smx] "Console<0><Console><Console>" changed cvar (cvar "sv_mincmdrate") (value "128")
L 05/29/2020 - 13:43:29: [basecommands.smx] "Console<0><Console><Console>" changed cvar (cvar "sv_minupdaterate") (value "128")
L 05/29/2020 - 13:43:29: [basecommands.smx] "Console<0><Console><Console>" changed cvar (cvar "sv_maxupdaterate") (value "128")
L 05/29/2020 - 13:43:29: [basecommands.smx] "Console<0><Console><Console>" changed cvar (cvar "sv_maxunlag") (value "0.5")
L 05/29/2020 - 13:43:29: [basecommands.smx] "Console<0><Console><Console>" changed cvar (cvar "sv_unlag") (value "1")
L 05/29/2020 - 13:43:30: [chat-processor.smx] Message formats generated for game 'csgo'.
L 05/29/2020 - 13:43:30: [chat-processor.smx] Successfully hooked a SayText2 chat hook.
L 05/29/2020 - 13:43:31: [weapons.smx] Inactive players' data has been deleted
L 05/29/2020 - 13:59:36: [mapchooser.smx] Voting for next map has started.
L 05/29/2020 - 13:59:45: [mapchooser.smx] Voting for next map has finished. Nextmap: de_inferno.
L 05/29/2020 - 14:01:24: [SM] Changed map to "de_inferno"
L 05/29/2020 - 14:01:25: -------- Mapchange to de_inferno --------
L 05/29/2020 - 14:01:28: [chat-processor.smx] Message formats generated for game 'csgo'.
L 05/29/2020 - 14:01:28: [chat-processor.smx] Successfully hooked a SayText2 chat hook.
L 05/29/2020 - 14:01:30: [weapons.smx] Inactive players' data has been deleted
L 05/29/2020 - 14:20:03: [mapchooser.smx] Voting for next map has started.
L 05/29/2020 - 14:20:13: [mapchooser.smx] Voting for next map has finished. Nextmap: de_overpass.
L 05/29/2020 - 14:25:09: [rockthevote.smx] RTV changing map manually
L 05/29/2020 - 14:25:09: [SM] Changed map to "de_overpass"
L 05/29/2020 - 14:25:10: -------- Mapchange to de_overpass --------
L 05/29/2020 - 14:25:12: [basecommands.smx] "Console<0><Console><Console>" changed cvar (cvar "sv_maxrate") (value "128000")
L 05/29/2020 - 14:25:12: [basecommands.smx] "Console<0><Console><Console>" changed cvar (cvar "sv_minrate") (value "128000")
L 05/29/2020 - 14:25:12: [basecommands.smx] "Console<0><Console><Console>" changed cvar (cvar "sv_maxcmdrate") (value "128")
L 05/29/2020 - 14:25:12: [basecommands.smx] "Console<0><Console><Console>" changed cvar (cvar "sv_mincmdrate") (value "128")
L 05/29/2020 - 14:25:12: [basecommands.smx] "Console<0><Console><Console>" changed cvar (cvar "sv_minupdaterate") (value "128")
L 05/29/2020 - 14:25:12: [basecommands.smx] "Console<0><Console><Console>" changed cvar (cvar "sv_maxupdaterate") (value "128")
L 05/29/2020 - 14:25:12: [basecommands.smx] "Console<0><Console><Console>" changed cvar (cvar "sv_maxunlag") (value "0.5")
L 05/29/2020 - 14:25:12: [basecommands.smx] "Console<0><Console><Console>" changed cvar (cvar "sv_unlag") (value "1")
L 05/29/2020 - 14:25:13: [chat-processor.smx] Message formats generated for game 'csgo'.
L 05/29/2020 - 14:25:13: [chat-processor.smx] Successfully hooked a SayText2 chat hook.
L 05/29/2020 - 14:25:14: [weapons.smx] Inactive players' data has been deleted
L 05/29/2020 - 14:38:08: [mapchooser.smx] Voting for next map has started.
L 05/29/2020 - 14:38:29: [mapchooser.smx] Voting for next map has finished. Nextmap: de_mirage.
L 05/29/2020 - 14:40:14: [SM] Changed map to "de_mirage"
L 05/29/2020 - 14:40:15: -------- Mapchange to de_mirage --------
L 05/29/2020 - 14:40:17: [basecommands.smx] "Console<0><Console><Console>" changed cvar (cvar "sv_maxrate") (value "128000")
L 05/29/2020 - 14:40:17: [basecommands.smx] "Console<0><Console><Console>" changed cvar (cvar "sv_minrate") (value "128000")
L 05/29/2020 - 14:40:17: [basecommands.smx] "Console<0><Console><Console>" changed cvar (cvar "sv_maxcmdrate") (value "128")
L 05/29/2020 - 14:40:17: [basecommands.smx] "Console<0><Console><Console>" changed cvar (cvar "sv_mincmdrate") (value "128")
L 05/29/2020 - 14:40:17: [basecommands.smx] "Console<0><Console><Console>" changed cvar (cvar "sv_minupdaterate") (value "128")
L 05/29/2020 - 14:40:17: [basecommands.smx] "Console<0><Console><Console>" changed cvar (cvar "sv_maxupdaterate") (value "128")
L 05/29/2020 - 14:40:17: [basecommands.smx] "Console<0><Console><Console>" changed cvar (cvar "sv_maxunlag") (value "0.5")
L 05/29/2020 - 14:40:17: [basecommands.smx] "Console<0><Console><Console>" changed cvar (cvar "sv_unlag") (value "1")
L 05/29/2020 - 14:40:18: [chat-processor.smx] Message formats generated for game 'csgo'.
L 05/29/2020 - 14:40:18: [chat-processor.smx] Successfully hooked a SayText2 chat hook.
L 05/29/2020 - 14:40:20: [weapons.smx] Inactive players' data has been deleted
L 05/29/2020 - 14:56:33: [mapchooser.smx] Voting for next map has started.
L 05/29/2020 - 14:56:53: [mapchooser.smx] Voting for next map has finished. Nextmap: de_train.
L 05/29/2020 - 15:16:46: [SM] Changed map to "de_train"
L 05/29/2020 - 15:16:47: -------- Mapchange to de_train --------
L 05/29/2020 - 15:16:49: [basecommands.smx] "Console<0><Console><Console>" changed cvar (cvar "sv_maxrate") (value "128000")
L 05/29/2020 - 15:16:49: [basecommands.smx] "Console<0><Console><Console>" changed cvar (cvar "sv_minrate") (value "128000")
L 05/29/2020 - 15:16:49: [basecommands.smx] "Console<0><Console><Console>" changed cvar (cvar "sv_maxcmdrate") (value "128")
L 05/29/2020 - 15:16:49: [basecommands.smx] "Console<0><Console><Console>" changed cvar (cvar "sv_mincmdrate") (value "128")
L 05/29/2020 - 15:16:49: [basecommands.smx] "Console<0><Console><Console>" changed cvar (cvar "sv_minupdaterate") (value "128")
L 05/29/2020 - 15:16:49: [basecommands.smx] "Console<0><Console><Console>" changed cvar (cvar "sv_maxupdaterate") (value "128")
L 05/29/2020 - 15:16:49: [basecommands.smx] "Console<0><Console><Console>" changed cvar (cvar "sv_maxunlag") (value "0.5")
L 05/29/2020 - 15:16:49: [basecommands.smx] "Console<0><Console><Console>" changed cvar (cvar "sv_unlag") (value "1")
L 05/29/2020 - 15:16:50: [chat-processor.smx] Message formats generated for game 'csgo'.
L 05/29/2020 - 15:16:50: [chat-processor.smx] Successfully hooked a SayText2 chat hook.
L 05/29/2020 - 15:16:52: [weapons.smx] Inactive players' data has been deleted
L 05/29/2020 - 15:34:20: [mapchooser.smx] Voting for next map has started.
L 05/29/2020 - 15:34:33: [mapchooser.smx] Voting for next map has finished. Nextmap: de_dust2.
L 05/29/2020 - 15:36:10: [SM] Changed map to "de_dust2"
L 05/29/2020 - 15:36:14: -------- Mapchange to de_dust2 --------
L 05/29/2020 - 15:36:16: [basecommands.smx] "Console<0><Console><Console>" changed cvar (cvar "sv_maxrate") (value "128000")
L 05/29/2020 - 15:36:16: [basecommands.smx] "Console<0><Console><Console>" changed cvar (cvar "sv_minrate") (value "128000")
L 05/29/2020 - 15:36:16: [basecommands.smx] "Console<0><Console><Console>" changed cvar (cvar "sv_maxcmdrate") (value "128")
L 05/29/2020 - 15:36:16: [basecommands.smx] "Console<0><Console><Console>" changed cvar (cvar "sv_mincmdrate") (value "128")
L 05/29/2020 - 15:36:16: [basecommands.smx] "Console<0><Console><Console>" changed cvar (cvar "sv_minupdaterate") (value "128")
L 05/29/2020 - 15:36:16: [basecommands.smx] "Console<0><Console><Console>" changed cvar (cvar "sv_maxupdaterate") (value "128")
L 05/29/2020 - 15:36:16: [basecommands.smx] "Console<0><Console><Console>" changed cvar (cvar "sv_maxunlag") (value "0.5")
L 05/29/2020 - 15:36:16: [basecommands.smx] "Console<0><Console><Console>" changed cvar (cvar "sv_unlag") (value "1")
L 05/29/2020 - 15:36:17: [chat-processor.smx] Message formats generated for game 'csgo'.
L 05/29/2020 - 15:36:17: [chat-processor.smx] Successfully hooked a SayText2 chat hook.
L 05/29/2020 - 15:36:18: [weapons.smx] Inactive players' data has been deleted
L 05/29/2020 - 15:52:11: [mapchooser.smx] Voting for next map has started.
L 05/29/2020 - 15:52:17: [mapchooser.smx] Voting for next map has finished. Nextmap: de_vertigo.
L 05/29/2020 - 15:54:02: [SM] Changed map to "de_vertigo"
L 05/29/2020 - 15:54:03: -------- Mapchange to de_vertigo --------
L 05/29/2020 - 15:54:05: [basecommands.smx] "Console<0><Console><Console>" changed cvar (cvar "sv_maxrate") (value "128000")
L 05/29/2020 - 15:54:05: [basecommands.smx] "Console<0><Console><Console>" changed cvar (cvar "sv_minrate") (value "128000")
L 05/29/2020 - 15:54:05: [basecommands.smx] "Console<0><Console><Console>" changed cvar (cvar "sv_maxcmdrate") (value "128")
L 05/29/2020 - 15:54:05: [basecommands.smx] "Console<0><Console><Console>" changed cvar (cvar "sv_mincmdrate") (value "128")
L 05/29/2020 - 15:54:05: [basecommands.smx] "Console<0><Console><Console>" changed cvar (cvar "sv_minupdaterate") (value "128")
L 05/29/2020 - 15:54:05: [basecommands.smx] "Console<0><Console><Console>" changed cvar (cvar "sv_maxupdaterate") (value "128")
L 05/29/2020 - 15:54:05: [basecommands.smx] "Console<0><Console><Console>" changed cvar (cvar "sv_maxunlag") (value "0.5")
L 05/29/2020 - 15:54:05: [basecommands.smx] "Console<0><Console><Console>" changed cvar (cvar "sv_unlag") (value "1")
L 05/29/2020 - 15:54:06: [chat-processor.smx] Message formats generated for game 'csgo'.
L 05/29/2020 - 15:54:06: [chat-processor.smx] Successfully hooked a SayText2 chat hook.
L 05/29/2020 - 15:54:07: [weapons.smx] Inactive players' data has been deleted
L 05/29/2020 - 16:09:13: [mapchooser.smx] Voting for next map has started.
L 05/29/2020 - 16:09:33: [mapchooser.smx] Voting for next map has finished. Nextmap: de_cache.
L 05/29/2020 - 16:10:35: [SM] Changed map to "de_cache"
L 05/29/2020 - 16:10:39: -------- Mapchange to de_cache --------
L 05/29/2020 - 16:10:41: [basecommands.smx] "Console<0><Console><Console>" changed cvar (cvar "sv_maxrate") (value "128000")
L 05/29/2020 - 16:10:41: [basecommands.smx] "Console<0><Console><Console>" changed cvar (cvar "sv_minrate") (value "128000")
L 05/29/2020 - 16:10:41: [basecommands.smx] "Console<0><Console><Console>" changed cvar (cvar "sv_maxcmdrate") (value "128")
L 05/29/2020 - 16:10:41: [basecommands.smx] "Console<0><Console><Console>" changed cvar (cvar "sv_mincmdrate") (value "128")
L 05/29/2020 - 16:10:41: [basecommands.smx] "Console<0><Console><Console>" changed cvar (cvar "sv_minupdaterate") (value "128")
L 05/29/2020 - 16:10:41: [basecommands.smx] "Console<0><Console><Console>" changed cvar (cvar "sv_maxupdaterate") (value "128")
L 05/29/2020 - 16:10:41: [basecommands.smx] "Console<0><Console><Console>" changed cvar (cvar "sv_maxunlag") (value "0.5")
L 05/29/2020 - 16:10:41: [basecommands.smx] "Console<0><Console><Console>" changed cvar (cvar "sv_unlag") (value "1")
L 05/29/2020 - 16:10:42: [chat-processor.smx] Message formats generated for game 'csgo'.
L 05/29/2020 - 16:10:42: [chat-processor.smx] Successfully hooked a SayText2 chat hook.
L 05/29/2020 - 16:10:43: [weapons.smx] Inactive players' data has been deleted
L 05/29/2020 - 16:26:21: [mapchooser.smx] Voting for next map has started.
L 05/29/2020 - 16:26:28: [mapchooser.smx] Voting for next map has finished. Nextmap: de_inferno.
L 05/29/2020 - 16:28:21: [SM] Changed map to "de_inferno"
L 05/29/2020 - 16:28:22: -------- Mapchange to de_inferno --------
L 05/29/2020 - 16:28:24: [basecommands.smx] "Console<0><Console><Console>" changed cvar (cvar "sv_maxrate") (value "128000")
L 05/29/2020 - 16:28:24: [basecommands.smx] "Console<0><Console><Console>" changed cvar (cvar "sv_minrate") (value "128000")
L 05/29/2020 - 16:28:24: [basecommands.smx] "Console<0><Console><Console>" changed cvar (cvar "sv_maxcmdrate") (value "128")
L 05/29/2020 - 16:28:24: [basecommands.smx] "Console<0><Console><Console>" changed cvar (cvar "sv_mincmdrate") (value "128")
L 05/29/2020 - 16:28:24: [basecommands.smx] "Console<0><Console><Console>" changed cvar (cvar "sv_minupdaterate") (value "128")
L 05/29/2020 - 16:28:24: [basecommands.smx] "Console<0><Console><Console>" changed cvar (cvar "sv_maxupdaterate") (value "128")
L 05/29/2020 - 16:28:24: [basecommands.smx] "Console<0><Console><Console>" changed cvar (cvar "sv_maxunlag") (value "0.5")
L 05/29/2020 - 16:28:24: [basecommands.smx] "Console<0><Console><Console>" changed cvar (cvar "sv_unlag") (value "1")
L 05/29/2020 - 16:28:25: [chat-processor.smx] Message formats generated for game 'csgo'.
L 05/29/2020 - 16:28:25: [chat-processor.smx] Successfully hooked a SayText2 chat hook.
L 05/29/2020 - 16:28:26: [weapons.smx] Inactive players' data has been deleted
L 05/29/2020 - 16:44:56: [mapchooser.smx] Voting for next map has started.
L 05/29/2020 - 16:45:07: [mapchooser.smx] Voting for next map has finished. Nextmap: de_overpass.
L 05/29/2020 - 16:47:39: [SM] Changed map to "de_overpass"
L 05/29/2020 - 16:47:40: -------- Mapchange to de_overpass --------
L 05/29/2020 - 16:47:43: [basecommands.smx] "Console<0><Console><Console>" changed cvar (cvar "sv_maxrate") (value "128000")
L 05/29/2020 - 16:47:43: [basecommands.smx] "Console<0><Console><Console>" changed cvar (cvar "sv_minrate") (value "128000")
L 05/29/2020 - 16:47:43: [basecommands.smx] "Console<0><Console><Console>" changed cvar (cvar "sv_maxcmdrate") (value "128")
L 05/29/2020 - 16:47:43: [basecommands.smx] "Console<0><Console><Console>" changed cvar (cvar "sv_mincmdrate") (value "128")
L 05/29/2020 - 16:47:43: [basecommands.smx] "Console<0><Console><Console>" changed cvar (cvar "sv_minupdaterate") (value "128")
L 05/29/2020 - 16:47:43: [basecommands.smx] "Console<0><Console><Console>" changed cvar (cvar "sv_maxupdaterate") (value "128")
L 05/29/2020 - 16:47:43: [basecommands.smx] "Console<0><Console><Console>" changed cvar (cvar "sv_maxunlag") (value "0.5")
L 05/29/2020 - 16:47:43: [basecommands.smx] "Console<0><Console><Console>" changed cvar (cvar "sv_unlag") (value "1")
L 05/29/2020 - 16:47:43: [chat-processor.smx] Message formats generated for game 'csgo'.
L 05/29/2020 - 16:47:43: [chat-processor.smx] Successfully hooked a SayText2 chat hook.
L 05/29/2020 - 16:47:45: [weapons.smx] Inactive players' data has been deleted
L 05/29/2020 - 17:03:26: [mapchooser.smx] Voting for next map has started.
L 05/29/2020 - 17:03:46: [mapchooser.smx] Voting for next map has finished. Nextmap: de_mirage.
L 05/29/2020 - 17:05:33: [SM] Changed map to "de_mirage"
L 05/29/2020 - 17:05:34: -------- Mapchange to de_mirage --------
L 05/29/2020 - 17:05:36: [basecommands.smx] "Console<0><Console><Console>" changed cvar (cvar "sv_maxrate") (value "128000")
L 05/29/2020 - 17:05:36: [basecommands.smx] "Console<0><Console><Console>" changed cvar (cvar "sv_minrate") (value "128000")
L 05/29/2020 - 17:05:36: [basecommands.smx] "Console<0><Console><Console>" changed cvar (cvar "sv_maxcmdrate") (value "128")
L 05/29/2020 - 17:05:36: [basecommands.smx] "Console<0><Console><Console>" changed cvar (cvar "sv_mincmdrate") (value "128")
L 05/29/2020 - 17:05:36: [basecommands.smx] "Console<0><Console><Console>" changed cvar (cvar "sv_minupdaterate") (value "128")
L 05/29/2020 - 17:05:36: [basecommands.smx] "Console<0><Console><Console>" changed cvar (cvar "sv_maxupdaterate") (value "128")
L 05/29/2020 - 17:05:36: [basecommands.smx] "Console<0><Console><Console>" changed cvar (cvar "sv_maxunlag") (value "0.5")
L 05/29/2020 - 17:05:36: [basecommands.smx] "Console<0><Console><Console>" changed cvar (cvar "sv_unlag") (value "1")
L 05/29/2020 - 17:05:37: [chat-processor.smx] Message formats generated for game 'csgo'.
L 05/29/2020 - 17:05:37: [chat-processor.smx] Successfully hooked a SayText2 chat hook.
L 05/29/2020 - 17:05:38: [weapons.smx] Inactive players' data has been deleted
L 05/29/2020 - 17:23:54: [mapchooser.smx] Voting for next map has started.
L 05/29/2020 - 17:24:15: [mapchooser.smx] Voting for next map has finished. Nextmap: de_train.
L 05/29/2020 - 17:26:30: [SM] Changed map to "de_train"
L 05/29/2020 - 17:26:31: -------- Mapchange to de_train --------
L 05/29/2020 - 17:26:34: [basecommands.smx] "Console<0><Console><Console>" changed cvar (cvar "sv_maxrate") (value "128000")
L 05/29/2020 - 17:26:34: [basecommands.smx] "Console<0><Console><Console>" changed cvar (cvar "sv_minrate") (value "128000")
L 05/29/2020 - 17:26:34: [basecommands.smx] "Console<0><Console><Console>" changed cvar (cvar "sv_maxcmdrate") (value "128")
L 05/29/2020 - 17:26:34: [basecommands.smx] "Console<0><Console><Console>" changed cvar (cvar "sv_mincmdrate") (value "128")
L 05/29/2020 - 17:26:34: [basecommands.smx] "Console<0><Console><Console>" changed cvar (cvar "sv_minupdaterate") (value "128")
L 05/29/2020 - 17:26:34: [basecommands.smx] "Console<0><Console><Console>" changed cvar (cvar "sv_maxupdaterate") (value "128")
L 05/29/2020 - 17:26:34: [basecommands.smx] "Console<0><Console><Console>" changed cvar (cvar "sv_maxunlag") (value "0.5")
L 05/29/2020 - 17:26:34: [basecommands.smx] "Console<0><Console><Console>" changed cvar (cvar "sv_unlag") (value "1")
L 05/29/2020 - 17:26:34: [chat-processor.smx] Message formats generated for game 'csgo'.
L 05/29/2020 - 17:26:34: [chat-processor.smx] Successfully hooked a SayText2 chat hook.
L 05/29/2020 - 17:26:35: [weapons.smx] Inactive players' data has been deleted
L 05/29/2020 - 17:35:18: [basecommands.smx] "Void<723><STEAM_1:0:223404915><>" refreshed the admin cache.
L 05/29/2020 - 17:43:30: [mapchooser.smx] Voting for next map has started.
L 05/29/2020 - 17:43:36: [mapchooser.smx] Voting for next map has finished. Nextmap: de_dust2.
L 05/29/2020 - 17:45:17: [SM] Changed map to "de_dust2"
L 05/29/2020 - 17:45:20: -------- Mapchange to de_dust2 --------
L 05/29/2020 - 17:45:23: [basecommands.smx] "Console<0><Console><Console>" changed cvar (cvar "sv_maxrate") (value "128000")
L 05/29/2020 - 17:45:23: [basecommands.smx] "Console<0><Console><Console>" changed cvar (cvar "sv_minrate") (value "128000")
L 05/29/2020 - 17:45:23: [basecommands.smx] "Console<0><Console><Console>" changed cvar (cvar "sv_maxcmdrate") (value "128")
L 05/29/2020 - 17:45:23: [basecommands.smx] "Console<0><Console><Console>" changed cvar (cvar "sv_mincmdrate") (value "128")
L 05/29/2020 - 17:45:23: [basecommands.smx] "Console<0><Console><Console>" changed cvar (cvar "sv_minupdaterate") (value "128")
L 05/29/2020 - 17:45:23: [basecommands.smx] "Console<0><Console><Console>" changed cvar (cvar "sv_maxupdaterate") (value "128")
L 05/29/2020 - 17:45:23: [basecommands.smx] "Console<0><Console><Console>" changed cvar (cvar "sv_maxunlag") (value "0.5")
L 05/29/2020 - 17:45:23: [basecommands.smx] "Console<0><Console><Console>" changed cvar (cvar "sv_unlag") (value "1")
L 05/29/2020 - 17:45:23: [chat-processor.smx] Message formats generated for game 'csgo'.
L 05/29/2020 - 17:45:23: [chat-processor.smx] Successfully hooked a SayText2 chat hook.
L 05/29/2020 - 17:45:25: [weapons.smx] Inactive players' data has been deleted
L 05/29/2020 - 17:47:23: "Pizza<732><STEAM_1:1:41900227><>" was already connected to the server.
L 05/29/2020 - 18:03:02: [mapchooser.smx] Voting for next map has started.
L 05/29/2020 - 18:03:23: [mapchooser.smx] Voting for next map has finished. Nextmap: de_vertigo.
L 05/29/2020 - 18:05:22: [SM] Changed map to "de_vertigo"
L 05/29/2020 - 18:05:23: -------- Mapchange to de_vertigo --------
L 05/29/2020 - 18:05:26: [basecommands.smx] "Console<0><Console><Console>" changed cvar (cvar "sv_maxrate") (value "128000")
L 05/29/2020 - 18:05:26: [basecommands.smx] "Console<0><Console><Console>" changed cvar (cvar "sv_minrate") (value "128000")
L 05/29/2020 - 18:05:26: [basecommands.smx] "Console<0><Console><Console>" changed cvar (cvar "sv_maxcmdrate") (value "128")
L 05/29/2020 - 18:05:26: [basecommands.smx] "Console<0><Console><Console>" changed cvar (cvar "sv_mincmdrate") (value "128")
L 05/29/2020 - 18:05:26: [basecommands.smx] "Console<0><Console><Console>" changed cvar (cvar "sv_minupdaterate") (value "128")
L 05/29/2020 - 18:05:26: [basecommands.smx] "Console<0><Console><Console>" changed cvar (cvar "sv_maxupdaterate") (value "128")
L 05/29/2020 - 18:05:26: [basecommands.smx] "Console<0><Console><Console>" changed cvar (cvar "sv_maxunlag") (value "0.5")
L 05/29/2020 - 18:05:26: [basecommands.smx] "Console<0><Console><Console>" changed cvar (cvar "sv_unlag") (value "1")
L 05/29/2020 - 18:05:26: [chat-processor.smx] Message formats generated for game 'csgo'.
L 05/29/2020 - 18:05:26: [chat-processor.smx] Successfully hooked a SayText2 chat hook.
L 05/29/2020 - 18:05:28: [weapons.smx] Inactive players' data has been deleted
L 05/29/2020 - 18:21:29: [mapchooser.smx] Voting for next map has started.
L 05/29/2020 - 18:21:35: [mapchooser.smx] Voting for next map has finished. Nextmap: de_cache.
L 05/29/2020 - 18:24:31: [SM] Changed map to "de_cache"
L 05/29/2020 - 18:24:34: -------- Mapchange to de_cache --------
L 05/29/2020 - 18:24:37: [basecommands.smx] "Console<0><Console><Console>" changed cvar (cvar "sv_maxrate") (value "128000")
L 05/29/2020 - 18:24:37: [basecommands.smx] "Console<0><Console><Console>" changed cvar (cvar "sv_minrate") (value "128000")
L 05/29/2020 - 18:24:37: [basecommands.smx] "Console<0><Console><Console>" changed cvar (cvar "sv_maxcmdrate") (value "128")
L 05/29/2020 - 18:24:37: [basecommands.smx] "Console<0><Console><Console>" changed cvar (cvar "sv_mincmdrate") (value "128")
L 05/29/2020 - 18:24:37: [basecommands.smx] "Console<0><Console><Console>" changed cvar (cvar "sv_minupdaterate") (value "128")
L 05/29/2020 - 18:24:37: [basecommands.smx] "Console<0><Console><Console>" changed cvar (cvar "sv_maxupdaterate") (value "128")
L 05/29/2020 - 18:24:37: [basecommands.smx] "Console<0><Console><Console>" changed cvar (cvar "sv_maxunlag") (value "0.5")
L 05/29/2020 - 18:24:37: [basecommands.smx] "Console<0><Console><Console>" changed cvar (cvar "sv_unlag") (value "1")
L 05/29/2020 - 18:24:38: [chat-processor.smx] Message formats generated for game 'csgo'.
L 05/29/2020 - 18:24:38: [chat-processor.smx] Successfully hooked a SayText2 chat hook.
L 05/29/2020 - 18:24:38: [weapons.smx] Inactive players' data has been deleted
L 05/29/2020 - 18:39:43: [mapchooser.smx] Voting for next map has started.
L 05/29/2020 - 18:39:58: [mapchooser.smx] Voting for next map has finished. Nextmap: de_nuke.
L 05/29/2020 - 18:42:35: [SM] Changed map to "de_nuke"
L 05/29/2020 - 18:42:38: -------- Mapchange to de_nuke --------
L 05/29/2020 - 18:42:41: [basecommands.smx] "Console<0><Console><Console>" changed cvar (cvar "sv_maxrate") (value "128000")
L 05/29/2020 - 18:42:41: [basecommands.smx] "Console<0><Console><Console>" changed cvar (cvar "sv_minrate") (value "128000")
L 05/29/2020 - 18:42:41: [basecommands.smx] "Console<0><Console><Console>" changed cvar (cvar "sv_maxcmdrate") (value "128")
L 05/29/2020 - 18:42:41: [basecommands.smx] "Console<0><Console><Console>" changed cvar (cvar "sv_mincmdrate") (value "128")
L 05/29/2020 - 18:42:41: [basecommands.smx] "Console<0><Console><Console>" changed cvar (cvar "sv_minupdaterate") (value "128")
L 05/29/2020 - 18:42:41: [basecommands.smx] "Console<0><Console><Console>" changed cvar (cvar "sv_maxupdaterate") (value "128")
L 05/29/2020 - 18:42:41: [basecommands.smx] "Console<0><Console><Console>" changed cvar (cvar "sv_maxunlag") (value "0.5")
L 05/29/2020 - 18:42:41: [basecommands.smx] "Console<0><Console><Console>" changed cvar (cvar "sv_unlag") (value "1")
L 05/29/2020 - 18:42:41: [chat-processor.smx] Message formats generated for game 'csgo'.
L 05/29/2020 - 18:42:41: [chat-processor.smx] Successfully hooked a SayText2 chat hook.
L 05/29/2020 - 18:42:43: [weapons.smx] Inactive players' data has been deleted
L 05/29/2020 - 18:45:19: [mapchooser.smx] Starting map vote because outside request
L 05/29/2020 - 18:45:19: [mapchooser.smx] Voting for next map has started.
L 05/29/2020 - 18:45:34: [mapchooser.smx] Voting for next map has finished. Nextmap: de_inferno.
L 05/29/2020 - 18:45:36: [SM] Changed map to "de_inferno"
L 05/29/2020 - 18:45:37: -------- Mapchange to de_inferno --------
L 05/29/2020 - 18:45:40: [basecommands.smx] "Console<0><Console><Console>" changed cvar (cvar "sv_maxrate") (value "128000")
L 05/29/2020 - 18:45:40: [basecommands.smx] "Console<0><Console><Console>" changed cvar (cvar "sv_minrate") (value "128000")
L 05/29/2020 - 18:45:40: [basecommands.smx] "Console<0><Console><Console>" changed cvar (cvar "sv_maxcmdrate") (value "128")
L 05/29/2020 - 18:45:40: [basecommands.smx] "Console<0><Console><Console>" changed cvar (cvar "sv_mincmdrate") (value "128")
L 05/29/2020 - 18:45:40: [basecommands.smx] "Console<0><Console><Console>" changed cvar (cvar "sv_minupdaterate") (value "128")
L 05/29/2020 - 18:45:40: [basecommands.smx] "Console<0><Console><Console>" changed cvar (cvar "sv_maxupdaterate") (value "128")
L 05/29/2020 - 18:45:40: [basecommands.smx] "Console<0><Console><Console>" changed cvar (cvar "sv_maxunlag") (value "0.5")
L 05/29/2020 - 18:45:40: [basecommands.smx] "Console<0><Console><Console>" changed cvar (cvar "sv_unlag") (value "1")
L 05/29/2020 - 18:45:40: [chat-processor.smx] Message formats generated for game 'csgo'.
L 05/29/2020 - 18:45:40: [chat-processor.smx] Successfully hooked a SayText2 chat hook.
L 05/29/2020 - 18:45:42: [weapons.smx] Inactive players' data has been deleted
L 05/29/2020 - 18:55:23: [basecomm.smx] "Console<0><Console><Console>" muted "Blizz-Depro-LFT<769><STEAM_1:0:7632961><>"
L 05/29/2020 - 18:55:23: [basecomm.smx] "Console<0><Console><Console>" gagged "Blizz-Depro-LFT<769><STEAM_1:0:7632961><>"
L 05/29/2020 - 19:01:41: [mapchooser.smx] Voting for next map has started.
L 05/29/2020 - 19:01:50: [mapchooser.smx] Voting for next map has finished. Nextmap: de_mirage.
L 05/29/2020 - 19:03:54: [SM] Changed map to "de_mirage"
L 05/29/2020 - 19:03:54: -------- Mapchange to de_mirage --------
L 05/29/2020 - 19:03:57: [basecommands.smx] "Console<0><Console><Console>" changed cvar (cvar "sv_maxrate") (value "128000")
L 05/29/2020 - 19:03:57: [basecommands.smx] "Console<0><Console><Console>" changed cvar (cvar "sv_minrate") (value "128000")
L 05/29/2020 - 19:03:57: [basecommands.smx] "Console<0><Console><Console>" changed cvar (cvar "sv_maxcmdrate") (value "128")
L 05/29/2020 - 19:03:57: [basecommands.smx] "Console<0><Console><Console>" changed cvar (cvar "sv_mincmdrate") (value "128")
L 05/29/2020 - 19:03:57: [basecommands.smx] "Console<0><Console><Console>" changed cvar (cvar "sv_minupdaterate") (value "128")
L 05/29/2020 - 19:03:57: [basecommands.smx] "Console<0><Console><Console>" changed cvar (cvar "sv_maxupdaterate") (value "128")
L 05/29/2020 - 19:03:57: [basecommands.smx] "Console<0><Console><Console>" changed cvar (cvar "sv_maxunlag") (value "0.5")
L 05/29/2020 - 19:03:57: [basecommands.smx] "Console<0><Console><Console>" changed cvar (cvar "sv_unlag") (value "1")
L 05/29/2020 - 19:03:57: [chat-processor.smx] Message formats generated for game 'csgo'.
L 05/29/2020 - 19:03:57: [chat-processor.smx] Successfully hooked a SayText2 chat hook.
L 05/29/2020 - 19:03:59: [weapons.smx] Inactive players' data has been deleted
L 05/29/2020 - 19:21:31: [mapchooser.smx] Voting for next map has started.
L 05/29/2020 - 19:21:41: [mapchooser.smx] Voting for next map has finished. Nextmap: de_overpass.
L 05/29/2020 - 19:23:38: [SM] Changed map to "de_overpass"
L 05/29/2020 - 19:23:39: -------- Mapchange to de_overpass --------
L 05/29/2020 - 19:23:41: [basecommands.smx] "Console<0><Console><Console>" changed cvar (cvar "sv_maxrate") (value "128000")
L 05/29/2020 - 19:23:41: [basecommands.smx] "Console<0><Console><Console>" changed cvar (cvar "sv_minrate") (value "128000")
L 05/29/2020 - 19:23:41: [basecommands.smx] "Console<0><Console><Console>" changed cvar (cvar "sv_maxcmdrate") (value "128")
L 05/29/2020 - 19:23:41: [basecommands.smx] "Console<0><Console><Console>" changed cvar (cvar "sv_mincmdrate") (value "128")
L 05/29/2020 - 19:23:41: [basecommands.smx] "Console<0><Console><Console>" changed cvar (cvar "sv_minupdaterate") (value "128")
L 05/29/2020 - 19:23:41: [basecommands.smx] "Console<0><Console><Console>" changed cvar (cvar "sv_maxupdaterate") (value "128")
L 05/29/2020 - 19:23:41: [basecommands.smx] "Console<0><Console><Console>" changed cvar (cvar "sv_maxunlag") (value "0.5")
L 05/29/2020 - 19:23:41: [basecommands.smx] "Console<0><Console><Console>" changed cvar (cvar "sv_unlag") (value "1")
L 05/29/2020 - 19:23:42: [chat-processor.smx] Message formats generated for game 'csgo'.
L 05/29/2020 - 19:23:42: [chat-processor.smx] Successfully hooked a SayText2 chat hook.
L 05/29/2020 - 19:23:44: [weapons.smx] Inactive players' data has been deleted
L 05/29/2020 - 19:39:07: [mapchooser.smx] Voting for next map has started.
L 05/29/2020 - 19:39:18: [mapchooser.smx] Voting for next map has finished. Nextmap: de_train.
L 05/29/2020 - 19:41:37: [SM] Changed map to "de_train"
L 05/29/2020 - 19:41:39: -------- Mapchange to de_train --------
L 05/29/2020 - 19:41:41: [basecommands.smx] "Console<0><Console><Console>" changed cvar (cvar "sv_maxrate") (value "128000")
L 05/29/2020 - 19:41:41: [basecommands.smx] "Console<0><Console><Console>" changed cvar (cvar "sv_minrate") (value "128000")
L 05/29/2020 - 19:41:41: [basecommands.smx] "Console<0><Console><Console>" changed cvar (cvar "sv_maxcmdrate") (value "128")
L 05/29/2020 - 19:41:41: [basecommands.smx] "Console<0><Console><Console>" changed cvar (cvar "sv_mincmdrate") (value "128")
L 05/29/2020 - 19:41:41: [basecommands.smx] "Console<0><Console><Console>" changed cvar (cvar "sv_minupdaterate") (value "128")
L 05/29/2020 - 19:41:41: [basecommands.smx] "Console<0><Console><Console>" changed cvar (cvar "sv_maxupdaterate") (value "128")
L 05/29/2020 - 19:41:41: [basecommands.smx] "Console<0><Console><Console>" changed cvar (cvar "sv_maxunlag") (value "0.5")
L 05/29/2020 - 19:41:41: [basecommands.smx] "Console<0><Console><Console>" changed cvar (cvar "sv_unlag") (value "1")
L 05/29/2020 - 19:41:42: [chat-processor.smx] Message formats generated for game 'csgo'.
L 05/29/2020 - 19:41:42: [chat-processor.smx] Successfully hooked a SayText2 chat hook.
L 05/29/2020 - 19:41:43: [weapons.smx] Inactive players' data has been deleted
L 05/29/2020 - 19:42:30: [basecommands.smx] "Void<792><STEAM_1:0:223404915><>" refreshed the admin cache.
L 05/29/2020 - 19:58:34: [mapchooser.smx] Voting for next map has started.
L 05/29/2020 - 19:58:41: [mapchooser.smx] Voting for next map has finished. Nextmap: de_dust2.
L 05/29/2020 - 20:01:36: [SM] Changed map to "de_dust2"
L 05/29/2020 - 20:01:40: -------- Mapchange to de_dust2 --------
L 05/29/2020 - 20:01:42: [basecommands.smx] "Console<0><Console><Console>" changed cvar (cvar "sv_maxrate") (value "128000")
L 05/29/2020 - 20:01:42: [basecommands.smx] "Console<0><Console><Console>" changed cvar (cvar "sv_minrate") (value "128000")
L 05/29/2020 - 20:01:42: [basecommands.smx] "Console<0><Console><Console>" changed cvar (cvar "sv_maxcmdrate") (value "128")
L 05/29/2020 - 20:01:42: [basecommands.smx] "Console<0><Console><Console>" changed cvar (cvar "sv_mincmdrate") (value "128")
L 05/29/2020 - 20:01:42: [basecommands.smx] "Console<0><Console><Console>" changed cvar (cvar "sv_minupdaterate") (value "128")
L 05/29/2020 - 20:01:42: [basecommands.smx] "Console<0><Console><Console>" changed cvar (cvar "sv_maxupdaterate") (value "128")
L 05/29/2020 - 20:01:42: [basecommands.smx] "Console<0><Console><Console>" changed cvar (cvar "sv_maxunlag") (value "0.5")
L 05/29/2020 - 20:01:42: [basecommands.smx] "Console<0><Console><Console>" changed cvar (cvar "sv_unlag") (value "1")
L 05/29/2020 - 20:01:43: [chat-processor.smx] Message formats generated for game 'csgo'.
L 05/29/2020 - 20:01:43: [chat-processor.smx] Successfully hooked a SayText2 chat hook.
L 05/29/2020 - 20:01:44: [weapons.smx] Inactive players' data has been deleted
L 05/29/2020 - 20:18:04: [mapchooser.smx] Voting for next map has started.
L 05/29/2020 - 20:18:24: [mapchooser.smx] Voting for next map has finished. Nextmap: de_cache.
L 05/29/2020 - 20:21:01: [SM] Changed map to "de_cache"
L 05/29/2020 - 20:21:05: -------- Mapchange to de_cache --------
L 05/29/2020 - 20:21:08: [basecommands.smx] "Console<0><Console><Console>" changed cvar (cvar "sv_maxrate") (value "128000")
L 05/29/2020 - 20:21:08: [basecommands.smx] "Console<0><Console><Console>" changed cvar (cvar "sv_minrate") (value "128000")
L 05/29/2020 - 20:21:08: [basecommands.smx] "Console<0><Console><Console>" changed cvar (cvar "sv_maxcmdrate") (value "128")
L 05/29/2020 - 20:21:08: [basecommands.smx] "Console<0><Console><Console>" changed cvar (cvar "sv_mincmdrate") (value "128")
L 05/29/2020 - 20:21:08: [basecommands.smx] "Console<0><Console><Console>" changed cvar (cvar "sv_minupdaterate") (value "128")
L 05/29/2020 - 20:21:08: [basecommands.smx] "Console<0><Console><Console>" changed cvar (cvar "sv_maxupdaterate") (value "128")
L 05/29/2020 - 20:21:08: [basecommands.smx] "Console<0><Console><Console>" changed cvar (cvar "sv_maxunlag") (value "0.5")
L 05/29/2020 - 20:21:08: [basecommands.smx] "Console<0><Console><Console>" changed cvar (cvar "sv_unlag") (value "1")
L 05/29/2020 - 20:21:08: [chat-processor.smx] Message formats generated for game 'csgo'.
L 05/29/2020 - 20:21:08: [chat-processor.smx] Successfully hooked a SayText2 chat hook.
L 05/29/2020 - 20:21:10: [weapons.smx] Inactive players' data has been deleted
L 05/29/2020 - 20:38:36: [mapchooser.smx] Voting for next map has started.
L 05/29/2020 - 20:38:56: [mapchooser.smx] Voting for next map has finished. Nextmap: de_vertigo.
L 05/29/2020 - 20:42:12: [SM] Changed map to "de_vertigo"
L 05/29/2020 - 20:42:13: -------- Mapchange to de_vertigo --------
L 05/29/2020 - 20:42:15: [basecommands.smx] "Console<0><Console><Console>" changed cvar (cvar "sv_maxrate") (value "128000")
L 05/29/2020 - 20:42:15: [basecommands.smx] "Console<0><Console><Console>" changed cvar (cvar "sv_minrate") (value "128000")
L 05/29/2020 - 20:42:15: [basecommands.smx] "Console<0><Console><Console>" changed cvar (cvar "sv_maxcmdrate") (value "128")
L 05/29/2020 - 20:42:15: [basecommands.smx] "Console<0><Console><Console>" changed cvar (cvar "sv_mincmdrate") (value "128")
L 05/29/2020 - 20:42:15: [basecommands.smx] "Console<0><Console><Console>" changed cvar (cvar "sv_minupdaterate") (value "128")
L 05/29/2020 - 20:42:15: [basecommands.smx] "Console<0><Console><Console>" changed cvar (cvar "sv_maxupdaterate") (value "128")
L 05/29/2020 - 20:42:15: [basecommands.smx] "Console<0><Console><Console>" changed cvar (cvar "sv_maxunlag") (value "0.5")
L 05/29/2020 - 20:42:15: [basecommands.smx] "Console<0><Console><Console>" changed cvar (cvar "sv_unlag") (value "1")
L 05/29/2020 - 20:42:16: [chat-processor.smx] Message formats generated for game 'csgo'.
L 05/29/2020 - 20:42:16: [chat-processor.smx] Successfully hooked a SayText2 chat hook.
L 05/29/2020 - 20:42:18: [weapons.smx] Inactive players' data has been deleted
L 05/29/2020 - 20:58:33: [mapchooser.smx] Voting for next map has started.
L 05/29/2020 - 20:58:54: [mapchooser.smx] Voting for next map has finished. Nextmap: de_inferno.
L 05/29/2020 - 21:00:58: [SM] Changed map to "de_inferno"
L 05/29/2020 - 21:00:59: -------- Mapchange to de_inferno --------
L 05/29/2020 - 21:01:01: [basecommands.smx] "Console<0><Console><Console>" changed cvar (cvar "sv_maxrate") (value "128000")
L 05/29/2020 - 21:01:01: [basecommands.smx] "Console<0><Console><Console>" changed cvar (cvar "sv_minrate") (value "128000")
L 05/29/2020 - 21:01:01: [basecommands.smx] "Console<0><Console><Console>" changed cvar (cvar "sv_maxcmdrate") (value "128")
L 05/29/2020 - 21:01:01: [basecommands.smx] "Console<0><Console><Console>" changed cvar (cvar "sv_mincmdrate") (value "128")
L 05/29/2020 - 21:01:01: [basecommands.smx] "Console<0><Console><Console>" changed cvar (cvar "sv_minupdaterate") (value "128")
L 05/29/2020 - 21:01:01: [basecommands.smx] "Console<0><Console><Console>" changed cvar (cvar "sv_maxupdaterate") (value "128")
L 05/29/2020 - 21:01:01: [basecommands.smx] "Console<0><Console><Console>" changed cvar (cvar "sv_maxunlag") (value "0.5")
L 05/29/2020 - 21:01:01: [basecommands.smx] "Console<0><Console><Console>" changed cvar (cvar "sv_unlag") (value "1")
L 05/29/2020 - 21:01:02: [chat-processor.smx] Message formats generated for game 'csgo'.
L 05/29/2020 - 21:01:02: [chat-processor.smx] Successfully hooked a SayText2 chat hook.
L 05/29/2020 - 21:01:04: [weapons.smx] Inactive players' data has been deleted
L 05/29/2020 - 21:17:59: [mapchooser.smx] Voting for next map has started.
L 05/29/2020 - 21:18:15: [mapchooser.smx] Voting for next map has finished. Nextmap: de_mirage.
L 05/29/2020 - 21:20:23: [SM] Changed map to "de_mirage"
L 05/29/2020 - 21:20:24: -------- Mapchange to de_mirage --------
L 05/29/2020 - 21:20:26: [basecommands.smx] "Console<0><Console><Console>" changed cvar (cvar "sv_maxrate") (value "128000")
L 05/29/2020 - 21:20:26: [basecommands.smx] "Console<0><Console><Console>" changed cvar (cvar "sv_minrate") (value "128000")
L 05/29/2020 - 21:20:26: [basecommands.smx] "Console<0><Console><Console>" changed cvar (cvar "sv_maxcmdrate") (value "128")
L 05/29/2020 - 21:20:26: [basecommands.smx] "Console<0><Console><Console>" changed cvar (cvar "sv_mincmdrate") (value "128")
L 05/29/2020 - 21:20:26: [basecommands.smx] "Console<0><Console><Console>" changed cvar (cvar "sv_minupdaterate") (value "128")
L 05/29/2020 - 21:20:26: [basecommands.smx] "Console<0><Console><Console>" changed cvar (cvar "sv_maxupdaterate") (value "128")
L 05/29/2020 - 21:20:26: [basecommands.smx] "Console<0><Console><Console>" changed cvar (cvar "sv_maxunlag") (value "0.5")
L 05/29/2020 - 21:20:26: [basecommands.smx] "Console<0><Console><Console>" changed cvar (cvar "sv_unlag") (value "1")
L 05/29/2020 - 21:20:27: [chat-processor.smx] Message formats generated for game 'csgo'.
L 05/29/2020 - 21:20:27: [chat-processor.smx] Successfully hooked a SayText2 chat hook.
L 05/29/2020 - 21:20:28: [weapons.smx] Inactive players' data has been deleted
L 05/29/2020 - 21:37:19: [mapchooser.smx] Voting for next map has started.
L 05/29/2020 - 21:37:40: [mapchooser.smx] Voting for next map has finished. Nextmap: de_overpass.
L 05/29/2020 - 21:39:27: [SM] Changed map to "de_overpass"
L 05/29/2020 - 21:39:28: -------- Mapchange to de_overpass --------
L 05/29/2020 - 21:39:31: [basecommands.smx] "Console<0><Console><Console>" changed cvar (cvar "sv_maxrate") (value "128000")
L 05/29/2020 - 21:39:31: [basecommands.smx] "Console<0><Console><Console>" changed cvar (cvar "sv_minrate") (value "128000")
L 05/29/2020 - 21:39:31: [basecommands.smx] "Console<0><Console><Console>" changed cvar (cvar "sv_maxcmdrate") (value "128")
L 05/29/2020 - 21:39:31: [basecommands.smx] "Console<0><Console><Console>" changed cvar (cvar "sv_mincmdrate") (value "128")
L 05/29/2020 - 21:39:31: [basecommands.smx] "Console<0><Console><Console>" changed cvar (cvar "sv_minupdaterate") (value "128")
L 05/29/2020 - 21:39:31: [basecommands.smx] "Console<0><Console><Console>" changed cvar (cvar "sv_maxupdaterate") (value "128")
L 05/29/2020 - 21:39:31: [basecommands.smx] "Console<0><Console><Console>" changed cvar (cvar "sv_maxunlag") (value "0.5")
L 05/29/2020 - 21:39:31: [basecommands.smx] "Console<0><Console><Console>" changed cvar (cvar "sv_unlag") (value "1")
L 05/29/2020 - 21:39:31: [chat-processor.smx] Message formats generated for game 'csgo'.
L 05/29/2020 - 21:39:31: [chat-processor.smx] Successfully hooked a SayText2 chat hook.
L 05/29/2020 - 21:39:33: [weapons.smx] Inactive players' data has been deleted
L 05/29/2020 - 21:56:49: [mapchooser.smx] Voting for next map has started.
L 05/29/2020 - 21:57:09: [mapchooser.smx] Voting for next map has finished. Nextmap: de_train.
L 05/29/2020 - 21:58:06: [SM] Changed map to "de_train"
L 05/29/2020 - 21:58:08: -------- Mapchange to de_train --------
L 05/29/2020 - 21:58:10: [basecommands.smx] "Console<0><Console><Console>" changed cvar (cvar "sv_maxrate") (value "128000")
L 05/29/2020 - 21:58:10: [basecommands.smx] "Console<0><Console><Console>" changed cvar (cvar "sv_minrate") (value "128000")
L 05/29/2020 - 21:58:10: [basecommands.smx] "Console<0><Console><Console>" changed cvar (cvar "sv_maxcmdrate") (value "128")
L 05/29/2020 - 21:58:10: [basecommands.smx] "Console<0><Console><Console>" changed cvar (cvar "sv_mincmdrate") (value "128")
L 05/29/2020 - 21:58:10: [basecommands.smx] "Console<0><Console><Console>" changed cvar (cvar "sv_minupdaterate") (value "128")
L 05/29/2020 - 21:58:10: [basecommands.smx] "Console<0><Console><Console>" changed cvar (cvar "sv_maxupdaterate") (value "128")
L 05/29/2020 - 21:58:10: [basecommands.smx] "Console<0><Console><Console>" changed cvar (cvar "sv_maxunlag") (value "0.5")
L 05/29/2020 - 21:58:10: [basecommands.smx] "Console<0><Console><Console>" changed cvar (cvar "sv_unlag") (value "1")
L 05/29/2020 - 21:58:11: [chat-processor.smx] Message formats generated for game 'csgo'.
L 05/29/2020 - 21:58:11: [chat-processor.smx] Successfully hooked a SayText2 chat hook.
L 05/29/2020 - 21:58:13: [weapons.smx] Inactive players' data has been deleted
L 05/29/2020 - 22:15:19: [mapchooser.smx] Voting for next map has started.
L 05/29/2020 - 22:15:39: [mapchooser.smx] Voting for next map has finished. Nextmap: de_dust2.
L 05/29/2020 - 22:17:22: [SM] Changed map to "de_dust2"
L 05/29/2020 - 22:17:25: -------- Mapchange to de_dust2 --------
L 05/29/2020 - 22:17:28: [basecommands.smx] "Console<0><Console><Console>" changed cvar (cvar "sv_maxrate") (value "128000")
L 05/29/2020 - 22:17:28: [basecommands.smx] "Console<0><Console><Console>" changed cvar (cvar "sv_minrate") (value "128000")
L 05/29/2020 - 22:17:28: [basecommands.smx] "Console<0><Console><Console>" changed cvar (cvar "sv_maxcmdrate") (value "128")
L 05/29/2020 - 22:17:28: [basecommands.smx] "Console<0><Console><Console>" changed cvar (cvar "sv_mincmdrate") (value "128")
L 05/29/2020 - 22:17:28: [basecommands.smx] "Console<0><Console><Console>" changed cvar (cvar "sv_minupdaterate") (value "128")
L 05/29/2020 - 22:17:28: [basecommands.smx] "Console<0><Console><Console>" changed cvar (cvar "sv_maxupdaterate") (value "128")
L 05/29/2020 - 22:17:28: [basecommands.smx] "Console<0><Console><Console>" changed cvar (cvar "sv_maxunlag") (value "0.5")
L 05/29/2020 - 22:17:28: [basecommands.smx] "Console<0><Console><Console>" changed cvar (cvar "sv_unlag") (value "1")
L 05/29/2020 - 22:17:29: [chat-processor.smx] Message formats generated for game 'csgo'.
L 05/29/2020 - 22:17:29: [chat-processor.smx] Successfully hooked a SayText2 chat hook.
L 05/29/2020 - 22:17:30: [weapons.smx] Inactive players' data has been deleted
L 05/29/2020 - 22:34:17: [mapchooser.smx] Voting for next map has started.
L 05/29/2020 - 22:34:38: [mapchooser.smx] Voting for next map has finished. Nextmap: de_cache.
L 05/29/2020 - 22:36:02: [SM] Changed map to "de_cache"
L 05/29/2020 - 22:36:06: -------- Mapchange to de_cache --------
L 05/29/2020 - 22:36:09: [basecommands.smx] "Console<0><Console><Console>" changed cvar (cvar "sv_maxrate") (value "128000")
L 05/29/2020 - 22:36:09: [basecommands.smx] "Console<0><Console><Console>" changed cvar (cvar "sv_minrate") (value "128000")
L 05/29/2020 - 22:36:09: [basecommands.smx] "Console<0><Console><Console>" changed cvar (cvar "sv_maxcmdrate") (value "128")
L 05/29/2020 - 22:36:09: [basecommands.smx] "Console<0><Console><Console>" changed cvar (cvar "sv_mincmdrate") (value "128")
L 05/29/2020 - 22:36:09: [basecommands.smx] "Console<0><Console><Console>" changed cvar (cvar "sv_minupdaterate") (value "128")
L 05/29/2020 - 22:36:09: [basecommands.smx] "Console<0><Console><Console>" changed cvar (cvar "sv_maxupdaterate") (value "128")
L 05/29/2020 - 22:36:09: [basecommands.smx] "Console<0><Console><Console>" changed cvar (cvar "sv_maxunlag") (value "0.5")
L 05/29/2020 - 22:36:09: [basecommands.smx] "Console<0><Console><Console>" changed cvar (cvar "sv_unlag") (value "1")
L 05/29/2020 - 22:36:09: [chat-processor.smx] Message formats generated for game 'csgo'.
L 05/29/2020 - 22:36:09: [chat-processor.smx] Successfully hooked a SayText2 chat hook.
L 05/29/2020 - 22:36:11: [weapons.smx] Inactive players' data has been deleted
L 05/29/2020 - 22:51:56: [mapchooser.smx] Voting for next map has started.
L 05/29/2020 - 22:52:11: [mapchooser.smx] Voting for next map has finished. Nextmap: de_vertigo.
L 05/29/2020 - 22:54:04: [SM] Changed map to "de_vertigo"
L 05/29/2020 - 22:54:05: -------- Mapchange to de_vertigo --------
L 05/29/2020 - 22:54:07: [basecommands.smx] "Console<0><Console><Console>" changed cvar (cvar "sv_maxrate") (value "128000")
L 05/29/2020 - 22:54:07: [basecommands.smx] "Console<0><Console><Console>" changed cvar (cvar "sv_minrate") (value "128000")
L 05/29/2020 - 22:54:07: [basecommands.smx] "Console<0><Console><Console>" changed cvar (cvar "sv_maxcmdrate") (value "128")
L 05/29/2020 - 22:54:07: [basecommands.smx] "Console<0><Console><Console>" changed cvar (cvar "sv_mincmdrate") (value "128")
L 05/29/2020 - 22:54:07: [basecommands.smx] "Console<0><Console><Console>" changed cvar (cvar "sv_minupdaterate") (value "128")
L 05/29/2020 - 22:54:07: [basecommands.smx] "Console<0><Console><Console>" changed cvar (cvar "sv_maxupdaterate") (value "128")
L 05/29/2020 - 22:54:07: [basecommands.smx] "Console<0><Console><Console>" changed cvar (cvar "sv_maxunlag") (value "0.5")
L 05/29/2020 - 22:54:07: [basecommands.smx] "Console<0><Console><Console>" changed cvar (cvar "sv_unlag") (value "1")
L 05/29/2020 - 22:54:08: [chat-processor.smx] Message formats generated for game 'csgo'.
L 05/29/2020 - 22:54:08: [chat-processor.smx] Successfully hooked a SayText2 chat hook.
L 05/29/2020 - 22:54:09: [weapons.smx] Inactive players' data has been deleted
L 05/29/2020 - 23:09:14: [mapchooser.smx] Voting for next map has started.
L 05/29/2020 - 23:09:35: [mapchooser.smx] Voting for next map has finished. Nextmap: de_inferno.
L 05/29/2020 - 23:35:42: -------- Mapchange to de_vertigo --------
L 05/29/2020 - 23:35:44: [basecommands.smx] "Console<0><Console><Console>" changed cvar (cvar "sv_maxrate") (value "128000")
L 05/29/2020 - 23:35:44: [basecommands.smx] "Console<0><Console><Console>" changed cvar (cvar "sv_minrate") (value "128000")
L 05/29/2020 - 23:35:44: [basecommands.smx] "Console<0><Console><Console>" changed cvar (cvar "sv_maxcmdrate") (value "128")
L 05/29/2020 - 23:35:44: [basecommands.smx] "Console<0><Console><Console>" changed cvar (cvar "sv_mincmdrate") (value "128")
L 05/29/2020 - 23:35:44: [basecommands.smx] "Console<0><Console><Console>" changed cvar (cvar "sv_minupdaterate") (value "128")
L 05/29/2020 - 23:35:44: [basecommands.smx] "Console<0><Console><Console>" changed cvar (cvar "sv_maxupdaterate") (value "128")
L 05/29/2020 - 23:35:44: [basecommands.smx] "Console<0><Console><Console>" changed cvar (cvar "sv_maxunlag") (value "0.5")
L 05/29/2020 - 23:35:44: [basecommands.smx] "Console<0><Console><Console>" changed cvar (cvar "sv_unlag") (value "1")
L 05/29/2020 - 23:35:45: [chat-processor.smx] Message formats generated for game 'csgo'.
L 05/29/2020 - 23:35:45: [chat-processor.smx] Successfully hooked a SayText2 chat hook.
L 05/29/2020 - 23:35:45: [weapons.smx] Inactive players' data has been deleted
L 05/29/2020 - 23:50:16: [mapchooser.smx] Voting for next map has started.
L 05/29/2020 - 23:50:24: [mapchooser.smx] Voting for next map has finished. Nextmap: de_mirage.
L 05/29/2020 - 23:52:20: [SM] Changed map to "de_mirage"
L 05/29/2020 - 23:52:21: -------- Mapchange to de_mirage --------
L 05/29/2020 - 23:52:23: [basecommands.smx] "Console<0><Console><Console>" changed cvar (cvar "sv_maxrate") (value "128000")
L 05/29/2020 - 23:52:23: [basecommands.smx] "Console<0><Console><Console>" changed cvar (cvar "sv_minrate") (value "128000")
L 05/29/2020 - 23:52:23: [basecommands.smx] "Console<0><Console><Console>" changed cvar (cvar "sv_maxcmdrate") (value "128")
L 05/29/2020 - 23:52:23: [basecommands.smx] "Console<0><Console><Console>" changed cvar (cvar "sv_mincmdrate") (value "128")
L 05/29/2020 - 23:52:23: [basecommands.smx] "Console<0><Console><Console>" changed cvar (cvar "sv_minupdaterate") (value "128")
L 05/29/2020 - 23:52:23: [basecommands.smx] "Console<0><Console><Console>" changed cvar (cvar "sv_maxupdaterate") (value "128")
L 05/29/2020 - 23:52:23: [basecommands.smx] "Console<0><Console><Console>" changed cvar (cvar "sv_maxunlag") (value "0.5")
L 05/29/2020 - 23:52:23: [basecommands.smx] "Console<0><Console><Console>" changed cvar (cvar "sv_unlag") (value "1")
L 05/29/2020 - 23:52:24: [chat-processor.smx] Message formats generated for game 'csgo'.
L 05/29/2020 - 23:52:24: [chat-processor.smx] Successfully hooked a SayText2 chat hook.
L 05/29/2020 - 23:52:26: [weapons.smx] Inactive players' data has been deleted
L 05/30/2020 - 00:07:56: Log file closed.
