L 07/27/2020 - 00:26:39: SourceMod log file session started (file "C:\TCAFiles\Users\jeanv\438\csgo\addons\sourcemod\logs\L20200727.log") (Version "1.10.0.6488")
L 07/27/2020 - 00:26:39: [basecommands.smx] "Console<0><Console><Console>" refreshed the admin cache.
L 07/27/2020 - 00:26:39: [basecommands.smx] "Console<0><Console><Console>" changed cvar (cvar "sv_maxrate") (value "128000")
L 07/27/2020 - 00:26:39: [basecommands.smx] "Console<0><Console><Console>" changed cvar (cvar "sv_minrate") (value "128000")
L 07/27/2020 - 00:26:39: [basecommands.smx] "Console<0><Console><Console>" changed cvar (cvar "sv_maxcmdrate") (value "128")
L 07/27/2020 - 00:26:39: [basecommands.smx] "Console<0><Console><Console>" changed cvar (cvar "sv_mincmdrate") (value "128")
L 07/27/2020 - 00:26:39: [basecommands.smx] "Console<0><Console><Console>" changed cvar (cvar "sv_minupdaterate") (value "128")
L 07/27/2020 - 00:26:39: [basecommands.smx] "Console<0><Console><Console>" changed cvar (cvar "sv_maxupdaterate") (value "128")
L 07/27/2020 - 00:26:39: [basecommands.smx] "Console<0><Console><Console>" changed cvar (cvar "sv_maxunlag") (value "0.5")
L 07/27/2020 - 00:26:39: [basecommands.smx] "Console<0><Console><Console>" changed cvar (cvar "sv_unlag") (value "1")
L 07/27/2020 - 00:26:40: [afk_manager4.smx] [AFK Manager] Log File: addons\sourcemod\logs\afkm_20200727.log
L 07/27/2020 - 00:26:40: [chat-processor.smx] Message formats generated for game 'csgo'.
L 07/27/2020 - 00:26:40: [chat-processor.smx] Successfully hooked a SayText2 chat hook.
L 07/27/2020 - 00:26:41: [weapons.smx] Inactive players' data has been deleted
L 07/27/2020 - 00:41:55: -------- Mapchange to de_inferno --------
L 07/27/2020 - 00:41:55: [basecommands.smx] "Console<0><Console><Console>" refreshed the admin cache.
L 07/27/2020 - 00:41:55: [basecommands.smx] "Console<0><Console><Console>" changed cvar (cvar "sv_maxrate") (value "128000")
L 07/27/2020 - 00:41:55: [basecommands.smx] "Console<0><Console><Console>" changed cvar (cvar "sv_minrate") (value "128000")
L 07/27/2020 - 00:41:55: [basecommands.smx] "Console<0><Console><Console>" changed cvar (cvar "sv_maxcmdrate") (value "128")
L 07/27/2020 - 00:41:55: [basecommands.smx] "Console<0><Console><Console>" changed cvar (cvar "sv_mincmdrate") (value "128")
L 07/27/2020 - 00:41:55: [basecommands.smx] "Console<0><Console><Console>" changed cvar (cvar "sv_minupdaterate") (value "128")
L 07/27/2020 - 00:41:55: [basecommands.smx] "Console<0><Console><Console>" changed cvar (cvar "sv_maxupdaterate") (value "128")
L 07/27/2020 - 00:41:55: [basecommands.smx] "Console<0><Console><Console>" changed cvar (cvar "sv_maxunlag") (value "0.5")
L 07/27/2020 - 00:41:55: [basecommands.smx] "Console<0><Console><Console>" changed cvar (cvar "sv_unlag") (value "1")
L 07/27/2020 - 00:41:56: [chat-processor.smx] Message formats generated for game 'csgo'.
L 07/27/2020 - 00:41:56: [chat-processor.smx] Successfully hooked a SayText2 chat hook.
L 07/27/2020 - 00:41:57: [weapons.smx] Inactive players' data has been deleted
L 07/27/2020 - 00:57:53: [mapchooser.smx] Voting for next map has started.
L 07/27/2020 - 00:58:13: [mapchooser.smx] Voting for next map has finished. Nextmap: de_vertigo.
L 07/27/2020 - 01:00:08: [SM] Changed map to "de_vertigo"
L 07/27/2020 - 01:00:09: -------- Mapchange to de_vertigo --------
L 07/27/2020 - 01:00:09: [basecommands.smx] "Console<0><Console><Console>" refreshed the admin cache.
L 07/27/2020 - 01:00:09: [basecommands.smx] "Console<0><Console><Console>" changed cvar (cvar "sv_maxrate") (value "128000")
L 07/27/2020 - 01:00:09: [basecommands.smx] "Console<0><Console><Console>" changed cvar (cvar "sv_minrate") (value "128000")
L 07/27/2020 - 01:00:09: [basecommands.smx] "Console<0><Console><Console>" changed cvar (cvar "sv_maxcmdrate") (value "128")
L 07/27/2020 - 01:00:09: [basecommands.smx] "Console<0><Console><Console>" changed cvar (cvar "sv_mincmdrate") (value "128")
L 07/27/2020 - 01:00:09: [basecommands.smx] "Console<0><Console><Console>" changed cvar (cvar "sv_minupdaterate") (value "128")
L 07/27/2020 - 01:00:09: [basecommands.smx] "Console<0><Console><Console>" changed cvar (cvar "sv_maxupdaterate") (value "128")
L 07/27/2020 - 01:00:09: [basecommands.smx] "Console<0><Console><Console>" changed cvar (cvar "sv_maxunlag") (value "0.5")
L 07/27/2020 - 01:00:09: [basecommands.smx] "Console<0><Console><Console>" changed cvar (cvar "sv_unlag") (value "1")
L 07/27/2020 - 01:00:10: [chat-processor.smx] Message formats generated for game 'csgo'.
L 07/27/2020 - 01:00:10: [chat-processor.smx] Successfully hooked a SayText2 chat hook.
L 07/27/2020 - 01:00:11: [weapons.smx] Inactive players' data has been deleted
L 07/27/2020 - 02:05:28: -------- Mapchange to de_vertigo --------
L 07/27/2020 - 02:05:28: [basecommands.smx] "Console<0><Console><Console>" refreshed the admin cache.
L 07/27/2020 - 02:05:28: [basecommands.smx] "Console<0><Console><Console>" changed cvar (cvar "sv_maxrate") (value "128000")
L 07/27/2020 - 02:05:28: [basecommands.smx] "Console<0><Console><Console>" changed cvar (cvar "sv_minrate") (value "128000")
L 07/27/2020 - 02:05:28: [basecommands.smx] "Console<0><Console><Console>" changed cvar (cvar "sv_maxcmdrate") (value "128")
L 07/27/2020 - 02:05:28: [basecommands.smx] "Console<0><Console><Console>" changed cvar (cvar "sv_mincmdrate") (value "128")
L 07/27/2020 - 02:05:28: [basecommands.smx] "Console<0><Console><Console>" changed cvar (cvar "sv_minupdaterate") (value "128")
L 07/27/2020 - 02:05:28: [basecommands.smx] "Console<0><Console><Console>" changed cvar (cvar "sv_maxupdaterate") (value "128")
L 07/27/2020 - 02:05:28: [basecommands.smx] "Console<0><Console><Console>" changed cvar (cvar "sv_maxunlag") (value "0.5")
L 07/27/2020 - 02:05:28: [basecommands.smx] "Console<0><Console><Console>" changed cvar (cvar "sv_unlag") (value "1")
L 07/27/2020 - 02:05:29: [chat-processor.smx] Message formats generated for game 'csgo'.
L 07/27/2020 - 02:05:29: [chat-processor.smx] Successfully hooked a SayText2 chat hook.
L 07/27/2020 - 02:05:30: [weapons.smx] Inactive players' data has been deleted
L 07/27/2020 - 07:31:35: -------- Mapchange to de_vertigo --------
L 07/27/2020 - 07:31:35: [basecommands.smx] "Console<0><Console><Console>" refreshed the admin cache.
L 07/27/2020 - 07:31:35: [basecommands.smx] "Console<0><Console><Console>" changed cvar (cvar "sv_maxrate") (value "128000")
L 07/27/2020 - 07:31:35: [basecommands.smx] "Console<0><Console><Console>" changed cvar (cvar "sv_minrate") (value "128000")
L 07/27/2020 - 07:31:35: [basecommands.smx] "Console<0><Console><Console>" changed cvar (cvar "sv_maxcmdrate") (value "128")
L 07/27/2020 - 07:31:35: [basecommands.smx] "Console<0><Console><Console>" changed cvar (cvar "sv_mincmdrate") (value "128")
L 07/27/2020 - 07:31:35: [basecommands.smx] "Console<0><Console><Console>" changed cvar (cvar "sv_minupdaterate") (value "128")
L 07/27/2020 - 07:31:35: [basecommands.smx] "Console<0><Console><Console>" changed cvar (cvar "sv_maxupdaterate") (value "128")
L 07/27/2020 - 07:31:35: [basecommands.smx] "Console<0><Console><Console>" changed cvar (cvar "sv_maxunlag") (value "0.5")
L 07/27/2020 - 07:31:35: [basecommands.smx] "Console<0><Console><Console>" changed cvar (cvar "sv_unlag") (value "1")
L 07/27/2020 - 07:31:36: [chat-processor.smx] Message formats generated for game 'csgo'.
L 07/27/2020 - 07:31:36: [chat-processor.smx] Successfully hooked a SayText2 chat hook.
L 07/27/2020 - 07:31:37: [weapons.smx] Inactive players' data has been deleted
L 07/27/2020 - 08:01:06: -------- Mapchange to de_vertigo --------
L 07/27/2020 - 08:01:06: [basecommands.smx] "Console<0><Console><Console>" refreshed the admin cache.
L 07/27/2020 - 08:01:06: [basecommands.smx] "Console<0><Console><Console>" changed cvar (cvar "sv_maxrate") (value "128000")
L 07/27/2020 - 08:01:06: [basecommands.smx] "Console<0><Console><Console>" changed cvar (cvar "sv_minrate") (value "128000")
L 07/27/2020 - 08:01:06: [basecommands.smx] "Console<0><Console><Console>" changed cvar (cvar "sv_maxcmdrate") (value "128")
L 07/27/2020 - 08:01:06: [basecommands.smx] "Console<0><Console><Console>" changed cvar (cvar "sv_mincmdrate") (value "128")
L 07/27/2020 - 08:01:06: [basecommands.smx] "Console<0><Console><Console>" changed cvar (cvar "sv_minupdaterate") (value "128")
L 07/27/2020 - 08:01:06: [basecommands.smx] "Console<0><Console><Console>" changed cvar (cvar "sv_maxupdaterate") (value "128")
L 07/27/2020 - 08:01:06: [basecommands.smx] "Console<0><Console><Console>" changed cvar (cvar "sv_maxunlag") (value "0.5")
L 07/27/2020 - 08:01:06: [basecommands.smx] "Console<0><Console><Console>" changed cvar (cvar "sv_unlag") (value "1")
L 07/27/2020 - 08:01:06: [chat-processor.smx] Message formats generated for game 'csgo'.
L 07/27/2020 - 08:01:06: [chat-processor.smx] Successfully hooked a SayText2 chat hook.
L 07/27/2020 - 08:01:07: [weapons.smx] Inactive players' data has been deleted
L 07/27/2020 - 08:37:07: -------- Mapchange to de_vertigo --------
L 07/27/2020 - 08:37:08: [basecommands.smx] "Console<0><Console><Console>" refreshed the admin cache.
L 07/27/2020 - 08:37:08: [basecommands.smx] "Console<0><Console><Console>" changed cvar (cvar "sv_maxrate") (value "128000")
L 07/27/2020 - 08:37:08: [basecommands.smx] "Console<0><Console><Console>" changed cvar (cvar "sv_minrate") (value "128000")
L 07/27/2020 - 08:37:08: [basecommands.smx] "Console<0><Console><Console>" changed cvar (cvar "sv_maxcmdrate") (value "128")
L 07/27/2020 - 08:37:08: [basecommands.smx] "Console<0><Console><Console>" changed cvar (cvar "sv_mincmdrate") (value "128")
L 07/27/2020 - 08:37:08: [basecommands.smx] "Console<0><Console><Console>" changed cvar (cvar "sv_minupdaterate") (value "128")
L 07/27/2020 - 08:37:08: [basecommands.smx] "Console<0><Console><Console>" changed cvar (cvar "sv_maxupdaterate") (value "128")
L 07/27/2020 - 08:37:08: [basecommands.smx] "Console<0><Console><Console>" changed cvar (cvar "sv_maxunlag") (value "0.5")
L 07/27/2020 - 08:37:08: [basecommands.smx] "Console<0><Console><Console>" changed cvar (cvar "sv_unlag") (value "1")
L 07/27/2020 - 08:37:08: [chat-processor.smx] Message formats generated for game 'csgo'.
L 07/27/2020 - 08:37:08: [chat-processor.smx] Successfully hooked a SayText2 chat hook.
L 07/27/2020 - 08:37:09: [weapons.smx] Inactive players' data has been deleted
L 07/27/2020 - 08:52:28: [mapchooser.smx] Voting for next map has started.
L 07/27/2020 - 08:52:49: [mapchooser.smx] Voting for next map has finished. Nextmap: de_mirage.
L 07/27/2020 - 08:55:40: [rockthevote.smx] RTV changing map manually
L 07/27/2020 - 08:55:40: [SM] Changed map to "de_mirage"
L 07/27/2020 - 08:55:41: -------- Mapchange to de_mirage --------
L 07/27/2020 - 08:55:41: [basecommands.smx] "Console<0><Console><Console>" refreshed the admin cache.
L 07/27/2020 - 08:55:41: [basecommands.smx] "Console<0><Console><Console>" changed cvar (cvar "sv_maxrate") (value "128000")
L 07/27/2020 - 08:55:41: [basecommands.smx] "Console<0><Console><Console>" changed cvar (cvar "sv_minrate") (value "128000")
L 07/27/2020 - 08:55:41: [basecommands.smx] "Console<0><Console><Console>" changed cvar (cvar "sv_maxcmdrate") (value "128")
L 07/27/2020 - 08:55:41: [basecommands.smx] "Console<0><Console><Console>" changed cvar (cvar "sv_mincmdrate") (value "128")
L 07/27/2020 - 08:55:41: [basecommands.smx] "Console<0><Console><Console>" changed cvar (cvar "sv_minupdaterate") (value "128")
L 07/27/2020 - 08:55:41: [basecommands.smx] "Console<0><Console><Console>" changed cvar (cvar "sv_maxupdaterate") (value "128")
L 07/27/2020 - 08:55:41: [basecommands.smx] "Console<0><Console><Console>" changed cvar (cvar "sv_maxunlag") (value "0.5")
L 07/27/2020 - 08:55:41: [basecommands.smx] "Console<0><Console><Console>" changed cvar (cvar "sv_unlag") (value "1")
L 07/27/2020 - 08:55:42: [chat-processor.smx] Message formats generated for game 'csgo'.
L 07/27/2020 - 08:55:42: [chat-processor.smx] Successfully hooked a SayText2 chat hook.
L 07/27/2020 - 08:55:43: [weapons.smx] Inactive players' data has been deleted
L 07/27/2020 - 09:11:12: [mapchooser.smx] Voting for next map has started.
L 07/27/2020 - 09:11:30: [mapchooser.smx] Voting for next map has finished. Nextmap: de_train.
L 07/27/2020 - 09:13:09: [SM] Changed map to "de_train"
L 07/27/2020 - 09:13:11: -------- Mapchange to de_train --------
L 07/27/2020 - 09:13:11: [basecommands.smx] "Console<0><Console><Console>" refreshed the admin cache.
L 07/27/2020 - 09:13:11: [basecommands.smx] "Console<0><Console><Console>" changed cvar (cvar "sv_maxrate") (value "128000")
L 07/27/2020 - 09:13:11: [basecommands.smx] "Console<0><Console><Console>" changed cvar (cvar "sv_minrate") (value "128000")
L 07/27/2020 - 09:13:11: [basecommands.smx] "Console<0><Console><Console>" changed cvar (cvar "sv_maxcmdrate") (value "128")
L 07/27/2020 - 09:13:11: [basecommands.smx] "Console<0><Console><Console>" changed cvar (cvar "sv_mincmdrate") (value "128")
L 07/27/2020 - 09:13:11: [basecommands.smx] "Console<0><Console><Console>" changed cvar (cvar "sv_minupdaterate") (value "128")
L 07/27/2020 - 09:13:11: [basecommands.smx] "Console<0><Console><Console>" changed cvar (cvar "sv_maxupdaterate") (value "128")
L 07/27/2020 - 09:13:11: [basecommands.smx] "Console<0><Console><Console>" changed cvar (cvar "sv_maxunlag") (value "0.5")
L 07/27/2020 - 09:13:11: [basecommands.smx] "Console<0><Console><Console>" changed cvar (cvar "sv_unlag") (value "1")
L 07/27/2020 - 09:13:11: [chat-processor.smx] Message formats generated for game 'csgo'.
L 07/27/2020 - 09:13:11: [chat-processor.smx] Successfully hooked a SayText2 chat hook.
L 07/27/2020 - 09:13:13: [weapons.smx] Inactive players' data has been deleted
L 07/27/2020 - 09:30:36: [mapchooser.smx] Voting for next map has started.
L 07/27/2020 - 09:30:49: [mapchooser.smx] Voting for next map has finished. Nextmap: de_inferno.
L 07/27/2020 - 09:32:45: [SM] Changed map to "de_inferno"
L 07/27/2020 - 09:32:47: -------- Mapchange to de_inferno --------
L 07/27/2020 - 09:32:47: [basecommands.smx] "Console<0><Console><Console>" refreshed the admin cache.
L 07/27/2020 - 09:32:47: [basecommands.smx] "Console<0><Console><Console>" changed cvar (cvar "sv_maxrate") (value "128000")
L 07/27/2020 - 09:32:47: [basecommands.smx] "Console<0><Console><Console>" changed cvar (cvar "sv_minrate") (value "128000")
L 07/27/2020 - 09:32:47: [basecommands.smx] "Console<0><Console><Console>" changed cvar (cvar "sv_maxcmdrate") (value "128")
L 07/27/2020 - 09:32:47: [basecommands.smx] "Console<0><Console><Console>" changed cvar (cvar "sv_mincmdrate") (value "128")
L 07/27/2020 - 09:32:47: [basecommands.smx] "Console<0><Console><Console>" changed cvar (cvar "sv_minupdaterate") (value "128")
L 07/27/2020 - 09:32:47: [basecommands.smx] "Console<0><Console><Console>" changed cvar (cvar "sv_maxupdaterate") (value "128")
L 07/27/2020 - 09:32:47: [basecommands.smx] "Console<0><Console><Console>" changed cvar (cvar "sv_maxunlag") (value "0.5")
L 07/27/2020 - 09:32:47: [basecommands.smx] "Console<0><Console><Console>" changed cvar (cvar "sv_unlag") (value "1")
L 07/27/2020 - 09:32:48: [chat-processor.smx] Message formats generated for game 'csgo'.
L 07/27/2020 - 09:32:48: [chat-processor.smx] Successfully hooked a SayText2 chat hook.
L 07/27/2020 - 09:32:50: [weapons.smx] Inactive players' data has been deleted
L 07/27/2020 - 09:52:08: [mapchooser.smx] Voting for next map has started.
L 07/27/2020 - 09:52:28: [mapchooser.smx] Voting for next map has finished. Nextmap: de_dust2.
L 07/27/2020 - 09:56:31: [SM] Changed map to "de_dust2"
L 07/27/2020 - 09:56:35: -------- Mapchange to de_dust2 --------
L 07/27/2020 - 09:56:36: [basecommands.smx] "Console<0><Console><Console>" refreshed the admin cache.
L 07/27/2020 - 09:56:36: [basecommands.smx] "Console<0><Console><Console>" changed cvar (cvar "sv_maxrate") (value "128000")
L 07/27/2020 - 09:56:36: [basecommands.smx] "Console<0><Console><Console>" changed cvar (cvar "sv_minrate") (value "128000")
L 07/27/2020 - 09:56:36: [basecommands.smx] "Console<0><Console><Console>" changed cvar (cvar "sv_maxcmdrate") (value "128")
L 07/27/2020 - 09:56:36: [basecommands.smx] "Console<0><Console><Console>" changed cvar (cvar "sv_mincmdrate") (value "128")
L 07/27/2020 - 09:56:36: [basecommands.smx] "Console<0><Console><Console>" changed cvar (cvar "sv_minupdaterate") (value "128")
L 07/27/2020 - 09:56:36: [basecommands.smx] "Console<0><Console><Console>" changed cvar (cvar "sv_maxupdaterate") (value "128")
L 07/27/2020 - 09:56:36: [basecommands.smx] "Console<0><Console><Console>" changed cvar (cvar "sv_maxunlag") (value "0.5")
L 07/27/2020 - 09:56:36: [basecommands.smx] "Console<0><Console><Console>" changed cvar (cvar "sv_unlag") (value "1")
L 07/27/2020 - 09:56:36: [chat-processor.smx] Message formats generated for game 'csgo'.
L 07/27/2020 - 09:56:36: [chat-processor.smx] Successfully hooked a SayText2 chat hook.
L 07/27/2020 - 09:56:38: [weapons.smx] Inactive players' data has been deleted
L 07/27/2020 - 10:13:59: [mapchooser.smx] Voting for next map has started.
L 07/27/2020 - 10:14:19: [mapchooser.smx] Voting for next map has finished. Nextmap: de_cache.
L 07/27/2020 - 10:17:25: [SM] Changed map to "de_cache"
L 07/27/2020 - 10:17:30: -------- Mapchange to de_cache --------
L 07/27/2020 - 10:17:30: [basecommands.smx] "Console<0><Console><Console>" refreshed the admin cache.
L 07/27/2020 - 10:17:30: [basecommands.smx] "Console<0><Console><Console>" changed cvar (cvar "sv_maxrate") (value "128000")
L 07/27/2020 - 10:17:30: [basecommands.smx] "Console<0><Console><Console>" changed cvar (cvar "sv_minrate") (value "128000")
L 07/27/2020 - 10:17:30: [basecommands.smx] "Console<0><Console><Console>" changed cvar (cvar "sv_maxcmdrate") (value "128")
L 07/27/2020 - 10:17:30: [basecommands.smx] "Console<0><Console><Console>" changed cvar (cvar "sv_mincmdrate") (value "128")
L 07/27/2020 - 10:17:30: [basecommands.smx] "Console<0><Console><Console>" changed cvar (cvar "sv_minupdaterate") (value "128")
L 07/27/2020 - 10:17:30: [basecommands.smx] "Console<0><Console><Console>" changed cvar (cvar "sv_maxupdaterate") (value "128")
L 07/27/2020 - 10:17:30: [basecommands.smx] "Console<0><Console><Console>" changed cvar (cvar "sv_maxunlag") (value "0.5")
L 07/27/2020 - 10:17:30: [basecommands.smx] "Console<0><Console><Console>" changed cvar (cvar "sv_unlag") (value "1")
L 07/27/2020 - 10:17:31: [chat-processor.smx] Message formats generated for game 'csgo'.
L 07/27/2020 - 10:17:31: [chat-processor.smx] Successfully hooked a SayText2 chat hook.
L 07/27/2020 - 10:17:32: [weapons.smx] Inactive players' data has been deleted
L 07/27/2020 - 10:30:55: [mysqlt_bans.smx] [MYBans] User STEAM_1:0:53181807 has been unbanned by elapse of time.
L 07/27/2020 - 10:32:34: [mapchooser.smx] Voting for next map has started.
L 07/27/2020 - 10:32:45: [mapchooser.smx] Voting for next map has finished. Nextmap: de_overpass.
L 07/27/2020 - 10:34:32: [SM] Changed map to "de_overpass"
L 07/27/2020 - 10:34:33: -------- Mapchange to de_overpass --------
L 07/27/2020 - 10:34:33: [basecommands.smx] "Console<0><Console><Console>" refreshed the admin cache.
L 07/27/2020 - 10:34:33: [basecommands.smx] "Console<0><Console><Console>" changed cvar (cvar "sv_maxrate") (value "128000")
L 07/27/2020 - 10:34:33: [basecommands.smx] "Console<0><Console><Console>" changed cvar (cvar "sv_minrate") (value "128000")
L 07/27/2020 - 10:34:33: [basecommands.smx] "Console<0><Console><Console>" changed cvar (cvar "sv_maxcmdrate") (value "128")
L 07/27/2020 - 10:34:33: [basecommands.smx] "Console<0><Console><Console>" changed cvar (cvar "sv_mincmdrate") (value "128")
L 07/27/2020 - 10:34:33: [basecommands.smx] "Console<0><Console><Console>" changed cvar (cvar "sv_minupdaterate") (value "128")
L 07/27/2020 - 10:34:33: [basecommands.smx] "Console<0><Console><Console>" changed cvar (cvar "sv_maxupdaterate") (value "128")
L 07/27/2020 - 10:34:33: [basecommands.smx] "Console<0><Console><Console>" changed cvar (cvar "sv_maxunlag") (value "0.5")
L 07/27/2020 - 10:34:33: [basecommands.smx] "Console<0><Console><Console>" changed cvar (cvar "sv_unlag") (value "1")
L 07/27/2020 - 10:34:34: [chat-processor.smx] Message formats generated for game 'csgo'.
L 07/27/2020 - 10:34:34: [chat-processor.smx] Successfully hooked a SayText2 chat hook.
L 07/27/2020 - 10:34:36: [weapons.smx] Inactive players' data has been deleted
L 07/27/2020 - 10:50:58: [mapchooser.smx] Voting for next map has started.
L 07/27/2020 - 10:51:19: [mapchooser.smx] Voting for next map has finished. Nextmap: de_vertigo.
L 07/27/2020 - 10:53:02: [SM] Changed map to "de_vertigo"
L 07/27/2020 - 10:53:03: -------- Mapchange to de_vertigo --------
L 07/27/2020 - 10:53:03: [basecommands.smx] "Console<0><Console><Console>" refreshed the admin cache.
L 07/27/2020 - 10:53:03: [basecommands.smx] "Console<0><Console><Console>" changed cvar (cvar "sv_maxrate") (value "128000")
L 07/27/2020 - 10:53:03: [basecommands.smx] "Console<0><Console><Console>" changed cvar (cvar "sv_minrate") (value "128000")
L 07/27/2020 - 10:53:03: [basecommands.smx] "Console<0><Console><Console>" changed cvar (cvar "sv_maxcmdrate") (value "128")
L 07/27/2020 - 10:53:03: [basecommands.smx] "Console<0><Console><Console>" changed cvar (cvar "sv_mincmdrate") (value "128")
L 07/27/2020 - 10:53:03: [basecommands.smx] "Console<0><Console><Console>" changed cvar (cvar "sv_minupdaterate") (value "128")
L 07/27/2020 - 10:53:03: [basecommands.smx] "Console<0><Console><Console>" changed cvar (cvar "sv_maxupdaterate") (value "128")
L 07/27/2020 - 10:53:03: [basecommands.smx] "Console<0><Console><Console>" changed cvar (cvar "sv_maxunlag") (value "0.5")
L 07/27/2020 - 10:53:03: [basecommands.smx] "Console<0><Console><Console>" changed cvar (cvar "sv_unlag") (value "1")
L 07/27/2020 - 10:53:04: [chat-processor.smx] Message formats generated for game 'csgo'.
L 07/27/2020 - 10:53:04: [chat-processor.smx] Successfully hooked a SayText2 chat hook.
L 07/27/2020 - 10:53:04: [weapons.smx] Inactive players' data has been deleted
L 07/27/2020 - 11:07:56: [mapchooser.smx] Voting for next map has started.
L 07/27/2020 - 11:08:01: [mapchooser.smx] Voting for next map has finished. Nextmap: de_nuke.
L 07/27/2020 - 11:11:05: [SM] Changed map to "de_nuke"
L 07/27/2020 - 11:11:09: -------- Mapchange to de_nuke --------
L 07/27/2020 - 11:11:09: [basecommands.smx] "Console<0><Console><Console>" refreshed the admin cache.
L 07/27/2020 - 11:11:09: [basecommands.smx] "Console<0><Console><Console>" changed cvar (cvar "sv_maxrate") (value "128000")
L 07/27/2020 - 11:11:09: [basecommands.smx] "Console<0><Console><Console>" changed cvar (cvar "sv_minrate") (value "128000")
L 07/27/2020 - 11:11:09: [basecommands.smx] "Console<0><Console><Console>" changed cvar (cvar "sv_maxcmdrate") (value "128")
L 07/27/2020 - 11:11:09: [basecommands.smx] "Console<0><Console><Console>" changed cvar (cvar "sv_mincmdrate") (value "128")
L 07/27/2020 - 11:11:09: [basecommands.smx] "Console<0><Console><Console>" changed cvar (cvar "sv_minupdaterate") (value "128")
L 07/27/2020 - 11:11:09: [basecommands.smx] "Console<0><Console><Console>" changed cvar (cvar "sv_maxupdaterate") (value "128")
L 07/27/2020 - 11:11:09: [basecommands.smx] "Console<0><Console><Console>" changed cvar (cvar "sv_maxunlag") (value "0.5")
L 07/27/2020 - 11:11:09: [basecommands.smx] "Console<0><Console><Console>" changed cvar (cvar "sv_unlag") (value "1")
L 07/27/2020 - 11:11:10: [chat-processor.smx] Message formats generated for game 'csgo'.
L 07/27/2020 - 11:11:10: [chat-processor.smx] Successfully hooked a SayText2 chat hook.
L 07/27/2020 - 11:11:10: [weapons.smx] Inactive players' data has been deleted
L 07/27/2020 - 11:13:10: -------- Mapchange to de_nuke --------
L 07/27/2020 - 11:13:11: [basecommands.smx] "Console<0><Console><Console>" refreshed the admin cache.
L 07/27/2020 - 11:13:11: [basecommands.smx] "Console<0><Console><Console>" changed cvar (cvar "sv_maxrate") (value "128000")
L 07/27/2020 - 11:13:11: [basecommands.smx] "Console<0><Console><Console>" changed cvar (cvar "sv_minrate") (value "128000")
L 07/27/2020 - 11:13:11: [basecommands.smx] "Console<0><Console><Console>" changed cvar (cvar "sv_maxcmdrate") (value "128")
L 07/27/2020 - 11:13:11: [basecommands.smx] "Console<0><Console><Console>" changed cvar (cvar "sv_mincmdrate") (value "128")
L 07/27/2020 - 11:13:11: [basecommands.smx] "Console<0><Console><Console>" changed cvar (cvar "sv_minupdaterate") (value "128")
L 07/27/2020 - 11:13:11: [basecommands.smx] "Console<0><Console><Console>" changed cvar (cvar "sv_maxupdaterate") (value "128")
L 07/27/2020 - 11:13:11: [basecommands.smx] "Console<0><Console><Console>" changed cvar (cvar "sv_maxunlag") (value "0.5")
L 07/27/2020 - 11:13:11: [basecommands.smx] "Console<0><Console><Console>" changed cvar (cvar "sv_unlag") (value "1")
L 07/27/2020 - 11:13:11: [chat-processor.smx] Message formats generated for game 'csgo'.
L 07/27/2020 - 11:13:11: [chat-processor.smx] Successfully hooked a SayText2 chat hook.
L 07/27/2020 - 11:13:12: [weapons.smx] Inactive players' data has been deleted
L 07/27/2020 - 11:21:01: -------- Mapchange to de_nuke --------
L 07/27/2020 - 11:21:01: [basecommands.smx] "Console<0><Console><Console>" refreshed the admin cache.
L 07/27/2020 - 11:21:01: [basecommands.smx] "Console<0><Console><Console>" changed cvar (cvar "sv_maxrate") (value "128000")
L 07/27/2020 - 11:21:01: [basecommands.smx] "Console<0><Console><Console>" changed cvar (cvar "sv_minrate") (value "128000")
L 07/27/2020 - 11:21:01: [basecommands.smx] "Console<0><Console><Console>" changed cvar (cvar "sv_maxcmdrate") (value "128")
L 07/27/2020 - 11:21:01: [basecommands.smx] "Console<0><Console><Console>" changed cvar (cvar "sv_mincmdrate") (value "128")
L 07/27/2020 - 11:21:01: [basecommands.smx] "Console<0><Console><Console>" changed cvar (cvar "sv_minupdaterate") (value "128")
L 07/27/2020 - 11:21:01: [basecommands.smx] "Console<0><Console><Console>" changed cvar (cvar "sv_maxupdaterate") (value "128")
L 07/27/2020 - 11:21:01: [basecommands.smx] "Console<0><Console><Console>" changed cvar (cvar "sv_maxunlag") (value "0.5")
L 07/27/2020 - 11:21:01: [basecommands.smx] "Console<0><Console><Console>" changed cvar (cvar "sv_unlag") (value "1")
L 07/27/2020 - 11:21:02: [chat-processor.smx] Message formats generated for game 'csgo'.
L 07/27/2020 - 11:21:02: [chat-processor.smx] Successfully hooked a SayText2 chat hook.
L 07/27/2020 - 11:21:02: [weapons.smx] Inactive players' data has been deleted
L 07/27/2020 - 11:28:22: [mapchooser.smx] Starting map vote because outside request
L 07/27/2020 - 11:28:22: [mapchooser.smx] Voting for next map has started.
L 07/27/2020 - 11:28:24: [mapchooser.smx] Voting for next map has finished. Nextmap: de_train.
L 07/27/2020 - 11:28:26: [SM] Changed map to "de_train"
L 07/27/2020 - 11:28:28: -------- Mapchange to de_train --------
L 07/27/2020 - 11:28:28: [basecommands.smx] "Console<0><Console><Console>" refreshed the admin cache.
L 07/27/2020 - 11:28:28: [basecommands.smx] "Console<0><Console><Console>" changed cvar (cvar "sv_maxrate") (value "128000")
L 07/27/2020 - 11:28:28: [basecommands.smx] "Console<0><Console><Console>" changed cvar (cvar "sv_minrate") (value "128000")
L 07/27/2020 - 11:28:28: [basecommands.smx] "Console<0><Console><Console>" changed cvar (cvar "sv_maxcmdrate") (value "128")
L 07/27/2020 - 11:28:28: [basecommands.smx] "Console<0><Console><Console>" changed cvar (cvar "sv_mincmdrate") (value "128")
L 07/27/2020 - 11:28:28: [basecommands.smx] "Console<0><Console><Console>" changed cvar (cvar "sv_minupdaterate") (value "128")
L 07/27/2020 - 11:28:28: [basecommands.smx] "Console<0><Console><Console>" changed cvar (cvar "sv_maxupdaterate") (value "128")
L 07/27/2020 - 11:28:28: [basecommands.smx] "Console<0><Console><Console>" changed cvar (cvar "sv_maxunlag") (value "0.5")
L 07/27/2020 - 11:28:28: [basecommands.smx] "Console<0><Console><Console>" changed cvar (cvar "sv_unlag") (value "1")
L 07/27/2020 - 11:28:28: [chat-processor.smx] Message formats generated for game 'csgo'.
L 07/27/2020 - 11:28:28: [chat-processor.smx] Successfully hooked a SayText2 chat hook.
L 07/27/2020 - 11:28:29: [weapons.smx] Inactive players' data has been deleted
L 07/27/2020 - 11:43:26: [mapchooser.smx] Voting for next map has started.
L 07/27/2020 - 11:43:31: [mapchooser.smx] Voting for next map has finished. Nextmap: de_inferno.
L 07/27/2020 - 11:45:04: [SM] Changed map to "de_inferno"
L 07/27/2020 - 11:45:05: -------- Mapchange to de_inferno --------
L 07/27/2020 - 11:45:05: [basecommands.smx] "Console<0><Console><Console>" refreshed the admin cache.
L 07/27/2020 - 11:45:05: [basecommands.smx] "Console<0><Console><Console>" changed cvar (cvar "sv_maxrate") (value "128000")
L 07/27/2020 - 11:45:05: [basecommands.smx] "Console<0><Console><Console>" changed cvar (cvar "sv_minrate") (value "128000")
L 07/27/2020 - 11:45:05: [basecommands.smx] "Console<0><Console><Console>" changed cvar (cvar "sv_maxcmdrate") (value "128")
L 07/27/2020 - 11:45:05: [basecommands.smx] "Console<0><Console><Console>" changed cvar (cvar "sv_mincmdrate") (value "128")
L 07/27/2020 - 11:45:05: [basecommands.smx] "Console<0><Console><Console>" changed cvar (cvar "sv_minupdaterate") (value "128")
L 07/27/2020 - 11:45:05: [basecommands.smx] "Console<0><Console><Console>" changed cvar (cvar "sv_maxupdaterate") (value "128")
L 07/27/2020 - 11:45:05: [basecommands.smx] "Console<0><Console><Console>" changed cvar (cvar "sv_maxunlag") (value "0.5")
L 07/27/2020 - 11:45:05: [basecommands.smx] "Console<0><Console><Console>" changed cvar (cvar "sv_unlag") (value "1")
L 07/27/2020 - 11:45:06: [chat-processor.smx] Message formats generated for game 'csgo'.
L 07/27/2020 - 11:45:06: [chat-processor.smx] Successfully hooked a SayText2 chat hook.
L 07/27/2020 - 11:45:08: [weapons.smx] Inactive players' data has been deleted
L 07/27/2020 - 12:01:55: [mapchooser.smx] Voting for next map has started.
L 07/27/2020 - 12:02:04: [mapchooser.smx] Voting for next map has finished. Nextmap: de_dust2.
L 07/27/2020 - 12:03:41: [rockthevote.smx] RTV changing map manually
L 07/27/2020 - 12:03:41: [SM] Changed map to "de_dust2"
L 07/27/2020 - 12:03:44: -------- Mapchange to de_dust2 --------
L 07/27/2020 - 12:03:44: [basecommands.smx] "Console<0><Console><Console>" refreshed the admin cache.
L 07/27/2020 - 12:03:44: [basecommands.smx] "Console<0><Console><Console>" changed cvar (cvar "sv_maxrate") (value "128000")
L 07/27/2020 - 12:03:44: [basecommands.smx] "Console<0><Console><Console>" changed cvar (cvar "sv_minrate") (value "128000")
L 07/27/2020 - 12:03:44: [basecommands.smx] "Console<0><Console><Console>" changed cvar (cvar "sv_maxcmdrate") (value "128")
L 07/27/2020 - 12:03:44: [basecommands.smx] "Console<0><Console><Console>" changed cvar (cvar "sv_mincmdrate") (value "128")
L 07/27/2020 - 12:03:44: [basecommands.smx] "Console<0><Console><Console>" changed cvar (cvar "sv_minupdaterate") (value "128")
L 07/27/2020 - 12:03:44: [basecommands.smx] "Console<0><Console><Console>" changed cvar (cvar "sv_maxupdaterate") (value "128")
L 07/27/2020 - 12:03:44: [basecommands.smx] "Console<0><Console><Console>" changed cvar (cvar "sv_maxunlag") (value "0.5")
L 07/27/2020 - 12:03:44: [basecommands.smx] "Console<0><Console><Console>" changed cvar (cvar "sv_unlag") (value "1")
L 07/27/2020 - 12:03:45: [chat-processor.smx] Message formats generated for game 'csgo'.
L 07/27/2020 - 12:03:45: [chat-processor.smx] Successfully hooked a SayText2 chat hook.
L 07/27/2020 - 12:03:46: [weapons.smx] Inactive players' data has been deleted
L 07/27/2020 - 12:18:43: [mapchooser.smx] Voting for next map has started.
L 07/27/2020 - 12:18:49: [mapchooser.smx] Voting for next map has finished. Nextmap: de_mirage.
L 07/27/2020 - 12:19:53: [SM] Changed map to "de_mirage"
L 07/27/2020 - 12:19:54: -------- Mapchange to de_mirage --------
L 07/27/2020 - 12:19:54: [basecommands.smx] "Console<0><Console><Console>" refreshed the admin cache.
L 07/27/2020 - 12:19:54: [basecommands.smx] "Console<0><Console><Console>" changed cvar (cvar "sv_maxrate") (value "128000")
L 07/27/2020 - 12:19:54: [basecommands.smx] "Console<0><Console><Console>" changed cvar (cvar "sv_minrate") (value "128000")
L 07/27/2020 - 12:19:54: [basecommands.smx] "Console<0><Console><Console>" changed cvar (cvar "sv_maxcmdrate") (value "128")
L 07/27/2020 - 12:19:54: [basecommands.smx] "Console<0><Console><Console>" changed cvar (cvar "sv_mincmdrate") (value "128")
L 07/27/2020 - 12:19:54: [basecommands.smx] "Console<0><Console><Console>" changed cvar (cvar "sv_minupdaterate") (value "128")
L 07/27/2020 - 12:19:54: [basecommands.smx] "Console<0><Console><Console>" changed cvar (cvar "sv_maxupdaterate") (value "128")
L 07/27/2020 - 12:19:54: [basecommands.smx] "Console<0><Console><Console>" changed cvar (cvar "sv_maxunlag") (value "0.5")
L 07/27/2020 - 12:19:54: [basecommands.smx] "Console<0><Console><Console>" changed cvar (cvar "sv_unlag") (value "1")
L 07/27/2020 - 12:19:55: [chat-processor.smx] Message formats generated for game 'csgo'.
L 07/27/2020 - 12:19:55: [chat-processor.smx] Successfully hooked a SayText2 chat hook.
L 07/27/2020 - 12:19:56: [weapons.smx] Inactive players' data has been deleted
L 07/27/2020 - 12:37:11: [mapchooser.smx] Voting for next map has started.
L 07/27/2020 - 12:37:24: [mapchooser.smx] Voting for next map has finished. Nextmap: de_vertigo.
L 07/27/2020 - 12:38:51: [SM] Changed map to "de_vertigo"
L 07/27/2020 - 12:38:52: -------- Mapchange to de_vertigo --------
L 07/27/2020 - 12:38:52: [basecommands.smx] "Console<0><Console><Console>" refreshed the admin cache.
L 07/27/2020 - 12:38:52: [basecommands.smx] "Console<0><Console><Console>" changed cvar (cvar "sv_maxrate") (value "128000")
L 07/27/2020 - 12:38:52: [basecommands.smx] "Console<0><Console><Console>" changed cvar (cvar "sv_minrate") (value "128000")
L 07/27/2020 - 12:38:52: [basecommands.smx] "Console<0><Console><Console>" changed cvar (cvar "sv_maxcmdrate") (value "128")
L 07/27/2020 - 12:38:52: [basecommands.smx] "Console<0><Console><Console>" changed cvar (cvar "sv_mincmdrate") (value "128")
L 07/27/2020 - 12:38:52: [basecommands.smx] "Console<0><Console><Console>" changed cvar (cvar "sv_minupdaterate") (value "128")
L 07/27/2020 - 12:38:52: [basecommands.smx] "Console<0><Console><Console>" changed cvar (cvar "sv_maxupdaterate") (value "128")
L 07/27/2020 - 12:38:52: [basecommands.smx] "Console<0><Console><Console>" changed cvar (cvar "sv_maxunlag") (value "0.5")
L 07/27/2020 - 12:38:52: [basecommands.smx] "Console<0><Console><Console>" changed cvar (cvar "sv_unlag") (value "1")
L 07/27/2020 - 12:38:53: [chat-processor.smx] Message formats generated for game 'csgo'.
L 07/27/2020 - 12:38:53: [chat-processor.smx] Successfully hooked a SayText2 chat hook.
L 07/27/2020 - 12:38:54: [weapons.smx] Inactive players' data has been deleted
L 07/27/2020 - 12:54:58: [mapchooser.smx] Voting for next map has started.
L 07/27/2020 - 12:55:19: [mapchooser.smx] Voting for next map has finished. Nextmap: de_overpass.
L 07/27/2020 - 12:56:34: [SM] Changed map to "de_overpass"
L 07/27/2020 - 12:56:35: -------- Mapchange to de_overpass --------
L 07/27/2020 - 12:56:35: [basecommands.smx] "Console<0><Console><Console>" refreshed the admin cache.
L 07/27/2020 - 12:56:35: [basecommands.smx] "Console<0><Console><Console>" changed cvar (cvar "sv_maxrate") (value "128000")
L 07/27/2020 - 12:56:35: [basecommands.smx] "Console<0><Console><Console>" changed cvar (cvar "sv_minrate") (value "128000")
L 07/27/2020 - 12:56:35: [basecommands.smx] "Console<0><Console><Console>" changed cvar (cvar "sv_maxcmdrate") (value "128")
L 07/27/2020 - 12:56:35: [basecommands.smx] "Console<0><Console><Console>" changed cvar (cvar "sv_mincmdrate") (value "128")
L 07/27/2020 - 12:56:35: [basecommands.smx] "Console<0><Console><Console>" changed cvar (cvar "sv_minupdaterate") (value "128")
L 07/27/2020 - 12:56:35: [basecommands.smx] "Console<0><Console><Console>" changed cvar (cvar "sv_maxupdaterate") (value "128")
L 07/27/2020 - 12:56:35: [basecommands.smx] "Console<0><Console><Console>" changed cvar (cvar "sv_maxunlag") (value "0.5")
L 07/27/2020 - 12:56:35: [basecommands.smx] "Console<0><Console><Console>" changed cvar (cvar "sv_unlag") (value "1")
L 07/27/2020 - 12:56:36: [chat-processor.smx] Message formats generated for game 'csgo'.
L 07/27/2020 - 12:56:36: [chat-processor.smx] Successfully hooked a SayText2 chat hook.
L 07/27/2020 - 12:56:37: [weapons.smx] Inactive players' data has been deleted
L 07/27/2020 - 13:11:36: [mapchooser.smx] Voting for next map has started.
L 07/27/2020 - 13:11:43: [mapchooser.smx] Voting for next map has finished. Nextmap: de_nuke.
L 07/27/2020 - 13:13:25: [SM] Changed map to "de_nuke"
L 07/27/2020 - 13:13:28: -------- Mapchange to de_nuke --------
L 07/27/2020 - 13:13:28: [basecommands.smx] "Console<0><Console><Console>" refreshed the admin cache.
L 07/27/2020 - 13:13:28: [basecommands.smx] "Console<0><Console><Console>" changed cvar (cvar "sv_maxrate") (value "128000")
L 07/27/2020 - 13:13:28: [basecommands.smx] "Console<0><Console><Console>" changed cvar (cvar "sv_minrate") (value "128000")
L 07/27/2020 - 13:13:28: [basecommands.smx] "Console<0><Console><Console>" changed cvar (cvar "sv_maxcmdrate") (value "128")
L 07/27/2020 - 13:13:28: [basecommands.smx] "Console<0><Console><Console>" changed cvar (cvar "sv_mincmdrate") (value "128")
L 07/27/2020 - 13:13:28: [basecommands.smx] "Console<0><Console><Console>" changed cvar (cvar "sv_minupdaterate") (value "128")
L 07/27/2020 - 13:13:28: [basecommands.smx] "Console<0><Console><Console>" changed cvar (cvar "sv_maxupdaterate") (value "128")
L 07/27/2020 - 13:13:28: [basecommands.smx] "Console<0><Console><Console>" changed cvar (cvar "sv_maxunlag") (value "0.5")
L 07/27/2020 - 13:13:28: [basecommands.smx] "Console<0><Console><Console>" changed cvar (cvar "sv_unlag") (value "1")
L 07/27/2020 - 13:13:29: [chat-processor.smx] Message formats generated for game 'csgo'.
L 07/27/2020 - 13:13:29: [chat-processor.smx] Successfully hooked a SayText2 chat hook.
L 07/27/2020 - 13:13:30: [weapons.smx] Inactive players' data has been deleted
L 07/27/2020 - 13:28:18: [mapchooser.smx] Voting for next map has started.
L 07/27/2020 - 13:28:24: [mapchooser.smx] Voting for next map has finished. Nextmap: de_cache.
L 07/27/2020 - 13:49:33: [SM] Changed map to "de_cache"
L 07/27/2020 - 13:49:39: -------- Mapchange to de_cache --------
L 07/27/2020 - 13:49:39: [basecommands.smx] "Console<0><Console><Console>" refreshed the admin cache.
L 07/27/2020 - 13:49:39: [basecommands.smx] "Console<0><Console><Console>" changed cvar (cvar "sv_maxrate") (value "128000")
L 07/27/2020 - 13:49:39: [basecommands.smx] "Console<0><Console><Console>" changed cvar (cvar "sv_minrate") (value "128000")
L 07/27/2020 - 13:49:39: [basecommands.smx] "Console<0><Console><Console>" changed cvar (cvar "sv_maxcmdrate") (value "128")
L 07/27/2020 - 13:49:39: [basecommands.smx] "Console<0><Console><Console>" changed cvar (cvar "sv_mincmdrate") (value "128")
L 07/27/2020 - 13:49:39: [basecommands.smx] "Console<0><Console><Console>" changed cvar (cvar "sv_minupdaterate") (value "128")
L 07/27/2020 - 13:49:39: [basecommands.smx] "Console<0><Console><Console>" changed cvar (cvar "sv_maxupdaterate") (value "128")
L 07/27/2020 - 13:49:39: [basecommands.smx] "Console<0><Console><Console>" changed cvar (cvar "sv_maxunlag") (value "0.5")
L 07/27/2020 - 13:49:39: [basecommands.smx] "Console<0><Console><Console>" changed cvar (cvar "sv_unlag") (value "1")
L 07/27/2020 - 13:49:40: [chat-processor.smx] Message formats generated for game 'csgo'.
L 07/27/2020 - 13:49:40: [chat-processor.smx] Successfully hooked a SayText2 chat hook.
L 07/27/2020 - 13:49:41: [weapons.smx] Inactive players' data has been deleted
L 07/27/2020 - 14:06:05: [mapchooser.smx] Voting for next map has started.
L 07/27/2020 - 14:06:11: [mapchooser.smx] Voting for next map has finished. Nextmap: de_train.
L 07/27/2020 - 14:08:27: [SM] Changed map to "de_train"
L 07/27/2020 - 14:08:29: -------- Mapchange to de_train --------
L 07/27/2020 - 14:08:29: [basecommands.smx] "Console<0><Console><Console>" refreshed the admin cache.
L 07/27/2020 - 14:08:29: [basecommands.smx] "Console<0><Console><Console>" changed cvar (cvar "sv_maxrate") (value "128000")
L 07/27/2020 - 14:08:29: [basecommands.smx] "Console<0><Console><Console>" changed cvar (cvar "sv_minrate") (value "128000")
L 07/27/2020 - 14:08:29: [basecommands.smx] "Console<0><Console><Console>" changed cvar (cvar "sv_maxcmdrate") (value "128")
L 07/27/2020 - 14:08:29: [basecommands.smx] "Console<0><Console><Console>" changed cvar (cvar "sv_mincmdrate") (value "128")
L 07/27/2020 - 14:08:29: [basecommands.smx] "Console<0><Console><Console>" changed cvar (cvar "sv_minupdaterate") (value "128")
L 07/27/2020 - 14:08:29: [basecommands.smx] "Console<0><Console><Console>" changed cvar (cvar "sv_maxupdaterate") (value "128")
L 07/27/2020 - 14:08:29: [basecommands.smx] "Console<0><Console><Console>" changed cvar (cvar "sv_maxunlag") (value "0.5")
L 07/27/2020 - 14:08:29: [basecommands.smx] "Console<0><Console><Console>" changed cvar (cvar "sv_unlag") (value "1")
L 07/27/2020 - 14:08:30: [chat-processor.smx] Message formats generated for game 'csgo'.
L 07/27/2020 - 14:08:30: [chat-processor.smx] Successfully hooked a SayText2 chat hook.
L 07/27/2020 - 14:08:31: [weapons.smx] Inactive players' data has been deleted
L 07/27/2020 - 14:26:30: [mapchooser.smx] Voting for next map has started.
L 07/27/2020 - 14:26:39: [mapchooser.smx] Voting for next map has finished. Nextmap: de_dust2.
L 07/27/2020 - 14:29:54: [SM] Changed map to "de_dust2"
L 07/27/2020 - 14:29:58: -------- Mapchange to de_dust2 --------
L 07/27/2020 - 14:29:58: [basecommands.smx] "Console<0><Console><Console>" refreshed the admin cache.
L 07/27/2020 - 14:29:58: [basecommands.smx] "Console<0><Console><Console>" changed cvar (cvar "sv_maxrate") (value "128000")
L 07/27/2020 - 14:29:58: [basecommands.smx] "Console<0><Console><Console>" changed cvar (cvar "sv_minrate") (value "128000")
L 07/27/2020 - 14:29:58: [basecommands.smx] "Console<0><Console><Console>" changed cvar (cvar "sv_maxcmdrate") (value "128")
L 07/27/2020 - 14:29:58: [basecommands.smx] "Console<0><Console><Console>" changed cvar (cvar "sv_mincmdrate") (value "128")
L 07/27/2020 - 14:29:58: [basecommands.smx] "Console<0><Console><Console>" changed cvar (cvar "sv_minupdaterate") (value "128")
L 07/27/2020 - 14:29:58: [basecommands.smx] "Console<0><Console><Console>" changed cvar (cvar "sv_maxupdaterate") (value "128")
L 07/27/2020 - 14:29:58: [basecommands.smx] "Console<0><Console><Console>" changed cvar (cvar "sv_maxunlag") (value "0.5")
L 07/27/2020 - 14:29:58: [basecommands.smx] "Console<0><Console><Console>" changed cvar (cvar "sv_unlag") (value "1")
L 07/27/2020 - 14:29:59: [chat-processor.smx] Message formats generated for game 'csgo'.
L 07/27/2020 - 14:29:59: [chat-processor.smx] Successfully hooked a SayText2 chat hook.
L 07/27/2020 - 14:30:00: [weapons.smx] Inactive players' data has been deleted
L 07/27/2020 - 14:45:53: [mapchooser.smx] Voting for next map has started.
L 07/27/2020 - 14:46:13: [mapchooser.smx] Voting for next map has finished. Nextmap: de_mirage.
L 07/27/2020 - 14:47:35: [SM] Changed map to "de_mirage"
L 07/27/2020 - 14:47:36: -------- Mapchange to de_mirage --------
L 07/27/2020 - 14:47:36: [basecommands.smx] "Console<0><Console><Console>" refreshed the admin cache.
L 07/27/2020 - 14:47:36: [basecommands.smx] "Console<0><Console><Console>" changed cvar (cvar "sv_maxrate") (value "128000")
L 07/27/2020 - 14:47:36: [basecommands.smx] "Console<0><Console><Console>" changed cvar (cvar "sv_minrate") (value "128000")
L 07/27/2020 - 14:47:36: [basecommands.smx] "Console<0><Console><Console>" changed cvar (cvar "sv_maxcmdrate") (value "128")
L 07/27/2020 - 14:47:36: [basecommands.smx] "Console<0><Console><Console>" changed cvar (cvar "sv_mincmdrate") (value "128")
L 07/27/2020 - 14:47:36: [basecommands.smx] "Console<0><Console><Console>" changed cvar (cvar "sv_minupdaterate") (value "128")
L 07/27/2020 - 14:47:36: [basecommands.smx] "Console<0><Console><Console>" changed cvar (cvar "sv_maxupdaterate") (value "128")
L 07/27/2020 - 14:47:36: [basecommands.smx] "Console<0><Console><Console>" changed cvar (cvar "sv_maxunlag") (value "0.5")
L 07/27/2020 - 14:47:36: [basecommands.smx] "Console<0><Console><Console>" changed cvar (cvar "sv_unlag") (value "1")
L 07/27/2020 - 14:47:37: [chat-processor.smx] Message formats generated for game 'csgo'.
L 07/27/2020 - 14:47:37: [chat-processor.smx] Successfully hooked a SayText2 chat hook.
L 07/27/2020 - 14:47:38: [weapons.smx] Inactive players' data has been deleted
L 07/27/2020 - 15:05:23: [mapchooser.smx] Voting for next map has started.
L 07/27/2020 - 15:05:43: [mapchooser.smx] Voting for next map has finished. Nextmap: de_inferno.
L 07/27/2020 - 15:25:23: [SM] Changed map to "de_inferno"
L 07/27/2020 - 15:25:25: -------- Mapchange to de_inferno --------
L 07/27/2020 - 15:25:25: [basecommands.smx] "Console<0><Console><Console>" refreshed the admin cache.
L 07/27/2020 - 15:25:25: [basecommands.smx] "Console<0><Console><Console>" changed cvar (cvar "sv_maxrate") (value "128000")
L 07/27/2020 - 15:25:25: [basecommands.smx] "Console<0><Console><Console>" changed cvar (cvar "sv_minrate") (value "128000")
L 07/27/2020 - 15:25:25: [basecommands.smx] "Console<0><Console><Console>" changed cvar (cvar "sv_maxcmdrate") (value "128")
L 07/27/2020 - 15:25:25: [basecommands.smx] "Console<0><Console><Console>" changed cvar (cvar "sv_mincmdrate") (value "128")
L 07/27/2020 - 15:25:25: [basecommands.smx] "Console<0><Console><Console>" changed cvar (cvar "sv_minupdaterate") (value "128")
L 07/27/2020 - 15:25:25: [basecommands.smx] "Console<0><Console><Console>" changed cvar (cvar "sv_maxupdaterate") (value "128")
L 07/27/2020 - 15:25:25: [basecommands.smx] "Console<0><Console><Console>" changed cvar (cvar "sv_maxunlag") (value "0.5")
L 07/27/2020 - 15:25:25: [basecommands.smx] "Console<0><Console><Console>" changed cvar (cvar "sv_unlag") (value "1")
L 07/27/2020 - 15:25:26: [chat-processor.smx] Message formats generated for game 'csgo'.
L 07/27/2020 - 15:25:26: [chat-processor.smx] Successfully hooked a SayText2 chat hook.
L 07/27/2020 - 15:25:27: [weapons.smx] Inactive players' data has been deleted
L 07/27/2020 - 15:29:35: -------- Mapchange to de_inferno --------
L 07/27/2020 - 15:29:35: [basecommands.smx] "Console<0><Console><Console>" refreshed the admin cache.
L 07/27/2020 - 15:29:35: [basecommands.smx] "Console<0><Console><Console>" changed cvar (cvar "sv_maxrate") (value "128000")
L 07/27/2020 - 15:29:35: [basecommands.smx] "Console<0><Console><Console>" changed cvar (cvar "sv_minrate") (value "128000")
L 07/27/2020 - 15:29:35: [basecommands.smx] "Console<0><Console><Console>" changed cvar (cvar "sv_maxcmdrate") (value "128")
L 07/27/2020 - 15:29:35: [basecommands.smx] "Console<0><Console><Console>" changed cvar (cvar "sv_mincmdrate") (value "128")
L 07/27/2020 - 15:29:35: [basecommands.smx] "Console<0><Console><Console>" changed cvar (cvar "sv_minupdaterate") (value "128")
L 07/27/2020 - 15:29:35: [basecommands.smx] "Console<0><Console><Console>" changed cvar (cvar "sv_maxupdaterate") (value "128")
L 07/27/2020 - 15:29:35: [basecommands.smx] "Console<0><Console><Console>" changed cvar (cvar "sv_maxunlag") (value "0.5")
L 07/27/2020 - 15:29:35: [basecommands.smx] "Console<0><Console><Console>" changed cvar (cvar "sv_unlag") (value "1")
L 07/27/2020 - 15:29:36: [chat-processor.smx] Message formats generated for game 'csgo'.
L 07/27/2020 - 15:29:36: [chat-processor.smx] Successfully hooked a SayText2 chat hook.
L 07/27/2020 - 15:29:36: [weapons.smx] Inactive players' data has been deleted
L 07/27/2020 - 15:46:49: [mapchooser.smx] Voting for next map has started.
L 07/27/2020 - 15:47:09: [mapchooser.smx] Voting for next map has finished. Nextmap: de_vertigo.
L 07/27/2020 - 15:49:10: [SM] Changed map to "de_vertigo"
L 07/27/2020 - 15:49:12: -------- Mapchange to de_vertigo --------
L 07/27/2020 - 15:49:12: [basecommands.smx] "Console<0><Console><Console>" refreshed the admin cache.
L 07/27/2020 - 15:49:12: [basecommands.smx] "Console<0><Console><Console>" changed cvar (cvar "sv_maxrate") (value "128000")
L 07/27/2020 - 15:49:12: [basecommands.smx] "Console<0><Console><Console>" changed cvar (cvar "sv_minrate") (value "128000")
L 07/27/2020 - 15:49:12: [basecommands.smx] "Console<0><Console><Console>" changed cvar (cvar "sv_maxcmdrate") (value "128")
L 07/27/2020 - 15:49:12: [basecommands.smx] "Console<0><Console><Console>" changed cvar (cvar "sv_mincmdrate") (value "128")
L 07/27/2020 - 15:49:12: [basecommands.smx] "Console<0><Console><Console>" changed cvar (cvar "sv_minupdaterate") (value "128")
L 07/27/2020 - 15:49:12: [basecommands.smx] "Console<0><Console><Console>" changed cvar (cvar "sv_maxupdaterate") (value "128")
L 07/27/2020 - 15:49:12: [basecommands.smx] "Console<0><Console><Console>" changed cvar (cvar "sv_maxunlag") (value "0.5")
L 07/27/2020 - 15:49:12: [basecommands.smx] "Console<0><Console><Console>" changed cvar (cvar "sv_unlag") (value "1")
L 07/27/2020 - 15:49:13: [chat-processor.smx] Message formats generated for game 'csgo'.
L 07/27/2020 - 15:49:13: [chat-processor.smx] Successfully hooked a SayText2 chat hook.
L 07/27/2020 - 15:49:14: [weapons.smx] Inactive players' data has been deleted
L 07/27/2020 - 16:05:31: [mapchooser.smx] Voting for next map has started.
L 07/27/2020 - 16:05:37: [mapchooser.smx] Voting for next map has finished. Nextmap: de_cache.
L 07/27/2020 - 16:07:38: [SM] Changed map to "de_cache"
L 07/27/2020 - 16:07:42: -------- Mapchange to de_cache --------
L 07/27/2020 - 16:07:43: [basecommands.smx] "Console<0><Console><Console>" refreshed the admin cache.
L 07/27/2020 - 16:07:43: [basecommands.smx] "Console<0><Console><Console>" changed cvar (cvar "sv_maxrate") (value "128000")
L 07/27/2020 - 16:07:43: [basecommands.smx] "Console<0><Console><Console>" changed cvar (cvar "sv_minrate") (value "128000")
L 07/27/2020 - 16:07:43: [basecommands.smx] "Console<0><Console><Console>" changed cvar (cvar "sv_maxcmdrate") (value "128")
L 07/27/2020 - 16:07:43: [basecommands.smx] "Console<0><Console><Console>" changed cvar (cvar "sv_mincmdrate") (value "128")
L 07/27/2020 - 16:07:43: [basecommands.smx] "Console<0><Console><Console>" changed cvar (cvar "sv_minupdaterate") (value "128")
L 07/27/2020 - 16:07:43: [basecommands.smx] "Console<0><Console><Console>" changed cvar (cvar "sv_maxupdaterate") (value "128")
L 07/27/2020 - 16:07:43: [basecommands.smx] "Console<0><Console><Console>" changed cvar (cvar "sv_maxunlag") (value "0.5")
L 07/27/2020 - 16:07:43: [basecommands.smx] "Console<0><Console><Console>" changed cvar (cvar "sv_unlag") (value "1")
L 07/27/2020 - 16:07:43: [chat-processor.smx] Message formats generated for game 'csgo'.
L 07/27/2020 - 16:07:43: [chat-processor.smx] Successfully hooked a SayText2 chat hook.
L 07/27/2020 - 16:07:45: [weapons.smx] Inactive players' data has been deleted
L 07/27/2020 - 16:25:08: [mapchooser.smx] Voting for next map has started.
L 07/27/2020 - 16:25:16: [mapchooser.smx] Voting for next map has finished. Nextmap: de_train.
L 07/27/2020 - 16:27:27: [SM] Changed map to "de_train"
L 07/27/2020 - 16:27:29: -------- Mapchange to de_train --------
L 07/27/2020 - 16:27:29: [basecommands.smx] "Console<0><Console><Console>" refreshed the admin cache.
L 07/27/2020 - 16:27:29: [basecommands.smx] "Console<0><Console><Console>" changed cvar (cvar "sv_maxrate") (value "128000")
L 07/27/2020 - 16:27:29: [basecommands.smx] "Console<0><Console><Console>" changed cvar (cvar "sv_minrate") (value "128000")
L 07/27/2020 - 16:27:29: [basecommands.smx] "Console<0><Console><Console>" changed cvar (cvar "sv_maxcmdrate") (value "128")
L 07/27/2020 - 16:27:29: [basecommands.smx] "Console<0><Console><Console>" changed cvar (cvar "sv_mincmdrate") (value "128")
L 07/27/2020 - 16:27:29: [basecommands.smx] "Console<0><Console><Console>" changed cvar (cvar "sv_minupdaterate") (value "128")
L 07/27/2020 - 16:27:29: [basecommands.smx] "Console<0><Console><Console>" changed cvar (cvar "sv_maxupdaterate") (value "128")
L 07/27/2020 - 16:27:29: [basecommands.smx] "Console<0><Console><Console>" changed cvar (cvar "sv_maxunlag") (value "0.5")
L 07/27/2020 - 16:27:29: [basecommands.smx] "Console<0><Console><Console>" changed cvar (cvar "sv_unlag") (value "1")
L 07/27/2020 - 16:27:30: [chat-processor.smx] Message formats generated for game 'csgo'.
L 07/27/2020 - 16:27:30: [chat-processor.smx] Successfully hooked a SayText2 chat hook.
L 07/27/2020 - 16:27:31: [weapons.smx] Inactive players' data has been deleted
L 07/27/2020 - 16:44:22: [mapchooser.smx] Voting for next map has started.
L 07/27/2020 - 16:44:43: [mapchooser.smx] Voting for next map has finished. Nextmap: de_overpass.
L 07/27/2020 - 16:47:45: [SM] Changed map to "de_overpass"
L 07/27/2020 - 16:47:46: -------- Mapchange to de_overpass --------
L 07/27/2020 - 16:47:46: [basecommands.smx] "Console<0><Console><Console>" refreshed the admin cache.
L 07/27/2020 - 16:47:46: [basecommands.smx] "Console<0><Console><Console>" changed cvar (cvar "sv_maxrate") (value "128000")
L 07/27/2020 - 16:47:46: [basecommands.smx] "Console<0><Console><Console>" changed cvar (cvar "sv_minrate") (value "128000")
L 07/27/2020 - 16:47:46: [basecommands.smx] "Console<0><Console><Console>" changed cvar (cvar "sv_maxcmdrate") (value "128")
L 07/27/2020 - 16:47:46: [basecommands.smx] "Console<0><Console><Console>" changed cvar (cvar "sv_mincmdrate") (value "128")
L 07/27/2020 - 16:47:46: [basecommands.smx] "Console<0><Console><Console>" changed cvar (cvar "sv_minupdaterate") (value "128")
L 07/27/2020 - 16:47:46: [basecommands.smx] "Console<0><Console><Console>" changed cvar (cvar "sv_maxupdaterate") (value "128")
L 07/27/2020 - 16:47:46: [basecommands.smx] "Console<0><Console><Console>" changed cvar (cvar "sv_maxunlag") (value "0.5")
L 07/27/2020 - 16:47:46: [basecommands.smx] "Console<0><Console><Console>" changed cvar (cvar "sv_unlag") (value "1")
L 07/27/2020 - 16:47:47: [chat-processor.smx] Message formats generated for game 'csgo'.
L 07/27/2020 - 16:47:47: [chat-processor.smx] Successfully hooked a SayText2 chat hook.
L 07/27/2020 - 16:47:48: [weapons.smx] Inactive players' data has been deleted
L 07/27/2020 - 17:04:17: [mapchooser.smx] Voting for next map has started.
L 07/27/2020 - 17:04:33: [mapchooser.smx] Voting for next map has finished. Nextmap: de_dust2.
L 07/27/2020 - 17:05:57: [SM] Changed map to "de_dust2"
L 07/27/2020 - 17:06:02: -------- Mapchange to de_dust2 --------
L 07/27/2020 - 17:06:02: [basecommands.smx] "Console<0><Console><Console>" refreshed the admin cache.
L 07/27/2020 - 17:06:02: [basecommands.smx] "Console<0><Console><Console>" changed cvar (cvar "sv_maxrate") (value "128000")
L 07/27/2020 - 17:06:02: [basecommands.smx] "Console<0><Console><Console>" changed cvar (cvar "sv_minrate") (value "128000")
L 07/27/2020 - 17:06:02: [basecommands.smx] "Console<0><Console><Console>" changed cvar (cvar "sv_maxcmdrate") (value "128")
L 07/27/2020 - 17:06:02: [basecommands.smx] "Console<0><Console><Console>" changed cvar (cvar "sv_mincmdrate") (value "128")
L 07/27/2020 - 17:06:02: [basecommands.smx] "Console<0><Console><Console>" changed cvar (cvar "sv_minupdaterate") (value "128")
L 07/27/2020 - 17:06:02: [basecommands.smx] "Console<0><Console><Console>" changed cvar (cvar "sv_maxupdaterate") (value "128")
L 07/27/2020 - 17:06:02: [basecommands.smx] "Console<0><Console><Console>" changed cvar (cvar "sv_maxunlag") (value "0.5")
L 07/27/2020 - 17:06:02: [basecommands.smx] "Console<0><Console><Console>" changed cvar (cvar "sv_unlag") (value "1")
L 07/27/2020 - 17:06:03: [chat-processor.smx] Message formats generated for game 'csgo'.
L 07/27/2020 - 17:06:03: [chat-processor.smx] Successfully hooked a SayText2 chat hook.
L 07/27/2020 - 17:06:04: [weapons.smx] Inactive players' data has been deleted
L 07/27/2020 - 17:22:50: [mapchooser.smx] Voting for next map has started.
L 07/27/2020 - 17:23:11: [mapchooser.smx] Voting for next map has finished. Nextmap: de_mirage.
L 07/27/2020 - 17:26:09: [SM] Changed map to "de_mirage"
L 07/27/2020 - 17:26:11: -------- Mapchange to de_mirage --------
L 07/27/2020 - 17:26:11: [basecommands.smx] "Console<0><Console><Console>" refreshed the admin cache.
L 07/27/2020 - 17:26:11: [basecommands.smx] "Console<0><Console><Console>" changed cvar (cvar "sv_maxrate") (value "128000")
L 07/27/2020 - 17:26:11: [basecommands.smx] "Console<0><Console><Console>" changed cvar (cvar "sv_minrate") (value "128000")
L 07/27/2020 - 17:26:11: [basecommands.smx] "Console<0><Console><Console>" changed cvar (cvar "sv_maxcmdrate") (value "128")
L 07/27/2020 - 17:26:11: [basecommands.smx] "Console<0><Console><Console>" changed cvar (cvar "sv_mincmdrate") (value "128")
L 07/27/2020 - 17:26:11: [basecommands.smx] "Console<0><Console><Console>" changed cvar (cvar "sv_minupdaterate") (value "128")
L 07/27/2020 - 17:26:11: [basecommands.smx] "Console<0><Console><Console>" changed cvar (cvar "sv_maxupdaterate") (value "128")
L 07/27/2020 - 17:26:11: [basecommands.smx] "Console<0><Console><Console>" changed cvar (cvar "sv_maxunlag") (value "0.5")
L 07/27/2020 - 17:26:11: [basecommands.smx] "Console<0><Console><Console>" changed cvar (cvar "sv_unlag") (value "1")
L 07/27/2020 - 17:26:12: [chat-processor.smx] Message formats generated for game 'csgo'.
L 07/27/2020 - 17:26:12: [chat-processor.smx] Successfully hooked a SayText2 chat hook.
L 07/27/2020 - 17:26:13: [weapons.smx] Inactive players' data has been deleted
L 07/27/2020 - 17:43:50: [mapchooser.smx] Voting for next map has started.
L 07/27/2020 - 17:44:10: [mapchooser.smx] Voting for next map has finished. Nextmap: de_inferno.
L 07/27/2020 - 17:45:49: [SM] Changed map to "de_inferno"
L 07/27/2020 - 17:45:51: -------- Mapchange to de_inferno --------
L 07/27/2020 - 17:45:51: [basecommands.smx] "Console<0><Console><Console>" refreshed the admin cache.
L 07/27/2020 - 17:45:51: [basecommands.smx] "Console<0><Console><Console>" changed cvar (cvar "sv_maxrate") (value "128000")
L 07/27/2020 - 17:45:51: [basecommands.smx] "Console<0><Console><Console>" changed cvar (cvar "sv_minrate") (value "128000")
L 07/27/2020 - 17:45:51: [basecommands.smx] "Console<0><Console><Console>" changed cvar (cvar "sv_maxcmdrate") (value "128")
L 07/27/2020 - 17:45:51: [basecommands.smx] "Console<0><Console><Console>" changed cvar (cvar "sv_mincmdrate") (value "128")
L 07/27/2020 - 17:45:51: [basecommands.smx] "Console<0><Console><Console>" changed cvar (cvar "sv_minupdaterate") (value "128")
L 07/27/2020 - 17:45:51: [basecommands.smx] "Console<0><Console><Console>" changed cvar (cvar "sv_maxupdaterate") (value "128")
L 07/27/2020 - 17:45:51: [basecommands.smx] "Console<0><Console><Console>" changed cvar (cvar "sv_maxunlag") (value "0.5")
L 07/27/2020 - 17:45:51: [basecommands.smx] "Console<0><Console><Console>" changed cvar (cvar "sv_unlag") (value "1")
L 07/27/2020 - 17:45:52: [chat-processor.smx] Message formats generated for game 'csgo'.
L 07/27/2020 - 17:45:52: [chat-processor.smx] Successfully hooked a SayText2 chat hook.
L 07/27/2020 - 17:45:53: [weapons.smx] Inactive players' data has been deleted
L 07/27/2020 - 18:03:21: [mapchooser.smx] Voting for next map has started.
L 07/27/2020 - 18:03:42: [mapchooser.smx] Voting for next map has finished. Nextmap: de_nuke.
L 07/27/2020 - 18:27:05: [SM] Changed map to "de_nuke"
L 07/27/2020 - 18:27:09: -------- Mapchange to de_nuke --------
L 07/27/2020 - 18:27:10: [basecommands.smx] "Console<0><Console><Console>" refreshed the admin cache.
L 07/27/2020 - 18:27:10: [basecommands.smx] "Console<0><Console><Console>" changed cvar (cvar "sv_maxrate") (value "128000")
L 07/27/2020 - 18:27:10: [basecommands.smx] "Console<0><Console><Console>" changed cvar (cvar "sv_minrate") (value "128000")
L 07/27/2020 - 18:27:10: [basecommands.smx] "Console<0><Console><Console>" changed cvar (cvar "sv_maxcmdrate") (value "128")
L 07/27/2020 - 18:27:10: [basecommands.smx] "Console<0><Console><Console>" changed cvar (cvar "sv_mincmdrate") (value "128")
L 07/27/2020 - 18:27:10: [basecommands.smx] "Console<0><Console><Console>" changed cvar (cvar "sv_minupdaterate") (value "128")
L 07/27/2020 - 18:27:10: [basecommands.smx] "Console<0><Console><Console>" changed cvar (cvar "sv_maxupdaterate") (value "128")
L 07/27/2020 - 18:27:10: [basecommands.smx] "Console<0><Console><Console>" changed cvar (cvar "sv_maxunlag") (value "0.5")
L 07/27/2020 - 18:27:10: [basecommands.smx] "Console<0><Console><Console>" changed cvar (cvar "sv_unlag") (value "1")
L 07/27/2020 - 18:27:10: [chat-processor.smx] Message formats generated for game 'csgo'.
L 07/27/2020 - 18:27:10: [chat-processor.smx] Successfully hooked a SayText2 chat hook.
L 07/27/2020 - 18:27:12: [weapons.smx] Inactive players' data has been deleted
L 07/27/2020 - 18:41:52: [mapchooser.smx] Voting for next map has started.
L 07/27/2020 - 18:42:13: [mapchooser.smx] Voting for next map has finished. Nextmap: de_cache.
L 07/27/2020 - 18:44:06: [SM] Changed map to "de_cache"
L 07/27/2020 - 18:44:11: -------- Mapchange to de_cache --------
L 07/27/2020 - 18:44:11: [basecommands.smx] "Console<0><Console><Console>" refreshed the admin cache.
L 07/27/2020 - 18:44:11: [basecommands.smx] "Console<0><Console><Console>" changed cvar (cvar "sv_maxrate") (value "128000")
L 07/27/2020 - 18:44:11: [basecommands.smx] "Console<0><Console><Console>" changed cvar (cvar "sv_minrate") (value "128000")
L 07/27/2020 - 18:44:11: [basecommands.smx] "Console<0><Console><Console>" changed cvar (cvar "sv_maxcmdrate") (value "128")
L 07/27/2020 - 18:44:11: [basecommands.smx] "Console<0><Console><Console>" changed cvar (cvar "sv_mincmdrate") (value "128")
L 07/27/2020 - 18:44:11: [basecommands.smx] "Console<0><Console><Console>" changed cvar (cvar "sv_minupdaterate") (value "128")
L 07/27/2020 - 18:44:11: [basecommands.smx] "Console<0><Console><Console>" changed cvar (cvar "sv_maxupdaterate") (value "128")
L 07/27/2020 - 18:44:11: [basecommands.smx] "Console<0><Console><Console>" changed cvar (cvar "sv_maxunlag") (value "0.5")
L 07/27/2020 - 18:44:11: [basecommands.smx] "Console<0><Console><Console>" changed cvar (cvar "sv_unlag") (value "1")
L 07/27/2020 - 18:44:12: [chat-processor.smx] Message formats generated for game 'csgo'.
L 07/27/2020 - 18:44:12: [chat-processor.smx] Successfully hooked a SayText2 chat hook.
L 07/27/2020 - 18:44:13: [weapons.smx] Inactive players' data has been deleted
L 07/27/2020 - 19:00:21: [mapchooser.smx] Voting for next map has started.
L 07/27/2020 - 19:00:27: [mapchooser.smx] Voting for next map has finished. Nextmap: de_vertigo.
L 07/27/2020 - 19:02:24: [SM] Changed map to "de_vertigo"
L 07/27/2020 - 19:02:25: -------- Mapchange to de_vertigo --------
L 07/27/2020 - 19:02:25: [basecommands.smx] "Console<0><Console><Console>" refreshed the admin cache.
L 07/27/2020 - 19:02:25: [basecommands.smx] "Console<0><Console><Console>" changed cvar (cvar "sv_maxrate") (value "128000")
L 07/27/2020 - 19:02:25: [basecommands.smx] "Console<0><Console><Console>" changed cvar (cvar "sv_minrate") (value "128000")
L 07/27/2020 - 19:02:25: [basecommands.smx] "Console<0><Console><Console>" changed cvar (cvar "sv_maxcmdrate") (value "128")
L 07/27/2020 - 19:02:25: [basecommands.smx] "Console<0><Console><Console>" changed cvar (cvar "sv_mincmdrate") (value "128")
L 07/27/2020 - 19:02:25: [basecommands.smx] "Console<0><Console><Console>" changed cvar (cvar "sv_minupdaterate") (value "128")
L 07/27/2020 - 19:02:25: [basecommands.smx] "Console<0><Console><Console>" changed cvar (cvar "sv_maxupdaterate") (value "128")
L 07/27/2020 - 19:02:25: [basecommands.smx] "Console<0><Console><Console>" changed cvar (cvar "sv_maxunlag") (value "0.5")
L 07/27/2020 - 19:02:25: [basecommands.smx] "Console<0><Console><Console>" changed cvar (cvar "sv_unlag") (value "1")
L 07/27/2020 - 19:02:26: [chat-processor.smx] Message formats generated for game 'csgo'.
L 07/27/2020 - 19:02:26: [chat-processor.smx] Successfully hooked a SayText2 chat hook.
L 07/27/2020 - 19:02:27: [weapons.smx] Inactive players' data has been deleted
L 07/27/2020 - 19:18:51: [mapchooser.smx] Voting for next map has started.
L 07/27/2020 - 19:19:05: [mapchooser.smx] Voting for next map has finished. Nextmap: de_overpass.
L 07/27/2020 - 19:21:44: [SM] Changed map to "de_overpass"
L 07/27/2020 - 19:21:45: -------- Mapchange to de_overpass --------
L 07/27/2020 - 19:21:45: [basecommands.smx] "Console<0><Console><Console>" refreshed the admin cache.
L 07/27/2020 - 19:21:45: [basecommands.smx] "Console<0><Console><Console>" changed cvar (cvar "sv_maxrate") (value "128000")
L 07/27/2020 - 19:21:45: [basecommands.smx] "Console<0><Console><Console>" changed cvar (cvar "sv_minrate") (value "128000")
L 07/27/2020 - 19:21:45: [basecommands.smx] "Console<0><Console><Console>" changed cvar (cvar "sv_maxcmdrate") (value "128")
L 07/27/2020 - 19:21:45: [basecommands.smx] "Console<0><Console><Console>" changed cvar (cvar "sv_mincmdrate") (value "128")
L 07/27/2020 - 19:21:45: [basecommands.smx] "Console<0><Console><Console>" changed cvar (cvar "sv_minupdaterate") (value "128")
L 07/27/2020 - 19:21:45: [basecommands.smx] "Console<0><Console><Console>" changed cvar (cvar "sv_maxupdaterate") (value "128")
L 07/27/2020 - 19:21:45: [basecommands.smx] "Console<0><Console><Console>" changed cvar (cvar "sv_maxunlag") (value "0.5")
L 07/27/2020 - 19:21:45: [basecommands.smx] "Console<0><Console><Console>" changed cvar (cvar "sv_unlag") (value "1")
L 07/27/2020 - 19:21:45: [chat-processor.smx] Message formats generated for game 'csgo'.
L 07/27/2020 - 19:21:45: [chat-processor.smx] Successfully hooked a SayText2 chat hook.
L 07/27/2020 - 19:21:47: [weapons.smx] Inactive players' data has been deleted
L 07/27/2020 - 19:38:27: [mapchooser.smx] Voting for next map has started.
L 07/27/2020 - 19:38:37: [mapchooser.smx] Voting for next map has finished. Nextmap: de_dust2.
L 07/27/2020 - 19:40:00: [SM] Changed map to "de_dust2"
L 07/27/2020 - 19:40:04: -------- Mapchange to de_dust2 --------
L 07/27/2020 - 19:40:04: [basecommands.smx] "Console<0><Console><Console>" refreshed the admin cache.
L 07/27/2020 - 19:40:04: [basecommands.smx] "Console<0><Console><Console>" changed cvar (cvar "sv_maxrate") (value "128000")
L 07/27/2020 - 19:40:04: [basecommands.smx] "Console<0><Console><Console>" changed cvar (cvar "sv_minrate") (value "128000")
L 07/27/2020 - 19:40:04: [basecommands.smx] "Console<0><Console><Console>" changed cvar (cvar "sv_maxcmdrate") (value "128")
L 07/27/2020 - 19:40:04: [basecommands.smx] "Console<0><Console><Console>" changed cvar (cvar "sv_mincmdrate") (value "128")
L 07/27/2020 - 19:40:04: [basecommands.smx] "Console<0><Console><Console>" changed cvar (cvar "sv_minupdaterate") (value "128")
L 07/27/2020 - 19:40:04: [basecommands.smx] "Console<0><Console><Console>" changed cvar (cvar "sv_maxupdaterate") (value "128")
L 07/27/2020 - 19:40:04: [basecommands.smx] "Console<0><Console><Console>" changed cvar (cvar "sv_maxunlag") (value "0.5")
L 07/27/2020 - 19:40:04: [basecommands.smx] "Console<0><Console><Console>" changed cvar (cvar "sv_unlag") (value "1")
L 07/27/2020 - 19:40:04: [chat-processor.smx] Message formats generated for game 'csgo'.
L 07/27/2020 - 19:40:04: [chat-processor.smx] Successfully hooked a SayText2 chat hook.
L 07/27/2020 - 19:40:06: [weapons.smx] Inactive players' data has been deleted
L 07/27/2020 - 19:54:56: [mapchooser.smx] Voting for next map has started.
L 07/27/2020 - 19:55:11: [mapchooser.smx] Voting for next map has finished. Nextmap: de_mirage.
L 07/27/2020 - 19:56:28: [SM] Changed map to "de_mirage"
L 07/27/2020 - 19:56:29: -------- Mapchange to de_mirage --------
L 07/27/2020 - 19:56:30: [basecommands.smx] "Console<0><Console><Console>" refreshed the admin cache.
L 07/27/2020 - 19:56:30: [basecommands.smx] "Console<0><Console><Console>" changed cvar (cvar "sv_maxrate") (value "128000")
L 07/27/2020 - 19:56:30: [basecommands.smx] "Console<0><Console><Console>" changed cvar (cvar "sv_minrate") (value "128000")
L 07/27/2020 - 19:56:30: [basecommands.smx] "Console<0><Console><Console>" changed cvar (cvar "sv_maxcmdrate") (value "128")
L 07/27/2020 - 19:56:30: [basecommands.smx] "Console<0><Console><Console>" changed cvar (cvar "sv_mincmdrate") (value "128")
L 07/27/2020 - 19:56:30: [basecommands.smx] "Console<0><Console><Console>" changed cvar (cvar "sv_minupdaterate") (value "128")
L 07/27/2020 - 19:56:30: [basecommands.smx] "Console<0><Console><Console>" changed cvar (cvar "sv_maxupdaterate") (value "128")
L 07/27/2020 - 19:56:30: [basecommands.smx] "Console<0><Console><Console>" changed cvar (cvar "sv_maxunlag") (value "0.5")
L 07/27/2020 - 19:56:30: [basecommands.smx] "Console<0><Console><Console>" changed cvar (cvar "sv_unlag") (value "1")
L 07/27/2020 - 19:56:30: [chat-processor.smx] Message formats generated for game 'csgo'.
L 07/27/2020 - 19:56:30: [chat-processor.smx] Successfully hooked a SayText2 chat hook.
L 07/27/2020 - 19:56:32: [weapons.smx] Inactive players' data has been deleted
L 07/27/2020 - 20:13:13: [mapchooser.smx] Voting for next map has started.
L 07/27/2020 - 20:13:33: [mapchooser.smx] Voting for next map has finished. Nextmap: de_inferno.
L 07/27/2020 - 20:14:56: [SM] Changed map to "de_inferno"
L 07/27/2020 - 20:14:58: -------- Mapchange to de_inferno --------
L 07/27/2020 - 20:14:58: [basecommands.smx] "Console<0><Console><Console>" refreshed the admin cache.
L 07/27/2020 - 20:14:58: [basecommands.smx] "Console<0><Console><Console>" changed cvar (cvar "sv_maxrate") (value "128000")
L 07/27/2020 - 20:14:58: [basecommands.smx] "Console<0><Console><Console>" changed cvar (cvar "sv_minrate") (value "128000")
L 07/27/2020 - 20:14:58: [basecommands.smx] "Console<0><Console><Console>" changed cvar (cvar "sv_maxcmdrate") (value "128")
L 07/27/2020 - 20:14:58: [basecommands.smx] "Console<0><Console><Console>" changed cvar (cvar "sv_mincmdrate") (value "128")
L 07/27/2020 - 20:14:58: [basecommands.smx] "Console<0><Console><Console>" changed cvar (cvar "sv_minupdaterate") (value "128")
L 07/27/2020 - 20:14:58: [basecommands.smx] "Console<0><Console><Console>" changed cvar (cvar "sv_maxupdaterate") (value "128")
L 07/27/2020 - 20:14:58: [basecommands.smx] "Console<0><Console><Console>" changed cvar (cvar "sv_maxunlag") (value "0.5")
L 07/27/2020 - 20:14:58: [basecommands.smx] "Console<0><Console><Console>" changed cvar (cvar "sv_unlag") (value "1")
L 07/27/2020 - 20:14:59: [chat-processor.smx] Message formats generated for game 'csgo'.
L 07/27/2020 - 20:14:59: [chat-processor.smx] Successfully hooked a SayText2 chat hook.
L 07/27/2020 - 20:15:01: [weapons.smx] Inactive players' data has been deleted
L 07/27/2020 - 20:31:12: [mapchooser.smx] Voting for next map has started.
L 07/27/2020 - 20:31:33: [mapchooser.smx] Voting for next map has finished. Nextmap: de_train.
L 07/27/2020 - 20:33:35: [SM] Changed map to "de_train"
L 07/27/2020 - 20:33:37: -------- Mapchange to de_train --------
L 07/27/2020 - 20:33:37: [basecommands.smx] "Console<0><Console><Console>" refreshed the admin cache.
L 07/27/2020 - 20:33:37: [basecommands.smx] "Console<0><Console><Console>" changed cvar (cvar "sv_maxrate") (value "128000")
L 07/27/2020 - 20:33:37: [basecommands.smx] "Console<0><Console><Console>" changed cvar (cvar "sv_minrate") (value "128000")
L 07/27/2020 - 20:33:37: [basecommands.smx] "Console<0><Console><Console>" changed cvar (cvar "sv_maxcmdrate") (value "128")
L 07/27/2020 - 20:33:37: [basecommands.smx] "Console<0><Console><Console>" changed cvar (cvar "sv_mincmdrate") (value "128")
L 07/27/2020 - 20:33:37: [basecommands.smx] "Console<0><Console><Console>" changed cvar (cvar "sv_minupdaterate") (value "128")
L 07/27/2020 - 20:33:37: [basecommands.smx] "Console<0><Console><Console>" changed cvar (cvar "sv_maxupdaterate") (value "128")
L 07/27/2020 - 20:33:37: [basecommands.smx] "Console<0><Console><Console>" changed cvar (cvar "sv_maxunlag") (value "0.5")
L 07/27/2020 - 20:33:37: [basecommands.smx] "Console<0><Console><Console>" changed cvar (cvar "sv_unlag") (value "1")
L 07/27/2020 - 20:33:38: [chat-processor.smx] Message formats generated for game 'csgo'.
L 07/27/2020 - 20:33:38: [chat-processor.smx] Successfully hooked a SayText2 chat hook.
L 07/27/2020 - 20:33:39: [weapons.smx] Inactive players' data has been deleted
L 07/27/2020 - 20:50:42: [mapchooser.smx] Voting for next map has started.
L 07/27/2020 - 20:50:48: [mapchooser.smx] Voting for next map has finished. Nextmap: de_nuke.
L 07/27/2020 - 20:52:26: [SM] Changed map to "de_nuke"
L 07/27/2020 - 20:52:29: -------- Mapchange to de_nuke --------
L 07/27/2020 - 20:52:29: [basecommands.smx] "Console<0><Console><Console>" refreshed the admin cache.
L 07/27/2020 - 20:52:29: [basecommands.smx] "Console<0><Console><Console>" changed cvar (cvar "sv_maxrate") (value "128000")
L 07/27/2020 - 20:52:29: [basecommands.smx] "Console<0><Console><Console>" changed cvar (cvar "sv_minrate") (value "128000")
L 07/27/2020 - 20:52:29: [basecommands.smx] "Console<0><Console><Console>" changed cvar (cvar "sv_maxcmdrate") (value "128")
L 07/27/2020 - 20:52:29: [basecommands.smx] "Console<0><Console><Console>" changed cvar (cvar "sv_mincmdrate") (value "128")
L 07/27/2020 - 20:52:29: [basecommands.smx] "Console<0><Console><Console>" changed cvar (cvar "sv_minupdaterate") (value "128")
L 07/27/2020 - 20:52:29: [basecommands.smx] "Console<0><Console><Console>" changed cvar (cvar "sv_maxupdaterate") (value "128")
L 07/27/2020 - 20:52:29: [basecommands.smx] "Console<0><Console><Console>" changed cvar (cvar "sv_maxunlag") (value "0.5")
L 07/27/2020 - 20:52:29: [basecommands.smx] "Console<0><Console><Console>" changed cvar (cvar "sv_unlag") (value "1")
L 07/27/2020 - 20:52:30: [chat-processor.smx] Message formats generated for game 'csgo'.
L 07/27/2020 - 20:52:30: [chat-processor.smx] Successfully hooked a SayText2 chat hook.
L 07/27/2020 - 20:52:30: [weapons.smx] Inactive players' data has been deleted
L 07/27/2020 - 21:09:18: [mapchooser.smx] Voting for next map has started.
L 07/27/2020 - 21:09:27: [mapchooser.smx] Voting for next map has finished. Nextmap: de_vertigo.
L 07/27/2020 - 21:11:16: [SM] Changed map to "de_vertigo"
L 07/27/2020 - 21:11:17: -------- Mapchange to de_vertigo --------
L 07/27/2020 - 21:11:17: [basecommands.smx] "Console<0><Console><Console>" refreshed the admin cache.
L 07/27/2020 - 21:11:17: [basecommands.smx] "Console<0><Console><Console>" changed cvar (cvar "sv_maxrate") (value "128000")
L 07/27/2020 - 21:11:17: [basecommands.smx] "Console<0><Console><Console>" changed cvar (cvar "sv_minrate") (value "128000")
L 07/27/2020 - 21:11:17: [basecommands.smx] "Console<0><Console><Console>" changed cvar (cvar "sv_maxcmdrate") (value "128")
L 07/27/2020 - 21:11:17: [basecommands.smx] "Console<0><Console><Console>" changed cvar (cvar "sv_mincmdrate") (value "128")
L 07/27/2020 - 21:11:17: [basecommands.smx] "Console<0><Console><Console>" changed cvar (cvar "sv_minupdaterate") (value "128")
L 07/27/2020 - 21:11:17: [basecommands.smx] "Console<0><Console><Console>" changed cvar (cvar "sv_maxupdaterate") (value "128")
L 07/27/2020 - 21:11:17: [basecommands.smx] "Console<0><Console><Console>" changed cvar (cvar "sv_maxunlag") (value "0.5")
L 07/27/2020 - 21:11:17: [basecommands.smx] "Console<0><Console><Console>" changed cvar (cvar "sv_unlag") (value "1")
L 07/27/2020 - 21:11:18: [chat-processor.smx] Message formats generated for game 'csgo'.
L 07/27/2020 - 21:11:18: [chat-processor.smx] Successfully hooked a SayText2 chat hook.
L 07/27/2020 - 21:11:19: [weapons.smx] Inactive players' data has been deleted
L 07/27/2020 - 21:25:10: [mapchooser.smx] Voting for next map has started.
L 07/27/2020 - 21:25:20: [mapchooser.smx] Voting for next map has finished. Nextmap: de_overpass.
L 07/27/2020 - 21:29:02: [SM] Changed map to "de_overpass"
L 07/27/2020 - 21:29:03: -------- Mapchange to de_overpass --------
L 07/27/2020 - 21:29:03: [basecommands.smx] "Console<0><Console><Console>" refreshed the admin cache.
L 07/27/2020 - 21:29:03: [basecommands.smx] "Console<0><Console><Console>" changed cvar (cvar "sv_maxrate") (value "128000")
L 07/27/2020 - 21:29:03: [basecommands.smx] "Console<0><Console><Console>" changed cvar (cvar "sv_minrate") (value "128000")
L 07/27/2020 - 21:29:03: [basecommands.smx] "Console<0><Console><Console>" changed cvar (cvar "sv_maxcmdrate") (value "128")
L 07/27/2020 - 21:29:03: [basecommands.smx] "Console<0><Console><Console>" changed cvar (cvar "sv_mincmdrate") (value "128")
L 07/27/2020 - 21:29:03: [basecommands.smx] "Console<0><Console><Console>" changed cvar (cvar "sv_minupdaterate") (value "128")
L 07/27/2020 - 21:29:03: [basecommands.smx] "Console<0><Console><Console>" changed cvar (cvar "sv_maxupdaterate") (value "128")
L 07/27/2020 - 21:29:03: [basecommands.smx] "Console<0><Console><Console>" changed cvar (cvar "sv_maxunlag") (value "0.5")
L 07/27/2020 - 21:29:03: [basecommands.smx] "Console<0><Console><Console>" changed cvar (cvar "sv_unlag") (value "1")
L 07/27/2020 - 21:29:04: [chat-processor.smx] Message formats generated for game 'csgo'.
L 07/27/2020 - 21:29:04: [chat-processor.smx] Successfully hooked a SayText2 chat hook.
L 07/27/2020 - 21:29:05: [weapons.smx] Inactive players' data has been deleted
L 07/27/2020 - 21:44:30: [mapchooser.smx] Voting for next map has started.
L 07/27/2020 - 21:44:49: [mapchooser.smx] Voting for next map has finished. Nextmap: de_cache.
L 07/27/2020 - 21:46:22: [SM] Changed map to "de_cache"
L 07/27/2020 - 21:46:26: -------- Mapchange to de_cache --------
L 07/27/2020 - 21:46:26: [basecommands.smx] "Console<0><Console><Console>" refreshed the admin cache.
L 07/27/2020 - 21:46:26: [basecommands.smx] "Console<0><Console><Console>" changed cvar (cvar "sv_maxrate") (value "128000")
L 07/27/2020 - 21:46:26: [basecommands.smx] "Console<0><Console><Console>" changed cvar (cvar "sv_minrate") (value "128000")
L 07/27/2020 - 21:46:26: [basecommands.smx] "Console<0><Console><Console>" changed cvar (cvar "sv_maxcmdrate") (value "128")
L 07/27/2020 - 21:46:26: [basecommands.smx] "Console<0><Console><Console>" changed cvar (cvar "sv_mincmdrate") (value "128")
L 07/27/2020 - 21:46:26: [basecommands.smx] "Console<0><Console><Console>" changed cvar (cvar "sv_minupdaterate") (value "128")
L 07/27/2020 - 21:46:26: [basecommands.smx] "Console<0><Console><Console>" changed cvar (cvar "sv_maxupdaterate") (value "128")
L 07/27/2020 - 21:46:26: [basecommands.smx] "Console<0><Console><Console>" changed cvar (cvar "sv_maxunlag") (value "0.5")
L 07/27/2020 - 21:46:26: [basecommands.smx] "Console<0><Console><Console>" changed cvar (cvar "sv_unlag") (value "1")
L 07/27/2020 - 21:46:27: [chat-processor.smx] Message formats generated for game 'csgo'.
L 07/27/2020 - 21:46:27: [chat-processor.smx] Successfully hooked a SayText2 chat hook.
L 07/27/2020 - 21:46:28: [weapons.smx] Inactive players' data has been deleted
L 07/27/2020 - 22:02:19: [mapchooser.smx] Voting for next map has started.
L 07/27/2020 - 22:02:32: [mapchooser.smx] Voting for next map has finished. Nextmap: de_mirage.
L 07/27/2020 - 22:04:25: [SM] Changed map to "de_mirage"
L 07/27/2020 - 22:04:26: -------- Mapchange to de_mirage --------
L 07/27/2020 - 22:04:26: [basecommands.smx] "Console<0><Console><Console>" refreshed the admin cache.
L 07/27/2020 - 22:04:26: [basecommands.smx] "Console<0><Console><Console>" changed cvar (cvar "sv_maxrate") (value "128000")
L 07/27/2020 - 22:04:26: [basecommands.smx] "Console<0><Console><Console>" changed cvar (cvar "sv_minrate") (value "128000")
L 07/27/2020 - 22:04:26: [basecommands.smx] "Console<0><Console><Console>" changed cvar (cvar "sv_maxcmdrate") (value "128")
L 07/27/2020 - 22:04:26: [basecommands.smx] "Console<0><Console><Console>" changed cvar (cvar "sv_mincmdrate") (value "128")
L 07/27/2020 - 22:04:26: [basecommands.smx] "Console<0><Console><Console>" changed cvar (cvar "sv_minupdaterate") (value "128")
L 07/27/2020 - 22:04:26: [basecommands.smx] "Console<0><Console><Console>" changed cvar (cvar "sv_maxupdaterate") (value "128")
L 07/27/2020 - 22:04:26: [basecommands.smx] "Console<0><Console><Console>" changed cvar (cvar "sv_maxunlag") (value "0.5")
L 07/27/2020 - 22:04:26: [basecommands.smx] "Console<0><Console><Console>" changed cvar (cvar "sv_unlag") (value "1")
L 07/27/2020 - 22:04:26: [chat-processor.smx] Message formats generated for game 'csgo'.
L 07/27/2020 - 22:04:26: [chat-processor.smx] Successfully hooked a SayText2 chat hook.
L 07/27/2020 - 22:04:28: [weapons.smx] Inactive players' data has been deleted
L 07/27/2020 - 22:21:20: [mapchooser.smx] Voting for next map has started.
L 07/27/2020 - 22:21:24: [mapchooser.smx] Voting for next map has finished. Nextmap: de_inferno.
L 07/27/2020 - 22:23:30: [SM] Changed map to "de_inferno"
L 07/27/2020 - 22:23:31: -------- Mapchange to de_inferno --------
L 07/27/2020 - 22:23:31: [basecommands.smx] "Console<0><Console><Console>" refreshed the admin cache.
L 07/27/2020 - 22:23:31: [basecommands.smx] "Console<0><Console><Console>" changed cvar (cvar "sv_maxrate") (value "128000")
L 07/27/2020 - 22:23:31: [basecommands.smx] "Console<0><Console><Console>" changed cvar (cvar "sv_minrate") (value "128000")
L 07/27/2020 - 22:23:31: [basecommands.smx] "Console<0><Console><Console>" changed cvar (cvar "sv_maxcmdrate") (value "128")
L 07/27/2020 - 22:23:31: [basecommands.smx] "Console<0><Console><Console>" changed cvar (cvar "sv_mincmdrate") (value "128")
L 07/27/2020 - 22:23:31: [basecommands.smx] "Console<0><Console><Console>" changed cvar (cvar "sv_minupdaterate") (value "128")
L 07/27/2020 - 22:23:31: [basecommands.smx] "Console<0><Console><Console>" changed cvar (cvar "sv_maxupdaterate") (value "128")
L 07/27/2020 - 22:23:31: [basecommands.smx] "Console<0><Console><Console>" changed cvar (cvar "sv_maxunlag") (value "0.5")
L 07/27/2020 - 22:23:31: [basecommands.smx] "Console<0><Console><Console>" changed cvar (cvar "sv_unlag") (value "1")
L 07/27/2020 - 22:23:32: [chat-processor.smx] Message formats generated for game 'csgo'.
L 07/27/2020 - 22:23:32: [chat-processor.smx] Successfully hooked a SayText2 chat hook.
L 07/27/2020 - 22:23:33: [weapons.smx] Inactive players' data has been deleted
L 07/27/2020 - 22:39:52: [mapchooser.smx] Voting for next map has started.
L 07/27/2020 - 22:40:12: [mapchooser.smx] Voting for next map has finished. Nextmap: de_dust2.
L 07/27/2020 - 22:42:24: [SM] Changed map to "de_dust2"
L 07/27/2020 - 22:42:27: -------- Mapchange to de_dust2 --------
L 07/27/2020 - 22:42:27: [basecommands.smx] "Console<0><Console><Console>" refreshed the admin cache.
L 07/27/2020 - 22:42:27: [basecommands.smx] "Console<0><Console><Console>" changed cvar (cvar "sv_maxrate") (value "128000")
L 07/27/2020 - 22:42:27: [basecommands.smx] "Console<0><Console><Console>" changed cvar (cvar "sv_minrate") (value "128000")
L 07/27/2020 - 22:42:27: [basecommands.smx] "Console<0><Console><Console>" changed cvar (cvar "sv_maxcmdrate") (value "128")
L 07/27/2020 - 22:42:27: [basecommands.smx] "Console<0><Console><Console>" changed cvar (cvar "sv_mincmdrate") (value "128")
L 07/27/2020 - 22:42:27: [basecommands.smx] "Console<0><Console><Console>" changed cvar (cvar "sv_minupdaterate") (value "128")
L 07/27/2020 - 22:42:27: [basecommands.smx] "Console<0><Console><Console>" changed cvar (cvar "sv_maxupdaterate") (value "128")
L 07/27/2020 - 22:42:27: [basecommands.smx] "Console<0><Console><Console>" changed cvar (cvar "sv_maxunlag") (value "0.5")
L 07/27/2020 - 22:42:27: [basecommands.smx] "Console<0><Console><Console>" changed cvar (cvar "sv_unlag") (value "1")
L 07/27/2020 - 22:42:28: [chat-processor.smx] Message formats generated for game 'csgo'.
L 07/27/2020 - 22:42:28: [chat-processor.smx] Successfully hooked a SayText2 chat hook.
L 07/27/2020 - 22:42:29: [weapons.smx] Inactive players' data has been deleted
L 07/27/2020 - 22:58:19: [mapchooser.smx] Voting for next map has started.
L 07/27/2020 - 22:58:24: [mapchooser.smx] Voting for next map has finished. Nextmap: de_train.
L 07/27/2020 - 23:00:07: [SM] Changed map to "de_train"
L 07/27/2020 - 23:00:08: -------- Mapchange to de_train --------
L 07/27/2020 - 23:00:08: [basecommands.smx] "Console<0><Console><Console>" refreshed the admin cache.
L 07/27/2020 - 23:00:08: [basecommands.smx] "Console<0><Console><Console>" changed cvar (cvar "sv_maxrate") (value "128000")
L 07/27/2020 - 23:00:08: [basecommands.smx] "Console<0><Console><Console>" changed cvar (cvar "sv_minrate") (value "128000")
L 07/27/2020 - 23:00:08: [basecommands.smx] "Console<0><Console><Console>" changed cvar (cvar "sv_maxcmdrate") (value "128")
L 07/27/2020 - 23:00:08: [basecommands.smx] "Console<0><Console><Console>" changed cvar (cvar "sv_mincmdrate") (value "128")
L 07/27/2020 - 23:00:08: [basecommands.smx] "Console<0><Console><Console>" changed cvar (cvar "sv_minupdaterate") (value "128")
L 07/27/2020 - 23:00:08: [basecommands.smx] "Console<0><Console><Console>" changed cvar (cvar "sv_maxupdaterate") (value "128")
L 07/27/2020 - 23:00:08: [basecommands.smx] "Console<0><Console><Console>" changed cvar (cvar "sv_maxunlag") (value "0.5")
L 07/27/2020 - 23:00:08: [basecommands.smx] "Console<0><Console><Console>" changed cvar (cvar "sv_unlag") (value "1")
L 07/27/2020 - 23:00:09: [chat-processor.smx] Message formats generated for game 'csgo'.
L 07/27/2020 - 23:00:09: [chat-processor.smx] Successfully hooked a SayText2 chat hook.
L 07/27/2020 - 23:00:10: [weapons.smx] Inactive players' data has been deleted
L 07/27/2020 - 23:18:36: [mapchooser.smx] Voting for next map has started.
L 07/27/2020 - 23:18:45: [mapchooser.smx] Voting for next map has finished. Nextmap: de_vertigo.
L 07/27/2020 - 23:21:21: [rockthevote.smx] RTV changing map manually
L 07/27/2020 - 23:21:21: [SM] Changed map to "de_vertigo"
L 07/27/2020 - 23:21:22: -------- Mapchange to de_vertigo --------
L 07/27/2020 - 23:21:22: [basecommands.smx] "Console<0><Console><Console>" refreshed the admin cache.
L 07/27/2020 - 23:21:22: [basecommands.smx] "Console<0><Console><Console>" changed cvar (cvar "sv_maxrate") (value "128000")
L 07/27/2020 - 23:21:22: [basecommands.smx] "Console<0><Console><Console>" changed cvar (cvar "sv_minrate") (value "128000")
L 07/27/2020 - 23:21:22: [basecommands.smx] "Console<0><Console><Console>" changed cvar (cvar "sv_maxcmdrate") (value "128")
L 07/27/2020 - 23:21:22: [basecommands.smx] "Console<0><Console><Console>" changed cvar (cvar "sv_mincmdrate") (value "128")
L 07/27/2020 - 23:21:22: [basecommands.smx] "Console<0><Console><Console>" changed cvar (cvar "sv_minupdaterate") (value "128")
L 07/27/2020 - 23:21:22: [basecommands.smx] "Console<0><Console><Console>" changed cvar (cvar "sv_maxupdaterate") (value "128")
L 07/27/2020 - 23:21:22: [basecommands.smx] "Console<0><Console><Console>" changed cvar (cvar "sv_maxunlag") (value "0.5")
L 07/27/2020 - 23:21:22: [basecommands.smx] "Console<0><Console><Console>" changed cvar (cvar "sv_unlag") (value "1")
L 07/27/2020 - 23:21:23: [chat-processor.smx] Message formats generated for game 'csgo'.
L 07/27/2020 - 23:21:23: [chat-processor.smx] Successfully hooked a SayText2 chat hook.
L 07/27/2020 - 23:21:24: [weapons.smx] Inactive players' data has been deleted
L 07/27/2020 - 23:36:49: [mapchooser.smx] Voting for next map has started.
L 07/27/2020 - 23:37:00: [mapchooser.smx] Voting for next map has finished. Nextmap: de_overpass.
L 07/27/2020 - 23:38:44: [SM] Changed map to "de_overpass"
L 07/27/2020 - 23:38:45: -------- Mapchange to de_overpass --------
L 07/27/2020 - 23:38:45: [basecommands.smx] "Console<0><Console><Console>" refreshed the admin cache.
L 07/27/2020 - 23:38:45: [basecommands.smx] "Console<0><Console><Console>" changed cvar (cvar "sv_maxrate") (value "128000")
L 07/27/2020 - 23:38:45: [basecommands.smx] "Console<0><Console><Console>" changed cvar (cvar "sv_minrate") (value "128000")
L 07/27/2020 - 23:38:45: [basecommands.smx] "Console<0><Console><Console>" changed cvar (cvar "sv_maxcmdrate") (value "128")
L 07/27/2020 - 23:38:45: [basecommands.smx] "Console<0><Console><Console>" changed cvar (cvar "sv_mincmdrate") (value "128")
L 07/27/2020 - 23:38:45: [basecommands.smx] "Console<0><Console><Console>" changed cvar (cvar "sv_minupdaterate") (value "128")
L 07/27/2020 - 23:38:45: [basecommands.smx] "Console<0><Console><Console>" changed cvar (cvar "sv_maxupdaterate") (value "128")
L 07/27/2020 - 23:38:45: [basecommands.smx] "Console<0><Console><Console>" changed cvar (cvar "sv_maxunlag") (value "0.5")
L 07/27/2020 - 23:38:45: [basecommands.smx] "Console<0><Console><Console>" changed cvar (cvar "sv_unlag") (value "1")
L 07/27/2020 - 23:38:46: [chat-processor.smx] Message formats generated for game 'csgo'.
L 07/27/2020 - 23:38:46: [chat-processor.smx] Successfully hooked a SayText2 chat hook.
L 07/27/2020 - 23:38:47: [weapons.smx] Inactive players' data has been deleted
L 07/27/2020 - 23:54:43: [mapchooser.smx] Voting for next map has started.
L 07/27/2020 - 23:54:51: [mapchooser.smx] Voting for next map has finished. Nextmap: de_nuke.
L 07/27/2020 - 23:56:08: [SM] Changed map to "de_nuke"
L 07/27/2020 - 23:56:11: -------- Mapchange to de_nuke --------
L 07/27/2020 - 23:56:11: [basecommands.smx] "Console<0><Console><Console>" refreshed the admin cache.
L 07/27/2020 - 23:56:11: [basecommands.smx] "Console<0><Console><Console>" changed cvar (cvar "sv_maxrate") (value "128000")
L 07/27/2020 - 23:56:11: [basecommands.smx] "Console<0><Console><Console>" changed cvar (cvar "sv_minrate") (value "128000")
L 07/27/2020 - 23:56:11: [basecommands.smx] "Console<0><Console><Console>" changed cvar (cvar "sv_maxcmdrate") (value "128")
L 07/27/2020 - 23:56:11: [basecommands.smx] "Console<0><Console><Console>" changed cvar (cvar "sv_mincmdrate") (value "128")
L 07/27/2020 - 23:56:11: [basecommands.smx] "Console<0><Console><Console>" changed cvar (cvar "sv_minupdaterate") (value "128")
L 07/27/2020 - 23:56:11: [basecommands.smx] "Console<0><Console><Console>" changed cvar (cvar "sv_maxupdaterate") (value "128")
L 07/27/2020 - 23:56:11: [basecommands.smx] "Console<0><Console><Console>" changed cvar (cvar "sv_maxunlag") (value "0.5")
L 07/27/2020 - 23:56:11: [basecommands.smx] "Console<0><Console><Console>" changed cvar (cvar "sv_unlag") (value "1")
L 07/27/2020 - 23:56:11: [chat-processor.smx] Message formats generated for game 'csgo'.
L 07/27/2020 - 23:56:11: [chat-processor.smx] Successfully hooked a SayText2 chat hook.
L 07/27/2020 - 23:56:13: [weapons.smx] Inactive players' data has been deleted
L 07/28/2020 - 00:15:55: Log file closed.
