L 08/08/2020 - 00:07:43: SourceMod log file session started (file "C:\TCAFiles\Users\jeanv\438\csgo\addons\sourcemod\logs\L20200808.log") (Version "1.10.0.6488")
L 08/08/2020 - 00:07:43: [mapchooser.smx] Voting for next map has started.
L 08/08/2020 - 00:07:47: [mapchooser.smx] Voting for next map has finished. Nextmap: de_overpass.
L 08/08/2020 - 00:09:41: [SM] Changed map to "de_overpass"
L 08/08/2020 - 00:09:42: -------- Mapchange to de_overpass --------
L 08/08/2020 - 00:09:43: [basecommands.smx] "Console<0><Console><Console>" refreshed the admin cache.
L 08/08/2020 - 00:09:43: [basecommands.smx] "Console<0><Console><Console>" changed cvar (cvar "sv_maxrate") (value "128000")
L 08/08/2020 - 00:09:43: [basecommands.smx] "Console<0><Console><Console>" changed cvar (cvar "sv_minrate") (value "128000")
L 08/08/2020 - 00:09:43: [basecommands.smx] "Console<0><Console><Console>" changed cvar (cvar "sv_maxcmdrate") (value "128")
L 08/08/2020 - 00:09:43: [basecommands.smx] "Console<0><Console><Console>" changed cvar (cvar "sv_mincmdrate") (value "128")
L 08/08/2020 - 00:09:43: [basecommands.smx] "Console<0><Console><Console>" changed cvar (cvar "sv_minupdaterate") (value "128")
L 08/08/2020 - 00:09:43: [basecommands.smx] "Console<0><Console><Console>" changed cvar (cvar "sv_maxupdaterate") (value "128")
L 08/08/2020 - 00:09:43: [basecommands.smx] "Console<0><Console><Console>" changed cvar (cvar "sv_maxunlag") (value "0.5")
L 08/08/2020 - 00:09:43: [basecommands.smx] "Console<0><Console><Console>" changed cvar (cvar "sv_unlag") (value "1")
L 08/08/2020 - 00:09:43: [afk_manager4.smx] [AFK Manager] Log File: addons\sourcemod\logs\afkm_20200808.log
L 08/08/2020 - 00:09:43: [chat-processor.smx] Message formats generated for game 'csgo'.
L 08/08/2020 - 00:09:43: [chat-processor.smx] Successfully hooked a SayText2 chat hook.
L 08/08/2020 - 00:09:44: [weapons.smx] Inactive players' data has been deleted
L 08/08/2020 - 00:23:50: [mapchooser.smx] Voting for next map has started.
L 08/08/2020 - 00:23:59: [mapchooser.smx] Voting for next map has finished. Nextmap: de_mirage.
L 08/08/2020 - 00:25:34: [SM] Changed map to "de_mirage"
L 08/08/2020 - 00:25:35: -------- Mapchange to de_mirage --------
L 08/08/2020 - 00:25:35: [basecommands.smx] "Console<0><Console><Console>" refreshed the admin cache.
L 08/08/2020 - 00:25:35: [basecommands.smx] "Console<0><Console><Console>" changed cvar (cvar "sv_maxrate") (value "128000")
L 08/08/2020 - 00:25:35: [basecommands.smx] "Console<0><Console><Console>" changed cvar (cvar "sv_minrate") (value "128000")
L 08/08/2020 - 00:25:35: [basecommands.smx] "Console<0><Console><Console>" changed cvar (cvar "sv_maxcmdrate") (value "128")
L 08/08/2020 - 00:25:35: [basecommands.smx] "Console<0><Console><Console>" changed cvar (cvar "sv_mincmdrate") (value "128")
L 08/08/2020 - 00:25:35: [basecommands.smx] "Console<0><Console><Console>" changed cvar (cvar "sv_minupdaterate") (value "128")
L 08/08/2020 - 00:25:35: [basecommands.smx] "Console<0><Console><Console>" changed cvar (cvar "sv_maxupdaterate") (value "128")
L 08/08/2020 - 00:25:35: [basecommands.smx] "Console<0><Console><Console>" changed cvar (cvar "sv_maxunlag") (value "0.5")
L 08/08/2020 - 00:25:35: [basecommands.smx] "Console<0><Console><Console>" changed cvar (cvar "sv_unlag") (value "1")
L 08/08/2020 - 00:25:36: [chat-processor.smx] Message formats generated for game 'csgo'.
L 08/08/2020 - 00:25:36: [chat-processor.smx] Successfully hooked a SayText2 chat hook.
L 08/08/2020 - 00:25:37: [weapons.smx] Inactive players' data has been deleted
L 08/08/2020 - 00:42:02: [mapchooser.smx] Voting for next map has started.
L 08/08/2020 - 00:42:09: [mapchooser.smx] Voting for next map has finished. Nextmap: de_cache.
L 08/08/2020 - 00:44:27: [SM] Changed map to "de_cache"
L 08/08/2020 - 00:44:31: -------- Mapchange to de_cache --------
L 08/08/2020 - 00:44:31: [basecommands.smx] "Console<0><Console><Console>" refreshed the admin cache.
L 08/08/2020 - 00:44:31: [basecommands.smx] "Console<0><Console><Console>" changed cvar (cvar "sv_maxrate") (value "128000")
L 08/08/2020 - 00:44:31: [basecommands.smx] "Console<0><Console><Console>" changed cvar (cvar "sv_minrate") (value "128000")
L 08/08/2020 - 00:44:31: [basecommands.smx] "Console<0><Console><Console>" changed cvar (cvar "sv_maxcmdrate") (value "128")
L 08/08/2020 - 00:44:31: [basecommands.smx] "Console<0><Console><Console>" changed cvar (cvar "sv_mincmdrate") (value "128")
L 08/08/2020 - 00:44:31: [basecommands.smx] "Console<0><Console><Console>" changed cvar (cvar "sv_minupdaterate") (value "128")
L 08/08/2020 - 00:44:31: [basecommands.smx] "Console<0><Console><Console>" changed cvar (cvar "sv_maxupdaterate") (value "128")
L 08/08/2020 - 00:44:31: [basecommands.smx] "Console<0><Console><Console>" changed cvar (cvar "sv_maxunlag") (value "0.5")
L 08/08/2020 - 00:44:31: [basecommands.smx] "Console<0><Console><Console>" changed cvar (cvar "sv_unlag") (value "1")
L 08/08/2020 - 00:44:32: [chat-processor.smx] Message formats generated for game 'csgo'.
L 08/08/2020 - 00:44:32: [chat-processor.smx] Successfully hooked a SayText2 chat hook.
L 08/08/2020 - 00:44:34: [weapons.smx] Inactive players' data has been deleted
L 08/08/2020 - 01:01:12: [mapchooser.smx] Voting for next map has started.
L 08/08/2020 - 01:01:32: [mapchooser.smx] Voting for next map has finished. Nextmap: de_nuke.
L 08/08/2020 - 01:04:35: [SM] Changed map to "de_nuke"
L 08/08/2020 - 01:04:38: -------- Mapchange to de_nuke --------
L 08/08/2020 - 01:04:38: [basecommands.smx] "Console<0><Console><Console>" refreshed the admin cache.
L 08/08/2020 - 01:04:38: [basecommands.smx] "Console<0><Console><Console>" changed cvar (cvar "sv_maxrate") (value "128000")
L 08/08/2020 - 01:04:38: [basecommands.smx] "Console<0><Console><Console>" changed cvar (cvar "sv_minrate") (value "128000")
L 08/08/2020 - 01:04:38: [basecommands.smx] "Console<0><Console><Console>" changed cvar (cvar "sv_maxcmdrate") (value "128")
L 08/08/2020 - 01:04:38: [basecommands.smx] "Console<0><Console><Console>" changed cvar (cvar "sv_mincmdrate") (value "128")
L 08/08/2020 - 01:04:38: [basecommands.smx] "Console<0><Console><Console>" changed cvar (cvar "sv_minupdaterate") (value "128")
L 08/08/2020 - 01:04:38: [basecommands.smx] "Console<0><Console><Console>" changed cvar (cvar "sv_maxupdaterate") (value "128")
L 08/08/2020 - 01:04:38: [basecommands.smx] "Console<0><Console><Console>" changed cvar (cvar "sv_maxunlag") (value "0.5")
L 08/08/2020 - 01:04:38: [basecommands.smx] "Console<0><Console><Console>" changed cvar (cvar "sv_unlag") (value "1")
L 08/08/2020 - 01:04:39: [chat-processor.smx] Message formats generated for game 'csgo'.
L 08/08/2020 - 01:04:39: [chat-processor.smx] Successfully hooked a SayText2 chat hook.
L 08/08/2020 - 01:04:40: [weapons.smx] Inactive players' data has been deleted
L 08/08/2020 - 01:09:38: [mapchooser.smx] Voting for next map has started.
L 08/08/2020 - 01:11:18: -------- Mapchange to de_nuke --------
L 08/08/2020 - 01:11:18: [basecommands.smx] "Console<0><Console><Console>" refreshed the admin cache.
L 08/08/2020 - 01:11:18: [basecommands.smx] "Console<0><Console><Console>" changed cvar (cvar "sv_maxrate") (value "128000")
L 08/08/2020 - 01:11:18: [basecommands.smx] "Console<0><Console><Console>" changed cvar (cvar "sv_minrate") (value "128000")
L 08/08/2020 - 01:11:18: [basecommands.smx] "Console<0><Console><Console>" changed cvar (cvar "sv_maxcmdrate") (value "128")
L 08/08/2020 - 01:11:18: [basecommands.smx] "Console<0><Console><Console>" changed cvar (cvar "sv_mincmdrate") (value "128")
L 08/08/2020 - 01:11:18: [basecommands.smx] "Console<0><Console><Console>" changed cvar (cvar "sv_minupdaterate") (value "128")
L 08/08/2020 - 01:11:18: [basecommands.smx] "Console<0><Console><Console>" changed cvar (cvar "sv_maxupdaterate") (value "128")
L 08/08/2020 - 01:11:18: [basecommands.smx] "Console<0><Console><Console>" changed cvar (cvar "sv_maxunlag") (value "0.5")
L 08/08/2020 - 01:11:18: [basecommands.smx] "Console<0><Console><Console>" changed cvar (cvar "sv_unlag") (value "1")
L 08/08/2020 - 01:11:18: [chat-processor.smx] Message formats generated for game 'csgo'.
L 08/08/2020 - 01:11:18: [chat-processor.smx] Successfully hooked a SayText2 chat hook.
L 08/08/2020 - 01:11:22: [weapons.smx] Inactive players' data has been deleted
L 08/08/2020 - 01:14:02: -------- Mapchange to de_nuke --------
L 08/08/2020 - 01:14:02: [basecommands.smx] "Console<0><Console><Console>" refreshed the admin cache.
L 08/08/2020 - 01:14:02: [basecommands.smx] "Console<0><Console><Console>" changed cvar (cvar "sv_maxrate") (value "128000")
L 08/08/2020 - 01:14:02: [basecommands.smx] "Console<0><Console><Console>" changed cvar (cvar "sv_minrate") (value "128000")
L 08/08/2020 - 01:14:02: [basecommands.smx] "Console<0><Console><Console>" changed cvar (cvar "sv_maxcmdrate") (value "128")
L 08/08/2020 - 01:14:02: [basecommands.smx] "Console<0><Console><Console>" changed cvar (cvar "sv_mincmdrate") (value "128")
L 08/08/2020 - 01:14:02: [basecommands.smx] "Console<0><Console><Console>" changed cvar (cvar "sv_minupdaterate") (value "128")
L 08/08/2020 - 01:14:02: [basecommands.smx] "Console<0><Console><Console>" changed cvar (cvar "sv_maxupdaterate") (value "128")
L 08/08/2020 - 01:14:02: [basecommands.smx] "Console<0><Console><Console>" changed cvar (cvar "sv_maxunlag") (value "0.5")
L 08/08/2020 - 01:14:02: [basecommands.smx] "Console<0><Console><Console>" changed cvar (cvar "sv_unlag") (value "1")
L 08/08/2020 - 01:14:03: [chat-processor.smx] Message formats generated for game 'csgo'.
L 08/08/2020 - 01:14:03: [chat-processor.smx] Successfully hooked a SayText2 chat hook.
L 08/08/2020 - 01:14:04: [weapons.smx] Inactive players' data has been deleted
L 08/08/2020 - 01:41:33: -------- Mapchange to de_nuke --------
L 08/08/2020 - 01:41:34: [basecommands.smx] "Console<0><Console><Console>" refreshed the admin cache.
L 08/08/2020 - 01:41:34: [basecommands.smx] "Console<0><Console><Console>" changed cvar (cvar "sv_maxrate") (value "128000")
L 08/08/2020 - 01:41:34: [basecommands.smx] "Console<0><Console><Console>" changed cvar (cvar "sv_minrate") (value "128000")
L 08/08/2020 - 01:41:34: [basecommands.smx] "Console<0><Console><Console>" changed cvar (cvar "sv_maxcmdrate") (value "128")
L 08/08/2020 - 01:41:34: [basecommands.smx] "Console<0><Console><Console>" changed cvar (cvar "sv_mincmdrate") (value "128")
L 08/08/2020 - 01:41:34: [basecommands.smx] "Console<0><Console><Console>" changed cvar (cvar "sv_minupdaterate") (value "128")
L 08/08/2020 - 01:41:34: [basecommands.smx] "Console<0><Console><Console>" changed cvar (cvar "sv_maxupdaterate") (value "128")
L 08/08/2020 - 01:41:34: [basecommands.smx] "Console<0><Console><Console>" changed cvar (cvar "sv_maxunlag") (value "0.5")
L 08/08/2020 - 01:41:34: [basecommands.smx] "Console<0><Console><Console>" changed cvar (cvar "sv_unlag") (value "1")
L 08/08/2020 - 01:41:34: [chat-processor.smx] Message formats generated for game 'csgo'.
L 08/08/2020 - 01:41:34: [chat-processor.smx] Successfully hooked a SayText2 chat hook.
L 08/08/2020 - 01:41:35: [weapons.smx] Inactive players' data has been deleted
L 08/08/2020 - 05:00:58: SourceMod log file session started (file "C:\TCAFiles\Users\jeanv\438\csgo\addons\sourcemod\logs\L20200808.log") (Version "1.10.0.6488")
L 08/08/2020 - 05:00:58: [GEOIP] GeoIP database info: GEO-106FREE 20180327 Build 1 Copyright (c) 2018 MaxMind Inc All Rights Reserved
L 08/08/2020 - 05:00:58: [afk_manager4.smx] [AFK Manager] Log File: addons\sourcemod\logs\afkm_20200808.log
L 08/08/2020 - 05:00:58: [afk_manager4.smx] [AFK Manager] Detected Mod Counter-Strike: Global Offensive
L 08/08/2020 - 05:23:28: -------- Mapchange to de_dust2 --------
L 08/08/2020 - 05:23:29: [basecommands.smx] "Console<0><Console><Console>" refreshed the admin cache.
L 08/08/2020 - 05:23:29: [basecommands.smx] "Console<0><Console><Console>" changed cvar (cvar "sv_maxrate") (value "128000")
L 08/08/2020 - 05:23:29: [basecommands.smx] "Console<0><Console><Console>" changed cvar (cvar "sv_minrate") (value "128000")
L 08/08/2020 - 05:23:29: [basecommands.smx] "Console<0><Console><Console>" changed cvar (cvar "sv_maxcmdrate") (value "128")
L 08/08/2020 - 05:23:29: [basecommands.smx] "Console<0><Console><Console>" changed cvar (cvar "sv_mincmdrate") (value "128")
L 08/08/2020 - 05:23:29: [basecommands.smx] "Console<0><Console><Console>" changed cvar (cvar "sv_minupdaterate") (value "128")
L 08/08/2020 - 05:23:29: [basecommands.smx] "Console<0><Console><Console>" changed cvar (cvar "sv_maxupdaterate") (value "128")
L 08/08/2020 - 05:23:29: [basecommands.smx] "Console<0><Console><Console>" changed cvar (cvar "sv_maxunlag") (value "0.5")
L 08/08/2020 - 05:23:29: [basecommands.smx] "Console<0><Console><Console>" changed cvar (cvar "sv_unlag") (value "1")
L 08/08/2020 - 05:23:30: [chat-processor.smx] Message formats generated for game 'csgo'.
L 08/08/2020 - 05:23:30: [chat-processor.smx] Successfully hooked a SayText2 chat hook.
L 08/08/2020 - 05:23:31: [weapons.smx] SQLite DB connection successful
L 08/08/2020 - 05:23:31: [weapons.smx] Inactive players' data has been deleted
L 08/08/2020 - 08:04:05: -------- Mapchange to de_dust2 --------
L 08/08/2020 - 08:04:06: [basecommands.smx] "Console<0><Console><Console>" refreshed the admin cache.
L 08/08/2020 - 08:04:06: [basecommands.smx] "Console<0><Console><Console>" changed cvar (cvar "sv_maxrate") (value "128000")
L 08/08/2020 - 08:04:06: [basecommands.smx] "Console<0><Console><Console>" changed cvar (cvar "sv_minrate") (value "128000")
L 08/08/2020 - 08:04:06: [basecommands.smx] "Console<0><Console><Console>" changed cvar (cvar "sv_maxcmdrate") (value "128")
L 08/08/2020 - 08:04:06: [basecommands.smx] "Console<0><Console><Console>" changed cvar (cvar "sv_mincmdrate") (value "128")
L 08/08/2020 - 08:04:06: [basecommands.smx] "Console<0><Console><Console>" changed cvar (cvar "sv_minupdaterate") (value "128")
L 08/08/2020 - 08:04:06: [basecommands.smx] "Console<0><Console><Console>" changed cvar (cvar "sv_maxupdaterate") (value "128")
L 08/08/2020 - 08:04:06: [basecommands.smx] "Console<0><Console><Console>" changed cvar (cvar "sv_maxunlag") (value "0.5")
L 08/08/2020 - 08:04:06: [basecommands.smx] "Console<0><Console><Console>" changed cvar (cvar "sv_unlag") (value "1")
L 08/08/2020 - 08:04:07: [chat-processor.smx] Message formats generated for game 'csgo'.
L 08/08/2020 - 08:04:07: [chat-processor.smx] Successfully hooked a SayText2 chat hook.
L 08/08/2020 - 08:04:07: [weapons.smx] Inactive players' data has been deleted
L 08/08/2020 - 08:18:48: [mapchooser.smx] Voting for next map has started.
L 08/08/2020 - 08:18:59: [mapchooser.smx] Voting for next map has finished. Nextmap: de_vertigo.
L 08/08/2020 - 08:20:54: [SM] Changed map to "de_vertigo"
L 08/08/2020 - 08:20:56: -------- Mapchange to de_vertigo --------
L 08/08/2020 - 08:20:56: [basecommands.smx] "Console<0><Console><Console>" refreshed the admin cache.
L 08/08/2020 - 08:20:56: [basecommands.smx] "Console<0><Console><Console>" changed cvar (cvar "sv_maxrate") (value "128000")
L 08/08/2020 - 08:20:56: [basecommands.smx] "Console<0><Console><Console>" changed cvar (cvar "sv_minrate") (value "128000")
L 08/08/2020 - 08:20:56: [basecommands.smx] "Console<0><Console><Console>" changed cvar (cvar "sv_maxcmdrate") (value "128")
L 08/08/2020 - 08:20:56: [basecommands.smx] "Console<0><Console><Console>" changed cvar (cvar "sv_mincmdrate") (value "128")
L 08/08/2020 - 08:20:56: [basecommands.smx] "Console<0><Console><Console>" changed cvar (cvar "sv_minupdaterate") (value "128")
L 08/08/2020 - 08:20:56: [basecommands.smx] "Console<0><Console><Console>" changed cvar (cvar "sv_maxupdaterate") (value "128")
L 08/08/2020 - 08:20:56: [basecommands.smx] "Console<0><Console><Console>" changed cvar (cvar "sv_maxunlag") (value "0.5")
L 08/08/2020 - 08:20:56: [basecommands.smx] "Console<0><Console><Console>" changed cvar (cvar "sv_unlag") (value "1")
L 08/08/2020 - 08:20:57: [chat-processor.smx] Message formats generated for game 'csgo'.
L 08/08/2020 - 08:20:57: [chat-processor.smx] Successfully hooked a SayText2 chat hook.
L 08/08/2020 - 08:20:58: [weapons.smx] Inactive players' data has been deleted
L 08/08/2020 - 08:34:14: [mapchooser.smx] Voting for next map has started.
L 08/08/2020 - 08:34:18: [mapchooser.smx] Voting for next map has finished. Nextmap: de_overpass.
L 08/08/2020 - 08:35:38: [SM] Changed map to "de_overpass"
L 08/08/2020 - 08:35:40: -------- Mapchange to de_overpass --------
L 08/08/2020 - 08:35:40: [basecommands.smx] "Console<0><Console><Console>" refreshed the admin cache.
L 08/08/2020 - 08:35:40: [basecommands.smx] "Console<0><Console><Console>" changed cvar (cvar "sv_maxrate") (value "128000")
L 08/08/2020 - 08:35:40: [basecommands.smx] "Console<0><Console><Console>" changed cvar (cvar "sv_minrate") (value "128000")
L 08/08/2020 - 08:35:40: [basecommands.smx] "Console<0><Console><Console>" changed cvar (cvar "sv_maxcmdrate") (value "128")
L 08/08/2020 - 08:35:40: [basecommands.smx] "Console<0><Console><Console>" changed cvar (cvar "sv_mincmdrate") (value "128")
L 08/08/2020 - 08:35:40: [basecommands.smx] "Console<0><Console><Console>" changed cvar (cvar "sv_minupdaterate") (value "128")
L 08/08/2020 - 08:35:40: [basecommands.smx] "Console<0><Console><Console>" changed cvar (cvar "sv_maxupdaterate") (value "128")
L 08/08/2020 - 08:35:40: [basecommands.smx] "Console<0><Console><Console>" changed cvar (cvar "sv_maxunlag") (value "0.5")
L 08/08/2020 - 08:35:40: [basecommands.smx] "Console<0><Console><Console>" changed cvar (cvar "sv_unlag") (value "1")
L 08/08/2020 - 08:35:41: [chat-processor.smx] Message formats generated for game 'csgo'.
L 08/08/2020 - 08:35:41: [chat-processor.smx] Successfully hooked a SayText2 chat hook.
L 08/08/2020 - 08:35:42: [weapons.smx] Inactive players' data has been deleted
L 08/08/2020 - 08:50:12: [mapchooser.smx] Voting for next map has started.
L 08/08/2020 - 08:50:33: [mapchooser.smx] Voting for next map has finished. Nextmap: de_inferno.
L 08/08/2020 - 08:52:06: [SM] Changed map to "de_inferno"
L 08/08/2020 - 08:52:08: -------- Mapchange to de_inferno --------
L 08/08/2020 - 08:52:09: [basecommands.smx] "Console<0><Console><Console>" refreshed the admin cache.
L 08/08/2020 - 08:52:09: [basecommands.smx] "Console<0><Console><Console>" changed cvar (cvar "sv_maxrate") (value "128000")
L 08/08/2020 - 08:52:09: [basecommands.smx] "Console<0><Console><Console>" changed cvar (cvar "sv_minrate") (value "128000")
L 08/08/2020 - 08:52:09: [basecommands.smx] "Console<0><Console><Console>" changed cvar (cvar "sv_maxcmdrate") (value "128")
L 08/08/2020 - 08:52:09: [basecommands.smx] "Console<0><Console><Console>" changed cvar (cvar "sv_mincmdrate") (value "128")
L 08/08/2020 - 08:52:09: [basecommands.smx] "Console<0><Console><Console>" changed cvar (cvar "sv_minupdaterate") (value "128")
L 08/08/2020 - 08:52:09: [basecommands.smx] "Console<0><Console><Console>" changed cvar (cvar "sv_maxupdaterate") (value "128")
L 08/08/2020 - 08:52:09: [basecommands.smx] "Console<0><Console><Console>" changed cvar (cvar "sv_maxunlag") (value "0.5")
L 08/08/2020 - 08:52:09: [basecommands.smx] "Console<0><Console><Console>" changed cvar (cvar "sv_unlag") (value "1")
L 08/08/2020 - 08:52:09: [chat-processor.smx] Message formats generated for game 'csgo'.
L 08/08/2020 - 08:52:09: [chat-processor.smx] Successfully hooked a SayText2 chat hook.
L 08/08/2020 - 08:52:10: [weapons.smx] Inactive players' data has been deleted
L 08/08/2020 - 09:06:42: [mapchooser.smx] Voting for next map has started.
L 08/08/2020 - 09:07:03: [mapchooser.smx] Voting for next map has finished. Nextmap: de_mirage.
L 08/08/2020 - 09:08:52: [SM] Changed map to "de_mirage"
L 08/08/2020 - 09:08:54: -------- Mapchange to de_mirage --------
L 08/08/2020 - 09:08:54: [basecommands.smx] "Console<0><Console><Console>" refreshed the admin cache.
L 08/08/2020 - 09:08:54: [basecommands.smx] "Console<0><Console><Console>" changed cvar (cvar "sv_maxrate") (value "128000")
L 08/08/2020 - 09:08:54: [basecommands.smx] "Console<0><Console><Console>" changed cvar (cvar "sv_minrate") (value "128000")
L 08/08/2020 - 09:08:54: [basecommands.smx] "Console<0><Console><Console>" changed cvar (cvar "sv_maxcmdrate") (value "128")
L 08/08/2020 - 09:08:54: [basecommands.smx] "Console<0><Console><Console>" changed cvar (cvar "sv_mincmdrate") (value "128")
L 08/08/2020 - 09:08:54: [basecommands.smx] "Console<0><Console><Console>" changed cvar (cvar "sv_minupdaterate") (value "128")
L 08/08/2020 - 09:08:54: [basecommands.smx] "Console<0><Console><Console>" changed cvar (cvar "sv_maxupdaterate") (value "128")
L 08/08/2020 - 09:08:54: [basecommands.smx] "Console<0><Console><Console>" changed cvar (cvar "sv_maxunlag") (value "0.5")
L 08/08/2020 - 09:08:54: [basecommands.smx] "Console<0><Console><Console>" changed cvar (cvar "sv_unlag") (value "1")
L 08/08/2020 - 09:08:54: [chat-processor.smx] Message formats generated for game 'csgo'.
L 08/08/2020 - 09:08:54: [chat-processor.smx] Successfully hooked a SayText2 chat hook.
L 08/08/2020 - 09:08:55: [weapons.smx] Inactive players' data has been deleted
L 08/08/2020 - 09:26:36: [mapchooser.smx] Voting for next map has started.
L 08/08/2020 - 09:26:41: [mapchooser.smx] Voting for next map has finished. Nextmap: de_cache.
L 08/08/2020 - 09:29:14: [SM] Changed map to "de_cache"
L 08/08/2020 - 09:29:21: -------- Mapchange to de_cache --------
L 08/08/2020 - 09:29:21: [basecommands.smx] "Console<0><Console><Console>" refreshed the admin cache.
L 08/08/2020 - 09:29:21: [basecommands.smx] "Console<0><Console><Console>" changed cvar (cvar "sv_maxrate") (value "128000")
L 08/08/2020 - 09:29:21: [basecommands.smx] "Console<0><Console><Console>" changed cvar (cvar "sv_minrate") (value "128000")
L 08/08/2020 - 09:29:21: [basecommands.smx] "Console<0><Console><Console>" changed cvar (cvar "sv_maxcmdrate") (value "128")
L 08/08/2020 - 09:29:21: [basecommands.smx] "Console<0><Console><Console>" changed cvar (cvar "sv_mincmdrate") (value "128")
L 08/08/2020 - 09:29:21: [basecommands.smx] "Console<0><Console><Console>" changed cvar (cvar "sv_minupdaterate") (value "128")
L 08/08/2020 - 09:29:21: [basecommands.smx] "Console<0><Console><Console>" changed cvar (cvar "sv_maxupdaterate") (value "128")
L 08/08/2020 - 09:29:21: [basecommands.smx] "Console<0><Console><Console>" changed cvar (cvar "sv_maxunlag") (value "0.5")
L 08/08/2020 - 09:29:21: [basecommands.smx] "Console<0><Console><Console>" changed cvar (cvar "sv_unlag") (value "1")
L 08/08/2020 - 09:29:22: [chat-processor.smx] Message formats generated for game 'csgo'.
L 08/08/2020 - 09:29:22: [chat-processor.smx] Successfully hooked a SayText2 chat hook.
L 08/08/2020 - 09:29:23: [weapons.smx] Inactive players' data has been deleted
L 08/08/2020 - 09:45:49: [mapchooser.smx] Voting for next map has started.
L 08/08/2020 - 09:45:53: [mapchooser.smx] Voting for next map has finished. Nextmap: de_train.
L 08/08/2020 - 09:48:00: [SM] Changed map to "de_train"
L 08/08/2020 - 09:48:03: -------- Mapchange to de_train --------
L 08/08/2020 - 09:48:03: [basecommands.smx] "Console<0><Console><Console>" refreshed the admin cache.
L 08/08/2020 - 09:48:03: [basecommands.smx] "Console<0><Console><Console>" changed cvar (cvar "sv_maxrate") (value "128000")
L 08/08/2020 - 09:48:03: [basecommands.smx] "Console<0><Console><Console>" changed cvar (cvar "sv_minrate") (value "128000")
L 08/08/2020 - 09:48:03: [basecommands.smx] "Console<0><Console><Console>" changed cvar (cvar "sv_maxcmdrate") (value "128")
L 08/08/2020 - 09:48:03: [basecommands.smx] "Console<0><Console><Console>" changed cvar (cvar "sv_mincmdrate") (value "128")
L 08/08/2020 - 09:48:03: [basecommands.smx] "Console<0><Console><Console>" changed cvar (cvar "sv_minupdaterate") (value "128")
L 08/08/2020 - 09:48:03: [basecommands.smx] "Console<0><Console><Console>" changed cvar (cvar "sv_maxupdaterate") (value "128")
L 08/08/2020 - 09:48:03: [basecommands.smx] "Console<0><Console><Console>" changed cvar (cvar "sv_maxunlag") (value "0.5")
L 08/08/2020 - 09:48:03: [basecommands.smx] "Console<0><Console><Console>" changed cvar (cvar "sv_unlag") (value "1")
L 08/08/2020 - 09:48:04: [chat-processor.smx] Message formats generated for game 'csgo'.
L 08/08/2020 - 09:48:04: [chat-processor.smx] Successfully hooked a SayText2 chat hook.
L 08/08/2020 - 09:48:05: [weapons.smx] Inactive players' data has been deleted
L 08/08/2020 - 10:03:56: [mapchooser.smx] Voting for next map has started.
L 08/08/2020 - 10:04:07: [mapchooser.smx] Voting for next map has finished. Nextmap: de_dust2.
L 08/08/2020 - 10:06:11: [SM] Changed map to "de_dust2"
L 08/08/2020 - 10:06:15: -------- Mapchange to de_dust2 --------
L 08/08/2020 - 10:06:15: [basecommands.smx] "Console<0><Console><Console>" refreshed the admin cache.
L 08/08/2020 - 10:06:15: [basecommands.smx] "Console<0><Console><Console>" changed cvar (cvar "sv_maxrate") (value "128000")
L 08/08/2020 - 10:06:15: [basecommands.smx] "Console<0><Console><Console>" changed cvar (cvar "sv_minrate") (value "128000")
L 08/08/2020 - 10:06:15: [basecommands.smx] "Console<0><Console><Console>" changed cvar (cvar "sv_maxcmdrate") (value "128")
L 08/08/2020 - 10:06:15: [basecommands.smx] "Console<0><Console><Console>" changed cvar (cvar "sv_mincmdrate") (value "128")
L 08/08/2020 - 10:06:15: [basecommands.smx] "Console<0><Console><Console>" changed cvar (cvar "sv_minupdaterate") (value "128")
L 08/08/2020 - 10:06:15: [basecommands.smx] "Console<0><Console><Console>" changed cvar (cvar "sv_maxupdaterate") (value "128")
L 08/08/2020 - 10:06:15: [basecommands.smx] "Console<0><Console><Console>" changed cvar (cvar "sv_maxunlag") (value "0.5")
L 08/08/2020 - 10:06:15: [basecommands.smx] "Console<0><Console><Console>" changed cvar (cvar "sv_unlag") (value "1")
L 08/08/2020 - 10:06:15: [chat-processor.smx] Message formats generated for game 'csgo'.
L 08/08/2020 - 10:06:15: [chat-processor.smx] Successfully hooked a SayText2 chat hook.
L 08/08/2020 - 10:06:17: [weapons.smx] Inactive players' data has been deleted
L 08/08/2020 - 10:21:53: [mapchooser.smx] Voting for next map has started.
L 08/08/2020 - 10:22:14: [mapchooser.smx] Voting for next map has finished. Nextmap: de_vertigo.
L 08/08/2020 - 10:24:44: [SM] Changed map to "de_vertigo"
L 08/08/2020 - 10:24:45: -------- Mapchange to de_vertigo --------
L 08/08/2020 - 10:24:45: [basecommands.smx] "Console<0><Console><Console>" refreshed the admin cache.
L 08/08/2020 - 10:24:45: [basecommands.smx] "Console<0><Console><Console>" changed cvar (cvar "sv_maxrate") (value "128000")
L 08/08/2020 - 10:24:45: [basecommands.smx] "Console<0><Console><Console>" changed cvar (cvar "sv_minrate") (value "128000")
L 08/08/2020 - 10:24:45: [basecommands.smx] "Console<0><Console><Console>" changed cvar (cvar "sv_maxcmdrate") (value "128")
L 08/08/2020 - 10:24:45: [basecommands.smx] "Console<0><Console><Console>" changed cvar (cvar "sv_mincmdrate") (value "128")
L 08/08/2020 - 10:24:45: [basecommands.smx] "Console<0><Console><Console>" changed cvar (cvar "sv_minupdaterate") (value "128")
L 08/08/2020 - 10:24:45: [basecommands.smx] "Console<0><Console><Console>" changed cvar (cvar "sv_maxupdaterate") (value "128")
L 08/08/2020 - 10:24:45: [basecommands.smx] "Console<0><Console><Console>" changed cvar (cvar "sv_maxunlag") (value "0.5")
L 08/08/2020 - 10:24:45: [basecommands.smx] "Console<0><Console><Console>" changed cvar (cvar "sv_unlag") (value "1")
L 08/08/2020 - 10:24:46: [chat-processor.smx] Message formats generated for game 'csgo'.
L 08/08/2020 - 10:24:46: [chat-processor.smx] Successfully hooked a SayText2 chat hook.
L 08/08/2020 - 10:24:46: [weapons.smx] Inactive players' data has been deleted
L 08/08/2020 - 10:38:25: [mapchooser.smx] Voting for next map has started.
L 08/08/2020 - 10:38:46: [mapchooser.smx] Voting for next map has finished. Nextmap: de_overpass.
L 08/08/2020 - 10:40:04: [SM] Changed map to "de_overpass"
L 08/08/2020 - 10:40:05: -------- Mapchange to de_overpass --------
L 08/08/2020 - 10:40:05: [basecommands.smx] "Console<0><Console><Console>" refreshed the admin cache.
L 08/08/2020 - 10:40:05: [basecommands.smx] "Console<0><Console><Console>" changed cvar (cvar "sv_maxrate") (value "128000")
L 08/08/2020 - 10:40:05: [basecommands.smx] "Console<0><Console><Console>" changed cvar (cvar "sv_minrate") (value "128000")
L 08/08/2020 - 10:40:05: [basecommands.smx] "Console<0><Console><Console>" changed cvar (cvar "sv_maxcmdrate") (value "128")
L 08/08/2020 - 10:40:05: [basecommands.smx] "Console<0><Console><Console>" changed cvar (cvar "sv_mincmdrate") (value "128")
L 08/08/2020 - 10:40:05: [basecommands.smx] "Console<0><Console><Console>" changed cvar (cvar "sv_minupdaterate") (value "128")
L 08/08/2020 - 10:40:05: [basecommands.smx] "Console<0><Console><Console>" changed cvar (cvar "sv_maxupdaterate") (value "128")
L 08/08/2020 - 10:40:05: [basecommands.smx] "Console<0><Console><Console>" changed cvar (cvar "sv_maxunlag") (value "0.5")
L 08/08/2020 - 10:40:05: [basecommands.smx] "Console<0><Console><Console>" changed cvar (cvar "sv_unlag") (value "1")
L 08/08/2020 - 10:40:05: [chat-processor.smx] Message formats generated for game 'csgo'.
L 08/08/2020 - 10:40:05: [chat-processor.smx] Successfully hooked a SayText2 chat hook.
L 08/08/2020 - 10:40:07: [weapons.smx] Inactive players' data has been deleted
L 08/08/2020 - 10:56:20: [mapchooser.smx] Voting for next map has started.
L 08/08/2020 - 10:56:41: [mapchooser.smx] Voting for next map has finished. Nextmap: de_inferno.
L 08/08/2020 - 10:57:52: [SM] Changed map to "de_inferno"
L 08/08/2020 - 10:57:54: -------- Mapchange to de_inferno --------
L 08/08/2020 - 10:57:54: [basecommands.smx] "Console<0><Console><Console>" refreshed the admin cache.
L 08/08/2020 - 10:57:54: [basecommands.smx] "Console<0><Console><Console>" changed cvar (cvar "sv_maxrate") (value "128000")
L 08/08/2020 - 10:57:54: [basecommands.smx] "Console<0><Console><Console>" changed cvar (cvar "sv_minrate") (value "128000")
L 08/08/2020 - 10:57:54: [basecommands.smx] "Console<0><Console><Console>" changed cvar (cvar "sv_maxcmdrate") (value "128")
L 08/08/2020 - 10:57:54: [basecommands.smx] "Console<0><Console><Console>" changed cvar (cvar "sv_mincmdrate") (value "128")
L 08/08/2020 - 10:57:54: [basecommands.smx] "Console<0><Console><Console>" changed cvar (cvar "sv_minupdaterate") (value "128")
L 08/08/2020 - 10:57:54: [basecommands.smx] "Console<0><Console><Console>" changed cvar (cvar "sv_maxupdaterate") (value "128")
L 08/08/2020 - 10:57:54: [basecommands.smx] "Console<0><Console><Console>" changed cvar (cvar "sv_maxunlag") (value "0.5")
L 08/08/2020 - 10:57:54: [basecommands.smx] "Console<0><Console><Console>" changed cvar (cvar "sv_unlag") (value "1")
L 08/08/2020 - 10:57:55: [chat-processor.smx] Message formats generated for game 'csgo'.
L 08/08/2020 - 10:57:55: [chat-processor.smx] Successfully hooked a SayText2 chat hook.
L 08/08/2020 - 10:57:56: [weapons.smx] Inactive players' data has been deleted
L 08/08/2020 - 11:14:23: [mapchooser.smx] Voting for next map has started.
L 08/08/2020 - 11:14:33: [mapchooser.smx] Voting for next map has finished. Nextmap: de_mirage.
L 08/08/2020 - 11:38:12: -------- Mapchange to de_inferno --------
L 08/08/2020 - 11:38:12: [basecommands.smx] "Console<0><Console><Console>" refreshed the admin cache.
L 08/08/2020 - 11:38:12: [basecommands.smx] "Console<0><Console><Console>" changed cvar (cvar "sv_maxrate") (value "128000")
L 08/08/2020 - 11:38:12: [basecommands.smx] "Console<0><Console><Console>" changed cvar (cvar "sv_minrate") (value "128000")
L 08/08/2020 - 11:38:12: [basecommands.smx] "Console<0><Console><Console>" changed cvar (cvar "sv_maxcmdrate") (value "128")
L 08/08/2020 - 11:38:12: [basecommands.smx] "Console<0><Console><Console>" changed cvar (cvar "sv_mincmdrate") (value "128")
L 08/08/2020 - 11:38:12: [basecommands.smx] "Console<0><Console><Console>" changed cvar (cvar "sv_minupdaterate") (value "128")
L 08/08/2020 - 11:38:12: [basecommands.smx] "Console<0><Console><Console>" changed cvar (cvar "sv_maxupdaterate") (value "128")
L 08/08/2020 - 11:38:12: [basecommands.smx] "Console<0><Console><Console>" changed cvar (cvar "sv_maxunlag") (value "0.5")
L 08/08/2020 - 11:38:12: [basecommands.smx] "Console<0><Console><Console>" changed cvar (cvar "sv_unlag") (value "1")
L 08/08/2020 - 11:38:13: [chat-processor.smx] Message formats generated for game 'csgo'.
L 08/08/2020 - 11:38:13: [chat-processor.smx] Successfully hooked a SayText2 chat hook.
L 08/08/2020 - 11:38:13: [weapons.smx] Inactive players' data has been deleted
L 08/08/2020 - 11:39:07: [mapchooser.smx] Voting for next map has started.
L 08/08/2020 - 11:41:13: -------- Mapchange to de_inferno --------
L 08/08/2020 - 11:41:13: [basecommands.smx] "Console<0><Console><Console>" refreshed the admin cache.
L 08/08/2020 - 11:41:13: [basecommands.smx] "Console<0><Console><Console>" changed cvar (cvar "sv_maxrate") (value "128000")
L 08/08/2020 - 11:41:13: [basecommands.smx] "Console<0><Console><Console>" changed cvar (cvar "sv_minrate") (value "128000")
L 08/08/2020 - 11:41:13: [basecommands.smx] "Console<0><Console><Console>" changed cvar (cvar "sv_maxcmdrate") (value "128")
L 08/08/2020 - 11:41:13: [basecommands.smx] "Console<0><Console><Console>" changed cvar (cvar "sv_mincmdrate") (value "128")
L 08/08/2020 - 11:41:13: [basecommands.smx] "Console<0><Console><Console>" changed cvar (cvar "sv_minupdaterate") (value "128")
L 08/08/2020 - 11:41:13: [basecommands.smx] "Console<0><Console><Console>" changed cvar (cvar "sv_maxupdaterate") (value "128")
L 08/08/2020 - 11:41:13: [basecommands.smx] "Console<0><Console><Console>" changed cvar (cvar "sv_maxunlag") (value "0.5")
L 08/08/2020 - 11:41:13: [basecommands.smx] "Console<0><Console><Console>" changed cvar (cvar "sv_unlag") (value "1")
L 08/08/2020 - 11:41:14: [chat-processor.smx] Message formats generated for game 'csgo'.
L 08/08/2020 - 11:41:14: [chat-processor.smx] Successfully hooked a SayText2 chat hook.
L 08/08/2020 - 11:41:25: [weapons.smx] Inactive players' data has been deleted
L 08/08/2020 - 11:55:33: [mapchooser.smx] Voting for next map has started.
L 08/08/2020 - 11:55:54: [mapchooser.smx] Voting for next map has finished. Nextmap: de_mirage.
L 08/08/2020 - 11:57:53: [SM] Changed map to "de_mirage"
L 08/08/2020 - 11:57:54: -------- Mapchange to de_mirage --------
L 08/08/2020 - 11:57:54: [basecommands.smx] "Console<0><Console><Console>" refreshed the admin cache.
L 08/08/2020 - 11:57:54: [basecommands.smx] "Console<0><Console><Console>" changed cvar (cvar "sv_maxrate") (value "128000")
L 08/08/2020 - 11:57:54: [basecommands.smx] "Console<0><Console><Console>" changed cvar (cvar "sv_minrate") (value "128000")
L 08/08/2020 - 11:57:54: [basecommands.smx] "Console<0><Console><Console>" changed cvar (cvar "sv_maxcmdrate") (value "128")
L 08/08/2020 - 11:57:54: [basecommands.smx] "Console<0><Console><Console>" changed cvar (cvar "sv_mincmdrate") (value "128")
L 08/08/2020 - 11:57:54: [basecommands.smx] "Console<0><Console><Console>" changed cvar (cvar "sv_minupdaterate") (value "128")
L 08/08/2020 - 11:57:54: [basecommands.smx] "Console<0><Console><Console>" changed cvar (cvar "sv_maxupdaterate") (value "128")
L 08/08/2020 - 11:57:54: [basecommands.smx] "Console<0><Console><Console>" changed cvar (cvar "sv_maxunlag") (value "0.5")
L 08/08/2020 - 11:57:54: [basecommands.smx] "Console<0><Console><Console>" changed cvar (cvar "sv_unlag") (value "1")
L 08/08/2020 - 11:57:54: [chat-processor.smx] Message formats generated for game 'csgo'.
L 08/08/2020 - 11:57:54: [chat-processor.smx] Successfully hooked a SayText2 chat hook.
L 08/08/2020 - 11:57:56: [weapons.smx] Inactive players' data has been deleted
L 08/08/2020 - 12:15:14: [mapchooser.smx] Voting for next map has started.
L 08/08/2020 - 12:15:30: [mapchooser.smx] Voting for next map has finished. Nextmap: de_dust2.
L 08/08/2020 - 12:17:49: [SM] Changed map to "de_dust2"
L 08/08/2020 - 12:17:53: -------- Mapchange to de_dust2 --------
L 08/08/2020 - 12:17:53: [basecommands.smx] "Console<0><Console><Console>" refreshed the admin cache.
L 08/08/2020 - 12:17:53: [basecommands.smx] "Console<0><Console><Console>" changed cvar (cvar "sv_maxrate") (value "128000")
L 08/08/2020 - 12:17:53: [basecommands.smx] "Console<0><Console><Console>" changed cvar (cvar "sv_minrate") (value "128000")
L 08/08/2020 - 12:17:53: [basecommands.smx] "Console<0><Console><Console>" changed cvar (cvar "sv_maxcmdrate") (value "128")
L 08/08/2020 - 12:17:53: [basecommands.smx] "Console<0><Console><Console>" changed cvar (cvar "sv_mincmdrate") (value "128")
L 08/08/2020 - 12:17:53: [basecommands.smx] "Console<0><Console><Console>" changed cvar (cvar "sv_minupdaterate") (value "128")
L 08/08/2020 - 12:17:53: [basecommands.smx] "Console<0><Console><Console>" changed cvar (cvar "sv_maxupdaterate") (value "128")
L 08/08/2020 - 12:17:53: [basecommands.smx] "Console<0><Console><Console>" changed cvar (cvar "sv_maxunlag") (value "0.5")
L 08/08/2020 - 12:17:53: [basecommands.smx] "Console<0><Console><Console>" changed cvar (cvar "sv_unlag") (value "1")
L 08/08/2020 - 12:17:53: [chat-processor.smx] Message formats generated for game 'csgo'.
L 08/08/2020 - 12:17:53: [chat-processor.smx] Successfully hooked a SayText2 chat hook.
L 08/08/2020 - 12:17:55: [weapons.smx] Inactive players' data has been deleted
L 08/08/2020 - 12:34:54: [mapchooser.smx] Voting for next map has started.
L 08/08/2020 - 12:35:01: [mapchooser.smx] Voting for next map has finished. Nextmap: de_vertigo.
L 08/08/2020 - 12:36:37: [SM] Changed map to "de_vertigo"
L 08/08/2020 - 12:36:38: -------- Mapchange to de_vertigo --------
L 08/08/2020 - 12:36:38: [basecommands.smx] "Console<0><Console><Console>" refreshed the admin cache.
L 08/08/2020 - 12:36:38: [basecommands.smx] "Console<0><Console><Console>" changed cvar (cvar "sv_maxrate") (value "128000")
L 08/08/2020 - 12:36:38: [basecommands.smx] "Console<0><Console><Console>" changed cvar (cvar "sv_minrate") (value "128000")
L 08/08/2020 - 12:36:38: [basecommands.smx] "Console<0><Console><Console>" changed cvar (cvar "sv_maxcmdrate") (value "128")
L 08/08/2020 - 12:36:38: [basecommands.smx] "Console<0><Console><Console>" changed cvar (cvar "sv_mincmdrate") (value "128")
L 08/08/2020 - 12:36:38: [basecommands.smx] "Console<0><Console><Console>" changed cvar (cvar "sv_minupdaterate") (value "128")
L 08/08/2020 - 12:36:38: [basecommands.smx] "Console<0><Console><Console>" changed cvar (cvar "sv_maxupdaterate") (value "128")
L 08/08/2020 - 12:36:38: [basecommands.smx] "Console<0><Console><Console>" changed cvar (cvar "sv_maxunlag") (value "0.5")
L 08/08/2020 - 12:36:38: [basecommands.smx] "Console<0><Console><Console>" changed cvar (cvar "sv_unlag") (value "1")
L 08/08/2020 - 12:36:39: [chat-processor.smx] Message formats generated for game 'csgo'.
L 08/08/2020 - 12:36:39: [chat-processor.smx] Successfully hooked a SayText2 chat hook.
L 08/08/2020 - 12:36:40: [weapons.smx] Inactive players' data has been deleted
L 08/08/2020 - 12:51:22: [mapchooser.smx] Voting for next map has started.
L 08/08/2020 - 12:51:28: [mapchooser.smx] Voting for next map has finished. Nextmap: de_cache.
L 08/08/2020 - 12:53:23: [SM] Changed map to "de_cache"
L 08/08/2020 - 12:53:27: -------- Mapchange to de_cache --------
L 08/08/2020 - 12:53:28: [basecommands.smx] "Console<0><Console><Console>" refreshed the admin cache.
L 08/08/2020 - 12:53:28: [basecommands.smx] "Console<0><Console><Console>" changed cvar (cvar "sv_maxrate") (value "128000")
L 08/08/2020 - 12:53:28: [basecommands.smx] "Console<0><Console><Console>" changed cvar (cvar "sv_minrate") (value "128000")
L 08/08/2020 - 12:53:28: [basecommands.smx] "Console<0><Console><Console>" changed cvar (cvar "sv_maxcmdrate") (value "128")
L 08/08/2020 - 12:53:28: [basecommands.smx] "Console<0><Console><Console>" changed cvar (cvar "sv_mincmdrate") (value "128")
L 08/08/2020 - 12:53:28: [basecommands.smx] "Console<0><Console><Console>" changed cvar (cvar "sv_minupdaterate") (value "128")
L 08/08/2020 - 12:53:28: [basecommands.smx] "Console<0><Console><Console>" changed cvar (cvar "sv_maxupdaterate") (value "128")
L 08/08/2020 - 12:53:28: [basecommands.smx] "Console<0><Console><Console>" changed cvar (cvar "sv_maxunlag") (value "0.5")
L 08/08/2020 - 12:53:28: [basecommands.smx] "Console<0><Console><Console>" changed cvar (cvar "sv_unlag") (value "1")
L 08/08/2020 - 12:53:28: [chat-processor.smx] Message formats generated for game 'csgo'.
L 08/08/2020 - 12:53:28: [chat-processor.smx] Successfully hooked a SayText2 chat hook.
L 08/08/2020 - 12:53:29: [weapons.smx] Inactive players' data has been deleted
L 08/08/2020 - 13:09:32: [mapchooser.smx] Voting for next map has started.
L 08/08/2020 - 13:09:41: [mapchooser.smx] Voting for next map has finished. Nextmap: de_overpass.
L 08/08/2020 - 13:11:27: [SM] Changed map to "de_overpass"
L 08/08/2020 - 13:11:28: -------- Mapchange to de_overpass --------
L 08/08/2020 - 13:11:28: [basecommands.smx] "Console<0><Console><Console>" refreshed the admin cache.
L 08/08/2020 - 13:11:28: [basecommands.smx] "Console<0><Console><Console>" changed cvar (cvar "sv_maxrate") (value "128000")
L 08/08/2020 - 13:11:28: [basecommands.smx] "Console<0><Console><Console>" changed cvar (cvar "sv_minrate") (value "128000")
L 08/08/2020 - 13:11:28: [basecommands.smx] "Console<0><Console><Console>" changed cvar (cvar "sv_maxcmdrate") (value "128")
L 08/08/2020 - 13:11:28: [basecommands.smx] "Console<0><Console><Console>" changed cvar (cvar "sv_mincmdrate") (value "128")
L 08/08/2020 - 13:11:28: [basecommands.smx] "Console<0><Console><Console>" changed cvar (cvar "sv_minupdaterate") (value "128")
L 08/08/2020 - 13:11:28: [basecommands.smx] "Console<0><Console><Console>" changed cvar (cvar "sv_maxupdaterate") (value "128")
L 08/08/2020 - 13:11:28: [basecommands.smx] "Console<0><Console><Console>" changed cvar (cvar "sv_maxunlag") (value "0.5")
L 08/08/2020 - 13:11:28: [basecommands.smx] "Console<0><Console><Console>" changed cvar (cvar "sv_unlag") (value "1")
L 08/08/2020 - 13:11:29: [chat-processor.smx] Message formats generated for game 'csgo'.
L 08/08/2020 - 13:11:29: [chat-processor.smx] Successfully hooked a SayText2 chat hook.
L 08/08/2020 - 13:11:30: [weapons.smx] Inactive players' data has been deleted
L 08/08/2020 - 13:26:58: [mapchooser.smx] Voting for next map has started.
L 08/08/2020 - 13:27:19: [mapchooser.smx] Voting for next map has finished. Nextmap: de_train.
L 08/08/2020 - 13:29:55: [SM] Changed map to "de_train"
L 08/08/2020 - 13:29:56: -------- Mapchange to de_train --------
L 08/08/2020 - 13:29:56: [basecommands.smx] "Console<0><Console><Console>" refreshed the admin cache.
L 08/08/2020 - 13:29:56: [basecommands.smx] "Console<0><Console><Console>" changed cvar (cvar "sv_maxrate") (value "128000")
L 08/08/2020 - 13:29:56: [basecommands.smx] "Console<0><Console><Console>" changed cvar (cvar "sv_minrate") (value "128000")
L 08/08/2020 - 13:29:56: [basecommands.smx] "Console<0><Console><Console>" changed cvar (cvar "sv_maxcmdrate") (value "128")
L 08/08/2020 - 13:29:56: [basecommands.smx] "Console<0><Console><Console>" changed cvar (cvar "sv_mincmdrate") (value "128")
L 08/08/2020 - 13:29:56: [basecommands.smx] "Console<0><Console><Console>" changed cvar (cvar "sv_minupdaterate") (value "128")
L 08/08/2020 - 13:29:56: [basecommands.smx] "Console<0><Console><Console>" changed cvar (cvar "sv_maxupdaterate") (value "128")
L 08/08/2020 - 13:29:56: [basecommands.smx] "Console<0><Console><Console>" changed cvar (cvar "sv_maxunlag") (value "0.5")
L 08/08/2020 - 13:29:56: [basecommands.smx] "Console<0><Console><Console>" changed cvar (cvar "sv_unlag") (value "1")
L 08/08/2020 - 13:29:57: [chat-processor.smx] Message formats generated for game 'csgo'.
L 08/08/2020 - 13:29:57: [chat-processor.smx] Successfully hooked a SayText2 chat hook.
L 08/08/2020 - 13:29:59: [weapons.smx] Inactive players' data has been deleted
L 08/08/2020 - 13:47:21: [mapchooser.smx] Voting for next map has started.
L 08/08/2020 - 13:47:42: [mapchooser.smx] Voting for next map has finished. Nextmap: de_inferno.
L 08/08/2020 - 13:49:43: [SM] Changed map to "de_inferno"
L 08/08/2020 - 13:49:44: -------- Mapchange to de_inferno --------
L 08/08/2020 - 13:49:45: [basecommands.smx] "Console<0><Console><Console>" refreshed the admin cache.
L 08/08/2020 - 13:49:45: [basecommands.smx] "Console<0><Console><Console>" changed cvar (cvar "sv_maxrate") (value "128000")
L 08/08/2020 - 13:49:45: [basecommands.smx] "Console<0><Console><Console>" changed cvar (cvar "sv_minrate") (value "128000")
L 08/08/2020 - 13:49:45: [basecommands.smx] "Console<0><Console><Console>" changed cvar (cvar "sv_maxcmdrate") (value "128")
L 08/08/2020 - 13:49:45: [basecommands.smx] "Console<0><Console><Console>" changed cvar (cvar "sv_mincmdrate") (value "128")
L 08/08/2020 - 13:49:45: [basecommands.smx] "Console<0><Console><Console>" changed cvar (cvar "sv_minupdaterate") (value "128")
L 08/08/2020 - 13:49:45: [basecommands.smx] "Console<0><Console><Console>" changed cvar (cvar "sv_maxupdaterate") (value "128")
L 08/08/2020 - 13:49:45: [basecommands.smx] "Console<0><Console><Console>" changed cvar (cvar "sv_maxunlag") (value "0.5")
L 08/08/2020 - 13:49:45: [basecommands.smx] "Console<0><Console><Console>" changed cvar (cvar "sv_unlag") (value "1")
L 08/08/2020 - 13:49:45: [chat-processor.smx] Message formats generated for game 'csgo'.
L 08/08/2020 - 13:49:45: [chat-processor.smx] Successfully hooked a SayText2 chat hook.
L 08/08/2020 - 13:49:46: [weapons.smx] Inactive players' data has been deleted
L 08/08/2020 - 14:07:02: [mapchooser.smx] Voting for next map has started.
L 08/08/2020 - 14:07:13: [mapchooser.smx] Voting for next map has finished. Nextmap: de_mirage.
L 08/08/2020 - 14:31:11: [SM] Changed map to "de_mirage"
L 08/08/2020 - 14:31:12: -------- Mapchange to de_mirage --------
L 08/08/2020 - 14:31:12: [basecommands.smx] "Console<0><Console><Console>" refreshed the admin cache.
L 08/08/2020 - 14:31:12: [basecommands.smx] "Console<0><Console><Console>" changed cvar (cvar "sv_maxrate") (value "128000")
L 08/08/2020 - 14:31:12: [basecommands.smx] "Console<0><Console><Console>" changed cvar (cvar "sv_minrate") (value "128000")
L 08/08/2020 - 14:31:12: [basecommands.smx] "Console<0><Console><Console>" changed cvar (cvar "sv_maxcmdrate") (value "128")
L 08/08/2020 - 14:31:12: [basecommands.smx] "Console<0><Console><Console>" changed cvar (cvar "sv_mincmdrate") (value "128")
L 08/08/2020 - 14:31:12: [basecommands.smx] "Console<0><Console><Console>" changed cvar (cvar "sv_minupdaterate") (value "128")
L 08/08/2020 - 14:31:12: [basecommands.smx] "Console<0><Console><Console>" changed cvar (cvar "sv_maxupdaterate") (value "128")
L 08/08/2020 - 14:31:12: [basecommands.smx] "Console<0><Console><Console>" changed cvar (cvar "sv_maxunlag") (value "0.5")
L 08/08/2020 - 14:31:12: [basecommands.smx] "Console<0><Console><Console>" changed cvar (cvar "sv_unlag") (value "1")
L 08/08/2020 - 14:31:13: [chat-processor.smx] Message formats generated for game 'csgo'.
L 08/08/2020 - 14:31:13: [chat-processor.smx] Successfully hooked a SayText2 chat hook.
L 08/08/2020 - 14:31:14: [weapons.smx] Inactive players' data has been deleted
L 08/08/2020 - 14:47:04: [mapchooser.smx] Voting for next map has started.
L 08/08/2020 - 14:47:12: [mapchooser.smx] Voting for next map has finished. Nextmap: de_dust2.
L 08/08/2020 - 14:49:09: [SM] Changed map to "de_dust2"
L 08/08/2020 - 14:49:12: -------- Mapchange to de_dust2 --------
L 08/08/2020 - 14:49:12: [basecommands.smx] "Console<0><Console><Console>" refreshed the admin cache.
L 08/08/2020 - 14:49:12: [basecommands.smx] "Console<0><Console><Console>" changed cvar (cvar "sv_maxrate") (value "128000")
L 08/08/2020 - 14:49:12: [basecommands.smx] "Console<0><Console><Console>" changed cvar (cvar "sv_minrate") (value "128000")
L 08/08/2020 - 14:49:12: [basecommands.smx] "Console<0><Console><Console>" changed cvar (cvar "sv_maxcmdrate") (value "128")
L 08/08/2020 - 14:49:12: [basecommands.smx] "Console<0><Console><Console>" changed cvar (cvar "sv_mincmdrate") (value "128")
L 08/08/2020 - 14:49:12: [basecommands.smx] "Console<0><Console><Console>" changed cvar (cvar "sv_minupdaterate") (value "128")
L 08/08/2020 - 14:49:12: [basecommands.smx] "Console<0><Console><Console>" changed cvar (cvar "sv_maxupdaterate") (value "128")
L 08/08/2020 - 14:49:12: [basecommands.smx] "Console<0><Console><Console>" changed cvar (cvar "sv_maxunlag") (value "0.5")
L 08/08/2020 - 14:49:12: [basecommands.smx] "Console<0><Console><Console>" changed cvar (cvar "sv_unlag") (value "1")
L 08/08/2020 - 14:49:13: [chat-processor.smx] Message formats generated for game 'csgo'.
L 08/08/2020 - 14:49:13: [chat-processor.smx] Successfully hooked a SayText2 chat hook.
L 08/08/2020 - 14:49:14: [weapons.smx] Inactive players' data has been deleted
L 08/08/2020 - 15:07:11: [mapchooser.smx] Voting for next map has started.
L 08/08/2020 - 15:07:21: [mapchooser.smx] Voting for next map has finished. Nextmap: de_nuke.
L 08/08/2020 - 15:09:54: [SM] Changed map to "de_nuke"
L 08/08/2020 - 15:09:59: -------- Mapchange to de_nuke --------
L 08/08/2020 - 15:09:59: [basecommands.smx] "Console<0><Console><Console>" refreshed the admin cache.
L 08/08/2020 - 15:09:59: [basecommands.smx] "Console<0><Console><Console>" changed cvar (cvar "sv_maxrate") (value "128000")
L 08/08/2020 - 15:09:59: [basecommands.smx] "Console<0><Console><Console>" changed cvar (cvar "sv_minrate") (value "128000")
L 08/08/2020 - 15:09:59: [basecommands.smx] "Console<0><Console><Console>" changed cvar (cvar "sv_maxcmdrate") (value "128")
L 08/08/2020 - 15:09:59: [basecommands.smx] "Console<0><Console><Console>" changed cvar (cvar "sv_mincmdrate") (value "128")
L 08/08/2020 - 15:09:59: [basecommands.smx] "Console<0><Console><Console>" changed cvar (cvar "sv_minupdaterate") (value "128")
L 08/08/2020 - 15:09:59: [basecommands.smx] "Console<0><Console><Console>" changed cvar (cvar "sv_maxupdaterate") (value "128")
L 08/08/2020 - 15:09:59: [basecommands.smx] "Console<0><Console><Console>" changed cvar (cvar "sv_maxunlag") (value "0.5")
L 08/08/2020 - 15:09:59: [basecommands.smx] "Console<0><Console><Console>" changed cvar (cvar "sv_unlag") (value "1")
L 08/08/2020 - 15:10:00: [chat-processor.smx] Message formats generated for game 'csgo'.
L 08/08/2020 - 15:10:00: [chat-processor.smx] Successfully hooked a SayText2 chat hook.
L 08/08/2020 - 15:10:01: [weapons.smx] Inactive players' data has been deleted
L 08/08/2020 - 15:27:13: [mapchooser.smx] Voting for next map has started.
L 08/08/2020 - 15:27:20: [mapchooser.smx] Voting for next map has finished. Nextmap: de_vertigo.
L 08/08/2020 - 15:28:56: [SM] Changed map to "de_vertigo"
L 08/08/2020 - 15:28:57: -------- Mapchange to de_vertigo --------
L 08/08/2020 - 15:28:57: [basecommands.smx] "Console<0><Console><Console>" refreshed the admin cache.
L 08/08/2020 - 15:28:57: [basecommands.smx] "Console<0><Console><Console>" changed cvar (cvar "sv_maxrate") (value "128000")
L 08/08/2020 - 15:28:57: [basecommands.smx] "Console<0><Console><Console>" changed cvar (cvar "sv_minrate") (value "128000")
L 08/08/2020 - 15:28:57: [basecommands.smx] "Console<0><Console><Console>" changed cvar (cvar "sv_maxcmdrate") (value "128")
L 08/08/2020 - 15:28:57: [basecommands.smx] "Console<0><Console><Console>" changed cvar (cvar "sv_mincmdrate") (value "128")
L 08/08/2020 - 15:28:57: [basecommands.smx] "Console<0><Console><Console>" changed cvar (cvar "sv_minupdaterate") (value "128")
L 08/08/2020 - 15:28:57: [basecommands.smx] "Console<0><Console><Console>" changed cvar (cvar "sv_maxupdaterate") (value "128")
L 08/08/2020 - 15:28:57: [basecommands.smx] "Console<0><Console><Console>" changed cvar (cvar "sv_maxunlag") (value "0.5")
L 08/08/2020 - 15:28:57: [basecommands.smx] "Console<0><Console><Console>" changed cvar (cvar "sv_unlag") (value "1")
L 08/08/2020 - 15:28:57: [chat-processor.smx] Message formats generated for game 'csgo'.
L 08/08/2020 - 15:28:57: [chat-processor.smx] Successfully hooked a SayText2 chat hook.
L 08/08/2020 - 15:28:58: [weapons.smx] Inactive players' data has been deleted
L 08/08/2020 - 15:43:10: [mapchooser.smx] Voting for next map has started.
L 08/08/2020 - 15:43:12: [mapchooser.smx] Voting for next map has finished. Nextmap: de_overpass.
L 08/08/2020 - 15:45:06: [SM] Changed map to "de_overpass"
L 08/08/2020 - 15:45:07: -------- Mapchange to de_overpass --------
L 08/08/2020 - 15:45:07: [basecommands.smx] "Console<0><Console><Console>" refreshed the admin cache.
L 08/08/2020 - 15:45:07: [basecommands.smx] "Console<0><Console><Console>" changed cvar (cvar "sv_maxrate") (value "128000")
L 08/08/2020 - 15:45:07: [basecommands.smx] "Console<0><Console><Console>" changed cvar (cvar "sv_minrate") (value "128000")
L 08/08/2020 - 15:45:07: [basecommands.smx] "Console<0><Console><Console>" changed cvar (cvar "sv_maxcmdrate") (value "128")
L 08/08/2020 - 15:45:07: [basecommands.smx] "Console<0><Console><Console>" changed cvar (cvar "sv_mincmdrate") (value "128")
L 08/08/2020 - 15:45:07: [basecommands.smx] "Console<0><Console><Console>" changed cvar (cvar "sv_minupdaterate") (value "128")
L 08/08/2020 - 15:45:07: [basecommands.smx] "Console<0><Console><Console>" changed cvar (cvar "sv_maxupdaterate") (value "128")
L 08/08/2020 - 15:45:07: [basecommands.smx] "Console<0><Console><Console>" changed cvar (cvar "sv_maxunlag") (value "0.5")
L 08/08/2020 - 15:45:07: [basecommands.smx] "Console<0><Console><Console>" changed cvar (cvar "sv_unlag") (value "1")
L 08/08/2020 - 15:45:08: [chat-processor.smx] Message formats generated for game 'csgo'.
L 08/08/2020 - 15:45:08: [chat-processor.smx] Successfully hooked a SayText2 chat hook.
L 08/08/2020 - 15:45:09: [weapons.smx] Inactive players' data has been deleted
L 08/08/2020 - 16:01:13: [mapchooser.smx] Voting for next map has started.
L 08/08/2020 - 16:01:23: [mapchooser.smx] Voting for next map has finished. Nextmap: de_train.
L 08/08/2020 - 16:03:37: [SM] Changed map to "de_train"
L 08/08/2020 - 16:03:39: -------- Mapchange to de_train --------
L 08/08/2020 - 16:03:39: [basecommands.smx] "Console<0><Console><Console>" refreshed the admin cache.
L 08/08/2020 - 16:03:39: [basecommands.smx] "Console<0><Console><Console>" changed cvar (cvar "sv_maxrate") (value "128000")
L 08/08/2020 - 16:03:39: [basecommands.smx] "Console<0><Console><Console>" changed cvar (cvar "sv_minrate") (value "128000")
L 08/08/2020 - 16:03:39: [basecommands.smx] "Console<0><Console><Console>" changed cvar (cvar "sv_maxcmdrate") (value "128")
L 08/08/2020 - 16:03:39: [basecommands.smx] "Console<0><Console><Console>" changed cvar (cvar "sv_mincmdrate") (value "128")
L 08/08/2020 - 16:03:39: [basecommands.smx] "Console<0><Console><Console>" changed cvar (cvar "sv_minupdaterate") (value "128")
L 08/08/2020 - 16:03:39: [basecommands.smx] "Console<0><Console><Console>" changed cvar (cvar "sv_maxupdaterate") (value "128")
L 08/08/2020 - 16:03:39: [basecommands.smx] "Console<0><Console><Console>" changed cvar (cvar "sv_maxunlag") (value "0.5")
L 08/08/2020 - 16:03:39: [basecommands.smx] "Console<0><Console><Console>" changed cvar (cvar "sv_unlag") (value "1")
L 08/08/2020 - 16:03:40: [chat-processor.smx] Message formats generated for game 'csgo'.
L 08/08/2020 - 16:03:40: [chat-processor.smx] Successfully hooked a SayText2 chat hook.
L 08/08/2020 - 16:03:41: [weapons.smx] Inactive players' data has been deleted
L 08/08/2020 - 16:21:01: [mapchooser.smx] Voting for next map has started.
L 08/08/2020 - 16:21:06: [mapchooser.smx] Voting for next map has finished. Nextmap: de_inferno.
L 08/08/2020 - 16:22:55: [SM] Changed map to "de_inferno"
L 08/08/2020 - 16:22:56: -------- Mapchange to de_inferno --------
L 08/08/2020 - 16:22:57: [basecommands.smx] "Console<0><Console><Console>" refreshed the admin cache.
L 08/08/2020 - 16:22:57: [basecommands.smx] "Console<0><Console><Console>" changed cvar (cvar "sv_maxrate") (value "128000")
L 08/08/2020 - 16:22:57: [basecommands.smx] "Console<0><Console><Console>" changed cvar (cvar "sv_minrate") (value "128000")
L 08/08/2020 - 16:22:57: [basecommands.smx] "Console<0><Console><Console>" changed cvar (cvar "sv_maxcmdrate") (value "128")
L 08/08/2020 - 16:22:57: [basecommands.smx] "Console<0><Console><Console>" changed cvar (cvar "sv_mincmdrate") (value "128")
L 08/08/2020 - 16:22:57: [basecommands.smx] "Console<0><Console><Console>" changed cvar (cvar "sv_minupdaterate") (value "128")
L 08/08/2020 - 16:22:57: [basecommands.smx] "Console<0><Console><Console>" changed cvar (cvar "sv_maxupdaterate") (value "128")
L 08/08/2020 - 16:22:57: [basecommands.smx] "Console<0><Console><Console>" changed cvar (cvar "sv_maxunlag") (value "0.5")
L 08/08/2020 - 16:22:57: [basecommands.smx] "Console<0><Console><Console>" changed cvar (cvar "sv_unlag") (value "1")
L 08/08/2020 - 16:22:57: [chat-processor.smx] Message formats generated for game 'csgo'.
L 08/08/2020 - 16:22:57: [chat-processor.smx] Successfully hooked a SayText2 chat hook.
L 08/08/2020 - 16:22:58: [weapons.smx] Inactive players' data has been deleted
L 08/08/2020 - 16:39:51: [mapchooser.smx] Voting for next map has started.
L 08/08/2020 - 16:40:09: [mapchooser.smx] Voting for next map has finished. Nextmap: de_mirage.
L 08/08/2020 - 16:41:42: [SM] Changed map to "de_mirage"
L 08/08/2020 - 16:41:43: -------- Mapchange to de_mirage --------
L 08/08/2020 - 16:41:43: [basecommands.smx] "Console<0><Console><Console>" refreshed the admin cache.
L 08/08/2020 - 16:41:43: [basecommands.smx] "Console<0><Console><Console>" changed cvar (cvar "sv_maxrate") (value "128000")
L 08/08/2020 - 16:41:43: [basecommands.smx] "Console<0><Console><Console>" changed cvar (cvar "sv_minrate") (value "128000")
L 08/08/2020 - 16:41:43: [basecommands.smx] "Console<0><Console><Console>" changed cvar (cvar "sv_maxcmdrate") (value "128")
L 08/08/2020 - 16:41:43: [basecommands.smx] "Console<0><Console><Console>" changed cvar (cvar "sv_mincmdrate") (value "128")
L 08/08/2020 - 16:41:43: [basecommands.smx] "Console<0><Console><Console>" changed cvar (cvar "sv_minupdaterate") (value "128")
L 08/08/2020 - 16:41:43: [basecommands.smx] "Console<0><Console><Console>" changed cvar (cvar "sv_maxupdaterate") (value "128")
L 08/08/2020 - 16:41:43: [basecommands.smx] "Console<0><Console><Console>" changed cvar (cvar "sv_maxunlag") (value "0.5")
L 08/08/2020 - 16:41:43: [basecommands.smx] "Console<0><Console><Console>" changed cvar (cvar "sv_unlag") (value "1")
L 08/08/2020 - 16:41:44: [chat-processor.smx] Message formats generated for game 'csgo'.
L 08/08/2020 - 16:41:44: [chat-processor.smx] Successfully hooked a SayText2 chat hook.
L 08/08/2020 - 16:41:45: [weapons.smx] Inactive players' data has been deleted
L 08/08/2020 - 16:57:51: [mapchooser.smx] Voting for next map has started.
L 08/08/2020 - 16:57:55: [mapchooser.smx] Voting for next map has finished. Nextmap: de_dust2.
L 08/08/2020 - 17:14:40: -------- Mapchange to de_mirage --------
L 08/08/2020 - 17:14:40: [basecommands.smx] "Console<0><Console><Console>" refreshed the admin cache.
L 08/08/2020 - 17:14:40: [basecommands.smx] "Console<0><Console><Console>" changed cvar (cvar "sv_maxrate") (value "128000")
L 08/08/2020 - 17:14:40: [basecommands.smx] "Console<0><Console><Console>" changed cvar (cvar "sv_minrate") (value "128000")
L 08/08/2020 - 17:14:40: [basecommands.smx] "Console<0><Console><Console>" changed cvar (cvar "sv_maxcmdrate") (value "128")
L 08/08/2020 - 17:14:40: [basecommands.smx] "Console<0><Console><Console>" changed cvar (cvar "sv_mincmdrate") (value "128")
L 08/08/2020 - 17:14:40: [basecommands.smx] "Console<0><Console><Console>" changed cvar (cvar "sv_minupdaterate") (value "128")
L 08/08/2020 - 17:14:40: [basecommands.smx] "Console<0><Console><Console>" changed cvar (cvar "sv_maxupdaterate") (value "128")
L 08/08/2020 - 17:14:40: [basecommands.smx] "Console<0><Console><Console>" changed cvar (cvar "sv_maxunlag") (value "0.5")
L 08/08/2020 - 17:14:40: [basecommands.smx] "Console<0><Console><Console>" changed cvar (cvar "sv_unlag") (value "1")
L 08/08/2020 - 17:14:41: [chat-processor.smx] Message formats generated for game 'csgo'.
L 08/08/2020 - 17:14:41: [chat-processor.smx] Successfully hooked a SayText2 chat hook.
L 08/08/2020 - 17:14:41: [weapons.smx] Inactive players' data has been deleted
L 08/08/2020 - 17:20:36: -------- Mapchange to de_mirage --------
L 08/08/2020 - 17:20:36: [basecommands.smx] "Console<0><Console><Console>" refreshed the admin cache.
L 08/08/2020 - 17:20:36: [basecommands.smx] "Console<0><Console><Console>" changed cvar (cvar "sv_maxrate") (value "128000")
L 08/08/2020 - 17:20:36: [basecommands.smx] "Console<0><Console><Console>" changed cvar (cvar "sv_minrate") (value "128000")
L 08/08/2020 - 17:20:36: [basecommands.smx] "Console<0><Console><Console>" changed cvar (cvar "sv_maxcmdrate") (value "128")
L 08/08/2020 - 17:20:36: [basecommands.smx] "Console<0><Console><Console>" changed cvar (cvar "sv_mincmdrate") (value "128")
L 08/08/2020 - 17:20:36: [basecommands.smx] "Console<0><Console><Console>" changed cvar (cvar "sv_minupdaterate") (value "128")
L 08/08/2020 - 17:20:36: [basecommands.smx] "Console<0><Console><Console>" changed cvar (cvar "sv_maxupdaterate") (value "128")
L 08/08/2020 - 17:20:36: [basecommands.smx] "Console<0><Console><Console>" changed cvar (cvar "sv_maxunlag") (value "0.5")
L 08/08/2020 - 17:20:36: [basecommands.smx] "Console<0><Console><Console>" changed cvar (cvar "sv_unlag") (value "1")
L 08/08/2020 - 17:20:37: [chat-processor.smx] Message formats generated for game 'csgo'.
L 08/08/2020 - 17:20:37: [chat-processor.smx] Successfully hooked a SayText2 chat hook.
L 08/08/2020 - 17:20:37: [weapons.smx] Inactive players' data has been deleted
L 08/08/2020 - 17:29:56: -------- Mapchange to de_mirage --------
L 08/08/2020 - 17:29:56: [basecommands.smx] "Console<0><Console><Console>" refreshed the admin cache.
L 08/08/2020 - 17:29:56: [basecommands.smx] "Console<0><Console><Console>" changed cvar (cvar "sv_maxrate") (value "128000")
L 08/08/2020 - 17:29:56: [basecommands.smx] "Console<0><Console><Console>" changed cvar (cvar "sv_minrate") (value "128000")
L 08/08/2020 - 17:29:56: [basecommands.smx] "Console<0><Console><Console>" changed cvar (cvar "sv_maxcmdrate") (value "128")
L 08/08/2020 - 17:29:56: [basecommands.smx] "Console<0><Console><Console>" changed cvar (cvar "sv_mincmdrate") (value "128")
L 08/08/2020 - 17:29:56: [basecommands.smx] "Console<0><Console><Console>" changed cvar (cvar "sv_minupdaterate") (value "128")
L 08/08/2020 - 17:29:56: [basecommands.smx] "Console<0><Console><Console>" changed cvar (cvar "sv_maxupdaterate") (value "128")
L 08/08/2020 - 17:29:56: [basecommands.smx] "Console<0><Console><Console>" changed cvar (cvar "sv_maxunlag") (value "0.5")
L 08/08/2020 - 17:29:56: [basecommands.smx] "Console<0><Console><Console>" changed cvar (cvar "sv_unlag") (value "1")
L 08/08/2020 - 17:29:57: [chat-processor.smx] Message formats generated for game 'csgo'.
L 08/08/2020 - 17:29:57: [chat-processor.smx] Successfully hooked a SayText2 chat hook.
L 08/08/2020 - 17:29:57: [weapons.smx] Inactive players' data has been deleted
L 08/08/2020 - 17:46:13: [mapchooser.smx] Voting for next map has started.
L 08/08/2020 - 17:46:16: [mapchooser.smx] Voting for next map has finished. Nextmap: de_nuke.
L 08/08/2020 - 17:48:48: [SM] Changed map to "de_nuke"
L 08/08/2020 - 17:48:50: -------- Mapchange to de_nuke --------
L 08/08/2020 - 17:48:50: [basecommands.smx] "Console<0><Console><Console>" refreshed the admin cache.
L 08/08/2020 - 17:48:50: [basecommands.smx] "Console<0><Console><Console>" changed cvar (cvar "sv_maxrate") (value "128000")
L 08/08/2020 - 17:48:50: [basecommands.smx] "Console<0><Console><Console>" changed cvar (cvar "sv_minrate") (value "128000")
L 08/08/2020 - 17:48:50: [basecommands.smx] "Console<0><Console><Console>" changed cvar (cvar "sv_maxcmdrate") (value "128")
L 08/08/2020 - 17:48:50: [basecommands.smx] "Console<0><Console><Console>" changed cvar (cvar "sv_mincmdrate") (value "128")
L 08/08/2020 - 17:48:50: [basecommands.smx] "Console<0><Console><Console>" changed cvar (cvar "sv_minupdaterate") (value "128")
L 08/08/2020 - 17:48:51: [basecommands.smx] "Console<0><Console><Console>" changed cvar (cvar "sv_maxupdaterate") (value "128")
L 08/08/2020 - 17:48:51: [basecommands.smx] "Console<0><Console><Console>" changed cvar (cvar "sv_maxunlag") (value "0.5")
L 08/08/2020 - 17:48:51: [basecommands.smx] "Console<0><Console><Console>" changed cvar (cvar "sv_unlag") (value "1")
L 08/08/2020 - 17:48:51: [chat-processor.smx] Message formats generated for game 'csgo'.
L 08/08/2020 - 17:48:51: [chat-processor.smx] Successfully hooked a SayText2 chat hook.
L 08/08/2020 - 17:48:52: [weapons.smx] Inactive players' data has been deleted
L 08/08/2020 - 18:02:06: [mapchooser.smx] Voting for next map has started.
L 08/08/2020 - 18:02:19: [mapchooser.smx] Voting for next map has finished. Nextmap: de_vertigo.
L 08/08/2020 - 18:05:44: [rockthevote.smx] RTV changing map manually
L 08/08/2020 - 18:05:44: [SM] Changed map to "de_vertigo"
L 08/08/2020 - 18:05:45: -------- Mapchange to de_vertigo --------
L 08/08/2020 - 18:05:45: [basecommands.smx] "Console<0><Console><Console>" refreshed the admin cache.
L 08/08/2020 - 18:05:45: [basecommands.smx] "Console<0><Console><Console>" changed cvar (cvar "sv_maxrate") (value "128000")
L 08/08/2020 - 18:05:45: [basecommands.smx] "Console<0><Console><Console>" changed cvar (cvar "sv_minrate") (value "128000")
L 08/08/2020 - 18:05:45: [basecommands.smx] "Console<0><Console><Console>" changed cvar (cvar "sv_maxcmdrate") (value "128")
L 08/08/2020 - 18:05:45: [basecommands.smx] "Console<0><Console><Console>" changed cvar (cvar "sv_mincmdrate") (value "128")
L 08/08/2020 - 18:05:45: [basecommands.smx] "Console<0><Console><Console>" changed cvar (cvar "sv_minupdaterate") (value "128")
L 08/08/2020 - 18:05:45: [basecommands.smx] "Console<0><Console><Console>" changed cvar (cvar "sv_maxupdaterate") (value "128")
L 08/08/2020 - 18:05:45: [basecommands.smx] "Console<0><Console><Console>" changed cvar (cvar "sv_maxunlag") (value "0.5")
L 08/08/2020 - 18:05:45: [basecommands.smx] "Console<0><Console><Console>" changed cvar (cvar "sv_unlag") (value "1")
L 08/08/2020 - 18:05:46: [chat-processor.smx] Message formats generated for game 'csgo'.
L 08/08/2020 - 18:05:46: [chat-processor.smx] Successfully hooked a SayText2 chat hook.
L 08/08/2020 - 18:05:46: [weapons.smx] Inactive players' data has been deleted
L 08/08/2020 - 18:21:01: -------- Mapchange to de_vertigo --------
L 08/08/2020 - 18:21:01: [basecommands.smx] "Console<0><Console><Console>" refreshed the admin cache.
L 08/08/2020 - 18:21:01: [basecommands.smx] "Console<0><Console><Console>" changed cvar (cvar "sv_maxrate") (value "128000")
L 08/08/2020 - 18:21:01: [basecommands.smx] "Console<0><Console><Console>" changed cvar (cvar "sv_minrate") (value "128000")
L 08/08/2020 - 18:21:01: [basecommands.smx] "Console<0><Console><Console>" changed cvar (cvar "sv_maxcmdrate") (value "128")
L 08/08/2020 - 18:21:01: [basecommands.smx] "Console<0><Console><Console>" changed cvar (cvar "sv_mincmdrate") (value "128")
L 08/08/2020 - 18:21:01: [basecommands.smx] "Console<0><Console><Console>" changed cvar (cvar "sv_minupdaterate") (value "128")
L 08/08/2020 - 18:21:01: [basecommands.smx] "Console<0><Console><Console>" changed cvar (cvar "sv_maxupdaterate") (value "128")
L 08/08/2020 - 18:21:01: [basecommands.smx] "Console<0><Console><Console>" changed cvar (cvar "sv_maxunlag") (value "0.5")
L 08/08/2020 - 18:21:01: [basecommands.smx] "Console<0><Console><Console>" changed cvar (cvar "sv_unlag") (value "1")
L 08/08/2020 - 18:21:02: [chat-processor.smx] Message formats generated for game 'csgo'.
L 08/08/2020 - 18:21:02: [chat-processor.smx] Successfully hooked a SayText2 chat hook.
L 08/08/2020 - 18:21:02: [weapons.smx] Inactive players' data has been deleted
L 08/08/2020 - 18:25:43: -------- Mapchange to de_vertigo --------
L 08/08/2020 - 18:25:43: [basecommands.smx] "Console<0><Console><Console>" refreshed the admin cache.
L 08/08/2020 - 18:25:43: [basecommands.smx] "Console<0><Console><Console>" changed cvar (cvar "sv_maxrate") (value "128000")
L 08/08/2020 - 18:25:43: [basecommands.smx] "Console<0><Console><Console>" changed cvar (cvar "sv_minrate") (value "128000")
L 08/08/2020 - 18:25:43: [basecommands.smx] "Console<0><Console><Console>" changed cvar (cvar "sv_maxcmdrate") (value "128")
L 08/08/2020 - 18:25:43: [basecommands.smx] "Console<0><Console><Console>" changed cvar (cvar "sv_mincmdrate") (value "128")
L 08/08/2020 - 18:25:43: [basecommands.smx] "Console<0><Console><Console>" changed cvar (cvar "sv_minupdaterate") (value "128")
L 08/08/2020 - 18:25:43: [basecommands.smx] "Console<0><Console><Console>" changed cvar (cvar "sv_maxupdaterate") (value "128")
L 08/08/2020 - 18:25:43: [basecommands.smx] "Console<0><Console><Console>" changed cvar (cvar "sv_maxunlag") (value "0.5")
L 08/08/2020 - 18:25:43: [basecommands.smx] "Console<0><Console><Console>" changed cvar (cvar "sv_unlag") (value "1")
L 08/08/2020 - 18:25:44: [chat-processor.smx] Message formats generated for game 'csgo'.
L 08/08/2020 - 18:25:44: [chat-processor.smx] Successfully hooked a SayText2 chat hook.
L 08/08/2020 - 18:25:44: [weapons.smx] Inactive players' data has been deleted
L 08/08/2020 - 18:38:13: [mapchooser.smx] Voting for next map has started.
L 08/08/2020 - 18:38:21: [mapchooser.smx] Voting for next map has finished. Nextmap: de_dust2.
L 08/08/2020 - 18:40:21: [SM] Changed map to "de_dust2"
L 08/08/2020 - 18:40:24: -------- Mapchange to de_dust2 --------
L 08/08/2020 - 18:40:24: [basecommands.smx] "Console<0><Console><Console>" refreshed the admin cache.
L 08/08/2020 - 18:40:24: [basecommands.smx] "Console<0><Console><Console>" changed cvar (cvar "sv_maxrate") (value "128000")
L 08/08/2020 - 18:40:24: [basecommands.smx] "Console<0><Console><Console>" changed cvar (cvar "sv_minrate") (value "128000")
L 08/08/2020 - 18:40:24: [basecommands.smx] "Console<0><Console><Console>" changed cvar (cvar "sv_maxcmdrate") (value "128")
L 08/08/2020 - 18:40:24: [basecommands.smx] "Console<0><Console><Console>" changed cvar (cvar "sv_mincmdrate") (value "128")
L 08/08/2020 - 18:40:24: [basecommands.smx] "Console<0><Console><Console>" changed cvar (cvar "sv_minupdaterate") (value "128")
L 08/08/2020 - 18:40:24: [basecommands.smx] "Console<0><Console><Console>" changed cvar (cvar "sv_maxupdaterate") (value "128")
L 08/08/2020 - 18:40:24: [basecommands.smx] "Console<0><Console><Console>" changed cvar (cvar "sv_maxunlag") (value "0.5")
L 08/08/2020 - 18:40:24: [basecommands.smx] "Console<0><Console><Console>" changed cvar (cvar "sv_unlag") (value "1")
L 08/08/2020 - 18:40:25: [chat-processor.smx] Message formats generated for game 'csgo'.
L 08/08/2020 - 18:40:25: [chat-processor.smx] Successfully hooked a SayText2 chat hook.
L 08/08/2020 - 18:40:26: [weapons.smx] Inactive players' data has been deleted
L 08/08/2020 - 18:56:00: [mapchooser.smx] Voting for next map has started.
L 08/08/2020 - 18:56:08: [mapchooser.smx] Voting for next map has finished. Nextmap: de_overpass.
L 08/08/2020 - 18:57:39: [SM] Changed map to "de_overpass"
L 08/08/2020 - 18:57:40: -------- Mapchange to de_overpass --------
L 08/08/2020 - 18:57:40: [basecommands.smx] "Console<0><Console><Console>" refreshed the admin cache.
L 08/08/2020 - 18:57:40: [basecommands.smx] "Console<0><Console><Console>" changed cvar (cvar "sv_maxrate") (value "128000")
L 08/08/2020 - 18:57:40: [basecommands.smx] "Console<0><Console><Console>" changed cvar (cvar "sv_minrate") (value "128000")
L 08/08/2020 - 18:57:40: [basecommands.smx] "Console<0><Console><Console>" changed cvar (cvar "sv_maxcmdrate") (value "128")
L 08/08/2020 - 18:57:40: [basecommands.smx] "Console<0><Console><Console>" changed cvar (cvar "sv_mincmdrate") (value "128")
L 08/08/2020 - 18:57:40: [basecommands.smx] "Console<0><Console><Console>" changed cvar (cvar "sv_minupdaterate") (value "128")
L 08/08/2020 - 18:57:40: [basecommands.smx] "Console<0><Console><Console>" changed cvar (cvar "sv_maxupdaterate") (value "128")
L 08/08/2020 - 18:57:40: [basecommands.smx] "Console<0><Console><Console>" changed cvar (cvar "sv_maxunlag") (value "0.5")
L 08/08/2020 - 18:57:40: [basecommands.smx] "Console<0><Console><Console>" changed cvar (cvar "sv_unlag") (value "1")
L 08/08/2020 - 18:57:41: [chat-processor.smx] Message formats generated for game 'csgo'.
L 08/08/2020 - 18:57:41: [chat-processor.smx] Successfully hooked a SayText2 chat hook.
L 08/08/2020 - 18:57:43: [weapons.smx] Inactive players' data has been deleted
L 08/08/2020 - 19:12:49: [mapchooser.smx] Voting for next map has started.
L 08/08/2020 - 19:12:57: [mapchooser.smx] Voting for next map has finished. Nextmap: de_inferno.
L 08/08/2020 - 19:14:20: [SM] Changed map to "de_inferno"
L 08/08/2020 - 19:14:21: -------- Mapchange to de_inferno --------
L 08/08/2020 - 19:14:22: [basecommands.smx] "Console<0><Console><Console>" refreshed the admin cache.
L 08/08/2020 - 19:14:22: [basecommands.smx] "Console<0><Console><Console>" changed cvar (cvar "sv_maxrate") (value "128000")
L 08/08/2020 - 19:14:22: [basecommands.smx] "Console<0><Console><Console>" changed cvar (cvar "sv_minrate") (value "128000")
L 08/08/2020 - 19:14:22: [basecommands.smx] "Console<0><Console><Console>" changed cvar (cvar "sv_maxcmdrate") (value "128")
L 08/08/2020 - 19:14:22: [basecommands.smx] "Console<0><Console><Console>" changed cvar (cvar "sv_mincmdrate") (value "128")
L 08/08/2020 - 19:14:22: [basecommands.smx] "Console<0><Console><Console>" changed cvar (cvar "sv_minupdaterate") (value "128")
L 08/08/2020 - 19:14:22: [basecommands.smx] "Console<0><Console><Console>" changed cvar (cvar "sv_maxupdaterate") (value "128")
L 08/08/2020 - 19:14:22: [basecommands.smx] "Console<0><Console><Console>" changed cvar (cvar "sv_maxunlag") (value "0.5")
L 08/08/2020 - 19:14:22: [basecommands.smx] "Console<0><Console><Console>" changed cvar (cvar "sv_unlag") (value "1")
L 08/08/2020 - 19:14:22: [chat-processor.smx] Message formats generated for game 'csgo'.
L 08/08/2020 - 19:14:22: [chat-processor.smx] Successfully hooked a SayText2 chat hook.
L 08/08/2020 - 19:14:23: [weapons.smx] Inactive players' data has been deleted
L 08/08/2020 - 19:31:08: [mapchooser.smx] Voting for next map has started.
L 08/08/2020 - 19:31:21: [mapchooser.smx] Voting for next map has finished. Nextmap: de_mirage.
L 08/08/2020 - 19:34:43: [SM] Changed map to "de_mirage"
L 08/08/2020 - 19:34:44: -------- Mapchange to de_mirage --------
L 08/08/2020 - 19:34:44: [basecommands.smx] "Console<0><Console><Console>" refreshed the admin cache.
L 08/08/2020 - 19:34:44: [basecommands.smx] "Console<0><Console><Console>" changed cvar (cvar "sv_maxrate") (value "128000")
L 08/08/2020 - 19:34:44: [basecommands.smx] "Console<0><Console><Console>" changed cvar (cvar "sv_minrate") (value "128000")
L 08/08/2020 - 19:34:44: [basecommands.smx] "Console<0><Console><Console>" changed cvar (cvar "sv_maxcmdrate") (value "128")
L 08/08/2020 - 19:34:44: [basecommands.smx] "Console<0><Console><Console>" changed cvar (cvar "sv_mincmdrate") (value "128")
L 08/08/2020 - 19:34:44: [basecommands.smx] "Console<0><Console><Console>" changed cvar (cvar "sv_minupdaterate") (value "128")
L 08/08/2020 - 19:34:44: [basecommands.smx] "Console<0><Console><Console>" changed cvar (cvar "sv_maxupdaterate") (value "128")
L 08/08/2020 - 19:34:44: [basecommands.smx] "Console<0><Console><Console>" changed cvar (cvar "sv_maxunlag") (value "0.5")
L 08/08/2020 - 19:34:44: [basecommands.smx] "Console<0><Console><Console>" changed cvar (cvar "sv_unlag") (value "1")
L 08/08/2020 - 19:34:45: [chat-processor.smx] Message formats generated for game 'csgo'.
L 08/08/2020 - 19:34:45: [chat-processor.smx] Successfully hooked a SayText2 chat hook.
L 08/08/2020 - 19:34:46: [weapons.smx] Inactive players' data has been deleted
L 08/08/2020 - 19:51:35: [mapchooser.smx] Voting for next map has started.
L 08/08/2020 - 19:51:40: [mapchooser.smx] Voting for next map has finished. Nextmap: de_cache.
L 08/08/2020 - 19:53:51: [SM] Changed map to "de_cache"
L 08/08/2020 - 19:53:58: -------- Mapchange to de_cache --------
L 08/08/2020 - 19:53:58: [basecommands.smx] "Console<0><Console><Console>" refreshed the admin cache.
L 08/08/2020 - 19:53:58: [basecommands.smx] "Console<0><Console><Console>" changed cvar (cvar "sv_maxrate") (value "128000")
L 08/08/2020 - 19:53:58: [basecommands.smx] "Console<0><Console><Console>" changed cvar (cvar "sv_minrate") (value "128000")
L 08/08/2020 - 19:53:58: [basecommands.smx] "Console<0><Console><Console>" changed cvar (cvar "sv_maxcmdrate") (value "128")
L 08/08/2020 - 19:53:58: [basecommands.smx] "Console<0><Console><Console>" changed cvar (cvar "sv_mincmdrate") (value "128")
L 08/08/2020 - 19:53:58: [basecommands.smx] "Console<0><Console><Console>" changed cvar (cvar "sv_minupdaterate") (value "128")
L 08/08/2020 - 19:53:58: [basecommands.smx] "Console<0><Console><Console>" changed cvar (cvar "sv_maxupdaterate") (value "128")
L 08/08/2020 - 19:53:58: [basecommands.smx] "Console<0><Console><Console>" changed cvar (cvar "sv_maxunlag") (value "0.5")
L 08/08/2020 - 19:53:58: [basecommands.smx] "Console<0><Console><Console>" changed cvar (cvar "sv_unlag") (value "1")
L 08/08/2020 - 19:53:59: [chat-processor.smx] Message formats generated for game 'csgo'.
L 08/08/2020 - 19:53:59: [chat-processor.smx] Successfully hooked a SayText2 chat hook.
L 08/08/2020 - 19:54:00: [weapons.smx] Inactive players' data has been deleted
L 08/08/2020 - 20:08:54: [mapchooser.smx] Voting for next map has started.
L 08/08/2020 - 20:09:14: [mapchooser.smx] Voting for next map has finished. Nextmap: de_train.
L 08/08/2020 - 20:10:22: [SM] Changed map to "de_train"
L 08/08/2020 - 20:10:23: -------- Mapchange to de_train --------
L 08/08/2020 - 20:10:23: [basecommands.smx] "Console<0><Console><Console>" refreshed the admin cache.
L 08/08/2020 - 20:10:23: [basecommands.smx] "Console<0><Console><Console>" changed cvar (cvar "sv_maxrate") (value "128000")
L 08/08/2020 - 20:10:23: [basecommands.smx] "Console<0><Console><Console>" changed cvar (cvar "sv_minrate") (value "128000")
L 08/08/2020 - 20:10:23: [basecommands.smx] "Console<0><Console><Console>" changed cvar (cvar "sv_maxcmdrate") (value "128")
L 08/08/2020 - 20:10:23: [basecommands.smx] "Console<0><Console><Console>" changed cvar (cvar "sv_mincmdrate") (value "128")
L 08/08/2020 - 20:10:23: [basecommands.smx] "Console<0><Console><Console>" changed cvar (cvar "sv_minupdaterate") (value "128")
L 08/08/2020 - 20:10:23: [basecommands.smx] "Console<0><Console><Console>" changed cvar (cvar "sv_maxupdaterate") (value "128")
L 08/08/2020 - 20:10:23: [basecommands.smx] "Console<0><Console><Console>" changed cvar (cvar "sv_maxunlag") (value "0.5")
L 08/08/2020 - 20:10:23: [basecommands.smx] "Console<0><Console><Console>" changed cvar (cvar "sv_unlag") (value "1")
L 08/08/2020 - 20:10:24: [chat-processor.smx] Message formats generated for game 'csgo'.
L 08/08/2020 - 20:10:24: [chat-processor.smx] Successfully hooked a SayText2 chat hook.
L 08/08/2020 - 20:10:25: [weapons.smx] Inactive players' data has been deleted
L 08/08/2020 - 20:27:04: [mapchooser.smx] Voting for next map has started.
L 08/08/2020 - 20:27:25: [mapchooser.smx] Voting for next map has finished. Nextmap: de_vertigo.
L 08/08/2020 - 20:30:25: [rockthevote.smx] RTV changing map manually
L 08/08/2020 - 20:30:25: [SM] Changed map to "de_vertigo"
L 08/08/2020 - 20:30:26: -------- Mapchange to de_vertigo --------
L 08/08/2020 - 20:30:26: [basecommands.smx] "Console<0><Console><Console>" refreshed the admin cache.
L 08/08/2020 - 20:30:26: [basecommands.smx] "Console<0><Console><Console>" changed cvar (cvar "sv_maxrate") (value "128000")
L 08/08/2020 - 20:30:26: [basecommands.smx] "Console<0><Console><Console>" changed cvar (cvar "sv_minrate") (value "128000")
L 08/08/2020 - 20:30:26: [basecommands.smx] "Console<0><Console><Console>" changed cvar (cvar "sv_maxcmdrate") (value "128")
L 08/08/2020 - 20:30:26: [basecommands.smx] "Console<0><Console><Console>" changed cvar (cvar "sv_mincmdrate") (value "128")
L 08/08/2020 - 20:30:26: [basecommands.smx] "Console<0><Console><Console>" changed cvar (cvar "sv_minupdaterate") (value "128")
L 08/08/2020 - 20:30:26: [basecommands.smx] "Console<0><Console><Console>" changed cvar (cvar "sv_maxupdaterate") (value "128")
L 08/08/2020 - 20:30:26: [basecommands.smx] "Console<0><Console><Console>" changed cvar (cvar "sv_maxunlag") (value "0.5")
L 08/08/2020 - 20:30:26: [basecommands.smx] "Console<0><Console><Console>" changed cvar (cvar "sv_unlag") (value "1")
L 08/08/2020 - 20:30:27: [chat-processor.smx] Message formats generated for game 'csgo'.
L 08/08/2020 - 20:30:27: [chat-processor.smx] Successfully hooked a SayText2 chat hook.
L 08/08/2020 - 20:30:29: [weapons.smx] Inactive players' data has been deleted
L 08/08/2020 - 20:46:22: [mapchooser.smx] Voting for next map has started.
L 08/08/2020 - 20:46:34: [mapchooser.smx] Voting for next map has finished. Nextmap: de_dust2.
L 08/08/2020 - 20:49:09: [SM] Changed map to "de_dust2"
L 08/08/2020 - 20:49:13: -------- Mapchange to de_dust2 --------
L 08/08/2020 - 20:49:13: [basecommands.smx] "Console<0><Console><Console>" refreshed the admin cache.
L 08/08/2020 - 20:49:13: [basecommands.smx] "Console<0><Console><Console>" changed cvar (cvar "sv_maxrate") (value "128000")
L 08/08/2020 - 20:49:13: [basecommands.smx] "Console<0><Console><Console>" changed cvar (cvar "sv_minrate") (value "128000")
L 08/08/2020 - 20:49:13: [basecommands.smx] "Console<0><Console><Console>" changed cvar (cvar "sv_maxcmdrate") (value "128")
L 08/08/2020 - 20:49:13: [basecommands.smx] "Console<0><Console><Console>" changed cvar (cvar "sv_mincmdrate") (value "128")
L 08/08/2020 - 20:49:13: [basecommands.smx] "Console<0><Console><Console>" changed cvar (cvar "sv_minupdaterate") (value "128")
L 08/08/2020 - 20:49:13: [basecommands.smx] "Console<0><Console><Console>" changed cvar (cvar "sv_maxupdaterate") (value "128")
L 08/08/2020 - 20:49:13: [basecommands.smx] "Console<0><Console><Console>" changed cvar (cvar "sv_maxunlag") (value "0.5")
L 08/08/2020 - 20:49:13: [basecommands.smx] "Console<0><Console><Console>" changed cvar (cvar "sv_unlag") (value "1")
L 08/08/2020 - 20:49:14: [chat-processor.smx] Message formats generated for game 'csgo'.
L 08/08/2020 - 20:49:14: [chat-processor.smx] Successfully hooked a SayText2 chat hook.
L 08/08/2020 - 20:49:15: [weapons.smx] Inactive players' data has been deleted
L 08/08/2020 - 21:04:37: [mapchooser.smx] Voting for next map has started.
L 08/08/2020 - 21:04:40: [mapchooser.smx] Voting for next map has finished. Nextmap: de_overpass.
L 08/08/2020 - 21:06:29: [SM] Changed map to "de_overpass"
L 08/08/2020 - 21:06:30: -------- Mapchange to de_overpass --------
L 08/08/2020 - 21:06:30: [basecommands.smx] "Console<0><Console><Console>" refreshed the admin cache.
L 08/08/2020 - 21:06:30: [basecommands.smx] "Console<0><Console><Console>" changed cvar (cvar "sv_maxrate") (value "128000")
L 08/08/2020 - 21:06:30: [basecommands.smx] "Console<0><Console><Console>" changed cvar (cvar "sv_minrate") (value "128000")
L 08/08/2020 - 21:06:30: [basecommands.smx] "Console<0><Console><Console>" changed cvar (cvar "sv_maxcmdrate") (value "128")
L 08/08/2020 - 21:06:30: [basecommands.smx] "Console<0><Console><Console>" changed cvar (cvar "sv_mincmdrate") (value "128")
L 08/08/2020 - 21:06:30: [basecommands.smx] "Console<0><Console><Console>" changed cvar (cvar "sv_minupdaterate") (value "128")
L 08/08/2020 - 21:06:30: [basecommands.smx] "Console<0><Console><Console>" changed cvar (cvar "sv_maxupdaterate") (value "128")
L 08/08/2020 - 21:06:30: [basecommands.smx] "Console<0><Console><Console>" changed cvar (cvar "sv_maxunlag") (value "0.5")
L 08/08/2020 - 21:06:30: [basecommands.smx] "Console<0><Console><Console>" changed cvar (cvar "sv_unlag") (value "1")
L 08/08/2020 - 21:06:31: [chat-processor.smx] Message formats generated for game 'csgo'.
L 08/08/2020 - 21:06:31: [chat-processor.smx] Successfully hooked a SayText2 chat hook.
L 08/08/2020 - 21:06:32: [weapons.smx] Inactive players' data has been deleted
L 08/08/2020 - 21:21:03: [mapchooser.smx] Voting for next map has started.
L 08/08/2020 - 21:21:14: [mapchooser.smx] Voting for next map has finished. Nextmap: de_inferno.
L 08/08/2020 - 21:23:36: [rockthevote.smx] RTV changing map manually
L 08/08/2020 - 21:23:36: [SM] Changed map to "de_inferno"
L 08/08/2020 - 21:23:37: -------- Mapchange to de_inferno --------
L 08/08/2020 - 21:23:37: [basecommands.smx] "Console<0><Console><Console>" refreshed the admin cache.
L 08/08/2020 - 21:23:37: [basecommands.smx] "Console<0><Console><Console>" changed cvar (cvar "sv_maxrate") (value "128000")
L 08/08/2020 - 21:23:37: [basecommands.smx] "Console<0><Console><Console>" changed cvar (cvar "sv_minrate") (value "128000")
L 08/08/2020 - 21:23:37: [basecommands.smx] "Console<0><Console><Console>" changed cvar (cvar "sv_maxcmdrate") (value "128")
L 08/08/2020 - 21:23:37: [basecommands.smx] "Console<0><Console><Console>" changed cvar (cvar "sv_mincmdrate") (value "128")
L 08/08/2020 - 21:23:37: [basecommands.smx] "Console<0><Console><Console>" changed cvar (cvar "sv_minupdaterate") (value "128")
L 08/08/2020 - 21:23:37: [basecommands.smx] "Console<0><Console><Console>" changed cvar (cvar "sv_maxupdaterate") (value "128")
L 08/08/2020 - 21:23:37: [basecommands.smx] "Console<0><Console><Console>" changed cvar (cvar "sv_maxunlag") (value "0.5")
L 08/08/2020 - 21:23:37: [basecommands.smx] "Console<0><Console><Console>" changed cvar (cvar "sv_unlag") (value "1")
L 08/08/2020 - 21:23:38: [chat-processor.smx] Message formats generated for game 'csgo'.
L 08/08/2020 - 21:23:38: [chat-processor.smx] Successfully hooked a SayText2 chat hook.
L 08/08/2020 - 21:23:40: [weapons.smx] Inactive players' data has been deleted
L 08/08/2020 - 21:40:00: [mapchooser.smx] Voting for next map has started.
L 08/08/2020 - 21:40:07: [mapchooser.smx] Voting for next map has finished. Nextmap: de_mirage.
L 08/08/2020 - 21:42:18: [SM] Changed map to "de_mirage"
L 08/08/2020 - 21:42:19: -------- Mapchange to de_mirage --------
L 08/08/2020 - 21:42:19: [basecommands.smx] "Console<0><Console><Console>" refreshed the admin cache.
L 08/08/2020 - 21:42:19: [basecommands.smx] "Console<0><Console><Console>" changed cvar (cvar "sv_maxrate") (value "128000")
L 08/08/2020 - 21:42:19: [basecommands.smx] "Console<0><Console><Console>" changed cvar (cvar "sv_minrate") (value "128000")
L 08/08/2020 - 21:42:19: [basecommands.smx] "Console<0><Console><Console>" changed cvar (cvar "sv_maxcmdrate") (value "128")
L 08/08/2020 - 21:42:19: [basecommands.smx] "Console<0><Console><Console>" changed cvar (cvar "sv_mincmdrate") (value "128")
L 08/08/2020 - 21:42:19: [basecommands.smx] "Console<0><Console><Console>" changed cvar (cvar "sv_minupdaterate") (value "128")
L 08/08/2020 - 21:42:19: [basecommands.smx] "Console<0><Console><Console>" changed cvar (cvar "sv_maxupdaterate") (value "128")
L 08/08/2020 - 21:42:19: [basecommands.smx] "Console<0><Console><Console>" changed cvar (cvar "sv_maxunlag") (value "0.5")
L 08/08/2020 - 21:42:19: [basecommands.smx] "Console<0><Console><Console>" changed cvar (cvar "sv_unlag") (value "1")
L 08/08/2020 - 21:42:20: [chat-processor.smx] Message formats generated for game 'csgo'.
L 08/08/2020 - 21:42:20: [chat-processor.smx] Successfully hooked a SayText2 chat hook.
L 08/08/2020 - 21:42:21: [weapons.smx] Inactive players' data has been deleted
L 08/08/2020 - 21:59:36: [mapchooser.smx] Voting for next map has started.
L 08/08/2020 - 21:59:53: [mapchooser.smx] Voting for next map has finished. Nextmap: de_cache.
L 08/08/2020 - 22:01:51: [SM] Changed map to "de_cache"
L 08/08/2020 - 22:01:55: -------- Mapchange to de_cache --------
L 08/08/2020 - 22:01:55: [basecommands.smx] "Console<0><Console><Console>" refreshed the admin cache.
L 08/08/2020 - 22:01:55: [basecommands.smx] "Console<0><Console><Console>" changed cvar (cvar "sv_maxrate") (value "128000")
L 08/08/2020 - 22:01:55: [basecommands.smx] "Console<0><Console><Console>" changed cvar (cvar "sv_minrate") (value "128000")
L 08/08/2020 - 22:01:55: [basecommands.smx] "Console<0><Console><Console>" changed cvar (cvar "sv_maxcmdrate") (value "128")
L 08/08/2020 - 22:01:55: [basecommands.smx] "Console<0><Console><Console>" changed cvar (cvar "sv_mincmdrate") (value "128")
L 08/08/2020 - 22:01:55: [basecommands.smx] "Console<0><Console><Console>" changed cvar (cvar "sv_minupdaterate") (value "128")
L 08/08/2020 - 22:01:55: [basecommands.smx] "Console<0><Console><Console>" changed cvar (cvar "sv_maxupdaterate") (value "128")
L 08/08/2020 - 22:01:55: [basecommands.smx] "Console<0><Console><Console>" changed cvar (cvar "sv_maxunlag") (value "0.5")
L 08/08/2020 - 22:01:55: [basecommands.smx] "Console<0><Console><Console>" changed cvar (cvar "sv_unlag") (value "1")
L 08/08/2020 - 22:01:56: [chat-processor.smx] Message formats generated for game 'csgo'.
L 08/08/2020 - 22:01:56: [chat-processor.smx] Successfully hooked a SayText2 chat hook.
L 08/08/2020 - 22:01:57: [weapons.smx] Inactive players' data has been deleted
L 08/08/2020 - 22:18:59: [mapchooser.smx] Voting for next map has started.
L 08/08/2020 - 22:19:19: [mapchooser.smx] Voting for next map has finished. Nextmap: de_train.
L 08/08/2020 - 22:21:11: [SM] Changed map to "de_train"
L 08/08/2020 - 22:21:12: -------- Mapchange to de_train --------
L 08/08/2020 - 22:21:12: [basecommands.smx] "Console<0><Console><Console>" refreshed the admin cache.
L 08/08/2020 - 22:21:12: [basecommands.smx] "Console<0><Console><Console>" changed cvar (cvar "sv_maxrate") (value "128000")
L 08/08/2020 - 22:21:12: [basecommands.smx] "Console<0><Console><Console>" changed cvar (cvar "sv_minrate") (value "128000")
L 08/08/2020 - 22:21:12: [basecommands.smx] "Console<0><Console><Console>" changed cvar (cvar "sv_maxcmdrate") (value "128")
L 08/08/2020 - 22:21:12: [basecommands.smx] "Console<0><Console><Console>" changed cvar (cvar "sv_mincmdrate") (value "128")
L 08/08/2020 - 22:21:12: [basecommands.smx] "Console<0><Console><Console>" changed cvar (cvar "sv_minupdaterate") (value "128")
L 08/08/2020 - 22:21:12: [basecommands.smx] "Console<0><Console><Console>" changed cvar (cvar "sv_maxupdaterate") (value "128")
L 08/08/2020 - 22:21:12: [basecommands.smx] "Console<0><Console><Console>" changed cvar (cvar "sv_maxunlag") (value "0.5")
L 08/08/2020 - 22:21:12: [basecommands.smx] "Console<0><Console><Console>" changed cvar (cvar "sv_unlag") (value "1")
L 08/08/2020 - 22:21:13: [chat-processor.smx] Message formats generated for game 'csgo'.
L 08/08/2020 - 22:21:13: [chat-processor.smx] Successfully hooked a SayText2 chat hook.
L 08/08/2020 - 22:21:14: [weapons.smx] Inactive players' data has been deleted
L 08/08/2020 - 22:37:20: [mapchooser.smx] Voting for next map has started.
L 08/08/2020 - 22:37:40: [mapchooser.smx] Voting for next map has finished. Nextmap: de_nuke.
L 08/08/2020 - 22:39:53: [SM] Changed map to "de_nuke"
L 08/08/2020 - 22:39:58: -------- Mapchange to de_nuke --------
L 08/08/2020 - 22:39:58: [basecommands.smx] "Console<0><Console><Console>" refreshed the admin cache.
L 08/08/2020 - 22:39:58: [basecommands.smx] "Console<0><Console><Console>" changed cvar (cvar "sv_maxrate") (value "128000")
L 08/08/2020 - 22:39:58: [basecommands.smx] "Console<0><Console><Console>" changed cvar (cvar "sv_minrate") (value "128000")
L 08/08/2020 - 22:39:58: [basecommands.smx] "Console<0><Console><Console>" changed cvar (cvar "sv_maxcmdrate") (value "128")
L 08/08/2020 - 22:39:58: [basecommands.smx] "Console<0><Console><Console>" changed cvar (cvar "sv_mincmdrate") (value "128")
L 08/08/2020 - 22:39:58: [basecommands.smx] "Console<0><Console><Console>" changed cvar (cvar "sv_minupdaterate") (value "128")
L 08/08/2020 - 22:39:58: [basecommands.smx] "Console<0><Console><Console>" changed cvar (cvar "sv_maxupdaterate") (value "128")
L 08/08/2020 - 22:39:58: [basecommands.smx] "Console<0><Console><Console>" changed cvar (cvar "sv_maxunlag") (value "0.5")
L 08/08/2020 - 22:39:58: [basecommands.smx] "Console<0><Console><Console>" changed cvar (cvar "sv_unlag") (value "1")
L 08/08/2020 - 22:39:59: [chat-processor.smx] Message formats generated for game 'csgo'.
L 08/08/2020 - 22:39:59: [chat-processor.smx] Successfully hooked a SayText2 chat hook.
L 08/08/2020 - 22:40:00: [weapons.smx] Inactive players' data has been deleted
L 08/08/2020 - 22:55:43: [mapchooser.smx] Voting for next map has started.
L 08/08/2020 - 22:56:04: [mapchooser.smx] Voting for next map has finished. Nextmap: de_vertigo.
L 08/08/2020 - 22:57:05: [SM] Changed map to "de_vertigo"
L 08/08/2020 - 22:57:06: -------- Mapchange to de_vertigo --------
L 08/08/2020 - 22:57:06: [basecommands.smx] "Console<0><Console><Console>" refreshed the admin cache.
L 08/08/2020 - 22:57:06: [basecommands.smx] "Console<0><Console><Console>" changed cvar (cvar "sv_maxrate") (value "128000")
L 08/08/2020 - 22:57:06: [basecommands.smx] "Console<0><Console><Console>" changed cvar (cvar "sv_minrate") (value "128000")
L 08/08/2020 - 22:57:06: [basecommands.smx] "Console<0><Console><Console>" changed cvar (cvar "sv_maxcmdrate") (value "128")
L 08/08/2020 - 22:57:06: [basecommands.smx] "Console<0><Console><Console>" changed cvar (cvar "sv_mincmdrate") (value "128")
L 08/08/2020 - 22:57:06: [basecommands.smx] "Console<0><Console><Console>" changed cvar (cvar "sv_minupdaterate") (value "128")
L 08/08/2020 - 22:57:06: [basecommands.smx] "Console<0><Console><Console>" changed cvar (cvar "sv_maxupdaterate") (value "128")
L 08/08/2020 - 22:57:06: [basecommands.smx] "Console<0><Console><Console>" changed cvar (cvar "sv_maxunlag") (value "0.5")
L 08/08/2020 - 22:57:06: [basecommands.smx] "Console<0><Console><Console>" changed cvar (cvar "sv_unlag") (value "1")
L 08/08/2020 - 22:57:07: [chat-processor.smx] Message formats generated for game 'csgo'.
L 08/08/2020 - 22:57:07: [chat-processor.smx] Successfully hooked a SayText2 chat hook.
L 08/08/2020 - 22:57:09: [weapons.smx] Inactive players' data has been deleted
L 08/08/2020 - 23:13:44: [mapchooser.smx] Voting for next map has started.
L 08/08/2020 - 23:14:05: [mapchooser.smx] Voting for next map has finished. Nextmap: de_dust2.
L 08/08/2020 - 23:15:18: [SM] Changed map to "de_dust2"
L 08/08/2020 - 23:15:22: -------- Mapchange to de_dust2 --------
L 08/08/2020 - 23:15:22: [basecommands.smx] "Console<0><Console><Console>" refreshed the admin cache.
L 08/08/2020 - 23:15:22: [basecommands.smx] "Console<0><Console><Console>" changed cvar (cvar "sv_maxrate") (value "128000")
L 08/08/2020 - 23:15:22: [basecommands.smx] "Console<0><Console><Console>" changed cvar (cvar "sv_minrate") (value "128000")
L 08/08/2020 - 23:15:22: [basecommands.smx] "Console<0><Console><Console>" changed cvar (cvar "sv_maxcmdrate") (value "128")
L 08/08/2020 - 23:15:22: [basecommands.smx] "Console<0><Console><Console>" changed cvar (cvar "sv_mincmdrate") (value "128")
L 08/08/2020 - 23:15:22: [basecommands.smx] "Console<0><Console><Console>" changed cvar (cvar "sv_minupdaterate") (value "128")
L 08/08/2020 - 23:15:22: [basecommands.smx] "Console<0><Console><Console>" changed cvar (cvar "sv_maxupdaterate") (value "128")
L 08/08/2020 - 23:15:22: [basecommands.smx] "Console<0><Console><Console>" changed cvar (cvar "sv_maxunlag") (value "0.5")
L 08/08/2020 - 23:15:22: [basecommands.smx] "Console<0><Console><Console>" changed cvar (cvar "sv_unlag") (value "1")
L 08/08/2020 - 23:15:22: [chat-processor.smx] Message formats generated for game 'csgo'.
L 08/08/2020 - 23:15:22: [chat-processor.smx] Successfully hooked a SayText2 chat hook.
L 08/08/2020 - 23:15:24: [weapons.smx] Inactive players' data has been deleted
L 08/08/2020 - 23:32:50: [mapchooser.smx] Voting for next map has started.
L 08/08/2020 - 23:32:58: [mapchooser.smx] Voting for next map has finished. Nextmap: de_inferno.
L 08/08/2020 - 23:35:21: [SM] Changed map to "de_inferno"
L 08/08/2020 - 23:35:23: -------- Mapchange to de_inferno --------
L 08/08/2020 - 23:35:23: [basecommands.smx] "Console<0><Console><Console>" refreshed the admin cache.
L 08/08/2020 - 23:35:23: [basecommands.smx] "Console<0><Console><Console>" changed cvar (cvar "sv_maxrate") (value "128000")
L 08/08/2020 - 23:35:23: [basecommands.smx] "Console<0><Console><Console>" changed cvar (cvar "sv_minrate") (value "128000")
L 08/08/2020 - 23:35:23: [basecommands.smx] "Console<0><Console><Console>" changed cvar (cvar "sv_maxcmdrate") (value "128")
L 08/08/2020 - 23:35:23: [basecommands.smx] "Console<0><Console><Console>" changed cvar (cvar "sv_mincmdrate") (value "128")
L 08/08/2020 - 23:35:23: [basecommands.smx] "Console<0><Console><Console>" changed cvar (cvar "sv_minupdaterate") (value "128")
L 08/08/2020 - 23:35:23: [basecommands.smx] "Console<0><Console><Console>" changed cvar (cvar "sv_maxupdaterate") (value "128")
L 08/08/2020 - 23:35:23: [basecommands.smx] "Console<0><Console><Console>" changed cvar (cvar "sv_maxunlag") (value "0.5")
L 08/08/2020 - 23:35:23: [basecommands.smx] "Console<0><Console><Console>" changed cvar (cvar "sv_unlag") (value "1")
L 08/08/2020 - 23:35:24: [chat-processor.smx] Message formats generated for game 'csgo'.
L 08/08/2020 - 23:35:24: [chat-processor.smx] Successfully hooked a SayText2 chat hook.
L 08/08/2020 - 23:35:25: [weapons.smx] Inactive players' data has been deleted
L 08/08/2020 - 23:53:47: [mapchooser.smx] Voting for next map has started.
L 08/08/2020 - 23:54:01: [mapchooser.smx] Voting for next map has finished. Nextmap: de_mirage.
L 08/08/2020 - 23:55:29: [SM] Changed map to "de_mirage"
L 08/08/2020 - 23:55:30: -------- Mapchange to de_mirage --------
L 08/08/2020 - 23:55:30: [basecommands.smx] "Console<0><Console><Console>" refreshed the admin cache.
L 08/08/2020 - 23:55:30: [basecommands.smx] "Console<0><Console><Console>" changed cvar (cvar "sv_maxrate") (value "128000")
L 08/08/2020 - 23:55:30: [basecommands.smx] "Console<0><Console><Console>" changed cvar (cvar "sv_minrate") (value "128000")
L 08/08/2020 - 23:55:30: [basecommands.smx] "Console<0><Console><Console>" changed cvar (cvar "sv_maxcmdrate") (value "128")
L 08/08/2020 - 23:55:30: [basecommands.smx] "Console<0><Console><Console>" changed cvar (cvar "sv_mincmdrate") (value "128")
L 08/08/2020 - 23:55:30: [basecommands.smx] "Console<0><Console><Console>" changed cvar (cvar "sv_minupdaterate") (value "128")
L 08/08/2020 - 23:55:30: [basecommands.smx] "Console<0><Console><Console>" changed cvar (cvar "sv_maxupdaterate") (value "128")
L 08/08/2020 - 23:55:30: [basecommands.smx] "Console<0><Console><Console>" changed cvar (cvar "sv_maxunlag") (value "0.5")
L 08/08/2020 - 23:55:30: [basecommands.smx] "Console<0><Console><Console>" changed cvar (cvar "sv_unlag") (value "1")
L 08/08/2020 - 23:55:30: [chat-processor.smx] Message formats generated for game 'csgo'.
L 08/08/2020 - 23:55:30: [chat-processor.smx] Successfully hooked a SayText2 chat hook.
L 08/08/2020 - 23:55:32: [weapons.smx] Inactive players' data has been deleted
L 08/09/2020 - 00:12:40: Log file closed.
