L 08/11/2020 - 00:08:05: SourceMod log file session started (file "C:\TCAFiles\Users\jeanv\438\csgo\addons\sourcemod\logs\L20200811.log") (Version "1.10.0.6488")
L 08/11/2020 - 00:08:05: [basecommands.smx] "Console<0><Console><Console>" refreshed the admin cache.
L 08/11/2020 - 00:08:05: [basecommands.smx] "Console<0><Console><Console>" changed cvar (cvar "sv_maxrate") (value "128000")
L 08/11/2020 - 00:08:05: [basecommands.smx] "Console<0><Console><Console>" changed cvar (cvar "sv_minrate") (value "128000")
L 08/11/2020 - 00:08:05: [basecommands.smx] "Console<0><Console><Console>" changed cvar (cvar "sv_maxcmdrate") (value "128")
L 08/11/2020 - 00:08:05: [basecommands.smx] "Console<0><Console><Console>" changed cvar (cvar "sv_mincmdrate") (value "128")
L 08/11/2020 - 00:08:05: [basecommands.smx] "Console<0><Console><Console>" changed cvar (cvar "sv_minupdaterate") (value "128")
L 08/11/2020 - 00:08:05: [basecommands.smx] "Console<0><Console><Console>" changed cvar (cvar "sv_maxupdaterate") (value "128")
L 08/11/2020 - 00:08:05: [basecommands.smx] "Console<0><Console><Console>" changed cvar (cvar "sv_maxunlag") (value "0.5")
L 08/11/2020 - 00:08:05: [basecommands.smx] "Console<0><Console><Console>" changed cvar (cvar "sv_unlag") (value "1")
L 08/11/2020 - 00:08:05: [afk_manager4.smx] [AFK Manager] Log File: addons\sourcemod\logs\afkm_20200811.log
L 08/11/2020 - 00:08:05: [chat-processor.smx] Message formats generated for game 'csgo'.
L 08/11/2020 - 00:08:05: [chat-processor.smx] Successfully hooked a SayText2 chat hook.
L 08/11/2020 - 00:08:06: [weapons.smx] Inactive players' data has been deleted
L 08/11/2020 - 01:00:46: -------- Mapchange to de_dust2 --------
L 08/11/2020 - 01:00:46: [basecommands.smx] "Console<0><Console><Console>" refreshed the admin cache.
L 08/11/2020 - 01:00:46: [basecommands.smx] "Console<0><Console><Console>" changed cvar (cvar "sv_maxrate") (value "128000")
L 08/11/2020 - 01:00:46: [basecommands.smx] "Console<0><Console><Console>" changed cvar (cvar "sv_minrate") (value "128000")
L 08/11/2020 - 01:00:46: [basecommands.smx] "Console<0><Console><Console>" changed cvar (cvar "sv_maxcmdrate") (value "128")
L 08/11/2020 - 01:00:46: [basecommands.smx] "Console<0><Console><Console>" changed cvar (cvar "sv_mincmdrate") (value "128")
L 08/11/2020 - 01:00:46: [basecommands.smx] "Console<0><Console><Console>" changed cvar (cvar "sv_minupdaterate") (value "128")
L 08/11/2020 - 01:00:46: [basecommands.smx] "Console<0><Console><Console>" changed cvar (cvar "sv_maxupdaterate") (value "128")
L 08/11/2020 - 01:00:46: [basecommands.smx] "Console<0><Console><Console>" changed cvar (cvar "sv_maxunlag") (value "0.5")
L 08/11/2020 - 01:00:46: [basecommands.smx] "Console<0><Console><Console>" changed cvar (cvar "sv_unlag") (value "1")
L 08/11/2020 - 01:00:47: [chat-processor.smx] Message formats generated for game 'csgo'.
L 08/11/2020 - 01:00:47: [chat-processor.smx] Successfully hooked a SayText2 chat hook.
L 08/11/2020 - 01:00:47: [weapons.smx] Inactive players' data has been deleted
L 08/11/2020 - 01:15:56: [mapchooser.smx] Voting for next map has started.
L 08/11/2020 - 01:16:16: [mapchooser.smx] Voting for next map has finished. Nextmap: de_train.
L 08/11/2020 - 01:18:20: [SM] Changed map to "de_train"
L 08/11/2020 - 01:18:21: -------- Mapchange to de_train --------
L 08/11/2020 - 01:18:21: [basecommands.smx] "Console<0><Console><Console>" refreshed the admin cache.
L 08/11/2020 - 01:18:21: [basecommands.smx] "Console<0><Console><Console>" changed cvar (cvar "sv_maxrate") (value "128000")
L 08/11/2020 - 01:18:21: [basecommands.smx] "Console<0><Console><Console>" changed cvar (cvar "sv_minrate") (value "128000")
L 08/11/2020 - 01:18:21: [basecommands.smx] "Console<0><Console><Console>" changed cvar (cvar "sv_maxcmdrate") (value "128")
L 08/11/2020 - 01:18:21: [basecommands.smx] "Console<0><Console><Console>" changed cvar (cvar "sv_mincmdrate") (value "128")
L 08/11/2020 - 01:18:21: [basecommands.smx] "Console<0><Console><Console>" changed cvar (cvar "sv_minupdaterate") (value "128")
L 08/11/2020 - 01:18:21: [basecommands.smx] "Console<0><Console><Console>" changed cvar (cvar "sv_maxupdaterate") (value "128")
L 08/11/2020 - 01:18:21: [basecommands.smx] "Console<0><Console><Console>" changed cvar (cvar "sv_maxunlag") (value "0.5")
L 08/11/2020 - 01:18:21: [basecommands.smx] "Console<0><Console><Console>" changed cvar (cvar "sv_unlag") (value "1")
L 08/11/2020 - 01:18:22: [chat-processor.smx] Message formats generated for game 'csgo'.
L 08/11/2020 - 01:18:22: [chat-processor.smx] Successfully hooked a SayText2 chat hook.
L 08/11/2020 - 01:18:23: [weapons.smx] Inactive players' data has been deleted
L 08/11/2020 - 01:32:14: [mapchooser.smx] Voting for next map has started.
L 08/11/2020 - 01:32:34: [mapchooser.smx] Voting for next map has finished. Nextmap: de_nuke.
L 08/11/2020 - 05:01:03: SourceMod log file session started (file "C:\TCAFiles\Users\jeanv\438\csgo\addons\sourcemod\logs\L20200811.log") (Version "1.10.0.6488")
L 08/11/2020 - 05:01:03: [GEOIP] GeoIP database info: GEO-106FREE 20180327 Build 1 Copyright (c) 2018 MaxMind Inc All Rights Reserved
L 08/11/2020 - 05:01:03: [afk_manager4.smx] [AFK Manager] Log File: addons\sourcemod\logs\afkm_20200811.log
L 08/11/2020 - 05:01:03: [afk_manager4.smx] [AFK Manager] Detected Mod Counter-Strike: Global Offensive
L 08/11/2020 - 08:08:55: [chat-processor.smx] Message formats generated for game 'csgo'.
L 08/11/2020 - 08:08:55: [chat-processor.smx] Successfully hooked a SayText2 chat hook.
L 08/11/2020 - 08:09:00: -------- Mapchange to de_dust2 --------
L 08/11/2020 - 08:09:01: [basecommands.smx] "Console<0><Console><Console>" refreshed the admin cache.
L 08/11/2020 - 08:09:01: [basecommands.smx] "Console<0><Console><Console>" changed cvar (cvar "sv_maxrate") (value "128000")
L 08/11/2020 - 08:09:01: [basecommands.smx] "Console<0><Console><Console>" changed cvar (cvar "sv_minrate") (value "128000")
L 08/11/2020 - 08:09:01: [basecommands.smx] "Console<0><Console><Console>" changed cvar (cvar "sv_maxcmdrate") (value "128")
L 08/11/2020 - 08:09:01: [basecommands.smx] "Console<0><Console><Console>" changed cvar (cvar "sv_mincmdrate") (value "128")
L 08/11/2020 - 08:09:01: [basecommands.smx] "Console<0><Console><Console>" changed cvar (cvar "sv_minupdaterate") (value "128")
L 08/11/2020 - 08:09:01: [basecommands.smx] "Console<0><Console><Console>" changed cvar (cvar "sv_maxupdaterate") (value "128")
L 08/11/2020 - 08:09:01: [basecommands.smx] "Console<0><Console><Console>" changed cvar (cvar "sv_maxunlag") (value "0.5")
L 08/11/2020 - 08:09:01: [basecommands.smx] "Console<0><Console><Console>" changed cvar (cvar "sv_unlag") (value "1")
L 08/11/2020 - 08:09:01: [chat-processor.smx] Message formats generated for game 'csgo'.
L 08/11/2020 - 08:09:01: [chat-processor.smx] Successfully hooked a SayText2 chat hook.
L 08/11/2020 - 08:09:02: [weapons.smx] SQLite DB connection successful
L 08/11/2020 - 08:09:02: [weapons.smx] Inactive players' data has been deleted
L 08/11/2020 - 08:09:02: [weapons.smx] SQLite DB connection successful
L 08/11/2020 - 08:09:02: [weapons.smx] SQLite DB connection successful
L 08/11/2020 - 08:09:02: [weapons.smx] Inactive players' data has been deleted
L 08/11/2020 - 08:09:02: [weapons.smx] Inactive players' data has been deleted
L 08/11/2020 - 08:25:37: [mapchooser.smx] Voting for next map has started.
L 08/11/2020 - 08:25:46: [mapchooser.smx] Voting for next map has finished. Nextmap: de_mirage.
L 08/11/2020 - 08:28:40: [SM] Changed map to "de_mirage"
L 08/11/2020 - 08:28:42: -------- Mapchange to de_mirage --------
L 08/11/2020 - 08:28:42: [basecommands.smx] "Console<0><Console><Console>" refreshed the admin cache.
L 08/11/2020 - 08:28:42: [basecommands.smx] "Console<0><Console><Console>" changed cvar (cvar "sv_maxrate") (value "128000")
L 08/11/2020 - 08:28:42: [basecommands.smx] "Console<0><Console><Console>" changed cvar (cvar "sv_minrate") (value "128000")
L 08/11/2020 - 08:28:42: [basecommands.smx] "Console<0><Console><Console>" changed cvar (cvar "sv_maxcmdrate") (value "128")
L 08/11/2020 - 08:28:42: [basecommands.smx] "Console<0><Console><Console>" changed cvar (cvar "sv_mincmdrate") (value "128")
L 08/11/2020 - 08:28:42: [basecommands.smx] "Console<0><Console><Console>" changed cvar (cvar "sv_minupdaterate") (value "128")
L 08/11/2020 - 08:28:42: [basecommands.smx] "Console<0><Console><Console>" changed cvar (cvar "sv_maxupdaterate") (value "128")
L 08/11/2020 - 08:28:42: [basecommands.smx] "Console<0><Console><Console>" changed cvar (cvar "sv_maxunlag") (value "0.5")
L 08/11/2020 - 08:28:42: [basecommands.smx] "Console<0><Console><Console>" changed cvar (cvar "sv_unlag") (value "1")
L 08/11/2020 - 08:28:42: [chat-processor.smx] Message formats generated for game 'csgo'.
L 08/11/2020 - 08:28:42: [chat-processor.smx] Successfully hooked a SayText2 chat hook.
L 08/11/2020 - 08:28:44: [weapons.smx] Inactive players' data has been deleted
L 08/11/2020 - 08:45:49: [mapchooser.smx] Voting for next map has started.
L 08/11/2020 - 08:45:58: [mapchooser.smx] Voting for next map has finished. Nextmap: de_nuke.
L 08/11/2020 - 08:48:48: [SM] Changed map to "de_nuke"
L 08/11/2020 - 08:48:53: -------- Mapchange to de_nuke --------
L 08/11/2020 - 08:48:53: [basecommands.smx] "Console<0><Console><Console>" refreshed the admin cache.
L 08/11/2020 - 08:48:53: [basecommands.smx] "Console<0><Console><Console>" changed cvar (cvar "sv_maxrate") (value "128000")
L 08/11/2020 - 08:48:53: [basecommands.smx] "Console<0><Console><Console>" changed cvar (cvar "sv_minrate") (value "128000")
L 08/11/2020 - 08:48:53: [basecommands.smx] "Console<0><Console><Console>" changed cvar (cvar "sv_maxcmdrate") (value "128")
L 08/11/2020 - 08:48:53: [basecommands.smx] "Console<0><Console><Console>" changed cvar (cvar "sv_mincmdrate") (value "128")
L 08/11/2020 - 08:48:53: [basecommands.smx] "Console<0><Console><Console>" changed cvar (cvar "sv_minupdaterate") (value "128")
L 08/11/2020 - 08:48:53: [basecommands.smx] "Console<0><Console><Console>" changed cvar (cvar "sv_maxupdaterate") (value "128")
L 08/11/2020 - 08:48:53: [basecommands.smx] "Console<0><Console><Console>" changed cvar (cvar "sv_maxunlag") (value "0.5")
L 08/11/2020 - 08:48:53: [basecommands.smx] "Console<0><Console><Console>" changed cvar (cvar "sv_unlag") (value "1")
L 08/11/2020 - 08:48:54: [chat-processor.smx] Message formats generated for game 'csgo'.
L 08/11/2020 - 08:48:54: [chat-processor.smx] Successfully hooked a SayText2 chat hook.
L 08/11/2020 - 08:48:55: [weapons.smx] Inactive players' data has been deleted
L 08/11/2020 - 09:05:15: [mapchooser.smx] Voting for next map has started.
L 08/11/2020 - 09:05:21: [mapchooser.smx] Voting for next map has finished. Nextmap: de_vertigo.
L 08/11/2020 - 09:07:54: [SM] Changed map to "de_vertigo"
L 08/11/2020 - 09:07:56: -------- Mapchange to de_vertigo --------
L 08/11/2020 - 09:07:56: [basecommands.smx] "Console<0><Console><Console>" refreshed the admin cache.
L 08/11/2020 - 09:07:56: [basecommands.smx] "Console<0><Console><Console>" changed cvar (cvar "sv_maxrate") (value "128000")
L 08/11/2020 - 09:07:56: [basecommands.smx] "Console<0><Console><Console>" changed cvar (cvar "sv_minrate") (value "128000")
L 08/11/2020 - 09:07:56: [basecommands.smx] "Console<0><Console><Console>" changed cvar (cvar "sv_maxcmdrate") (value "128")
L 08/11/2020 - 09:07:56: [basecommands.smx] "Console<0><Console><Console>" changed cvar (cvar "sv_mincmdrate") (value "128")
L 08/11/2020 - 09:07:56: [basecommands.smx] "Console<0><Console><Console>" changed cvar (cvar "sv_minupdaterate") (value "128")
L 08/11/2020 - 09:07:56: [basecommands.smx] "Console<0><Console><Console>" changed cvar (cvar "sv_maxupdaterate") (value "128")
L 08/11/2020 - 09:07:56: [basecommands.smx] "Console<0><Console><Console>" changed cvar (cvar "sv_maxunlag") (value "0.5")
L 08/11/2020 - 09:07:56: [basecommands.smx] "Console<0><Console><Console>" changed cvar (cvar "sv_unlag") (value "1")
L 08/11/2020 - 09:07:57: [chat-processor.smx] Message formats generated for game 'csgo'.
L 08/11/2020 - 09:07:57: [chat-processor.smx] Successfully hooked a SayText2 chat hook.
L 08/11/2020 - 09:07:58: [weapons.smx] Inactive players' data has been deleted
L 08/11/2020 - 09:16:50: -------- Mapchange to de_vertigo --------
L 08/11/2020 - 09:16:50: [basecommands.smx] "Console<0><Console><Console>" refreshed the admin cache.
L 08/11/2020 - 09:16:50: [basecommands.smx] "Console<0><Console><Console>" changed cvar (cvar "sv_maxrate") (value "128000")
L 08/11/2020 - 09:16:50: [basecommands.smx] "Console<0><Console><Console>" changed cvar (cvar "sv_minrate") (value "128000")
L 08/11/2020 - 09:16:50: [basecommands.smx] "Console<0><Console><Console>" changed cvar (cvar "sv_maxcmdrate") (value "128")
L 08/11/2020 - 09:16:50: [basecommands.smx] "Console<0><Console><Console>" changed cvar (cvar "sv_mincmdrate") (value "128")
L 08/11/2020 - 09:16:50: [basecommands.smx] "Console<0><Console><Console>" changed cvar (cvar "sv_minupdaterate") (value "128")
L 08/11/2020 - 09:16:50: [basecommands.smx] "Console<0><Console><Console>" changed cvar (cvar "sv_maxupdaterate") (value "128")
L 08/11/2020 - 09:16:50: [basecommands.smx] "Console<0><Console><Console>" changed cvar (cvar "sv_maxunlag") (value "0.5")
L 08/11/2020 - 09:16:50: [basecommands.smx] "Console<0><Console><Console>" changed cvar (cvar "sv_unlag") (value "1")
L 08/11/2020 - 09:16:51: [chat-processor.smx] Message formats generated for game 'csgo'.
L 08/11/2020 - 09:16:51: [chat-processor.smx] Successfully hooked a SayText2 chat hook.
L 08/11/2020 - 09:16:51: [weapons.smx] Inactive players' data has been deleted
L 08/11/2020 - 09:55:20: -------- Mapchange to de_vertigo --------
L 08/11/2020 - 09:55:20: [basecommands.smx] "Console<0><Console><Console>" refreshed the admin cache.
L 08/11/2020 - 09:55:20: [basecommands.smx] "Console<0><Console><Console>" changed cvar (cvar "sv_maxrate") (value "128000")
L 08/11/2020 - 09:55:20: [basecommands.smx] "Console<0><Console><Console>" changed cvar (cvar "sv_minrate") (value "128000")
L 08/11/2020 - 09:55:20: [basecommands.smx] "Console<0><Console><Console>" changed cvar (cvar "sv_maxcmdrate") (value "128")
L 08/11/2020 - 09:55:20: [basecommands.smx] "Console<0><Console><Console>" changed cvar (cvar "sv_mincmdrate") (value "128")
L 08/11/2020 - 09:55:20: [basecommands.smx] "Console<0><Console><Console>" changed cvar (cvar "sv_minupdaterate") (value "128")
L 08/11/2020 - 09:55:20: [basecommands.smx] "Console<0><Console><Console>" changed cvar (cvar "sv_maxupdaterate") (value "128")
L 08/11/2020 - 09:55:20: [basecommands.smx] "Console<0><Console><Console>" changed cvar (cvar "sv_maxunlag") (value "0.5")
L 08/11/2020 - 09:55:20: [basecommands.smx] "Console<0><Console><Console>" changed cvar (cvar "sv_unlag") (value "1")
L 08/11/2020 - 09:55:21: [chat-processor.smx] Message formats generated for game 'csgo'.
L 08/11/2020 - 09:55:21: [chat-processor.smx] Successfully hooked a SayText2 chat hook.
L 08/11/2020 - 09:55:21: [weapons.smx] Inactive players' data has been deleted
L 08/11/2020 - 11:11:48: -------- Mapchange to de_vertigo --------
L 08/11/2020 - 11:11:48: [basecommands.smx] "Console<0><Console><Console>" refreshed the admin cache.
L 08/11/2020 - 11:11:48: [basecommands.smx] "Console<0><Console><Console>" changed cvar (cvar "sv_maxrate") (value "128000")
L 08/11/2020 - 11:11:48: [basecommands.smx] "Console<0><Console><Console>" changed cvar (cvar "sv_minrate") (value "128000")
L 08/11/2020 - 11:11:48: [basecommands.smx] "Console<0><Console><Console>" changed cvar (cvar "sv_maxcmdrate") (value "128")
L 08/11/2020 - 11:11:48: [basecommands.smx] "Console<0><Console><Console>" changed cvar (cvar "sv_mincmdrate") (value "128")
L 08/11/2020 - 11:11:48: [basecommands.smx] "Console<0><Console><Console>" changed cvar (cvar "sv_minupdaterate") (value "128")
L 08/11/2020 - 11:11:48: [basecommands.smx] "Console<0><Console><Console>" changed cvar (cvar "sv_maxupdaterate") (value "128")
L 08/11/2020 - 11:11:48: [basecommands.smx] "Console<0><Console><Console>" changed cvar (cvar "sv_maxunlag") (value "0.5")
L 08/11/2020 - 11:11:48: [basecommands.smx] "Console<0><Console><Console>" changed cvar (cvar "sv_unlag") (value "1")
L 08/11/2020 - 11:11:49: [chat-processor.smx] Message formats generated for game 'csgo'.
L 08/11/2020 - 11:11:49: [chat-processor.smx] Successfully hooked a SayText2 chat hook.
L 08/11/2020 - 11:11:49: [weapons.smx] Inactive players' data has been deleted
L 08/11/2020 - 11:37:52: -------- Mapchange to de_vertigo --------
L 08/11/2020 - 11:37:52: [basecommands.smx] "Console<0><Console><Console>" refreshed the admin cache.
L 08/11/2020 - 11:37:52: [basecommands.smx] "Console<0><Console><Console>" changed cvar (cvar "sv_maxrate") (value "128000")
L 08/11/2020 - 11:37:52: [basecommands.smx] "Console<0><Console><Console>" changed cvar (cvar "sv_minrate") (value "128000")
L 08/11/2020 - 11:37:52: [basecommands.smx] "Console<0><Console><Console>" changed cvar (cvar "sv_maxcmdrate") (value "128")
L 08/11/2020 - 11:37:52: [basecommands.smx] "Console<0><Console><Console>" changed cvar (cvar "sv_mincmdrate") (value "128")
L 08/11/2020 - 11:37:52: [basecommands.smx] "Console<0><Console><Console>" changed cvar (cvar "sv_minupdaterate") (value "128")
L 08/11/2020 - 11:37:52: [basecommands.smx] "Console<0><Console><Console>" changed cvar (cvar "sv_maxupdaterate") (value "128")
L 08/11/2020 - 11:37:52: [basecommands.smx] "Console<0><Console><Console>" changed cvar (cvar "sv_maxunlag") (value "0.5")
L 08/11/2020 - 11:37:52: [basecommands.smx] "Console<0><Console><Console>" changed cvar (cvar "sv_unlag") (value "1")
L 08/11/2020 - 11:37:53: [chat-processor.smx] Message formats generated for game 'csgo'.
L 08/11/2020 - 11:37:53: [chat-processor.smx] Successfully hooked a SayText2 chat hook.
L 08/11/2020 - 11:37:53: [weapons.smx] Inactive players' data has been deleted
L 08/11/2020 - 12:18:41: -------- Mapchange to de_vertigo --------
L 08/11/2020 - 12:18:41: [basecommands.smx] "Console<0><Console><Console>" refreshed the admin cache.
L 08/11/2020 - 12:18:41: [basecommands.smx] "Console<0><Console><Console>" changed cvar (cvar "sv_maxrate") (value "128000")
L 08/11/2020 - 12:18:41: [basecommands.smx] "Console<0><Console><Console>" changed cvar (cvar "sv_minrate") (value "128000")
L 08/11/2020 - 12:18:41: [basecommands.smx] "Console<0><Console><Console>" changed cvar (cvar "sv_maxcmdrate") (value "128")
L 08/11/2020 - 12:18:41: [basecommands.smx] "Console<0><Console><Console>" changed cvar (cvar "sv_mincmdrate") (value "128")
L 08/11/2020 - 12:18:41: [basecommands.smx] "Console<0><Console><Console>" changed cvar (cvar "sv_minupdaterate") (value "128")
L 08/11/2020 - 12:18:41: [basecommands.smx] "Console<0><Console><Console>" changed cvar (cvar "sv_maxupdaterate") (value "128")
L 08/11/2020 - 12:18:41: [basecommands.smx] "Console<0><Console><Console>" changed cvar (cvar "sv_maxunlag") (value "0.5")
L 08/11/2020 - 12:18:41: [basecommands.smx] "Console<0><Console><Console>" changed cvar (cvar "sv_unlag") (value "1")
L 08/11/2020 - 12:18:42: [chat-processor.smx] Message formats generated for game 'csgo'.
L 08/11/2020 - 12:18:42: [chat-processor.smx] Successfully hooked a SayText2 chat hook.
L 08/11/2020 - 12:18:42: [weapons.smx] Inactive players' data has been deleted
L 08/11/2020 - 12:31:09: [mapchooser.smx] Voting for next map has started.
L 08/11/2020 - 12:31:12: [mapchooser.smx] Voting for next map has finished. Nextmap: de_inferno.
L 08/11/2020 - 12:33:02: [SM] Changed map to "de_inferno"
L 08/11/2020 - 12:33:05: -------- Mapchange to de_inferno --------
L 08/11/2020 - 12:33:05: [basecommands.smx] "Console<0><Console><Console>" refreshed the admin cache.
L 08/11/2020 - 12:33:05: [basecommands.smx] "Console<0><Console><Console>" changed cvar (cvar "sv_maxrate") (value "128000")
L 08/11/2020 - 12:33:05: [basecommands.smx] "Console<0><Console><Console>" changed cvar (cvar "sv_minrate") (value "128000")
L 08/11/2020 - 12:33:05: [basecommands.smx] "Console<0><Console><Console>" changed cvar (cvar "sv_maxcmdrate") (value "128")
L 08/11/2020 - 12:33:05: [basecommands.smx] "Console<0><Console><Console>" changed cvar (cvar "sv_mincmdrate") (value "128")
L 08/11/2020 - 12:33:05: [basecommands.smx] "Console<0><Console><Console>" changed cvar (cvar "sv_minupdaterate") (value "128")
L 08/11/2020 - 12:33:05: [basecommands.smx] "Console<0><Console><Console>" changed cvar (cvar "sv_maxupdaterate") (value "128")
L 08/11/2020 - 12:33:05: [basecommands.smx] "Console<0><Console><Console>" changed cvar (cvar "sv_maxunlag") (value "0.5")
L 08/11/2020 - 12:33:05: [basecommands.smx] "Console<0><Console><Console>" changed cvar (cvar "sv_unlag") (value "1")
L 08/11/2020 - 12:33:06: [chat-processor.smx] Message formats generated for game 'csgo'.
L 08/11/2020 - 12:33:06: [chat-processor.smx] Successfully hooked a SayText2 chat hook.
L 08/11/2020 - 12:33:06: [weapons.smx] Inactive players' data has been deleted
L 08/11/2020 - 12:48:26: [mapchooser.smx] Voting for next map has started.
L 08/11/2020 - 12:48:47: [mapchooser.smx] Voting for next map has finished. Nextmap: de_mirage.
L 08/11/2020 - 12:50:52: [SM] Changed map to "de_mirage"
L 08/11/2020 - 12:50:53: -------- Mapchange to de_mirage --------
L 08/11/2020 - 12:50:53: [basecommands.smx] "Console<0><Console><Console>" refreshed the admin cache.
L 08/11/2020 - 12:50:53: [basecommands.smx] "Console<0><Console><Console>" changed cvar (cvar "sv_maxrate") (value "128000")
L 08/11/2020 - 12:50:53: [basecommands.smx] "Console<0><Console><Console>" changed cvar (cvar "sv_minrate") (value "128000")
L 08/11/2020 - 12:50:53: [basecommands.smx] "Console<0><Console><Console>" changed cvar (cvar "sv_maxcmdrate") (value "128")
L 08/11/2020 - 12:50:53: [basecommands.smx] "Console<0><Console><Console>" changed cvar (cvar "sv_mincmdrate") (value "128")
L 08/11/2020 - 12:50:53: [basecommands.smx] "Console<0><Console><Console>" changed cvar (cvar "sv_minupdaterate") (value "128")
L 08/11/2020 - 12:50:53: [basecommands.smx] "Console<0><Console><Console>" changed cvar (cvar "sv_maxupdaterate") (value "128")
L 08/11/2020 - 12:50:53: [basecommands.smx] "Console<0><Console><Console>" changed cvar (cvar "sv_maxunlag") (value "0.5")
L 08/11/2020 - 12:50:53: [basecommands.smx] "Console<0><Console><Console>" changed cvar (cvar "sv_unlag") (value "1")
L 08/11/2020 - 12:50:54: [chat-processor.smx] Message formats generated for game 'csgo'.
L 08/11/2020 - 12:50:54: [chat-processor.smx] Successfully hooked a SayText2 chat hook.
L 08/11/2020 - 12:50:55: [weapons.smx] Inactive players' data has been deleted
L 08/11/2020 - 13:08:13: [mapchooser.smx] Voting for next map has started.
L 08/11/2020 - 13:08:22: [mapchooser.smx] Voting for next map has finished. Nextmap: de_nuke.
L 08/11/2020 - 13:10:45: [SM] Changed map to "de_nuke"
L 08/11/2020 - 13:10:47: -------- Mapchange to de_nuke --------
L 08/11/2020 - 13:10:48: [basecommands.smx] "Console<0><Console><Console>" refreshed the admin cache.
L 08/11/2020 - 13:10:48: [basecommands.smx] "Console<0><Console><Console>" changed cvar (cvar "sv_maxrate") (value "128000")
L 08/11/2020 - 13:10:48: [basecommands.smx] "Console<0><Console><Console>" changed cvar (cvar "sv_minrate") (value "128000")
L 08/11/2020 - 13:10:48: [basecommands.smx] "Console<0><Console><Console>" changed cvar (cvar "sv_maxcmdrate") (value "128")
L 08/11/2020 - 13:10:48: [basecommands.smx] "Console<0><Console><Console>" changed cvar (cvar "sv_mincmdrate") (value "128")
L 08/11/2020 - 13:10:48: [basecommands.smx] "Console<0><Console><Console>" changed cvar (cvar "sv_minupdaterate") (value "128")
L 08/11/2020 - 13:10:48: [basecommands.smx] "Console<0><Console><Console>" changed cvar (cvar "sv_maxupdaterate") (value "128")
L 08/11/2020 - 13:10:48: [basecommands.smx] "Console<0><Console><Console>" changed cvar (cvar "sv_maxunlag") (value "0.5")
L 08/11/2020 - 13:10:48: [basecommands.smx] "Console<0><Console><Console>" changed cvar (cvar "sv_unlag") (value "1")
L 08/11/2020 - 13:10:48: [chat-processor.smx] Message formats generated for game 'csgo'.
L 08/11/2020 - 13:10:48: [chat-processor.smx] Successfully hooked a SayText2 chat hook.
L 08/11/2020 - 13:10:50: [weapons.smx] Inactive players' data has been deleted
L 08/11/2020 - 13:18:17: [funcommands.smx] "Ridic<41><STEAM_1:1:101827481><>" drugged "Proplex{LFP}☁<42><STEAM_1:1:454711259><>"
L 08/11/2020 - 13:26:43: [mapchooser.smx] Voting for next map has started.
L 08/11/2020 - 13:27:04: [mapchooser.smx] Voting for next map has finished. Nextmap: de_dust2.
L 08/11/2020 - 13:29:27: [playercommands.smx] "Ridic<41><STEAM_1:1:101827481><>" slapped "im2werty4u<46><STEAM_1:1:444405954><>" (damage "0")
L 08/11/2020 - 13:29:27: [playercommands.smx] "Ridic<41><STEAM_1:1:101827481><>" slapped "im2werty4u<46><STEAM_1:1:444405954><>" (damage "0")
L 08/11/2020 - 13:29:27: [playercommands.smx] "Ridic<41><STEAM_1:1:101827481><>" slapped "im2werty4u<46><STEAM_1:1:444405954><>" (damage "0")
L 08/11/2020 - 13:29:27: [playercommands.smx] "Ridic<41><STEAM_1:1:101827481><>" slapped "im2werty4u<46><STEAM_1:1:444405954><>" (damage "0")
L 08/11/2020 - 13:29:27: [playercommands.smx] "Ridic<41><STEAM_1:1:101827481><>" slapped "im2werty4u<46><STEAM_1:1:444405954><>" (damage "0")
L 08/11/2020 - 13:29:27: [playercommands.smx] "Ridic<41><STEAM_1:1:101827481><>" slapped "im2werty4u<46><STEAM_1:1:444405954><>" (damage "0")
L 08/11/2020 - 13:29:28: [playercommands.smx] "Ridic<41><STEAM_1:1:101827481><>" slapped "im2werty4u<46><STEAM_1:1:444405954><>" (damage "0")
L 08/11/2020 - 13:29:28: [playercommands.smx] "Ridic<41><STEAM_1:1:101827481><>" slapped "im2werty4u<46><STEAM_1:1:444405954><>" (damage "0")
L 08/11/2020 - 13:29:28: [playercommands.smx] "Ridic<41><STEAM_1:1:101827481><>" slapped "im2werty4u<46><STEAM_1:1:444405954><>" (damage "0")
L 08/11/2020 - 13:29:28: [playercommands.smx] "Ridic<41><STEAM_1:1:101827481><>" slapped "im2werty4u<46><STEAM_1:1:444405954><>" (damage "0")
L 08/11/2020 - 13:29:28: [playercommands.smx] "Ridic<41><STEAM_1:1:101827481><>" slapped "im2werty4u<46><STEAM_1:1:444405954><>" (damage "0")
L 08/11/2020 - 13:29:28: [playercommands.smx] "Ridic<41><STEAM_1:1:101827481><>" slapped "im2werty4u<46><STEAM_1:1:444405954><>" (damage "0")
L 08/11/2020 - 13:29:28: [playercommands.smx] "Ridic<41><STEAM_1:1:101827481><>" slapped "im2werty4u<46><STEAM_1:1:444405954><>" (damage "0")
L 08/11/2020 - 13:29:28: [playercommands.smx] "Ridic<41><STEAM_1:1:101827481><>" slapped "im2werty4u<46><STEAM_1:1:444405954><>" (damage "0")
L 08/11/2020 - 13:29:29: [playercommands.smx] "Ridic<41><STEAM_1:1:101827481><>" slapped "im2werty4u<46><STEAM_1:1:444405954><>" (damage "0")
L 08/11/2020 - 13:29:29: [playercommands.smx] "Ridic<41><STEAM_1:1:101827481><>" slapped "im2werty4u<46><STEAM_1:1:444405954><>" (damage "0")
L 08/11/2020 - 13:30:05: [SM] Changed map to "de_dust2"
L 08/11/2020 - 13:30:08: -------- Mapchange to de_dust2 --------
L 08/11/2020 - 13:30:09: [basecommands.smx] "Console<0><Console><Console>" refreshed the admin cache.
L 08/11/2020 - 13:30:09: [basecommands.smx] "Console<0><Console><Console>" changed cvar (cvar "sv_maxrate") (value "128000")
L 08/11/2020 - 13:30:09: [basecommands.smx] "Console<0><Console><Console>" changed cvar (cvar "sv_minrate") (value "128000")
L 08/11/2020 - 13:30:09: [basecommands.smx] "Console<0><Console><Console>" changed cvar (cvar "sv_maxcmdrate") (value "128")
L 08/11/2020 - 13:30:09: [basecommands.smx] "Console<0><Console><Console>" changed cvar (cvar "sv_mincmdrate") (value "128")
L 08/11/2020 - 13:30:09: [basecommands.smx] "Console<0><Console><Console>" changed cvar (cvar "sv_minupdaterate") (value "128")
L 08/11/2020 - 13:30:09: [basecommands.smx] "Console<0><Console><Console>" changed cvar (cvar "sv_maxupdaterate") (value "128")
L 08/11/2020 - 13:30:09: [basecommands.smx] "Console<0><Console><Console>" changed cvar (cvar "sv_maxunlag") (value "0.5")
L 08/11/2020 - 13:30:09: [basecommands.smx] "Console<0><Console><Console>" changed cvar (cvar "sv_unlag") (value "1")
L 08/11/2020 - 13:30:09: [chat-processor.smx] Message formats generated for game 'csgo'.
L 08/11/2020 - 13:30:09: [chat-processor.smx] Successfully hooked a SayText2 chat hook.
L 08/11/2020 - 13:30:10: [weapons.smx] Inactive players' data has been deleted
L 08/11/2020 - 13:45:11: [mapchooser.smx] Voting for next map has started.
L 08/11/2020 - 13:45:14: [mapchooser.smx] Voting for next map has finished. Nextmap: de_train.
L 08/11/2020 - 13:47:00: [SM] Changed map to "de_train"
L 08/11/2020 - 13:47:03: -------- Mapchange to de_train --------
L 08/11/2020 - 13:47:03: [basecommands.smx] "Console<0><Console><Console>" refreshed the admin cache.
L 08/11/2020 - 13:47:03: [basecommands.smx] "Console<0><Console><Console>" changed cvar (cvar "sv_maxrate") (value "128000")
L 08/11/2020 - 13:47:03: [basecommands.smx] "Console<0><Console><Console>" changed cvar (cvar "sv_minrate") (value "128000")
L 08/11/2020 - 13:47:03: [basecommands.smx] "Console<0><Console><Console>" changed cvar (cvar "sv_maxcmdrate") (value "128")
L 08/11/2020 - 13:47:03: [basecommands.smx] "Console<0><Console><Console>" changed cvar (cvar "sv_mincmdrate") (value "128")
L 08/11/2020 - 13:47:03: [basecommands.smx] "Console<0><Console><Console>" changed cvar (cvar "sv_minupdaterate") (value "128")
L 08/11/2020 - 13:47:03: [basecommands.smx] "Console<0><Console><Console>" changed cvar (cvar "sv_maxupdaterate") (value "128")
L 08/11/2020 - 13:47:03: [basecommands.smx] "Console<0><Console><Console>" changed cvar (cvar "sv_maxunlag") (value "0.5")
L 08/11/2020 - 13:47:03: [basecommands.smx] "Console<0><Console><Console>" changed cvar (cvar "sv_unlag") (value "1")
L 08/11/2020 - 13:47:04: [chat-processor.smx] Message formats generated for game 'csgo'.
L 08/11/2020 - 13:47:04: [chat-processor.smx] Successfully hooked a SayText2 chat hook.
L 08/11/2020 - 13:47:05: [weapons.smx] Inactive players' data has been deleted
L 08/11/2020 - 13:57:39: [mapchooser.smx] Starting map vote because outside request
L 08/11/2020 - 13:57:39: [mapchooser.smx] Voting for next map has started.
L 08/11/2020 - 13:57:46: [mapchooser.smx] Voting for next map has finished. Nextmap: de_cache.
L 08/11/2020 - 13:57:48: [SM] Changed map to "de_cache"
L 08/11/2020 - 13:57:55: -------- Mapchange to de_cache --------
L 08/11/2020 - 13:57:55: [basecommands.smx] "Console<0><Console><Console>" refreshed the admin cache.
L 08/11/2020 - 13:57:55: [basecommands.smx] "Console<0><Console><Console>" changed cvar (cvar "sv_maxrate") (value "128000")
L 08/11/2020 - 13:57:55: [basecommands.smx] "Console<0><Console><Console>" changed cvar (cvar "sv_minrate") (value "128000")
L 08/11/2020 - 13:57:55: [basecommands.smx] "Console<0><Console><Console>" changed cvar (cvar "sv_maxcmdrate") (value "128")
L 08/11/2020 - 13:57:55: [basecommands.smx] "Console<0><Console><Console>" changed cvar (cvar "sv_mincmdrate") (value "128")
L 08/11/2020 - 13:57:55: [basecommands.smx] "Console<0><Console><Console>" changed cvar (cvar "sv_minupdaterate") (value "128")
L 08/11/2020 - 13:57:55: [basecommands.smx] "Console<0><Console><Console>" changed cvar (cvar "sv_maxupdaterate") (value "128")
L 08/11/2020 - 13:57:55: [basecommands.smx] "Console<0><Console><Console>" changed cvar (cvar "sv_maxunlag") (value "0.5")
L 08/11/2020 - 13:57:55: [basecommands.smx] "Console<0><Console><Console>" changed cvar (cvar "sv_unlag") (value "1")
L 08/11/2020 - 13:57:56: [chat-processor.smx] Message formats generated for game 'csgo'.
L 08/11/2020 - 13:57:56: [chat-processor.smx] Successfully hooked a SayText2 chat hook.
L 08/11/2020 - 13:57:57: [weapons.smx] Inactive players' data has been deleted
L 08/11/2020 - 14:08:11: [playercommands.smx] "Ridic<41><STEAM_1:1:101827481><>" slapped "Proplex{LFP}☁<42><STEAM_1:1:454711259><>" (damage "0")
L 08/11/2020 - 14:08:11: [playercommands.smx] "Ridic<41><STEAM_1:1:101827481><>" slapped "Proplex{LFP}☁<42><STEAM_1:1:454711259><>" (damage "0")
L 08/11/2020 - 14:08:11: [playercommands.smx] "Ridic<41><STEAM_1:1:101827481><>" slapped "Proplex{LFP}☁<42><STEAM_1:1:454711259><>" (damage "0")
L 08/11/2020 - 14:08:11: [playercommands.smx] "Ridic<41><STEAM_1:1:101827481><>" slapped "Proplex{LFP}☁<42><STEAM_1:1:454711259><>" (damage "0")
L 08/11/2020 - 14:08:12: [playercommands.smx] "Ridic<41><STEAM_1:1:101827481><>" slapped "Proplex{LFP}☁<42><STEAM_1:1:454711259><>" (damage "0")
L 08/11/2020 - 14:08:12: [playercommands.smx] "Ridic<41><STEAM_1:1:101827481><>" slapped "Proplex{LFP}☁<42><STEAM_1:1:454711259><>" (damage "0")
L 08/11/2020 - 14:08:12: [playercommands.smx] "Ridic<41><STEAM_1:1:101827481><>" slapped "Proplex{LFP}☁<42><STEAM_1:1:454711259><>" (damage "0")
L 08/11/2020 - 14:11:41: [mapchooser.smx] Voting for next map has started.
L 08/11/2020 - 14:11:48: [mapchooser.smx] Voting for next map has finished. Nextmap: de_vertigo.
L 08/11/2020 - 14:13:41: [SM] Changed map to "de_vertigo"
L 08/11/2020 - 14:13:42: -------- Mapchange to de_vertigo --------
L 08/11/2020 - 14:13:42: [basecommands.smx] "Console<0><Console><Console>" refreshed the admin cache.
L 08/11/2020 - 14:13:42: [basecommands.smx] "Console<0><Console><Console>" changed cvar (cvar "sv_maxrate") (value "128000")
L 08/11/2020 - 14:13:42: [basecommands.smx] "Console<0><Console><Console>" changed cvar (cvar "sv_minrate") (value "128000")
L 08/11/2020 - 14:13:42: [basecommands.smx] "Console<0><Console><Console>" changed cvar (cvar "sv_maxcmdrate") (value "128")
L 08/11/2020 - 14:13:42: [basecommands.smx] "Console<0><Console><Console>" changed cvar (cvar "sv_mincmdrate") (value "128")
L 08/11/2020 - 14:13:42: [basecommands.smx] "Console<0><Console><Console>" changed cvar (cvar "sv_minupdaterate") (value "128")
L 08/11/2020 - 14:13:42: [basecommands.smx] "Console<0><Console><Console>" changed cvar (cvar "sv_maxupdaterate") (value "128")
L 08/11/2020 - 14:13:42: [basecommands.smx] "Console<0><Console><Console>" changed cvar (cvar "sv_maxunlag") (value "0.5")
L 08/11/2020 - 14:13:42: [basecommands.smx] "Console<0><Console><Console>" changed cvar (cvar "sv_unlag") (value "1")
L 08/11/2020 - 14:13:43: [chat-processor.smx] Message formats generated for game 'csgo'.
L 08/11/2020 - 14:13:43: [chat-processor.smx] Successfully hooked a SayText2 chat hook.
L 08/11/2020 - 14:13:44: [weapons.smx] Inactive players' data has been deleted
L 08/11/2020 - 14:29:55: [mapchooser.smx] Voting for next map has started.
L 08/11/2020 - 14:30:15: [mapchooser.smx] Voting for next map has finished. Nextmap: de_inferno.
L 08/11/2020 - 14:32:22: [SM] Changed map to "de_inferno"
L 08/11/2020 - 14:32:23: -------- Mapchange to de_inferno --------
L 08/11/2020 - 14:32:23: [basecommands.smx] "Console<0><Console><Console>" refreshed the admin cache.
L 08/11/2020 - 14:32:23: [basecommands.smx] "Console<0><Console><Console>" changed cvar (cvar "sv_maxrate") (value "128000")
L 08/11/2020 - 14:32:23: [basecommands.smx] "Console<0><Console><Console>" changed cvar (cvar "sv_minrate") (value "128000")
L 08/11/2020 - 14:32:23: [basecommands.smx] "Console<0><Console><Console>" changed cvar (cvar "sv_maxcmdrate") (value "128")
L 08/11/2020 - 14:32:23: [basecommands.smx] "Console<0><Console><Console>" changed cvar (cvar "sv_mincmdrate") (value "128")
L 08/11/2020 - 14:32:23: [basecommands.smx] "Console<0><Console><Console>" changed cvar (cvar "sv_minupdaterate") (value "128")
L 08/11/2020 - 14:32:23: [basecommands.smx] "Console<0><Console><Console>" changed cvar (cvar "sv_maxupdaterate") (value "128")
L 08/11/2020 - 14:32:23: [basecommands.smx] "Console<0><Console><Console>" changed cvar (cvar "sv_maxunlag") (value "0.5")
L 08/11/2020 - 14:32:23: [basecommands.smx] "Console<0><Console><Console>" changed cvar (cvar "sv_unlag") (value "1")
L 08/11/2020 - 14:32:24: [chat-processor.smx] Message formats generated for game 'csgo'.
L 08/11/2020 - 14:32:24: [chat-processor.smx] Successfully hooked a SayText2 chat hook.
L 08/11/2020 - 14:32:25: [weapons.smx] Inactive players' data has been deleted
L 08/11/2020 - 14:51:15: [mapchooser.smx] Voting for next map has started.
L 08/11/2020 - 14:51:20: [mapchooser.smx] Voting for next map has finished. Nextmap: de_mirage.
L 08/11/2020 - 14:54:30: [rockthevote.smx] RTV changing map manually
L 08/11/2020 - 14:54:30: [SM] Changed map to "de_mirage"
L 08/11/2020 - 14:54:31: -------- Mapchange to de_mirage --------
L 08/11/2020 - 14:54:31: [basecommands.smx] "Console<0><Console><Console>" refreshed the admin cache.
L 08/11/2020 - 14:54:31: [basecommands.smx] "Console<0><Console><Console>" changed cvar (cvar "sv_maxrate") (value "128000")
L 08/11/2020 - 14:54:31: [basecommands.smx] "Console<0><Console><Console>" changed cvar (cvar "sv_minrate") (value "128000")
L 08/11/2020 - 14:54:31: [basecommands.smx] "Console<0><Console><Console>" changed cvar (cvar "sv_maxcmdrate") (value "128")
L 08/11/2020 - 14:54:31: [basecommands.smx] "Console<0><Console><Console>" changed cvar (cvar "sv_mincmdrate") (value "128")
L 08/11/2020 - 14:54:31: [basecommands.smx] "Console<0><Console><Console>" changed cvar (cvar "sv_minupdaterate") (value "128")
L 08/11/2020 - 14:54:31: [basecommands.smx] "Console<0><Console><Console>" changed cvar (cvar "sv_maxupdaterate") (value "128")
L 08/11/2020 - 14:54:31: [basecommands.smx] "Console<0><Console><Console>" changed cvar (cvar "sv_maxunlag") (value "0.5")
L 08/11/2020 - 14:54:31: [basecommands.smx] "Console<0><Console><Console>" changed cvar (cvar "sv_unlag") (value "1")
L 08/11/2020 - 14:54:31: [chat-processor.smx] Message formats generated for game 'csgo'.
L 08/11/2020 - 14:54:31: [chat-processor.smx] Successfully hooked a SayText2 chat hook.
L 08/11/2020 - 14:54:34: [weapons.smx] Inactive players' data has been deleted
L 08/11/2020 - 15:19:59: SourceMod log file session started (file "C:\TCAFiles\Users\jeanv\438\csgo\addons\sourcemod\logs\L20200811.log") (Version "1.10.0.6488")
L 08/11/2020 - 15:19:59: [GEOIP] GeoIP database info: GEO-106FREE 20180327 Build 1 Copyright (c) 2018 MaxMind Inc All Rights Reserved
L 08/11/2020 - 15:19:59: [afk_manager4.smx] [AFK Manager] Log File: addons\sourcemod\logs\afkm_20200811.log
L 08/11/2020 - 15:19:59: [afk_manager4.smx] [AFK Manager] Detected Mod Counter-Strike: Global Offensive
L 08/11/2020 - 15:20:29: [chat-processor.smx] Message formats generated for game 'csgo'.
L 08/11/2020 - 15:20:29: [chat-processor.smx] Successfully hooked a SayText2 chat hook.
L 08/11/2020 - 15:20:33: -------- Mapchange to de_dust2 --------
L 08/11/2020 - 15:20:33: [basecommands.smx] "Console<0><Console><Console>" refreshed the admin cache.
L 08/11/2020 - 15:20:33: [basecommands.smx] "Console<0><Console><Console>" changed cvar (cvar "sv_maxrate") (value "128000")
L 08/11/2020 - 15:20:33: [basecommands.smx] "Console<0><Console><Console>" changed cvar (cvar "sv_minrate") (value "128000")
L 08/11/2020 - 15:20:33: [basecommands.smx] "Console<0><Console><Console>" changed cvar (cvar "sv_maxcmdrate") (value "128")
L 08/11/2020 - 15:20:33: [basecommands.smx] "Console<0><Console><Console>" changed cvar (cvar "sv_mincmdrate") (value "128")
L 08/11/2020 - 15:20:33: [basecommands.smx] "Console<0><Console><Console>" changed cvar (cvar "sv_minupdaterate") (value "128")
L 08/11/2020 - 15:20:33: [basecommands.smx] "Console<0><Console><Console>" changed cvar (cvar "sv_maxupdaterate") (value "128")
L 08/11/2020 - 15:20:33: [basecommands.smx] "Console<0><Console><Console>" changed cvar (cvar "sv_maxunlag") (value "0.5")
L 08/11/2020 - 15:20:33: [basecommands.smx] "Console<0><Console><Console>" changed cvar (cvar "sv_unlag") (value "1")
L 08/11/2020 - 15:20:34: [chat-processor.smx] Message formats generated for game 'csgo'.
L 08/11/2020 - 15:20:34: [chat-processor.smx] Successfully hooked a SayText2 chat hook.
L 08/11/2020 - 15:20:34: [weapons.smx] SQLite DB connection successful
L 08/11/2020 - 15:20:35: [weapons.smx] Inactive players' data has been deleted
L 08/11/2020 - 15:20:35: [weapons.smx] SQLite DB connection successful
L 08/11/2020 - 15:20:35: [weapons.smx] SQLite DB connection successful
L 08/11/2020 - 15:20:35: [weapons.smx] Inactive players' data has been deleted
L 08/11/2020 - 15:20:35: [weapons.smx] Inactive players' data has been deleted
L 08/11/2020 - 15:37:16: [mapchooser.smx] Voting for next map has started.
L 08/11/2020 - 15:37:37: [mapchooser.smx] Voting for next map has finished. Nextmap: de_mirage.
L 08/11/2020 - 15:39:35: [basecommands.smx] "Jeannas<5><STEAM_1:1:207044536><>" kicked "RIDGBAK_za ʸᵒᵘᵗᵘᵇᵉ<8><STEAM_1:0:177802797><>" (reason "")
L 08/11/2020 - 15:40:40: [SM] Changed map to "de_mirage"
L 08/11/2020 - 15:40:41: -------- Mapchange to de_mirage --------
L 08/11/2020 - 15:40:41: [basecommands.smx] "Console<0><Console><Console>" refreshed the admin cache.
L 08/11/2020 - 15:40:41: [basecommands.smx] "Console<0><Console><Console>" changed cvar (cvar "sv_maxrate") (value "128000")
L 08/11/2020 - 15:40:41: [basecommands.smx] "Console<0><Console><Console>" changed cvar (cvar "sv_minrate") (value "128000")
L 08/11/2020 - 15:40:41: [basecommands.smx] "Console<0><Console><Console>" changed cvar (cvar "sv_maxcmdrate") (value "128")
L 08/11/2020 - 15:40:41: [basecommands.smx] "Console<0><Console><Console>" changed cvar (cvar "sv_mincmdrate") (value "128")
L 08/11/2020 - 15:40:41: [basecommands.smx] "Console<0><Console><Console>" changed cvar (cvar "sv_minupdaterate") (value "128")
L 08/11/2020 - 15:40:41: [basecommands.smx] "Console<0><Console><Console>" changed cvar (cvar "sv_maxupdaterate") (value "128")
L 08/11/2020 - 15:40:41: [basecommands.smx] "Console<0><Console><Console>" changed cvar (cvar "sv_maxunlag") (value "0.5")
L 08/11/2020 - 15:40:41: [basecommands.smx] "Console<0><Console><Console>" changed cvar (cvar "sv_unlag") (value "1")
L 08/11/2020 - 15:40:42: [chat-processor.smx] Message formats generated for game 'csgo'.
L 08/11/2020 - 15:40:42: [chat-processor.smx] Successfully hooked a SayText2 chat hook.
L 08/11/2020 - 15:40:43: [weapons.smx] Inactive players' data has been deleted
L 08/11/2020 - 15:58:25: [mapchooser.smx] Voting for next map has started.
L 08/11/2020 - 15:58:46: [mapchooser.smx] Voting for next map has finished. Nextmap: de_inferno.
L 08/11/2020 - 16:02:32: [SM] Changed map to "de_inferno"
L 08/11/2020 - 16:02:34: -------- Mapchange to de_inferno --------
L 08/11/2020 - 16:02:34: [basecommands.smx] "Console<0><Console><Console>" refreshed the admin cache.
L 08/11/2020 - 16:02:34: [basecommands.smx] "Console<0><Console><Console>" changed cvar (cvar "sv_maxrate") (value "128000")
L 08/11/2020 - 16:02:34: [basecommands.smx] "Console<0><Console><Console>" changed cvar (cvar "sv_minrate") (value "128000")
L 08/11/2020 - 16:02:34: [basecommands.smx] "Console<0><Console><Console>" changed cvar (cvar "sv_maxcmdrate") (value "128")
L 08/11/2020 - 16:02:34: [basecommands.smx] "Console<0><Console><Console>" changed cvar (cvar "sv_mincmdrate") (value "128")
L 08/11/2020 - 16:02:34: [basecommands.smx] "Console<0><Console><Console>" changed cvar (cvar "sv_minupdaterate") (value "128")
L 08/11/2020 - 16:02:34: [basecommands.smx] "Console<0><Console><Console>" changed cvar (cvar "sv_maxupdaterate") (value "128")
L 08/11/2020 - 16:02:34: [basecommands.smx] "Console<0><Console><Console>" changed cvar (cvar "sv_maxunlag") (value "0.5")
L 08/11/2020 - 16:02:34: [basecommands.smx] "Console<0><Console><Console>" changed cvar (cvar "sv_unlag") (value "1")
L 08/11/2020 - 16:02:35: [chat-processor.smx] Message formats generated for game 'csgo'.
L 08/11/2020 - 16:02:35: [chat-processor.smx] Successfully hooked a SayText2 chat hook.
L 08/11/2020 - 16:02:35: [weapons.smx] Inactive players' data has been deleted
L 08/11/2020 - 16:19:16: [mapchooser.smx] Voting for next map has started.
L 08/11/2020 - 16:19:22: [mapchooser.smx] Voting for next map has finished. Nextmap: de_train.
L 08/11/2020 - 16:21:46: [SM] Changed map to "de_train"
L 08/11/2020 - 16:21:47: -------- Mapchange to de_train --------
L 08/11/2020 - 16:21:48: [basecommands.smx] "Console<0><Console><Console>" refreshed the admin cache.
L 08/11/2020 - 16:21:48: [basecommands.smx] "Console<0><Console><Console>" changed cvar (cvar "sv_maxrate") (value "128000")
L 08/11/2020 - 16:21:48: [basecommands.smx] "Console<0><Console><Console>" changed cvar (cvar "sv_minrate") (value "128000")
L 08/11/2020 - 16:21:48: [basecommands.smx] "Console<0><Console><Console>" changed cvar (cvar "sv_maxcmdrate") (value "128")
L 08/11/2020 - 16:21:48: [basecommands.smx] "Console<0><Console><Console>" changed cvar (cvar "sv_mincmdrate") (value "128")
L 08/11/2020 - 16:21:48: [basecommands.smx] "Console<0><Console><Console>" changed cvar (cvar "sv_minupdaterate") (value "128")
L 08/11/2020 - 16:21:48: [basecommands.smx] "Console<0><Console><Console>" changed cvar (cvar "sv_maxupdaterate") (value "128")
L 08/11/2020 - 16:21:48: [basecommands.smx] "Console<0><Console><Console>" changed cvar (cvar "sv_maxunlag") (value "0.5")
L 08/11/2020 - 16:21:48: [basecommands.smx] "Console<0><Console><Console>" changed cvar (cvar "sv_unlag") (value "1")
L 08/11/2020 - 16:21:48: [chat-processor.smx] Message formats generated for game 'csgo'.
L 08/11/2020 - 16:21:48: [chat-processor.smx] Successfully hooked a SayText2 chat hook.
L 08/11/2020 - 16:21:49: [weapons.smx] Inactive players' data has been deleted
L 08/11/2020 - 16:38:03: [mapchooser.smx] Voting for next map has started.
L 08/11/2020 - 16:38:10: [mapchooser.smx] Voting for next map has finished. Nextmap: de_vertigo.
L 08/11/2020 - 16:40:52: [SM] Changed map to "de_vertigo"
L 08/11/2020 - 16:40:53: -------- Mapchange to de_vertigo --------
L 08/11/2020 - 16:40:53: [basecommands.smx] "Console<0><Console><Console>" refreshed the admin cache.
L 08/11/2020 - 16:40:53: [basecommands.smx] "Console<0><Console><Console>" changed cvar (cvar "sv_maxrate") (value "128000")
L 08/11/2020 - 16:40:53: [basecommands.smx] "Console<0><Console><Console>" changed cvar (cvar "sv_minrate") (value "128000")
L 08/11/2020 - 16:40:53: [basecommands.smx] "Console<0><Console><Console>" changed cvar (cvar "sv_maxcmdrate") (value "128")
L 08/11/2020 - 16:40:53: [basecommands.smx] "Console<0><Console><Console>" changed cvar (cvar "sv_mincmdrate") (value "128")
L 08/11/2020 - 16:40:53: [basecommands.smx] "Console<0><Console><Console>" changed cvar (cvar "sv_minupdaterate") (value "128")
L 08/11/2020 - 16:40:53: [basecommands.smx] "Console<0><Console><Console>" changed cvar (cvar "sv_maxupdaterate") (value "128")
L 08/11/2020 - 16:40:53: [basecommands.smx] "Console<0><Console><Console>" changed cvar (cvar "sv_maxunlag") (value "0.5")
L 08/11/2020 - 16:40:53: [basecommands.smx] "Console<0><Console><Console>" changed cvar (cvar "sv_unlag") (value "1")
L 08/11/2020 - 16:40:54: [chat-processor.smx] Message formats generated for game 'csgo'.
L 08/11/2020 - 16:40:54: [chat-processor.smx] Successfully hooked a SayText2 chat hook.
L 08/11/2020 - 16:40:55: [weapons.smx] Inactive players' data has been deleted
L 08/11/2020 - 16:56:21: [mapchooser.smx] Voting for next map has started.
L 08/11/2020 - 16:56:27: [mapchooser.smx] Voting for next map has finished. Nextmap: de_cache.
L 08/11/2020 - 16:58:31: [SM] Changed map to "de_cache"
L 08/11/2020 - 16:58:35: -------- Mapchange to de_cache --------
L 08/11/2020 - 16:58:35: [basecommands.smx] "Console<0><Console><Console>" refreshed the admin cache.
L 08/11/2020 - 16:58:35: [basecommands.smx] "Console<0><Console><Console>" changed cvar (cvar "sv_maxrate") (value "128000")
L 08/11/2020 - 16:58:35: [basecommands.smx] "Console<0><Console><Console>" changed cvar (cvar "sv_minrate") (value "128000")
L 08/11/2020 - 16:58:35: [basecommands.smx] "Console<0><Console><Console>" changed cvar (cvar "sv_maxcmdrate") (value "128")
L 08/11/2020 - 16:58:35: [basecommands.smx] "Console<0><Console><Console>" changed cvar (cvar "sv_mincmdrate") (value "128")
L 08/11/2020 - 16:58:35: [basecommands.smx] "Console<0><Console><Console>" changed cvar (cvar "sv_minupdaterate") (value "128")
L 08/11/2020 - 16:58:35: [basecommands.smx] "Console<0><Console><Console>" changed cvar (cvar "sv_maxupdaterate") (value "128")
L 08/11/2020 - 16:58:35: [basecommands.smx] "Console<0><Console><Console>" changed cvar (cvar "sv_maxunlag") (value "0.5")
L 08/11/2020 - 16:58:35: [basecommands.smx] "Console<0><Console><Console>" changed cvar (cvar "sv_unlag") (value "1")
L 08/11/2020 - 16:58:36: [chat-processor.smx] Message formats generated for game 'csgo'.
L 08/11/2020 - 16:58:36: [chat-processor.smx] Successfully hooked a SayText2 chat hook.
L 08/11/2020 - 16:58:37: [weapons.smx] Inactive players' data has been deleted
L 08/11/2020 - 17:12:49: [mapchooser.smx] Voting for next map has started.
L 08/11/2020 - 17:13:10: [mapchooser.smx] Voting for next map has finished. Nextmap: de_nuke.
L 08/11/2020 - 17:16:09: [SM] Changed map to "de_nuke"
L 08/11/2020 - 17:16:12: -------- Mapchange to de_nuke --------
L 08/11/2020 - 17:16:12: [basecommands.smx] "Console<0><Console><Console>" refreshed the admin cache.
L 08/11/2020 - 17:16:12: [basecommands.smx] "Console<0><Console><Console>" changed cvar (cvar "sv_maxrate") (value "128000")
L 08/11/2020 - 17:16:12: [basecommands.smx] "Console<0><Console><Console>" changed cvar (cvar "sv_minrate") (value "128000")
L 08/11/2020 - 17:16:12: [basecommands.smx] "Console<0><Console><Console>" changed cvar (cvar "sv_maxcmdrate") (value "128")
L 08/11/2020 - 17:16:12: [basecommands.smx] "Console<0><Console><Console>" changed cvar (cvar "sv_mincmdrate") (value "128")
L 08/11/2020 - 17:16:12: [basecommands.smx] "Console<0><Console><Console>" changed cvar (cvar "sv_minupdaterate") (value "128")
L 08/11/2020 - 17:16:12: [basecommands.smx] "Console<0><Console><Console>" changed cvar (cvar "sv_maxupdaterate") (value "128")
L 08/11/2020 - 17:16:12: [basecommands.smx] "Console<0><Console><Console>" changed cvar (cvar "sv_maxunlag") (value "0.5")
L 08/11/2020 - 17:16:12: [basecommands.smx] "Console<0><Console><Console>" changed cvar (cvar "sv_unlag") (value "1")
L 08/11/2020 - 17:16:12: [chat-processor.smx] Message formats generated for game 'csgo'.
L 08/11/2020 - 17:16:12: [chat-processor.smx] Successfully hooked a SayText2 chat hook.
L 08/11/2020 - 17:16:13: [weapons.smx] Inactive players' data has been deleted
L 08/11/2020 - 17:32:10: [mapchooser.smx] Voting for next map has started.
L 08/11/2020 - 17:32:18: [mapchooser.smx] Voting for next map has finished. Nextmap: de_dust2.
L 08/11/2020 - 17:34:05: [SM] Changed map to "de_dust2"
L 08/11/2020 - 17:34:08: -------- Mapchange to de_dust2 --------
L 08/11/2020 - 17:34:08: [basecommands.smx] "Console<0><Console><Console>" refreshed the admin cache.
L 08/11/2020 - 17:34:08: [basecommands.smx] "Console<0><Console><Console>" changed cvar (cvar "sv_maxrate") (value "128000")
L 08/11/2020 - 17:34:08: [basecommands.smx] "Console<0><Console><Console>" changed cvar (cvar "sv_minrate") (value "128000")
L 08/11/2020 - 17:34:08: [basecommands.smx] "Console<0><Console><Console>" changed cvar (cvar "sv_maxcmdrate") (value "128")
L 08/11/2020 - 17:34:08: [basecommands.smx] "Console<0><Console><Console>" changed cvar (cvar "sv_mincmdrate") (value "128")
L 08/11/2020 - 17:34:08: [basecommands.smx] "Console<0><Console><Console>" changed cvar (cvar "sv_minupdaterate") (value "128")
L 08/11/2020 - 17:34:08: [basecommands.smx] "Console<0><Console><Console>" changed cvar (cvar "sv_maxupdaterate") (value "128")
L 08/11/2020 - 17:34:08: [basecommands.smx] "Console<0><Console><Console>" changed cvar (cvar "sv_maxunlag") (value "0.5")
L 08/11/2020 - 17:34:08: [basecommands.smx] "Console<0><Console><Console>" changed cvar (cvar "sv_unlag") (value "1")
L 08/11/2020 - 17:34:09: [chat-processor.smx] Message formats generated for game 'csgo'.
L 08/11/2020 - 17:34:09: [chat-processor.smx] Successfully hooked a SayText2 chat hook.
L 08/11/2020 - 17:34:10: [weapons.smx] Inactive players' data has been deleted
L 08/11/2020 - 17:49:48: [mapchooser.smx] Voting for next map has started.
L 08/11/2020 - 17:49:58: [mapchooser.smx] Voting for next map has finished. Nextmap: de_overpass.
L 08/11/2020 - 17:52:31: [SM] Changed map to "de_overpass"
L 08/11/2020 - 17:52:33: -------- Mapchange to de_overpass --------
L 08/11/2020 - 17:52:33: [basecommands.smx] "Console<0><Console><Console>" refreshed the admin cache.
L 08/11/2020 - 17:52:33: [basecommands.smx] "Console<0><Console><Console>" changed cvar (cvar "sv_maxrate") (value "128000")
L 08/11/2020 - 17:52:33: [basecommands.smx] "Console<0><Console><Console>" changed cvar (cvar "sv_minrate") (value "128000")
L 08/11/2020 - 17:52:33: [basecommands.smx] "Console<0><Console><Console>" changed cvar (cvar "sv_maxcmdrate") (value "128")
L 08/11/2020 - 17:52:33: [basecommands.smx] "Console<0><Console><Console>" changed cvar (cvar "sv_mincmdrate") (value "128")
L 08/11/2020 - 17:52:33: [basecommands.smx] "Console<0><Console><Console>" changed cvar (cvar "sv_minupdaterate") (value "128")
L 08/11/2020 - 17:52:33: [basecommands.smx] "Console<0><Console><Console>" changed cvar (cvar "sv_maxupdaterate") (value "128")
L 08/11/2020 - 17:52:33: [basecommands.smx] "Console<0><Console><Console>" changed cvar (cvar "sv_maxunlag") (value "0.5")
L 08/11/2020 - 17:52:33: [basecommands.smx] "Console<0><Console><Console>" changed cvar (cvar "sv_unlag") (value "1")
L 08/11/2020 - 17:52:34: [chat-processor.smx] Message formats generated for game 'csgo'.
L 08/11/2020 - 17:52:34: [chat-processor.smx] Successfully hooked a SayText2 chat hook.
L 08/11/2020 - 17:52:35: [weapons.smx] Inactive players' data has been deleted
L 08/11/2020 - 18:08:19: [mapchooser.smx] Voting for next map has started.
L 08/11/2020 - 18:08:31: [mapchooser.smx] Voting for next map has finished. Nextmap: de_mirage.
L 08/11/2020 - 18:09:55: [SM] Changed map to "de_mirage"
L 08/11/2020 - 18:09:55: -------- Mapchange to de_mirage --------
L 08/11/2020 - 18:09:55: [basecommands.smx] "Console<0><Console><Console>" refreshed the admin cache.
L 08/11/2020 - 18:09:55: [basecommands.smx] "Console<0><Console><Console>" changed cvar (cvar "sv_maxrate") (value "128000")
L 08/11/2020 - 18:09:55: [basecommands.smx] "Console<0><Console><Console>" changed cvar (cvar "sv_minrate") (value "128000")
L 08/11/2020 - 18:09:55: [basecommands.smx] "Console<0><Console><Console>" changed cvar (cvar "sv_maxcmdrate") (value "128")
L 08/11/2020 - 18:09:55: [basecommands.smx] "Console<0><Console><Console>" changed cvar (cvar "sv_mincmdrate") (value "128")
L 08/11/2020 - 18:09:55: [basecommands.smx] "Console<0><Console><Console>" changed cvar (cvar "sv_minupdaterate") (value "128")
L 08/11/2020 - 18:09:55: [basecommands.smx] "Console<0><Console><Console>" changed cvar (cvar "sv_maxupdaterate") (value "128")
L 08/11/2020 - 18:09:55: [basecommands.smx] "Console<0><Console><Console>" changed cvar (cvar "sv_maxunlag") (value "0.5")
L 08/11/2020 - 18:09:56: [basecommands.smx] "Console<0><Console><Console>" changed cvar (cvar "sv_unlag") (value "1")
L 08/11/2020 - 18:09:56: [chat-processor.smx] Message formats generated for game 'csgo'.
L 08/11/2020 - 18:09:56: [chat-processor.smx] Successfully hooked a SayText2 chat hook.
L 08/11/2020 - 18:09:57: [weapons.smx] Inactive players' data has been deleted
L 08/11/2020 - 18:26:00: [basecomm.smx] "Console<0><Console><Console>" muted "Blizz-Depro<107><STEAM_1:0:7632961><>"
L 08/11/2020 - 18:26:00: [basecomm.smx] "Console<0><Console><Console>" gagged "Blizz-Depro<107><STEAM_1:0:7632961><>"
L 08/11/2020 - 18:28:08: [mapchooser.smx] Voting for next map has started.
L 08/11/2020 - 18:28:20: [mapchooser.smx] Voting for next map has finished. Nextmap: de_inferno.
L 08/11/2020 - 18:49:01: [SM] Changed map to "de_inferno"
L 08/11/2020 - 18:49:02: -------- Mapchange to de_inferno --------
L 08/11/2020 - 18:49:02: [basecommands.smx] "Console<0><Console><Console>" refreshed the admin cache.
L 08/11/2020 - 18:49:02: [basecommands.smx] "Console<0><Console><Console>" changed cvar (cvar "sv_maxrate") (value "128000")
L 08/11/2020 - 18:49:02: [basecommands.smx] "Console<0><Console><Console>" changed cvar (cvar "sv_minrate") (value "128000")
L 08/11/2020 - 18:49:02: [basecommands.smx] "Console<0><Console><Console>" changed cvar (cvar "sv_maxcmdrate") (value "128")
L 08/11/2020 - 18:49:02: [basecommands.smx] "Console<0><Console><Console>" changed cvar (cvar "sv_mincmdrate") (value "128")
L 08/11/2020 - 18:49:02: [basecommands.smx] "Console<0><Console><Console>" changed cvar (cvar "sv_minupdaterate") (value "128")
L 08/11/2020 - 18:49:02: [basecommands.smx] "Console<0><Console><Console>" changed cvar (cvar "sv_maxupdaterate") (value "128")
L 08/11/2020 - 18:49:02: [basecommands.smx] "Console<0><Console><Console>" changed cvar (cvar "sv_maxunlag") (value "0.5")
L 08/11/2020 - 18:49:02: [basecommands.smx] "Console<0><Console><Console>" changed cvar (cvar "sv_unlag") (value "1")
L 08/11/2020 - 18:49:03: [chat-processor.smx] Message formats generated for game 'csgo'.
L 08/11/2020 - 18:49:03: [chat-processor.smx] Successfully hooked a SayText2 chat hook.
L 08/11/2020 - 18:49:04: [weapons.smx] Inactive players' data has been deleted
L 08/11/2020 - 19:08:24: [mapchooser.smx] Voting for next map has started.
L 08/11/2020 - 19:08:35: [mapchooser.smx] Voting for next map has finished. Nextmap: de_train.
L 08/11/2020 - 19:13:08: [rockthevote.smx] RTV changing map manually
L 08/11/2020 - 19:13:08: [SM] Changed map to "de_train"
L 08/11/2020 - 19:13:09: -------- Mapchange to de_train --------
L 08/11/2020 - 19:13:09: [basecommands.smx] "Console<0><Console><Console>" refreshed the admin cache.
L 08/11/2020 - 19:13:09: [basecommands.smx] "Console<0><Console><Console>" changed cvar (cvar "sv_maxrate") (value "128000")
L 08/11/2020 - 19:13:09: [basecommands.smx] "Console<0><Console><Console>" changed cvar (cvar "sv_minrate") (value "128000")
L 08/11/2020 - 19:13:09: [basecommands.smx] "Console<0><Console><Console>" changed cvar (cvar "sv_maxcmdrate") (value "128")
L 08/11/2020 - 19:13:09: [basecommands.smx] "Console<0><Console><Console>" changed cvar (cvar "sv_mincmdrate") (value "128")
L 08/11/2020 - 19:13:09: [basecommands.smx] "Console<0><Console><Console>" changed cvar (cvar "sv_minupdaterate") (value "128")
L 08/11/2020 - 19:13:09: [basecommands.smx] "Console<0><Console><Console>" changed cvar (cvar "sv_maxupdaterate") (value "128")
L 08/11/2020 - 19:13:09: [basecommands.smx] "Console<0><Console><Console>" changed cvar (cvar "sv_maxunlag") (value "0.5")
L 08/11/2020 - 19:13:09: [basecommands.smx] "Console<0><Console><Console>" changed cvar (cvar "sv_unlag") (value "1")
L 08/11/2020 - 19:13:10: [chat-processor.smx] Message formats generated for game 'csgo'.
L 08/11/2020 - 19:13:10: [chat-processor.smx] Successfully hooked a SayText2 chat hook.
L 08/11/2020 - 19:13:11: [weapons.smx] Inactive players' data has been deleted
L 08/11/2020 - 19:30:18: [mapchooser.smx] Voting for next map has started.
L 08/11/2020 - 19:30:27: [mapchooser.smx] Voting for next map has finished. Nextmap: de_cache.
L 08/11/2020 - 19:33:04: [SM] Changed map to "de_cache"
L 08/11/2020 - 19:33:08: -------- Mapchange to de_cache --------
L 08/11/2020 - 19:33:08: [basecommands.smx] "Console<0><Console><Console>" refreshed the admin cache.
L 08/11/2020 - 19:33:08: [basecommands.smx] "Console<0><Console><Console>" changed cvar (cvar "sv_maxrate") (value "128000")
L 08/11/2020 - 19:33:08: [basecommands.smx] "Console<0><Console><Console>" changed cvar (cvar "sv_minrate") (value "128000")
L 08/11/2020 - 19:33:08: [basecommands.smx] "Console<0><Console><Console>" changed cvar (cvar "sv_maxcmdrate") (value "128")
L 08/11/2020 - 19:33:08: [basecommands.smx] "Console<0><Console><Console>" changed cvar (cvar "sv_mincmdrate") (value "128")
L 08/11/2020 - 19:33:08: [basecommands.smx] "Console<0><Console><Console>" changed cvar (cvar "sv_minupdaterate") (value "128")
L 08/11/2020 - 19:33:08: [basecommands.smx] "Console<0><Console><Console>" changed cvar (cvar "sv_maxupdaterate") (value "128")
L 08/11/2020 - 19:33:08: [basecommands.smx] "Console<0><Console><Console>" changed cvar (cvar "sv_maxunlag") (value "0.5")
L 08/11/2020 - 19:33:08: [basecommands.smx] "Console<0><Console><Console>" changed cvar (cvar "sv_unlag") (value "1")
L 08/11/2020 - 19:33:09: [chat-processor.smx] Message formats generated for game 'csgo'.
L 08/11/2020 - 19:33:09: [chat-processor.smx] Successfully hooked a SayText2 chat hook.
L 08/11/2020 - 19:33:10: [weapons.smx] Inactive players' data has been deleted
L 08/11/2020 - 19:48:25: [mapchooser.smx] Voting for next map has started.
L 08/11/2020 - 19:48:37: [mapchooser.smx] Voting for next map has finished. Nextmap: de_vertigo.
L 08/11/2020 - 19:50:44: [SM] Changed map to "de_vertigo"
L 08/11/2020 - 19:50:45: -------- Mapchange to de_vertigo --------
L 08/11/2020 - 19:50:45: [basecommands.smx] "Console<0><Console><Console>" refreshed the admin cache.
L 08/11/2020 - 19:50:45: [basecommands.smx] "Console<0><Console><Console>" changed cvar (cvar "sv_maxrate") (value "128000")
L 08/11/2020 - 19:50:45: [basecommands.smx] "Console<0><Console><Console>" changed cvar (cvar "sv_minrate") (value "128000")
L 08/11/2020 - 19:50:45: [basecommands.smx] "Console<0><Console><Console>" changed cvar (cvar "sv_maxcmdrate") (value "128")
L 08/11/2020 - 19:50:45: [basecommands.smx] "Console<0><Console><Console>" changed cvar (cvar "sv_mincmdrate") (value "128")
L 08/11/2020 - 19:50:45: [basecommands.smx] "Console<0><Console><Console>" changed cvar (cvar "sv_minupdaterate") (value "128")
L 08/11/2020 - 19:50:45: [basecommands.smx] "Console<0><Console><Console>" changed cvar (cvar "sv_maxupdaterate") (value "128")
L 08/11/2020 - 19:50:45: [basecommands.smx] "Console<0><Console><Console>" changed cvar (cvar "sv_maxunlag") (value "0.5")
L 08/11/2020 - 19:50:45: [basecommands.smx] "Console<0><Console><Console>" changed cvar (cvar "sv_unlag") (value "1")
L 08/11/2020 - 19:50:46: [chat-processor.smx] Message formats generated for game 'csgo'.
L 08/11/2020 - 19:50:46: [chat-processor.smx] Successfully hooked a SayText2 chat hook.
L 08/11/2020 - 19:50:47: [weapons.smx] Inactive players' data has been deleted
L 08/11/2020 - 20:04:28: [mapchooser.smx] Voting for next map has started.
L 08/11/2020 - 20:04:38: [mapchooser.smx] Voting for next map has finished. Nextmap: de_dust2.
L 08/11/2020 - 20:05:54: [SM] Changed map to "de_dust2"
L 08/11/2020 - 20:05:57: -------- Mapchange to de_dust2 --------
L 08/11/2020 - 20:05:57: [basecommands.smx] "Console<0><Console><Console>" refreshed the admin cache.
L 08/11/2020 - 20:05:57: [basecommands.smx] "Console<0><Console><Console>" changed cvar (cvar "sv_maxrate") (value "128000")
L 08/11/2020 - 20:05:57: [basecommands.smx] "Console<0><Console><Console>" changed cvar (cvar "sv_minrate") (value "128000")
L 08/11/2020 - 20:05:57: [basecommands.smx] "Console<0><Console><Console>" changed cvar (cvar "sv_maxcmdrate") (value "128")
L 08/11/2020 - 20:05:57: [basecommands.smx] "Console<0><Console><Console>" changed cvar (cvar "sv_mincmdrate") (value "128")
L 08/11/2020 - 20:05:57: [basecommands.smx] "Console<0><Console><Console>" changed cvar (cvar "sv_minupdaterate") (value "128")
L 08/11/2020 - 20:05:57: [basecommands.smx] "Console<0><Console><Console>" changed cvar (cvar "sv_maxupdaterate") (value "128")
L 08/11/2020 - 20:05:57: [basecommands.smx] "Console<0><Console><Console>" changed cvar (cvar "sv_maxunlag") (value "0.5")
L 08/11/2020 - 20:05:57: [basecommands.smx] "Console<0><Console><Console>" changed cvar (cvar "sv_unlag") (value "1")
L 08/11/2020 - 20:05:58: [chat-processor.smx] Message formats generated for game 'csgo'.
L 08/11/2020 - 20:05:58: [chat-processor.smx] Successfully hooked a SayText2 chat hook.
L 08/11/2020 - 20:05:59: [weapons.smx] Inactive players' data has been deleted
L 08/11/2020 - 20:19:52: [mapchooser.smx] Voting for next map has started.
L 08/11/2020 - 20:20:12: [mapchooser.smx] Voting for next map has finished. Nextmap: de_overpass.
L 08/11/2020 - 20:21:51: [rockthevote.smx] RTV changing map manually
L 08/11/2020 - 20:21:51: [SM] Changed map to "de_overpass"
L 08/11/2020 - 20:21:52: -------- Mapchange to de_overpass --------
L 08/11/2020 - 20:21:52: [basecommands.smx] "Console<0><Console><Console>" refreshed the admin cache.
L 08/11/2020 - 20:21:52: [basecommands.smx] "Console<0><Console><Console>" changed cvar (cvar "sv_maxrate") (value "128000")
L 08/11/2020 - 20:21:52: [basecommands.smx] "Console<0><Console><Console>" changed cvar (cvar "sv_minrate") (value "128000")
L 08/11/2020 - 20:21:52: [basecommands.smx] "Console<0><Console><Console>" changed cvar (cvar "sv_maxcmdrate") (value "128")
L 08/11/2020 - 20:21:52: [basecommands.smx] "Console<0><Console><Console>" changed cvar (cvar "sv_mincmdrate") (value "128")
L 08/11/2020 - 20:21:52: [basecommands.smx] "Console<0><Console><Console>" changed cvar (cvar "sv_minupdaterate") (value "128")
L 08/11/2020 - 20:21:52: [basecommands.smx] "Console<0><Console><Console>" changed cvar (cvar "sv_maxupdaterate") (value "128")
L 08/11/2020 - 20:21:52: [basecommands.smx] "Console<0><Console><Console>" changed cvar (cvar "sv_maxunlag") (value "0.5")
L 08/11/2020 - 20:21:52: [basecommands.smx] "Console<0><Console><Console>" changed cvar (cvar "sv_unlag") (value "1")
L 08/11/2020 - 20:21:53: [chat-processor.smx] Message formats generated for game 'csgo'.
L 08/11/2020 - 20:21:53: [chat-processor.smx] Successfully hooked a SayText2 chat hook.
L 08/11/2020 - 20:21:54: [weapons.smx] Inactive players' data has been deleted
L 08/11/2020 - 20:36:01: [mapchooser.smx] Voting for next map has started.
L 08/11/2020 - 20:36:12: [mapchooser.smx] Voting for next map has finished. Nextmap: de_mirage.
L 08/11/2020 - 20:37:33: [SM] Changed map to "de_mirage"
L 08/11/2020 - 20:37:34: -------- Mapchange to de_mirage --------
L 08/11/2020 - 20:37:34: [basecommands.smx] "Console<0><Console><Console>" refreshed the admin cache.
L 08/11/2020 - 20:37:34: [basecommands.smx] "Console<0><Console><Console>" changed cvar (cvar "sv_maxrate") (value "128000")
L 08/11/2020 - 20:37:34: [basecommands.smx] "Console<0><Console><Console>" changed cvar (cvar "sv_minrate") (value "128000")
L 08/11/2020 - 20:37:34: [basecommands.smx] "Console<0><Console><Console>" changed cvar (cvar "sv_maxcmdrate") (value "128")
L 08/11/2020 - 20:37:34: [basecommands.smx] "Console<0><Console><Console>" changed cvar (cvar "sv_mincmdrate") (value "128")
L 08/11/2020 - 20:37:34: [basecommands.smx] "Console<0><Console><Console>" changed cvar (cvar "sv_minupdaterate") (value "128")
L 08/11/2020 - 20:37:34: [basecommands.smx] "Console<0><Console><Console>" changed cvar (cvar "sv_maxupdaterate") (value "128")
L 08/11/2020 - 20:37:34: [basecommands.smx] "Console<0><Console><Console>" changed cvar (cvar "sv_maxunlag") (value "0.5")
L 08/11/2020 - 20:37:34: [basecommands.smx] "Console<0><Console><Console>" changed cvar (cvar "sv_unlag") (value "1")
L 08/11/2020 - 20:37:35: [chat-processor.smx] Message formats generated for game 'csgo'.
L 08/11/2020 - 20:37:35: [chat-processor.smx] Successfully hooked a SayText2 chat hook.
L 08/11/2020 - 20:37:36: [weapons.smx] Inactive players' data has been deleted
L 08/11/2020 - 20:53:07: [mapchooser.smx] Voting for next map has started.
L 08/11/2020 - 20:53:22: [mapchooser.smx] Voting for next map has finished. Nextmap: de_inferno.
L 08/11/2020 - 20:54:52: [SM] Changed map to "de_inferno"
L 08/11/2020 - 20:54:54: -------- Mapchange to de_inferno --------
L 08/11/2020 - 20:54:54: [basecommands.smx] "Console<0><Console><Console>" refreshed the admin cache.
L 08/11/2020 - 20:54:54: [basecommands.smx] "Console<0><Console><Console>" changed cvar (cvar "sv_maxrate") (value "128000")
L 08/11/2020 - 20:54:54: [basecommands.smx] "Console<0><Console><Console>" changed cvar (cvar "sv_minrate") (value "128000")
L 08/11/2020 - 20:54:54: [basecommands.smx] "Console<0><Console><Console>" changed cvar (cvar "sv_maxcmdrate") (value "128")
L 08/11/2020 - 20:54:54: [basecommands.smx] "Console<0><Console><Console>" changed cvar (cvar "sv_mincmdrate") (value "128")
L 08/11/2020 - 20:54:54: [basecommands.smx] "Console<0><Console><Console>" changed cvar (cvar "sv_minupdaterate") (value "128")
L 08/11/2020 - 20:54:54: [basecommands.smx] "Console<0><Console><Console>" changed cvar (cvar "sv_maxupdaterate") (value "128")
L 08/11/2020 - 20:54:54: [basecommands.smx] "Console<0><Console><Console>" changed cvar (cvar "sv_maxunlag") (value "0.5")
L 08/11/2020 - 20:54:54: [basecommands.smx] "Console<0><Console><Console>" changed cvar (cvar "sv_unlag") (value "1")
L 08/11/2020 - 20:54:54: [chat-processor.smx] Message formats generated for game 'csgo'.
L 08/11/2020 - 20:54:54: [chat-processor.smx] Successfully hooked a SayText2 chat hook.
L 08/11/2020 - 20:54:56: [weapons.smx] Inactive players' data has been deleted
L 08/11/2020 - 21:11:30: [mapchooser.smx] Voting for next map has started.
L 08/11/2020 - 21:11:39: [mapchooser.smx] Voting for next map has finished. Nextmap: de_nuke.
L 08/11/2020 - 21:13:11: [SM] Changed map to "de_nuke"
L 08/11/2020 - 21:13:14: -------- Mapchange to de_nuke --------
L 08/11/2020 - 21:13:14: [basecommands.smx] "Console<0><Console><Console>" refreshed the admin cache.
L 08/11/2020 - 21:13:14: [basecommands.smx] "Console<0><Console><Console>" changed cvar (cvar "sv_maxrate") (value "128000")
L 08/11/2020 - 21:13:14: [basecommands.smx] "Console<0><Console><Console>" changed cvar (cvar "sv_minrate") (value "128000")
L 08/11/2020 - 21:13:14: [basecommands.smx] "Console<0><Console><Console>" changed cvar (cvar "sv_maxcmdrate") (value "128")
L 08/11/2020 - 21:13:14: [basecommands.smx] "Console<0><Console><Console>" changed cvar (cvar "sv_mincmdrate") (value "128")
L 08/11/2020 - 21:13:14: [basecommands.smx] "Console<0><Console><Console>" changed cvar (cvar "sv_minupdaterate") (value "128")
L 08/11/2020 - 21:13:14: [basecommands.smx] "Console<0><Console><Console>" changed cvar (cvar "sv_maxupdaterate") (value "128")
L 08/11/2020 - 21:13:14: [basecommands.smx] "Console<0><Console><Console>" changed cvar (cvar "sv_maxunlag") (value "0.5")
L 08/11/2020 - 21:13:14: [basecommands.smx] "Console<0><Console><Console>" changed cvar (cvar "sv_unlag") (value "1")
L 08/11/2020 - 21:13:15: [chat-processor.smx] Message formats generated for game 'csgo'.
L 08/11/2020 - 21:13:15: [chat-processor.smx] Successfully hooked a SayText2 chat hook.
L 08/11/2020 - 21:13:16: [weapons.smx] Inactive players' data has been deleted
L 08/11/2020 - 21:30:15: [mapchooser.smx] Voting for next map has started.
L 08/11/2020 - 21:30:36: [mapchooser.smx] Voting for next map has finished. Nextmap: de_cache.
L 08/11/2020 - 21:32:58: [SM] Changed map to "de_cache"
L 08/11/2020 - 21:33:02: -------- Mapchange to de_cache --------
L 08/11/2020 - 21:33:02: [basecommands.smx] "Console<0><Console><Console>" refreshed the admin cache.
L 08/11/2020 - 21:33:02: [basecommands.smx] "Console<0><Console><Console>" changed cvar (cvar "sv_maxrate") (value "128000")
L 08/11/2020 - 21:33:02: [basecommands.smx] "Console<0><Console><Console>" changed cvar (cvar "sv_minrate") (value "128000")
L 08/11/2020 - 21:33:02: [basecommands.smx] "Console<0><Console><Console>" changed cvar (cvar "sv_maxcmdrate") (value "128")
L 08/11/2020 - 21:33:02: [basecommands.smx] "Console<0><Console><Console>" changed cvar (cvar "sv_mincmdrate") (value "128")
L 08/11/2020 - 21:33:02: [basecommands.smx] "Console<0><Console><Console>" changed cvar (cvar "sv_minupdaterate") (value "128")
L 08/11/2020 - 21:33:02: [basecommands.smx] "Console<0><Console><Console>" changed cvar (cvar "sv_maxupdaterate") (value "128")
L 08/11/2020 - 21:33:02: [basecommands.smx] "Console<0><Console><Console>" changed cvar (cvar "sv_maxunlag") (value "0.5")
L 08/11/2020 - 21:33:02: [basecommands.smx] "Console<0><Console><Console>" changed cvar (cvar "sv_unlag") (value "1")
L 08/11/2020 - 21:33:03: [chat-processor.smx] Message formats generated for game 'csgo'.
L 08/11/2020 - 21:33:03: [chat-processor.smx] Successfully hooked a SayText2 chat hook.
L 08/11/2020 - 21:33:04: [weapons.smx] Inactive players' data has been deleted
L 08/11/2020 - 21:47:16: [mapchooser.smx] Voting for next map has started.
L 08/11/2020 - 21:47:20: [mapchooser.smx] Voting for next map has finished. Nextmap: de_train.
L 08/11/2020 - 21:50:43: [SM] Changed map to "de_train"
L 08/11/2020 - 21:50:44: -------- Mapchange to de_train --------
L 08/11/2020 - 21:50:44: [basecommands.smx] "Console<0><Console><Console>" refreshed the admin cache.
L 08/11/2020 - 21:50:44: [basecommands.smx] "Console<0><Console><Console>" changed cvar (cvar "sv_maxrate") (value "128000")
L 08/11/2020 - 21:50:44: [basecommands.smx] "Console<0><Console><Console>" changed cvar (cvar "sv_minrate") (value "128000")
L 08/11/2020 - 21:50:44: [basecommands.smx] "Console<0><Console><Console>" changed cvar (cvar "sv_maxcmdrate") (value "128")
L 08/11/2020 - 21:50:44: [basecommands.smx] "Console<0><Console><Console>" changed cvar (cvar "sv_mincmdrate") (value "128")
L 08/11/2020 - 21:50:44: [basecommands.smx] "Console<0><Console><Console>" changed cvar (cvar "sv_minupdaterate") (value "128")
L 08/11/2020 - 21:50:44: [basecommands.smx] "Console<0><Console><Console>" changed cvar (cvar "sv_maxupdaterate") (value "128")
L 08/11/2020 - 21:50:44: [basecommands.smx] "Console<0><Console><Console>" changed cvar (cvar "sv_maxunlag") (value "0.5")
L 08/11/2020 - 21:50:44: [basecommands.smx] "Console<0><Console><Console>" changed cvar (cvar "sv_unlag") (value "1")
L 08/11/2020 - 21:50:45: [chat-processor.smx] Message formats generated for game 'csgo'.
L 08/11/2020 - 21:50:45: [chat-processor.smx] Successfully hooked a SayText2 chat hook.
L 08/11/2020 - 21:50:46: [weapons.smx] Inactive players' data has been deleted
L 08/11/2020 - 22:06:59: [mapchooser.smx] Voting for next map has started.
L 08/11/2020 - 22:07:20: [mapchooser.smx] Voting for next map has finished. Nextmap: de_dust2.
L 08/11/2020 - 22:09:34: -------- Mapchange to de_train --------
L 08/11/2020 - 22:09:34: [basecommands.smx] "Console<0><Console><Console>" refreshed the admin cache.
L 08/11/2020 - 22:09:34: [basecommands.smx] "Console<0><Console><Console>" changed cvar (cvar "sv_maxrate") (value "128000")
L 08/11/2020 - 22:09:34: [basecommands.smx] "Console<0><Console><Console>" changed cvar (cvar "sv_minrate") (value "128000")
L 08/11/2020 - 22:09:34: [basecommands.smx] "Console<0><Console><Console>" changed cvar (cvar "sv_maxcmdrate") (value "128")
L 08/11/2020 - 22:09:34: [basecommands.smx] "Console<0><Console><Console>" changed cvar (cvar "sv_mincmdrate") (value "128")
L 08/11/2020 - 22:09:34: [basecommands.smx] "Console<0><Console><Console>" changed cvar (cvar "sv_minupdaterate") (value "128")
L 08/11/2020 - 22:09:34: [basecommands.smx] "Console<0><Console><Console>" changed cvar (cvar "sv_maxupdaterate") (value "128")
L 08/11/2020 - 22:09:34: [basecommands.smx] "Console<0><Console><Console>" changed cvar (cvar "sv_maxunlag") (value "0.5")
L 08/11/2020 - 22:09:34: [basecommands.smx] "Console<0><Console><Console>" changed cvar (cvar "sv_unlag") (value "1")
L 08/11/2020 - 22:09:35: [chat-processor.smx] Message formats generated for game 'csgo'.
L 08/11/2020 - 22:09:35: [chat-processor.smx] Successfully hooked a SayText2 chat hook.
L 08/11/2020 - 22:09:35: [weapons.smx] Inactive players' data has been deleted
L 08/11/2020 - 22:25:54: [mapchooser.smx] Voting for next map has started.
L 08/11/2020 - 22:26:14: [mapchooser.smx] Voting for next map has finished. Nextmap: de_overpass.
L 08/11/2020 - 22:27:40: [SM] Changed map to "de_overpass"
L 08/11/2020 - 22:27:41: -------- Mapchange to de_overpass --------
L 08/11/2020 - 22:27:41: [basecommands.smx] "Console<0><Console><Console>" refreshed the admin cache.
L 08/11/2020 - 22:27:41: [basecommands.smx] "Console<0><Console><Console>" changed cvar (cvar "sv_maxrate") (value "128000")
L 08/11/2020 - 22:27:41: [basecommands.smx] "Console<0><Console><Console>" changed cvar (cvar "sv_minrate") (value "128000")
L 08/11/2020 - 22:27:41: [basecommands.smx] "Console<0><Console><Console>" changed cvar (cvar "sv_maxcmdrate") (value "128")
L 08/11/2020 - 22:27:41: [basecommands.smx] "Console<0><Console><Console>" changed cvar (cvar "sv_mincmdrate") (value "128")
L 08/11/2020 - 22:27:41: [basecommands.smx] "Console<0><Console><Console>" changed cvar (cvar "sv_minupdaterate") (value "128")
L 08/11/2020 - 22:27:41: [basecommands.smx] "Console<0><Console><Console>" changed cvar (cvar "sv_maxupdaterate") (value "128")
L 08/11/2020 - 22:27:41: [basecommands.smx] "Console<0><Console><Console>" changed cvar (cvar "sv_maxunlag") (value "0.5")
L 08/11/2020 - 22:27:41: [basecommands.smx] "Console<0><Console><Console>" changed cvar (cvar "sv_unlag") (value "1")
L 08/11/2020 - 22:27:42: [chat-processor.smx] Message formats generated for game 'csgo'.
L 08/11/2020 - 22:27:42: [chat-processor.smx] Successfully hooked a SayText2 chat hook.
L 08/11/2020 - 22:27:44: [weapons.smx] Inactive players' data has been deleted
L 08/11/2020 - 22:44:16: [mapchooser.smx] Voting for next map has started.
L 08/11/2020 - 22:44:37: [mapchooser.smx] Voting for next map has finished. Nextmap: de_vertigo.
L 08/11/2020 - 22:45:32: [SM] Changed map to "de_vertigo"
L 08/11/2020 - 22:45:33: -------- Mapchange to de_vertigo --------
L 08/11/2020 - 22:45:33: [basecommands.smx] "Console<0><Console><Console>" refreshed the admin cache.
L 08/11/2020 - 22:45:33: [basecommands.smx] "Console<0><Console><Console>" changed cvar (cvar "sv_maxrate") (value "128000")
L 08/11/2020 - 22:45:33: [basecommands.smx] "Console<0><Console><Console>" changed cvar (cvar "sv_minrate") (value "128000")
L 08/11/2020 - 22:45:33: [basecommands.smx] "Console<0><Console><Console>" changed cvar (cvar "sv_maxcmdrate") (value "128")
L 08/11/2020 - 22:45:33: [basecommands.smx] "Console<0><Console><Console>" changed cvar (cvar "sv_mincmdrate") (value "128")
L 08/11/2020 - 22:45:33: [basecommands.smx] "Console<0><Console><Console>" changed cvar (cvar "sv_minupdaterate") (value "128")
L 08/11/2020 - 22:45:33: [basecommands.smx] "Console<0><Console><Console>" changed cvar (cvar "sv_maxupdaterate") (value "128")
L 08/11/2020 - 22:45:33: [basecommands.smx] "Console<0><Console><Console>" changed cvar (cvar "sv_maxunlag") (value "0.5")
L 08/11/2020 - 22:45:33: [basecommands.smx] "Console<0><Console><Console>" changed cvar (cvar "sv_unlag") (value "1")
L 08/11/2020 - 22:45:34: [chat-processor.smx] Message formats generated for game 'csgo'.
L 08/11/2020 - 22:45:34: [chat-processor.smx] Successfully hooked a SayText2 chat hook.
L 08/11/2020 - 22:45:35: [weapons.smx] Inactive players' data has been deleted
L 08/11/2020 - 23:01:17: [mapchooser.smx] Voting for next map has started.
L 08/11/2020 - 23:01:38: [mapchooser.smx] Voting for next map has finished. Nextmap: de_mirage.
L 08/11/2020 - 23:02:31: [SM] Changed map to "de_mirage"
L 08/11/2020 - 23:02:32: -------- Mapchange to de_mirage --------
L 08/11/2020 - 23:02:32: [basecommands.smx] "Console<0><Console><Console>" refreshed the admin cache.
L 08/11/2020 - 23:02:32: [basecommands.smx] "Console<0><Console><Console>" changed cvar (cvar "sv_maxrate") (value "128000")
L 08/11/2020 - 23:02:32: [basecommands.smx] "Console<0><Console><Console>" changed cvar (cvar "sv_minrate") (value "128000")
L 08/11/2020 - 23:02:32: [basecommands.smx] "Console<0><Console><Console>" changed cvar (cvar "sv_maxcmdrate") (value "128")
L 08/11/2020 - 23:02:32: [basecommands.smx] "Console<0><Console><Console>" changed cvar (cvar "sv_mincmdrate") (value "128")
L 08/11/2020 - 23:02:32: [basecommands.smx] "Console<0><Console><Console>" changed cvar (cvar "sv_minupdaterate") (value "128")
L 08/11/2020 - 23:02:32: [basecommands.smx] "Console<0><Console><Console>" changed cvar (cvar "sv_maxupdaterate") (value "128")
L 08/11/2020 - 23:02:32: [basecommands.smx] "Console<0><Console><Console>" changed cvar (cvar "sv_maxunlag") (value "0.5")
L 08/11/2020 - 23:02:32: [basecommands.smx] "Console<0><Console><Console>" changed cvar (cvar "sv_unlag") (value "1")
L 08/11/2020 - 23:02:33: [chat-processor.smx] Message formats generated for game 'csgo'.
L 08/11/2020 - 23:02:33: [chat-processor.smx] Successfully hooked a SayText2 chat hook.
L 08/11/2020 - 23:02:34: [weapons.smx] Inactive players' data has been deleted
L 08/11/2020 - 23:20:13: [mapchooser.smx] Voting for next map has started.
L 08/11/2020 - 23:20:30: [mapchooser.smx] Voting for next map has finished. Nextmap: de_inferno.
L 08/11/2020 - 23:24:26: [SM] Changed map to "de_inferno"
L 08/11/2020 - 23:24:27: -------- Mapchange to de_inferno --------
L 08/11/2020 - 23:24:27: [basecommands.smx] "Console<0><Console><Console>" refreshed the admin cache.
L 08/11/2020 - 23:24:27: [basecommands.smx] "Console<0><Console><Console>" changed cvar (cvar "sv_maxrate") (value "128000")
L 08/11/2020 - 23:24:27: [basecommands.smx] "Console<0><Console><Console>" changed cvar (cvar "sv_minrate") (value "128000")
L 08/11/2020 - 23:24:27: [basecommands.smx] "Console<0><Console><Console>" changed cvar (cvar "sv_maxcmdrate") (value "128")
L 08/11/2020 - 23:24:27: [basecommands.smx] "Console<0><Console><Console>" changed cvar (cvar "sv_mincmdrate") (value "128")
L 08/11/2020 - 23:24:27: [basecommands.smx] "Console<0><Console><Console>" changed cvar (cvar "sv_minupdaterate") (value "128")
L 08/11/2020 - 23:24:27: [basecommands.smx] "Console<0><Console><Console>" changed cvar (cvar "sv_maxupdaterate") (value "128")
L 08/11/2020 - 23:24:27: [basecommands.smx] "Console<0><Console><Console>" changed cvar (cvar "sv_maxunlag") (value "0.5")
L 08/11/2020 - 23:24:27: [basecommands.smx] "Console<0><Console><Console>" changed cvar (cvar "sv_unlag") (value "1")
L 08/11/2020 - 23:24:28: [chat-processor.smx] Message formats generated for game 'csgo'.
L 08/11/2020 - 23:24:28: [chat-processor.smx] Successfully hooked a SayText2 chat hook.
L 08/11/2020 - 23:24:29: [weapons.smx] Inactive players' data has been deleted
L 08/11/2020 - 23:38:39: [mapchooser.smx] Voting for next map has started.
L 08/11/2020 - 23:39:00: [mapchooser.smx] Voting for next map has finished. Nextmap: de_dust2.
L 08/11/2020 - 23:40:52: [SM] Changed map to "de_dust2"
L 08/11/2020 - 23:40:55: -------- Mapchange to de_dust2 --------
L 08/11/2020 - 23:40:55: [basecommands.smx] "Console<0><Console><Console>" refreshed the admin cache.
L 08/11/2020 - 23:40:55: [basecommands.smx] "Console<0><Console><Console>" changed cvar (cvar "sv_maxrate") (value "128000")
L 08/11/2020 - 23:40:55: [basecommands.smx] "Console<0><Console><Console>" changed cvar (cvar "sv_minrate") (value "128000")
L 08/11/2020 - 23:40:55: [basecommands.smx] "Console<0><Console><Console>" changed cvar (cvar "sv_maxcmdrate") (value "128")
L 08/11/2020 - 23:40:55: [basecommands.smx] "Console<0><Console><Console>" changed cvar (cvar "sv_mincmdrate") (value "128")
L 08/11/2020 - 23:40:55: [basecommands.smx] "Console<0><Console><Console>" changed cvar (cvar "sv_minupdaterate") (value "128")
L 08/11/2020 - 23:40:55: [basecommands.smx] "Console<0><Console><Console>" changed cvar (cvar "sv_maxupdaterate") (value "128")
L 08/11/2020 - 23:40:55: [basecommands.smx] "Console<0><Console><Console>" changed cvar (cvar "sv_maxunlag") (value "0.5")
L 08/11/2020 - 23:40:55: [basecommands.smx] "Console<0><Console><Console>" changed cvar (cvar "sv_unlag") (value "1")
L 08/11/2020 - 23:40:56: [chat-processor.smx] Message formats generated for game 'csgo'.
L 08/11/2020 - 23:40:56: [chat-processor.smx] Successfully hooked a SayText2 chat hook.
L 08/11/2020 - 23:40:56: [weapons.smx] Inactive players' data has been deleted
L 08/11/2020 - 23:43:33: -------- Mapchange to de_dust2 --------
L 08/11/2020 - 23:43:33: [basecommands.smx] "Console<0><Console><Console>" refreshed the admin cache.
L 08/11/2020 - 23:43:33: [basecommands.smx] "Console<0><Console><Console>" changed cvar (cvar "sv_maxrate") (value "128000")
L 08/11/2020 - 23:43:33: [basecommands.smx] "Console<0><Console><Console>" changed cvar (cvar "sv_minrate") (value "128000")
L 08/11/2020 - 23:43:33: [basecommands.smx] "Console<0><Console><Console>" changed cvar (cvar "sv_maxcmdrate") (value "128")
L 08/11/2020 - 23:43:33: [basecommands.smx] "Console<0><Console><Console>" changed cvar (cvar "sv_mincmdrate") (value "128")
L 08/11/2020 - 23:43:33: [basecommands.smx] "Console<0><Console><Console>" changed cvar (cvar "sv_minupdaterate") (value "128")
L 08/11/2020 - 23:43:33: [basecommands.smx] "Console<0><Console><Console>" changed cvar (cvar "sv_maxupdaterate") (value "128")
L 08/11/2020 - 23:43:33: [basecommands.smx] "Console<0><Console><Console>" changed cvar (cvar "sv_maxunlag") (value "0.5")
L 08/11/2020 - 23:43:33: [basecommands.smx] "Console<0><Console><Console>" changed cvar (cvar "sv_unlag") (value "1")
L 08/11/2020 - 23:43:34: [chat-processor.smx] Message formats generated for game 'csgo'.
L 08/11/2020 - 23:43:34: [chat-processor.smx] Successfully hooked a SayText2 chat hook.
L 08/11/2020 - 23:43:34: [weapons.smx] Inactive players' data has been deleted
L 08/11/2020 - 23:47:58: -------- Mapchange to de_dust2 --------
L 08/11/2020 - 23:47:58: [basecommands.smx] "Console<0><Console><Console>" refreshed the admin cache.
L 08/11/2020 - 23:47:58: [basecommands.smx] "Console<0><Console><Console>" changed cvar (cvar "sv_maxrate") (value "128000")
L 08/11/2020 - 23:47:58: [basecommands.smx] "Console<0><Console><Console>" changed cvar (cvar "sv_minrate") (value "128000")
L 08/11/2020 - 23:47:58: [basecommands.smx] "Console<0><Console><Console>" changed cvar (cvar "sv_maxcmdrate") (value "128")
L 08/11/2020 - 23:47:58: [basecommands.smx] "Console<0><Console><Console>" changed cvar (cvar "sv_mincmdrate") (value "128")
L 08/11/2020 - 23:47:58: [basecommands.smx] "Console<0><Console><Console>" changed cvar (cvar "sv_minupdaterate") (value "128")
L 08/11/2020 - 23:47:58: [basecommands.smx] "Console<0><Console><Console>" changed cvar (cvar "sv_maxupdaterate") (value "128")
L 08/11/2020 - 23:47:58: [basecommands.smx] "Console<0><Console><Console>" changed cvar (cvar "sv_maxunlag") (value "0.5")
L 08/11/2020 - 23:47:58: [basecommands.smx] "Console<0><Console><Console>" changed cvar (cvar "sv_unlag") (value "1")
L 08/11/2020 - 23:47:59: [chat-processor.smx] Message formats generated for game 'csgo'.
L 08/11/2020 - 23:47:59: [chat-processor.smx] Successfully hooked a SayText2 chat hook.
L 08/11/2020 - 23:47:59: [weapons.smx] Inactive players' data has been deleted
L 08/12/2020 - 00:01:27: Log file closed.
