L 10/11/2020 - 00:02:01: SourceMod log file session started (file "C:\TCAFiles\Users\jean\1\csgo\addons\sourcemod\logs\L20201011.log") (Version "1.10.0.6488")
L 10/11/2020 - 00:02:01: [mapchooser.smx] Voting for next map has started.
L 10/11/2020 - 00:02:12: [mapchooser.smx] Voting for next map has finished. Nextmap: de_inferno.
L 10/11/2020 - 00:03:42: [SM] Changed map to "de_inferno"
L 10/11/2020 - 00:03:44: -------- Mapchange to de_inferno --------
L 10/11/2020 - 00:03:44: [basecommands.smx] "Console<0><Console><Console>" refreshed the admin cache.
L 10/11/2020 - 00:03:44: [basecommands.smx] "Console<0><Console><Console>" changed cvar (cvar "sv_maxrate") (value "128000")
L 10/11/2020 - 00:03:44: [basecommands.smx] "Console<0><Console><Console>" changed cvar (cvar "sv_minrate") (value "128000")
L 10/11/2020 - 00:03:44: [basecommands.smx] "Console<0><Console><Console>" changed cvar (cvar "sv_maxcmdrate") (value "128")
L 10/11/2020 - 00:03:44: [basecommands.smx] "Console<0><Console><Console>" changed cvar (cvar "sv_mincmdrate") (value "128")
L 10/11/2020 - 00:03:44: [basecommands.smx] "Console<0><Console><Console>" changed cvar (cvar "sv_minupdaterate") (value "128")
L 10/11/2020 - 00:03:44: [basecommands.smx] "Console<0><Console><Console>" changed cvar (cvar "sv_maxupdaterate") (value "128")
L 10/11/2020 - 00:03:44: [basecommands.smx] "Console<0><Console><Console>" changed cvar (cvar "sv_maxunlag") (value "0.5")
L 10/11/2020 - 00:03:44: [basecommands.smx] "Console<0><Console><Console>" changed cvar (cvar "sv_unlag") (value "1")
L 10/11/2020 - 00:03:45: [afk_manager4.smx] [AFK Manager] Log File: addons\sourcemod\logs\afkm_20201011.log
L 10/11/2020 - 00:03:45: [chat-processor.smx] Message formats generated for game 'csgo'.
L 10/11/2020 - 00:03:45: [chat-processor.smx] Successfully hooked a SayText2 chat hook.
L 10/11/2020 - 00:03:46: [weapons.smx] Inactive players' data has been deleted
L 10/11/2020 - 00:19:16: [mapchooser.smx] Voting for next map has started.
L 10/11/2020 - 00:19:25: [mapchooser.smx] Voting for next map has finished. Nextmap: de_mirage.
L 10/11/2020 - 00:21:37: [SM] Changed map to "de_mirage"
L 10/11/2020 - 00:21:38: -------- Mapchange to de_mirage --------
L 10/11/2020 - 00:21:38: [basecommands.smx] "Console<0><Console><Console>" refreshed the admin cache.
L 10/11/2020 - 00:21:38: [basecommands.smx] "Console<0><Console><Console>" changed cvar (cvar "sv_maxrate") (value "128000")
L 10/11/2020 - 00:21:38: [basecommands.smx] "Console<0><Console><Console>" changed cvar (cvar "sv_minrate") (value "128000")
L 10/11/2020 - 00:21:38: [basecommands.smx] "Console<0><Console><Console>" changed cvar (cvar "sv_maxcmdrate") (value "128")
L 10/11/2020 - 00:21:38: [basecommands.smx] "Console<0><Console><Console>" changed cvar (cvar "sv_mincmdrate") (value "128")
L 10/11/2020 - 00:21:38: [basecommands.smx] "Console<0><Console><Console>" changed cvar (cvar "sv_minupdaterate") (value "128")
L 10/11/2020 - 00:21:38: [basecommands.smx] "Console<0><Console><Console>" changed cvar (cvar "sv_maxupdaterate") (value "128")
L 10/11/2020 - 00:21:38: [basecommands.smx] "Console<0><Console><Console>" changed cvar (cvar "sv_maxunlag") (value "0.5")
L 10/11/2020 - 00:21:38: [basecommands.smx] "Console<0><Console><Console>" changed cvar (cvar "sv_unlag") (value "1")
L 10/11/2020 - 00:21:39: [chat-processor.smx] Message formats generated for game 'csgo'.
L 10/11/2020 - 00:21:39: [chat-processor.smx] Successfully hooked a SayText2 chat hook.
L 10/11/2020 - 00:21:40: [weapons.smx] Inactive players' data has been deleted
L 10/11/2020 - 00:36:16: [mapchooser.smx] Voting for next map has started.
L 10/11/2020 - 00:36:18: [mapchooser.smx] Voting for next map has finished. Nextmap: de_vertigo.
L 10/11/2020 - 00:37:40: [SM] Changed map to "de_vertigo"
L 10/11/2020 - 00:37:41: -------- Mapchange to de_vertigo --------
L 10/11/2020 - 00:37:42: [basecommands.smx] "Console<0><Console><Console>" refreshed the admin cache.
L 10/11/2020 - 00:37:42: [basecommands.smx] "Console<0><Console><Console>" changed cvar (cvar "sv_maxrate") (value "128000")
L 10/11/2020 - 00:37:42: [basecommands.smx] "Console<0><Console><Console>" changed cvar (cvar "sv_minrate") (value "128000")
L 10/11/2020 - 00:37:42: [basecommands.smx] "Console<0><Console><Console>" changed cvar (cvar "sv_maxcmdrate") (value "128")
L 10/11/2020 - 00:37:42: [basecommands.smx] "Console<0><Console><Console>" changed cvar (cvar "sv_mincmdrate") (value "128")
L 10/11/2020 - 00:37:42: [basecommands.smx] "Console<0><Console><Console>" changed cvar (cvar "sv_minupdaterate") (value "128")
L 10/11/2020 - 00:37:42: [basecommands.smx] "Console<0><Console><Console>" changed cvar (cvar "sv_maxupdaterate") (value "128")
L 10/11/2020 - 00:37:42: [basecommands.smx] "Console<0><Console><Console>" changed cvar (cvar "sv_maxunlag") (value "0.5")
L 10/11/2020 - 00:37:42: [basecommands.smx] "Console<0><Console><Console>" changed cvar (cvar "sv_unlag") (value "1")
L 10/11/2020 - 00:37:42: [chat-processor.smx] Message formats generated for game 'csgo'.
L 10/11/2020 - 00:37:42: [chat-processor.smx] Successfully hooked a SayText2 chat hook.
L 10/11/2020 - 00:37:43: [weapons.smx] Inactive players' data has been deleted
L 10/11/2020 - 00:49:06: [mapchooser.smx] Voting for next map has started.
L 10/11/2020 - 00:49:09: [mapchooser.smx] Voting for next map has finished. Nextmap: de_train.
L 10/11/2020 - 00:50:51: [SM] Changed map to "de_train"
L 10/11/2020 - 00:50:53: -------- Mapchange to de_train --------
L 10/11/2020 - 00:50:53: [basecommands.smx] "Console<0><Console><Console>" refreshed the admin cache.
L 10/11/2020 - 00:50:53: [basecommands.smx] "Console<0><Console><Console>" changed cvar (cvar "sv_maxrate") (value "128000")
L 10/11/2020 - 00:50:53: [basecommands.smx] "Console<0><Console><Console>" changed cvar (cvar "sv_minrate") (value "128000")
L 10/11/2020 - 00:50:53: [basecommands.smx] "Console<0><Console><Console>" changed cvar (cvar "sv_maxcmdrate") (value "128")
L 10/11/2020 - 00:50:53: [basecommands.smx] "Console<0><Console><Console>" changed cvar (cvar "sv_mincmdrate") (value "128")
L 10/11/2020 - 00:50:53: [basecommands.smx] "Console<0><Console><Console>" changed cvar (cvar "sv_minupdaterate") (value "128")
L 10/11/2020 - 00:50:53: [basecommands.smx] "Console<0><Console><Console>" changed cvar (cvar "sv_maxupdaterate") (value "128")
L 10/11/2020 - 00:50:53: [basecommands.smx] "Console<0><Console><Console>" changed cvar (cvar "sv_maxunlag") (value "0.5")
L 10/11/2020 - 00:50:53: [basecommands.smx] "Console<0><Console><Console>" changed cvar (cvar "sv_unlag") (value "1")
L 10/11/2020 - 00:50:54: [chat-processor.smx] Message formats generated for game 'csgo'.
L 10/11/2020 - 00:50:54: [chat-processor.smx] Successfully hooked a SayText2 chat hook.
L 10/11/2020 - 00:50:55: [weapons.smx] Inactive players' data has been deleted
L 10/11/2020 - 01:05:49: [mapchooser.smx] Voting for next map has started.
L 10/11/2020 - 01:05:55: [mapchooser.smx] Voting for next map has finished. Nextmap: de_overpass.
L 10/11/2020 - 01:07:27: [SM] Changed map to "de_overpass"
L 10/11/2020 - 01:07:28: -------- Mapchange to de_overpass --------
L 10/11/2020 - 01:07:28: [basecommands.smx] "Console<0><Console><Console>" refreshed the admin cache.
L 10/11/2020 - 01:07:28: [basecommands.smx] "Console<0><Console><Console>" changed cvar (cvar "sv_maxrate") (value "128000")
L 10/11/2020 - 01:07:28: [basecommands.smx] "Console<0><Console><Console>" changed cvar (cvar "sv_minrate") (value "128000")
L 10/11/2020 - 01:07:28: [basecommands.smx] "Console<0><Console><Console>" changed cvar (cvar "sv_maxcmdrate") (value "128")
L 10/11/2020 - 01:07:28: [basecommands.smx] "Console<0><Console><Console>" changed cvar (cvar "sv_mincmdrate") (value "128")
L 10/11/2020 - 01:07:29: [basecommands.smx] "Console<0><Console><Console>" changed cvar (cvar "sv_minupdaterate") (value "128")
L 10/11/2020 - 01:07:29: [basecommands.smx] "Console<0><Console><Console>" changed cvar (cvar "sv_maxupdaterate") (value "128")
L 10/11/2020 - 01:07:29: [basecommands.smx] "Console<0><Console><Console>" changed cvar (cvar "sv_maxunlag") (value "0.5")
L 10/11/2020 - 01:07:29: [basecommands.smx] "Console<0><Console><Console>" changed cvar (cvar "sv_unlag") (value "1")
L 10/11/2020 - 01:07:29: [chat-processor.smx] Message formats generated for game 'csgo'.
L 10/11/2020 - 01:07:29: [chat-processor.smx] Successfully hooked a SayText2 chat hook.
L 10/11/2020 - 01:07:30: [weapons.smx] Inactive players' data has been deleted
L 10/11/2020 - 01:22:18: [mapchooser.smx] Voting for next map has started.
L 10/11/2020 - 01:22:38: [mapchooser.smx] Voting for next map has finished. Nextmap: de_cache.
L 10/11/2020 - 01:24:41: [SM] Changed map to "de_cache"
L 10/11/2020 - 01:24:46: -------- Mapchange to de_cache --------
L 10/11/2020 - 01:24:46: [basecommands.smx] "Console<0><Console><Console>" refreshed the admin cache.
L 10/11/2020 - 01:24:46: [basecommands.smx] "Console<0><Console><Console>" changed cvar (cvar "sv_maxrate") (value "128000")
L 10/11/2020 - 01:24:46: [basecommands.smx] "Console<0><Console><Console>" changed cvar (cvar "sv_minrate") (value "128000")
L 10/11/2020 - 01:24:46: [basecommands.smx] "Console<0><Console><Console>" changed cvar (cvar "sv_maxcmdrate") (value "128")
L 10/11/2020 - 01:24:46: [basecommands.smx] "Console<0><Console><Console>" changed cvar (cvar "sv_mincmdrate") (value "128")
L 10/11/2020 - 01:24:46: [basecommands.smx] "Console<0><Console><Console>" changed cvar (cvar "sv_minupdaterate") (value "128")
L 10/11/2020 - 01:24:46: [basecommands.smx] "Console<0><Console><Console>" changed cvar (cvar "sv_maxupdaterate") (value "128")
L 10/11/2020 - 01:24:46: [basecommands.smx] "Console<0><Console><Console>" changed cvar (cvar "sv_maxunlag") (value "0.5")
L 10/11/2020 - 01:24:46: [basecommands.smx] "Console<0><Console><Console>" changed cvar (cvar "sv_unlag") (value "1")
L 10/11/2020 - 01:24:47: [chat-processor.smx] Message formats generated for game 'csgo'.
L 10/11/2020 - 01:24:47: [chat-processor.smx] Successfully hooked a SayText2 chat hook.
L 10/11/2020 - 01:24:48: [weapons.smx] Inactive players' data has been deleted
L 10/11/2020 - 01:40:16: [mapchooser.smx] Voting for next map has started.
L 10/11/2020 - 01:40:25: [mapchooser.smx] Voting for next map has finished. Nextmap: de_dust2.
L 10/11/2020 - 01:41:52: [SM] Changed map to "de_dust2"
L 10/11/2020 - 01:41:55: -------- Mapchange to de_dust2 --------
L 10/11/2020 - 01:41:55: [basecommands.smx] "Console<0><Console><Console>" refreshed the admin cache.
L 10/11/2020 - 01:41:55: [basecommands.smx] "Console<0><Console><Console>" changed cvar (cvar "sv_maxrate") (value "128000")
L 10/11/2020 - 01:41:55: [basecommands.smx] "Console<0><Console><Console>" changed cvar (cvar "sv_minrate") (value "128000")
L 10/11/2020 - 01:41:55: [basecommands.smx] "Console<0><Console><Console>" changed cvar (cvar "sv_maxcmdrate") (value "128")
L 10/11/2020 - 01:41:55: [basecommands.smx] "Console<0><Console><Console>" changed cvar (cvar "sv_mincmdrate") (value "128")
L 10/11/2020 - 01:41:55: [basecommands.smx] "Console<0><Console><Console>" changed cvar (cvar "sv_minupdaterate") (value "128")
L 10/11/2020 - 01:41:55: [basecommands.smx] "Console<0><Console><Console>" changed cvar (cvar "sv_maxupdaterate") (value "128")
L 10/11/2020 - 01:41:55: [basecommands.smx] "Console<0><Console><Console>" changed cvar (cvar "sv_maxunlag") (value "0.5")
L 10/11/2020 - 01:41:55: [basecommands.smx] "Console<0><Console><Console>" changed cvar (cvar "sv_unlag") (value "1")
L 10/11/2020 - 01:41:56: [chat-processor.smx] Message formats generated for game 'csgo'.
L 10/11/2020 - 01:41:56: [chat-processor.smx] Successfully hooked a SayText2 chat hook.
L 10/11/2020 - 01:41:57: [weapons.smx] Inactive players' data has been deleted
L 10/11/2020 - 01:57:10: [mapchooser.smx] Voting for next map has started.
L 10/11/2020 - 01:57:16: [mapchooser.smx] Voting for next map has finished. Nextmap: de_inferno.
L 10/11/2020 - 01:58:54: [SM] Changed map to "de_inferno"
L 10/11/2020 - 01:58:56: -------- Mapchange to de_inferno --------
L 10/11/2020 - 01:58:56: [basecommands.smx] "Console<0><Console><Console>" refreshed the admin cache.
L 10/11/2020 - 01:58:56: [basecommands.smx] "Console<0><Console><Console>" changed cvar (cvar "sv_maxrate") (value "128000")
L 10/11/2020 - 01:58:56: [basecommands.smx] "Console<0><Console><Console>" changed cvar (cvar "sv_minrate") (value "128000")
L 10/11/2020 - 01:58:56: [basecommands.smx] "Console<0><Console><Console>" changed cvar (cvar "sv_maxcmdrate") (value "128")
L 10/11/2020 - 01:58:56: [basecommands.smx] "Console<0><Console><Console>" changed cvar (cvar "sv_mincmdrate") (value "128")
L 10/11/2020 - 01:58:56: [basecommands.smx] "Console<0><Console><Console>" changed cvar (cvar "sv_minupdaterate") (value "128")
L 10/11/2020 - 01:58:56: [basecommands.smx] "Console<0><Console><Console>" changed cvar (cvar "sv_maxupdaterate") (value "128")
L 10/11/2020 - 01:58:56: [basecommands.smx] "Console<0><Console><Console>" changed cvar (cvar "sv_maxunlag") (value "0.5")
L 10/11/2020 - 01:58:56: [basecommands.smx] "Console<0><Console><Console>" changed cvar (cvar "sv_unlag") (value "1")
L 10/11/2020 - 01:58:57: [chat-processor.smx] Message formats generated for game 'csgo'.
L 10/11/2020 - 01:58:57: [chat-processor.smx] Successfully hooked a SayText2 chat hook.
L 10/11/2020 - 01:58:58: [weapons.smx] Inactive players' data has been deleted
L 10/11/2020 - 02:15:05: [mapchooser.smx] Voting for next map has started.
L 10/11/2020 - 02:15:12: [mapchooser.smx] Voting for next map has finished. Nextmap: de_mirage.
L 10/11/2020 - 02:17:01: [SM] Changed map to "de_mirage"
L 10/11/2020 - 02:17:02: -------- Mapchange to de_mirage --------
L 10/11/2020 - 02:17:03: [basecommands.smx] "Console<0><Console><Console>" refreshed the admin cache.
L 10/11/2020 - 02:17:03: [basecommands.smx] "Console<0><Console><Console>" changed cvar (cvar "sv_maxrate") (value "128000")
L 10/11/2020 - 02:17:03: [basecommands.smx] "Console<0><Console><Console>" changed cvar (cvar "sv_minrate") (value "128000")
L 10/11/2020 - 02:17:03: [basecommands.smx] "Console<0><Console><Console>" changed cvar (cvar "sv_maxcmdrate") (value "128")
L 10/11/2020 - 02:17:03: [basecommands.smx] "Console<0><Console><Console>" changed cvar (cvar "sv_mincmdrate") (value "128")
L 10/11/2020 - 02:17:03: [basecommands.smx] "Console<0><Console><Console>" changed cvar (cvar "sv_minupdaterate") (value "128")
L 10/11/2020 - 02:17:03: [basecommands.smx] "Console<0><Console><Console>" changed cvar (cvar "sv_maxupdaterate") (value "128")
L 10/11/2020 - 02:17:03: [basecommands.smx] "Console<0><Console><Console>" changed cvar (cvar "sv_maxunlag") (value "0.5")
L 10/11/2020 - 02:17:03: [basecommands.smx] "Console<0><Console><Console>" changed cvar (cvar "sv_unlag") (value "1")
L 10/11/2020 - 02:17:03: [chat-processor.smx] Message formats generated for game 'csgo'.
L 10/11/2020 - 02:17:03: [chat-processor.smx] Successfully hooked a SayText2 chat hook.
L 10/11/2020 - 02:17:04: [weapons.smx] Inactive players' data has been deleted
L 10/11/2020 - 02:32:04: [mapchooser.smx] Voting for next map has started.
L 10/11/2020 - 02:32:07: [mapchooser.smx] Voting for next map has finished. Nextmap: de_vertigo.
L 10/11/2020 - 02:34:19: [SM] Changed map to "de_vertigo"
L 10/11/2020 - 02:34:20: -------- Mapchange to de_vertigo --------
L 10/11/2020 - 02:34:24: [basecommands.smx] "Console<0><Console><Console>" refreshed the admin cache.
L 10/11/2020 - 02:34:24: [basecommands.smx] "Console<0><Console><Console>" changed cvar (cvar "sv_maxrate") (value "128000")
L 10/11/2020 - 02:34:24: [basecommands.smx] "Console<0><Console><Console>" changed cvar (cvar "sv_minrate") (value "128000")
L 10/11/2020 - 02:34:24: [basecommands.smx] "Console<0><Console><Console>" changed cvar (cvar "sv_maxcmdrate") (value "128")
L 10/11/2020 - 02:34:24: [basecommands.smx] "Console<0><Console><Console>" changed cvar (cvar "sv_mincmdrate") (value "128")
L 10/11/2020 - 02:34:24: [basecommands.smx] "Console<0><Console><Console>" changed cvar (cvar "sv_minupdaterate") (value "128")
L 10/11/2020 - 02:34:24: [basecommands.smx] "Console<0><Console><Console>" changed cvar (cvar "sv_maxupdaterate") (value "128")
L 10/11/2020 - 02:34:24: [basecommands.smx] "Console<0><Console><Console>" changed cvar (cvar "sv_maxunlag") (value "0.5")
L 10/11/2020 - 02:34:24: [basecommands.smx] "Console<0><Console><Console>" changed cvar (cvar "sv_unlag") (value "1")
L 10/11/2020 - 02:34:25: [chat-processor.smx] Message formats generated for game 'csgo'.
L 10/11/2020 - 02:34:25: [chat-processor.smx] Successfully hooked a SayText2 chat hook.
L 10/11/2020 - 02:34:26: [weapons.smx] Inactive players' data has been deleted
L 10/11/2020 - 07:16:26: SourceMod log file session started (file "C:\TCAFiles\Users\jean\1\csgo\addons\sourcemod\logs\L20201011.log") (Version "1.10.0.6488")
L 10/11/2020 - 07:16:26: [GEOIP] GeoIP database info: GEO-106FREE 20180327 Build 1 Copyright (c) 2018 MaxMind Inc All Rights Reserved
L 10/11/2020 - 07:16:27: [afk_manager4.smx] [AFK Manager] Log File: addons\sourcemod\logs\afkm_20201011.log
L 10/11/2020 - 07:16:27: [afk_manager4.smx] [AFK Manager] Detected Mod Counter-Strike: Global Offensive
L 10/11/2020 - 09:23:59: [chat-processor.smx] Message formats generated for game 'csgo'.
L 10/11/2020 - 09:23:59: [chat-processor.smx] Successfully hooked a SayText2 chat hook.
L 10/11/2020 - 09:24:04: -------- Mapchange to de_dust2 --------
L 10/11/2020 - 09:24:06: [basecommands.smx] "Console<0><Console><Console>" refreshed the admin cache.
L 10/11/2020 - 09:24:06: [basecommands.smx] "Console<0><Console><Console>" changed cvar (cvar "sv_maxrate") (value "128000")
L 10/11/2020 - 09:24:06: [basecommands.smx] "Console<0><Console><Console>" changed cvar (cvar "sv_minrate") (value "128000")
L 10/11/2020 - 09:24:06: [basecommands.smx] "Console<0><Console><Console>" changed cvar (cvar "sv_maxcmdrate") (value "128")
L 10/11/2020 - 09:24:06: [basecommands.smx] "Console<0><Console><Console>" changed cvar (cvar "sv_mincmdrate") (value "128")
L 10/11/2020 - 09:24:06: [basecommands.smx] "Console<0><Console><Console>" changed cvar (cvar "sv_minupdaterate") (value "128")
L 10/11/2020 - 09:24:06: [basecommands.smx] "Console<0><Console><Console>" changed cvar (cvar "sv_maxupdaterate") (value "128")
L 10/11/2020 - 09:24:06: [basecommands.smx] "Console<0><Console><Console>" changed cvar (cvar "sv_maxunlag") (value "0.5")
L 10/11/2020 - 09:24:06: [basecommands.smx] "Console<0><Console><Console>" changed cvar (cvar "sv_unlag") (value "1")
L 10/11/2020 - 09:24:07: [chat-processor.smx] Message formats generated for game 'csgo'.
L 10/11/2020 - 09:24:07: [chat-processor.smx] Successfully hooked a SayText2 chat hook.
L 10/11/2020 - 09:24:08: [weapons.smx] SQLite DB connection successful
L 10/11/2020 - 09:24:08: [weapons.smx] Inactive players' data has been deleted
L 10/11/2020 - 09:24:09: [weapons.smx] SQLite DB connection successful
L 10/11/2020 - 09:24:09: [weapons.smx] SQLite DB connection successful
L 10/11/2020 - 09:24:09: [weapons.smx] Inactive players' data has been deleted
L 10/11/2020 - 09:24:09: [weapons.smx] Inactive players' data has been deleted
L 10/11/2020 - 09:36:42: [mapchooser.smx] Voting for next map has started.
L 10/11/2020 - 09:36:44: [mapchooser.smx] Voting for next map has finished. Nextmap: de_inferno.
L 10/11/2020 - 09:38:54: [SM] Changed map to "de_inferno"
L 10/11/2020 - 09:38:57: -------- Mapchange to de_inferno --------
L 10/11/2020 - 09:38:57: [basecommands.smx] "Console<0><Console><Console>" refreshed the admin cache.
L 10/11/2020 - 09:38:57: [basecommands.smx] "Console<0><Console><Console>" changed cvar (cvar "sv_maxrate") (value "128000")
L 10/11/2020 - 09:38:57: [basecommands.smx] "Console<0><Console><Console>" changed cvar (cvar "sv_minrate") (value "128000")
L 10/11/2020 - 09:38:57: [basecommands.smx] "Console<0><Console><Console>" changed cvar (cvar "sv_maxcmdrate") (value "128")
L 10/11/2020 - 09:38:57: [basecommands.smx] "Console<0><Console><Console>" changed cvar (cvar "sv_mincmdrate") (value "128")
L 10/11/2020 - 09:38:57: [basecommands.smx] "Console<0><Console><Console>" changed cvar (cvar "sv_minupdaterate") (value "128")
L 10/11/2020 - 09:38:57: [basecommands.smx] "Console<0><Console><Console>" changed cvar (cvar "sv_maxupdaterate") (value "128")
L 10/11/2020 - 09:38:57: [basecommands.smx] "Console<0><Console><Console>" changed cvar (cvar "sv_maxunlag") (value "0.5")
L 10/11/2020 - 09:38:57: [basecommands.smx] "Console<0><Console><Console>" changed cvar (cvar "sv_unlag") (value "1")
L 10/11/2020 - 09:38:58: [chat-processor.smx] Message formats generated for game 'csgo'.
L 10/11/2020 - 09:38:58: [chat-processor.smx] Successfully hooked a SayText2 chat hook.
L 10/11/2020 - 09:38:59: [weapons.smx] Inactive players' data has been deleted
L 10/11/2020 - 09:54:48: [mapchooser.smx] Voting for next map has started.
L 10/11/2020 - 09:54:52: [mapchooser.smx] Voting for next map has finished. Nextmap: de_mirage.
L 10/11/2020 - 10:11:48: [SM] Changed map to "de_mirage"
L 10/11/2020 - 10:11:49: -------- Mapchange to de_mirage --------
L 10/11/2020 - 10:11:50: [basecommands.smx] "Console<0><Console><Console>" refreshed the admin cache.
L 10/11/2020 - 10:11:50: [basecommands.smx] "Console<0><Console><Console>" changed cvar (cvar "sv_maxrate") (value "128000")
L 10/11/2020 - 10:11:50: [basecommands.smx] "Console<0><Console><Console>" changed cvar (cvar "sv_minrate") (value "128000")
L 10/11/2020 - 10:11:50: [basecommands.smx] "Console<0><Console><Console>" changed cvar (cvar "sv_maxcmdrate") (value "128")
L 10/11/2020 - 10:11:50: [basecommands.smx] "Console<0><Console><Console>" changed cvar (cvar "sv_mincmdrate") (value "128")
L 10/11/2020 - 10:11:50: [basecommands.smx] "Console<0><Console><Console>" changed cvar (cvar "sv_minupdaterate") (value "128")
L 10/11/2020 - 10:11:50: [basecommands.smx] "Console<0><Console><Console>" changed cvar (cvar "sv_maxupdaterate") (value "128")
L 10/11/2020 - 10:11:50: [basecommands.smx] "Console<0><Console><Console>" changed cvar (cvar "sv_maxunlag") (value "0.5")
L 10/11/2020 - 10:11:50: [basecommands.smx] "Console<0><Console><Console>" changed cvar (cvar "sv_unlag") (value "1")
L 10/11/2020 - 10:11:50: [chat-processor.smx] Message formats generated for game 'csgo'.
L 10/11/2020 - 10:11:50: [chat-processor.smx] Successfully hooked a SayText2 chat hook.
L 10/11/2020 - 10:11:51: [weapons.smx] Inactive players' data has been deleted
L 10/11/2020 - 11:45:38: -------- Mapchange to de_mirage --------
L 10/11/2020 - 11:45:39: [basecommands.smx] "Console<0><Console><Console>" refreshed the admin cache.
L 10/11/2020 - 11:45:39: [basecommands.smx] "Console<0><Console><Console>" changed cvar (cvar "sv_maxrate") (value "128000")
L 10/11/2020 - 11:45:39: [basecommands.smx] "Console<0><Console><Console>" changed cvar (cvar "sv_minrate") (value "128000")
L 10/11/2020 - 11:45:39: [basecommands.smx] "Console<0><Console><Console>" changed cvar (cvar "sv_maxcmdrate") (value "128")
L 10/11/2020 - 11:45:39: [basecommands.smx] "Console<0><Console><Console>" changed cvar (cvar "sv_mincmdrate") (value "128")
L 10/11/2020 - 11:45:39: [basecommands.smx] "Console<0><Console><Console>" changed cvar (cvar "sv_minupdaterate") (value "128")
L 10/11/2020 - 11:45:39: [basecommands.smx] "Console<0><Console><Console>" changed cvar (cvar "sv_maxupdaterate") (value "128")
L 10/11/2020 - 11:45:39: [basecommands.smx] "Console<0><Console><Console>" changed cvar (cvar "sv_maxunlag") (value "0.5")
L 10/11/2020 - 11:45:39: [basecommands.smx] "Console<0><Console><Console>" changed cvar (cvar "sv_unlag") (value "1")
L 10/11/2020 - 11:45:39: [chat-processor.smx] Message formats generated for game 'csgo'.
L 10/11/2020 - 11:45:39: [chat-processor.smx] Successfully hooked a SayText2 chat hook.
L 10/11/2020 - 11:45:40: [weapons.smx] Inactive players' data has been deleted
L 10/11/2020 - 11:53:58: -------- Mapchange to de_mirage --------
L 10/11/2020 - 11:53:59: [basecommands.smx] "Console<0><Console><Console>" refreshed the admin cache.
L 10/11/2020 - 11:53:59: [basecommands.smx] "Console<0><Console><Console>" changed cvar (cvar "sv_maxrate") (value "128000")
L 10/11/2020 - 11:53:59: [basecommands.smx] "Console<0><Console><Console>" changed cvar (cvar "sv_minrate") (value "128000")
L 10/11/2020 - 11:53:59: [basecommands.smx] "Console<0><Console><Console>" changed cvar (cvar "sv_maxcmdrate") (value "128")
L 10/11/2020 - 11:53:59: [basecommands.smx] "Console<0><Console><Console>" changed cvar (cvar "sv_mincmdrate") (value "128")
L 10/11/2020 - 11:53:59: [basecommands.smx] "Console<0><Console><Console>" changed cvar (cvar "sv_minupdaterate") (value "128")
L 10/11/2020 - 11:53:59: [basecommands.smx] "Console<0><Console><Console>" changed cvar (cvar "sv_maxupdaterate") (value "128")
L 10/11/2020 - 11:53:59: [basecommands.smx] "Console<0><Console><Console>" changed cvar (cvar "sv_maxunlag") (value "0.5")
L 10/11/2020 - 11:53:59: [basecommands.smx] "Console<0><Console><Console>" changed cvar (cvar "sv_unlag") (value "1")
L 10/11/2020 - 11:53:59: [chat-processor.smx] Message formats generated for game 'csgo'.
L 10/11/2020 - 11:53:59: [chat-processor.smx] Successfully hooked a SayText2 chat hook.
L 10/11/2020 - 11:54:00: [weapons.smx] Inactive players' data has been deleted
L 10/11/2020 - 12:20:34: -------- Mapchange to de_mirage --------
L 10/11/2020 - 12:20:35: [basecommands.smx] "Console<0><Console><Console>" refreshed the admin cache.
L 10/11/2020 - 12:20:35: [basecommands.smx] "Console<0><Console><Console>" changed cvar (cvar "sv_maxrate") (value "128000")
L 10/11/2020 - 12:20:35: [basecommands.smx] "Console<0><Console><Console>" changed cvar (cvar "sv_minrate") (value "128000")
L 10/11/2020 - 12:20:35: [basecommands.smx] "Console<0><Console><Console>" changed cvar (cvar "sv_maxcmdrate") (value "128")
L 10/11/2020 - 12:20:35: [basecommands.smx] "Console<0><Console><Console>" changed cvar (cvar "sv_mincmdrate") (value "128")
L 10/11/2020 - 12:20:35: [basecommands.smx] "Console<0><Console><Console>" changed cvar (cvar "sv_minupdaterate") (value "128")
L 10/11/2020 - 12:20:35: [basecommands.smx] "Console<0><Console><Console>" changed cvar (cvar "sv_maxupdaterate") (value "128")
L 10/11/2020 - 12:20:35: [basecommands.smx] "Console<0><Console><Console>" changed cvar (cvar "sv_maxunlag") (value "0.5")
L 10/11/2020 - 12:20:35: [basecommands.smx] "Console<0><Console><Console>" changed cvar (cvar "sv_unlag") (value "1")
L 10/11/2020 - 12:20:35: [chat-processor.smx] Message formats generated for game 'csgo'.
L 10/11/2020 - 12:20:35: [chat-processor.smx] Successfully hooked a SayText2 chat hook.
L 10/11/2020 - 12:20:36: [weapons.smx] Inactive players' data has been deleted
L 10/11/2020 - 12:33:40: [mapchooser.smx] Voting for next map has started.
L 10/11/2020 - 12:33:45: [mapchooser.smx] Voting for next map has finished. Nextmap: de_cache.
L 10/11/2020 - 12:54:50: [SM] Changed map to "de_cache"
L 10/11/2020 - 12:54:57: -------- Mapchange to de_cache --------
L 10/11/2020 - 12:54:57: [basecommands.smx] "Console<0><Console><Console>" refreshed the admin cache.
L 10/11/2020 - 12:54:57: [basecommands.smx] "Console<0><Console><Console>" changed cvar (cvar "sv_maxrate") (value "128000")
L 10/11/2020 - 12:54:57: [basecommands.smx] "Console<0><Console><Console>" changed cvar (cvar "sv_minrate") (value "128000")
L 10/11/2020 - 12:54:57: [basecommands.smx] "Console<0><Console><Console>" changed cvar (cvar "sv_maxcmdrate") (value "128")
L 10/11/2020 - 12:54:57: [basecommands.smx] "Console<0><Console><Console>" changed cvar (cvar "sv_mincmdrate") (value "128")
L 10/11/2020 - 12:54:57: [basecommands.smx] "Console<0><Console><Console>" changed cvar (cvar "sv_minupdaterate") (value "128")
L 10/11/2020 - 12:54:57: [basecommands.smx] "Console<0><Console><Console>" changed cvar (cvar "sv_maxupdaterate") (value "128")
L 10/11/2020 - 12:54:57: [basecommands.smx] "Console<0><Console><Console>" changed cvar (cvar "sv_maxunlag") (value "0.5")
L 10/11/2020 - 12:54:57: [basecommands.smx] "Console<0><Console><Console>" changed cvar (cvar "sv_unlag") (value "1")
L 10/11/2020 - 12:54:58: [chat-processor.smx] Message formats generated for game 'csgo'.
L 10/11/2020 - 12:54:58: [chat-processor.smx] Successfully hooked a SayText2 chat hook.
L 10/11/2020 - 12:54:59: [weapons.smx] Inactive players' data has been deleted
L 10/11/2020 - 13:13:18: [mapchooser.smx] Voting for next map has started.
L 10/11/2020 - 13:13:26: [mapchooser.smx] Voting for next map has finished. Nextmap: de_train.
L 10/11/2020 - 13:18:45: [SM] Changed map to "de_train"
L 10/11/2020 - 13:18:48: -------- Mapchange to de_train --------
L 10/11/2020 - 13:18:48: [basecommands.smx] "Console<0><Console><Console>" refreshed the admin cache.
L 10/11/2020 - 13:18:48: [basecommands.smx] "Console<0><Console><Console>" changed cvar (cvar "sv_maxrate") (value "128000")
L 10/11/2020 - 13:18:48: [basecommands.smx] "Console<0><Console><Console>" changed cvar (cvar "sv_minrate") (value "128000")
L 10/11/2020 - 13:18:48: [basecommands.smx] "Console<0><Console><Console>" changed cvar (cvar "sv_maxcmdrate") (value "128")
L 10/11/2020 - 13:18:48: [basecommands.smx] "Console<0><Console><Console>" changed cvar (cvar "sv_mincmdrate") (value "128")
L 10/11/2020 - 13:18:48: [basecommands.smx] "Console<0><Console><Console>" changed cvar (cvar "sv_minupdaterate") (value "128")
L 10/11/2020 - 13:18:48: [basecommands.smx] "Console<0><Console><Console>" changed cvar (cvar "sv_maxupdaterate") (value "128")
L 10/11/2020 - 13:18:48: [basecommands.smx] "Console<0><Console><Console>" changed cvar (cvar "sv_maxunlag") (value "0.5")
L 10/11/2020 - 13:18:48: [basecommands.smx] "Console<0><Console><Console>" changed cvar (cvar "sv_unlag") (value "1")
L 10/11/2020 - 13:18:49: [chat-processor.smx] Message formats generated for game 'csgo'.
L 10/11/2020 - 13:18:49: [chat-processor.smx] Successfully hooked a SayText2 chat hook.
L 10/11/2020 - 13:18:50: [weapons.smx] Inactive players' data has been deleted
L 10/11/2020 - 13:36:36: [mapchooser.smx] Voting for next map has started.
L 10/11/2020 - 13:36:57: [mapchooser.smx] Voting for next map has finished. Nextmap: de_nuke.
L 10/11/2020 - 13:38:54: [SM] Changed map to "de_nuke"
L 10/11/2020 - 13:38:59: -------- Mapchange to de_nuke --------
L 10/11/2020 - 13:38:59: [basecommands.smx] "Console<0><Console><Console>" refreshed the admin cache.
L 10/11/2020 - 13:38:59: [basecommands.smx] "Console<0><Console><Console>" changed cvar (cvar "sv_maxrate") (value "128000")
L 10/11/2020 - 13:38:59: [basecommands.smx] "Console<0><Console><Console>" changed cvar (cvar "sv_minrate") (value "128000")
L 10/11/2020 - 13:38:59: [basecommands.smx] "Console<0><Console><Console>" changed cvar (cvar "sv_maxcmdrate") (value "128")
L 10/11/2020 - 13:38:59: [basecommands.smx] "Console<0><Console><Console>" changed cvar (cvar "sv_mincmdrate") (value "128")
L 10/11/2020 - 13:38:59: [basecommands.smx] "Console<0><Console><Console>" changed cvar (cvar "sv_minupdaterate") (value "128")
L 10/11/2020 - 13:38:59: [basecommands.smx] "Console<0><Console><Console>" changed cvar (cvar "sv_maxupdaterate") (value "128")
L 10/11/2020 - 13:38:59: [basecommands.smx] "Console<0><Console><Console>" changed cvar (cvar "sv_maxunlag") (value "0.5")
L 10/11/2020 - 13:38:59: [basecommands.smx] "Console<0><Console><Console>" changed cvar (cvar "sv_unlag") (value "1")
L 10/11/2020 - 13:39:00: [chat-processor.smx] Message formats generated for game 'csgo'.
L 10/11/2020 - 13:39:00: [chat-processor.smx] Successfully hooked a SayText2 chat hook.
L 10/11/2020 - 13:39:01: [weapons.smx] Inactive players' data has been deleted
L 10/11/2020 - 13:51:16: [mapchooser.smx] Voting for next map has started.
L 10/11/2020 - 13:51:23: [mapchooser.smx] Voting for next map has finished. Nextmap: de_dust2.
L 10/11/2020 - 13:54:58: [SM] Changed map to "de_dust2"
L 10/11/2020 - 13:55:02: -------- Mapchange to de_dust2 --------
L 10/11/2020 - 13:55:02: [basecommands.smx] "Console<0><Console><Console>" refreshed the admin cache.
L 10/11/2020 - 13:55:02: [basecommands.smx] "Console<0><Console><Console>" changed cvar (cvar "sv_maxrate") (value "128000")
L 10/11/2020 - 13:55:02: [basecommands.smx] "Console<0><Console><Console>" changed cvar (cvar "sv_minrate") (value "128000")
L 10/11/2020 - 13:55:02: [basecommands.smx] "Console<0><Console><Console>" changed cvar (cvar "sv_maxcmdrate") (value "128")
L 10/11/2020 - 13:55:02: [basecommands.smx] "Console<0><Console><Console>" changed cvar (cvar "sv_mincmdrate") (value "128")
L 10/11/2020 - 13:55:02: [basecommands.smx] "Console<0><Console><Console>" changed cvar (cvar "sv_minupdaterate") (value "128")
L 10/11/2020 - 13:55:02: [basecommands.smx] "Console<0><Console><Console>" changed cvar (cvar "sv_maxupdaterate") (value "128")
L 10/11/2020 - 13:55:02: [basecommands.smx] "Console<0><Console><Console>" changed cvar (cvar "sv_maxunlag") (value "0.5")
L 10/11/2020 - 13:55:02: [basecommands.smx] "Console<0><Console><Console>" changed cvar (cvar "sv_unlag") (value "1")
L 10/11/2020 - 13:55:03: [chat-processor.smx] Message formats generated for game 'csgo'.
L 10/11/2020 - 13:55:03: [chat-processor.smx] Successfully hooked a SayText2 chat hook.
L 10/11/2020 - 13:55:04: [weapons.smx] Inactive players' data has been deleted
L 10/11/2020 - 14:11:07: [mapchooser.smx] Voting for next map has started.
L 10/11/2020 - 14:11:11: [mapchooser.smx] Voting for next map has finished. Nextmap: de_inferno.
L 10/11/2020 - 14:14:21: [SM] Changed map to "de_inferno"
L 10/11/2020 - 14:14:23: -------- Mapchange to de_inferno --------
L 10/11/2020 - 14:14:23: [basecommands.smx] "Console<0><Console><Console>" refreshed the admin cache.
L 10/11/2020 - 14:14:23: [basecommands.smx] "Console<0><Console><Console>" changed cvar (cvar "sv_maxrate") (value "128000")
L 10/11/2020 - 14:14:23: [basecommands.smx] "Console<0><Console><Console>" changed cvar (cvar "sv_minrate") (value "128000")
L 10/11/2020 - 14:14:23: [basecommands.smx] "Console<0><Console><Console>" changed cvar (cvar "sv_maxcmdrate") (value "128")
L 10/11/2020 - 14:14:23: [basecommands.smx] "Console<0><Console><Console>" changed cvar (cvar "sv_mincmdrate") (value "128")
L 10/11/2020 - 14:14:23: [basecommands.smx] "Console<0><Console><Console>" changed cvar (cvar "sv_minupdaterate") (value "128")
L 10/11/2020 - 14:14:23: [basecommands.smx] "Console<0><Console><Console>" changed cvar (cvar "sv_maxupdaterate") (value "128")
L 10/11/2020 - 14:14:23: [basecommands.smx] "Console<0><Console><Console>" changed cvar (cvar "sv_maxunlag") (value "0.5")
L 10/11/2020 - 14:14:23: [basecommands.smx] "Console<0><Console><Console>" changed cvar (cvar "sv_unlag") (value "1")
L 10/11/2020 - 14:14:24: [chat-processor.smx] Message formats generated for game 'csgo'.
L 10/11/2020 - 14:14:24: [chat-processor.smx] Successfully hooked a SayText2 chat hook.
L 10/11/2020 - 14:14:25: [weapons.smx] Inactive players' data has been deleted
L 10/11/2020 - 14:41:50: -------- Mapchange to de_inferno --------
L 10/11/2020 - 14:41:50: [basecommands.smx] "Console<0><Console><Console>" refreshed the admin cache.
L 10/11/2020 - 14:41:50: [basecommands.smx] "Console<0><Console><Console>" changed cvar (cvar "sv_maxrate") (value "128000")
L 10/11/2020 - 14:41:50: [basecommands.smx] "Console<0><Console><Console>" changed cvar (cvar "sv_minrate") (value "128000")
L 10/11/2020 - 14:41:50: [basecommands.smx] "Console<0><Console><Console>" changed cvar (cvar "sv_maxcmdrate") (value "128")
L 10/11/2020 - 14:41:50: [basecommands.smx] "Console<0><Console><Console>" changed cvar (cvar "sv_mincmdrate") (value "128")
L 10/11/2020 - 14:41:50: [basecommands.smx] "Console<0><Console><Console>" changed cvar (cvar "sv_minupdaterate") (value "128")
L 10/11/2020 - 14:41:50: [basecommands.smx] "Console<0><Console><Console>" changed cvar (cvar "sv_maxupdaterate") (value "128")
L 10/11/2020 - 14:41:50: [basecommands.smx] "Console<0><Console><Console>" changed cvar (cvar "sv_maxunlag") (value "0.5")
L 10/11/2020 - 14:41:50: [basecommands.smx] "Console<0><Console><Console>" changed cvar (cvar "sv_unlag") (value "1")
L 10/11/2020 - 14:41:51: [chat-processor.smx] Message formats generated for game 'csgo'.
L 10/11/2020 - 14:41:51: [chat-processor.smx] Successfully hooked a SayText2 chat hook.
L 10/11/2020 - 14:41:52: [weapons.smx] Inactive players' data has been deleted
L 10/11/2020 - 14:49:11: -------- Mapchange to de_inferno --------
L 10/11/2020 - 14:49:11: [basecommands.smx] "Console<0><Console><Console>" refreshed the admin cache.
L 10/11/2020 - 14:49:11: [basecommands.smx] "Console<0><Console><Console>" changed cvar (cvar "sv_maxrate") (value "128000")
L 10/11/2020 - 14:49:11: [basecommands.smx] "Console<0><Console><Console>" changed cvar (cvar "sv_minrate") (value "128000")
L 10/11/2020 - 14:49:11: [basecommands.smx] "Console<0><Console><Console>" changed cvar (cvar "sv_maxcmdrate") (value "128")
L 10/11/2020 - 14:49:11: [basecommands.smx] "Console<0><Console><Console>" changed cvar (cvar "sv_mincmdrate") (value "128")
L 10/11/2020 - 14:49:11: [basecommands.smx] "Console<0><Console><Console>" changed cvar (cvar "sv_minupdaterate") (value "128")
L 10/11/2020 - 14:49:11: [basecommands.smx] "Console<0><Console><Console>" changed cvar (cvar "sv_maxupdaterate") (value "128")
L 10/11/2020 - 14:49:11: [basecommands.smx] "Console<0><Console><Console>" changed cvar (cvar "sv_maxunlag") (value "0.5")
L 10/11/2020 - 14:49:11: [basecommands.smx] "Console<0><Console><Console>" changed cvar (cvar "sv_unlag") (value "1")
L 10/11/2020 - 14:49:12: [chat-processor.smx] Message formats generated for game 'csgo'.
L 10/11/2020 - 14:49:12: [chat-processor.smx] Successfully hooked a SayText2 chat hook.
L 10/11/2020 - 14:49:13: [weapons.smx] Inactive players' data has been deleted
L 10/11/2020 - 15:02:26: -------- Mapchange to de_inferno --------
L 10/11/2020 - 15:02:26: [basecommands.smx] "Console<0><Console><Console>" refreshed the admin cache.
L 10/11/2020 - 15:02:26: [basecommands.smx] "Console<0><Console><Console>" changed cvar (cvar "sv_maxrate") (value "128000")
L 10/11/2020 - 15:02:26: [basecommands.smx] "Console<0><Console><Console>" changed cvar (cvar "sv_minrate") (value "128000")
L 10/11/2020 - 15:02:26: [basecommands.smx] "Console<0><Console><Console>" changed cvar (cvar "sv_maxcmdrate") (value "128")
L 10/11/2020 - 15:02:27: [basecommands.smx] "Console<0><Console><Console>" changed cvar (cvar "sv_mincmdrate") (value "128")
L 10/11/2020 - 15:02:27: [basecommands.smx] "Console<0><Console><Console>" changed cvar (cvar "sv_minupdaterate") (value "128")
L 10/11/2020 - 15:02:27: [basecommands.smx] "Console<0><Console><Console>" changed cvar (cvar "sv_maxupdaterate") (value "128")
L 10/11/2020 - 15:02:27: [basecommands.smx] "Console<0><Console><Console>" changed cvar (cvar "sv_maxunlag") (value "0.5")
L 10/11/2020 - 15:02:27: [basecommands.smx] "Console<0><Console><Console>" changed cvar (cvar "sv_unlag") (value "1")
L 10/11/2020 - 15:02:27: [chat-processor.smx] Message formats generated for game 'csgo'.
L 10/11/2020 - 15:02:27: [chat-processor.smx] Successfully hooked a SayText2 chat hook.
L 10/11/2020 - 15:02:28: [weapons.smx] Inactive players' data has been deleted
L 10/11/2020 - 15:18:30: [mapchooser.smx] Voting for next map has started.
L 10/11/2020 - 15:18:36: [mapchooser.smx] Voting for next map has finished. Nextmap: de_mirage.
L 10/11/2020 - 15:22:32: [rockthevote.smx] RTV changing map manually
L 10/11/2020 - 15:22:32: [SM] Changed map to "de_mirage"
L 10/11/2020 - 15:22:33: -------- Mapchange to de_mirage --------
L 10/11/2020 - 15:22:34: [basecommands.smx] "Console<0><Console><Console>" refreshed the admin cache.
L 10/11/2020 - 15:22:34: [basecommands.smx] "Console<0><Console><Console>" changed cvar (cvar "sv_maxrate") (value "128000")
L 10/11/2020 - 15:22:34: [basecommands.smx] "Console<0><Console><Console>" changed cvar (cvar "sv_minrate") (value "128000")
L 10/11/2020 - 15:22:34: [basecommands.smx] "Console<0><Console><Console>" changed cvar (cvar "sv_maxcmdrate") (value "128")
L 10/11/2020 - 15:22:34: [basecommands.smx] "Console<0><Console><Console>" changed cvar (cvar "sv_mincmdrate") (value "128")
L 10/11/2020 - 15:22:34: [basecommands.smx] "Console<0><Console><Console>" changed cvar (cvar "sv_minupdaterate") (value "128")
L 10/11/2020 - 15:22:34: [basecommands.smx] "Console<0><Console><Console>" changed cvar (cvar "sv_maxupdaterate") (value "128")
L 10/11/2020 - 15:22:34: [basecommands.smx] "Console<0><Console><Console>" changed cvar (cvar "sv_maxunlag") (value "0.5")
L 10/11/2020 - 15:22:34: [basecommands.smx] "Console<0><Console><Console>" changed cvar (cvar "sv_unlag") (value "1")
L 10/11/2020 - 15:22:34: [chat-processor.smx] Message formats generated for game 'csgo'.
L 10/11/2020 - 15:22:34: [chat-processor.smx] Successfully hooked a SayText2 chat hook.
L 10/11/2020 - 15:22:36: [weapons.smx] Inactive players' data has been deleted
L 10/11/2020 - 15:40:30: [mapchooser.smx] Voting for next map has started.
L 10/11/2020 - 15:40:50: [mapchooser.smx] Voting for next map has finished. Nextmap: de_vertigo.
L 10/11/2020 - 15:43:27: [rockthevote.smx] RTV changing map manually
L 10/11/2020 - 15:43:27: [SM] Changed map to "de_vertigo"
L 10/11/2020 - 15:43:29: -------- Mapchange to de_vertigo --------
L 10/11/2020 - 15:43:29: [basecommands.smx] "Console<0><Console><Console>" refreshed the admin cache.
L 10/11/2020 - 15:43:29: [basecommands.smx] "Console<0><Console><Console>" changed cvar (cvar "sv_maxrate") (value "128000")
L 10/11/2020 - 15:43:29: [basecommands.smx] "Console<0><Console><Console>" changed cvar (cvar "sv_minrate") (value "128000")
L 10/11/2020 - 15:43:29: [basecommands.smx] "Console<0><Console><Console>" changed cvar (cvar "sv_maxcmdrate") (value "128")
L 10/11/2020 - 15:43:29: [basecommands.smx] "Console<0><Console><Console>" changed cvar (cvar "sv_mincmdrate") (value "128")
L 10/11/2020 - 15:43:29: [basecommands.smx] "Console<0><Console><Console>" changed cvar (cvar "sv_minupdaterate") (value "128")
L 10/11/2020 - 15:43:29: [basecommands.smx] "Console<0><Console><Console>" changed cvar (cvar "sv_maxupdaterate") (value "128")
L 10/11/2020 - 15:43:29: [basecommands.smx] "Console<0><Console><Console>" changed cvar (cvar "sv_maxunlag") (value "0.5")
L 10/11/2020 - 15:43:29: [basecommands.smx] "Console<0><Console><Console>" changed cvar (cvar "sv_unlag") (value "1")
L 10/11/2020 - 15:43:30: [chat-processor.smx] Message formats generated for game 'csgo'.
L 10/11/2020 - 15:43:30: [chat-processor.smx] Successfully hooked a SayText2 chat hook.
L 10/11/2020 - 15:43:31: [weapons.smx] Inactive players' data has been deleted
L 10/11/2020 - 15:58:33: [mapchooser.smx] Voting for next map has started.
L 10/11/2020 - 15:58:45: [mapchooser.smx] Voting for next map has finished. Nextmap: de_dust2.
L 10/11/2020 - 16:00:12: [SM] Changed map to "de_dust2"
L 10/11/2020 - 16:00:16: -------- Mapchange to de_dust2 --------
L 10/11/2020 - 16:00:16: [basecommands.smx] "Console<0><Console><Console>" refreshed the admin cache.
L 10/11/2020 - 16:00:16: [basecommands.smx] "Console<0><Console><Console>" changed cvar (cvar "sv_maxrate") (value "128000")
L 10/11/2020 - 16:00:16: [basecommands.smx] "Console<0><Console><Console>" changed cvar (cvar "sv_minrate") (value "128000")
L 10/11/2020 - 16:00:16: [basecommands.smx] "Console<0><Console><Console>" changed cvar (cvar "sv_maxcmdrate") (value "128")
L 10/11/2020 - 16:00:16: [basecommands.smx] "Console<0><Console><Console>" changed cvar (cvar "sv_mincmdrate") (value "128")
L 10/11/2020 - 16:00:16: [basecommands.smx] "Console<0><Console><Console>" changed cvar (cvar "sv_minupdaterate") (value "128")
L 10/11/2020 - 16:00:16: [basecommands.smx] "Console<0><Console><Console>" changed cvar (cvar "sv_maxupdaterate") (value "128")
L 10/11/2020 - 16:00:16: [basecommands.smx] "Console<0><Console><Console>" changed cvar (cvar "sv_maxunlag") (value "0.5")
L 10/11/2020 - 16:00:16: [basecommands.smx] "Console<0><Console><Console>" changed cvar (cvar "sv_unlag") (value "1")
L 10/11/2020 - 16:00:17: [chat-processor.smx] Message formats generated for game 'csgo'.
L 10/11/2020 - 16:00:17: [chat-processor.smx] Successfully hooked a SayText2 chat hook.
L 10/11/2020 - 16:00:19: [weapons.smx] Inactive players' data has been deleted
L 10/11/2020 - 16:17:19: [mapchooser.smx] Voting for next map has started.
L 10/11/2020 - 16:17:29: [mapchooser.smx] Voting for next map has finished. Nextmap: de_overpass.
L 10/11/2020 - 16:19:17: [SM] Changed map to "de_overpass"
L 10/11/2020 - 16:19:18: -------- Mapchange to de_overpass --------
L 10/11/2020 - 16:19:19: [basecommands.smx] "Console<0><Console><Console>" refreshed the admin cache.
L 10/11/2020 - 16:19:19: [basecommands.smx] "Console<0><Console><Console>" changed cvar (cvar "sv_maxrate") (value "128000")
L 10/11/2020 - 16:19:19: [basecommands.smx] "Console<0><Console><Console>" changed cvar (cvar "sv_minrate") (value "128000")
L 10/11/2020 - 16:19:19: [basecommands.smx] "Console<0><Console><Console>" changed cvar (cvar "sv_maxcmdrate") (value "128")
L 10/11/2020 - 16:19:19: [basecommands.smx] "Console<0><Console><Console>" changed cvar (cvar "sv_mincmdrate") (value "128")
L 10/11/2020 - 16:19:19: [basecommands.smx] "Console<0><Console><Console>" changed cvar (cvar "sv_minupdaterate") (value "128")
L 10/11/2020 - 16:19:19: [basecommands.smx] "Console<0><Console><Console>" changed cvar (cvar "sv_maxupdaterate") (value "128")
L 10/11/2020 - 16:19:19: [basecommands.smx] "Console<0><Console><Console>" changed cvar (cvar "sv_maxunlag") (value "0.5")
L 10/11/2020 - 16:19:19: [basecommands.smx] "Console<0><Console><Console>" changed cvar (cvar "sv_unlag") (value "1")
L 10/11/2020 - 16:19:20: [chat-processor.smx] Message formats generated for game 'csgo'.
L 10/11/2020 - 16:19:20: [chat-processor.smx] Successfully hooked a SayText2 chat hook.
L 10/11/2020 - 16:19:21: [weapons.smx] Inactive players' data has been deleted
L 10/11/2020 - 16:33:55: [mapchooser.smx] Voting for next map has started.
L 10/11/2020 - 16:34:03: [mapchooser.smx] Voting for next map has finished. Nextmap: de_train.
L 10/11/2020 - 16:35:34: [SM] Changed map to "de_train"
L 10/11/2020 - 16:35:36: -------- Mapchange to de_train --------
L 10/11/2020 - 16:35:36: [basecommands.smx] "Console<0><Console><Console>" refreshed the admin cache.
L 10/11/2020 - 16:35:36: [basecommands.smx] "Console<0><Console><Console>" changed cvar (cvar "sv_maxrate") (value "128000")
L 10/11/2020 - 16:35:36: [basecommands.smx] "Console<0><Console><Console>" changed cvar (cvar "sv_minrate") (value "128000")
L 10/11/2020 - 16:35:36: [basecommands.smx] "Console<0><Console><Console>" changed cvar (cvar "sv_maxcmdrate") (value "128")
L 10/11/2020 - 16:35:36: [basecommands.smx] "Console<0><Console><Console>" changed cvar (cvar "sv_mincmdrate") (value "128")
L 10/11/2020 - 16:35:36: [basecommands.smx] "Console<0><Console><Console>" changed cvar (cvar "sv_minupdaterate") (value "128")
L 10/11/2020 - 16:35:36: [basecommands.smx] "Console<0><Console><Console>" changed cvar (cvar "sv_maxupdaterate") (value "128")
L 10/11/2020 - 16:35:36: [basecommands.smx] "Console<0><Console><Console>" changed cvar (cvar "sv_maxunlag") (value "0.5")
L 10/11/2020 - 16:35:36: [basecommands.smx] "Console<0><Console><Console>" changed cvar (cvar "sv_unlag") (value "1")
L 10/11/2020 - 16:35:37: [chat-processor.smx] Message formats generated for game 'csgo'.
L 10/11/2020 - 16:35:37: [chat-processor.smx] Successfully hooked a SayText2 chat hook.
L 10/11/2020 - 16:35:39: [weapons.smx] Inactive players' data has been deleted
L 10/11/2020 - 16:52:05: [mapchooser.smx] Voting for next map has started.
L 10/11/2020 - 16:52:17: [mapchooser.smx] Voting for next map has finished. Nextmap: de_cache.
L 10/11/2020 - 16:54:53: [SM] Changed map to "de_cache"
L 10/11/2020 - 16:54:58: -------- Mapchange to de_cache --------
L 10/11/2020 - 16:54:58: [basecommands.smx] "Console<0><Console><Console>" refreshed the admin cache.
L 10/11/2020 - 16:54:58: [basecommands.smx] "Console<0><Console><Console>" changed cvar (cvar "sv_maxrate") (value "128000")
L 10/11/2020 - 16:54:58: [basecommands.smx] "Console<0><Console><Console>" changed cvar (cvar "sv_minrate") (value "128000")
L 10/11/2020 - 16:54:58: [basecommands.smx] "Console<0><Console><Console>" changed cvar (cvar "sv_maxcmdrate") (value "128")
L 10/11/2020 - 16:54:58: [basecommands.smx] "Console<0><Console><Console>" changed cvar (cvar "sv_mincmdrate") (value "128")
L 10/11/2020 - 16:54:58: [basecommands.smx] "Console<0><Console><Console>" changed cvar (cvar "sv_minupdaterate") (value "128")
L 10/11/2020 - 16:54:58: [basecommands.smx] "Console<0><Console><Console>" changed cvar (cvar "sv_maxupdaterate") (value "128")
L 10/11/2020 - 16:54:58: [basecommands.smx] "Console<0><Console><Console>" changed cvar (cvar "sv_maxunlag") (value "0.5")
L 10/11/2020 - 16:54:59: [basecommands.smx] "Console<0><Console><Console>" changed cvar (cvar "sv_unlag") (value "1")
L 10/11/2020 - 16:54:59: [chat-processor.smx] Message formats generated for game 'csgo'.
L 10/11/2020 - 16:55:00: [chat-processor.smx] Successfully hooked a SayText2 chat hook.
L 10/11/2020 - 16:55:01: [weapons.smx] Inactive players' data has been deleted
L 10/11/2020 - 17:11:22: [mapchooser.smx] Voting for next map has started.
L 10/11/2020 - 17:11:28: [mapchooser.smx] Voting for next map has finished. Nextmap: de_nuke.
L 10/11/2020 - 17:12:52: [SM] Changed map to "de_nuke"
L 10/11/2020 - 17:12:56: -------- Mapchange to de_nuke --------
L 10/11/2020 - 17:12:56: [basecommands.smx] "Console<0><Console><Console>" refreshed the admin cache.
L 10/11/2020 - 17:12:56: [basecommands.smx] "Console<0><Console><Console>" changed cvar (cvar "sv_maxrate") (value "128000")
L 10/11/2020 - 17:12:56: [basecommands.smx] "Console<0><Console><Console>" changed cvar (cvar "sv_minrate") (value "128000")
L 10/11/2020 - 17:12:56: [basecommands.smx] "Console<0><Console><Console>" changed cvar (cvar "sv_maxcmdrate") (value "128")
L 10/11/2020 - 17:12:56: [basecommands.smx] "Console<0><Console><Console>" changed cvar (cvar "sv_mincmdrate") (value "128")
L 10/11/2020 - 17:12:56: [basecommands.smx] "Console<0><Console><Console>" changed cvar (cvar "sv_minupdaterate") (value "128")
L 10/11/2020 - 17:12:56: [basecommands.smx] "Console<0><Console><Console>" changed cvar (cvar "sv_maxupdaterate") (value "128")
L 10/11/2020 - 17:12:56: [basecommands.smx] "Console<0><Console><Console>" changed cvar (cvar "sv_maxunlag") (value "0.5")
L 10/11/2020 - 17:12:56: [basecommands.smx] "Console<0><Console><Console>" changed cvar (cvar "sv_unlag") (value "1")
L 10/11/2020 - 17:12:57: [chat-processor.smx] Message formats generated for game 'csgo'.
L 10/11/2020 - 17:12:57: [chat-processor.smx] Successfully hooked a SayText2 chat hook.
L 10/11/2020 - 17:12:58: [weapons.smx] Inactive players' data has been deleted
L 10/11/2020 - 17:29:48: [mapchooser.smx] Voting for next map has started.
L 10/11/2020 - 17:29:57: [mapchooser.smx] Voting for next map has finished. Nextmap: de_mirage.
L 10/11/2020 - 17:33:01: [SM] Changed map to "de_mirage"
L 10/11/2020 - 17:33:02: -------- Mapchange to de_mirage --------
L 10/11/2020 - 17:33:02: [basecommands.smx] "Console<0><Console><Console>" refreshed the admin cache.
L 10/11/2020 - 17:33:02: [basecommands.smx] "Console<0><Console><Console>" changed cvar (cvar "sv_maxrate") (value "128000")
L 10/11/2020 - 17:33:02: [basecommands.smx] "Console<0><Console><Console>" changed cvar (cvar "sv_minrate") (value "128000")
L 10/11/2020 - 17:33:02: [basecommands.smx] "Console<0><Console><Console>" changed cvar (cvar "sv_maxcmdrate") (value "128")
L 10/11/2020 - 17:33:02: [basecommands.smx] "Console<0><Console><Console>" changed cvar (cvar "sv_mincmdrate") (value "128")
L 10/11/2020 - 17:33:02: [basecommands.smx] "Console<0><Console><Console>" changed cvar (cvar "sv_minupdaterate") (value "128")
L 10/11/2020 - 17:33:02: [basecommands.smx] "Console<0><Console><Console>" changed cvar (cvar "sv_maxupdaterate") (value "128")
L 10/11/2020 - 17:33:02: [basecommands.smx] "Console<0><Console><Console>" changed cvar (cvar "sv_maxunlag") (value "0.5")
L 10/11/2020 - 17:33:02: [basecommands.smx] "Console<0><Console><Console>" changed cvar (cvar "sv_unlag") (value "1")
L 10/11/2020 - 17:33:03: [chat-processor.smx] Message formats generated for game 'csgo'.
L 10/11/2020 - 17:33:03: [chat-processor.smx] Successfully hooked a SayText2 chat hook.
L 10/11/2020 - 17:33:05: [weapons.smx] Inactive players' data has been deleted
L 10/11/2020 - 17:50:47: [mapchooser.smx] Voting for next map has started.
L 10/11/2020 - 17:50:54: [mapchooser.smx] Voting for next map has finished. Nextmap: de_inferno.
L 10/11/2020 - 17:53:37: [SM] Changed map to "de_inferno"
L 10/11/2020 - 17:53:38: -------- Mapchange to de_inferno --------
L 10/11/2020 - 17:53:39: [basecommands.smx] "Console<0><Console><Console>" refreshed the admin cache.
L 10/11/2020 - 17:53:39: [basecommands.smx] "Console<0><Console><Console>" changed cvar (cvar "sv_maxrate") (value "128000")
L 10/11/2020 - 17:53:39: [basecommands.smx] "Console<0><Console><Console>" changed cvar (cvar "sv_minrate") (value "128000")
L 10/11/2020 - 17:53:39: [basecommands.smx] "Console<0><Console><Console>" changed cvar (cvar "sv_maxcmdrate") (value "128")
L 10/11/2020 - 17:53:39: [basecommands.smx] "Console<0><Console><Console>" changed cvar (cvar "sv_mincmdrate") (value "128")
L 10/11/2020 - 17:53:39: [basecommands.smx] "Console<0><Console><Console>" changed cvar (cvar "sv_minupdaterate") (value "128")
L 10/11/2020 - 17:53:39: [basecommands.smx] "Console<0><Console><Console>" changed cvar (cvar "sv_maxupdaterate") (value "128")
L 10/11/2020 - 17:53:39: [basecommands.smx] "Console<0><Console><Console>" changed cvar (cvar "sv_maxunlag") (value "0.5")
L 10/11/2020 - 17:53:39: [basecommands.smx] "Console<0><Console><Console>" changed cvar (cvar "sv_unlag") (value "1")
L 10/11/2020 - 17:53:40: [chat-processor.smx] Message formats generated for game 'csgo'.
L 10/11/2020 - 17:53:40: [chat-processor.smx] Successfully hooked a SayText2 chat hook.
L 10/11/2020 - 17:53:41: [weapons.smx] Inactive players' data has been deleted
L 10/11/2020 - 18:10:44: [mapchooser.smx] Voting for next map has started.
L 10/11/2020 - 18:10:51: [mapchooser.smx] Voting for next map has finished. Nextmap: de_dust2.
L 10/11/2020 - 18:13:24: [SM] Changed map to "de_dust2"
L 10/11/2020 - 18:13:28: -------- Mapchange to de_dust2 --------
L 10/11/2020 - 18:13:29: [basecommands.smx] "Console<0><Console><Console>" refreshed the admin cache.
L 10/11/2020 - 18:13:29: [basecommands.smx] "Console<0><Console><Console>" changed cvar (cvar "sv_maxrate") (value "128000")
L 10/11/2020 - 18:13:29: [basecommands.smx] "Console<0><Console><Console>" changed cvar (cvar "sv_minrate") (value "128000")
L 10/11/2020 - 18:13:29: [basecommands.smx] "Console<0><Console><Console>" changed cvar (cvar "sv_maxcmdrate") (value "128")
L 10/11/2020 - 18:13:29: [basecommands.smx] "Console<0><Console><Console>" changed cvar (cvar "sv_mincmdrate") (value "128")
L 10/11/2020 - 18:13:29: [basecommands.smx] "Console<0><Console><Console>" changed cvar (cvar "sv_minupdaterate") (value "128")
L 10/11/2020 - 18:13:29: [basecommands.smx] "Console<0><Console><Console>" changed cvar (cvar "sv_maxupdaterate") (value "128")
L 10/11/2020 - 18:13:29: [basecommands.smx] "Console<0><Console><Console>" changed cvar (cvar "sv_maxunlag") (value "0.5")
L 10/11/2020 - 18:13:29: [basecommands.smx] "Console<0><Console><Console>" changed cvar (cvar "sv_unlag") (value "1")
L 10/11/2020 - 18:13:29: [chat-processor.smx] Message formats generated for game 'csgo'.
L 10/11/2020 - 18:13:29: [chat-processor.smx] Successfully hooked a SayText2 chat hook.
L 10/11/2020 - 18:13:31: [weapons.smx] Inactive players' data has been deleted
L 10/11/2020 - 18:30:23: [mapchooser.smx] Voting for next map has started.
L 10/11/2020 - 18:30:44: [mapchooser.smx] Voting for next map has finished. Nextmap: de_overpass.
L 10/11/2020 - 18:32:06: [SM] Changed map to "de_overpass"
L 10/11/2020 - 18:32:07: -------- Mapchange to de_overpass --------
L 10/11/2020 - 18:32:07: [basecommands.smx] "Console<0><Console><Console>" refreshed the admin cache.
L 10/11/2020 - 18:32:07: [basecommands.smx] "Console<0><Console><Console>" changed cvar (cvar "sv_maxrate") (value "128000")
L 10/11/2020 - 18:32:07: [basecommands.smx] "Console<0><Console><Console>" changed cvar (cvar "sv_minrate") (value "128000")
L 10/11/2020 - 18:32:07: [basecommands.smx] "Console<0><Console><Console>" changed cvar (cvar "sv_maxcmdrate") (value "128")
L 10/11/2020 - 18:32:07: [basecommands.smx] "Console<0><Console><Console>" changed cvar (cvar "sv_mincmdrate") (value "128")
L 10/11/2020 - 18:32:07: [basecommands.smx] "Console<0><Console><Console>" changed cvar (cvar "sv_minupdaterate") (value "128")
L 10/11/2020 - 18:32:07: [basecommands.smx] "Console<0><Console><Console>" changed cvar (cvar "sv_maxupdaterate") (value "128")
L 10/11/2020 - 18:32:07: [basecommands.smx] "Console<0><Console><Console>" changed cvar (cvar "sv_maxunlag") (value "0.5")
L 10/11/2020 - 18:32:07: [basecommands.smx] "Console<0><Console><Console>" changed cvar (cvar "sv_unlag") (value "1")
L 10/11/2020 - 18:32:08: [chat-processor.smx] Message formats generated for game 'csgo'.
L 10/11/2020 - 18:32:08: [chat-processor.smx] Successfully hooked a SayText2 chat hook.
L 10/11/2020 - 18:32:10: [weapons.smx] Inactive players' data has been deleted
L 10/11/2020 - 18:46:35: [mapchooser.smx] Voting for next map has started.
L 10/11/2020 - 18:46:40: [mapchooser.smx] Voting for next map has finished. Nextmap: de_train.
L 10/11/2020 - 18:47:58: [SM] Changed map to "de_train"
L 10/11/2020 - 18:48:00: -------- Mapchange to de_train --------
L 10/11/2020 - 18:48:00: [basecommands.smx] "Console<0><Console><Console>" refreshed the admin cache.
L 10/11/2020 - 18:48:00: [basecommands.smx] "Console<0><Console><Console>" changed cvar (cvar "sv_maxrate") (value "128000")
L 10/11/2020 - 18:48:00: [basecommands.smx] "Console<0><Console><Console>" changed cvar (cvar "sv_minrate") (value "128000")
L 10/11/2020 - 18:48:00: [basecommands.smx] "Console<0><Console><Console>" changed cvar (cvar "sv_maxcmdrate") (value "128")
L 10/11/2020 - 18:48:00: [basecommands.smx] "Console<0><Console><Console>" changed cvar (cvar "sv_mincmdrate") (value "128")
L 10/11/2020 - 18:48:00: [basecommands.smx] "Console<0><Console><Console>" changed cvar (cvar "sv_minupdaterate") (value "128")
L 10/11/2020 - 18:48:00: [basecommands.smx] "Console<0><Console><Console>" changed cvar (cvar "sv_maxupdaterate") (value "128")
L 10/11/2020 - 18:48:00: [basecommands.smx] "Console<0><Console><Console>" changed cvar (cvar "sv_maxunlag") (value "0.5")
L 10/11/2020 - 18:48:00: [basecommands.smx] "Console<0><Console><Console>" changed cvar (cvar "sv_unlag") (value "1")
L 10/11/2020 - 18:48:01: [chat-processor.smx] Message formats generated for game 'csgo'.
L 10/11/2020 - 18:48:01: [chat-processor.smx] Successfully hooked a SayText2 chat hook.
L 10/11/2020 - 18:48:02: [weapons.smx] Inactive players' data has been deleted
L 10/11/2020 - 18:50:28: -------- Mapchange to de_train --------
L 10/11/2020 - 18:50:29: [basecommands.smx] "Console<0><Console><Console>" refreshed the admin cache.
L 10/11/2020 - 18:50:29: [basecommands.smx] "Console<0><Console><Console>" changed cvar (cvar "sv_maxrate") (value "128000")
L 10/11/2020 - 18:50:29: [basecommands.smx] "Console<0><Console><Console>" changed cvar (cvar "sv_minrate") (value "128000")
L 10/11/2020 - 18:50:29: [basecommands.smx] "Console<0><Console><Console>" changed cvar (cvar "sv_maxcmdrate") (value "128")
L 10/11/2020 - 18:50:29: [basecommands.smx] "Console<0><Console><Console>" changed cvar (cvar "sv_mincmdrate") (value "128")
L 10/11/2020 - 18:50:29: [basecommands.smx] "Console<0><Console><Console>" changed cvar (cvar "sv_minupdaterate") (value "128")
L 10/11/2020 - 18:50:29: [basecommands.smx] "Console<0><Console><Console>" changed cvar (cvar "sv_maxupdaterate") (value "128")
L 10/11/2020 - 18:50:29: [basecommands.smx] "Console<0><Console><Console>" changed cvar (cvar "sv_maxunlag") (value "0.5")
L 10/11/2020 - 18:50:29: [basecommands.smx] "Console<0><Console><Console>" changed cvar (cvar "sv_unlag") (value "1")
L 10/11/2020 - 18:50:30: [chat-processor.smx] Message formats generated for game 'csgo'.
L 10/11/2020 - 18:50:30: [chat-processor.smx] Successfully hooked a SayText2 chat hook.
L 10/11/2020 - 18:50:30: [weapons.smx] Inactive players' data has been deleted
L 10/11/2020 - 18:58:35: -------- Mapchange to de_train --------
L 10/11/2020 - 18:58:35: [basecommands.smx] "Console<0><Console><Console>" refreshed the admin cache.
L 10/11/2020 - 18:58:35: [basecommands.smx] "Console<0><Console><Console>" changed cvar (cvar "sv_maxrate") (value "128000")
L 10/11/2020 - 18:58:35: [basecommands.smx] "Console<0><Console><Console>" changed cvar (cvar "sv_minrate") (value "128000")
L 10/11/2020 - 18:58:35: [basecommands.smx] "Console<0><Console><Console>" changed cvar (cvar "sv_maxcmdrate") (value "128")
L 10/11/2020 - 18:58:35: [basecommands.smx] "Console<0><Console><Console>" changed cvar (cvar "sv_mincmdrate") (value "128")
L 10/11/2020 - 18:58:35: [basecommands.smx] "Console<0><Console><Console>" changed cvar (cvar "sv_minupdaterate") (value "128")
L 10/11/2020 - 18:58:35: [basecommands.smx] "Console<0><Console><Console>" changed cvar (cvar "sv_maxupdaterate") (value "128")
L 10/11/2020 - 18:58:35: [basecommands.smx] "Console<0><Console><Console>" changed cvar (cvar "sv_maxunlag") (value "0.5")
L 10/11/2020 - 18:58:35: [basecommands.smx] "Console<0><Console><Console>" changed cvar (cvar "sv_unlag") (value "1")
L 10/11/2020 - 18:58:36: [chat-processor.smx] Message formats generated for game 'csgo'.
L 10/11/2020 - 18:58:36: [chat-processor.smx] Successfully hooked a SayText2 chat hook.
L 10/11/2020 - 18:58:37: [weapons.smx] Inactive players' data has been deleted
L 10/11/2020 - 19:18:28: [mapchooser.smx] Voting for next map has started.
L 10/11/2020 - 19:18:48: [mapchooser.smx] Voting for next map has finished. Nextmap: de_mirage.
L 10/11/2020 - 19:20:41: [SM] Changed map to "de_mirage"
L 10/11/2020 - 19:20:42: -------- Mapchange to de_mirage --------
L 10/11/2020 - 19:20:42: [basecommands.smx] "Console<0><Console><Console>" refreshed the admin cache.
L 10/11/2020 - 19:20:42: [basecommands.smx] "Console<0><Console><Console>" changed cvar (cvar "sv_maxrate") (value "128000")
L 10/11/2020 - 19:20:42: [basecommands.smx] "Console<0><Console><Console>" changed cvar (cvar "sv_minrate") (value "128000")
L 10/11/2020 - 19:20:42: [basecommands.smx] "Console<0><Console><Console>" changed cvar (cvar "sv_maxcmdrate") (value "128")
L 10/11/2020 - 19:20:43: [basecommands.smx] "Console<0><Console><Console>" changed cvar (cvar "sv_mincmdrate") (value "128")
L 10/11/2020 - 19:20:43: [basecommands.smx] "Console<0><Console><Console>" changed cvar (cvar "sv_minupdaterate") (value "128")
L 10/11/2020 - 19:20:43: [basecommands.smx] "Console<0><Console><Console>" changed cvar (cvar "sv_maxupdaterate") (value "128")
L 10/11/2020 - 19:20:43: [basecommands.smx] "Console<0><Console><Console>" changed cvar (cvar "sv_maxunlag") (value "0.5")
L 10/11/2020 - 19:20:43: [basecommands.smx] "Console<0><Console><Console>" changed cvar (cvar "sv_unlag") (value "1")
L 10/11/2020 - 19:20:43: [chat-processor.smx] Message formats generated for game 'csgo'.
L 10/11/2020 - 19:20:43: [chat-processor.smx] Successfully hooked a SayText2 chat hook.
L 10/11/2020 - 19:20:45: [weapons.smx] Inactive players' data has been deleted
L 10/11/2020 - 19:37:21: [mapchooser.smx] Voting for next map has started.
L 10/11/2020 - 19:37:31: [mapchooser.smx] Voting for next map has finished. Nextmap: de_cache.
L 10/11/2020 - 19:39:47: [SM] Changed map to "de_cache"
L 10/11/2020 - 19:39:52: -------- Mapchange to de_cache --------
L 10/11/2020 - 19:39:53: [basecommands.smx] "Console<0><Console><Console>" refreshed the admin cache.
L 10/11/2020 - 19:39:53: [basecommands.smx] "Console<0><Console><Console>" changed cvar (cvar "sv_maxrate") (value "128000")
L 10/11/2020 - 19:39:53: [basecommands.smx] "Console<0><Console><Console>" changed cvar (cvar "sv_minrate") (value "128000")
L 10/11/2020 - 19:39:53: [basecommands.smx] "Console<0><Console><Console>" changed cvar (cvar "sv_maxcmdrate") (value "128")
L 10/11/2020 - 19:39:53: [basecommands.smx] "Console<0><Console><Console>" changed cvar (cvar "sv_mincmdrate") (value "128")
L 10/11/2020 - 19:39:53: [basecommands.smx] "Console<0><Console><Console>" changed cvar (cvar "sv_minupdaterate") (value "128")
L 10/11/2020 - 19:39:53: [basecommands.smx] "Console<0><Console><Console>" changed cvar (cvar "sv_maxupdaterate") (value "128")
L 10/11/2020 - 19:39:53: [basecommands.smx] "Console<0><Console><Console>" changed cvar (cvar "sv_maxunlag") (value "0.5")
L 10/11/2020 - 19:39:53: [basecommands.smx] "Console<0><Console><Console>" changed cvar (cvar "sv_unlag") (value "1")
L 10/11/2020 - 19:39:54: [chat-processor.smx] Message formats generated for game 'csgo'.
L 10/11/2020 - 19:39:54: [chat-processor.smx] Successfully hooked a SayText2 chat hook.
L 10/11/2020 - 19:39:55: [weapons.smx] Inactive players' data has been deleted
L 10/11/2020 - 19:54:43: [mapchooser.smx] Voting for next map has started.
L 10/11/2020 - 19:55:03: [mapchooser.smx] Voting for next map has finished. Nextmap: de_inferno.
L 10/11/2020 - 19:56:37: [SM] Changed map to "de_inferno"
L 10/11/2020 - 19:56:39: -------- Mapchange to de_inferno --------
L 10/11/2020 - 19:56:39: [basecommands.smx] "Console<0><Console><Console>" refreshed the admin cache.
L 10/11/2020 - 19:56:39: [basecommands.smx] "Console<0><Console><Console>" changed cvar (cvar "sv_maxrate") (value "128000")
L 10/11/2020 - 19:56:39: [basecommands.smx] "Console<0><Console><Console>" changed cvar (cvar "sv_minrate") (value "128000")
L 10/11/2020 - 19:56:39: [basecommands.smx] "Console<0><Console><Console>" changed cvar (cvar "sv_maxcmdrate") (value "128")
L 10/11/2020 - 19:56:39: [basecommands.smx] "Console<0><Console><Console>" changed cvar (cvar "sv_mincmdrate") (value "128")
L 10/11/2020 - 19:56:39: [basecommands.smx] "Console<0><Console><Console>" changed cvar (cvar "sv_minupdaterate") (value "128")
L 10/11/2020 - 19:56:39: [basecommands.smx] "Console<0><Console><Console>" changed cvar (cvar "sv_maxupdaterate") (value "128")
L 10/11/2020 - 19:56:39: [basecommands.smx] "Console<0><Console><Console>" changed cvar (cvar "sv_maxunlag") (value "0.5")
L 10/11/2020 - 19:56:39: [basecommands.smx] "Console<0><Console><Console>" changed cvar (cvar "sv_unlag") (value "1")
L 10/11/2020 - 19:56:40: [chat-processor.smx] Message formats generated for game 'csgo'.
L 10/11/2020 - 19:56:40: [chat-processor.smx] Successfully hooked a SayText2 chat hook.
L 10/11/2020 - 19:56:41: [weapons.smx] Inactive players' data has been deleted
L 10/11/2020 - 20:13:14: [mapchooser.smx] Voting for next map has started.
L 10/11/2020 - 20:13:34: [mapchooser.smx] Voting for next map has finished. Nextmap: de_dust2.
L 10/11/2020 - 20:15:47: [rockthevote.smx] RTV changing map manually
L 10/11/2020 - 20:15:47: [SM] Changed map to "de_dust2"
L 10/11/2020 - 20:15:51: -------- Mapchange to de_dust2 --------
L 10/11/2020 - 20:15:51: [basecommands.smx] "Console<0><Console><Console>" refreshed the admin cache.
L 10/11/2020 - 20:15:51: [basecommands.smx] "Console<0><Console><Console>" changed cvar (cvar "sv_maxrate") (value "128000")
L 10/11/2020 - 20:15:51: [basecommands.smx] "Console<0><Console><Console>" changed cvar (cvar "sv_minrate") (value "128000")
L 10/11/2020 - 20:15:51: [basecommands.smx] "Console<0><Console><Console>" changed cvar (cvar "sv_maxcmdrate") (value "128")
L 10/11/2020 - 20:15:51: [basecommands.smx] "Console<0><Console><Console>" changed cvar (cvar "sv_mincmdrate") (value "128")
L 10/11/2020 - 20:15:51: [basecommands.smx] "Console<0><Console><Console>" changed cvar (cvar "sv_minupdaterate") (value "128")
L 10/11/2020 - 20:15:51: [basecommands.smx] "Console<0><Console><Console>" changed cvar (cvar "sv_maxupdaterate") (value "128")
L 10/11/2020 - 20:15:51: [basecommands.smx] "Console<0><Console><Console>" changed cvar (cvar "sv_maxunlag") (value "0.5")
L 10/11/2020 - 20:15:51: [basecommands.smx] "Console<0><Console><Console>" changed cvar (cvar "sv_unlag") (value "1")
L 10/11/2020 - 20:15:52: [chat-processor.smx] Message formats generated for game 'csgo'.
L 10/11/2020 - 20:15:52: [chat-processor.smx] Successfully hooked a SayText2 chat hook.
L 10/11/2020 - 20:15:54: [weapons.smx] Inactive players' data has been deleted
L 10/11/2020 - 20:30:39: [mapchooser.smx] Voting for next map has started.
L 10/11/2020 - 20:30:46: [mapchooser.smx] Voting for next map has finished. Nextmap: de_vertigo.
L 10/11/2020 - 20:32:13: [SM] Changed map to "de_vertigo"
L 10/11/2020 - 20:32:14: -------- Mapchange to de_vertigo --------
L 10/11/2020 - 20:32:15: [basecommands.smx] "Console<0><Console><Console>" refreshed the admin cache.
L 10/11/2020 - 20:32:15: [basecommands.smx] "Console<0><Console><Console>" changed cvar (cvar "sv_maxrate") (value "128000")
L 10/11/2020 - 20:32:15: [basecommands.smx] "Console<0><Console><Console>" changed cvar (cvar "sv_minrate") (value "128000")
L 10/11/2020 - 20:32:15: [basecommands.smx] "Console<0><Console><Console>" changed cvar (cvar "sv_maxcmdrate") (value "128")
L 10/11/2020 - 20:32:15: [basecommands.smx] "Console<0><Console><Console>" changed cvar (cvar "sv_mincmdrate") (value "128")
L 10/11/2020 - 20:32:15: [basecommands.smx] "Console<0><Console><Console>" changed cvar (cvar "sv_minupdaterate") (value "128")
L 10/11/2020 - 20:32:15: [basecommands.smx] "Console<0><Console><Console>" changed cvar (cvar "sv_maxupdaterate") (value "128")
L 10/11/2020 - 20:32:15: [basecommands.smx] "Console<0><Console><Console>" changed cvar (cvar "sv_maxunlag") (value "0.5")
L 10/11/2020 - 20:32:15: [basecommands.smx] "Console<0><Console><Console>" changed cvar (cvar "sv_unlag") (value "1")
L 10/11/2020 - 20:32:16: [chat-processor.smx] Message formats generated for game 'csgo'.
L 10/11/2020 - 20:32:16: [chat-processor.smx] Successfully hooked a SayText2 chat hook.
L 10/11/2020 - 20:32:17: [weapons.smx] Inactive players' data has been deleted
L 10/11/2020 - 20:46:56: [mapchooser.smx] Voting for next map has started.
L 10/11/2020 - 20:47:17: [mapchooser.smx] Voting for next map has finished. Nextmap: de_overpass.
L 10/11/2020 - 20:48:15: [SM] Changed map to "de_overpass"
L 10/11/2020 - 20:48:16: -------- Mapchange to de_overpass --------
L 10/11/2020 - 20:48:16: [basecommands.smx] "Console<0><Console><Console>" refreshed the admin cache.
L 10/11/2020 - 20:48:16: [basecommands.smx] "Console<0><Console><Console>" changed cvar (cvar "sv_maxrate") (value "128000")
L 10/11/2020 - 20:48:16: [basecommands.smx] "Console<0><Console><Console>" changed cvar (cvar "sv_minrate") (value "128000")
L 10/11/2020 - 20:48:16: [basecommands.smx] "Console<0><Console><Console>" changed cvar (cvar "sv_maxcmdrate") (value "128")
L 10/11/2020 - 20:48:16: [basecommands.smx] "Console<0><Console><Console>" changed cvar (cvar "sv_mincmdrate") (value "128")
L 10/11/2020 - 20:48:16: [basecommands.smx] "Console<0><Console><Console>" changed cvar (cvar "sv_minupdaterate") (value "128")
L 10/11/2020 - 20:48:16: [basecommands.smx] "Console<0><Console><Console>" changed cvar (cvar "sv_maxupdaterate") (value "128")
L 10/11/2020 - 20:48:16: [basecommands.smx] "Console<0><Console><Console>" changed cvar (cvar "sv_maxunlag") (value "0.5")
L 10/11/2020 - 20:48:16: [basecommands.smx] "Console<0><Console><Console>" changed cvar (cvar "sv_unlag") (value "1")
L 10/11/2020 - 20:48:17: [chat-processor.smx] Message formats generated for game 'csgo'.
L 10/11/2020 - 20:48:17: [chat-processor.smx] Successfully hooked a SayText2 chat hook.
L 10/11/2020 - 20:48:18: [weapons.smx] Inactive players' data has been deleted
L 10/11/2020 - 21:03:07: [mapchooser.smx] Voting for next map has started.
L 10/11/2020 - 21:03:27: [mapchooser.smx] Voting for next map has finished. Nextmap: de_train.
L 10/11/2020 - 21:05:35: [SM] Changed map to "de_train"
L 10/11/2020 - 21:05:37: -------- Mapchange to de_train --------
L 10/11/2020 - 21:05:37: [basecommands.smx] "Console<0><Console><Console>" refreshed the admin cache.
L 10/11/2020 - 21:05:37: [basecommands.smx] "Console<0><Console><Console>" changed cvar (cvar "sv_maxrate") (value "128000")
L 10/11/2020 - 21:05:37: [basecommands.smx] "Console<0><Console><Console>" changed cvar (cvar "sv_minrate") (value "128000")
L 10/11/2020 - 21:05:37: [basecommands.smx] "Console<0><Console><Console>" changed cvar (cvar "sv_maxcmdrate") (value "128")
L 10/11/2020 - 21:05:37: [basecommands.smx] "Console<0><Console><Console>" changed cvar (cvar "sv_mincmdrate") (value "128")
L 10/11/2020 - 21:05:37: [basecommands.smx] "Console<0><Console><Console>" changed cvar (cvar "sv_minupdaterate") (value "128")
L 10/11/2020 - 21:05:37: [basecommands.smx] "Console<0><Console><Console>" changed cvar (cvar "sv_maxupdaterate") (value "128")
L 10/11/2020 - 21:05:37: [basecommands.smx] "Console<0><Console><Console>" changed cvar (cvar "sv_maxunlag") (value "0.5")
L 10/11/2020 - 21:05:37: [basecommands.smx] "Console<0><Console><Console>" changed cvar (cvar "sv_unlag") (value "1")
L 10/11/2020 - 21:05:38: [chat-processor.smx] Message formats generated for game 'csgo'.
L 10/11/2020 - 21:05:38: [chat-processor.smx] Successfully hooked a SayText2 chat hook.
L 10/11/2020 - 21:05:39: [weapons.smx] Inactive players' data has been deleted
L 10/11/2020 - 21:23:42: [mapchooser.smx] Voting for next map has started.
L 10/11/2020 - 21:24:03: [mapchooser.smx] Voting for next map has finished. Nextmap: de_mirage.
L 10/11/2020 - 21:27:10: [SM] Changed map to "de_mirage"
L 10/11/2020 - 21:27:11: -------- Mapchange to de_mirage --------
L 10/11/2020 - 21:27:11: [basecommands.smx] "Console<0><Console><Console>" refreshed the admin cache.
L 10/11/2020 - 21:27:11: [basecommands.smx] "Console<0><Console><Console>" changed cvar (cvar "sv_maxrate") (value "128000")
L 10/11/2020 - 21:27:11: [basecommands.smx] "Console<0><Console><Console>" changed cvar (cvar "sv_minrate") (value "128000")
L 10/11/2020 - 21:27:11: [basecommands.smx] "Console<0><Console><Console>" changed cvar (cvar "sv_maxcmdrate") (value "128")
L 10/11/2020 - 21:27:11: [basecommands.smx] "Console<0><Console><Console>" changed cvar (cvar "sv_mincmdrate") (value "128")
L 10/11/2020 - 21:27:11: [basecommands.smx] "Console<0><Console><Console>" changed cvar (cvar "sv_minupdaterate") (value "128")
L 10/11/2020 - 21:27:11: [basecommands.smx] "Console<0><Console><Console>" changed cvar (cvar "sv_maxupdaterate") (value "128")
L 10/11/2020 - 21:27:11: [basecommands.smx] "Console<0><Console><Console>" changed cvar (cvar "sv_maxunlag") (value "0.5")
L 10/11/2020 - 21:27:11: [basecommands.smx] "Console<0><Console><Console>" changed cvar (cvar "sv_unlag") (value "1")
L 10/11/2020 - 21:27:11: [chat-processor.smx] Message formats generated for game 'csgo'.
L 10/11/2020 - 21:27:11: [chat-processor.smx] Successfully hooked a SayText2 chat hook.
L 10/11/2020 - 21:27:13: [weapons.smx] Inactive players' data has been deleted
L 10/11/2020 - 21:44:45: [mapchooser.smx] Voting for next map has started.
L 10/11/2020 - 21:45:06: [mapchooser.smx] Voting for next map has finished. Nextmap: de_cache.
L 10/11/2020 - 21:47:46: [SM] Changed map to "de_cache"
L 10/11/2020 - 21:47:51: -------- Mapchange to de_cache --------
L 10/11/2020 - 21:47:51: [basecommands.smx] "Console<0><Console><Console>" refreshed the admin cache.
L 10/11/2020 - 21:47:51: [basecommands.smx] "Console<0><Console><Console>" changed cvar (cvar "sv_maxrate") (value "128000")
L 10/11/2020 - 21:47:51: [basecommands.smx] "Console<0><Console><Console>" changed cvar (cvar "sv_minrate") (value "128000")
L 10/11/2020 - 21:47:51: [basecommands.smx] "Console<0><Console><Console>" changed cvar (cvar "sv_maxcmdrate") (value "128")
L 10/11/2020 - 21:47:51: [basecommands.smx] "Console<0><Console><Console>" changed cvar (cvar "sv_mincmdrate") (value "128")
L 10/11/2020 - 21:47:51: [basecommands.smx] "Console<0><Console><Console>" changed cvar (cvar "sv_minupdaterate") (value "128")
L 10/11/2020 - 21:47:51: [basecommands.smx] "Console<0><Console><Console>" changed cvar (cvar "sv_maxupdaterate") (value "128")
L 10/11/2020 - 21:47:51: [basecommands.smx] "Console<0><Console><Console>" changed cvar (cvar "sv_maxunlag") (value "0.5")
L 10/11/2020 - 21:47:51: [basecommands.smx] "Console<0><Console><Console>" changed cvar (cvar "sv_unlag") (value "1")
L 10/11/2020 - 21:47:52: [chat-processor.smx] Message formats generated for game 'csgo'.
L 10/11/2020 - 21:47:52: [chat-processor.smx] Successfully hooked a SayText2 chat hook.
L 10/11/2020 - 21:47:53: [weapons.smx] Inactive players' data has been deleted
L 10/11/2020 - 22:03:14: [mapchooser.smx] Voting for next map has started.
L 10/11/2020 - 22:03:34: [mapchooser.smx] Voting for next map has finished. Nextmap: de_inferno.
L 10/11/2020 - 22:05:07: [SM] Changed map to "de_inferno"
L 10/11/2020 - 22:05:09: -------- Mapchange to de_inferno --------
L 10/11/2020 - 22:05:09: [basecommands.smx] "Console<0><Console><Console>" refreshed the admin cache.
L 10/11/2020 - 22:05:09: [basecommands.smx] "Console<0><Console><Console>" changed cvar (cvar "sv_maxrate") (value "128000")
L 10/11/2020 - 22:05:09: [basecommands.smx] "Console<0><Console><Console>" changed cvar (cvar "sv_minrate") (value "128000")
L 10/11/2020 - 22:05:09: [basecommands.smx] "Console<0><Console><Console>" changed cvar (cvar "sv_maxcmdrate") (value "128")
L 10/11/2020 - 22:05:09: [basecommands.smx] "Console<0><Console><Console>" changed cvar (cvar "sv_mincmdrate") (value "128")
L 10/11/2020 - 22:05:09: [basecommands.smx] "Console<0><Console><Console>" changed cvar (cvar "sv_minupdaterate") (value "128")
L 10/11/2020 - 22:05:09: [basecommands.smx] "Console<0><Console><Console>" changed cvar (cvar "sv_maxupdaterate") (value "128")
L 10/11/2020 - 22:05:09: [basecommands.smx] "Console<0><Console><Console>" changed cvar (cvar "sv_maxunlag") (value "0.5")
L 10/11/2020 - 22:05:09: [basecommands.smx] "Console<0><Console><Console>" changed cvar (cvar "sv_unlag") (value "1")
L 10/11/2020 - 22:05:10: [chat-processor.smx] Message formats generated for game 'csgo'.
L 10/11/2020 - 22:05:10: [chat-processor.smx] Successfully hooked a SayText2 chat hook.
L 10/11/2020 - 22:05:11: [weapons.smx] Inactive players' data has been deleted
L 10/11/2020 - 22:20:20: [mapchooser.smx] Voting for next map has started.
L 10/11/2020 - 22:20:30: [mapchooser.smx] Voting for next map has finished. Nextmap: de_dust2.
L 10/11/2020 - 22:22:01: [SM] Changed map to "de_dust2"
L 10/11/2020 - 22:22:05: -------- Mapchange to de_dust2 --------
L 10/11/2020 - 22:22:05: [basecommands.smx] "Console<0><Console><Console>" refreshed the admin cache.
L 10/11/2020 - 22:22:05: [basecommands.smx] "Console<0><Console><Console>" changed cvar (cvar "sv_maxrate") (value "128000")
L 10/11/2020 - 22:22:05: [basecommands.smx] "Console<0><Console><Console>" changed cvar (cvar "sv_minrate") (value "128000")
L 10/11/2020 - 22:22:05: [basecommands.smx] "Console<0><Console><Console>" changed cvar (cvar "sv_maxcmdrate") (value "128")
L 10/11/2020 - 22:22:05: [basecommands.smx] "Console<0><Console><Console>" changed cvar (cvar "sv_mincmdrate") (value "128")
L 10/11/2020 - 22:22:05: [basecommands.smx] "Console<0><Console><Console>" changed cvar (cvar "sv_minupdaterate") (value "128")
L 10/11/2020 - 22:22:05: [basecommands.smx] "Console<0><Console><Console>" changed cvar (cvar "sv_maxupdaterate") (value "128")
L 10/11/2020 - 22:22:05: [basecommands.smx] "Console<0><Console><Console>" changed cvar (cvar "sv_maxunlag") (value "0.5")
L 10/11/2020 - 22:22:05: [basecommands.smx] "Console<0><Console><Console>" changed cvar (cvar "sv_unlag") (value "1")
L 10/11/2020 - 22:22:06: [chat-processor.smx] Message formats generated for game 'csgo'.
L 10/11/2020 - 22:22:06: [chat-processor.smx] Successfully hooked a SayText2 chat hook.
L 10/11/2020 - 22:22:07: [weapons.smx] Inactive players' data has been deleted
L 10/11/2020 - 22:35:52: [mapchooser.smx] Voting for next map has started.
L 10/11/2020 - 22:35:53: [mapchooser.smx] Voting for next map has finished. Nextmap: de_nuke.
L 10/11/2020 - 22:37:24: [SM] Changed map to "de_nuke"
L 10/11/2020 - 22:37:27: -------- Mapchange to de_nuke --------
L 10/11/2020 - 22:37:27: [basecommands.smx] "Console<0><Console><Console>" refreshed the admin cache.
L 10/11/2020 - 22:37:27: [basecommands.smx] "Console<0><Console><Console>" changed cvar (cvar "sv_maxrate") (value "128000")
L 10/11/2020 - 22:37:27: [basecommands.smx] "Console<0><Console><Console>" changed cvar (cvar "sv_minrate") (value "128000")
L 10/11/2020 - 22:37:27: [basecommands.smx] "Console<0><Console><Console>" changed cvar (cvar "sv_maxcmdrate") (value "128")
L 10/11/2020 - 22:37:27: [basecommands.smx] "Console<0><Console><Console>" changed cvar (cvar "sv_mincmdrate") (value "128")
L 10/11/2020 - 22:37:27: [basecommands.smx] "Console<0><Console><Console>" changed cvar (cvar "sv_minupdaterate") (value "128")
L 10/11/2020 - 22:37:27: [basecommands.smx] "Console<0><Console><Console>" changed cvar (cvar "sv_maxupdaterate") (value "128")
L 10/11/2020 - 22:37:27: [basecommands.smx] "Console<0><Console><Console>" changed cvar (cvar "sv_maxunlag") (value "0.5")
L 10/11/2020 - 22:37:27: [basecommands.smx] "Console<0><Console><Console>" changed cvar (cvar "sv_unlag") (value "1")
L 10/11/2020 - 22:37:28: [chat-processor.smx] Message formats generated for game 'csgo'.
L 10/11/2020 - 22:37:28: [chat-processor.smx] Successfully hooked a SayText2 chat hook.
L 10/11/2020 - 22:37:29: [weapons.smx] Inactive players' data has been deleted
L 10/11/2020 - 23:05:11: -------- Mapchange to de_nuke --------
L 10/11/2020 - 23:05:11: [basecommands.smx] "Console<0><Console><Console>" refreshed the admin cache.
L 10/11/2020 - 23:05:11: [basecommands.smx] "Console<0><Console><Console>" changed cvar (cvar "sv_maxrate") (value "128000")
L 10/11/2020 - 23:05:11: [basecommands.smx] "Console<0><Console><Console>" changed cvar (cvar "sv_minrate") (value "128000")
L 10/11/2020 - 23:05:11: [basecommands.smx] "Console<0><Console><Console>" changed cvar (cvar "sv_maxcmdrate") (value "128")
L 10/11/2020 - 23:05:11: [basecommands.smx] "Console<0><Console><Console>" changed cvar (cvar "sv_mincmdrate") (value "128")
L 10/11/2020 - 23:05:11: [basecommands.smx] "Console<0><Console><Console>" changed cvar (cvar "sv_minupdaterate") (value "128")
L 10/11/2020 - 23:05:11: [basecommands.smx] "Console<0><Console><Console>" changed cvar (cvar "sv_maxupdaterate") (value "128")
L 10/11/2020 - 23:05:11: [basecommands.smx] "Console<0><Console><Console>" changed cvar (cvar "sv_maxunlag") (value "0.5")
L 10/11/2020 - 23:05:11: [basecommands.smx] "Console<0><Console><Console>" changed cvar (cvar "sv_unlag") (value "1")
L 10/11/2020 - 23:05:12: [chat-processor.smx] Message formats generated for game 'csgo'.
L 10/11/2020 - 23:05:12: [chat-processor.smx] Successfully hooked a SayText2 chat hook.
L 10/11/2020 - 23:05:12: [weapons.smx] Inactive players' data has been deleted
L 10/12/2020 - 01:11:07: Log file closed.
