L 10/06/2020 - 00:03:23: SourceMod log file session started (file "C:\TCAFiles\Users\jean\1\csgo\addons\sourcemod\logs\L20201006.log") (Version "1.10.0.6488")
L 10/06/2020 - 00:03:23: [mapchooser.smx] Voting for next map has started.
L 10/06/2020 - 00:03:43: [mapchooser.smx] Voting for next map has finished. Nextmap: de_overpass.
L 10/06/2020 - 00:06:11: [SM] Changed map to "de_overpass"
L 10/06/2020 - 00:06:12: -------- Mapchange to de_overpass --------
L 10/06/2020 - 00:06:12: [basecommands.smx] "Console<0><Console><Console>" refreshed the admin cache.
L 10/06/2020 - 00:06:12: [basecommands.smx] "Console<0><Console><Console>" changed cvar (cvar "sv_maxrate") (value "128000")
L 10/06/2020 - 00:06:12: [basecommands.smx] "Console<0><Console><Console>" changed cvar (cvar "sv_minrate") (value "128000")
L 10/06/2020 - 00:06:12: [basecommands.smx] "Console<0><Console><Console>" changed cvar (cvar "sv_maxcmdrate") (value "128")
L 10/06/2020 - 00:06:12: [basecommands.smx] "Console<0><Console><Console>" changed cvar (cvar "sv_mincmdrate") (value "128")
L 10/06/2020 - 00:06:12: [basecommands.smx] "Console<0><Console><Console>" changed cvar (cvar "sv_minupdaterate") (value "128")
L 10/06/2020 - 00:06:12: [basecommands.smx] "Console<0><Console><Console>" changed cvar (cvar "sv_maxupdaterate") (value "128")
L 10/06/2020 - 00:06:12: [basecommands.smx] "Console<0><Console><Console>" changed cvar (cvar "sv_maxunlag") (value "0.5")
L 10/06/2020 - 00:06:12: [basecommands.smx] "Console<0><Console><Console>" changed cvar (cvar "sv_unlag") (value "1")
L 10/06/2020 - 00:06:13: [afk_manager4.smx] [AFK Manager] Log File: addons\sourcemod\logs\afkm_20201006.log
L 10/06/2020 - 00:06:13: [chat-processor.smx] Message formats generated for game 'csgo'.
L 10/06/2020 - 00:06:13: [chat-processor.smx] Successfully hooked a SayText2 chat hook.
L 10/06/2020 - 00:06:14: [weapons.smx] Inactive players' data has been deleted
L 10/06/2020 - 00:21:58: [mapchooser.smx] Voting for next map has started.
L 10/06/2020 - 00:22:08: [mapchooser.smx] Voting for next map has finished. Nextmap: de_cache.
L 10/06/2020 - 09:18:27: -------- Mapchange to de_overpass --------
L 10/06/2020 - 09:18:30: [basecommands.smx] "Console<0><Console><Console>" refreshed the admin cache.
L 10/06/2020 - 09:18:30: [basecommands.smx] "Console<0><Console><Console>" changed cvar (cvar "sv_maxrate") (value "128000")
L 10/06/2020 - 09:18:30: [basecommands.smx] "Console<0><Console><Console>" changed cvar (cvar "sv_minrate") (value "128000")
L 10/06/2020 - 09:18:30: [basecommands.smx] "Console<0><Console><Console>" changed cvar (cvar "sv_maxcmdrate") (value "128")
L 10/06/2020 - 09:18:30: [basecommands.smx] "Console<0><Console><Console>" changed cvar (cvar "sv_mincmdrate") (value "128")
L 10/06/2020 - 09:18:30: [basecommands.smx] "Console<0><Console><Console>" changed cvar (cvar "sv_minupdaterate") (value "128")
L 10/06/2020 - 09:18:30: [basecommands.smx] "Console<0><Console><Console>" changed cvar (cvar "sv_maxupdaterate") (value "128")
L 10/06/2020 - 09:18:30: [basecommands.smx] "Console<0><Console><Console>" changed cvar (cvar "sv_maxunlag") (value "0.5")
L 10/06/2020 - 09:18:30: [basecommands.smx] "Console<0><Console><Console>" changed cvar (cvar "sv_unlag") (value "1")
L 10/06/2020 - 09:18:31: [chat-processor.smx] Message formats generated for game 'csgo'.
L 10/06/2020 - 09:18:31: [chat-processor.smx] Successfully hooked a SayText2 chat hook.
L 10/06/2020 - 09:18:32: [weapons.smx] Inactive players' data has been deleted
L 10/06/2020 - 10:32:38: -------- Mapchange to de_overpass --------
L 10/06/2020 - 10:32:38: [basecommands.smx] "Console<0><Console><Console>" refreshed the admin cache.
L 10/06/2020 - 10:32:38: [basecommands.smx] "Console<0><Console><Console>" changed cvar (cvar "sv_maxrate") (value "128000")
L 10/06/2020 - 10:32:38: [basecommands.smx] "Console<0><Console><Console>" changed cvar (cvar "sv_minrate") (value "128000")
L 10/06/2020 - 10:32:38: [basecommands.smx] "Console<0><Console><Console>" changed cvar (cvar "sv_maxcmdrate") (value "128")
L 10/06/2020 - 10:32:38: [basecommands.smx] "Console<0><Console><Console>" changed cvar (cvar "sv_mincmdrate") (value "128")
L 10/06/2020 - 10:32:38: [basecommands.smx] "Console<0><Console><Console>" changed cvar (cvar "sv_minupdaterate") (value "128")
L 10/06/2020 - 10:32:38: [basecommands.smx] "Console<0><Console><Console>" changed cvar (cvar "sv_maxupdaterate") (value "128")
L 10/06/2020 - 10:32:38: [basecommands.smx] "Console<0><Console><Console>" changed cvar (cvar "sv_maxunlag") (value "0.5")
L 10/06/2020 - 10:32:38: [basecommands.smx] "Console<0><Console><Console>" changed cvar (cvar "sv_unlag") (value "1")
L 10/06/2020 - 10:32:39: [chat-processor.smx] Message formats generated for game 'csgo'.
L 10/06/2020 - 10:32:39: [chat-processor.smx] Successfully hooked a SayText2 chat hook.
L 10/06/2020 - 10:32:39: [weapons.smx] Inactive players' data has been deleted
L 10/06/2020 - 13:09:49: SourceMod log file session started (file "C:\TCAFiles\Users\jean\1\csgo\addons\sourcemod\logs\L20201006.log") (Version "1.10.0.6488")
L 10/06/2020 - 13:09:49: [GEOIP] GeoIP database info: GEO-106FREE 20180327 Build 1 Copyright (c) 2018 MaxMind Inc All Rights Reserved
L 10/06/2020 - 13:09:50: [afk_manager4.smx] [AFK Manager] Log File: addons\sourcemod\logs\afkm_20201006.log
L 10/06/2020 - 13:09:50: [afk_manager4.smx] [AFK Manager] Detected Mod Counter-Strike: Global Offensive
L 10/06/2020 - 13:12:10: [chat-processor.smx] Message formats generated for game 'csgo'.
L 10/06/2020 - 13:12:10: [chat-processor.smx] Successfully hooked a SayText2 chat hook.
L 10/06/2020 - 13:12:14: -------- Mapchange to de_dust2 --------
L 10/06/2020 - 13:12:14: [basecommands.smx] "Console<0><Console><Console>" refreshed the admin cache.
L 10/06/2020 - 13:12:14: [basecommands.smx] "Console<0><Console><Console>" changed cvar (cvar "sv_maxrate") (value "128000")
L 10/06/2020 - 13:12:14: [basecommands.smx] "Console<0><Console><Console>" changed cvar (cvar "sv_minrate") (value "128000")
L 10/06/2020 - 13:12:14: [basecommands.smx] "Console<0><Console><Console>" changed cvar (cvar "sv_maxcmdrate") (value "128")
L 10/06/2020 - 13:12:14: [basecommands.smx] "Console<0><Console><Console>" changed cvar (cvar "sv_mincmdrate") (value "128")
L 10/06/2020 - 13:12:14: [basecommands.smx] "Console<0><Console><Console>" changed cvar (cvar "sv_minupdaterate") (value "128")
L 10/06/2020 - 13:12:14: [basecommands.smx] "Console<0><Console><Console>" changed cvar (cvar "sv_maxupdaterate") (value "128")
L 10/06/2020 - 13:12:14: [basecommands.smx] "Console<0><Console><Console>" changed cvar (cvar "sv_maxunlag") (value "0.5")
L 10/06/2020 - 13:12:14: [basecommands.smx] "Console<0><Console><Console>" changed cvar (cvar "sv_unlag") (value "1")
L 10/06/2020 - 13:12:15: [chat-processor.smx] Message formats generated for game 'csgo'.
L 10/06/2020 - 13:12:15: [chat-processor.smx] Successfully hooked a SayText2 chat hook.
L 10/06/2020 - 13:12:16: [weapons.smx] SQLite DB connection successful
L 10/06/2020 - 13:12:17: [weapons.smx] Inactive players' data has been deleted
L 10/06/2020 - 13:12:17: [weapons.smx] SQLite DB connection successful
L 10/06/2020 - 13:12:17: [weapons.smx] SQLite DB connection successful
L 10/06/2020 - 13:12:17: [weapons.smx] Inactive players' data has been deleted
L 10/06/2020 - 13:12:17: [weapons.smx] Inactive players' data has been deleted
L 10/06/2020 - 13:15:29: -------- Mapchange to de_dust2 --------
L 10/06/2020 - 13:15:30: [basecommands.smx] "Console<0><Console><Console>" refreshed the admin cache.
L 10/06/2020 - 13:15:30: [basecommands.smx] "Console<0><Console><Console>" changed cvar (cvar "sv_maxrate") (value "128000")
L 10/06/2020 - 13:15:30: [basecommands.smx] "Console<0><Console><Console>" changed cvar (cvar "sv_minrate") (value "128000")
L 10/06/2020 - 13:15:30: [basecommands.smx] "Console<0><Console><Console>" changed cvar (cvar "sv_maxcmdrate") (value "128")
L 10/06/2020 - 13:15:30: [basecommands.smx] "Console<0><Console><Console>" changed cvar (cvar "sv_mincmdrate") (value "128")
L 10/06/2020 - 13:15:30: [basecommands.smx] "Console<0><Console><Console>" changed cvar (cvar "sv_minupdaterate") (value "128")
L 10/06/2020 - 13:15:30: [basecommands.smx] "Console<0><Console><Console>" changed cvar (cvar "sv_maxupdaterate") (value "128")
L 10/06/2020 - 13:15:30: [basecommands.smx] "Console<0><Console><Console>" changed cvar (cvar "sv_maxunlag") (value "0.5")
L 10/06/2020 - 13:15:30: [basecommands.smx] "Console<0><Console><Console>" changed cvar (cvar "sv_unlag") (value "1")
L 10/06/2020 - 13:15:30: [chat-processor.smx] Message formats generated for game 'csgo'.
L 10/06/2020 - 13:15:30: [chat-processor.smx] Successfully hooked a SayText2 chat hook.
L 10/06/2020 - 13:15:31: [weapons.smx] Inactive players' data has been deleted
L 10/06/2020 - 13:46:22: -------- Mapchange to de_dust2 --------
L 10/06/2020 - 13:46:22: [basecommands.smx] "Console<0><Console><Console>" refreshed the admin cache.
L 10/06/2020 - 13:46:22: [basecommands.smx] "Console<0><Console><Console>" changed cvar (cvar "sv_maxrate") (value "128000")
L 10/06/2020 - 13:46:22: [basecommands.smx] "Console<0><Console><Console>" changed cvar (cvar "sv_minrate") (value "128000")
L 10/06/2020 - 13:46:22: [basecommands.smx] "Console<0><Console><Console>" changed cvar (cvar "sv_maxcmdrate") (value "128")
L 10/06/2020 - 13:46:22: [basecommands.smx] "Console<0><Console><Console>" changed cvar (cvar "sv_mincmdrate") (value "128")
L 10/06/2020 - 13:46:22: [basecommands.smx] "Console<0><Console><Console>" changed cvar (cvar "sv_minupdaterate") (value "128")
L 10/06/2020 - 13:46:22: [basecommands.smx] "Console<0><Console><Console>" changed cvar (cvar "sv_maxupdaterate") (value "128")
L 10/06/2020 - 13:46:22: [basecommands.smx] "Console<0><Console><Console>" changed cvar (cvar "sv_maxunlag") (value "0.5")
L 10/06/2020 - 13:46:22: [basecommands.smx] "Console<0><Console><Console>" changed cvar (cvar "sv_unlag") (value "1")
L 10/06/2020 - 13:46:23: [chat-processor.smx] Message formats generated for game 'csgo'.
L 10/06/2020 - 13:46:23: [chat-processor.smx] Successfully hooked a SayText2 chat hook.
L 10/06/2020 - 13:46:23: [weapons.smx] Inactive players' data has been deleted
L 10/06/2020 - 14:25:20: -------- Mapchange to de_dust2 --------
L 10/06/2020 - 14:25:20: [basecommands.smx] "Console<0><Console><Console>" refreshed the admin cache.
L 10/06/2020 - 14:25:20: [basecommands.smx] "Console<0><Console><Console>" changed cvar (cvar "sv_maxrate") (value "128000")
L 10/06/2020 - 14:25:20: [basecommands.smx] "Console<0><Console><Console>" changed cvar (cvar "sv_minrate") (value "128000")
L 10/06/2020 - 14:25:20: [basecommands.smx] "Console<0><Console><Console>" changed cvar (cvar "sv_maxcmdrate") (value "128")
L 10/06/2020 - 14:25:20: [basecommands.smx] "Console<0><Console><Console>" changed cvar (cvar "sv_mincmdrate") (value "128")
L 10/06/2020 - 14:25:20: [basecommands.smx] "Console<0><Console><Console>" changed cvar (cvar "sv_minupdaterate") (value "128")
L 10/06/2020 - 14:25:20: [basecommands.smx] "Console<0><Console><Console>" changed cvar (cvar "sv_maxupdaterate") (value "128")
L 10/06/2020 - 14:25:20: [basecommands.smx] "Console<0><Console><Console>" changed cvar (cvar "sv_maxunlag") (value "0.5")
L 10/06/2020 - 14:25:20: [basecommands.smx] "Console<0><Console><Console>" changed cvar (cvar "sv_unlag") (value "1")
L 10/06/2020 - 14:25:21: [chat-processor.smx] Message formats generated for game 'csgo'.
L 10/06/2020 - 14:25:21: [chat-processor.smx] Successfully hooked a SayText2 chat hook.
L 10/06/2020 - 14:25:22: [weapons.smx] Inactive players' data has been deleted
L 10/06/2020 - 14:39:47: [mapchooser.smx] Voting for next map has started.
L 10/06/2020 - 14:39:53: [mapchooser.smx] Voting for next map has finished. Nextmap: de_cache.
L 10/06/2020 - 14:41:38: [SM] Changed map to "de_cache"
L 10/06/2020 - 14:41:43: -------- Mapchange to de_cache --------
L 10/06/2020 - 14:41:43: [basecommands.smx] "Console<0><Console><Console>" refreshed the admin cache.
L 10/06/2020 - 14:41:43: [basecommands.smx] "Console<0><Console><Console>" changed cvar (cvar "sv_maxrate") (value "128000")
L 10/06/2020 - 14:41:43: [basecommands.smx] "Console<0><Console><Console>" changed cvar (cvar "sv_minrate") (value "128000")
L 10/06/2020 - 14:41:43: [basecommands.smx] "Console<0><Console><Console>" changed cvar (cvar "sv_maxcmdrate") (value "128")
L 10/06/2020 - 14:41:43: [basecommands.smx] "Console<0><Console><Console>" changed cvar (cvar "sv_mincmdrate") (value "128")
L 10/06/2020 - 14:41:43: [basecommands.smx] "Console<0><Console><Console>" changed cvar (cvar "sv_minupdaterate") (value "128")
L 10/06/2020 - 14:41:43: [basecommands.smx] "Console<0><Console><Console>" changed cvar (cvar "sv_maxupdaterate") (value "128")
L 10/06/2020 - 14:41:43: [basecommands.smx] "Console<0><Console><Console>" changed cvar (cvar "sv_maxunlag") (value "0.5")
L 10/06/2020 - 14:41:43: [basecommands.smx] "Console<0><Console><Console>" changed cvar (cvar "sv_unlag") (value "1")
L 10/06/2020 - 14:41:44: [chat-processor.smx] Message formats generated for game 'csgo'.
L 10/06/2020 - 14:41:44: [chat-processor.smx] Successfully hooked a SayText2 chat hook.
L 10/06/2020 - 14:41:45: [weapons.smx] Inactive players' data has been deleted
L 10/06/2020 - 14:56:53: [mapchooser.smx] Voting for next map has started.
L 10/06/2020 - 14:57:00: [mapchooser.smx] Voting for next map has finished. Nextmap: de_mirage.
L 10/06/2020 - 14:59:33: [SM] Changed map to "de_mirage"
L 10/06/2020 - 14:59:35: -------- Mapchange to de_mirage --------
L 10/06/2020 - 14:59:35: [basecommands.smx] "Console<0><Console><Console>" refreshed the admin cache.
L 10/06/2020 - 14:59:35: [basecommands.smx] "Console<0><Console><Console>" changed cvar (cvar "sv_maxrate") (value "128000")
L 10/06/2020 - 14:59:35: [basecommands.smx] "Console<0><Console><Console>" changed cvar (cvar "sv_minrate") (value "128000")
L 10/06/2020 - 14:59:35: [basecommands.smx] "Console<0><Console><Console>" changed cvar (cvar "sv_maxcmdrate") (value "128")
L 10/06/2020 - 14:59:35: [basecommands.smx] "Console<0><Console><Console>" changed cvar (cvar "sv_mincmdrate") (value "128")
L 10/06/2020 - 14:59:35: [basecommands.smx] "Console<0><Console><Console>" changed cvar (cvar "sv_minupdaterate") (value "128")
L 10/06/2020 - 14:59:35: [basecommands.smx] "Console<0><Console><Console>" changed cvar (cvar "sv_maxupdaterate") (value "128")
L 10/06/2020 - 14:59:35: [basecommands.smx] "Console<0><Console><Console>" changed cvar (cvar "sv_maxunlag") (value "0.5")
L 10/06/2020 - 14:59:35: [basecommands.smx] "Console<0><Console><Console>" changed cvar (cvar "sv_unlag") (value "1")
L 10/06/2020 - 14:59:36: [chat-processor.smx] Message formats generated for game 'csgo'.
L 10/06/2020 - 14:59:36: [chat-processor.smx] Successfully hooked a SayText2 chat hook.
L 10/06/2020 - 14:59:36: [weapons.smx] Inactive players' data has been deleted
L 10/06/2020 - 15:14:31: [mapchooser.smx] Voting for next map has started.
L 10/06/2020 - 15:14:39: [mapchooser.smx] Voting for next map has finished. Nextmap: de_overpass.
L 10/06/2020 - 15:28:46: -------- Mapchange to de_mirage --------
L 10/06/2020 - 15:28:46: [basecommands.smx] "Console<0><Console><Console>" refreshed the admin cache.
L 10/06/2020 - 15:28:46: [basecommands.smx] "Console<0><Console><Console>" changed cvar (cvar "sv_maxrate") (value "128000")
L 10/06/2020 - 15:28:46: [basecommands.smx] "Console<0><Console><Console>" changed cvar (cvar "sv_minrate") (value "128000")
L 10/06/2020 - 15:28:46: [basecommands.smx] "Console<0><Console><Console>" changed cvar (cvar "sv_maxcmdrate") (value "128")
L 10/06/2020 - 15:28:46: [basecommands.smx] "Console<0><Console><Console>" changed cvar (cvar "sv_mincmdrate") (value "128")
L 10/06/2020 - 15:28:46: [basecommands.smx] "Console<0><Console><Console>" changed cvar (cvar "sv_minupdaterate") (value "128")
L 10/06/2020 - 15:28:46: [basecommands.smx] "Console<0><Console><Console>" changed cvar (cvar "sv_maxupdaterate") (value "128")
L 10/06/2020 - 15:28:46: [basecommands.smx] "Console<0><Console><Console>" changed cvar (cvar "sv_maxunlag") (value "0.5")
L 10/06/2020 - 15:28:46: [basecommands.smx] "Console<0><Console><Console>" changed cvar (cvar "sv_unlag") (value "1")
L 10/06/2020 - 15:28:47: [chat-processor.smx] Message formats generated for game 'csgo'.
L 10/06/2020 - 15:28:47: [chat-processor.smx] Successfully hooked a SayText2 chat hook.
L 10/06/2020 - 15:28:47: [weapons.smx] Inactive players' data has been deleted
L 10/06/2020 - 15:45:53: [mapchooser.smx] Voting for next map has started.
L 10/06/2020 - 15:46:13: [mapchooser.smx] Voting for next map has finished. Nextmap: de_inferno.
L 10/06/2020 - 16:06:42: [SM] Changed map to "de_inferno"
L 10/06/2020 - 16:06:44: -------- Mapchange to de_inferno --------
L 10/06/2020 - 16:06:44: [basecommands.smx] "Console<0><Console><Console>" refreshed the admin cache.
L 10/06/2020 - 16:06:44: [basecommands.smx] "Console<0><Console><Console>" changed cvar (cvar "sv_maxrate") (value "128000")
L 10/06/2020 - 16:06:44: [basecommands.smx] "Console<0><Console><Console>" changed cvar (cvar "sv_minrate") (value "128000")
L 10/06/2020 - 16:06:44: [basecommands.smx] "Console<0><Console><Console>" changed cvar (cvar "sv_maxcmdrate") (value "128")
L 10/06/2020 - 16:06:44: [basecommands.smx] "Console<0><Console><Console>" changed cvar (cvar "sv_mincmdrate") (value "128")
L 10/06/2020 - 16:06:44: [basecommands.smx] "Console<0><Console><Console>" changed cvar (cvar "sv_minupdaterate") (value "128")
L 10/06/2020 - 16:06:44: [basecommands.smx] "Console<0><Console><Console>" changed cvar (cvar "sv_maxupdaterate") (value "128")
L 10/06/2020 - 16:06:44: [basecommands.smx] "Console<0><Console><Console>" changed cvar (cvar "sv_maxunlag") (value "0.5")
L 10/06/2020 - 16:06:44: [basecommands.smx] "Console<0><Console><Console>" changed cvar (cvar "sv_unlag") (value "1")
L 10/06/2020 - 16:06:45: [chat-processor.smx] Message formats generated for game 'csgo'.
L 10/06/2020 - 16:06:45: [chat-processor.smx] Successfully hooked a SayText2 chat hook.
L 10/06/2020 - 16:06:45: [weapons.smx] Inactive players' data has been deleted
L 10/06/2020 - 16:22:08: [mapchooser.smx] Voting for next map has started.
L 10/06/2020 - 16:22:28: [mapchooser.smx] Voting for next map has finished. Nextmap: de_overpass.
L 10/06/2020 - 16:24:53: [SM] Changed map to "de_overpass"
L 10/06/2020 - 16:24:54: -------- Mapchange to de_overpass --------
L 10/06/2020 - 16:24:55: [basecommands.smx] "Console<0><Console><Console>" refreshed the admin cache.
L 10/06/2020 - 16:24:55: [basecommands.smx] "Console<0><Console><Console>" changed cvar (cvar "sv_maxrate") (value "128000")
L 10/06/2020 - 16:24:55: [basecommands.smx] "Console<0><Console><Console>" changed cvar (cvar "sv_minrate") (value "128000")
L 10/06/2020 - 16:24:55: [basecommands.smx] "Console<0><Console><Console>" changed cvar (cvar "sv_maxcmdrate") (value "128")
L 10/06/2020 - 16:24:55: [basecommands.smx] "Console<0><Console><Console>" changed cvar (cvar "sv_mincmdrate") (value "128")
L 10/06/2020 - 16:24:55: [basecommands.smx] "Console<0><Console><Console>" changed cvar (cvar "sv_minupdaterate") (value "128")
L 10/06/2020 - 16:24:55: [basecommands.smx] "Console<0><Console><Console>" changed cvar (cvar "sv_maxupdaterate") (value "128")
L 10/06/2020 - 16:24:55: [basecommands.smx] "Console<0><Console><Console>" changed cvar (cvar "sv_maxunlag") (value "0.5")
L 10/06/2020 - 16:24:55: [basecommands.smx] "Console<0><Console><Console>" changed cvar (cvar "sv_unlag") (value "1")
L 10/06/2020 - 16:24:55: [chat-processor.smx] Message formats generated for game 'csgo'.
L 10/06/2020 - 16:24:55: [chat-processor.smx] Successfully hooked a SayText2 chat hook.
L 10/06/2020 - 16:24:57: [weapons.smx] Inactive players' data has been deleted
L 10/06/2020 - 16:40:44: [mapchooser.smx] Voting for next map has started.
L 10/06/2020 - 16:41:05: [mapchooser.smx] Voting for next map has finished. Nextmap: de_vertigo.
L 10/06/2020 - 16:42:32: [SM] Changed map to "de_vertigo"
L 10/06/2020 - 16:42:33: -------- Mapchange to de_vertigo --------
L 10/06/2020 - 16:42:33: [basecommands.smx] "Console<0><Console><Console>" refreshed the admin cache.
L 10/06/2020 - 16:42:33: [basecommands.smx] "Console<0><Console><Console>" changed cvar (cvar "sv_maxrate") (value "128000")
L 10/06/2020 - 16:42:33: [basecommands.smx] "Console<0><Console><Console>" changed cvar (cvar "sv_minrate") (value "128000")
L 10/06/2020 - 16:42:33: [basecommands.smx] "Console<0><Console><Console>" changed cvar (cvar "sv_maxcmdrate") (value "128")
L 10/06/2020 - 16:42:33: [basecommands.smx] "Console<0><Console><Console>" changed cvar (cvar "sv_mincmdrate") (value "128")
L 10/06/2020 - 16:42:33: [basecommands.smx] "Console<0><Console><Console>" changed cvar (cvar "sv_minupdaterate") (value "128")
L 10/06/2020 - 16:42:33: [basecommands.smx] "Console<0><Console><Console>" changed cvar (cvar "sv_maxupdaterate") (value "128")
L 10/06/2020 - 16:42:33: [basecommands.smx] "Console<0><Console><Console>" changed cvar (cvar "sv_maxunlag") (value "0.5")
L 10/06/2020 - 16:42:33: [basecommands.smx] "Console<0><Console><Console>" changed cvar (cvar "sv_unlag") (value "1")
L 10/06/2020 - 16:42:34: [chat-processor.smx] Message formats generated for game 'csgo'.
L 10/06/2020 - 16:42:34: [chat-processor.smx] Successfully hooked a SayText2 chat hook.
L 10/06/2020 - 16:42:35: [weapons.smx] Inactive players' data has been deleted
L 10/06/2020 - 16:57:40: [mapchooser.smx] Voting for next map has started.
L 10/06/2020 - 16:57:45: [mapchooser.smx] Voting for next map has finished. Nextmap: de_train.
L 10/06/2020 - 17:00:01: [SM] Changed map to "de_train"
L 10/06/2020 - 17:00:03: -------- Mapchange to de_train --------
L 10/06/2020 - 17:00:03: [basecommands.smx] "Console<0><Console><Console>" refreshed the admin cache.
L 10/06/2020 - 17:00:03: [basecommands.smx] "Console<0><Console><Console>" changed cvar (cvar "sv_maxrate") (value "128000")
L 10/06/2020 - 17:00:03: [basecommands.smx] "Console<0><Console><Console>" changed cvar (cvar "sv_minrate") (value "128000")
L 10/06/2020 - 17:00:03: [basecommands.smx] "Console<0><Console><Console>" changed cvar (cvar "sv_maxcmdrate") (value "128")
L 10/06/2020 - 17:00:03: [basecommands.smx] "Console<0><Console><Console>" changed cvar (cvar "sv_mincmdrate") (value "128")
L 10/06/2020 - 17:00:03: [basecommands.smx] "Console<0><Console><Console>" changed cvar (cvar "sv_minupdaterate") (value "128")
L 10/06/2020 - 17:00:03: [basecommands.smx] "Console<0><Console><Console>" changed cvar (cvar "sv_maxupdaterate") (value "128")
L 10/06/2020 - 17:00:03: [basecommands.smx] "Console<0><Console><Console>" changed cvar (cvar "sv_maxunlag") (value "0.5")
L 10/06/2020 - 17:00:03: [basecommands.smx] "Console<0><Console><Console>" changed cvar (cvar "sv_unlag") (value "1")
L 10/06/2020 - 17:00:04: [chat-processor.smx] Message formats generated for game 'csgo'.
L 10/06/2020 - 17:00:04: [chat-processor.smx] Successfully hooked a SayText2 chat hook.
L 10/06/2020 - 17:00:05: [weapons.smx] Inactive players' data has been deleted
L 10/06/2020 - 17:15:32: [mapchooser.smx] Voting for next map has started.
L 10/06/2020 - 17:15:36: [mapchooser.smx] Voting for next map has finished. Nextmap: de_cache.
L 10/06/2020 - 17:17:31: [SM] Changed map to "de_cache"
L 10/06/2020 - 17:17:36: -------- Mapchange to de_cache --------
L 10/06/2020 - 17:17:36: [basecommands.smx] "Console<0><Console><Console>" refreshed the admin cache.
L 10/06/2020 - 17:17:36: [basecommands.smx] "Console<0><Console><Console>" changed cvar (cvar "sv_maxrate") (value "128000")
L 10/06/2020 - 17:17:36: [basecommands.smx] "Console<0><Console><Console>" changed cvar (cvar "sv_minrate") (value "128000")
L 10/06/2020 - 17:17:36: [basecommands.smx] "Console<0><Console><Console>" changed cvar (cvar "sv_maxcmdrate") (value "128")
L 10/06/2020 - 17:17:36: [basecommands.smx] "Console<0><Console><Console>" changed cvar (cvar "sv_mincmdrate") (value "128")
L 10/06/2020 - 17:17:36: [basecommands.smx] "Console<0><Console><Console>" changed cvar (cvar "sv_minupdaterate") (value "128")
L 10/06/2020 - 17:17:36: [basecommands.smx] "Console<0><Console><Console>" changed cvar (cvar "sv_maxupdaterate") (value "128")
L 10/06/2020 - 17:17:36: [basecommands.smx] "Console<0><Console><Console>" changed cvar (cvar "sv_maxunlag") (value "0.5")
L 10/06/2020 - 17:17:36: [basecommands.smx] "Console<0><Console><Console>" changed cvar (cvar "sv_unlag") (value "1")
L 10/06/2020 - 17:17:37: [chat-processor.smx] Message formats generated for game 'csgo'.
L 10/06/2020 - 17:17:37: [chat-processor.smx] Successfully hooked a SayText2 chat hook.
L 10/06/2020 - 17:17:38: [weapons.smx] Inactive players' data has been deleted
L 10/06/2020 - 17:33:06: [mapchooser.smx] Voting for next map has started.
L 10/06/2020 - 17:33:11: [mapchooser.smx] Voting for next map has finished. Nextmap: de_dust2.
L 10/06/2020 - 17:35:02: [SM] Changed map to "de_dust2"
L 10/06/2020 - 17:35:06: -------- Mapchange to de_dust2 --------
L 10/06/2020 - 17:35:06: [basecommands.smx] "Console<0><Console><Console>" refreshed the admin cache.
L 10/06/2020 - 17:35:06: [basecommands.smx] "Console<0><Console><Console>" changed cvar (cvar "sv_maxrate") (value "128000")
L 10/06/2020 - 17:35:06: [basecommands.smx] "Console<0><Console><Console>" changed cvar (cvar "sv_minrate") (value "128000")
L 10/06/2020 - 17:35:06: [basecommands.smx] "Console<0><Console><Console>" changed cvar (cvar "sv_maxcmdrate") (value "128")
L 10/06/2020 - 17:35:06: [basecommands.smx] "Console<0><Console><Console>" changed cvar (cvar "sv_mincmdrate") (value "128")
L 10/06/2020 - 17:35:06: [basecommands.smx] "Console<0><Console><Console>" changed cvar (cvar "sv_minupdaterate") (value "128")
L 10/06/2020 - 17:35:06: [basecommands.smx] "Console<0><Console><Console>" changed cvar (cvar "sv_maxupdaterate") (value "128")
L 10/06/2020 - 17:35:06: [basecommands.smx] "Console<0><Console><Console>" changed cvar (cvar "sv_maxunlag") (value "0.5")
L 10/06/2020 - 17:35:06: [basecommands.smx] "Console<0><Console><Console>" changed cvar (cvar "sv_unlag") (value "1")
L 10/06/2020 - 17:35:07: [chat-processor.smx] Message formats generated for game 'csgo'.
L 10/06/2020 - 17:35:07: [chat-processor.smx] Successfully hooked a SayText2 chat hook.
L 10/06/2020 - 17:35:08: [weapons.smx] Inactive players' data has been deleted
L 10/06/2020 - 17:48:37: [mapchooser.smx] Voting for next map has started.
L 10/06/2020 - 17:48:40: [mapchooser.smx] Voting for next map has finished. Nextmap: de_mirage.
L 10/06/2020 - 17:50:11: [SM] Changed map to "de_mirage"
L 10/06/2020 - 17:50:13: -------- Mapchange to de_mirage --------
L 10/06/2020 - 17:50:13: [basecommands.smx] "Console<0><Console><Console>" refreshed the admin cache.
L 10/06/2020 - 17:50:13: [basecommands.smx] "Console<0><Console><Console>" changed cvar (cvar "sv_maxrate") (value "128000")
L 10/06/2020 - 17:50:13: [basecommands.smx] "Console<0><Console><Console>" changed cvar (cvar "sv_minrate") (value "128000")
L 10/06/2020 - 17:50:13: [basecommands.smx] "Console<0><Console><Console>" changed cvar (cvar "sv_maxcmdrate") (value "128")
L 10/06/2020 - 17:50:13: [basecommands.smx] "Console<0><Console><Console>" changed cvar (cvar "sv_mincmdrate") (value "128")
L 10/06/2020 - 17:50:13: [basecommands.smx] "Console<0><Console><Console>" changed cvar (cvar "sv_minupdaterate") (value "128")
L 10/06/2020 - 17:50:13: [basecommands.smx] "Console<0><Console><Console>" changed cvar (cvar "sv_maxupdaterate") (value "128")
L 10/06/2020 - 17:50:13: [basecommands.smx] "Console<0><Console><Console>" changed cvar (cvar "sv_maxunlag") (value "0.5")
L 10/06/2020 - 17:50:13: [basecommands.smx] "Console<0><Console><Console>" changed cvar (cvar "sv_unlag") (value "1")
L 10/06/2020 - 17:50:14: [chat-processor.smx] Message formats generated for game 'csgo'.
L 10/06/2020 - 17:50:14: [chat-processor.smx] Successfully hooked a SayText2 chat hook.
L 10/06/2020 - 17:50:15: [weapons.smx] Inactive players' data has been deleted
L 10/06/2020 - 18:05:36: [mapchooser.smx] Voting for next map has started.
L 10/06/2020 - 18:05:40: [mapchooser.smx] Voting for next map has finished. Nextmap: de_inferno.
L 10/06/2020 - 18:07:14: [SM] Changed map to "de_inferno"
L 10/06/2020 - 18:07:16: -------- Mapchange to de_inferno --------
L 10/06/2020 - 18:07:16: [basecommands.smx] "Console<0><Console><Console>" refreshed the admin cache.
L 10/06/2020 - 18:07:16: [basecommands.smx] "Console<0><Console><Console>" changed cvar (cvar "sv_maxrate") (value "128000")
L 10/06/2020 - 18:07:16: [basecommands.smx] "Console<0><Console><Console>" changed cvar (cvar "sv_minrate") (value "128000")
L 10/06/2020 - 18:07:16: [basecommands.smx] "Console<0><Console><Console>" changed cvar (cvar "sv_maxcmdrate") (value "128")
L 10/06/2020 - 18:07:16: [basecommands.smx] "Console<0><Console><Console>" changed cvar (cvar "sv_mincmdrate") (value "128")
L 10/06/2020 - 18:07:16: [basecommands.smx] "Console<0><Console><Console>" changed cvar (cvar "sv_minupdaterate") (value "128")
L 10/06/2020 - 18:07:16: [basecommands.smx] "Console<0><Console><Console>" changed cvar (cvar "sv_maxupdaterate") (value "128")
L 10/06/2020 - 18:07:16: [basecommands.smx] "Console<0><Console><Console>" changed cvar (cvar "sv_maxunlag") (value "0.5")
L 10/06/2020 - 18:07:16: [basecommands.smx] "Console<0><Console><Console>" changed cvar (cvar "sv_unlag") (value "1")
L 10/06/2020 - 18:07:17: [chat-processor.smx] Message formats generated for game 'csgo'.
L 10/06/2020 - 18:07:17: [chat-processor.smx] Successfully hooked a SayText2 chat hook.
L 10/06/2020 - 18:07:18: [weapons.smx] Inactive players' data has been deleted
L 10/06/2020 - 18:07:57: [mapchooser.smx] Voting for next map has started.
L 10/06/2020 - 18:07:59: [mapchooser.smx] Voting for next map has finished. Nextmap: de_overpass.
L 10/06/2020 - 19:16:34: [SM] Changed map to "de_overpass"
L 10/06/2020 - 19:16:35: -------- Mapchange to de_overpass --------
L 10/06/2020 - 19:16:36: [basecommands.smx] "Console<0><Console><Console>" refreshed the admin cache.
L 10/06/2020 - 19:16:36: [basecommands.smx] "Console<0><Console><Console>" changed cvar (cvar "sv_maxrate") (value "128000")
L 10/06/2020 - 19:16:36: [basecommands.smx] "Console<0><Console><Console>" changed cvar (cvar "sv_minrate") (value "128000")
L 10/06/2020 - 19:16:36: [basecommands.smx] "Console<0><Console><Console>" changed cvar (cvar "sv_maxcmdrate") (value "128")
L 10/06/2020 - 19:16:36: [basecommands.smx] "Console<0><Console><Console>" changed cvar (cvar "sv_mincmdrate") (value "128")
L 10/06/2020 - 19:16:36: [basecommands.smx] "Console<0><Console><Console>" changed cvar (cvar "sv_minupdaterate") (value "128")
L 10/06/2020 - 19:16:36: [basecommands.smx] "Console<0><Console><Console>" changed cvar (cvar "sv_maxupdaterate") (value "128")
L 10/06/2020 - 19:16:36: [basecommands.smx] "Console<0><Console><Console>" changed cvar (cvar "sv_maxunlag") (value "0.5")
L 10/06/2020 - 19:16:36: [basecommands.smx] "Console<0><Console><Console>" changed cvar (cvar "sv_unlag") (value "1")
L 10/06/2020 - 19:16:37: [chat-processor.smx] Message formats generated for game 'csgo'.
L 10/06/2020 - 19:16:37: [chat-processor.smx] Successfully hooked a SayText2 chat hook.
L 10/06/2020 - 19:16:38: [weapons.smx] Inactive players' data has been deleted
L 10/06/2020 - 19:31:37: [mapchooser.smx] Voting for next map has started.
L 10/06/2020 - 19:31:52: [mapchooser.smx] Voting for next map has finished. Nextmap: de_vertigo.
L 10/06/2020 - 19:33:46: [SM] Changed map to "de_vertigo"
L 10/06/2020 - 19:33:47: -------- Mapchange to de_vertigo --------
L 10/06/2020 - 19:33:48: [basecommands.smx] "Console<0><Console><Console>" refreshed the admin cache.
L 10/06/2020 - 19:33:48: [basecommands.smx] "Console<0><Console><Console>" changed cvar (cvar "sv_maxrate") (value "128000")
L 10/06/2020 - 19:33:48: [basecommands.smx] "Console<0><Console><Console>" changed cvar (cvar "sv_minrate") (value "128000")
L 10/06/2020 - 19:33:48: [basecommands.smx] "Console<0><Console><Console>" changed cvar (cvar "sv_maxcmdrate") (value "128")
L 10/06/2020 - 19:33:48: [basecommands.smx] "Console<0><Console><Console>" changed cvar (cvar "sv_mincmdrate") (value "128")
L 10/06/2020 - 19:33:48: [basecommands.smx] "Console<0><Console><Console>" changed cvar (cvar "sv_minupdaterate") (value "128")
L 10/06/2020 - 19:33:48: [basecommands.smx] "Console<0><Console><Console>" changed cvar (cvar "sv_maxupdaterate") (value "128")
L 10/06/2020 - 19:33:48: [basecommands.smx] "Console<0><Console><Console>" changed cvar (cvar "sv_maxunlag") (value "0.5")
L 10/06/2020 - 19:33:48: [basecommands.smx] "Console<0><Console><Console>" changed cvar (cvar "sv_unlag") (value "1")
L 10/06/2020 - 19:33:49: [chat-processor.smx] Message formats generated for game 'csgo'.
L 10/06/2020 - 19:33:49: [chat-processor.smx] Successfully hooked a SayText2 chat hook.
L 10/06/2020 - 19:33:50: [weapons.smx] Inactive players' data has been deleted
L 10/06/2020 - 19:50:28: [mapchooser.smx] Voting for next map has started.
L 10/06/2020 - 19:50:48: [mapchooser.smx] Voting for next map has finished. Nextmap: de_train.
L 10/06/2020 - 19:51:54: [basevotes.smx] "Stano<348><STEAM_1:1:449902649><>" initiated a map vote.
L 10/06/2020 - 19:52:14: [basevotes.smx] Changing map to de_inferno due to vote.
L 10/06/2020 - 19:52:19: [SM] Changed map to "de_inferno"
L 10/06/2020 - 19:52:21: -------- Mapchange to de_inferno --------
L 10/06/2020 - 19:52:21: [basecommands.smx] "Console<0><Console><Console>" refreshed the admin cache.
L 10/06/2020 - 19:52:21: [basecommands.smx] "Console<0><Console><Console>" changed cvar (cvar "sv_maxrate") (value "128000")
L 10/06/2020 - 19:52:21: [basecommands.smx] "Console<0><Console><Console>" changed cvar (cvar "sv_minrate") (value "128000")
L 10/06/2020 - 19:52:21: [basecommands.smx] "Console<0><Console><Console>" changed cvar (cvar "sv_maxcmdrate") (value "128")
L 10/06/2020 - 19:52:21: [basecommands.smx] "Console<0><Console><Console>" changed cvar (cvar "sv_mincmdrate") (value "128")
L 10/06/2020 - 19:52:21: [basecommands.smx] "Console<0><Console><Console>" changed cvar (cvar "sv_minupdaterate") (value "128")
L 10/06/2020 - 19:52:21: [basecommands.smx] "Console<0><Console><Console>" changed cvar (cvar "sv_maxupdaterate") (value "128")
L 10/06/2020 - 19:52:21: [basecommands.smx] "Console<0><Console><Console>" changed cvar (cvar "sv_maxunlag") (value "0.5")
L 10/06/2020 - 19:52:21: [basecommands.smx] "Console<0><Console><Console>" changed cvar (cvar "sv_unlag") (value "1")
L 10/06/2020 - 19:52:22: [chat-processor.smx] Message formats generated for game 'csgo'.
L 10/06/2020 - 19:52:22: [chat-processor.smx] Successfully hooked a SayText2 chat hook.
L 10/06/2020 - 19:52:24: [weapons.smx] Inactive players' data has been deleted
L 10/06/2020 - 20:09:02: [mapchooser.smx] Voting for next map has started.
L 10/06/2020 - 20:09:23: [mapchooser.smx] Voting for next map has finished. Nextmap: de_nuke.
L 10/06/2020 - 20:11:07: [SM] Changed map to "de_nuke"
L 10/06/2020 - 20:11:11: -------- Mapchange to de_nuke --------
L 10/06/2020 - 20:11:11: [basecommands.smx] "Console<0><Console><Console>" refreshed the admin cache.
L 10/06/2020 - 20:11:11: [basecommands.smx] "Console<0><Console><Console>" changed cvar (cvar "sv_maxrate") (value "128000")
L 10/06/2020 - 20:11:11: [basecommands.smx] "Console<0><Console><Console>" changed cvar (cvar "sv_minrate") (value "128000")
L 10/06/2020 - 20:11:11: [basecommands.smx] "Console<0><Console><Console>" changed cvar (cvar "sv_maxcmdrate") (value "128")
L 10/06/2020 - 20:11:11: [basecommands.smx] "Console<0><Console><Console>" changed cvar (cvar "sv_mincmdrate") (value "128")
L 10/06/2020 - 20:11:11: [basecommands.smx] "Console<0><Console><Console>" changed cvar (cvar "sv_minupdaterate") (value "128")
L 10/06/2020 - 20:11:11: [basecommands.smx] "Console<0><Console><Console>" changed cvar (cvar "sv_maxupdaterate") (value "128")
L 10/06/2020 - 20:11:11: [basecommands.smx] "Console<0><Console><Console>" changed cvar (cvar "sv_maxunlag") (value "0.5")
L 10/06/2020 - 20:11:11: [basecommands.smx] "Console<0><Console><Console>" changed cvar (cvar "sv_unlag") (value "1")
L 10/06/2020 - 20:11:12: [chat-processor.smx] Message formats generated for game 'csgo'.
L 10/06/2020 - 20:11:12: [chat-processor.smx] Successfully hooked a SayText2 chat hook.
L 10/06/2020 - 20:11:13: [weapons.smx] Inactive players' data has been deleted
L 10/06/2020 - 20:27:46: [mapchooser.smx] Voting for next map has started.
L 10/06/2020 - 20:28:06: [mapchooser.smx] Voting for next map has finished. Nextmap: de_dust2.
L 10/06/2020 - 20:31:34: [SM] Changed map to "de_dust2"
L 10/06/2020 - 20:31:38: -------- Mapchange to de_dust2 --------
L 10/06/2020 - 20:31:38: [basecommands.smx] "Console<0><Console><Console>" refreshed the admin cache.
L 10/06/2020 - 20:31:38: [basecommands.smx] "Console<0><Console><Console>" changed cvar (cvar "sv_maxrate") (value "128000")
L 10/06/2020 - 20:31:38: [basecommands.smx] "Console<0><Console><Console>" changed cvar (cvar "sv_minrate") (value "128000")
L 10/06/2020 - 20:31:38: [basecommands.smx] "Console<0><Console><Console>" changed cvar (cvar "sv_maxcmdrate") (value "128")
L 10/06/2020 - 20:31:38: [basecommands.smx] "Console<0><Console><Console>" changed cvar (cvar "sv_mincmdrate") (value "128")
L 10/06/2020 - 20:31:38: [basecommands.smx] "Console<0><Console><Console>" changed cvar (cvar "sv_minupdaterate") (value "128")
L 10/06/2020 - 20:31:38: [basecommands.smx] "Console<0><Console><Console>" changed cvar (cvar "sv_maxupdaterate") (value "128")
L 10/06/2020 - 20:31:38: [basecommands.smx] "Console<0><Console><Console>" changed cvar (cvar "sv_maxunlag") (value "0.5")
L 10/06/2020 - 20:31:38: [basecommands.smx] "Console<0><Console><Console>" changed cvar (cvar "sv_unlag") (value "1")
L 10/06/2020 - 20:31:39: [chat-processor.smx] Message formats generated for game 'csgo'.
L 10/06/2020 - 20:31:39: [chat-processor.smx] Successfully hooked a SayText2 chat hook.
L 10/06/2020 - 20:31:40: [weapons.smx] Inactive players' data has been deleted
L 10/06/2020 - 20:48:08: [mapchooser.smx] Voting for next map has started.
L 10/06/2020 - 20:48:23: [mapchooser.smx] Voting for next map has finished. Nextmap: de_train.
L 10/06/2020 - 20:51:03: [SM] Changed map to "de_train"
L 10/06/2020 - 20:51:04: -------- Mapchange to de_train --------
L 10/06/2020 - 20:51:05: [basecommands.smx] "Console<0><Console><Console>" refreshed the admin cache.
L 10/06/2020 - 20:51:05: [basecommands.smx] "Console<0><Console><Console>" changed cvar (cvar "sv_maxrate") (value "128000")
L 10/06/2020 - 20:51:05: [basecommands.smx] "Console<0><Console><Console>" changed cvar (cvar "sv_minrate") (value "128000")
L 10/06/2020 - 20:51:05: [basecommands.smx] "Console<0><Console><Console>" changed cvar (cvar "sv_maxcmdrate") (value "128")
L 10/06/2020 - 20:51:05: [basecommands.smx] "Console<0><Console><Console>" changed cvar (cvar "sv_mincmdrate") (value "128")
L 10/06/2020 - 20:51:05: [basecommands.smx] "Console<0><Console><Console>" changed cvar (cvar "sv_minupdaterate") (value "128")
L 10/06/2020 - 20:51:05: [basecommands.smx] "Console<0><Console><Console>" changed cvar (cvar "sv_maxupdaterate") (value "128")
L 10/06/2020 - 20:51:05: [basecommands.smx] "Console<0><Console><Console>" changed cvar (cvar "sv_maxunlag") (value "0.5")
L 10/06/2020 - 20:51:05: [basecommands.smx] "Console<0><Console><Console>" changed cvar (cvar "sv_unlag") (value "1")
L 10/06/2020 - 20:51:06: [chat-processor.smx] Message formats generated for game 'csgo'.
L 10/06/2020 - 20:51:06: [chat-processor.smx] Successfully hooked a SayText2 chat hook.
L 10/06/2020 - 20:51:07: [weapons.smx] Inactive players' data has been deleted
L 10/06/2020 - 21:07:15: [mapchooser.smx] Voting for next map has started.
L 10/06/2020 - 21:07:22: [mapchooser.smx] Voting for next map has finished. Nextmap: de_mirage.
L 10/06/2020 - 21:09:49: [SM] Changed map to "de_mirage"
L 10/06/2020 - 21:09:50: -------- Mapchange to de_mirage --------
L 10/06/2020 - 21:09:50: [basecommands.smx] "Console<0><Console><Console>" refreshed the admin cache.
L 10/06/2020 - 21:09:50: [basecommands.smx] "Console<0><Console><Console>" changed cvar (cvar "sv_maxrate") (value "128000")
L 10/06/2020 - 21:09:50: [basecommands.smx] "Console<0><Console><Console>" changed cvar (cvar "sv_minrate") (value "128000")
L 10/06/2020 - 21:09:50: [basecommands.smx] "Console<0><Console><Console>" changed cvar (cvar "sv_maxcmdrate") (value "128")
L 10/06/2020 - 21:09:50: [basecommands.smx] "Console<0><Console><Console>" changed cvar (cvar "sv_mincmdrate") (value "128")
L 10/06/2020 - 21:09:50: [basecommands.smx] "Console<0><Console><Console>" changed cvar (cvar "sv_minupdaterate") (value "128")
L 10/06/2020 - 21:09:50: [basecommands.smx] "Console<0><Console><Console>" changed cvar (cvar "sv_maxupdaterate") (value "128")
L 10/06/2020 - 21:09:50: [basecommands.smx] "Console<0><Console><Console>" changed cvar (cvar "sv_maxunlag") (value "0.5")
L 10/06/2020 - 21:09:50: [basecommands.smx] "Console<0><Console><Console>" changed cvar (cvar "sv_unlag") (value "1")
L 10/06/2020 - 21:09:51: [chat-processor.smx] Message formats generated for game 'csgo'.
L 10/06/2020 - 21:09:51: [chat-processor.smx] Successfully hooked a SayText2 chat hook.
L 10/06/2020 - 21:09:52: [weapons.smx] Inactive players' data has been deleted
L 10/06/2020 - 21:25:35: [mapchooser.smx] Voting for next map has started.
L 10/06/2020 - 21:25:56: [mapchooser.smx] Voting for next map has finished. Nextmap: de_cache.
L 10/06/2020 - 21:27:53: [SM] Changed map to "de_cache"
L 10/06/2020 - 21:27:58: -------- Mapchange to de_cache --------
L 10/06/2020 - 21:27:58: [basecommands.smx] "Console<0><Console><Console>" refreshed the admin cache.
L 10/06/2020 - 21:27:58: [basecommands.smx] "Console<0><Console><Console>" changed cvar (cvar "sv_maxrate") (value "128000")
L 10/06/2020 - 21:27:58: [basecommands.smx] "Console<0><Console><Console>" changed cvar (cvar "sv_minrate") (value "128000")
L 10/06/2020 - 21:27:58: [basecommands.smx] "Console<0><Console><Console>" changed cvar (cvar "sv_maxcmdrate") (value "128")
L 10/06/2020 - 21:27:59: [basecommands.smx] "Console<0><Console><Console>" changed cvar (cvar "sv_mincmdrate") (value "128")
L 10/06/2020 - 21:27:59: [basecommands.smx] "Console<0><Console><Console>" changed cvar (cvar "sv_minupdaterate") (value "128")
L 10/06/2020 - 21:27:59: [basecommands.smx] "Console<0><Console><Console>" changed cvar (cvar "sv_maxupdaterate") (value "128")
L 10/06/2020 - 21:27:59: [basecommands.smx] "Console<0><Console><Console>" changed cvar (cvar "sv_maxunlag") (value "0.5")
L 10/06/2020 - 21:27:59: [basecommands.smx] "Console<0><Console><Console>" changed cvar (cvar "sv_unlag") (value "1")
L 10/06/2020 - 21:27:59: [chat-processor.smx] Message formats generated for game 'csgo'.
L 10/06/2020 - 21:27:59: [chat-processor.smx] Successfully hooked a SayText2 chat hook.
L 10/06/2020 - 21:28:00: [weapons.smx] Inactive players' data has been deleted
L 10/06/2020 - 21:46:10: -------- Mapchange to de_cache --------
L 10/06/2020 - 21:46:11: [basecommands.smx] "Console<0><Console><Console>" refreshed the admin cache.
L 10/06/2020 - 21:46:11: [basecommands.smx] "Console<0><Console><Console>" changed cvar (cvar "sv_maxrate") (value "128000")
L 10/06/2020 - 21:46:11: [basecommands.smx] "Console<0><Console><Console>" changed cvar (cvar "sv_minrate") (value "128000")
L 10/06/2020 - 21:46:11: [basecommands.smx] "Console<0><Console><Console>" changed cvar (cvar "sv_maxcmdrate") (value "128")
L 10/06/2020 - 21:46:11: [basecommands.smx] "Console<0><Console><Console>" changed cvar (cvar "sv_mincmdrate") (value "128")
L 10/06/2020 - 21:46:11: [basecommands.smx] "Console<0><Console><Console>" changed cvar (cvar "sv_minupdaterate") (value "128")
L 10/06/2020 - 21:46:11: [basecommands.smx] "Console<0><Console><Console>" changed cvar (cvar "sv_maxupdaterate") (value "128")
L 10/06/2020 - 21:46:11: [basecommands.smx] "Console<0><Console><Console>" changed cvar (cvar "sv_maxunlag") (value "0.5")
L 10/06/2020 - 21:46:11: [basecommands.smx] "Console<0><Console><Console>" changed cvar (cvar "sv_unlag") (value "1")
L 10/06/2020 - 21:46:12: [chat-processor.smx] Message formats generated for game 'csgo'.
L 10/06/2020 - 21:46:12: [chat-processor.smx] Successfully hooked a SayText2 chat hook.
L 10/06/2020 - 21:46:12: [weapons.smx] Inactive players' data has been deleted
L 10/06/2020 - 22:01:35: [mapchooser.smx] Voting for next map has started.
L 10/06/2020 - 22:01:40: [mapchooser.smx] Voting for next map has finished. Nextmap: de_inferno.
L 10/06/2020 - 22:04:28: [SM] Changed map to "de_inferno"
L 10/06/2020 - 22:04:30: -------- Mapchange to de_inferno --------
L 10/06/2020 - 22:04:30: [basecommands.smx] "Console<0><Console><Console>" refreshed the admin cache.
L 10/06/2020 - 22:04:30: [basecommands.smx] "Console<0><Console><Console>" changed cvar (cvar "sv_maxrate") (value "128000")
L 10/06/2020 - 22:04:30: [basecommands.smx] "Console<0><Console><Console>" changed cvar (cvar "sv_minrate") (value "128000")
L 10/06/2020 - 22:04:30: [basecommands.smx] "Console<0><Console><Console>" changed cvar (cvar "sv_maxcmdrate") (value "128")
L 10/06/2020 - 22:04:30: [basecommands.smx] "Console<0><Console><Console>" changed cvar (cvar "sv_mincmdrate") (value "128")
L 10/06/2020 - 22:04:30: [basecommands.smx] "Console<0><Console><Console>" changed cvar (cvar "sv_minupdaterate") (value "128")
L 10/06/2020 - 22:04:30: [basecommands.smx] "Console<0><Console><Console>" changed cvar (cvar "sv_maxupdaterate") (value "128")
L 10/06/2020 - 22:04:30: [basecommands.smx] "Console<0><Console><Console>" changed cvar (cvar "sv_maxunlag") (value "0.5")
L 10/06/2020 - 22:04:30: [basecommands.smx] "Console<0><Console><Console>" changed cvar (cvar "sv_unlag") (value "1")
L 10/06/2020 - 22:04:31: [chat-processor.smx] Message formats generated for game 'csgo'.
L 10/06/2020 - 22:04:31: [chat-processor.smx] Successfully hooked a SayText2 chat hook.
L 10/06/2020 - 22:04:32: [weapons.smx] Inactive players' data has been deleted
L 10/06/2020 - 22:19:41: -------- Mapchange to de_inferno --------
L 10/06/2020 - 22:19:41: [basecommands.smx] "Console<0><Console><Console>" refreshed the admin cache.
L 10/06/2020 - 22:19:41: [basecommands.smx] "Console<0><Console><Console>" changed cvar (cvar "sv_maxrate") (value "128000")
L 10/06/2020 - 22:19:41: [basecommands.smx] "Console<0><Console><Console>" changed cvar (cvar "sv_minrate") (value "128000")
L 10/06/2020 - 22:19:41: [basecommands.smx] "Console<0><Console><Console>" changed cvar (cvar "sv_maxcmdrate") (value "128")
L 10/06/2020 - 22:19:41: [basecommands.smx] "Console<0><Console><Console>" changed cvar (cvar "sv_mincmdrate") (value "128")
L 10/06/2020 - 22:19:41: [basecommands.smx] "Console<0><Console><Console>" changed cvar (cvar "sv_minupdaterate") (value "128")
L 10/06/2020 - 22:19:41: [basecommands.smx] "Console<0><Console><Console>" changed cvar (cvar "sv_maxupdaterate") (value "128")
L 10/06/2020 - 22:19:41: [basecommands.smx] "Console<0><Console><Console>" changed cvar (cvar "sv_maxunlag") (value "0.5")
L 10/06/2020 - 22:19:41: [basecommands.smx] "Console<0><Console><Console>" changed cvar (cvar "sv_unlag") (value "1")
L 10/06/2020 - 22:19:42: [chat-processor.smx] Message formats generated for game 'csgo'.
L 10/06/2020 - 22:19:42: [chat-processor.smx] Successfully hooked a SayText2 chat hook.
L 10/06/2020 - 22:19:43: [weapons.smx] Inactive players' data has been deleted
L 10/06/2020 - 22:38:19: [mapchooser.smx] Voting for next map has started.
L 10/06/2020 - 22:38:40: [mapchooser.smx] Voting for next map has finished. Nextmap: de_vertigo.
L 10/06/2020 - 22:41:49: [SM] Changed map to "de_vertigo"
L 10/06/2020 - 22:41:50: -------- Mapchange to de_vertigo --------
L 10/06/2020 - 22:41:50: [basecommands.smx] "Console<0><Console><Console>" refreshed the admin cache.
L 10/06/2020 - 22:41:50: [basecommands.smx] "Console<0><Console><Console>" changed cvar (cvar "sv_maxrate") (value "128000")
L 10/06/2020 - 22:41:50: [basecommands.smx] "Console<0><Console><Console>" changed cvar (cvar "sv_minrate") (value "128000")
L 10/06/2020 - 22:41:50: [basecommands.smx] "Console<0><Console><Console>" changed cvar (cvar "sv_maxcmdrate") (value "128")
L 10/06/2020 - 22:41:50: [basecommands.smx] "Console<0><Console><Console>" changed cvar (cvar "sv_mincmdrate") (value "128")
L 10/06/2020 - 22:41:50: [basecommands.smx] "Console<0><Console><Console>" changed cvar (cvar "sv_minupdaterate") (value "128")
L 10/06/2020 - 22:41:50: [basecommands.smx] "Console<0><Console><Console>" changed cvar (cvar "sv_maxupdaterate") (value "128")
L 10/06/2020 - 22:41:50: [basecommands.smx] "Console<0><Console><Console>" changed cvar (cvar "sv_maxunlag") (value "0.5")
L 10/06/2020 - 22:41:50: [basecommands.smx] "Console<0><Console><Console>" changed cvar (cvar "sv_unlag") (value "1")
L 10/06/2020 - 22:41:51: [chat-processor.smx] Message formats generated for game 'csgo'.
L 10/06/2020 - 22:41:51: [chat-processor.smx] Successfully hooked a SayText2 chat hook.
L 10/06/2020 - 22:41:52: [weapons.smx] Inactive players' data has been deleted
L 10/06/2020 - 22:59:02: [mapchooser.smx] Voting for next map has started.
L 10/06/2020 - 22:59:22: [mapchooser.smx] Voting for next map has finished. Nextmap: de_dust2.
L 10/06/2020 - 23:01:23: [SM] Changed map to "de_dust2"
L 10/06/2020 - 23:01:27: -------- Mapchange to de_dust2 --------
L 10/06/2020 - 23:01:27: [basecommands.smx] "Console<0><Console><Console>" refreshed the admin cache.
L 10/06/2020 - 23:01:27: [basecommands.smx] "Console<0><Console><Console>" changed cvar (cvar "sv_maxrate") (value "128000")
L 10/06/2020 - 23:01:27: [basecommands.smx] "Console<0><Console><Console>" changed cvar (cvar "sv_minrate") (value "128000")
L 10/06/2020 - 23:01:27: [basecommands.smx] "Console<0><Console><Console>" changed cvar (cvar "sv_maxcmdrate") (value "128")
L 10/06/2020 - 23:01:27: [basecommands.smx] "Console<0><Console><Console>" changed cvar (cvar "sv_mincmdrate") (value "128")
L 10/06/2020 - 23:01:27: [basecommands.smx] "Console<0><Console><Console>" changed cvar (cvar "sv_minupdaterate") (value "128")
L 10/06/2020 - 23:01:27: [basecommands.smx] "Console<0><Console><Console>" changed cvar (cvar "sv_maxupdaterate") (value "128")
L 10/06/2020 - 23:01:27: [basecommands.smx] "Console<0><Console><Console>" changed cvar (cvar "sv_maxunlag") (value "0.5")
L 10/06/2020 - 23:01:27: [basecommands.smx] "Console<0><Console><Console>" changed cvar (cvar "sv_unlag") (value "1")
L 10/06/2020 - 23:01:28: [chat-processor.smx] Message formats generated for game 'csgo'.
L 10/06/2020 - 23:01:28: [chat-processor.smx] Successfully hooked a SayText2 chat hook.
L 10/06/2020 - 23:01:29: [weapons.smx] Inactive players' data has been deleted
L 10/06/2020 - 23:19:58: [mapchooser.smx] Voting for next map has started.
L 10/06/2020 - 23:20:18: [mapchooser.smx] Voting for next map has finished. Nextmap: de_train.
L 10/06/2020 - 23:25:10: [rockthevote.smx] RTV changing map manually
L 10/06/2020 - 23:25:10: [SM] Changed map to "de_train"
L 10/06/2020 - 23:25:11: -------- Mapchange to de_train --------
L 10/06/2020 - 23:25:12: [basecommands.smx] "Console<0><Console><Console>" refreshed the admin cache.
L 10/06/2020 - 23:25:12: [basecommands.smx] "Console<0><Console><Console>" changed cvar (cvar "sv_maxrate") (value "128000")
L 10/06/2020 - 23:25:12: [basecommands.smx] "Console<0><Console><Console>" changed cvar (cvar "sv_minrate") (value "128000")
L 10/06/2020 - 23:25:12: [basecommands.smx] "Console<0><Console><Console>" changed cvar (cvar "sv_maxcmdrate") (value "128")
L 10/06/2020 - 23:25:12: [basecommands.smx] "Console<0><Console><Console>" changed cvar (cvar "sv_mincmdrate") (value "128")
L 10/06/2020 - 23:25:12: [basecommands.smx] "Console<0><Console><Console>" changed cvar (cvar "sv_minupdaterate") (value "128")
L 10/06/2020 - 23:25:12: [basecommands.smx] "Console<0><Console><Console>" changed cvar (cvar "sv_maxupdaterate") (value "128")
L 10/06/2020 - 23:25:12: [basecommands.smx] "Console<0><Console><Console>" changed cvar (cvar "sv_maxunlag") (value "0.5")
L 10/06/2020 - 23:25:12: [basecommands.smx] "Console<0><Console><Console>" changed cvar (cvar "sv_unlag") (value "1")
L 10/06/2020 - 23:25:13: [chat-processor.smx] Message formats generated for game 'csgo'.
L 10/06/2020 - 23:25:13: [chat-processor.smx] Successfully hooked a SayText2 chat hook.
L 10/06/2020 - 23:25:13: [weapons.smx] Inactive players' data has been deleted
L 10/07/2020 - 08:50:35: Log file closed.
