L 10/14/2020 - 09:26:17: SourceMod log file session started (file "C:\TCAFiles\Users\jean\1\csgo\addons\sourcemod\logs\L20201014.log") (Version "1.10.0.6488")
L 10/14/2020 - 09:26:17: [basecommands.smx] "Console<0><Console><Console>" refreshed the admin cache.
L 10/14/2020 - 09:26:17: [basecommands.smx] "Console<0><Console><Console>" changed cvar (cvar "sv_maxrate") (value "128000")
L 10/14/2020 - 09:26:17: [basecommands.smx] "Console<0><Console><Console>" changed cvar (cvar "sv_minrate") (value "128000")
L 10/14/2020 - 09:26:17: [basecommands.smx] "Console<0><Console><Console>" changed cvar (cvar "sv_maxcmdrate") (value "128")
L 10/14/2020 - 09:26:17: [basecommands.smx] "Console<0><Console><Console>" changed cvar (cvar "sv_mincmdrate") (value "128")
L 10/14/2020 - 09:26:17: [basecommands.smx] "Console<0><Console><Console>" changed cvar (cvar "sv_minupdaterate") (value "128")
L 10/14/2020 - 09:26:17: [basecommands.smx] "Console<0><Console><Console>" changed cvar (cvar "sv_maxupdaterate") (value "128")
L 10/14/2020 - 09:26:17: [basecommands.smx] "Console<0><Console><Console>" changed cvar (cvar "sv_maxunlag") (value "0.5")
L 10/14/2020 - 09:26:17: [basecommands.smx] "Console<0><Console><Console>" changed cvar (cvar "sv_unlag") (value "1")
L 10/14/2020 - 09:26:17: [afk_manager4.smx] [AFK Manager] Log File: addons\sourcemod\logs\afkm_20201014.log
L 10/14/2020 - 09:26:18: [chat-processor.smx] Message formats generated for game 'csgo'.
L 10/14/2020 - 09:26:18: [chat-processor.smx] Successfully hooked a SayText2 chat hook.
L 10/14/2020 - 09:26:19: [weapons.smx] Inactive players' data has been deleted
L 10/14/2020 - 09:30:34: -------- Mapchange to de_cache --------
L 10/14/2020 - 09:30:35: [basecommands.smx] "Console<0><Console><Console>" refreshed the admin cache.
L 10/14/2020 - 09:30:35: [basecommands.smx] "Console<0><Console><Console>" changed cvar (cvar "sv_maxrate") (value "128000")
L 10/14/2020 - 09:30:35: [basecommands.smx] "Console<0><Console><Console>" changed cvar (cvar "sv_minrate") (value "128000")
L 10/14/2020 - 09:30:35: [basecommands.smx] "Console<0><Console><Console>" changed cvar (cvar "sv_maxcmdrate") (value "128")
L 10/14/2020 - 09:30:35: [basecommands.smx] "Console<0><Console><Console>" changed cvar (cvar "sv_mincmdrate") (value "128")
L 10/14/2020 - 09:30:35: [basecommands.smx] "Console<0><Console><Console>" changed cvar (cvar "sv_minupdaterate") (value "128")
L 10/14/2020 - 09:30:35: [basecommands.smx] "Console<0><Console><Console>" changed cvar (cvar "sv_maxupdaterate") (value "128")
L 10/14/2020 - 09:30:35: [basecommands.smx] "Console<0><Console><Console>" changed cvar (cvar "sv_maxunlag") (value "0.5")
L 10/14/2020 - 09:30:35: [basecommands.smx] "Console<0><Console><Console>" changed cvar (cvar "sv_unlag") (value "1")
L 10/14/2020 - 09:30:35: [chat-processor.smx] Message formats generated for game 'csgo'.
L 10/14/2020 - 09:30:35: [chat-processor.smx] Successfully hooked a SayText2 chat hook.
L 10/14/2020 - 09:30:36: [weapons.smx] Inactive players' data has been deleted
L 10/14/2020 - 13:11:52: -------- Mapchange to de_cache --------
L 10/14/2020 - 13:11:52: [basecommands.smx] "Console<0><Console><Console>" refreshed the admin cache.
L 10/14/2020 - 13:11:52: [basecommands.smx] "Console<0><Console><Console>" changed cvar (cvar "sv_maxrate") (value "128000")
L 10/14/2020 - 13:11:52: [basecommands.smx] "Console<0><Console><Console>" changed cvar (cvar "sv_minrate") (value "128000")
L 10/14/2020 - 13:11:52: [basecommands.smx] "Console<0><Console><Console>" changed cvar (cvar "sv_maxcmdrate") (value "128")
L 10/14/2020 - 13:11:52: [basecommands.smx] "Console<0><Console><Console>" changed cvar (cvar "sv_mincmdrate") (value "128")
L 10/14/2020 - 13:11:52: [basecommands.smx] "Console<0><Console><Console>" changed cvar (cvar "sv_minupdaterate") (value "128")
L 10/14/2020 - 13:11:52: [basecommands.smx] "Console<0><Console><Console>" changed cvar (cvar "sv_maxupdaterate") (value "128")
L 10/14/2020 - 13:11:52: [basecommands.smx] "Console<0><Console><Console>" changed cvar (cvar "sv_maxunlag") (value "0.5")
L 10/14/2020 - 13:11:52: [basecommands.smx] "Console<0><Console><Console>" changed cvar (cvar "sv_unlag") (value "1")
L 10/14/2020 - 13:11:53: [chat-processor.smx] Message formats generated for game 'csgo'.
L 10/14/2020 - 13:11:53: [chat-processor.smx] Successfully hooked a SayText2 chat hook.
L 10/14/2020 - 13:11:53: [weapons.smx] Inactive players' data has been deleted
L 10/14/2020 - 13:33:34: -------- Mapchange to de_cache --------
L 10/14/2020 - 13:33:34: [basecommands.smx] "Console<0><Console><Console>" refreshed the admin cache.
L 10/14/2020 - 13:33:34: [basecommands.smx] "Console<0><Console><Console>" changed cvar (cvar "sv_maxrate") (value "128000")
L 10/14/2020 - 13:33:34: [basecommands.smx] "Console<0><Console><Console>" changed cvar (cvar "sv_minrate") (value "128000")
L 10/14/2020 - 13:33:34: [basecommands.smx] "Console<0><Console><Console>" changed cvar (cvar "sv_maxcmdrate") (value "128")
L 10/14/2020 - 13:33:34: [basecommands.smx] "Console<0><Console><Console>" changed cvar (cvar "sv_mincmdrate") (value "128")
L 10/14/2020 - 13:33:34: [basecommands.smx] "Console<0><Console><Console>" changed cvar (cvar "sv_minupdaterate") (value "128")
L 10/14/2020 - 13:33:34: [basecommands.smx] "Console<0><Console><Console>" changed cvar (cvar "sv_maxupdaterate") (value "128")
L 10/14/2020 - 13:33:34: [basecommands.smx] "Console<0><Console><Console>" changed cvar (cvar "sv_maxunlag") (value "0.5")
L 10/14/2020 - 13:33:34: [basecommands.smx] "Console<0><Console><Console>" changed cvar (cvar "sv_unlag") (value "1")
L 10/14/2020 - 13:33:35: [chat-processor.smx] Message formats generated for game 'csgo'.
L 10/14/2020 - 13:33:35: [chat-processor.smx] Successfully hooked a SayText2 chat hook.
L 10/14/2020 - 13:33:35: [weapons.smx] Inactive players' data has been deleted
L 10/14/2020 - 13:45:35: -------- Mapchange to de_cache --------
L 10/14/2020 - 13:45:36: [basecommands.smx] "Console<0><Console><Console>" refreshed the admin cache.
L 10/14/2020 - 13:45:36: [basecommands.smx] "Console<0><Console><Console>" changed cvar (cvar "sv_maxrate") (value "128000")
L 10/14/2020 - 13:45:36: [basecommands.smx] "Console<0><Console><Console>" changed cvar (cvar "sv_minrate") (value "128000")
L 10/14/2020 - 13:45:36: [basecommands.smx] "Console<0><Console><Console>" changed cvar (cvar "sv_maxcmdrate") (value "128")
L 10/14/2020 - 13:45:36: [basecommands.smx] "Console<0><Console><Console>" changed cvar (cvar "sv_mincmdrate") (value "128")
L 10/14/2020 - 13:45:36: [basecommands.smx] "Console<0><Console><Console>" changed cvar (cvar "sv_minupdaterate") (value "128")
L 10/14/2020 - 13:45:36: [basecommands.smx] "Console<0><Console><Console>" changed cvar (cvar "sv_maxupdaterate") (value "128")
L 10/14/2020 - 13:45:36: [basecommands.smx] "Console<0><Console><Console>" changed cvar (cvar "sv_maxunlag") (value "0.5")
L 10/14/2020 - 13:45:36: [basecommands.smx] "Console<0><Console><Console>" changed cvar (cvar "sv_unlag") (value "1")
L 10/14/2020 - 13:45:37: [chat-processor.smx] Message formats generated for game 'csgo'.
L 10/14/2020 - 13:45:37: [chat-processor.smx] Successfully hooked a SayText2 chat hook.
L 10/14/2020 - 13:45:37: [weapons.smx] Inactive players' data has been deleted
L 10/14/2020 - 14:16:48: -------- Mapchange to de_cache --------
L 10/14/2020 - 14:16:49: [basecommands.smx] "Console<0><Console><Console>" refreshed the admin cache.
L 10/14/2020 - 14:16:49: [basecommands.smx] "Console<0><Console><Console>" changed cvar (cvar "sv_maxrate") (value "128000")
L 10/14/2020 - 14:16:49: [basecommands.smx] "Console<0><Console><Console>" changed cvar (cvar "sv_minrate") (value "128000")
L 10/14/2020 - 14:16:49: [basecommands.smx] "Console<0><Console><Console>" changed cvar (cvar "sv_maxcmdrate") (value "128")
L 10/14/2020 - 14:16:49: [basecommands.smx] "Console<0><Console><Console>" changed cvar (cvar "sv_mincmdrate") (value "128")
L 10/14/2020 - 14:16:49: [basecommands.smx] "Console<0><Console><Console>" changed cvar (cvar "sv_minupdaterate") (value "128")
L 10/14/2020 - 14:16:49: [basecommands.smx] "Console<0><Console><Console>" changed cvar (cvar "sv_maxupdaterate") (value "128")
L 10/14/2020 - 14:16:49: [basecommands.smx] "Console<0><Console><Console>" changed cvar (cvar "sv_maxunlag") (value "0.5")
L 10/14/2020 - 14:16:49: [basecommands.smx] "Console<0><Console><Console>" changed cvar (cvar "sv_unlag") (value "1")
L 10/14/2020 - 14:16:49: [chat-processor.smx] Message formats generated for game 'csgo'.
L 10/14/2020 - 14:16:49: [chat-processor.smx] Successfully hooked a SayText2 chat hook.
L 10/14/2020 - 14:16:50: [weapons.smx] Inactive players' data has been deleted
L 10/14/2020 - 14:23:40: -------- Mapchange to de_cache --------
L 10/14/2020 - 14:23:40: [basecommands.smx] "Console<0><Console><Console>" refreshed the admin cache.
L 10/14/2020 - 14:23:40: [basecommands.smx] "Console<0><Console><Console>" changed cvar (cvar "sv_maxrate") (value "128000")
L 10/14/2020 - 14:23:40: [basecommands.smx] "Console<0><Console><Console>" changed cvar (cvar "sv_minrate") (value "128000")
L 10/14/2020 - 14:23:40: [basecommands.smx] "Console<0><Console><Console>" changed cvar (cvar "sv_maxcmdrate") (value "128")
L 10/14/2020 - 14:23:40: [basecommands.smx] "Console<0><Console><Console>" changed cvar (cvar "sv_mincmdrate") (value "128")
L 10/14/2020 - 14:23:40: [basecommands.smx] "Console<0><Console><Console>" changed cvar (cvar "sv_minupdaterate") (value "128")
L 10/14/2020 - 14:23:40: [basecommands.smx] "Console<0><Console><Console>" changed cvar (cvar "sv_maxupdaterate") (value "128")
L 10/14/2020 - 14:23:40: [basecommands.smx] "Console<0><Console><Console>" changed cvar (cvar "sv_maxunlag") (value "0.5")
L 10/14/2020 - 14:23:40: [basecommands.smx] "Console<0><Console><Console>" changed cvar (cvar "sv_unlag") (value "1")
L 10/14/2020 - 14:23:41: [chat-processor.smx] Message formats generated for game 'csgo'.
L 10/14/2020 - 14:23:41: [chat-processor.smx] Successfully hooked a SayText2 chat hook.
L 10/14/2020 - 14:23:41: [weapons.smx] Inactive players' data has been deleted
L 10/14/2020 - 14:34:16: [mapchooser.smx] Voting for next map has started.
L 10/14/2020 - 14:39:05: -------- Mapchange to de_cache --------
L 10/14/2020 - 14:39:05: [basecommands.smx] "Console<0><Console><Console>" refreshed the admin cache.
L 10/14/2020 - 14:39:05: [basecommands.smx] "Console<0><Console><Console>" changed cvar (cvar "sv_maxrate") (value "128000")
L 10/14/2020 - 14:39:05: [basecommands.smx] "Console<0><Console><Console>" changed cvar (cvar "sv_minrate") (value "128000")
L 10/14/2020 - 14:39:05: [basecommands.smx] "Console<0><Console><Console>" changed cvar (cvar "sv_maxcmdrate") (value "128")
L 10/14/2020 - 14:39:05: [basecommands.smx] "Console<0><Console><Console>" changed cvar (cvar "sv_mincmdrate") (value "128")
L 10/14/2020 - 14:39:05: [basecommands.smx] "Console<0><Console><Console>" changed cvar (cvar "sv_minupdaterate") (value "128")
L 10/14/2020 - 14:39:05: [basecommands.smx] "Console<0><Console><Console>" changed cvar (cvar "sv_maxupdaterate") (value "128")
L 10/14/2020 - 14:39:05: [basecommands.smx] "Console<0><Console><Console>" changed cvar (cvar "sv_maxunlag") (value "0.5")
L 10/14/2020 - 14:39:05: [basecommands.smx] "Console<0><Console><Console>" changed cvar (cvar "sv_unlag") (value "1")
L 10/14/2020 - 14:39:06: [chat-processor.smx] Message formats generated for game 'csgo'.
L 10/14/2020 - 14:39:06: [chat-processor.smx] Successfully hooked a SayText2 chat hook.
L 10/14/2020 - 14:39:06: [weapons.smx] Inactive players' data has been deleted
L 10/14/2020 - 15:19:48: -------- Mapchange to de_cache --------
L 10/14/2020 - 15:19:48: [basecommands.smx] "Console<0><Console><Console>" refreshed the admin cache.
L 10/14/2020 - 15:19:48: [basecommands.smx] "Console<0><Console><Console>" changed cvar (cvar "sv_maxrate") (value "128000")
L 10/14/2020 - 15:19:48: [basecommands.smx] "Console<0><Console><Console>" changed cvar (cvar "sv_minrate") (value "128000")
L 10/14/2020 - 15:19:48: [basecommands.smx] "Console<0><Console><Console>" changed cvar (cvar "sv_maxcmdrate") (value "128")
L 10/14/2020 - 15:19:48: [basecommands.smx] "Console<0><Console><Console>" changed cvar (cvar "sv_mincmdrate") (value "128")
L 10/14/2020 - 15:19:48: [basecommands.smx] "Console<0><Console><Console>" changed cvar (cvar "sv_minupdaterate") (value "128")
L 10/14/2020 - 15:19:48: [basecommands.smx] "Console<0><Console><Console>" changed cvar (cvar "sv_maxupdaterate") (value "128")
L 10/14/2020 - 15:19:48: [basecommands.smx] "Console<0><Console><Console>" changed cvar (cvar "sv_maxunlag") (value "0.5")
L 10/14/2020 - 15:19:48: [basecommands.smx] "Console<0><Console><Console>" changed cvar (cvar "sv_unlag") (value "1")
L 10/14/2020 - 15:19:49: [chat-processor.smx] Message formats generated for game 'csgo'.
L 10/14/2020 - 15:19:49: [chat-processor.smx] Successfully hooked a SayText2 chat hook.
L 10/14/2020 - 15:19:50: [weapons.smx] Inactive players' data has been deleted
L 10/14/2020 - 15:36:12: [mapchooser.smx] Voting for next map has started.
L 10/14/2020 - 15:36:17: [mapchooser.smx] Voting for next map has finished. Nextmap: de_vertigo.
L 10/14/2020 - 16:39:46: -------- Mapchange to de_cache --------
L 10/14/2020 - 16:39:46: [basecommands.smx] "Console<0><Console><Console>" refreshed the admin cache.
L 10/14/2020 - 16:39:46: [basecommands.smx] "Console<0><Console><Console>" changed cvar (cvar "sv_maxrate") (value "128000")
L 10/14/2020 - 16:39:46: [basecommands.smx] "Console<0><Console><Console>" changed cvar (cvar "sv_minrate") (value "128000")
L 10/14/2020 - 16:39:46: [basecommands.smx] "Console<0><Console><Console>" changed cvar (cvar "sv_maxcmdrate") (value "128")
L 10/14/2020 - 16:39:46: [basecommands.smx] "Console<0><Console><Console>" changed cvar (cvar "sv_mincmdrate") (value "128")
L 10/14/2020 - 16:39:46: [basecommands.smx] "Console<0><Console><Console>" changed cvar (cvar "sv_minupdaterate") (value "128")
L 10/14/2020 - 16:39:46: [basecommands.smx] "Console<0><Console><Console>" changed cvar (cvar "sv_maxupdaterate") (value "128")
L 10/14/2020 - 16:39:46: [basecommands.smx] "Console<0><Console><Console>" changed cvar (cvar "sv_maxunlag") (value "0.5")
L 10/14/2020 - 16:39:46: [basecommands.smx] "Console<0><Console><Console>" changed cvar (cvar "sv_unlag") (value "1")
L 10/14/2020 - 16:39:47: [chat-processor.smx] Message formats generated for game 'csgo'.
L 10/14/2020 - 16:39:47: [chat-processor.smx] Successfully hooked a SayText2 chat hook.
L 10/14/2020 - 16:39:48: [weapons.smx] Inactive players' data has been deleted
L 10/14/2020 - 16:56:50: [mapchooser.smx] Voting for next map has started.
L 10/14/2020 - 16:56:59: [mapchooser.smx] Voting for next map has finished. Nextmap: de_vertigo.
L 10/14/2020 - 17:00:36: [SM] Changed map to "de_vertigo"
L 10/14/2020 - 17:00:38: -------- Mapchange to de_vertigo --------
L 10/14/2020 - 17:00:38: [basecommands.smx] "Console<0><Console><Console>" refreshed the admin cache.
L 10/14/2020 - 17:00:38: [basecommands.smx] "Console<0><Console><Console>" changed cvar (cvar "sv_maxrate") (value "128000")
L 10/14/2020 - 17:00:38: [basecommands.smx] "Console<0><Console><Console>" changed cvar (cvar "sv_minrate") (value "128000")
L 10/14/2020 - 17:00:38: [basecommands.smx] "Console<0><Console><Console>" changed cvar (cvar "sv_maxcmdrate") (value "128")
L 10/14/2020 - 17:00:38: [basecommands.smx] "Console<0><Console><Console>" changed cvar (cvar "sv_mincmdrate") (value "128")
L 10/14/2020 - 17:00:38: [basecommands.smx] "Console<0><Console><Console>" changed cvar (cvar "sv_minupdaterate") (value "128")
L 10/14/2020 - 17:00:38: [basecommands.smx] "Console<0><Console><Console>" changed cvar (cvar "sv_maxupdaterate") (value "128")
L 10/14/2020 - 17:00:38: [basecommands.smx] "Console<0><Console><Console>" changed cvar (cvar "sv_maxunlag") (value "0.5")
L 10/14/2020 - 17:00:38: [basecommands.smx] "Console<0><Console><Console>" changed cvar (cvar "sv_unlag") (value "1")
L 10/14/2020 - 17:00:39: [chat-processor.smx] Message formats generated for game 'csgo'.
L 10/14/2020 - 17:00:39: [chat-processor.smx] Successfully hooked a SayText2 chat hook.
L 10/14/2020 - 17:00:40: [weapons.smx] Inactive players' data has been deleted
L 10/14/2020 - 17:15:25: [mapchooser.smx] Voting for next map has started.
L 10/14/2020 - 17:15:29: [mapchooser.smx] Voting for next map has finished. Nextmap: de_overpass.
L 10/14/2020 - 17:19:28: [rockthevote.smx] RTV changing map manually
L 10/14/2020 - 17:19:28: [SM] Changed map to "de_overpass"
L 10/14/2020 - 17:19:29: -------- Mapchange to de_overpass --------
L 10/14/2020 - 17:19:29: [basecommands.smx] "Console<0><Console><Console>" refreshed the admin cache.
L 10/14/2020 - 17:19:29: [basecommands.smx] "Console<0><Console><Console>" changed cvar (cvar "sv_maxrate") (value "128000")
L 10/14/2020 - 17:19:29: [basecommands.smx] "Console<0><Console><Console>" changed cvar (cvar "sv_minrate") (value "128000")
L 10/14/2020 - 17:19:29: [basecommands.smx] "Console<0><Console><Console>" changed cvar (cvar "sv_maxcmdrate") (value "128")
L 10/14/2020 - 17:19:29: [basecommands.smx] "Console<0><Console><Console>" changed cvar (cvar "sv_mincmdrate") (value "128")
L 10/14/2020 - 17:19:29: [basecommands.smx] "Console<0><Console><Console>" changed cvar (cvar "sv_minupdaterate") (value "128")
L 10/14/2020 - 17:19:29: [basecommands.smx] "Console<0><Console><Console>" changed cvar (cvar "sv_maxupdaterate") (value "128")
L 10/14/2020 - 17:19:29: [basecommands.smx] "Console<0><Console><Console>" changed cvar (cvar "sv_maxunlag") (value "0.5")
L 10/14/2020 - 17:19:29: [basecommands.smx] "Console<0><Console><Console>" changed cvar (cvar "sv_unlag") (value "1")
L 10/14/2020 - 17:19:30: [chat-processor.smx] Message formats generated for game 'csgo'.
L 10/14/2020 - 17:19:30: [chat-processor.smx] Successfully hooked a SayText2 chat hook.
L 10/14/2020 - 17:19:33: [weapons.smx] Inactive players' data has been deleted
L 10/14/2020 - 17:35:11: [mapchooser.smx] Voting for next map has started.
L 10/14/2020 - 17:35:19: [mapchooser.smx] Voting for next map has finished. Nextmap: de_dust2.
L 10/14/2020 - 17:37:28: [SM] Changed map to "de_dust2"
L 10/14/2020 - 17:37:32: -------- Mapchange to de_dust2 --------
L 10/14/2020 - 17:37:32: [basecommands.smx] "Console<0><Console><Console>" refreshed the admin cache.
L 10/14/2020 - 17:37:32: [basecommands.smx] "Console<0><Console><Console>" changed cvar (cvar "sv_maxrate") (value "128000")
L 10/14/2020 - 17:37:32: [basecommands.smx] "Console<0><Console><Console>" changed cvar (cvar "sv_minrate") (value "128000")
L 10/14/2020 - 17:37:32: [basecommands.smx] "Console<0><Console><Console>" changed cvar (cvar "sv_maxcmdrate") (value "128")
L 10/14/2020 - 17:37:32: [basecommands.smx] "Console<0><Console><Console>" changed cvar (cvar "sv_mincmdrate") (value "128")
L 10/14/2020 - 17:37:32: [basecommands.smx] "Console<0><Console><Console>" changed cvar (cvar "sv_minupdaterate") (value "128")
L 10/14/2020 - 17:37:32: [basecommands.smx] "Console<0><Console><Console>" changed cvar (cvar "sv_maxupdaterate") (value "128")
L 10/14/2020 - 17:37:32: [basecommands.smx] "Console<0><Console><Console>" changed cvar (cvar "sv_maxunlag") (value "0.5")
L 10/14/2020 - 17:37:32: [basecommands.smx] "Console<0><Console><Console>" changed cvar (cvar "sv_unlag") (value "1")
L 10/14/2020 - 17:37:33: [chat-processor.smx] Message formats generated for game 'csgo'.
L 10/14/2020 - 17:37:33: [chat-processor.smx] Successfully hooked a SayText2 chat hook.
L 10/14/2020 - 17:37:34: [weapons.smx] Inactive players' data has been deleted
L 10/14/2020 - 17:53:49: [mapchooser.smx] Voting for next map has started.
L 10/14/2020 - 17:53:55: [mapchooser.smx] Voting for next map has finished. Nextmap: de_mirage.
L 10/14/2020 - 17:56:20: [SM] Changed map to "de_mirage"
L 10/14/2020 - 17:56:21: -------- Mapchange to de_mirage --------
L 10/14/2020 - 17:56:21: [basecommands.smx] "Console<0><Console><Console>" refreshed the admin cache.
L 10/14/2020 - 17:56:21: [basecommands.smx] "Console<0><Console><Console>" changed cvar (cvar "sv_maxrate") (value "128000")
L 10/14/2020 - 17:56:21: [basecommands.smx] "Console<0><Console><Console>" changed cvar (cvar "sv_minrate") (value "128000")
L 10/14/2020 - 17:56:21: [basecommands.smx] "Console<0><Console><Console>" changed cvar (cvar "sv_maxcmdrate") (value "128")
L 10/14/2020 - 17:56:21: [basecommands.smx] "Console<0><Console><Console>" changed cvar (cvar "sv_mincmdrate") (value "128")
L 10/14/2020 - 17:56:21: [basecommands.smx] "Console<0><Console><Console>" changed cvar (cvar "sv_minupdaterate") (value "128")
L 10/14/2020 - 17:56:21: [basecommands.smx] "Console<0><Console><Console>" changed cvar (cvar "sv_maxupdaterate") (value "128")
L 10/14/2020 - 17:56:21: [basecommands.smx] "Console<0><Console><Console>" changed cvar (cvar "sv_maxunlag") (value "0.5")
L 10/14/2020 - 17:56:21: [basecommands.smx] "Console<0><Console><Console>" changed cvar (cvar "sv_unlag") (value "1")
L 10/14/2020 - 17:56:22: [chat-processor.smx] Message formats generated for game 'csgo'.
L 10/14/2020 - 17:56:22: [chat-processor.smx] Successfully hooked a SayText2 chat hook.
L 10/14/2020 - 17:56:23: [weapons.smx] Inactive players' data has been deleted
L 10/14/2020 - 18:11:43: [mapchooser.smx] Voting for next map has started.
L 10/14/2020 - 18:11:55: [mapchooser.smx] Voting for next map has finished. Nextmap: de_train.
L 10/14/2020 - 18:13:15: [SM] Changed map to "de_train"
L 10/14/2020 - 18:13:17: -------- Mapchange to de_train --------
L 10/14/2020 - 18:13:17: [basecommands.smx] "Console<0><Console><Console>" refreshed the admin cache.
L 10/14/2020 - 18:13:17: [basecommands.smx] "Console<0><Console><Console>" changed cvar (cvar "sv_maxrate") (value "128000")
L 10/14/2020 - 18:13:17: [basecommands.smx] "Console<0><Console><Console>" changed cvar (cvar "sv_minrate") (value "128000")
L 10/14/2020 - 18:13:17: [basecommands.smx] "Console<0><Console><Console>" changed cvar (cvar "sv_maxcmdrate") (value "128")
L 10/14/2020 - 18:13:17: [basecommands.smx] "Console<0><Console><Console>" changed cvar (cvar "sv_mincmdrate") (value "128")
L 10/14/2020 - 18:13:17: [basecommands.smx] "Console<0><Console><Console>" changed cvar (cvar "sv_minupdaterate") (value "128")
L 10/14/2020 - 18:13:17: [basecommands.smx] "Console<0><Console><Console>" changed cvar (cvar "sv_maxupdaterate") (value "128")
L 10/14/2020 - 18:13:17: [basecommands.smx] "Console<0><Console><Console>" changed cvar (cvar "sv_maxunlag") (value "0.5")
L 10/14/2020 - 18:13:17: [basecommands.smx] "Console<0><Console><Console>" changed cvar (cvar "sv_unlag") (value "1")
L 10/14/2020 - 18:13:18: [chat-processor.smx] Message formats generated for game 'csgo'.
L 10/14/2020 - 18:13:18: [chat-processor.smx] Successfully hooked a SayText2 chat hook.
L 10/14/2020 - 18:13:20: [weapons.smx] Inactive players' data has been deleted
L 10/14/2020 - 18:31:04: [mapchooser.smx] Voting for next map has started.
L 10/14/2020 - 18:31:25: [mapchooser.smx] Voting for next map has finished. Nextmap: de_inferno.
L 10/14/2020 - 18:50:33: [SM] Changed map to "de_inferno"
L 10/14/2020 - 18:50:34: -------- Mapchange to de_inferno --------
L 10/14/2020 - 18:50:35: [basecommands.smx] "Console<0><Console><Console>" refreshed the admin cache.
L 10/14/2020 - 18:50:35: [basecommands.smx] "Console<0><Console><Console>" changed cvar (cvar "sv_maxrate") (value "128000")
L 10/14/2020 - 18:50:35: [basecommands.smx] "Console<0><Console><Console>" changed cvar (cvar "sv_minrate") (value "128000")
L 10/14/2020 - 18:50:35: [basecommands.smx] "Console<0><Console><Console>" changed cvar (cvar "sv_maxcmdrate") (value "128")
L 10/14/2020 - 18:50:35: [basecommands.smx] "Console<0><Console><Console>" changed cvar (cvar "sv_mincmdrate") (value "128")
L 10/14/2020 - 18:50:35: [basecommands.smx] "Console<0><Console><Console>" changed cvar (cvar "sv_minupdaterate") (value "128")
L 10/14/2020 - 18:50:35: [basecommands.smx] "Console<0><Console><Console>" changed cvar (cvar "sv_maxupdaterate") (value "128")
L 10/14/2020 - 18:50:35: [basecommands.smx] "Console<0><Console><Console>" changed cvar (cvar "sv_maxunlag") (value "0.5")
L 10/14/2020 - 18:50:35: [basecommands.smx] "Console<0><Console><Console>" changed cvar (cvar "sv_unlag") (value "1")
L 10/14/2020 - 18:50:35: [chat-processor.smx] Message formats generated for game 'csgo'.
L 10/14/2020 - 18:50:36: [chat-processor.smx] Successfully hooked a SayText2 chat hook.
L 10/14/2020 - 18:50:37: [weapons.smx] Inactive players' data has been deleted
L 10/14/2020 - 19:06:17: [mapchooser.smx] Voting for next map has started.
L 10/14/2020 - 19:06:38: [mapchooser.smx] Voting for next map has finished. Nextmap: de_cache.
L 10/14/2020 - 19:08:22: [rockthevote.smx] RTV changing map manually
L 10/14/2020 - 19:08:22: [SM] Changed map to "de_cache"
L 10/14/2020 - 19:08:27: -------- Mapchange to de_cache --------
L 10/14/2020 - 19:08:28: [basecommands.smx] "Console<0><Console><Console>" refreshed the admin cache.
L 10/14/2020 - 19:08:28: [basecommands.smx] "Console<0><Console><Console>" changed cvar (cvar "sv_maxrate") (value "128000")
L 10/14/2020 - 19:08:28: [basecommands.smx] "Console<0><Console><Console>" changed cvar (cvar "sv_minrate") (value "128000")
L 10/14/2020 - 19:08:28: [basecommands.smx] "Console<0><Console><Console>" changed cvar (cvar "sv_maxcmdrate") (value "128")
L 10/14/2020 - 19:08:28: [basecommands.smx] "Console<0><Console><Console>" changed cvar (cvar "sv_mincmdrate") (value "128")
L 10/14/2020 - 19:08:28: [basecommands.smx] "Console<0><Console><Console>" changed cvar (cvar "sv_minupdaterate") (value "128")
L 10/14/2020 - 19:08:28: [basecommands.smx] "Console<0><Console><Console>" changed cvar (cvar "sv_maxupdaterate") (value "128")
L 10/14/2020 - 19:08:28: [basecommands.smx] "Console<0><Console><Console>" changed cvar (cvar "sv_maxunlag") (value "0.5")
L 10/14/2020 - 19:08:28: [basecommands.smx] "Console<0><Console><Console>" changed cvar (cvar "sv_unlag") (value "1")
L 10/14/2020 - 19:08:29: [chat-processor.smx] Message formats generated for game 'csgo'.
L 10/14/2020 - 19:08:29: [chat-processor.smx] Successfully hooked a SayText2 chat hook.
L 10/14/2020 - 19:08:30: [weapons.smx] Inactive players' data has been deleted
L 10/14/2020 - 19:12:18: [mapchooser.smx] Starting map vote because outside request
L 10/14/2020 - 19:12:18: [mapchooser.smx] Voting for next map has started.
L 10/14/2020 - 19:12:36: [mapchooser.smx] Voting for next map has finished. Nextmap: de_nuke.
L 10/14/2020 - 19:12:38: [SM] Changed map to "de_nuke"
L 10/14/2020 - 19:12:42: -------- Mapchange to de_nuke --------
L 10/14/2020 - 19:12:42: [basecommands.smx] "Console<0><Console><Console>" refreshed the admin cache.
L 10/14/2020 - 19:12:42: [basecommands.smx] "Console<0><Console><Console>" changed cvar (cvar "sv_maxrate") (value "128000")
L 10/14/2020 - 19:12:42: [basecommands.smx] "Console<0><Console><Console>" changed cvar (cvar "sv_minrate") (value "128000")
L 10/14/2020 - 19:12:42: [basecommands.smx] "Console<0><Console><Console>" changed cvar (cvar "sv_maxcmdrate") (value "128")
L 10/14/2020 - 19:12:42: [basecommands.smx] "Console<0><Console><Console>" changed cvar (cvar "sv_mincmdrate") (value "128")
L 10/14/2020 - 19:12:42: [basecommands.smx] "Console<0><Console><Console>" changed cvar (cvar "sv_minupdaterate") (value "128")
L 10/14/2020 - 19:12:42: [basecommands.smx] "Console<0><Console><Console>" changed cvar (cvar "sv_maxupdaterate") (value "128")
L 10/14/2020 - 19:12:42: [basecommands.smx] "Console<0><Console><Console>" changed cvar (cvar "sv_maxunlag") (value "0.5")
L 10/14/2020 - 19:12:42: [basecommands.smx] "Console<0><Console><Console>" changed cvar (cvar "sv_unlag") (value "1")
L 10/14/2020 - 19:12:43: [chat-processor.smx] Message formats generated for game 'csgo'.
L 10/14/2020 - 19:12:43: [chat-processor.smx] Successfully hooked a SayText2 chat hook.
L 10/14/2020 - 19:12:45: [weapons.smx] Inactive players' data has been deleted
L 10/14/2020 - 19:29:40: [mapchooser.smx] Voting for next map has started.
L 10/14/2020 - 19:29:50: [mapchooser.smx] Voting for next map has finished. Nextmap: de_overpass.
L 10/14/2020 - 19:31:19: [SM] Changed map to "de_overpass"
L 10/14/2020 - 19:31:20: -------- Mapchange to de_overpass --------
L 10/14/2020 - 19:31:20: [basecommands.smx] "Console<0><Console><Console>" refreshed the admin cache.
L 10/14/2020 - 19:31:20: [basecommands.smx] "Console<0><Console><Console>" changed cvar (cvar "sv_maxrate") (value "128000")
L 10/14/2020 - 19:31:20: [basecommands.smx] "Console<0><Console><Console>" changed cvar (cvar "sv_minrate") (value "128000")
L 10/14/2020 - 19:31:20: [basecommands.smx] "Console<0><Console><Console>" changed cvar (cvar "sv_maxcmdrate") (value "128")
L 10/14/2020 - 19:31:20: [basecommands.smx] "Console<0><Console><Console>" changed cvar (cvar "sv_mincmdrate") (value "128")
L 10/14/2020 - 19:31:20: [basecommands.smx] "Console<0><Console><Console>" changed cvar (cvar "sv_minupdaterate") (value "128")
L 10/14/2020 - 19:31:20: [basecommands.smx] "Console<0><Console><Console>" changed cvar (cvar "sv_maxupdaterate") (value "128")
L 10/14/2020 - 19:31:20: [basecommands.smx] "Console<0><Console><Console>" changed cvar (cvar "sv_maxunlag") (value "0.5")
L 10/14/2020 - 19:31:20: [basecommands.smx] "Console<0><Console><Console>" changed cvar (cvar "sv_unlag") (value "1")
L 10/14/2020 - 19:31:21: [chat-processor.smx] Message formats generated for game 'csgo'.
L 10/14/2020 - 19:31:21: [chat-processor.smx] Successfully hooked a SayText2 chat hook.
L 10/14/2020 - 19:31:22: [weapons.smx] Inactive players' data has been deleted
L 10/14/2020 - 19:45:37: [mapchooser.smx] Voting for next map has started.
L 10/14/2020 - 19:45:47: [mapchooser.smx] Voting for next map has finished. Nextmap: de_dust2.
L 10/14/2020 - 19:47:51: [SM] Changed map to "de_dust2"
L 10/14/2020 - 19:47:55: -------- Mapchange to de_dust2 --------
L 10/14/2020 - 19:47:55: [basecommands.smx] "Console<0><Console><Console>" refreshed the admin cache.
L 10/14/2020 - 19:47:55: [basecommands.smx] "Console<0><Console><Console>" changed cvar (cvar "sv_maxrate") (value "128000")
L 10/14/2020 - 19:47:55: [basecommands.smx] "Console<0><Console><Console>" changed cvar (cvar "sv_minrate") (value "128000")
L 10/14/2020 - 19:47:55: [basecommands.smx] "Console<0><Console><Console>" changed cvar (cvar "sv_maxcmdrate") (value "128")
L 10/14/2020 - 19:47:55: [basecommands.smx] "Console<0><Console><Console>" changed cvar (cvar "sv_mincmdrate") (value "128")
L 10/14/2020 - 19:47:55: [basecommands.smx] "Console<0><Console><Console>" changed cvar (cvar "sv_minupdaterate") (value "128")
L 10/14/2020 - 19:47:55: [basecommands.smx] "Console<0><Console><Console>" changed cvar (cvar "sv_maxupdaterate") (value "128")
L 10/14/2020 - 19:47:55: [basecommands.smx] "Console<0><Console><Console>" changed cvar (cvar "sv_maxunlag") (value "0.5")
L 10/14/2020 - 19:47:55: [basecommands.smx] "Console<0><Console><Console>" changed cvar (cvar "sv_unlag") (value "1")
L 10/14/2020 - 19:47:56: [chat-processor.smx] Message formats generated for game 'csgo'.
L 10/14/2020 - 19:47:56: [chat-processor.smx] Successfully hooked a SayText2 chat hook.
L 10/14/2020 - 19:47:57: [weapons.smx] Inactive players' data has been deleted
L 10/14/2020 - 20:01:28: [mapchooser.smx] Voting for next map has started.
L 10/14/2020 - 20:01:31: [mapchooser.smx] Voting for next map has finished. Nextmap: de_mirage.
L 10/14/2020 - 20:03:24: [SM] Changed map to "de_mirage"
L 10/14/2020 - 20:03:25: -------- Mapchange to de_mirage --------
L 10/14/2020 - 20:03:25: [basecommands.smx] "Console<0><Console><Console>" refreshed the admin cache.
L 10/14/2020 - 20:03:25: [basecommands.smx] "Console<0><Console><Console>" changed cvar (cvar "sv_maxrate") (value "128000")
L 10/14/2020 - 20:03:25: [basecommands.smx] "Console<0><Console><Console>" changed cvar (cvar "sv_minrate") (value "128000")
L 10/14/2020 - 20:03:25: [basecommands.smx] "Console<0><Console><Console>" changed cvar (cvar "sv_maxcmdrate") (value "128")
L 10/14/2020 - 20:03:25: [basecommands.smx] "Console<0><Console><Console>" changed cvar (cvar "sv_mincmdrate") (value "128")
L 10/14/2020 - 20:03:25: [basecommands.smx] "Console<0><Console><Console>" changed cvar (cvar "sv_minupdaterate") (value "128")
L 10/14/2020 - 20:03:25: [basecommands.smx] "Console<0><Console><Console>" changed cvar (cvar "sv_maxupdaterate") (value "128")
L 10/14/2020 - 20:03:25: [basecommands.smx] "Console<0><Console><Console>" changed cvar (cvar "sv_maxunlag") (value "0.5")
L 10/14/2020 - 20:03:25: [basecommands.smx] "Console<0><Console><Console>" changed cvar (cvar "sv_unlag") (value "1")
L 10/14/2020 - 20:03:26: [chat-processor.smx] Message formats generated for game 'csgo'.
L 10/14/2020 - 20:03:26: [chat-processor.smx] Successfully hooked a SayText2 chat hook.
L 10/14/2020 - 20:03:27: [weapons.smx] Inactive players' data has been deleted
L 10/14/2020 - 20:19:47: [mapchooser.smx] Voting for next map has started.
L 10/14/2020 - 20:19:54: [mapchooser.smx] Voting for next map has finished. Nextmap: de_train.
L 10/14/2020 - 20:43:15: -------- Mapchange to de_mirage --------
L 10/14/2020 - 20:43:15: [basecommands.smx] "Console<0><Console><Console>" refreshed the admin cache.
L 10/14/2020 - 20:43:15: [basecommands.smx] "Console<0><Console><Console>" changed cvar (cvar "sv_maxrate") (value "128000")
L 10/14/2020 - 20:43:15: [basecommands.smx] "Console<0><Console><Console>" changed cvar (cvar "sv_minrate") (value "128000")
L 10/14/2020 - 20:43:15: [basecommands.smx] "Console<0><Console><Console>" changed cvar (cvar "sv_maxcmdrate") (value "128")
L 10/14/2020 - 20:43:15: [basecommands.smx] "Console<0><Console><Console>" changed cvar (cvar "sv_mincmdrate") (value "128")
L 10/14/2020 - 20:43:15: [basecommands.smx] "Console<0><Console><Console>" changed cvar (cvar "sv_minupdaterate") (value "128")
L 10/14/2020 - 20:43:15: [basecommands.smx] "Console<0><Console><Console>" changed cvar (cvar "sv_maxupdaterate") (value "128")
L 10/14/2020 - 20:43:15: [basecommands.smx] "Console<0><Console><Console>" changed cvar (cvar "sv_maxunlag") (value "0.5")
L 10/14/2020 - 20:43:15: [basecommands.smx] "Console<0><Console><Console>" changed cvar (cvar "sv_unlag") (value "1")
L 10/14/2020 - 20:43:16: [chat-processor.smx] Message formats generated for game 'csgo'.
L 10/14/2020 - 20:43:16: [chat-processor.smx] Successfully hooked a SayText2 chat hook.
L 10/14/2020 - 20:43:17: [weapons.smx] Inactive players' data has been deleted
L 10/14/2020 - 20:52:49: -------- Mapchange to de_mirage --------
L 10/14/2020 - 20:52:50: [basecommands.smx] "Console<0><Console><Console>" refreshed the admin cache.
L 10/14/2020 - 20:52:50: [basecommands.smx] "Console<0><Console><Console>" changed cvar (cvar "sv_maxrate") (value "128000")
L 10/14/2020 - 20:52:50: [basecommands.smx] "Console<0><Console><Console>" changed cvar (cvar "sv_minrate") (value "128000")
L 10/14/2020 - 20:52:50: [basecommands.smx] "Console<0><Console><Console>" changed cvar (cvar "sv_maxcmdrate") (value "128")
L 10/14/2020 - 20:52:50: [basecommands.smx] "Console<0><Console><Console>" changed cvar (cvar "sv_mincmdrate") (value "128")
L 10/14/2020 - 20:52:50: [basecommands.smx] "Console<0><Console><Console>" changed cvar (cvar "sv_minupdaterate") (value "128")
L 10/14/2020 - 20:52:50: [basecommands.smx] "Console<0><Console><Console>" changed cvar (cvar "sv_maxupdaterate") (value "128")
L 10/14/2020 - 20:52:50: [basecommands.smx] "Console<0><Console><Console>" changed cvar (cvar "sv_maxunlag") (value "0.5")
L 10/14/2020 - 20:52:50: [basecommands.smx] "Console<0><Console><Console>" changed cvar (cvar "sv_unlag") (value "1")
L 10/14/2020 - 20:52:51: [chat-processor.smx] Message formats generated for game 'csgo'.
L 10/14/2020 - 20:52:51: [chat-processor.smx] Successfully hooked a SayText2 chat hook.
L 10/14/2020 - 20:52:51: [weapons.smx] Inactive players' data has been deleted
L 10/14/2020 - 21:10:13: [mapchooser.smx] Voting for next map has started.
L 10/14/2020 - 21:10:33: [mapchooser.smx] Voting for next map has finished. Nextmap: de_vertigo.
L 10/14/2020 - 21:30:12: [SM] Changed map to "de_vertigo"
L 10/14/2020 - 21:30:13: -------- Mapchange to de_vertigo --------
L 10/14/2020 - 21:30:13: [basecommands.smx] "Console<0><Console><Console>" refreshed the admin cache.
L 10/14/2020 - 21:30:13: [basecommands.smx] "Console<0><Console><Console>" changed cvar (cvar "sv_maxrate") (value "128000")
L 10/14/2020 - 21:30:13: [basecommands.smx] "Console<0><Console><Console>" changed cvar (cvar "sv_minrate") (value "128000")
L 10/14/2020 - 21:30:13: [basecommands.smx] "Console<0><Console><Console>" changed cvar (cvar "sv_maxcmdrate") (value "128")
L 10/14/2020 - 21:30:13: [basecommands.smx] "Console<0><Console><Console>" changed cvar (cvar "sv_mincmdrate") (value "128")
L 10/14/2020 - 21:30:13: [basecommands.smx] "Console<0><Console><Console>" changed cvar (cvar "sv_minupdaterate") (value "128")
L 10/14/2020 - 21:30:13: [basecommands.smx] "Console<0><Console><Console>" changed cvar (cvar "sv_maxupdaterate") (value "128")
L 10/14/2020 - 21:30:13: [basecommands.smx] "Console<0><Console><Console>" changed cvar (cvar "sv_maxunlag") (value "0.5")
L 10/14/2020 - 21:30:13: [basecommands.smx] "Console<0><Console><Console>" changed cvar (cvar "sv_unlag") (value "1")
L 10/14/2020 - 21:30:14: [chat-processor.smx] Message formats generated for game 'csgo'.
L 10/14/2020 - 21:30:14: [chat-processor.smx] Successfully hooked a SayText2 chat hook.
L 10/14/2020 - 21:30:16: [weapons.smx] Inactive players' data has been deleted
L 10/14/2020 - 21:43:45: [mapchooser.smx] Voting for next map has started.
L 10/14/2020 - 21:44:05: [mapchooser.smx] Voting for next map has finished. Nextmap: de_cache.
L 10/14/2020 - 21:45:42: [SM] Changed map to "de_cache"
L 10/14/2020 - 21:45:47: -------- Mapchange to de_cache --------
L 10/14/2020 - 21:45:48: [basecommands.smx] "Console<0><Console><Console>" refreshed the admin cache.
L 10/14/2020 - 21:45:48: [basecommands.smx] "Console<0><Console><Console>" changed cvar (cvar "sv_maxrate") (value "128000")
L 10/14/2020 - 21:45:48: [basecommands.smx] "Console<0><Console><Console>" changed cvar (cvar "sv_minrate") (value "128000")
L 10/14/2020 - 21:45:48: [basecommands.smx] "Console<0><Console><Console>" changed cvar (cvar "sv_maxcmdrate") (value "128")
L 10/14/2020 - 21:45:48: [basecommands.smx] "Console<0><Console><Console>" changed cvar (cvar "sv_mincmdrate") (value "128")
L 10/14/2020 - 21:45:48: [basecommands.smx] "Console<0><Console><Console>" changed cvar (cvar "sv_minupdaterate") (value "128")
L 10/14/2020 - 21:45:48: [basecommands.smx] "Console<0><Console><Console>" changed cvar (cvar "sv_maxupdaterate") (value "128")
L 10/14/2020 - 21:45:48: [basecommands.smx] "Console<0><Console><Console>" changed cvar (cvar "sv_maxunlag") (value "0.5")
L 10/14/2020 - 21:45:48: [basecommands.smx] "Console<0><Console><Console>" changed cvar (cvar "sv_unlag") (value "1")
L 10/14/2020 - 21:45:48: [chat-processor.smx] Message formats generated for game 'csgo'.
L 10/14/2020 - 21:45:48: [chat-processor.smx] Successfully hooked a SayText2 chat hook.
L 10/14/2020 - 21:45:50: [weapons.smx] Inactive players' data has been deleted
L 10/14/2020 - 22:00:50: [mapchooser.smx] Voting for next map has started.
L 10/14/2020 - 22:01:11: [mapchooser.smx] Voting for next map has finished. Nextmap: de_inferno.
L 10/14/2020 - 22:02:28: [SM] Changed map to "de_inferno"
L 10/14/2020 - 22:02:30: -------- Mapchange to de_inferno --------
L 10/14/2020 - 22:02:30: [basecommands.smx] "Console<0><Console><Console>" refreshed the admin cache.
L 10/14/2020 - 22:02:30: [basecommands.smx] "Console<0><Console><Console>" changed cvar (cvar "sv_maxrate") (value "128000")
L 10/14/2020 - 22:02:30: [basecommands.smx] "Console<0><Console><Console>" changed cvar (cvar "sv_minrate") (value "128000")
L 10/14/2020 - 22:02:30: [basecommands.smx] "Console<0><Console><Console>" changed cvar (cvar "sv_maxcmdrate") (value "128")
L 10/14/2020 - 22:02:30: [basecommands.smx] "Console<0><Console><Console>" changed cvar (cvar "sv_mincmdrate") (value "128")
L 10/14/2020 - 22:02:30: [basecommands.smx] "Console<0><Console><Console>" changed cvar (cvar "sv_minupdaterate") (value "128")
L 10/14/2020 - 22:02:30: [basecommands.smx] "Console<0><Console><Console>" changed cvar (cvar "sv_maxupdaterate") (value "128")
L 10/14/2020 - 22:02:30: [basecommands.smx] "Console<0><Console><Console>" changed cvar (cvar "sv_maxunlag") (value "0.5")
L 10/14/2020 - 22:02:30: [basecommands.smx] "Console<0><Console><Console>" changed cvar (cvar "sv_unlag") (value "1")
L 10/14/2020 - 22:02:31: [chat-processor.smx] Message formats generated for game 'csgo'.
L 10/14/2020 - 22:02:31: [chat-processor.smx] Successfully hooked a SayText2 chat hook.
L 10/14/2020 - 22:02:33: [weapons.smx] Inactive players' data has been deleted
L 10/14/2020 - 22:17:41: [mapchooser.smx] Voting for next map has started.
L 10/14/2020 - 22:18:02: [mapchooser.smx] Voting for next map has finished. Nextmap: de_dust2.
L 10/14/2020 - 22:23:08: -------- Mapchange to de_inferno --------
L 10/14/2020 - 22:23:09: [basecommands.smx] "Console<0><Console><Console>" refreshed the admin cache.
L 10/14/2020 - 22:23:09: [basecommands.smx] "Console<0><Console><Console>" changed cvar (cvar "sv_maxrate") (value "128000")
L 10/14/2020 - 22:23:09: [basecommands.smx] "Console<0><Console><Console>" changed cvar (cvar "sv_minrate") (value "128000")
L 10/14/2020 - 22:23:09: [basecommands.smx] "Console<0><Console><Console>" changed cvar (cvar "sv_maxcmdrate") (value "128")
L 10/14/2020 - 22:23:09: [basecommands.smx] "Console<0><Console><Console>" changed cvar (cvar "sv_mincmdrate") (value "128")
L 10/14/2020 - 22:23:09: [basecommands.smx] "Console<0><Console><Console>" changed cvar (cvar "sv_minupdaterate") (value "128")
L 10/14/2020 - 22:23:09: [basecommands.smx] "Console<0><Console><Console>" changed cvar (cvar "sv_maxupdaterate") (value "128")
L 10/14/2020 - 22:23:09: [basecommands.smx] "Console<0><Console><Console>" changed cvar (cvar "sv_maxunlag") (value "0.5")
L 10/14/2020 - 22:23:09: [basecommands.smx] "Console<0><Console><Console>" changed cvar (cvar "sv_unlag") (value "1")
L 10/14/2020 - 22:23:09: [chat-processor.smx] Message formats generated for game 'csgo'.
L 10/14/2020 - 22:23:09: [chat-processor.smx] Successfully hooked a SayText2 chat hook.
L 10/14/2020 - 22:23:10: [weapons.smx] Inactive players' data has been deleted
L 10/14/2020 - 23:50:15: -------- Mapchange to de_inferno --------
L 10/14/2020 - 23:50:15: [basecommands.smx] "Console<0><Console><Console>" refreshed the admin cache.
L 10/14/2020 - 23:50:15: [basecommands.smx] "Console<0><Console><Console>" changed cvar (cvar "sv_maxrate") (value "128000")
L 10/14/2020 - 23:50:15: [basecommands.smx] "Console<0><Console><Console>" changed cvar (cvar "sv_minrate") (value "128000")
L 10/14/2020 - 23:50:15: [basecommands.smx] "Console<0><Console><Console>" changed cvar (cvar "sv_maxcmdrate") (value "128")
L 10/14/2020 - 23:50:15: [basecommands.smx] "Console<0><Console><Console>" changed cvar (cvar "sv_mincmdrate") (value "128")
L 10/14/2020 - 23:50:15: [basecommands.smx] "Console<0><Console><Console>" changed cvar (cvar "sv_minupdaterate") (value "128")
L 10/14/2020 - 23:50:15: [basecommands.smx] "Console<0><Console><Console>" changed cvar (cvar "sv_maxupdaterate") (value "128")
L 10/14/2020 - 23:50:15: [basecommands.smx] "Console<0><Console><Console>" changed cvar (cvar "sv_maxunlag") (value "0.5")
L 10/14/2020 - 23:50:15: [basecommands.smx] "Console<0><Console><Console>" changed cvar (cvar "sv_unlag") (value "1")
L 10/14/2020 - 23:50:16: [chat-processor.smx] Message formats generated for game 'csgo'.
L 10/14/2020 - 23:50:16: [chat-processor.smx] Successfully hooked a SayText2 chat hook.
L 10/14/2020 - 23:50:16: [weapons.smx] Inactive players' data has been deleted
L 10/15/2020 - 00:04:01: Log file closed.
