L 07/02/2020 - 04:08:57: SourceMod log file session started (file "C:\TCAFiles\Users\jeanv\438\csgo\addons\sourcemod\logs\L20200702.log") (Version "1.10.0.6488")
L 07/02/2020 - 04:08:57: [basecommands.smx] "Console<0><Console><Console>" changed cvar (cvar "sv_maxrate") (value "128000")
L 07/02/2020 - 04:08:57: [basecommands.smx] "Console<0><Console><Console>" changed cvar (cvar "sv_minrate") (value "128000")
L 07/02/2020 - 04:08:57: [basecommands.smx] "Console<0><Console><Console>" changed cvar (cvar "sv_maxcmdrate") (value "128")
L 07/02/2020 - 04:08:57: [basecommands.smx] "Console<0><Console><Console>" changed cvar (cvar "sv_mincmdrate") (value "128")
L 07/02/2020 - 04:08:57: [basecommands.smx] "Console<0><Console><Console>" changed cvar (cvar "sv_minupdaterate") (value "128")
L 07/02/2020 - 04:08:57: [basecommands.smx] "Console<0><Console><Console>" changed cvar (cvar "sv_maxupdaterate") (value "128")
L 07/02/2020 - 04:08:57: [basecommands.smx] "Console<0><Console><Console>" changed cvar (cvar "sv_maxunlag") (value "0.5")
L 07/02/2020 - 04:08:57: [basecommands.smx] "Console<0><Console><Console>" changed cvar (cvar "sv_unlag") (value "1")
L 07/02/2020 - 04:08:58: [afk_manager4.smx] [AFK Manager] Log File: addons\sourcemod\logs\afkm_20200702.log
L 07/02/2020 - 04:08:58: [chat-processor.smx] Message formats generated for game 'csgo'.
L 07/02/2020 - 04:08:58: [chat-processor.smx] Successfully hooked a SayText2 chat hook.
L 07/02/2020 - 04:08:59: [weapons.smx] Inactive players' data has been deleted
L 07/02/2020 - 07:59:39: -------- Mapchange to de_dust2 --------
L 07/02/2020 - 07:59:42: [basecommands.smx] "Console<0><Console><Console>" changed cvar (cvar "sv_maxrate") (value "128000")
L 07/02/2020 - 07:59:42: [basecommands.smx] "Console<0><Console><Console>" changed cvar (cvar "sv_minrate") (value "128000")
L 07/02/2020 - 07:59:42: [basecommands.smx] "Console<0><Console><Console>" changed cvar (cvar "sv_maxcmdrate") (value "128")
L 07/02/2020 - 07:59:42: [basecommands.smx] "Console<0><Console><Console>" changed cvar (cvar "sv_mincmdrate") (value "128")
L 07/02/2020 - 07:59:42: [basecommands.smx] "Console<0><Console><Console>" changed cvar (cvar "sv_minupdaterate") (value "128")
L 07/02/2020 - 07:59:42: [basecommands.smx] "Console<0><Console><Console>" changed cvar (cvar "sv_maxupdaterate") (value "128")
L 07/02/2020 - 07:59:42: [basecommands.smx] "Console<0><Console><Console>" changed cvar (cvar "sv_maxunlag") (value "0.5")
L 07/02/2020 - 07:59:42: [basecommands.smx] "Console<0><Console><Console>" changed cvar (cvar "sv_unlag") (value "1")
L 07/02/2020 - 07:59:42: [chat-processor.smx] Message formats generated for game 'csgo'.
L 07/02/2020 - 07:59:42: [chat-processor.smx] Successfully hooked a SayText2 chat hook.
L 07/02/2020 - 07:59:43: [weapons.smx] Inactive players' data has been deleted
L 07/02/2020 - 08:17:11: -------- Mapchange to de_dust2 --------
L 07/02/2020 - 08:17:14: [basecommands.smx] "Console<0><Console><Console>" changed cvar (cvar "sv_maxrate") (value "128000")
L 07/02/2020 - 08:17:14: [basecommands.smx] "Console<0><Console><Console>" changed cvar (cvar "sv_minrate") (value "128000")
L 07/02/2020 - 08:17:14: [basecommands.smx] "Console<0><Console><Console>" changed cvar (cvar "sv_maxcmdrate") (value "128")
L 07/02/2020 - 08:17:14: [basecommands.smx] "Console<0><Console><Console>" changed cvar (cvar "sv_mincmdrate") (value "128")
L 07/02/2020 - 08:17:14: [basecommands.smx] "Console<0><Console><Console>" changed cvar (cvar "sv_minupdaterate") (value "128")
L 07/02/2020 - 08:17:14: [basecommands.smx] "Console<0><Console><Console>" changed cvar (cvar "sv_maxupdaterate") (value "128")
L 07/02/2020 - 08:17:14: [basecommands.smx] "Console<0><Console><Console>" changed cvar (cvar "sv_maxunlag") (value "0.5")
L 07/02/2020 - 08:17:14: [basecommands.smx] "Console<0><Console><Console>" changed cvar (cvar "sv_unlag") (value "1")
L 07/02/2020 - 08:17:14: [chat-processor.smx] Message formats generated for game 'csgo'.
L 07/02/2020 - 08:17:14: [chat-processor.smx] Successfully hooked a SayText2 chat hook.
L 07/02/2020 - 08:17:15: [weapons.smx] Inactive players' data has been deleted
L 07/02/2020 - 08:25:32: -------- Mapchange to de_dust2 --------
L 07/02/2020 - 08:25:35: [basecommands.smx] "Console<0><Console><Console>" changed cvar (cvar "sv_maxrate") (value "128000")
L 07/02/2020 - 08:25:35: [basecommands.smx] "Console<0><Console><Console>" changed cvar (cvar "sv_minrate") (value "128000")
L 07/02/2020 - 08:25:35: [basecommands.smx] "Console<0><Console><Console>" changed cvar (cvar "sv_maxcmdrate") (value "128")
L 07/02/2020 - 08:25:35: [basecommands.smx] "Console<0><Console><Console>" changed cvar (cvar "sv_mincmdrate") (value "128")
L 07/02/2020 - 08:25:35: [basecommands.smx] "Console<0><Console><Console>" changed cvar (cvar "sv_minupdaterate") (value "128")
L 07/02/2020 - 08:25:35: [basecommands.smx] "Console<0><Console><Console>" changed cvar (cvar "sv_maxupdaterate") (value "128")
L 07/02/2020 - 08:25:35: [basecommands.smx] "Console<0><Console><Console>" changed cvar (cvar "sv_maxunlag") (value "0.5")
L 07/02/2020 - 08:25:35: [basecommands.smx] "Console<0><Console><Console>" changed cvar (cvar "sv_unlag") (value "1")
L 07/02/2020 - 08:25:35: [chat-processor.smx] Message formats generated for game 'csgo'.
L 07/02/2020 - 08:25:35: [chat-processor.smx] Successfully hooked a SayText2 chat hook.
L 07/02/2020 - 08:25:36: [weapons.smx] Inactive players' data has been deleted
L 07/02/2020 - 08:40:58: -------- Mapchange to de_dust2 --------
L 07/02/2020 - 08:41:01: [basecommands.smx] "Console<0><Console><Console>" changed cvar (cvar "sv_maxrate") (value "128000")
L 07/02/2020 - 08:41:01: [basecommands.smx] "Console<0><Console><Console>" changed cvar (cvar "sv_minrate") (value "128000")
L 07/02/2020 - 08:41:01: [basecommands.smx] "Console<0><Console><Console>" changed cvar (cvar "sv_maxcmdrate") (value "128")
L 07/02/2020 - 08:41:01: [basecommands.smx] "Console<0><Console><Console>" changed cvar (cvar "sv_mincmdrate") (value "128")
L 07/02/2020 - 08:41:01: [basecommands.smx] "Console<0><Console><Console>" changed cvar (cvar "sv_minupdaterate") (value "128")
L 07/02/2020 - 08:41:01: [basecommands.smx] "Console<0><Console><Console>" changed cvar (cvar "sv_maxupdaterate") (value "128")
L 07/02/2020 - 08:41:01: [basecommands.smx] "Console<0><Console><Console>" changed cvar (cvar "sv_maxunlag") (value "0.5")
L 07/02/2020 - 08:41:01: [basecommands.smx] "Console<0><Console><Console>" changed cvar (cvar "sv_unlag") (value "1")
L 07/02/2020 - 08:41:02: [chat-processor.smx] Message formats generated for game 'csgo'.
L 07/02/2020 - 08:41:02: [chat-processor.smx] Successfully hooked a SayText2 chat hook.
L 07/02/2020 - 08:41:02: [weapons.smx] Inactive players' data has been deleted
L 07/02/2020 - 08:52:32: -------- Mapchange to de_dust2 --------
L 07/02/2020 - 08:52:34: [basecommands.smx] "Console<0><Console><Console>" changed cvar (cvar "sv_maxrate") (value "128000")
L 07/02/2020 - 08:52:34: [basecommands.smx] "Console<0><Console><Console>" changed cvar (cvar "sv_minrate") (value "128000")
L 07/02/2020 - 08:52:34: [basecommands.smx] "Console<0><Console><Console>" changed cvar (cvar "sv_maxcmdrate") (value "128")
L 07/02/2020 - 08:52:34: [basecommands.smx] "Console<0><Console><Console>" changed cvar (cvar "sv_mincmdrate") (value "128")
L 07/02/2020 - 08:52:34: [basecommands.smx] "Console<0><Console><Console>" changed cvar (cvar "sv_minupdaterate") (value "128")
L 07/02/2020 - 08:52:34: [basecommands.smx] "Console<0><Console><Console>" changed cvar (cvar "sv_maxupdaterate") (value "128")
L 07/02/2020 - 08:52:34: [basecommands.smx] "Console<0><Console><Console>" changed cvar (cvar "sv_maxunlag") (value "0.5")
L 07/02/2020 - 08:52:34: [basecommands.smx] "Console<0><Console><Console>" changed cvar (cvar "sv_unlag") (value "1")
L 07/02/2020 - 08:52:35: [chat-processor.smx] Message formats generated for game 'csgo'.
L 07/02/2020 - 08:52:35: [chat-processor.smx] Successfully hooked a SayText2 chat hook.
L 07/02/2020 - 08:52:35: [weapons.smx] Inactive players' data has been deleted
L 07/02/2020 - 09:23:42: -------- Mapchange to de_dust2 --------
L 07/02/2020 - 09:23:45: [basecommands.smx] "Console<0><Console><Console>" changed cvar (cvar "sv_maxrate") (value "128000")
L 07/02/2020 - 09:23:45: [basecommands.smx] "Console<0><Console><Console>" changed cvar (cvar "sv_minrate") (value "128000")
L 07/02/2020 - 09:23:45: [basecommands.smx] "Console<0><Console><Console>" changed cvar (cvar "sv_maxcmdrate") (value "128")
L 07/02/2020 - 09:23:45: [basecommands.smx] "Console<0><Console><Console>" changed cvar (cvar "sv_mincmdrate") (value "128")
L 07/02/2020 - 09:23:45: [basecommands.smx] "Console<0><Console><Console>" changed cvar (cvar "sv_minupdaterate") (value "128")
L 07/02/2020 - 09:23:45: [basecommands.smx] "Console<0><Console><Console>" changed cvar (cvar "sv_maxupdaterate") (value "128")
L 07/02/2020 - 09:23:45: [basecommands.smx] "Console<0><Console><Console>" changed cvar (cvar "sv_maxunlag") (value "0.5")
L 07/02/2020 - 09:23:45: [basecommands.smx] "Console<0><Console><Console>" changed cvar (cvar "sv_unlag") (value "1")
L 07/02/2020 - 09:23:46: [chat-processor.smx] Message formats generated for game 'csgo'.
L 07/02/2020 - 09:23:46: [chat-processor.smx] Successfully hooked a SayText2 chat hook.
L 07/02/2020 - 09:23:46: [weapons.smx] Inactive players' data has been deleted
L 07/02/2020 - 09:40:14: [mapchooser.smx] Voting for next map has started.
L 07/02/2020 - 09:40:28: [mapchooser.smx] Voting for next map has finished. Nextmap: de_vertigo.
L 07/02/2020 - 09:42:15: [SM] Changed map to "de_vertigo"
L 07/02/2020 - 09:42:17: -------- Mapchange to de_vertigo --------
L 07/02/2020 - 09:42:19: [basecommands.smx] "Console<0><Console><Console>" changed cvar (cvar "sv_maxrate") (value "128000")
L 07/02/2020 - 09:42:19: [basecommands.smx] "Console<0><Console><Console>" changed cvar (cvar "sv_minrate") (value "128000")
L 07/02/2020 - 09:42:19: [basecommands.smx] "Console<0><Console><Console>" changed cvar (cvar "sv_maxcmdrate") (value "128")
L 07/02/2020 - 09:42:19: [basecommands.smx] "Console<0><Console><Console>" changed cvar (cvar "sv_mincmdrate") (value "128")
L 07/02/2020 - 09:42:19: [basecommands.smx] "Console<0><Console><Console>" changed cvar (cvar "sv_minupdaterate") (value "128")
L 07/02/2020 - 09:42:19: [basecommands.smx] "Console<0><Console><Console>" changed cvar (cvar "sv_maxupdaterate") (value "128")
L 07/02/2020 - 09:42:19: [basecommands.smx] "Console<0><Console><Console>" changed cvar (cvar "sv_maxunlag") (value "0.5")
L 07/02/2020 - 09:42:19: [basecommands.smx] "Console<0><Console><Console>" changed cvar (cvar "sv_unlag") (value "1")
L 07/02/2020 - 09:42:20: [chat-processor.smx] Message formats generated for game 'csgo'.
L 07/02/2020 - 09:42:20: [chat-processor.smx] Successfully hooked a SayText2 chat hook.
L 07/02/2020 - 09:42:22: [weapons.smx] Inactive players' data has been deleted
L 07/02/2020 - 09:58:53: [mapchooser.smx] Voting for next map has started.
L 07/02/2020 - 09:59:14: [mapchooser.smx] Voting for next map has finished. Nextmap: de_train.
L 07/02/2020 - 10:01:25: [SM] Changed map to "de_train"
L 07/02/2020 - 10:01:27: -------- Mapchange to de_train --------
L 07/02/2020 - 10:01:29: [basecommands.smx] "Console<0><Console><Console>" changed cvar (cvar "sv_maxrate") (value "128000")
L 07/02/2020 - 10:01:29: [basecommands.smx] "Console<0><Console><Console>" changed cvar (cvar "sv_minrate") (value "128000")
L 07/02/2020 - 10:01:29: [basecommands.smx] "Console<0><Console><Console>" changed cvar (cvar "sv_maxcmdrate") (value "128")
L 07/02/2020 - 10:01:29: [basecommands.smx] "Console<0><Console><Console>" changed cvar (cvar "sv_mincmdrate") (value "128")
L 07/02/2020 - 10:01:29: [basecommands.smx] "Console<0><Console><Console>" changed cvar (cvar "sv_minupdaterate") (value "128")
L 07/02/2020 - 10:01:29: [basecommands.smx] "Console<0><Console><Console>" changed cvar (cvar "sv_maxupdaterate") (value "128")
L 07/02/2020 - 10:01:29: [basecommands.smx] "Console<0><Console><Console>" changed cvar (cvar "sv_maxunlag") (value "0.5")
L 07/02/2020 - 10:01:29: [basecommands.smx] "Console<0><Console><Console>" changed cvar (cvar "sv_unlag") (value "1")
L 07/02/2020 - 10:01:30: [chat-processor.smx] Message formats generated for game 'csgo'.
L 07/02/2020 - 10:01:30: [chat-processor.smx] Successfully hooked a SayText2 chat hook.
L 07/02/2020 - 10:01:32: [weapons.smx] Inactive players' data has been deleted
L 07/02/2020 - 10:18:42: [mapchooser.smx] Voting for next map has started.
L 07/02/2020 - 10:18:48: [mapchooser.smx] Voting for next map has finished. Nextmap: de_overpass.
L 07/02/2020 - 10:20:57: [SM] Changed map to "de_overpass"
L 07/02/2020 - 10:20:58: -------- Mapchange to de_overpass --------
L 07/02/2020 - 10:21:01: [basecommands.smx] "Console<0><Console><Console>" changed cvar (cvar "sv_maxrate") (value "128000")
L 07/02/2020 - 10:21:01: [basecommands.smx] "Console<0><Console><Console>" changed cvar (cvar "sv_minrate") (value "128000")
L 07/02/2020 - 10:21:01: [basecommands.smx] "Console<0><Console><Console>" changed cvar (cvar "sv_maxcmdrate") (value "128")
L 07/02/2020 - 10:21:01: [basecommands.smx] "Console<0><Console><Console>" changed cvar (cvar "sv_mincmdrate") (value "128")
L 07/02/2020 - 10:21:01: [basecommands.smx] "Console<0><Console><Console>" changed cvar (cvar "sv_minupdaterate") (value "128")
L 07/02/2020 - 10:21:01: [basecommands.smx] "Console<0><Console><Console>" changed cvar (cvar "sv_maxupdaterate") (value "128")
L 07/02/2020 - 10:21:01: [basecommands.smx] "Console<0><Console><Console>" changed cvar (cvar "sv_maxunlag") (value "0.5")
L 07/02/2020 - 10:21:01: [basecommands.smx] "Console<0><Console><Console>" changed cvar (cvar "sv_unlag") (value "1")
L 07/02/2020 - 10:21:01: [chat-processor.smx] Message formats generated for game 'csgo'.
L 07/02/2020 - 10:21:01: [chat-processor.smx] Successfully hooked a SayText2 chat hook.
L 07/02/2020 - 10:21:03: [weapons.smx] Inactive players' data has been deleted
L 07/02/2020 - 10:35:33: [mapchooser.smx] Voting for next map has started.
L 07/02/2020 - 10:35:38: [mapchooser.smx] Voting for next map has finished. Nextmap: de_inferno.
L 07/02/2020 - 10:36:36: [SM] Changed map to "de_inferno"
L 07/02/2020 - 10:36:38: -------- Mapchange to de_inferno --------
L 07/02/2020 - 10:36:40: [basecommands.smx] "Console<0><Console><Console>" changed cvar (cvar "sv_maxrate") (value "128000")
L 07/02/2020 - 10:36:40: [basecommands.smx] "Console<0><Console><Console>" changed cvar (cvar "sv_minrate") (value "128000")
L 07/02/2020 - 10:36:40: [basecommands.smx] "Console<0><Console><Console>" changed cvar (cvar "sv_maxcmdrate") (value "128")
L 07/02/2020 - 10:36:40: [basecommands.smx] "Console<0><Console><Console>" changed cvar (cvar "sv_mincmdrate") (value "128")
L 07/02/2020 - 10:36:40: [basecommands.smx] "Console<0><Console><Console>" changed cvar (cvar "sv_minupdaterate") (value "128")
L 07/02/2020 - 10:36:40: [basecommands.smx] "Console<0><Console><Console>" changed cvar (cvar "sv_maxupdaterate") (value "128")
L 07/02/2020 - 10:36:40: [basecommands.smx] "Console<0><Console><Console>" changed cvar (cvar "sv_maxunlag") (value "0.5")
L 07/02/2020 - 10:36:40: [basecommands.smx] "Console<0><Console><Console>" changed cvar (cvar "sv_unlag") (value "1")
L 07/02/2020 - 10:40:52: [chat-processor.smx] Message formats generated for game 'csgo'.
L 07/02/2020 - 10:40:52: [chat-processor.smx] Successfully hooked a SayText2 chat hook.
L 07/02/2020 - 10:40:54: -------- Mapchange to de_inferno --------
L 07/02/2020 - 10:40:56: [basecommands.smx] "Console<0><Console><Console>" changed cvar (cvar "sv_maxrate") (value "128000")
L 07/02/2020 - 10:40:56: [basecommands.smx] "Console<0><Console><Console>" changed cvar (cvar "sv_minrate") (value "128000")
L 07/02/2020 - 10:40:56: [basecommands.smx] "Console<0><Console><Console>" changed cvar (cvar "sv_maxcmdrate") (value "128")
L 07/02/2020 - 10:40:56: [basecommands.smx] "Console<0><Console><Console>" changed cvar (cvar "sv_mincmdrate") (value "128")
L 07/02/2020 - 10:40:56: [basecommands.smx] "Console<0><Console><Console>" changed cvar (cvar "sv_minupdaterate") (value "128")
L 07/02/2020 - 10:40:56: [basecommands.smx] "Console<0><Console><Console>" changed cvar (cvar "sv_maxupdaterate") (value "128")
L 07/02/2020 - 10:40:56: [basecommands.smx] "Console<0><Console><Console>" changed cvar (cvar "sv_maxunlag") (value "0.5")
L 07/02/2020 - 10:40:56: [basecommands.smx] "Console<0><Console><Console>" changed cvar (cvar "sv_unlag") (value "1")
L 07/02/2020 - 10:40:57: [weapons.smx] Inactive players' data has been deleted
L 07/02/2020 - 10:40:57: [chat-processor.smx] Message formats generated for game 'csgo'.
L 07/02/2020 - 10:40:57: [chat-processor.smx] Successfully hooked a SayText2 chat hook.
L 07/02/2020 - 10:40:57: [weapons.smx] Inactive players' data has been deleted
L 07/02/2020 - 12:25:30: -------- Mapchange to de_inferno --------
L 07/02/2020 - 12:25:33: [basecommands.smx] "Console<0><Console><Console>" changed cvar (cvar "sv_maxrate") (value "128000")
L 07/02/2020 - 12:25:33: [basecommands.smx] "Console<0><Console><Console>" changed cvar (cvar "sv_minrate") (value "128000")
L 07/02/2020 - 12:25:33: [basecommands.smx] "Console<0><Console><Console>" changed cvar (cvar "sv_maxcmdrate") (value "128")
L 07/02/2020 - 12:25:33: [basecommands.smx] "Console<0><Console><Console>" changed cvar (cvar "sv_mincmdrate") (value "128")
L 07/02/2020 - 12:25:33: [basecommands.smx] "Console<0><Console><Console>" changed cvar (cvar "sv_minupdaterate") (value "128")
L 07/02/2020 - 12:25:33: [basecommands.smx] "Console<0><Console><Console>" changed cvar (cvar "sv_maxupdaterate") (value "128")
L 07/02/2020 - 12:25:33: [basecommands.smx] "Console<0><Console><Console>" changed cvar (cvar "sv_maxunlag") (value "0.5")
L 07/02/2020 - 12:25:33: [basecommands.smx] "Console<0><Console><Console>" changed cvar (cvar "sv_unlag") (value "1")
L 07/02/2020 - 12:25:33: [chat-processor.smx] Message formats generated for game 'csgo'.
L 07/02/2020 - 12:25:33: [chat-processor.smx] Successfully hooked a SayText2 chat hook.
L 07/02/2020 - 12:25:34: [weapons.smx] Inactive players' data has been deleted
L 07/02/2020 - 12:49:00: -------- Mapchange to de_inferno --------
L 07/02/2020 - 12:49:03: [basecommands.smx] "Console<0><Console><Console>" changed cvar (cvar "sv_maxrate") (value "128000")
L 07/02/2020 - 12:49:03: [basecommands.smx] "Console<0><Console><Console>" changed cvar (cvar "sv_minrate") (value "128000")
L 07/02/2020 - 12:49:03: [basecommands.smx] "Console<0><Console><Console>" changed cvar (cvar "sv_maxcmdrate") (value "128")
L 07/02/2020 - 12:49:03: [basecommands.smx] "Console<0><Console><Console>" changed cvar (cvar "sv_mincmdrate") (value "128")
L 07/02/2020 - 12:49:03: [basecommands.smx] "Console<0><Console><Console>" changed cvar (cvar "sv_minupdaterate") (value "128")
L 07/02/2020 - 12:49:03: [basecommands.smx] "Console<0><Console><Console>" changed cvar (cvar "sv_maxupdaterate") (value "128")
L 07/02/2020 - 12:49:03: [basecommands.smx] "Console<0><Console><Console>" changed cvar (cvar "sv_maxunlag") (value "0.5")
L 07/02/2020 - 12:49:03: [basecommands.smx] "Console<0><Console><Console>" changed cvar (cvar "sv_unlag") (value "1")
L 07/02/2020 - 12:49:03: [chat-processor.smx] Message formats generated for game 'csgo'.
L 07/02/2020 - 12:49:03: [chat-processor.smx] Successfully hooked a SayText2 chat hook.
L 07/02/2020 - 12:49:04: [weapons.smx] Inactive players' data has been deleted
L 07/02/2020 - 13:06:32: [mapchooser.smx] Voting for next map has started.
L 07/02/2020 - 13:06:37: [mapchooser.smx] Voting for next map has finished. Nextmap: de_vertigo.
L 07/02/2020 - 13:09:29: [SM] Changed map to "de_vertigo"
L 07/02/2020 - 13:09:29: -------- Mapchange to de_vertigo --------
L 07/02/2020 - 13:09:32: [basecommands.smx] "Console<0><Console><Console>" changed cvar (cvar "sv_maxrate") (value "128000")
L 07/02/2020 - 13:09:32: [basecommands.smx] "Console<0><Console><Console>" changed cvar (cvar "sv_minrate") (value "128000")
L 07/02/2020 - 13:09:32: [basecommands.smx] "Console<0><Console><Console>" changed cvar (cvar "sv_maxcmdrate") (value "128")
L 07/02/2020 - 13:09:32: [basecommands.smx] "Console<0><Console><Console>" changed cvar (cvar "sv_mincmdrate") (value "128")
L 07/02/2020 - 13:09:32: [basecommands.smx] "Console<0><Console><Console>" changed cvar (cvar "sv_minupdaterate") (value "128")
L 07/02/2020 - 13:09:32: [basecommands.smx] "Console<0><Console><Console>" changed cvar (cvar "sv_maxupdaterate") (value "128")
L 07/02/2020 - 13:09:32: [basecommands.smx] "Console<0><Console><Console>" changed cvar (cvar "sv_maxunlag") (value "0.5")
L 07/02/2020 - 13:09:32: [basecommands.smx] "Console<0><Console><Console>" changed cvar (cvar "sv_unlag") (value "1")
L 07/02/2020 - 13:09:33: [chat-processor.smx] Message formats generated for game 'csgo'.
L 07/02/2020 - 13:09:33: [chat-processor.smx] Successfully hooked a SayText2 chat hook.
L 07/02/2020 - 13:09:33: [weapons.smx] Inactive players' data has been deleted
L 07/02/2020 - 13:23:32: [mapchooser.smx] Voting for next map has started.
L 07/02/2020 - 13:23:53: [mapchooser.smx] Voting for next map has finished. Nextmap: de_dust2.
L 07/02/2020 - 13:25:16: [SM] Changed map to "de_dust2"
L 07/02/2020 - 13:25:19: -------- Mapchange to de_dust2 --------
L 07/02/2020 - 13:25:22: [basecommands.smx] "Console<0><Console><Console>" changed cvar (cvar "sv_maxrate") (value "128000")
L 07/02/2020 - 13:25:22: [basecommands.smx] "Console<0><Console><Console>" changed cvar (cvar "sv_minrate") (value "128000")
L 07/02/2020 - 13:25:22: [basecommands.smx] "Console<0><Console><Console>" changed cvar (cvar "sv_maxcmdrate") (value "128")
L 07/02/2020 - 13:25:22: [basecommands.smx] "Console<0><Console><Console>" changed cvar (cvar "sv_mincmdrate") (value "128")
L 07/02/2020 - 13:25:22: [basecommands.smx] "Console<0><Console><Console>" changed cvar (cvar "sv_minupdaterate") (value "128")
L 07/02/2020 - 13:25:22: [basecommands.smx] "Console<0><Console><Console>" changed cvar (cvar "sv_maxupdaterate") (value "128")
L 07/02/2020 - 13:25:22: [basecommands.smx] "Console<0><Console><Console>" changed cvar (cvar "sv_maxunlag") (value "0.5")
L 07/02/2020 - 13:25:22: [basecommands.smx] "Console<0><Console><Console>" changed cvar (cvar "sv_unlag") (value "1")
L 07/02/2020 - 13:25:22: [chat-processor.smx] Message formats generated for game 'csgo'.
L 07/02/2020 - 13:25:22: [chat-processor.smx] Successfully hooked a SayText2 chat hook.
L 07/02/2020 - 13:25:24: [weapons.smx] Inactive players' data has been deleted
L 07/02/2020 - 13:41:44: [mapchooser.smx] Voting for next map has started.
L 07/02/2020 - 13:41:51: [mapchooser.smx] Voting for next map has finished. Nextmap: de_mirage.
L 07/02/2020 - 13:43:18: [SM] Changed map to "de_mirage"
L 07/02/2020 - 13:43:20: -------- Mapchange to de_mirage --------
L 07/02/2020 - 13:43:22: [basecommands.smx] "Console<0><Console><Console>" changed cvar (cvar "sv_maxrate") (value "128000")
L 07/02/2020 - 13:43:22: [basecommands.smx] "Console<0><Console><Console>" changed cvar (cvar "sv_minrate") (value "128000")
L 07/02/2020 - 13:43:22: [basecommands.smx] "Console<0><Console><Console>" changed cvar (cvar "sv_maxcmdrate") (value "128")
L 07/02/2020 - 13:43:22: [basecommands.smx] "Console<0><Console><Console>" changed cvar (cvar "sv_mincmdrate") (value "128")
L 07/02/2020 - 13:43:22: [basecommands.smx] "Console<0><Console><Console>" changed cvar (cvar "sv_minupdaterate") (value "128")
L 07/02/2020 - 13:43:22: [basecommands.smx] "Console<0><Console><Console>" changed cvar (cvar "sv_maxupdaterate") (value "128")
L 07/02/2020 - 13:43:22: [basecommands.smx] "Console<0><Console><Console>" changed cvar (cvar "sv_maxunlag") (value "0.5")
L 07/02/2020 - 13:43:22: [basecommands.smx] "Console<0><Console><Console>" changed cvar (cvar "sv_unlag") (value "1")
L 07/02/2020 - 13:43:23: [chat-processor.smx] Message formats generated for game 'csgo'.
L 07/02/2020 - 13:43:23: [chat-processor.smx] Successfully hooked a SayText2 chat hook.
L 07/02/2020 - 13:43:24: [weapons.smx] Inactive players' data has been deleted
L 07/02/2020 - 13:59:58: [mapchooser.smx] Voting for next map has started.
L 07/02/2020 - 14:00:11: [mapchooser.smx] Voting for next map has finished. Nextmap: de_train.
L 07/02/2020 - 14:02:37: [SM] Changed map to "de_train"
L 07/02/2020 - 14:02:38: -------- Mapchange to de_train --------
L 07/02/2020 - 14:02:40: [basecommands.smx] "Console<0><Console><Console>" changed cvar (cvar "sv_maxrate") (value "128000")
L 07/02/2020 - 14:02:40: [basecommands.smx] "Console<0><Console><Console>" changed cvar (cvar "sv_minrate") (value "128000")
L 07/02/2020 - 14:02:40: [basecommands.smx] "Console<0><Console><Console>" changed cvar (cvar "sv_maxcmdrate") (value "128")
L 07/02/2020 - 14:02:40: [basecommands.smx] "Console<0><Console><Console>" changed cvar (cvar "sv_mincmdrate") (value "128")
L 07/02/2020 - 14:02:40: [basecommands.smx] "Console<0><Console><Console>" changed cvar (cvar "sv_minupdaterate") (value "128")
L 07/02/2020 - 14:02:40: [basecommands.smx] "Console<0><Console><Console>" changed cvar (cvar "sv_maxupdaterate") (value "128")
L 07/02/2020 - 14:02:40: [basecommands.smx] "Console<0><Console><Console>" changed cvar (cvar "sv_maxunlag") (value "0.5")
L 07/02/2020 - 14:02:40: [basecommands.smx] "Console<0><Console><Console>" changed cvar (cvar "sv_unlag") (value "1")
L 07/02/2020 - 14:02:41: [chat-processor.smx] Message formats generated for game 'csgo'.
L 07/02/2020 - 14:02:41: [chat-processor.smx] Successfully hooked a SayText2 chat hook.
L 07/02/2020 - 14:02:43: [weapons.smx] Inactive players' data has been deleted
L 07/02/2020 - 14:20:49: [mapchooser.smx] Voting for next map has started.
L 07/02/2020 - 14:20:55: [mapchooser.smx] Voting for next map has finished. Nextmap: de_cache.
L 07/02/2020 - 14:24:25: [SM] Changed map to "de_cache"
L 07/02/2020 - 14:24:31: -------- Mapchange to de_cache --------
L 07/02/2020 - 14:24:33: [basecommands.smx] "Console<0><Console><Console>" changed cvar (cvar "sv_maxrate") (value "128000")
L 07/02/2020 - 14:24:33: [basecommands.smx] "Console<0><Console><Console>" changed cvar (cvar "sv_minrate") (value "128000")
L 07/02/2020 - 14:24:33: [basecommands.smx] "Console<0><Console><Console>" changed cvar (cvar "sv_maxcmdrate") (value "128")
L 07/02/2020 - 14:24:33: [basecommands.smx] "Console<0><Console><Console>" changed cvar (cvar "sv_mincmdrate") (value "128")
L 07/02/2020 - 14:24:33: [basecommands.smx] "Console<0><Console><Console>" changed cvar (cvar "sv_minupdaterate") (value "128")
L 07/02/2020 - 14:24:33: [basecommands.smx] "Console<0><Console><Console>" changed cvar (cvar "sv_maxupdaterate") (value "128")
L 07/02/2020 - 14:24:33: [basecommands.smx] "Console<0><Console><Console>" changed cvar (cvar "sv_maxunlag") (value "0.5")
L 07/02/2020 - 14:24:33: [basecommands.smx] "Console<0><Console><Console>" changed cvar (cvar "sv_unlag") (value "1")
L 07/02/2020 - 14:24:34: [chat-processor.smx] Message formats generated for game 'csgo'.
L 07/02/2020 - 14:24:34: [chat-processor.smx] Successfully hooked a SayText2 chat hook.
L 07/02/2020 - 14:24:37: [weapons.smx] Inactive players' data has been deleted
L 07/02/2020 - 14:42:27: [mapchooser.smx] Voting for next map has started.
L 07/02/2020 - 14:42:40: [mapchooser.smx] Voting for next map has finished. Nextmap: de_overpass.
L 07/02/2020 - 14:44:27: [SM] Changed map to "de_overpass"
L 07/02/2020 - 14:44:28: -------- Mapchange to de_overpass --------
L 07/02/2020 - 14:44:30: [basecommands.smx] "Console<0><Console><Console>" changed cvar (cvar "sv_maxrate") (value "128000")
L 07/02/2020 - 14:44:30: [basecommands.smx] "Console<0><Console><Console>" changed cvar (cvar "sv_minrate") (value "128000")
L 07/02/2020 - 14:44:30: [basecommands.smx] "Console<0><Console><Console>" changed cvar (cvar "sv_maxcmdrate") (value "128")
L 07/02/2020 - 14:44:30: [basecommands.smx] "Console<0><Console><Console>" changed cvar (cvar "sv_mincmdrate") (value "128")
L 07/02/2020 - 14:44:30: [basecommands.smx] "Console<0><Console><Console>" changed cvar (cvar "sv_minupdaterate") (value "128")
L 07/02/2020 - 14:44:30: [basecommands.smx] "Console<0><Console><Console>" changed cvar (cvar "sv_maxupdaterate") (value "128")
L 07/02/2020 - 14:44:30: [basecommands.smx] "Console<0><Console><Console>" changed cvar (cvar "sv_maxunlag") (value "0.5")
L 07/02/2020 - 14:44:30: [basecommands.smx] "Console<0><Console><Console>" changed cvar (cvar "sv_unlag") (value "1")
L 07/02/2020 - 14:44:31: [chat-processor.smx] Message formats generated for game 'csgo'.
L 07/02/2020 - 14:44:31: [chat-processor.smx] Successfully hooked a SayText2 chat hook.
L 07/02/2020 - 14:44:33: [weapons.smx] Inactive players' data has been deleted
L 07/02/2020 - 15:00:15: [mapchooser.smx] Voting for next map has started.
L 07/02/2020 - 15:00:22: [mapchooser.smx] Voting for next map has finished. Nextmap: de_inferno.
L 07/02/2020 - 15:01:48: [SM] Changed map to "de_inferno"
L 07/02/2020 - 15:01:49: -------- Mapchange to de_inferno --------
L 07/02/2020 - 15:01:51: [basecommands.smx] "Console<0><Console><Console>" changed cvar (cvar "sv_maxrate") (value "128000")
L 07/02/2020 - 15:01:51: [basecommands.smx] "Console<0><Console><Console>" changed cvar (cvar "sv_minrate") (value "128000")
L 07/02/2020 - 15:01:51: [basecommands.smx] "Console<0><Console><Console>" changed cvar (cvar "sv_maxcmdrate") (value "128")
L 07/02/2020 - 15:01:51: [basecommands.smx] "Console<0><Console><Console>" changed cvar (cvar "sv_mincmdrate") (value "128")
L 07/02/2020 - 15:01:51: [basecommands.smx] "Console<0><Console><Console>" changed cvar (cvar "sv_minupdaterate") (value "128")
L 07/02/2020 - 15:01:51: [basecommands.smx] "Console<0><Console><Console>" changed cvar (cvar "sv_maxupdaterate") (value "128")
L 07/02/2020 - 15:01:51: [basecommands.smx] "Console<0><Console><Console>" changed cvar (cvar "sv_maxunlag") (value "0.5")
L 07/02/2020 - 15:01:51: [basecommands.smx] "Console<0><Console><Console>" changed cvar (cvar "sv_unlag") (value "1")
L 07/02/2020 - 15:01:52: [chat-processor.smx] Message formats generated for game 'csgo'.
L 07/02/2020 - 15:01:52: [chat-processor.smx] Successfully hooked a SayText2 chat hook.
L 07/02/2020 - 15:01:54: [weapons.smx] Inactive players' data has been deleted
L 07/02/2020 - 15:18:51: [mapchooser.smx] Voting for next map has started.
L 07/02/2020 - 15:18:58: [mapchooser.smx] Voting for next map has finished. Nextmap: de_nuke.
L 07/02/2020 - 15:20:54: [SM] Changed map to "de_nuke"
L 07/02/2020 - 15:20:58: -------- Mapchange to de_nuke --------
L 07/02/2020 - 15:21:01: [basecommands.smx] "Console<0><Console><Console>" changed cvar (cvar "sv_maxrate") (value "128000")
L 07/02/2020 - 15:21:01: [basecommands.smx] "Console<0><Console><Console>" changed cvar (cvar "sv_minrate") (value "128000")
L 07/02/2020 - 15:21:01: [basecommands.smx] "Console<0><Console><Console>" changed cvar (cvar "sv_maxcmdrate") (value "128")
L 07/02/2020 - 15:21:01: [basecommands.smx] "Console<0><Console><Console>" changed cvar (cvar "sv_mincmdrate") (value "128")
L 07/02/2020 - 15:21:01: [basecommands.smx] "Console<0><Console><Console>" changed cvar (cvar "sv_minupdaterate") (value "128")
L 07/02/2020 - 15:21:01: [basecommands.smx] "Console<0><Console><Console>" changed cvar (cvar "sv_maxupdaterate") (value "128")
L 07/02/2020 - 15:21:01: [basecommands.smx] "Console<0><Console><Console>" changed cvar (cvar "sv_maxunlag") (value "0.5")
L 07/02/2020 - 15:21:01: [basecommands.smx] "Console<0><Console><Console>" changed cvar (cvar "sv_unlag") (value "1")
L 07/02/2020 - 15:21:01: [chat-processor.smx] Message formats generated for game 'csgo'.
L 07/02/2020 - 15:21:01: [chat-processor.smx] Successfully hooked a SayText2 chat hook.
L 07/02/2020 - 15:21:03: [weapons.smx] Inactive players' data has been deleted
L 07/02/2020 - 15:36:49: [mapchooser.smx] Voting for next map has started.
L 07/02/2020 - 15:36:53: [mapchooser.smx] Voting for next map has finished. Nextmap: de_vertigo.
L 07/02/2020 - 15:40:03: [SM] Changed map to "de_vertigo"
L 07/02/2020 - 15:40:04: -------- Mapchange to de_vertigo --------
L 07/02/2020 - 15:40:06: [basecommands.smx] "Console<0><Console><Console>" changed cvar (cvar "sv_maxrate") (value "128000")
L 07/02/2020 - 15:40:06: [basecommands.smx] "Console<0><Console><Console>" changed cvar (cvar "sv_minrate") (value "128000")
L 07/02/2020 - 15:40:06: [basecommands.smx] "Console<0><Console><Console>" changed cvar (cvar "sv_maxcmdrate") (value "128")
L 07/02/2020 - 15:40:06: [basecommands.smx] "Console<0><Console><Console>" changed cvar (cvar "sv_mincmdrate") (value "128")
L 07/02/2020 - 15:40:06: [basecommands.smx] "Console<0><Console><Console>" changed cvar (cvar "sv_minupdaterate") (value "128")
L 07/02/2020 - 15:40:06: [basecommands.smx] "Console<0><Console><Console>" changed cvar (cvar "sv_maxupdaterate") (value "128")
L 07/02/2020 - 15:40:06: [basecommands.smx] "Console<0><Console><Console>" changed cvar (cvar "sv_maxunlag") (value "0.5")
L 07/02/2020 - 15:40:06: [basecommands.smx] "Console<0><Console><Console>" changed cvar (cvar "sv_unlag") (value "1")
L 07/02/2020 - 15:40:07: [chat-processor.smx] Message formats generated for game 'csgo'.
L 07/02/2020 - 15:40:07: [chat-processor.smx] Successfully hooked a SayText2 chat hook.
L 07/02/2020 - 15:40:08: [weapons.smx] Inactive players' data has been deleted
L 07/02/2020 - 15:54:27: [mapchooser.smx] Voting for next map has started.
L 07/02/2020 - 15:54:48: [mapchooser.smx] Voting for next map has finished. Nextmap: de_mirage.
L 07/02/2020 - 15:55:54: [SM] Changed map to "de_mirage"
L 07/02/2020 - 15:55:55: -------- Mapchange to de_mirage --------
L 07/02/2020 - 15:55:57: [basecommands.smx] "Console<0><Console><Console>" changed cvar (cvar "sv_maxrate") (value "128000")
L 07/02/2020 - 15:55:57: [basecommands.smx] "Console<0><Console><Console>" changed cvar (cvar "sv_minrate") (value "128000")
L 07/02/2020 - 15:55:57: [basecommands.smx] "Console<0><Console><Console>" changed cvar (cvar "sv_maxcmdrate") (value "128")
L 07/02/2020 - 15:55:57: [basecommands.smx] "Console<0><Console><Console>" changed cvar (cvar "sv_mincmdrate") (value "128")
L 07/02/2020 - 15:55:57: [basecommands.smx] "Console<0><Console><Console>" changed cvar (cvar "sv_minupdaterate") (value "128")
L 07/02/2020 - 15:55:57: [basecommands.smx] "Console<0><Console><Console>" changed cvar (cvar "sv_maxupdaterate") (value "128")
L 07/02/2020 - 15:55:57: [basecommands.smx] "Console<0><Console><Console>" changed cvar (cvar "sv_maxunlag") (value "0.5")
L 07/02/2020 - 15:55:57: [basecommands.smx] "Console<0><Console><Console>" changed cvar (cvar "sv_unlag") (value "1")
L 07/02/2020 - 15:55:58: [chat-processor.smx] Message formats generated for game 'csgo'.
L 07/02/2020 - 15:55:58: [chat-processor.smx] Successfully hooked a SayText2 chat hook.
L 07/02/2020 - 15:56:00: [weapons.smx] Inactive players' data has been deleted
L 07/02/2020 - 16:12:13: [mapchooser.smx] Voting for next map has started.
L 07/02/2020 - 16:12:21: [mapchooser.smx] Voting for next map has finished. Nextmap: de_train.
L 07/02/2020 - 16:14:22: [SM] Changed map to "de_train"
L 07/02/2020 - 16:14:23: -------- Mapchange to de_train --------
L 07/02/2020 - 16:14:25: [basecommands.smx] "Console<0><Console><Console>" changed cvar (cvar "sv_maxrate") (value "128000")
L 07/02/2020 - 16:14:25: [basecommands.smx] "Console<0><Console><Console>" changed cvar (cvar "sv_minrate") (value "128000")
L 07/02/2020 - 16:14:25: [basecommands.smx] "Console<0><Console><Console>" changed cvar (cvar "sv_maxcmdrate") (value "128")
L 07/02/2020 - 16:14:25: [basecommands.smx] "Console<0><Console><Console>" changed cvar (cvar "sv_mincmdrate") (value "128")
L 07/02/2020 - 16:14:25: [basecommands.smx] "Console<0><Console><Console>" changed cvar (cvar "sv_minupdaterate") (value "128")
L 07/02/2020 - 16:14:25: [basecommands.smx] "Console<0><Console><Console>" changed cvar (cvar "sv_maxupdaterate") (value "128")
L 07/02/2020 - 16:14:25: [basecommands.smx] "Console<0><Console><Console>" changed cvar (cvar "sv_maxunlag") (value "0.5")
L 07/02/2020 - 16:14:25: [basecommands.smx] "Console<0><Console><Console>" changed cvar (cvar "sv_unlag") (value "1")
L 07/02/2020 - 16:14:26: [chat-processor.smx] Message formats generated for game 'csgo'.
L 07/02/2020 - 16:14:26: [chat-processor.smx] Successfully hooked a SayText2 chat hook.
L 07/02/2020 - 16:14:28: [weapons.smx] Inactive players' data has been deleted
L 07/02/2020 - 16:31:15: [mapchooser.smx] Voting for next map has started.
L 07/02/2020 - 16:31:35: [mapchooser.smx] Voting for next map has finished. Nextmap: de_dust2.
L 07/02/2020 - 16:32:41: [SM] Changed map to "de_dust2"
L 07/02/2020 - 16:32:44: -------- Mapchange to de_dust2 --------
L 07/02/2020 - 16:32:46: [basecommands.smx] "Console<0><Console><Console>" changed cvar (cvar "sv_maxrate") (value "128000")
L 07/02/2020 - 16:32:46: [basecommands.smx] "Console<0><Console><Console>" changed cvar (cvar "sv_minrate") (value "128000")
L 07/02/2020 - 16:32:46: [basecommands.smx] "Console<0><Console><Console>" changed cvar (cvar "sv_maxcmdrate") (value "128")
L 07/02/2020 - 16:32:46: [basecommands.smx] "Console<0><Console><Console>" changed cvar (cvar "sv_mincmdrate") (value "128")
L 07/02/2020 - 16:32:46: [basecommands.smx] "Console<0><Console><Console>" changed cvar (cvar "sv_minupdaterate") (value "128")
L 07/02/2020 - 16:32:46: [basecommands.smx] "Console<0><Console><Console>" changed cvar (cvar "sv_maxupdaterate") (value "128")
L 07/02/2020 - 16:32:46: [basecommands.smx] "Console<0><Console><Console>" changed cvar (cvar "sv_maxunlag") (value "0.5")
L 07/02/2020 - 16:32:46: [basecommands.smx] "Console<0><Console><Console>" changed cvar (cvar "sv_unlag") (value "1")
L 07/02/2020 - 16:32:47: [chat-processor.smx] Message formats generated for game 'csgo'.
L 07/02/2020 - 16:32:47: [chat-processor.smx] Successfully hooked a SayText2 chat hook.
L 07/02/2020 - 16:32:48: [weapons.smx] Inactive players' data has been deleted
L 07/02/2020 - 16:47:44: [mapchooser.smx] Voting for next map has started.
L 07/02/2020 - 16:47:53: [mapchooser.smx] Voting for next map has finished. Nextmap: de_overpass.
L 07/02/2020 - 16:49:35: [SM] Changed map to "de_overpass"
L 07/02/2020 - 16:49:36: -------- Mapchange to de_overpass --------
L 07/02/2020 - 16:49:38: [basecommands.smx] "Console<0><Console><Console>" changed cvar (cvar "sv_maxrate") (value "128000")
L 07/02/2020 - 16:49:38: [basecommands.smx] "Console<0><Console><Console>" changed cvar (cvar "sv_minrate") (value "128000")
L 07/02/2020 - 16:49:38: [basecommands.smx] "Console<0><Console><Console>" changed cvar (cvar "sv_maxcmdrate") (value "128")
L 07/02/2020 - 16:49:38: [basecommands.smx] "Console<0><Console><Console>" changed cvar (cvar "sv_mincmdrate") (value "128")
L 07/02/2020 - 16:49:38: [basecommands.smx] "Console<0><Console><Console>" changed cvar (cvar "sv_minupdaterate") (value "128")
L 07/02/2020 - 16:49:38: [basecommands.smx] "Console<0><Console><Console>" changed cvar (cvar "sv_maxupdaterate") (value "128")
L 07/02/2020 - 16:49:38: [basecommands.smx] "Console<0><Console><Console>" changed cvar (cvar "sv_maxunlag") (value "0.5")
L 07/02/2020 - 16:49:38: [basecommands.smx] "Console<0><Console><Console>" changed cvar (cvar "sv_unlag") (value "1")
L 07/02/2020 - 16:49:39: [chat-processor.smx] Message formats generated for game 'csgo'.
L 07/02/2020 - 16:49:39: [chat-processor.smx] Successfully hooked a SayText2 chat hook.
L 07/02/2020 - 16:49:40: [weapons.smx] Inactive players' data has been deleted
L 07/02/2020 - 17:04:58: [mapchooser.smx] Voting for next map has started.
L 07/02/2020 - 17:05:04: [mapchooser.smx] Voting for next map has finished. Nextmap: de_inferno.
L 07/02/2020 - 17:06:41: [SM] Changed map to "de_inferno"
L 07/02/2020 - 17:06:42: -------- Mapchange to de_inferno --------
L 07/02/2020 - 17:06:45: [basecommands.smx] "Console<0><Console><Console>" changed cvar (cvar "sv_maxrate") (value "128000")
L 07/02/2020 - 17:06:45: [basecommands.smx] "Console<0><Console><Console>" changed cvar (cvar "sv_minrate") (value "128000")
L 07/02/2020 - 17:06:45: [basecommands.smx] "Console<0><Console><Console>" changed cvar (cvar "sv_maxcmdrate") (value "128")
L 07/02/2020 - 17:06:45: [basecommands.smx] "Console<0><Console><Console>" changed cvar (cvar "sv_mincmdrate") (value "128")
L 07/02/2020 - 17:06:45: [basecommands.smx] "Console<0><Console><Console>" changed cvar (cvar "sv_minupdaterate") (value "128")
L 07/02/2020 - 17:06:45: [basecommands.smx] "Console<0><Console><Console>" changed cvar (cvar "sv_maxupdaterate") (value "128")
L 07/02/2020 - 17:06:45: [basecommands.smx] "Console<0><Console><Console>" changed cvar (cvar "sv_maxunlag") (value "0.5")
L 07/02/2020 - 17:06:45: [basecommands.smx] "Console<0><Console><Console>" changed cvar (cvar "sv_unlag") (value "1")
L 07/02/2020 - 17:06:45: [chat-processor.smx] Message formats generated for game 'csgo'.
L 07/02/2020 - 17:06:45: [chat-processor.smx] Successfully hooked a SayText2 chat hook.
L 07/02/2020 - 17:06:47: [weapons.smx] Inactive players' data has been deleted
L 07/02/2020 - 17:23:12: [mapchooser.smx] Voting for next map has started.
L 07/02/2020 - 17:23:30: [mapchooser.smx] Voting for next map has finished. Nextmap: de_cache.
L 07/02/2020 - 17:25:48: [SM] Changed map to "de_cache"
L 07/02/2020 - 17:25:52: -------- Mapchange to de_cache --------
L 07/02/2020 - 17:25:54: [basecommands.smx] "Console<0><Console><Console>" changed cvar (cvar "sv_maxrate") (value "128000")
L 07/02/2020 - 17:25:54: [basecommands.smx] "Console<0><Console><Console>" changed cvar (cvar "sv_minrate") (value "128000")
L 07/02/2020 - 17:25:54: [basecommands.smx] "Console<0><Console><Console>" changed cvar (cvar "sv_maxcmdrate") (value "128")
L 07/02/2020 - 17:25:54: [basecommands.smx] "Console<0><Console><Console>" changed cvar (cvar "sv_mincmdrate") (value "128")
L 07/02/2020 - 17:25:54: [basecommands.smx] "Console<0><Console><Console>" changed cvar (cvar "sv_minupdaterate") (value "128")
L 07/02/2020 - 17:25:54: [basecommands.smx] "Console<0><Console><Console>" changed cvar (cvar "sv_maxupdaterate") (value "128")
L 07/02/2020 - 17:25:54: [basecommands.smx] "Console<0><Console><Console>" changed cvar (cvar "sv_maxunlag") (value "0.5")
L 07/02/2020 - 17:25:54: [basecommands.smx] "Console<0><Console><Console>" changed cvar (cvar "sv_unlag") (value "1")
L 07/02/2020 - 17:25:55: [chat-processor.smx] Message formats generated for game 'csgo'.
L 07/02/2020 - 17:25:55: [chat-processor.smx] Successfully hooked a SayText2 chat hook.
L 07/02/2020 - 17:25:57: [weapons.smx] Inactive players' data has been deleted
L 07/02/2020 - 17:42:00: [mapchooser.smx] Voting for next map has started.
L 07/02/2020 - 17:42:10: [mapchooser.smx] Voting for next map has finished. Nextmap: de_nuke.
L 07/02/2020 - 17:44:25: [SM] Changed map to "de_nuke"
L 07/02/2020 - 17:44:28: -------- Mapchange to de_nuke --------
L 07/02/2020 - 17:44:30: [basecommands.smx] "Console<0><Console><Console>" changed cvar (cvar "sv_maxrate") (value "128000")
L 07/02/2020 - 17:44:30: [basecommands.smx] "Console<0><Console><Console>" changed cvar (cvar "sv_minrate") (value "128000")
L 07/02/2020 - 17:44:30: [basecommands.smx] "Console<0><Console><Console>" changed cvar (cvar "sv_maxcmdrate") (value "128")
L 07/02/2020 - 17:44:30: [basecommands.smx] "Console<0><Console><Console>" changed cvar (cvar "sv_mincmdrate") (value "128")
L 07/02/2020 - 17:44:30: [basecommands.smx] "Console<0><Console><Console>" changed cvar (cvar "sv_minupdaterate") (value "128")
L 07/02/2020 - 17:44:30: [basecommands.smx] "Console<0><Console><Console>" changed cvar (cvar "sv_maxupdaterate") (value "128")
L 07/02/2020 - 17:44:30: [basecommands.smx] "Console<0><Console><Console>" changed cvar (cvar "sv_maxunlag") (value "0.5")
L 07/02/2020 - 17:44:30: [basecommands.smx] "Console<0><Console><Console>" changed cvar (cvar "sv_unlag") (value "1")
L 07/02/2020 - 17:44:31: [chat-processor.smx] Message formats generated for game 'csgo'.
L 07/02/2020 - 17:44:31: [chat-processor.smx] Successfully hooked a SayText2 chat hook.
L 07/02/2020 - 17:44:33: [weapons.smx] Inactive players' data has been deleted
L 07/02/2020 - 18:01:55: [mapchooser.smx] Voting for next map has started.
L 07/02/2020 - 18:02:15: [mapchooser.smx] Voting for next map has finished. Nextmap: de_mirage.
L 07/02/2020 - 18:04:46: [SM] Changed map to "de_mirage"
L 07/02/2020 - 18:04:47: -------- Mapchange to de_mirage --------
L 07/02/2020 - 18:04:50: [basecommands.smx] "Console<0><Console><Console>" changed cvar (cvar "sv_maxrate") (value "128000")
L 07/02/2020 - 18:04:50: [basecommands.smx] "Console<0><Console><Console>" changed cvar (cvar "sv_minrate") (value "128000")
L 07/02/2020 - 18:04:50: [basecommands.smx] "Console<0><Console><Console>" changed cvar (cvar "sv_maxcmdrate") (value "128")
L 07/02/2020 - 18:04:50: [basecommands.smx] "Console<0><Console><Console>" changed cvar (cvar "sv_mincmdrate") (value "128")
L 07/02/2020 - 18:04:50: [basecommands.smx] "Console<0><Console><Console>" changed cvar (cvar "sv_minupdaterate") (value "128")
L 07/02/2020 - 18:04:50: [basecommands.smx] "Console<0><Console><Console>" changed cvar (cvar "sv_maxupdaterate") (value "128")
L 07/02/2020 - 18:04:50: [basecommands.smx] "Console<0><Console><Console>" changed cvar (cvar "sv_maxunlag") (value "0.5")
L 07/02/2020 - 18:04:50: [basecommands.smx] "Console<0><Console><Console>" changed cvar (cvar "sv_unlag") (value "1")
L 07/02/2020 - 18:04:50: [chat-processor.smx] Message formats generated for game 'csgo'.
L 07/02/2020 - 18:04:50: [chat-processor.smx] Successfully hooked a SayText2 chat hook.
L 07/02/2020 - 18:04:52: [weapons.smx] Inactive players' data has been deleted
L 07/02/2020 - 18:23:04: [mapchooser.smx] Voting for next map has started.
L 07/02/2020 - 18:23:16: [mapchooser.smx] Voting for next map has finished. Nextmap: de_train.
L 07/02/2020 - 18:24:42: [SM] Changed map to "de_train"
L 07/02/2020 - 18:24:43: -------- Mapchange to de_train --------
L 07/02/2020 - 18:24:45: [basecommands.smx] "Console<0><Console><Console>" changed cvar (cvar "sv_maxrate") (value "128000")
L 07/02/2020 - 18:24:45: [basecommands.smx] "Console<0><Console><Console>" changed cvar (cvar "sv_minrate") (value "128000")
L 07/02/2020 - 18:24:45: [basecommands.smx] "Console<0><Console><Console>" changed cvar (cvar "sv_maxcmdrate") (value "128")
L 07/02/2020 - 18:24:45: [basecommands.smx] "Console<0><Console><Console>" changed cvar (cvar "sv_mincmdrate") (value "128")
L 07/02/2020 - 18:24:45: [basecommands.smx] "Console<0><Console><Console>" changed cvar (cvar "sv_minupdaterate") (value "128")
L 07/02/2020 - 18:24:45: [basecommands.smx] "Console<0><Console><Console>" changed cvar (cvar "sv_maxupdaterate") (value "128")
L 07/02/2020 - 18:24:45: [basecommands.smx] "Console<0><Console><Console>" changed cvar (cvar "sv_maxunlag") (value "0.5")
L 07/02/2020 - 18:24:45: [basecommands.smx] "Console<0><Console><Console>" changed cvar (cvar "sv_unlag") (value "1")
L 07/02/2020 - 18:24:46: [chat-processor.smx] Message formats generated for game 'csgo'.
L 07/02/2020 - 18:24:46: [chat-processor.smx] Successfully hooked a SayText2 chat hook.
L 07/02/2020 - 18:24:48: [weapons.smx] Inactive players' data has been deleted
L 07/02/2020 - 18:41:27: [mapchooser.smx] Voting for next map has started.
L 07/02/2020 - 18:41:34: [mapchooser.smx] Voting for next map has finished. Nextmap: de_vertigo.
L 07/02/2020 - 18:43:59: [SM] Changed map to "de_vertigo"
L 07/02/2020 - 18:44:00: -------- Mapchange to de_vertigo --------
L 07/02/2020 - 18:44:02: [basecommands.smx] "Console<0><Console><Console>" changed cvar (cvar "sv_maxrate") (value "128000")
L 07/02/2020 - 18:44:02: [basecommands.smx] "Console<0><Console><Console>" changed cvar (cvar "sv_minrate") (value "128000")
L 07/02/2020 - 18:44:02: [basecommands.smx] "Console<0><Console><Console>" changed cvar (cvar "sv_maxcmdrate") (value "128")
L 07/02/2020 - 18:44:02: [basecommands.smx] "Console<0><Console><Console>" changed cvar (cvar "sv_mincmdrate") (value "128")
L 07/02/2020 - 18:44:02: [basecommands.smx] "Console<0><Console><Console>" changed cvar (cvar "sv_minupdaterate") (value "128")
L 07/02/2020 - 18:44:02: [basecommands.smx] "Console<0><Console><Console>" changed cvar (cvar "sv_maxupdaterate") (value "128")
L 07/02/2020 - 18:44:02: [basecommands.smx] "Console<0><Console><Console>" changed cvar (cvar "sv_maxunlag") (value "0.5")
L 07/02/2020 - 18:44:02: [basecommands.smx] "Console<0><Console><Console>" changed cvar (cvar "sv_unlag") (value "1")
L 07/02/2020 - 18:44:03: [chat-processor.smx] Message formats generated for game 'csgo'.
L 07/02/2020 - 18:44:03: [chat-processor.smx] Successfully hooked a SayText2 chat hook.
L 07/02/2020 - 18:44:05: [weapons.smx] Inactive players' data has been deleted
L 07/02/2020 - 19:00:55: [mapchooser.smx] Voting for next map has started.
L 07/02/2020 - 19:01:01: [mapchooser.smx] Voting for next map has finished. Nextmap: de_dust2.
L 07/02/2020 - 19:03:46: [SM] Changed map to "de_dust2"
L 07/02/2020 - 19:03:49: -------- Mapchange to de_dust2 --------
L 07/02/2020 - 19:03:51: [basecommands.smx] "Console<0><Console><Console>" changed cvar (cvar "sv_maxrate") (value "128000")
L 07/02/2020 - 19:03:51: [basecommands.smx] "Console<0><Console><Console>" changed cvar (cvar "sv_minrate") (value "128000")
L 07/02/2020 - 19:03:51: [basecommands.smx] "Console<0><Console><Console>" changed cvar (cvar "sv_maxcmdrate") (value "128")
L 07/02/2020 - 19:03:51: [basecommands.smx] "Console<0><Console><Console>" changed cvar (cvar "sv_mincmdrate") (value "128")
L 07/02/2020 - 19:03:51: [basecommands.smx] "Console<0><Console><Console>" changed cvar (cvar "sv_minupdaterate") (value "128")
L 07/02/2020 - 19:03:51: [basecommands.smx] "Console<0><Console><Console>" changed cvar (cvar "sv_maxupdaterate") (value "128")
L 07/02/2020 - 19:03:51: [basecommands.smx] "Console<0><Console><Console>" changed cvar (cvar "sv_maxunlag") (value "0.5")
L 07/02/2020 - 19:03:51: [basecommands.smx] "Console<0><Console><Console>" changed cvar (cvar "sv_unlag") (value "1")
L 07/02/2020 - 19:03:52: [chat-processor.smx] Message formats generated for game 'csgo'.
L 07/02/2020 - 19:03:52: [chat-processor.smx] Successfully hooked a SayText2 chat hook.
L 07/02/2020 - 19:03:54: [weapons.smx] Inactive players' data has been deleted
L 07/02/2020 - 19:19:47: [mapchooser.smx] Voting for next map has started.
L 07/02/2020 - 19:19:53: [mapchooser.smx] Voting for next map has finished. Nextmap: de_inferno.
L 07/02/2020 - 19:22:06: [rockthevote.smx] RTV changing map manually
L 07/02/2020 - 19:22:06: [SM] Changed map to "de_inferno"
L 07/02/2020 - 19:22:08: -------- Mapchange to de_inferno --------
L 07/02/2020 - 19:22:10: [basecommands.smx] "Console<0><Console><Console>" changed cvar (cvar "sv_maxrate") (value "128000")
L 07/02/2020 - 19:22:10: [basecommands.smx] "Console<0><Console><Console>" changed cvar (cvar "sv_minrate") (value "128000")
L 07/02/2020 - 19:22:10: [basecommands.smx] "Console<0><Console><Console>" changed cvar (cvar "sv_maxcmdrate") (value "128")
L 07/02/2020 - 19:22:10: [basecommands.smx] "Console<0><Console><Console>" changed cvar (cvar "sv_mincmdrate") (value "128")
L 07/02/2020 - 19:22:10: [basecommands.smx] "Console<0><Console><Console>" changed cvar (cvar "sv_minupdaterate") (value "128")
L 07/02/2020 - 19:22:10: [basecommands.smx] "Console<0><Console><Console>" changed cvar (cvar "sv_maxupdaterate") (value "128")
L 07/02/2020 - 19:22:10: [basecommands.smx] "Console<0><Console><Console>" changed cvar (cvar "sv_maxunlag") (value "0.5")
L 07/02/2020 - 19:22:10: [basecommands.smx] "Console<0><Console><Console>" changed cvar (cvar "sv_unlag") (value "1")
L 07/02/2020 - 19:22:11: [chat-processor.smx] Message formats generated for game 'csgo'.
L 07/02/2020 - 19:22:11: [chat-processor.smx] Successfully hooked a SayText2 chat hook.
L 07/02/2020 - 19:22:14: [weapons.smx] Inactive players' data has been deleted
L 07/02/2020 - 19:39:26: [mapchooser.smx] Voting for next map has started.
L 07/02/2020 - 19:39:39: [mapchooser.smx] Voting for next map has finished. Nextmap: de_overpass.
L 07/02/2020 - 19:41:04: [SM] Changed map to "de_overpass"
L 07/02/2020 - 19:41:05: -------- Mapchange to de_overpass --------
L 07/02/2020 - 19:41:08: [basecommands.smx] "Console<0><Console><Console>" changed cvar (cvar "sv_maxrate") (value "128000")
L 07/02/2020 - 19:41:08: [basecommands.smx] "Console<0><Console><Console>" changed cvar (cvar "sv_minrate") (value "128000")
L 07/02/2020 - 19:41:08: [basecommands.smx] "Console<0><Console><Console>" changed cvar (cvar "sv_maxcmdrate") (value "128")
L 07/02/2020 - 19:41:08: [basecommands.smx] "Console<0><Console><Console>" changed cvar (cvar "sv_mincmdrate") (value "128")
L 07/02/2020 - 19:41:08: [basecommands.smx] "Console<0><Console><Console>" changed cvar (cvar "sv_minupdaterate") (value "128")
L 07/02/2020 - 19:41:08: [basecommands.smx] "Console<0><Console><Console>" changed cvar (cvar "sv_maxupdaterate") (value "128")
L 07/02/2020 - 19:41:08: [basecommands.smx] "Console<0><Console><Console>" changed cvar (cvar "sv_maxunlag") (value "0.5")
L 07/02/2020 - 19:41:08: [basecommands.smx] "Console<0><Console><Console>" changed cvar (cvar "sv_unlag") (value "1")
L 07/02/2020 - 19:41:08: [chat-processor.smx] Message formats generated for game 'csgo'.
L 07/02/2020 - 19:41:08: [chat-processor.smx] Successfully hooked a SayText2 chat hook.
L 07/02/2020 - 19:41:11: [weapons.smx] Inactive players' data has been deleted
L 07/02/2020 - 19:57:21: [mapchooser.smx] Voting for next map has started.
L 07/02/2020 - 19:57:37: [mapchooser.smx] Voting for next map has finished. Nextmap: de_cache.
L 07/02/2020 - 19:59:23: [SM] Changed map to "de_cache"
L 07/02/2020 - 19:59:27: -------- Mapchange to de_cache --------
L 07/02/2020 - 19:59:30: [basecommands.smx] "Console<0><Console><Console>" changed cvar (cvar "sv_maxrate") (value "128000")
L 07/02/2020 - 19:59:30: [basecommands.smx] "Console<0><Console><Console>" changed cvar (cvar "sv_minrate") (value "128000")
L 07/02/2020 - 19:59:30: [basecommands.smx] "Console<0><Console><Console>" changed cvar (cvar "sv_maxcmdrate") (value "128")
L 07/02/2020 - 19:59:30: [basecommands.smx] "Console<0><Console><Console>" changed cvar (cvar "sv_mincmdrate") (value "128")
L 07/02/2020 - 19:59:30: [basecommands.smx] "Console<0><Console><Console>" changed cvar (cvar "sv_minupdaterate") (value "128")
L 07/02/2020 - 19:59:30: [basecommands.smx] "Console<0><Console><Console>" changed cvar (cvar "sv_maxupdaterate") (value "128")
L 07/02/2020 - 19:59:30: [basecommands.smx] "Console<0><Console><Console>" changed cvar (cvar "sv_maxunlag") (value "0.5")
L 07/02/2020 - 19:59:30: [basecommands.smx] "Console<0><Console><Console>" changed cvar (cvar "sv_unlag") (value "1")
L 07/02/2020 - 19:59:30: [chat-processor.smx] Message formats generated for game 'csgo'.
L 07/02/2020 - 19:59:30: [chat-processor.smx] Successfully hooked a SayText2 chat hook.
L 07/02/2020 - 19:59:33: [weapons.smx] Inactive players' data has been deleted
L 07/02/2020 - 20:16:42: [mapchooser.smx] Voting for next map has started.
L 07/02/2020 - 20:17:02: [mapchooser.smx] Voting for next map has finished. Nextmap: de_mirage.
L 07/02/2020 - 20:19:46: [SM] Changed map to "de_mirage"
L 07/02/2020 - 20:19:47: -------- Mapchange to de_mirage --------
L 07/02/2020 - 20:19:50: [basecommands.smx] "Console<0><Console><Console>" changed cvar (cvar "sv_maxrate") (value "128000")
L 07/02/2020 - 20:19:50: [basecommands.smx] "Console<0><Console><Console>" changed cvar (cvar "sv_minrate") (value "128000")
L 07/02/2020 - 20:19:50: [basecommands.smx] "Console<0><Console><Console>" changed cvar (cvar "sv_maxcmdrate") (value "128")
L 07/02/2020 - 20:19:50: [basecommands.smx] "Console<0><Console><Console>" changed cvar (cvar "sv_mincmdrate") (value "128")
L 07/02/2020 - 20:19:50: [basecommands.smx] "Console<0><Console><Console>" changed cvar (cvar "sv_minupdaterate") (value "128")
L 07/02/2020 - 20:19:50: [basecommands.smx] "Console<0><Console><Console>" changed cvar (cvar "sv_maxupdaterate") (value "128")
L 07/02/2020 - 20:19:50: [basecommands.smx] "Console<0><Console><Console>" changed cvar (cvar "sv_maxunlag") (value "0.5")
L 07/02/2020 - 20:19:50: [basecommands.smx] "Console<0><Console><Console>" changed cvar (cvar "sv_unlag") (value "1")
L 07/02/2020 - 20:19:51: [chat-processor.smx] Message formats generated for game 'csgo'.
L 07/02/2020 - 20:19:51: [chat-processor.smx] Successfully hooked a SayText2 chat hook.
L 07/02/2020 - 20:19:54: [weapons.smx] Inactive players' data has been deleted
L 07/02/2020 - 20:37:21: [mapchooser.smx] Voting for next map has started.
L 07/02/2020 - 20:37:28: [mapchooser.smx] Voting for next map has finished. Nextmap: de_train.
L 07/02/2020 - 20:38:48: [SM] Changed map to "de_train"
L 07/02/2020 - 20:38:50: -------- Mapchange to de_train --------
L 07/02/2020 - 20:38:52: [basecommands.smx] "Console<0><Console><Console>" changed cvar (cvar "sv_maxrate") (value "128000")
L 07/02/2020 - 20:38:52: [basecommands.smx] "Console<0><Console><Console>" changed cvar (cvar "sv_minrate") (value "128000")
L 07/02/2020 - 20:38:52: [basecommands.smx] "Console<0><Console><Console>" changed cvar (cvar "sv_maxcmdrate") (value "128")
L 07/02/2020 - 20:38:52: [basecommands.smx] "Console<0><Console><Console>" changed cvar (cvar "sv_mincmdrate") (value "128")
L 07/02/2020 - 20:38:52: [basecommands.smx] "Console<0><Console><Console>" changed cvar (cvar "sv_minupdaterate") (value "128")
L 07/02/2020 - 20:38:52: [basecommands.smx] "Console<0><Console><Console>" changed cvar (cvar "sv_maxupdaterate") (value "128")
L 07/02/2020 - 20:38:52: [basecommands.smx] "Console<0><Console><Console>" changed cvar (cvar "sv_maxunlag") (value "0.5")
L 07/02/2020 - 20:38:52: [basecommands.smx] "Console<0><Console><Console>" changed cvar (cvar "sv_unlag") (value "1")
L 07/02/2020 - 20:38:53: [chat-processor.smx] Message formats generated for game 'csgo'.
L 07/02/2020 - 20:38:53: [chat-processor.smx] Successfully hooked a SayText2 chat hook.
L 07/02/2020 - 20:38:55: [weapons.smx] Inactive players' data has been deleted
L 07/02/2020 - 20:57:29: [mapchooser.smx] Voting for next map has started.
L 07/02/2020 - 20:57:49: [mapchooser.smx] Voting for next map has finished. Nextmap: de_vertigo.
L 07/02/2020 - 21:24:39: -------- Mapchange to de_train --------
L 07/02/2020 - 21:24:42: [basecommands.smx] "Console<0><Console><Console>" changed cvar (cvar "sv_maxrate") (value "128000")
L 07/02/2020 - 21:24:42: [basecommands.smx] "Console<0><Console><Console>" changed cvar (cvar "sv_minrate") (value "128000")
L 07/02/2020 - 21:24:42: [basecommands.smx] "Console<0><Console><Console>" changed cvar (cvar "sv_maxcmdrate") (value "128")
L 07/02/2020 - 21:24:42: [basecommands.smx] "Console<0><Console><Console>" changed cvar (cvar "sv_mincmdrate") (value "128")
L 07/02/2020 - 21:24:42: [basecommands.smx] "Console<0><Console><Console>" changed cvar (cvar "sv_minupdaterate") (value "128")
L 07/02/2020 - 21:24:42: [basecommands.smx] "Console<0><Console><Console>" changed cvar (cvar "sv_maxupdaterate") (value "128")
L 07/02/2020 - 21:24:42: [basecommands.smx] "Console<0><Console><Console>" changed cvar (cvar "sv_maxunlag") (value "0.5")
L 07/02/2020 - 21:24:42: [basecommands.smx] "Console<0><Console><Console>" changed cvar (cvar "sv_unlag") (value "1")
L 07/02/2020 - 21:24:42: [chat-processor.smx] Message formats generated for game 'csgo'.
L 07/02/2020 - 21:24:42: [chat-processor.smx] Successfully hooked a SayText2 chat hook.
L 07/02/2020 - 21:24:43: [weapons.smx] Inactive players' data has been deleted
L 07/02/2020 - 21:29:45: -------- Mapchange to de_train --------
L 07/02/2020 - 21:29:48: [basecommands.smx] "Console<0><Console><Console>" changed cvar (cvar "sv_maxrate") (value "128000")
L 07/02/2020 - 21:29:48: [basecommands.smx] "Console<0><Console><Console>" changed cvar (cvar "sv_minrate") (value "128000")
L 07/02/2020 - 21:29:48: [basecommands.smx] "Console<0><Console><Console>" changed cvar (cvar "sv_maxcmdrate") (value "128")
L 07/02/2020 - 21:29:48: [basecommands.smx] "Console<0><Console><Console>" changed cvar (cvar "sv_mincmdrate") (value "128")
L 07/02/2020 - 21:29:48: [basecommands.smx] "Console<0><Console><Console>" changed cvar (cvar "sv_minupdaterate") (value "128")
L 07/02/2020 - 21:29:48: [basecommands.smx] "Console<0><Console><Console>" changed cvar (cvar "sv_maxupdaterate") (value "128")
L 07/02/2020 - 21:29:48: [basecommands.smx] "Console<0><Console><Console>" changed cvar (cvar "sv_maxunlag") (value "0.5")
L 07/02/2020 - 21:29:48: [basecommands.smx] "Console<0><Console><Console>" changed cvar (cvar "sv_unlag") (value "1")
L 07/02/2020 - 21:29:49: [chat-processor.smx] Message formats generated for game 'csgo'.
L 07/02/2020 - 21:29:49: [chat-processor.smx] Successfully hooked a SayText2 chat hook.
L 07/02/2020 - 21:29:49: [weapons.smx] Inactive players' data has been deleted
L 07/02/2020 - 21:36:06: -------- Mapchange to de_train --------
L 07/02/2020 - 21:36:08: [basecommands.smx] "Console<0><Console><Console>" changed cvar (cvar "sv_maxrate") (value "128000")
L 07/02/2020 - 21:36:08: [basecommands.smx] "Console<0><Console><Console>" changed cvar (cvar "sv_minrate") (value "128000")
L 07/02/2020 - 21:36:08: [basecommands.smx] "Console<0><Console><Console>" changed cvar (cvar "sv_maxcmdrate") (value "128")
L 07/02/2020 - 21:36:08: [basecommands.smx] "Console<0><Console><Console>" changed cvar (cvar "sv_mincmdrate") (value "128")
L 07/02/2020 - 21:36:08: [basecommands.smx] "Console<0><Console><Console>" changed cvar (cvar "sv_minupdaterate") (value "128")
L 07/02/2020 - 21:36:08: [basecommands.smx] "Console<0><Console><Console>" changed cvar (cvar "sv_maxupdaterate") (value "128")
L 07/02/2020 - 21:36:08: [basecommands.smx] "Console<0><Console><Console>" changed cvar (cvar "sv_maxunlag") (value "0.5")
L 07/02/2020 - 21:36:08: [basecommands.smx] "Console<0><Console><Console>" changed cvar (cvar "sv_unlag") (value "1")
L 07/02/2020 - 21:36:09: [chat-processor.smx] Message formats generated for game 'csgo'.
L 07/02/2020 - 21:36:09: [chat-processor.smx] Successfully hooked a SayText2 chat hook.
L 07/02/2020 - 21:36:10: [weapons.smx] Inactive players' data has been deleted
L 07/02/2020 - 21:38:26: -------- Mapchange to de_train --------
L 07/02/2020 - 21:38:28: [basecommands.smx] "Console<0><Console><Console>" changed cvar (cvar "sv_maxrate") (value "128000")
L 07/02/2020 - 21:38:28: [basecommands.smx] "Console<0><Console><Console>" changed cvar (cvar "sv_minrate") (value "128000")
L 07/02/2020 - 21:38:28: [basecommands.smx] "Console<0><Console><Console>" changed cvar (cvar "sv_maxcmdrate") (value "128")
L 07/02/2020 - 21:38:28: [basecommands.smx] "Console<0><Console><Console>" changed cvar (cvar "sv_mincmdrate") (value "128")
L 07/02/2020 - 21:38:28: [basecommands.smx] "Console<0><Console><Console>" changed cvar (cvar "sv_minupdaterate") (value "128")
L 07/02/2020 - 21:38:28: [basecommands.smx] "Console<0><Console><Console>" changed cvar (cvar "sv_maxupdaterate") (value "128")
L 07/02/2020 - 21:38:28: [basecommands.smx] "Console<0><Console><Console>" changed cvar (cvar "sv_maxunlag") (value "0.5")
L 07/02/2020 - 21:38:28: [basecommands.smx] "Console<0><Console><Console>" changed cvar (cvar "sv_unlag") (value "1")
L 07/02/2020 - 21:38:29: [chat-processor.smx] Message formats generated for game 'csgo'.
L 07/02/2020 - 21:38:29: [chat-processor.smx] Successfully hooked a SayText2 chat hook.
L 07/02/2020 - 21:38:29: [weapons.smx] Inactive players' data has been deleted
L 07/02/2020 - 21:43:53: -------- Mapchange to de_train --------
L 07/02/2020 - 21:43:55: [basecommands.smx] "Console<0><Console><Console>" changed cvar (cvar "sv_maxrate") (value "128000")
L 07/02/2020 - 21:43:55: [basecommands.smx] "Console<0><Console><Console>" changed cvar (cvar "sv_minrate") (value "128000")
L 07/02/2020 - 21:43:55: [basecommands.smx] "Console<0><Console><Console>" changed cvar (cvar "sv_maxcmdrate") (value "128")
L 07/02/2020 - 21:43:55: [basecommands.smx] "Console<0><Console><Console>" changed cvar (cvar "sv_mincmdrate") (value "128")
L 07/02/2020 - 21:43:55: [basecommands.smx] "Console<0><Console><Console>" changed cvar (cvar "sv_minupdaterate") (value "128")
L 07/02/2020 - 21:43:55: [basecommands.smx] "Console<0><Console><Console>" changed cvar (cvar "sv_maxupdaterate") (value "128")
L 07/02/2020 - 21:43:55: [basecommands.smx] "Console<0><Console><Console>" changed cvar (cvar "sv_maxunlag") (value "0.5")
L 07/02/2020 - 21:43:55: [basecommands.smx] "Console<0><Console><Console>" changed cvar (cvar "sv_unlag") (value "1")
L 07/02/2020 - 21:43:56: [chat-processor.smx] Message formats generated for game 'csgo'.
L 07/02/2020 - 21:43:56: [chat-processor.smx] Successfully hooked a SayText2 chat hook.
L 07/02/2020 - 21:43:57: [weapons.smx] Inactive players' data has been deleted
L 07/02/2020 - 21:49:05: -------- Mapchange to de_train --------
L 07/02/2020 - 21:49:07: [basecommands.smx] "Console<0><Console><Console>" changed cvar (cvar "sv_maxrate") (value "128000")
L 07/02/2020 - 21:49:07: [basecommands.smx] "Console<0><Console><Console>" changed cvar (cvar "sv_minrate") (value "128000")
L 07/02/2020 - 21:49:07: [basecommands.smx] "Console<0><Console><Console>" changed cvar (cvar "sv_maxcmdrate") (value "128")
L 07/02/2020 - 21:49:07: [basecommands.smx] "Console<0><Console><Console>" changed cvar (cvar "sv_mincmdrate") (value "128")
L 07/02/2020 - 21:49:07: [basecommands.smx] "Console<0><Console><Console>" changed cvar (cvar "sv_minupdaterate") (value "128")
L 07/02/2020 - 21:49:07: [basecommands.smx] "Console<0><Console><Console>" changed cvar (cvar "sv_maxupdaterate") (value "128")
L 07/02/2020 - 21:49:07: [basecommands.smx] "Console<0><Console><Console>" changed cvar (cvar "sv_maxunlag") (value "0.5")
L 07/02/2020 - 21:49:07: [basecommands.smx] "Console<0><Console><Console>" changed cvar (cvar "sv_unlag") (value "1")
L 07/02/2020 - 21:49:08: [chat-processor.smx] Message formats generated for game 'csgo'.
L 07/02/2020 - 21:49:08: [chat-processor.smx] Successfully hooked a SayText2 chat hook.
L 07/02/2020 - 21:49:09: [weapons.smx] Inactive players' data has been deleted
L 07/02/2020 - 22:07:47: -------- Mapchange to de_train --------
L 07/02/2020 - 22:07:50: [basecommands.smx] "Console<0><Console><Console>" changed cvar (cvar "sv_maxrate") (value "128000")
L 07/02/2020 - 22:07:50: [basecommands.smx] "Console<0><Console><Console>" changed cvar (cvar "sv_minrate") (value "128000")
L 07/02/2020 - 22:07:50: [basecommands.smx] "Console<0><Console><Console>" changed cvar (cvar "sv_maxcmdrate") (value "128")
L 07/02/2020 - 22:07:50: [basecommands.smx] "Console<0><Console><Console>" changed cvar (cvar "sv_mincmdrate") (value "128")
L 07/02/2020 - 22:07:50: [basecommands.smx] "Console<0><Console><Console>" changed cvar (cvar "sv_minupdaterate") (value "128")
L 07/02/2020 - 22:07:50: [basecommands.smx] "Console<0><Console><Console>" changed cvar (cvar "sv_maxupdaterate") (value "128")
L 07/02/2020 - 22:07:50: [basecommands.smx] "Console<0><Console><Console>" changed cvar (cvar "sv_maxunlag") (value "0.5")
L 07/02/2020 - 22:07:50: [basecommands.smx] "Console<0><Console><Console>" changed cvar (cvar "sv_unlag") (value "1")
L 07/02/2020 - 22:07:51: [chat-processor.smx] Message formats generated for game 'csgo'.
L 07/02/2020 - 22:07:51: [chat-processor.smx] Successfully hooked a SayText2 chat hook.
L 07/02/2020 - 22:07:51: [weapons.smx] Inactive players' data has been deleted
L 07/02/2020 - 22:13:48: -------- Mapchange to de_train --------
L 07/02/2020 - 22:13:51: [basecommands.smx] "Console<0><Console><Console>" changed cvar (cvar "sv_maxrate") (value "128000")
L 07/02/2020 - 22:13:51: [basecommands.smx] "Console<0><Console><Console>" changed cvar (cvar "sv_minrate") (value "128000")
L 07/02/2020 - 22:13:51: [basecommands.smx] "Console<0><Console><Console>" changed cvar (cvar "sv_maxcmdrate") (value "128")
L 07/02/2020 - 22:13:51: [basecommands.smx] "Console<0><Console><Console>" changed cvar (cvar "sv_mincmdrate") (value "128")
L 07/02/2020 - 22:13:51: [basecommands.smx] "Console<0><Console><Console>" changed cvar (cvar "sv_minupdaterate") (value "128")
L 07/02/2020 - 22:13:51: [basecommands.smx] "Console<0><Console><Console>" changed cvar (cvar "sv_maxupdaterate") (value "128")
L 07/02/2020 - 22:13:51: [basecommands.smx] "Console<0><Console><Console>" changed cvar (cvar "sv_maxunlag") (value "0.5")
L 07/02/2020 - 22:13:51: [basecommands.smx] "Console<0><Console><Console>" changed cvar (cvar "sv_unlag") (value "1")
L 07/02/2020 - 22:13:51: [chat-processor.smx] Message formats generated for game 'csgo'.
L 07/02/2020 - 22:13:51: [chat-processor.smx] Successfully hooked a SayText2 chat hook.
L 07/02/2020 - 22:13:52: [weapons.smx] Inactive players' data has been deleted
L 07/02/2020 - 22:28:56: [mapchooser.smx] Voting for next map has started.
L 07/02/2020 - 22:29:04: [mapchooser.smx] Voting for next map has finished. Nextmap: de_nuke.
L 07/02/2020 - 22:32:35: [SM] Changed map to "de_nuke"
L 07/02/2020 - 22:32:39: -------- Mapchange to de_nuke --------
L 07/02/2020 - 22:32:41: [basecommands.smx] "Console<0><Console><Console>" changed cvar (cvar "sv_maxrate") (value "128000")
L 07/02/2020 - 22:32:41: [basecommands.smx] "Console<0><Console><Console>" changed cvar (cvar "sv_minrate") (value "128000")
L 07/02/2020 - 22:32:41: [basecommands.smx] "Console<0><Console><Console>" changed cvar (cvar "sv_maxcmdrate") (value "128")
L 07/02/2020 - 22:32:41: [basecommands.smx] "Console<0><Console><Console>" changed cvar (cvar "sv_mincmdrate") (value "128")
L 07/02/2020 - 22:32:41: [basecommands.smx] "Console<0><Console><Console>" changed cvar (cvar "sv_minupdaterate") (value "128")
L 07/02/2020 - 22:32:41: [basecommands.smx] "Console<0><Console><Console>" changed cvar (cvar "sv_maxupdaterate") (value "128")
L 07/02/2020 - 22:32:41: [basecommands.smx] "Console<0><Console><Console>" changed cvar (cvar "sv_maxunlag") (value "0.5")
L 07/02/2020 - 22:32:41: [basecommands.smx] "Console<0><Console><Console>" changed cvar (cvar "sv_unlag") (value "1")
L 07/02/2020 - 22:32:42: [chat-processor.smx] Message formats generated for game 'csgo'.
L 07/02/2020 - 22:32:42: [chat-processor.smx] Successfully hooked a SayText2 chat hook.
L 07/02/2020 - 22:32:44: [weapons.smx] Inactive players' data has been deleted
L 07/02/2020 - 22:49:02: [mapchooser.smx] Voting for next map has started.
L 07/02/2020 - 22:49:13: [mapchooser.smx] Voting for next map has finished. Nextmap: de_dust2.
L 07/02/2020 - 22:50:57: [SM] Changed map to "de_dust2"
L 07/02/2020 - 22:51:02: -------- Mapchange to de_dust2 --------
L 07/02/2020 - 22:51:05: [basecommands.smx] "Console<0><Console><Console>" changed cvar (cvar "sv_maxrate") (value "128000")
L 07/02/2020 - 22:51:05: [basecommands.smx] "Console<0><Console><Console>" changed cvar (cvar "sv_minrate") (value "128000")
L 07/02/2020 - 22:51:05: [basecommands.smx] "Console<0><Console><Console>" changed cvar (cvar "sv_maxcmdrate") (value "128")
L 07/02/2020 - 22:51:05: [basecommands.smx] "Console<0><Console><Console>" changed cvar (cvar "sv_mincmdrate") (value "128")
L 07/02/2020 - 22:51:05: [basecommands.smx] "Console<0><Console><Console>" changed cvar (cvar "sv_minupdaterate") (value "128")
L 07/02/2020 - 22:51:05: [basecommands.smx] "Console<0><Console><Console>" changed cvar (cvar "sv_maxupdaterate") (value "128")
L 07/02/2020 - 22:51:05: [basecommands.smx] "Console<0><Console><Console>" changed cvar (cvar "sv_maxunlag") (value "0.5")
L 07/02/2020 - 22:51:05: [basecommands.smx] "Console<0><Console><Console>" changed cvar (cvar "sv_unlag") (value "1")
L 07/02/2020 - 22:51:05: [chat-processor.smx] Message formats generated for game 'csgo'.
L 07/02/2020 - 22:51:05: [chat-processor.smx] Successfully hooked a SayText2 chat hook.
L 07/02/2020 - 22:51:07: [weapons.smx] Inactive players' data has been deleted
L 07/02/2020 - 23:06:43: [mapchooser.smx] Voting for next map has started.
L 07/02/2020 - 23:06:50: [mapchooser.smx] Voting for next map has finished. Nextmap: de_mirage.
L 07/02/2020 - 23:27:56: -------- Mapchange to de_dust2 --------
L 07/02/2020 - 23:27:58: [basecommands.smx] "Console<0><Console><Console>" changed cvar (cvar "sv_maxrate") (value "128000")
L 07/02/2020 - 23:27:58: [basecommands.smx] "Console<0><Console><Console>" changed cvar (cvar "sv_minrate") (value "128000")
L 07/02/2020 - 23:27:58: [basecommands.smx] "Console<0><Console><Console>" changed cvar (cvar "sv_maxcmdrate") (value "128")
L 07/02/2020 - 23:27:58: [basecommands.smx] "Console<0><Console><Console>" changed cvar (cvar "sv_mincmdrate") (value "128")
L 07/02/2020 - 23:27:58: [basecommands.smx] "Console<0><Console><Console>" changed cvar (cvar "sv_minupdaterate") (value "128")
L 07/02/2020 - 23:27:58: [basecommands.smx] "Console<0><Console><Console>" changed cvar (cvar "sv_maxupdaterate") (value "128")
L 07/02/2020 - 23:27:58: [basecommands.smx] "Console<0><Console><Console>" changed cvar (cvar "sv_maxunlag") (value "0.5")
L 07/02/2020 - 23:27:58: [basecommands.smx] "Console<0><Console><Console>" changed cvar (cvar "sv_unlag") (value "1")
L 07/02/2020 - 23:27:59: [chat-processor.smx] Message formats generated for game 'csgo'.
L 07/02/2020 - 23:27:59: [chat-processor.smx] Successfully hooked a SayText2 chat hook.
L 07/02/2020 - 23:27:59: [weapons.smx] Inactive players' data has been deleted
L 07/02/2020 - 23:54:46: -------- Mapchange to de_dust2 --------
L 07/02/2020 - 23:54:48: [basecommands.smx] "Console<0><Console><Console>" changed cvar (cvar "sv_maxrate") (value "128000")
L 07/02/2020 - 23:54:48: [basecommands.smx] "Console<0><Console><Console>" changed cvar (cvar "sv_minrate") (value "128000")
L 07/02/2020 - 23:54:48: [basecommands.smx] "Console<0><Console><Console>" changed cvar (cvar "sv_maxcmdrate") (value "128")
L 07/02/2020 - 23:54:48: [basecommands.smx] "Console<0><Console><Console>" changed cvar (cvar "sv_mincmdrate") (value "128")
L 07/02/2020 - 23:54:48: [basecommands.smx] "Console<0><Console><Console>" changed cvar (cvar "sv_minupdaterate") (value "128")
L 07/02/2020 - 23:54:48: [basecommands.smx] "Console<0><Console><Console>" changed cvar (cvar "sv_maxupdaterate") (value "128")
L 07/02/2020 - 23:54:48: [basecommands.smx] "Console<0><Console><Console>" changed cvar (cvar "sv_maxunlag") (value "0.5")
L 07/02/2020 - 23:54:48: [basecommands.smx] "Console<0><Console><Console>" changed cvar (cvar "sv_unlag") (value "1")
L 07/02/2020 - 23:54:49: [chat-processor.smx] Message formats generated for game 'csgo'.
L 07/02/2020 - 23:54:49: [chat-processor.smx] Successfully hooked a SayText2 chat hook.
L 07/02/2020 - 23:54:50: [weapons.smx] Inactive players' data has been deleted
L 07/03/2020 - 00:07:59: Log file closed.
